2024-10-06 06:48:24,134 INFO  [                 org.perf4j.TimingLogger] (.Server-15) start[1728197304111] time[22] tag[omero.import.process.init]
2024-10-06 06:48:24,143 INFO  [         ome.security.basic.EventHandler] (.Server-15)  Auth:	user=0,group=0,event=26418(User),sess=db57a25d-5d77-4b42-a01b-ffca2ab02466
2024-10-06 06:48:24,150 INFO  [       ome.security.basic.CurrentDetails] (.Server-15) Adding log:INSERT,class ome.model.jobs.UploadJob,2906
2024-10-06 06:48:24,151 INFO  [       ome.security.basic.CurrentDetails] (.Server-15) Adding log:INSERT,class ome.model.jobs.JobOriginalFileLink,4702
2024-10-06 06:48:24,168 INFO  [       ome.security.basic.CurrentDetails] (.Server-15) Adding log:INSERT,class ome.model.jobs.MetadataImportJob,2907
2024-10-06 06:48:24,178 INFO  [       ome.security.basic.CurrentDetails] (.Server-15) Adding log:INSERT,class ome.model.jobs.PixelDataJob,2908
2024-10-06 06:48:24,185 INFO  [       ome.security.basic.CurrentDetails] (.Server-15) Adding log:INSERT,class ome.model.jobs.ThumbnailGenerationJob,2909
2024-10-06 06:48:24,194 INFO  [       ome.security.basic.CurrentDetails] (.Server-15) Adding log:INSERT,class ome.model.jobs.IndexingJob,2910
2024-10-06 06:48:24,199 INFO  [                 org.perf4j.TimingLogger] (.Server-15) start[1728197304199] time[0] tag[omero.repo.internal_register.find_repo_files]
2024-10-06 06:48:24,202 INFO  [       ome.security.basic.CurrentDetails] (.Server-15) Adding log:INSERT,class ome.model.core.OriginalFile,2957
2024-10-06 06:48:24,203 INFO  [                 org.perf4j.TimingLogger] (.Server-15) start[1728197304200] time[2] tag[omero.repo.create_original_file.save]
2024-10-06 06:48:24,203 INFO  [                 org.perf4j.TimingLogger] (.Server-15) start[1728197304203] time[0] tag[omero.repo.create_original_file.internal_mkdir]
2024-10-06 06:48:24,203 INFO  [                 org.perf4j.TimingLogger] (.Server-15) start[1728197304203] time[0] tag[omero.repo.internal_register.load]
2024-10-06 06:48:24,203 INFO  [                 org.perf4j.TimingLogger] (.Server-15) start[1728197304203] time[0] tag[omero.repo.internal_register.sort]
2024-10-06 06:48:24,203 INFO  [                 org.perf4j.TimingLogger] (.Server-15) start[1728197304199] time[4] tag[omero.repo.save_fileset.register]
2024-10-06 06:48:24,203 INFO  [                 org.perf4j.TimingLogger] (.Server-15) start[1728197304203] time[0] tag[omero.repo.save_fileset.update_fileset_entries]
2024-10-06 06:48:24,208 INFO  [       ome.security.basic.CurrentDetails] (.Server-15) Adding log:INSERT,class ome.model.fs.Fileset,152
2024-10-06 06:48:24,209 INFO  [       ome.security.basic.CurrentDetails] (.Server-15) Adding log:INSERT,class ome.model.fs.FilesetJobLink,156
2024-10-06 06:48:24,210 INFO  [       ome.security.basic.CurrentDetails] (.Server-15) Adding log:INSERT,class ome.model.fs.FilesetJobLink,157
2024-10-06 06:48:24,210 INFO  [       ome.security.basic.CurrentDetails] (.Server-15) Adding log:INSERT,class ome.model.fs.FilesetJobLink,158
2024-10-06 06:48:24,210 INFO  [       ome.security.basic.CurrentDetails] (.Server-15) Adding log:INSERT,class ome.model.fs.FilesetJobLink,159
2024-10-06 06:48:24,211 INFO  [       ome.security.basic.CurrentDetails] (.Server-15) Adding log:INSERT,class ome.model.fs.FilesetJobLink,160
2024-10-06 06:48:24,211 INFO  [       ome.security.basic.CurrentDetails] (.Server-15) Adding log:INSERT,class ome.model.fs.FilesetEntry,152
2024-10-06 06:48:24,214 INFO  [                 org.perf4j.TimingLogger] (.Server-15) start[1728197304203] time[11] tag[omero.repo.save_fileset.save]
2024-10-06 06:48:24,221 INFO  [                 org.perf4j.TimingLogger] (.Server-15) start[1728197304136] time[85] tag[omero.call.success.ome.services.blitz.repo.RepositoryDaoImpl$8.doWork]
2024-10-06 06:48:24,223 INFO  [                 org.perf4j.TimingLogger] (.Server-15) start[1728197304136] time[86] tag[omero.repo.save_fileset]
2024-10-06 06:48:24,223 INFO  [                      omero.cmd.SessionI] (.Server-15) Added servant to adapter: db57a25d-5d77-4b42-a01b-ffca2ab02466/8632229d-c854-41a7-be94-64d38a248f27-ManagedImportProcessI(omero.grid._ImportProcessTie@47cef8c8)
2024-10-06 06:48:24,223 DEBUG [                omero.util.ServantHolder] (.Server-15) Added omero.grid._ImportProcessTie@47cef8c8 to omero.util.ServantHolder@e84c0c as 8632229d-c854-41a7-be94-64d38a248f27-ManagedImportProcessI
2024-10-06 06:48:24,223 INFO  [                 org.perf4j.TimingLogger] (.Server-15) start[1728197304135] time[87] tag[omero.import.process.create]
2024-10-06 06:48:24,231 INFO  [         ome.security.basic.EventHandler] (l.Server-8)  Auth:	user=0,group=0,event=null(User),sess=db57a25d-5d77-4b42-a01b-ffca2ab02466
2024-10-06 06:48:24,237 INFO  [                 org.perf4j.TimingLogger] (l.Server-8) start[1728197304229] time[7] tag[omero.call.success.ome.services.blitz.repo.RepositoryDaoImpl$2.doWork]
2024-10-06 06:48:24,240 INFO  [         ome.security.basic.EventHandler] (l.Server-8)  Auth:	user=0,group=0,event=null(User),sess=db57a25d-5d77-4b42-a01b-ffca2ab02466
2024-10-06 06:48:24,242 INFO  [                 org.perf4j.TimingLogger] (l.Server-8) start[1728197304238] time[4] tag[omero.call.success.ome.services.blitz.repo.RepositoryDaoImpl$4.doWork]
2024-10-06 06:48:24,244 INFO  [         ome.security.basic.EventHandler] (l.Server-8)  Auth:	user=0,group=0,event=null(User),sess=db57a25d-5d77-4b42-a01b-ffca2ab02466
2024-10-06 06:48:24,248 INFO  [                 org.perf4j.TimingLogger] (l.Server-8) start[1728197304243] time[5] tag[omero.call.success.ome.services.blitz.repo.RepositoryDaoImpl$6.doWork]
2024-10-06 06:48:24,250 INFO  [    ome.security.basic.BasicEventContext] (l.Server-8)  cctx:	group=0
2024-10-06 06:48:24,251 INFO  [         ome.security.basic.EventHandler] (l.Server-8)  Auth:	user=0,group=0,event=null(User),sess=db57a25d-5d77-4b42-a01b-ffca2ab02466
2024-10-06 06:48:24,253 INFO  [                 org.perf4j.TimingLogger] (l.Server-8) start[1728197304249] time[4] tag[omero.call.success.ome.services.blitz.repo.RepositoryDaoImpl$1.doWork]
2024-10-06 06:48:24,254 INFO  [                      omero.cmd.SessionI] (l.Server-8) Added servant to adapter: db57a25d-5d77-4b42-a01b-ffca2ab02466/04432ac2-6151-4a08-ab86-2fc924038b74-RepoRawFileStoreI(omero.api._RawFileStoreTie@3b9d42a7)
2024-10-06 06:48:24,254 DEBUG [                omero.util.ServantHolder] (l.Server-8) Added omero.api._RawFileStoreTie@3b9d42a7 to omero.util.ServantHolder@e84c0c as 04432ac2-6151-4a08-ab86-2fc924038b74-RepoRawFileStoreI
2024-10-06 06:48:24,254 INFO  [                 org.perf4j.TimingLogger] (l.Server-8) start[1728197304229] time[24] tag[omero.import.process.opener]
2024-10-06 06:48:24,254 INFO  [                 org.perf4j.TimingLogger] (l.Server-8) start[1728197304229] time[24] tag[omero.import.process.uploader]
2024-10-06 06:48:24,258 INFO  [         ome.security.basic.EventHandler] (.Server-14)  Auth:	user=0,group=0,event=null(User),sess=db57a25d-5d77-4b42-a01b-ffca2ab02466
2024-10-06 06:48:24,258 INFO  [                 org.perf4j.TimingLogger] (.Server-14) start[1728197304257] time[1] tag[omero.call.success.ome.services.RawFileBean.write]
2024-10-06 06:48:24,317 INFO  [         ome.security.basic.EventHandler] (.Server-17)  Auth:	user=0,group=0,event=null(User),sess=db57a25d-5d77-4b42-a01b-ffca2ab02466
2024-10-06 06:48:24,321 INFO  [                 org.perf4j.TimingLogger] (.Server-17) start[1728197304316] time[5] tag[omero.call.success.ome.services.RawFileBean.write]
2024-10-06 06:48:24,396 INFO  [         ome.security.basic.EventHandler] (.Server-12)  Auth:	user=0,group=0,event=null(User),sess=db57a25d-5d77-4b42-a01b-ffca2ab02466
2024-10-06 06:48:24,400 INFO  [                 org.perf4j.TimingLogger] (.Server-12) start[1728197304395] time[5] tag[omero.call.success.ome.services.RawFileBean.write]
2024-10-06 06:48:24,458 INFO  [         ome.security.basic.EventHandler] (.Server-14)  Auth:	user=0,group=0,event=null(User),sess=db57a25d-5d77-4b42-a01b-ffca2ab02466
2024-10-06 06:48:24,465 INFO  [                 org.perf4j.TimingLogger] (.Server-14) start[1728197304457] time[8] tag[omero.call.success.ome.services.RawFileBean.write]
2024-10-06 06:48:24,516 INFO  [         ome.security.basic.EventHandler] (l.Server-5)  Auth:	user=0,group=0,event=null(User),sess=db57a25d-5d77-4b42-a01b-ffca2ab02466
2024-10-06 06:48:24,521 INFO  [                 org.perf4j.TimingLogger] (l.Server-5) start[1728197304514] time[6] tag[omero.call.success.ome.services.RawFileBean.write]
2024-10-06 06:48:24,562 INFO  [         ome.security.basic.EventHandler] (.Server-16)  Auth:	user=0,group=0,event=null(User),sess=db57a25d-5d77-4b42-a01b-ffca2ab02466
2024-10-06 06:48:24,567 INFO  [                 org.perf4j.TimingLogger] (.Server-16) start[1728197304560] time[6] tag[omero.call.success.ome.services.RawFileBean.write]
2024-10-06 06:48:24,613 INFO  [         ome.security.basic.EventHandler] (.Server-17)  Auth:	user=0,group=0,event=null(User),sess=db57a25d-5d77-4b42-a01b-ffca2ab02466
2024-10-06 06:48:24,618 INFO  [                 org.perf4j.TimingLogger] (.Server-17) start[1728197304611] time[7] tag[omero.call.success.ome.services.RawFileBean.write]
2024-10-06 06:48:24,692 INFO  [         ome.security.basic.EventHandler] (l.Server-6)  Auth:	user=0,group=0,event=null(User),sess=db57a25d-5d77-4b42-a01b-ffca2ab02466
2024-10-06 06:48:24,696 INFO  [                 org.perf4j.TimingLogger] (l.Server-6) start[1728197304690] time[6] tag[omero.call.success.ome.services.RawFileBean.write]
2024-10-06 06:48:24,741 INFO  [         ome.security.basic.EventHandler] (.Server-18)  Auth:	user=0,group=0,event=null(User),sess=db57a25d-5d77-4b42-a01b-ffca2ab02466
2024-10-06 06:48:24,746 INFO  [                 org.perf4j.TimingLogger] (.Server-18) start[1728197304739] time[6] tag[omero.call.success.ome.services.RawFileBean.write]
2024-10-06 06:48:24,810 INFO  [         ome.security.basic.EventHandler] (.Server-15)  Auth:	user=0,group=0,event=null(User),sess=db57a25d-5d77-4b42-a01b-ffca2ab02466
2024-10-06 06:48:24,815 INFO  [                 org.perf4j.TimingLogger] (.Server-15) start[1728197304809] time[6] tag[omero.call.success.ome.services.RawFileBean.write]
2024-10-06 06:48:24,866 INFO  [         ome.security.basic.EventHandler] (l.Server-8)  Auth:	user=0,group=0,event=null(User),sess=db57a25d-5d77-4b42-a01b-ffca2ab02466
2024-10-06 06:48:24,871 INFO  [                 org.perf4j.TimingLogger] (l.Server-8) start[1728197304865] time[6] tag[omero.call.success.ome.services.RawFileBean.write]
2024-10-06 06:48:24,923 INFO  [         ome.security.basic.EventHandler] (.Server-12)  Auth:	user=0,group=0,event=null(User),sess=db57a25d-5d77-4b42-a01b-ffca2ab02466
2024-10-06 06:48:24,928 INFO  [                 org.perf4j.TimingLogger] (.Server-12) start[1728197304922] time[6] tag[omero.call.success.ome.services.RawFileBean.write]
2024-10-06 06:48:24,978 INFO  [         ome.security.basic.EventHandler] (.Server-14)  Auth:	user=0,group=0,event=null(User),sess=db57a25d-5d77-4b42-a01b-ffca2ab02466
2024-10-06 06:48:24,983 INFO  [                 org.perf4j.TimingLogger] (.Server-14) start[1728197304977] time[5] tag[omero.call.success.ome.services.RawFileBean.write]
2024-10-06 06:48:25,029 INFO  [         ome.security.basic.EventHandler] (l.Server-5)  Auth:	user=0,group=0,event=null(User),sess=db57a25d-5d77-4b42-a01b-ffca2ab02466
2024-10-06 06:48:25,033 INFO  [                 org.perf4j.TimingLogger] (l.Server-5) start[1728197305028] time[5] tag[omero.call.success.ome.services.RawFileBean.write]
2024-10-06 06:48:25,077 INFO  [         ome.security.basic.EventHandler] (.Server-16)  Auth:	user=0,group=0,event=null(User),sess=db57a25d-5d77-4b42-a01b-ffca2ab02466
2024-10-06 06:48:25,082 INFO  [                 org.perf4j.TimingLogger] (.Server-16) start[1728197305076] time[6] tag[omero.call.success.ome.services.RawFileBean.write]
2024-10-06 06:48:25,148 INFO  [         ome.security.basic.EventHandler] (.Server-16)  Auth:	user=0,group=0,event=null(User),sess=db57a25d-5d77-4b42-a01b-ffca2ab02466
2024-10-06 06:48:25,155 INFO  [                 org.perf4j.TimingLogger] (.Server-16) start[1728197305146] time[8] tag[omero.call.success.ome.services.RawFileBean.write]
2024-10-06 06:48:25,207 INFO  [         ome.security.basic.EventHandler] (.Server-18)  Auth:	user=0,group=0,event=null(User),sess=db57a25d-5d77-4b42-a01b-ffca2ab02466
2024-10-06 06:48:25,212 INFO  [                 org.perf4j.TimingLogger] (.Server-18) start[1728197305206] time[5] tag[omero.call.success.ome.services.RawFileBean.write]
2024-10-06 06:48:25,267 INFO  [         ome.security.basic.EventHandler] (.Server-12)  Auth:	user=0,group=0,event=null(User),sess=db57a25d-5d77-4b42-a01b-ffca2ab02466
2024-10-06 06:48:25,273 INFO  [                 org.perf4j.TimingLogger] (.Server-12) start[1728197305265] time[7] tag[omero.call.success.ome.services.RawFileBean.write]
2024-10-06 06:48:25,352 INFO  [         ome.security.basic.EventHandler] (l.Server-5)  Auth:	user=0,group=0,event=null(User),sess=db57a25d-5d77-4b42-a01b-ffca2ab02466
2024-10-06 06:48:25,359 INFO  [                 org.perf4j.TimingLogger] (l.Server-5) start[1728197305350] time[8] tag[omero.call.success.ome.services.RawFileBean.write]
2024-10-06 06:48:25,412 INFO  [         ome.security.basic.EventHandler] (.Server-17)  Auth:	user=0,group=0,event=null(User),sess=db57a25d-5d77-4b42-a01b-ffca2ab02466
2024-10-06 06:48:25,417 INFO  [                 org.perf4j.TimingLogger] (.Server-17) start[1728197305410] time[6] tag[omero.call.success.ome.services.RawFileBean.write]
2024-10-06 06:48:25,479 INFO  [         ome.security.basic.EventHandler] (.Server-14)  Auth:	user=0,group=0,event=null(User),sess=db57a25d-5d77-4b42-a01b-ffca2ab02466
2024-10-06 06:48:25,483 INFO  [                 org.perf4j.TimingLogger] (.Server-14) start[1728197305477] time[5] tag[omero.call.success.ome.services.RawFileBean.write]
2024-10-06 06:48:25,538 INFO  [         ome.security.basic.EventHandler] (.Server-12)  Auth:	user=0,group=0,event=null(User),sess=db57a25d-5d77-4b42-a01b-ffca2ab02466
2024-10-06 06:48:25,542 INFO  [                 org.perf4j.TimingLogger] (.Server-12) start[1728197305536] time[5] tag[omero.call.success.ome.services.RawFileBean.write]
2024-10-06 06:48:25,557 INFO  [         ome.security.basic.EventHandler] (.Server-18)  Auth:	user=0,group=0,event=null(User),sess=db57a25d-5d77-4b42-a01b-ffca2ab02466
2024-10-06 06:48:25,559 INFO  [                 org.perf4j.TimingLogger] (.Server-18) start[1728197305556] time[2] tag[omero.call.success.ome.services.RawFileBean.write]
2024-10-06 06:48:25,567 INFO  [         ome.security.basic.EventHandler] (.Server-16)  Auth:	user=0,group=0,event=26423(User),sess=db57a25d-5d77-4b42-a01b-ffca2ab02466
2024-10-06 06:48:25,596 INFO  [                 org.perf4j.TimingLogger] (.Server-16) start[1728197305568] time[28] tag[omero.services.file.flush]
2024-10-06 06:48:25,665 INFO  [                 org.perf4j.TimingLogger] (.Server-16) start[1728197305597] time[68] tag[omero.services.file.checksum]
2024-10-06 06:48:25,666 INFO  [       ome.security.basic.CurrentDetails] (.Server-16) Adding log:UPDATE,class ome.model.core.OriginalFile,2957
2024-10-06 06:48:25,667 INFO  [                 org.perf4j.TimingLogger] (.Server-16) start[1728197305665] time[1] tag[omero.services.file.finalize]
2024-10-06 06:48:25,670 INFO  [                 org.perf4j.TimingLogger] (.Server-16) start[1728197305562] time[107] tag[omero.call.success.ome.services.RawFileBean.save]
2024-10-06 06:48:25,676 INFO  [         ome.security.basic.EventHandler] (.Server-14)  Auth:	user=0,group=0,event=26427(User),sess=db57a25d-5d77-4b42-a01b-ffca2ab02466
2024-10-06 06:48:25,680 INFO  [                 org.perf4j.TimingLogger] (.Server-14) start[1728197305672] time[7] tag[omero.call.success.ome.services.RawFileBean.close]
2024-10-06 06:48:25,680 DEBUG [                omero.util.ServantHolder] (.Server-14) Removed omero.api._RawFileStoreTie@3b9d42a7 from omero.util.ServantHolder@e84c0c as 04432ac2-6151-4a08-ab86-2fc924038b74-RepoRawFileStoreI
2024-10-06 06:48:25,680 INFO  [                      omero.cmd.SessionI] (.Server-14) Unregistered servant:db57a25d-5d77-4b42-a01b-ffca2ab02466/04432ac2-6151-4a08-ab86-2fc924038b74-RepoRawFileStoreI(omero.api._RawFileStoreTie@3b9d42a7)
2024-10-06 06:48:25,684 INFO  [         ome.security.basic.EventHandler] (.Server-12)  Auth:	user=0,group=0,event=null(User),sess=db57a25d-5d77-4b42-a01b-ffca2ab02466
2024-10-06 06:48:25,684 INFO  [                 org.perf4j.TimingLogger] (.Server-12) start[1728197305682] time[2] tag[omero.call.success.ome.services.blitz.impl.ServiceFactoryI$3.doWork]
2024-10-06 06:48:25,692 INFO  [                 org.perf4j.TimingLogger] (.Server-12) start[1728197305684] time[7] tag[omero.import.process.checksum]
2024-10-06 06:48:25,696 INFO  [         ome.security.basic.EventHandler] (.Server-12)  Auth:	user=0,group=0,event=26428(User),sess=db57a25d-5d77-4b42-a01b-ffca2ab02466
2024-10-06 06:48:25,709 INFO  [       ome.security.basic.CurrentDetails] (.Server-12) Adding log:UPDATE,class ome.model.jobs.UploadJob,2906
2024-10-06 06:48:25,716 INFO  [                 org.perf4j.TimingLogger] (.Server-12) start[1728197305692] time[23] tag[omero.call.success.ome.services.blitz.repo.RepositoryDaoImpl$12.doWork]
2024-10-06 06:48:25,719 INFO  [         ome.security.basic.EventHandler] (.Server-12)  Auth:	user=0,group=0,event=null(User),sess=db57a25d-5d77-4b42-a01b-ffca2ab02466
2024-10-06 06:48:25,721 INFO  [                 org.perf4j.TimingLogger] (.Server-12) start[1728197305716] time[4] tag[omero.call.success.ome.services.blitz.repo.RepositoryDaoImpl$2.doWork]
2024-10-06 06:48:25,723 INFO  [         ome.security.basic.EventHandler] (.Server-12)  Auth:	user=0,group=0,event=null(User),sess=db57a25d-5d77-4b42-a01b-ffca2ab02466
2024-10-06 06:48:25,724 INFO  [                 org.perf4j.TimingLogger] (.Server-12) start[1728197305721] time[2] tag[omero.call.success.ome.services.blitz.repo.RepositoryDaoImpl$4.doWork]
2024-10-06 06:48:25,724 INFO  [       ome.formats.importer.ImportConfig] (.Server-12) OMERO.blitz Version: 5.7.3
2024-10-06 06:48:25,724 INFO  [       ome.formats.importer.ImportConfig] (.Server-12) Bioformats version: 7.3.0 revision: acc4b6de79e55275b5e6c8200f8458f6d93c9ba0 date: 18 April 2024
2024-10-06 06:48:25,726 INFO  [                      omero.cmd.SessionI] (.Server-12) Added servant to adapter: db57a25d-5d77-4b42-a01b-ffca2ab02466/IHandle8f0033d6-e72e-4400-b052-713bc6b24bb2(omero.cmd._HandleTie@3d797d86)
2024-10-06 06:48:25,726 DEBUG [                omero.util.ServantHolder] (.Server-12) Added omero.cmd._HandleTie@3d797d86 to omero.util.ServantHolder@e84c0c as IHandle8f0033d6-e72e-4400-b052-713bc6b24bb2
2024-10-06 06:48:25,727 INFO  [                 org.perf4j.TimingLogger] (.Server-12) start[1728197305727] time[0] tag[omero.background.submit]
2024-10-06 06:48:25,727 INFO  [                 org.perf4j.TimingLogger] (.Server-12) start[1728197305692] time[35] tag[omero.import.process.submit]
2024-10-06 06:48:25,729 DEBUG [                omero.util.ServantHolder] (l.Server-8) Removed omero.grid._ImportProcessTie@47cef8c8 from omero.util.ServantHolder@e84c0c as 8632229d-c854-41a7-be94-64d38a248f27-ManagedImportProcessI
2024-10-06 06:48:25,729 INFO  [                      omero.cmd.SessionI] (l.Server-8) Unregistered servant:db57a25d-5d77-4b42-a01b-ffca2ab02466/8632229d-c854-41a7-be94-64d38a248f27-ManagedImportProcessI(omero.grid._ImportProcessTie@47cef8c8)
2024-10-06 06:48:25,736 INFO  [    ome.formats.OMEROMetadataStoreClient] (2-thread-1) Call context: {omero.group:0}
2024-10-06 06:48:25,736 INFO  [    ome.formats.OMEROMetadataStoreClient] (2-thread-1) Call context: {omero.logfilename:root_0/2024-10/06/06-48-23.802.log}
2024-10-06 06:48:25,752 INFO  [    ome.security.basic.BasicEventContext] (.Server-18)  cctx:	group=0
2024-10-06 06:48:25,759 INFO  [         ome.security.basic.EventHandler] (.Server-18)  Auth:	user=0,group=0,event=null(User),sess=db57a25d-5d77-4b42-a01b-ffca2ab02466
2024-10-06 06:48:25,780 INFO  [                 org.perf4j.TimingLogger] (.Server-18) start[1728197305743] time[37] tag[omero.call.success.ome.logic.AdminImpl.getEventContext]
2024-10-06 06:48:25,830 INFO  [    ome.formats.OMEROMetadataStoreClient] (2-thread-1) Pinging session every 300s.
2024-10-06 06:48:25,865 INFO  [                loci.formats.ImageReader] (2-thread-1) OMETiffReader initializing /OMERO/ManagedRepository/root_0/2024-10/06/06-48-23.802/IMC_PDAC_ROI2.ome.tiff
2024-10-06 06:48:25,868 INFO  [       loci.formats.in.MinimalTiffReader] (2-thread-1) Reading IFDs
2024-10-06 06:48:25,870 INFO  [       loci.formats.in.MinimalTiffReader] (2-thread-1) Populating metadata
2024-10-06 06:48:25,875 INFO  [    ome.security.basic.BasicEventContext] (.Server-14)  cctx:	group=0
2024-10-06 06:48:25,876 INFO  [         ome.security.basic.EventHandler] (.Server-14)  Auth:	user=0,group=0,event=null(User),sess=db57a25d-5d77-4b42-a01b-ffca2ab02466
2024-10-06 06:48:25,878 INFO  [                 org.perf4j.TimingLogger] (.Server-14) start[1728197305874] time[4] tag[omero.call.success.ome.logic.QueryImpl.findAll]
2024-10-06 06:48:25,883 INFO  [    ome.security.basic.BasicEventContext] (l.Server-6)  cctx:	group=0
2024-10-06 06:48:25,885 INFO  [         ome.security.basic.EventHandler] (l.Server-6)  Auth:	user=0,group=0,event=null(User),sess=db57a25d-5d77-4b42-a01b-ffca2ab02466
2024-10-06 06:48:25,886 INFO  [                 org.perf4j.TimingLogger] (l.Server-6) start[1728197305882] time[3] tag[omero.call.success.ome.logic.QueryImpl.findAll]
2024-10-06 06:48:25,889 INFO  [    ome.security.basic.BasicEventContext] (.Server-15)  cctx:	group=0
2024-10-06 06:48:25,890 INFO  [         ome.security.basic.EventHandler] (.Server-15)  Auth:	user=0,group=0,event=null(User),sess=db57a25d-5d77-4b42-a01b-ffca2ab02466
2024-10-06 06:48:25,892 INFO  [                 org.perf4j.TimingLogger] (.Server-15) start[1728197305888] time[3] tag[omero.call.success.ome.logic.QueryImpl.findAll]
2024-10-06 06:48:25,894 INFO  [    ome.security.basic.BasicEventContext] (l.Server-5)  cctx:	group=0
2024-10-06 06:48:25,895 INFO  [         ome.security.basic.EventHandler] (l.Server-5)  Auth:	user=0,group=0,event=null(User),sess=db57a25d-5d77-4b42-a01b-ffca2ab02466
2024-10-06 06:48:25,897 INFO  [                 org.perf4j.TimingLogger] (l.Server-5) start[1728197305893] time[3] tag[omero.call.success.ome.logic.QueryImpl.findAll]
2024-10-06 06:48:25,921 DEBUG [                   loci.formats.Memoizer] (2-thread-1) saved to temp file: /OMERO/BioFormatsCache/OMERO/ManagedRepository/root_0/2024-10/06/06-48-23.802/.IMC_PDAC_ROI2.ome.tiff.bfmemo16727451139931873281
2024-10-06 06:48:25,921 DEBUG [                   loci.formats.Memoizer] (2-thread-1) start[1728197305912] time[9] tag[loci.formats.Memoizer.saveMemo]
2024-10-06 06:48:25,922 DEBUG [                   loci.formats.Memoizer] (2-thread-1) saved memo file: /OMERO/BioFormatsCache/OMERO/ManagedRepository/root_0/2024-10/06/06-48-23.802/.IMC_PDAC_ROI2.ome.tiff.bfmemo (41759 bytes)
2024-10-06 06:48:25,922 DEBUG [                   loci.formats.Memoizer] (2-thread-1) start[1728197305830] time[91] tag[loci.formats.Memoizer.setId]
2024-10-06 06:48:25,922 DEBUG [    o.s.blitz.repo.ManagedImportRequestI] (2-thread-1) Image Count: 29
2024-10-06 06:48:25,922 INFO  [    o.s.blitz.repo.ManagedImportRequestI] (2-thread-1) File format: OME-TIFF
2024-10-06 06:48:25,922 INFO  [    o.s.blitz.repo.ManagedImportRequestI] (2-thread-1) Base reader: loci.formats.in.OMETiffReader
2024-10-06 06:48:25,922 INFO  [                 org.perf4j.TimingLogger] (2-thread-1) start[1728197305734] time[187] tag[omero.import.request.init]
2024-10-06 06:48:25,922 DEBUG [    o.s.blitz.repo.ManagedImportRequestI] (2-thread-1) Step 0
2024-10-06 06:48:25,924 WARN  [    ome.formats.model.ReferenceProcessor] (2-thread-1) Unknown target class for LSID: Image:0
2024-10-06 06:48:25,924 INFO  [    ome.formats.OMEROMetadataStoreClient] (2-thread-1) Handling # of containers: 60
2024-10-06 06:48:25,929 INFO  [    ome.security.basic.BasicEventContext] (.Server-14)  cctx:	group=0
2024-10-06 06:48:25,934 INFO  [         ome.security.basic.EventHandler] (.Server-14)  Auth:	user=0,group=0,event=null(User),sess=db57a25d-5d77-4b42-a01b-ffca2ab02466
2024-10-06 06:48:25,935 INFO  [                 org.perf4j.TimingLogger] (.Server-14) start[1728197305925] time[9] tag[omero.call.success.ome.services.blitz.impl.MetadataStoreI$4.doWork]
2024-10-06 06:48:25,935 INFO  [    ome.formats.OMEROMetadataStoreClient] (2-thread-1) Handling # of references: 1
2024-10-06 06:48:25,937 INFO  [    ome.security.basic.BasicEventContext] (.Server-17)  cctx:	group=0
2024-10-06 06:48:25,941 INFO  [         ome.security.basic.EventHandler] (.Server-17)  Auth:	user=0,group=0,event=null(User),sess=db57a25d-5d77-4b42-a01b-ffca2ab02466
2024-10-06 06:48:25,942 INFO  [                 org.perf4j.TimingLogger] (.Server-17) start[1728197305936] time[6] tag[omero.call.success.ome.services.blitz.impl.MetadataStoreI$5.doWork]
2024-10-06 06:48:25,946 INFO  [    ome.security.basic.BasicEventContext] (l.Server-8)  cctx:	group=0
2024-10-06 06:48:25,963 INFO  [         ome.security.basic.EventHandler] (l.Server-8)  Auth:	user=0,group=0,event=26432(User),sess=db57a25d-5d77-4b42-a01b-ffca2ab02466
2024-10-06 06:48:25,992 INFO  [       ome.security.basic.CurrentDetails] (l.Server-8) Adding log:INSERT,class ome.model.core.Image,152
2024-10-06 06:48:25,994 INFO  [       ome.security.basic.CurrentDetails] (l.Server-8) Adding log:INSERT,class ome.model.containers.DatasetImageLink,152
2024-10-06 06:48:25,996 INFO  [       ome.security.basic.CurrentDetails] (l.Server-8) Adding log:INSERT,class ome.model.core.Pixels,152
2024-10-06 06:48:25,997 INFO  [       ome.security.basic.CurrentDetails] (l.Server-8) Adding log:INSERT,class ome.model.core.LogicalChannel,430
2024-10-06 06:48:25,999 INFO  [       ome.security.basic.CurrentDetails] (l.Server-8) Adding log:INSERT,class ome.model.core.Channel,430
2024-10-06 06:48:26,000 INFO  [       ome.security.basic.CurrentDetails] (l.Server-8) Adding log:INSERT,class ome.model.core.LogicalChannel,431
2024-10-06 06:48:26,001 INFO  [       ome.security.basic.CurrentDetails] (l.Server-8) Adding log:INSERT,class ome.model.core.Channel,431
2024-10-06 06:48:26,001 INFO  [       ome.security.basic.CurrentDetails] (l.Server-8) Adding log:INSERT,class ome.model.core.LogicalChannel,432
2024-10-06 06:48:26,002 INFO  [       ome.security.basic.CurrentDetails] (l.Server-8) Adding log:INSERT,class ome.model.core.Channel,432
2024-10-06 06:48:26,003 INFO  [       ome.security.basic.CurrentDetails] (l.Server-8) Adding log:INSERT,class ome.model.core.LogicalChannel,433
2024-10-06 06:48:26,004 INFO  [       ome.security.basic.CurrentDetails] (l.Server-8) Adding log:INSERT,class ome.model.core.Channel,433
2024-10-06 06:48:26,005 INFO  [       ome.security.basic.CurrentDetails] (l.Server-8) Adding log:INSERT,class ome.model.core.LogicalChannel,434
2024-10-06 06:48:26,006 INFO  [       ome.security.basic.CurrentDetails] (l.Server-8) Adding log:INSERT,class ome.model.core.Channel,434
2024-10-06 06:48:26,006 INFO  [       ome.security.basic.CurrentDetails] (l.Server-8) Adding log:INSERT,class ome.model.core.LogicalChannel,435
2024-10-06 06:48:26,007 INFO  [       ome.security.basic.CurrentDetails] (l.Server-8) Adding log:INSERT,class ome.model.core.Channel,435
2024-10-06 06:48:26,007 INFO  [       ome.security.basic.CurrentDetails] (l.Server-8) Adding log:INSERT,class ome.model.core.LogicalChannel,436
2024-10-06 06:48:26,007 INFO  [       ome.security.basic.CurrentDetails] (l.Server-8) Adding log:INSERT,class ome.model.core.Channel,436
2024-10-06 06:48:26,008 INFO  [       ome.security.basic.CurrentDetails] (l.Server-8) Adding log:INSERT,class ome.model.core.LogicalChannel,437
2024-10-06 06:48:26,008 INFO  [       ome.security.basic.CurrentDetails] (l.Server-8) Adding log:INSERT,class ome.model.core.Channel,437
2024-10-06 06:48:26,009 INFO  [       ome.security.basic.CurrentDetails] (l.Server-8) Adding log:INSERT,class ome.model.core.LogicalChannel,438
2024-10-06 06:48:26,009 INFO  [       ome.security.basic.CurrentDetails] (l.Server-8) Adding log:INSERT,class ome.model.core.Channel,438
2024-10-06 06:48:26,010 INFO  [       ome.security.basic.CurrentDetails] (l.Server-8) Adding log:INSERT,class ome.model.core.LogicalChannel,439
2024-10-06 06:48:26,011 INFO  [       ome.security.basic.CurrentDetails] (l.Server-8) Adding log:INSERT,class ome.model.core.Channel,439
2024-10-06 06:48:26,011 INFO  [       ome.security.basic.CurrentDetails] (l.Server-8) Adding log:INSERT,class ome.model.core.LogicalChannel,440
2024-10-06 06:48:26,012 INFO  [       ome.security.basic.CurrentDetails] (l.Server-8) Adding log:INSERT,class ome.model.core.Channel,440
2024-10-06 06:48:26,012 INFO  [       ome.security.basic.CurrentDetails] (l.Server-8) Adding log:INSERT,class ome.model.core.LogicalChannel,441
2024-10-06 06:48:26,013 INFO  [       ome.security.basic.CurrentDetails] (l.Server-8) Adding log:INSERT,class ome.model.core.Channel,441
2024-10-06 06:48:26,013 INFO  [       ome.security.basic.CurrentDetails] (l.Server-8) Adding log:INSERT,class ome.model.core.LogicalChannel,442
2024-10-06 06:48:26,014 INFO  [       ome.security.basic.CurrentDetails] (l.Server-8) Adding log:INSERT,class ome.model.core.Channel,442
2024-10-06 06:48:26,014 INFO  [       ome.security.basic.CurrentDetails] (l.Server-8) Adding log:INSERT,class ome.model.core.LogicalChannel,443
2024-10-06 06:48:26,014 INFO  [       ome.security.basic.CurrentDetails] (l.Server-8) Adding log:INSERT,class ome.model.core.Channel,443
2024-10-06 06:48:26,014 INFO  [       ome.security.basic.CurrentDetails] (l.Server-8) Adding log:INSERT,class ome.model.core.LogicalChannel,444
2024-10-06 06:48:26,015 INFO  [       ome.security.basic.CurrentDetails] (l.Server-8) Adding log:INSERT,class ome.model.core.Channel,444
2024-10-06 06:48:26,015 INFO  [       ome.security.basic.CurrentDetails] (l.Server-8) Adding log:INSERT,class ome.model.core.LogicalChannel,445
2024-10-06 06:48:26,015 INFO  [       ome.security.basic.CurrentDetails] (l.Server-8) Adding log:INSERT,class ome.model.core.Channel,445
2024-10-06 06:48:26,015 INFO  [       ome.security.basic.CurrentDetails] (l.Server-8) Adding log:INSERT,class ome.model.core.LogicalChannel,446
2024-10-06 06:48:26,016 INFO  [       ome.security.basic.CurrentDetails] (l.Server-8) Adding log:INSERT,class ome.model.core.Channel,446
2024-10-06 06:48:26,016 INFO  [       ome.security.basic.CurrentDetails] (l.Server-8) Adding log:INSERT,class ome.model.core.LogicalChannel,447
2024-10-06 06:48:26,016 INFO  [       ome.security.basic.CurrentDetails] (l.Server-8) Adding log:INSERT,class ome.model.core.Channel,447
2024-10-06 06:48:26,017 INFO  [       ome.security.basic.CurrentDetails] (l.Server-8) Adding log:INSERT,class ome.model.core.LogicalChannel,448
2024-10-06 06:48:26,017 INFO  [       ome.security.basic.CurrentDetails] (l.Server-8) Adding log:INSERT,class ome.model.core.Channel,448
2024-10-06 06:48:26,018 INFO  [       ome.security.basic.CurrentDetails] (l.Server-8) Adding log:INSERT,class ome.model.core.LogicalChannel,449
2024-10-06 06:48:26,018 INFO  [       ome.security.basic.CurrentDetails] (l.Server-8) Adding log:INSERT,class ome.model.core.Channel,449
2024-10-06 06:48:26,018 INFO  [       ome.security.basic.CurrentDetails] (l.Server-8) Adding log:INSERT,class ome.model.core.LogicalChannel,450
2024-10-06 06:48:26,019 INFO  [       ome.security.basic.CurrentDetails] (l.Server-8) Adding log:INSERT,class ome.model.core.Channel,450
2024-10-06 06:48:26,019 INFO  [       ome.security.basic.CurrentDetails] (l.Server-8) Adding log:INSERT,class ome.model.core.LogicalChannel,451
2024-10-06 06:48:26,019 INFO  [       ome.security.basic.CurrentDetails] (l.Server-8) Adding log:INSERT,class ome.model.core.Channel,451
2024-10-06 06:48:26,020 INFO  [       ome.security.basic.CurrentDetails] (l.Server-8) Adding log:INSERT,class ome.model.core.LogicalChannel,452
2024-10-06 06:48:26,020 INFO  [       ome.security.basic.CurrentDetails] (l.Server-8) Adding log:INSERT,class ome.model.core.Channel,452
2024-10-06 06:48:26,020 INFO  [       ome.security.basic.CurrentDetails] (l.Server-8) Adding log:INSERT,class ome.model.core.LogicalChannel,453
2024-10-06 06:48:26,021 INFO  [       ome.security.basic.CurrentDetails] (l.Server-8) Adding log:INSERT,class ome.model.core.Channel,453
2024-10-06 06:48:26,021 INFO  [       ome.security.basic.CurrentDetails] (l.Server-8) Adding log:INSERT,class ome.model.core.LogicalChannel,454
2024-10-06 06:48:26,021 INFO  [       ome.security.basic.CurrentDetails] (l.Server-8) Adding log:INSERT,class ome.model.core.Channel,454
2024-10-06 06:48:26,022 INFO  [       ome.security.basic.CurrentDetails] (l.Server-8) Adding log:INSERT,class ome.model.core.LogicalChannel,455
2024-10-06 06:48:26,022 INFO  [       ome.security.basic.CurrentDetails] (l.Server-8) Adding log:INSERT,class ome.model.core.Channel,455
2024-10-06 06:48:26,022 INFO  [       ome.security.basic.CurrentDetails] (l.Server-8) Adding log:INSERT,class ome.model.core.LogicalChannel,456
2024-10-06 06:48:26,023 INFO  [       ome.security.basic.CurrentDetails] (l.Server-8) Adding log:INSERT,class ome.model.core.Channel,456
2024-10-06 06:48:26,023 INFO  [       ome.security.basic.CurrentDetails] (l.Server-8) Adding log:INSERT,class ome.model.core.LogicalChannel,457
2024-10-06 06:48:26,023 INFO  [       ome.security.basic.CurrentDetails] (l.Server-8) Adding log:INSERT,class ome.model.core.Channel,457
2024-10-06 06:48:26,024 INFO  [       ome.security.basic.CurrentDetails] (l.Server-8) Adding log:INSERT,class ome.model.core.LogicalChannel,458
2024-10-06 06:48:26,024 INFO  [       ome.security.basic.CurrentDetails] (l.Server-8) Adding log:INSERT,class ome.model.core.Channel,458
2024-10-06 06:48:26,034 INFO  [                 org.perf4j.TimingLogger] (l.Server-8) start[1728197305963] time[71] tag[omero.saveImportGraph]
2024-10-06 06:48:26,049 INFO  [                 org.perf4j.TimingLogger] (l.Server-8) start[1728197305944] time[104] tag[omero.call.success.ome.services.blitz.impl.MetadataStoreI$3.doWork]
2024-10-06 06:48:26,052 INFO  [                 org.perf4j.TimingLogger] (2-thread-1) start[1728197305922] time[130] tag[omero.import.request.metadata]
2024-10-06 06:48:26,053 INFO  [    ome.security.basic.BasicEventContext] (.Server-18)  cctx:	group=0
2024-10-06 06:48:26,055 INFO  [         ome.security.basic.EventHandler] (.Server-18)  Auth:	user=0,group=0,event=null(User),sess=db57a25d-5d77-4b42-a01b-ffca2ab02466
2024-10-06 06:48:26,056 INFO  [                 org.perf4j.TimingLogger] (.Server-18) start[1728197306053] time[2] tag[omero.call.success.ome.logic.QueryImpl.get]
2024-10-06 06:48:26,057 INFO  [    ome.security.basic.BasicEventContext] (l.Server-5)  cctx:	group=0
2024-10-06 06:48:26,062 INFO  [         ome.security.basic.EventHandler] (l.Server-5)  Auth:	user=0,group=0,event=26440(User),sess=db57a25d-5d77-4b42-a01b-ffca2ab02466
2024-10-06 06:48:26,064 INFO  [       ome.security.basic.CurrentDetails] (l.Server-5) Adding log:UPDATE,class ome.model.core.OriginalFile,2956
2024-10-06 06:48:26,069 INFO  [                 org.perf4j.TimingLogger] (l.Server-5) start[1728197306057] time[12] tag[omero.call.success.ome.logic.UpdateImpl.saveObject]
2024-10-06 06:48:26,069 INFO  [                 org.perf4j.TimingLogger] (2-thread-1) start[1728197305922] time[147] tag[omero.import.request.step]
2024-10-06 06:48:26,070 DEBUG [    o.s.blitz.repo.ManagedImportRequestI] (2-thread-1) Step 1
2024-10-06 06:48:26,070 DEBUG [    o.s.blitz.repo.ManagedImportRequestI] (2-thread-1) Plane:0 X:0 Y:0 TileWidth:512 TileHeight:512 arrayBuf.length:524288
2024-10-06 06:48:26,076 DEBUG [    o.s.blitz.repo.ManagedImportRequestI] (2-thread-1) Plane:0 X:512 Y:0 TileWidth:488 TileHeight:512 arrayBuf.length:499712
2024-10-06 06:48:26,082 DEBUG [    o.s.blitz.repo.ManagedImportRequestI] (2-thread-1) Plane:0 X:0 Y:512 TileWidth:512 TileHeight:488 arrayBuf.length:499712
2024-10-06 06:48:26,087 DEBUG [    o.s.blitz.repo.ManagedImportRequestI] (2-thread-1) Plane:0 X:512 Y:512 TileWidth:488 TileHeight:488 arrayBuf.length:476288
2024-10-06 06:48:26,092 DEBUG [    o.s.blitz.repo.ManagedImportRequestI] (2-thread-1) Plane:1 X:0 Y:0 TileWidth:512 TileHeight:512 arrayBuf.length:524288
2024-10-06 06:48:26,096 DEBUG [    o.s.blitz.repo.ManagedImportRequestI] (2-thread-1) Plane:1 X:512 Y:0 TileWidth:488 TileHeight:512 arrayBuf.length:499712
2024-10-06 06:48:26,102 DEBUG [    o.s.blitz.repo.ManagedImportRequestI] (2-thread-1) Plane:1 X:0 Y:512 TileWidth:512 TileHeight:488 arrayBuf.length:499712
2024-10-06 06:48:26,107 DEBUG [    o.s.blitz.repo.ManagedImportRequestI] (2-thread-1) Plane:1 X:512 Y:512 TileWidth:488 TileHeight:488 arrayBuf.length:476288
2024-10-06 06:48:26,112 DEBUG [    o.s.blitz.repo.ManagedImportRequestI] (2-thread-1) Plane:2 X:0 Y:0 TileWidth:512 TileHeight:512 arrayBuf.length:524288
2024-10-06 06:48:26,117 DEBUG [    o.s.blitz.repo.ManagedImportRequestI] (2-thread-1) Plane:2 X:512 Y:0 TileWidth:488 TileHeight:512 arrayBuf.length:499712
2024-10-06 06:48:26,123 DEBUG [    o.s.blitz.repo.ManagedImportRequestI] (2-thread-1) Plane:2 X:0 Y:512 TileWidth:512 TileHeight:488 arrayBuf.length:499712
2024-10-06 06:48:26,127 DEBUG [    o.s.blitz.repo.ManagedImportRequestI] (2-thread-1) Plane:2 X:512 Y:512 TileWidth:488 TileHeight:488 arrayBuf.length:476288
2024-10-06 06:48:26,141 DEBUG [    o.s.blitz.repo.ManagedImportRequestI] (2-thread-1) Plane:3 X:0 Y:0 TileWidth:512 TileHeight:512 arrayBuf.length:524288
2024-10-06 06:48:26,147 DEBUG [    o.s.blitz.repo.ManagedImportRequestI] (2-thread-1) Plane:3 X:512 Y:0 TileWidth:488 TileHeight:512 arrayBuf.length:499712
2024-10-06 06:48:26,153 DEBUG [    o.s.blitz.repo.ManagedImportRequestI] (2-thread-1) Plane:3 X:0 Y:512 TileWidth:512 TileHeight:488 arrayBuf.length:499712
2024-10-06 06:48:26,158 DEBUG [    o.s.blitz.repo.ManagedImportRequestI] (2-thread-1) Plane:3 X:512 Y:512 TileWidth:488 TileHeight:488 arrayBuf.length:476288
2024-10-06 06:48:26,163 DEBUG [    o.s.blitz.repo.ManagedImportRequestI] (2-thread-1) Plane:4 X:0 Y:0 TileWidth:512 TileHeight:512 arrayBuf.length:524288
2024-10-06 06:48:26,169 DEBUG [    o.s.blitz.repo.ManagedImportRequestI] (2-thread-1) Plane:4 X:512 Y:0 TileWidth:488 TileHeight:512 arrayBuf.length:499712
2024-10-06 06:48:26,175 DEBUG [    o.s.blitz.repo.ManagedImportRequestI] (2-thread-1) Plane:4 X:0 Y:512 TileWidth:512 TileHeight:488 arrayBuf.length:499712
2024-10-06 06:48:26,189 DEBUG [    o.s.blitz.repo.ManagedImportRequestI] (2-thread-1) Plane:4 X:512 Y:512 TileWidth:488 TileHeight:488 arrayBuf.length:476288
2024-10-06 06:48:26,194 DEBUG [    o.s.blitz.repo.ManagedImportRequestI] (2-thread-1) Plane:5 X:0 Y:0 TileWidth:512 TileHeight:512 arrayBuf.length:524288
2024-10-06 06:48:26,199 DEBUG [    o.s.blitz.repo.ManagedImportRequestI] (2-thread-1) Plane:5 X:512 Y:0 TileWidth:488 TileHeight:512 arrayBuf.length:499712
2024-10-06 06:48:26,205 DEBUG [    o.s.blitz.repo.ManagedImportRequestI] (2-thread-1) Plane:5 X:0 Y:512 TileWidth:512 TileHeight:488 arrayBuf.length:499712
2024-10-06 06:48:26,212 DEBUG [    o.s.blitz.repo.ManagedImportRequestI] (2-thread-1) Plane:5 X:512 Y:512 TileWidth:488 TileHeight:488 arrayBuf.length:476288
2024-10-06 06:48:26,217 DEBUG [    o.s.blitz.repo.ManagedImportRequestI] (2-thread-1) Plane:6 X:0 Y:0 TileWidth:512 TileHeight:512 arrayBuf.length:524288
2024-10-06 06:48:26,222 DEBUG [    o.s.blitz.repo.ManagedImportRequestI] (2-thread-1) Plane:6 X:512 Y:0 TileWidth:488 TileHeight:512 arrayBuf.length:499712
2024-10-06 06:48:26,227 DEBUG [    o.s.blitz.repo.ManagedImportRequestI] (2-thread-1) Plane:6 X:0 Y:512 TileWidth:512 TileHeight:488 arrayBuf.length:499712
2024-10-06 06:48:26,231 DEBUG [    o.s.blitz.repo.ManagedImportRequestI] (2-thread-1) Plane:6 X:512 Y:512 TileWidth:488 TileHeight:488 arrayBuf.length:476288
2024-10-06 06:48:26,236 DEBUG [    o.s.blitz.repo.ManagedImportRequestI] (2-thread-1) Plane:7 X:0 Y:0 TileWidth:512 TileHeight:512 arrayBuf.length:524288
2024-10-06 06:48:26,240 DEBUG [    o.s.blitz.repo.ManagedImportRequestI] (2-thread-1) Plane:7 X:512 Y:0 TileWidth:488 TileHeight:512 arrayBuf.length:499712
2024-10-06 06:48:26,245 DEBUG [    o.s.blitz.repo.ManagedImportRequestI] (2-thread-1) Plane:7 X:0 Y:512 TileWidth:512 TileHeight:488 arrayBuf.length:499712
2024-10-06 06:48:26,250 DEBUG [    o.s.blitz.repo.ManagedImportRequestI] (2-thread-1) Plane:7 X:512 Y:512 TileWidth:488 TileHeight:488 arrayBuf.length:476288
2024-10-06 06:48:26,256 DEBUG [    o.s.blitz.repo.ManagedImportRequestI] (2-thread-1) Plane:8 X:0 Y:0 TileWidth:512 TileHeight:512 arrayBuf.length:524288
2024-10-06 06:48:26,261 DEBUG [    o.s.blitz.repo.ManagedImportRequestI] (2-thread-1) Plane:8 X:512 Y:0 TileWidth:488 TileHeight:512 arrayBuf.length:499712
2024-10-06 06:48:26,266 DEBUG [    o.s.blitz.repo.ManagedImportRequestI] (2-thread-1) Plane:8 X:0 Y:512 TileWidth:512 TileHeight:488 arrayBuf.length:499712
2024-10-06 06:48:26,271 DEBUG [    o.s.blitz.repo.ManagedImportRequestI] (2-thread-1) Plane:8 X:512 Y:512 TileWidth:488 TileHeight:488 arrayBuf.length:476288
2024-10-06 06:48:26,276 DEBUG [    o.s.blitz.repo.ManagedImportRequestI] (2-thread-1) Plane:9 X:0 Y:0 TileWidth:512 TileHeight:512 arrayBuf.length:524288
2024-10-06 06:48:26,281 DEBUG [    o.s.blitz.repo.ManagedImportRequestI] (2-thread-1) Plane:9 X:512 Y:0 TileWidth:488 TileHeight:512 arrayBuf.length:499712
2024-10-06 06:48:26,287 DEBUG [    o.s.blitz.repo.ManagedImportRequestI] (2-thread-1) Plane:9 X:0 Y:512 TileWidth:512 TileHeight:488 arrayBuf.length:499712
2024-10-06 06:48:26,292 DEBUG [    o.s.blitz.repo.ManagedImportRequestI] (2-thread-1) Plane:9 X:512 Y:512 TileWidth:488 TileHeight:488 arrayBuf.length:476288
2024-10-06 06:48:26,297 DEBUG [    o.s.blitz.repo.ManagedImportRequestI] (2-thread-1) Plane:10 X:0 Y:0 TileWidth:512 TileHeight:512 arrayBuf.length:524288
2024-10-06 06:48:26,303 DEBUG [    o.s.blitz.repo.ManagedImportRequestI] (2-thread-1) Plane:10 X:512 Y:0 TileWidth:488 TileHeight:512 arrayBuf.length:499712
2024-10-06 06:48:26,307 DEBUG [    o.s.blitz.repo.ManagedImportRequestI] (2-thread-1) Plane:10 X:0 Y:512 TileWidth:512 TileHeight:488 arrayBuf.length:499712
2024-10-06 06:48:26,311 DEBUG [    o.s.blitz.repo.ManagedImportRequestI] (2-thread-1) Plane:10 X:512 Y:512 TileWidth:488 TileHeight:488 arrayBuf.length:476288
2024-10-06 06:48:26,316 DEBUG [    o.s.blitz.repo.ManagedImportRequestI] (2-thread-1) Plane:11 X:0 Y:0 TileWidth:512 TileHeight:512 arrayBuf.length:524288
2024-10-06 06:48:26,320 DEBUG [    o.s.blitz.repo.ManagedImportRequestI] (2-thread-1) Plane:11 X:512 Y:0 TileWidth:488 TileHeight:512 arrayBuf.length:499712
2024-10-06 06:48:26,325 DEBUG [    o.s.blitz.repo.ManagedImportRequestI] (2-thread-1) Plane:11 X:0 Y:512 TileWidth:512 TileHeight:488 arrayBuf.length:499712
2024-10-06 06:48:26,329 DEBUG [    o.s.blitz.repo.ManagedImportRequestI] (2-thread-1) Plane:11 X:512 Y:512 TileWidth:488 TileHeight:488 arrayBuf.length:476288
2024-10-06 06:48:26,335 DEBUG [    o.s.blitz.repo.ManagedImportRequestI] (2-thread-1) Plane:12 X:0 Y:0 TileWidth:512 TileHeight:512 arrayBuf.length:524288
2024-10-06 06:48:26,343 DEBUG [    o.s.blitz.repo.ManagedImportRequestI] (2-thread-1) Plane:12 X:512 Y:0 TileWidth:488 TileHeight:512 arrayBuf.length:499712
2024-10-06 06:48:26,351 DEBUG [    o.s.blitz.repo.ManagedImportRequestI] (2-thread-1) Plane:12 X:0 Y:512 TileWidth:512 TileHeight:488 arrayBuf.length:499712
2024-10-06 06:48:26,355 DEBUG [    o.s.blitz.repo.ManagedImportRequestI] (2-thread-1) Plane:12 X:512 Y:512 TileWidth:488 TileHeight:488 arrayBuf.length:476288
2024-10-06 06:48:26,359 DEBUG [    o.s.blitz.repo.ManagedImportRequestI] (2-thread-1) Plane:13 X:0 Y:0 TileWidth:512 TileHeight:512 arrayBuf.length:524288
2024-10-06 06:48:26,364 DEBUG [    o.s.blitz.repo.ManagedImportRequestI] (2-thread-1) Plane:13 X:512 Y:0 TileWidth:488 TileHeight:512 arrayBuf.length:499712
2024-10-06 06:48:26,369 DEBUG [    o.s.blitz.repo.ManagedImportRequestI] (2-thread-1) Plane:13 X:0 Y:512 TileWidth:512 TileHeight:488 arrayBuf.length:499712
2024-10-06 06:48:26,373 DEBUG [    o.s.blitz.repo.ManagedImportRequestI] (2-thread-1) Plane:13 X:512 Y:512 TileWidth:488 TileHeight:488 arrayBuf.length:476288
2024-10-06 06:48:26,377 DEBUG [    o.s.blitz.repo.ManagedImportRequestI] (2-thread-1) Plane:14 X:0 Y:0 TileWidth:512 TileHeight:512 arrayBuf.length:524288
2024-10-06 06:48:26,382 DEBUG [    o.s.blitz.repo.ManagedImportRequestI] (2-thread-1) Plane:14 X:512 Y:0 TileWidth:488 TileHeight:512 arrayBuf.length:499712
2024-10-06 06:48:26,386 DEBUG [    o.s.blitz.repo.ManagedImportRequestI] (2-thread-1) Plane:14 X:0 Y:512 TileWidth:512 TileHeight:488 arrayBuf.length:499712
2024-10-06 06:48:26,390 DEBUG [    o.s.blitz.repo.ManagedImportRequestI] (2-thread-1) Plane:14 X:512 Y:512 TileWidth:488 TileHeight:488 arrayBuf.length:476288
2024-10-06 06:48:26,397 DEBUG [    o.s.blitz.repo.ManagedImportRequestI] (2-thread-1) Plane:15 X:0 Y:0 TileWidth:512 TileHeight:512 arrayBuf.length:524288
2024-10-06 06:48:26,403 DEBUG [    o.s.blitz.repo.ManagedImportRequestI] (2-thread-1) Plane:15 X:512 Y:0 TileWidth:488 TileHeight:512 arrayBuf.length:499712
2024-10-06 06:48:26,408 DEBUG [    o.s.blitz.repo.ManagedImportRequestI] (2-thread-1) Plane:15 X:0 Y:512 TileWidth:512 TileHeight:488 arrayBuf.length:499712
2024-10-06 06:48:26,413 DEBUG [    o.s.blitz.repo.ManagedImportRequestI] (2-thread-1) Plane:15 X:512 Y:512 TileWidth:488 TileHeight:488 arrayBuf.length:476288
2024-10-06 06:48:26,417 DEBUG [    o.s.blitz.repo.ManagedImportRequestI] (2-thread-1) Plane:16 X:0 Y:0 TileWidth:512 TileHeight:512 arrayBuf.length:524288
2024-10-06 06:48:26,422 DEBUG [    o.s.blitz.repo.ManagedImportRequestI] (2-thread-1) Plane:16 X:512 Y:0 TileWidth:488 TileHeight:512 arrayBuf.length:499712
2024-10-06 06:48:26,427 DEBUG [    o.s.blitz.repo.ManagedImportRequestI] (2-thread-1) Plane:16 X:0 Y:512 TileWidth:512 TileHeight:488 arrayBuf.length:499712
2024-10-06 06:48:26,432 DEBUG [    o.s.blitz.repo.ManagedImportRequestI] (2-thread-1) Plane:16 X:512 Y:512 TileWidth:488 TileHeight:488 arrayBuf.length:476288
2024-10-06 06:48:26,437 DEBUG [    o.s.blitz.repo.ManagedImportRequestI] (2-thread-1) Plane:17 X:0 Y:0 TileWidth:512 TileHeight:512 arrayBuf.length:524288
2024-10-06 06:48:26,445 DEBUG [    o.s.blitz.repo.ManagedImportRequestI] (2-thread-1) Plane:17 X:512 Y:0 TileWidth:488 TileHeight:512 arrayBuf.length:499712
2024-10-06 06:48:26,451 DEBUG [    o.s.blitz.repo.ManagedImportRequestI] (2-thread-1) Plane:17 X:0 Y:512 TileWidth:512 TileHeight:488 arrayBuf.length:499712
2024-10-06 06:48:26,457 DEBUG [    o.s.blitz.repo.ManagedImportRequestI] (2-thread-1) Plane:17 X:512 Y:512 TileWidth:488 TileHeight:488 arrayBuf.length:476288
2024-10-06 06:48:26,462 DEBUG [    o.s.blitz.repo.ManagedImportRequestI] (2-thread-1) Plane:18 X:0 Y:0 TileWidth:512 TileHeight:512 arrayBuf.length:524288
2024-10-06 06:48:26,468 DEBUG [    o.s.blitz.repo.ManagedImportRequestI] (2-thread-1) Plane:18 X:512 Y:0 TileWidth:488 TileHeight:512 arrayBuf.length:499712
2024-10-06 06:48:26,474 DEBUG [    o.s.blitz.repo.ManagedImportRequestI] (2-thread-1) Plane:18 X:0 Y:512 TileWidth:512 TileHeight:488 arrayBuf.length:499712
2024-10-06 06:48:26,480 DEBUG [    o.s.blitz.repo.ManagedImportRequestI] (2-thread-1) Plane:18 X:512 Y:512 TileWidth:488 TileHeight:488 arrayBuf.length:476288
2024-10-06 06:48:26,486 DEBUG [    o.s.blitz.repo.ManagedImportRequestI] (2-thread-1) Plane:19 X:0 Y:0 TileWidth:512 TileHeight:512 arrayBuf.length:524288
2024-10-06 06:48:26,491 DEBUG [    o.s.blitz.repo.ManagedImportRequestI] (2-thread-1) Plane:19 X:512 Y:0 TileWidth:488 TileHeight:512 arrayBuf.length:499712
2024-10-06 06:48:26,498 DEBUG [    o.s.blitz.repo.ManagedImportRequestI] (2-thread-1) Plane:19 X:0 Y:512 TileWidth:512 TileHeight:488 arrayBuf.length:499712
2024-10-06 06:48:26,503 DEBUG [    o.s.blitz.repo.ManagedImportRequestI] (2-thread-1) Plane:19 X:512 Y:512 TileWidth:488 TileHeight:488 arrayBuf.length:476288
2024-10-06 06:48:26,508 DEBUG [    o.s.blitz.repo.ManagedImportRequestI] (2-thread-1) Plane:20 X:0 Y:0 TileWidth:512 TileHeight:512 arrayBuf.length:524288
2024-10-06 06:48:26,513 DEBUG [    o.s.blitz.repo.ManagedImportRequestI] (2-thread-1) Plane:20 X:512 Y:0 TileWidth:488 TileHeight:512 arrayBuf.length:499712
2024-10-06 06:48:26,520 DEBUG [    o.s.blitz.repo.ManagedImportRequestI] (2-thread-1) Plane:20 X:0 Y:512 TileWidth:512 TileHeight:488 arrayBuf.length:499712
2024-10-06 06:48:26,524 DEBUG [    o.s.blitz.repo.ManagedImportRequestI] (2-thread-1) Plane:20 X:512 Y:512 TileWidth:488 TileHeight:488 arrayBuf.length:476288
2024-10-06 06:48:26,528 DEBUG [    o.s.blitz.repo.ManagedImportRequestI] (2-thread-1) Plane:21 X:0 Y:0 TileWidth:512 TileHeight:512 arrayBuf.length:524288
2024-10-06 06:48:26,533 DEBUG [    o.s.blitz.repo.ManagedImportRequestI] (2-thread-1) Plane:21 X:512 Y:0 TileWidth:488 TileHeight:512 arrayBuf.length:499712
2024-10-06 06:48:26,539 DEBUG [    o.s.blitz.repo.ManagedImportRequestI] (2-thread-1) Plane:21 X:0 Y:512 TileWidth:512 TileHeight:488 arrayBuf.length:499712
2024-10-06 06:48:26,544 DEBUG [    o.s.blitz.repo.ManagedImportRequestI] (2-thread-1) Plane:21 X:512 Y:512 TileWidth:488 TileHeight:488 arrayBuf.length:476288
2024-10-06 06:48:26,549 DEBUG [    o.s.blitz.repo.ManagedImportRequestI] (2-thread-1) Plane:22 X:0 Y:0 TileWidth:512 TileHeight:512 arrayBuf.length:524288
2024-10-06 06:48:26,554 DEBUG [    o.s.blitz.repo.ManagedImportRequestI] (2-thread-1) Plane:22 X:512 Y:0 TileWidth:488 TileHeight:512 arrayBuf.length:499712
2024-10-06 06:48:26,558 DEBUG [    o.s.blitz.repo.ManagedImportRequestI] (2-thread-1) Plane:22 X:0 Y:512 TileWidth:512 TileHeight:488 arrayBuf.length:499712
2024-10-06 06:48:26,564 DEBUG [    o.s.blitz.repo.ManagedImportRequestI] (2-thread-1) Plane:22 X:512 Y:512 TileWidth:488 TileHeight:488 arrayBuf.length:476288
2024-10-06 06:48:26,570 DEBUG [    o.s.blitz.repo.ManagedImportRequestI] (2-thread-1) Plane:23 X:0 Y:0 TileWidth:512 TileHeight:512 arrayBuf.length:524288
2024-10-06 06:48:26,574 DEBUG [    o.s.blitz.repo.ManagedImportRequestI] (2-thread-1) Plane:23 X:512 Y:0 TileWidth:488 TileHeight:512 arrayBuf.length:499712
2024-10-06 06:48:26,579 DEBUG [    o.s.blitz.repo.ManagedImportRequestI] (2-thread-1) Plane:23 X:0 Y:512 TileWidth:512 TileHeight:488 arrayBuf.length:499712
2024-10-06 06:48:26,583 DEBUG [    o.s.blitz.repo.ManagedImportRequestI] (2-thread-1) Plane:23 X:512 Y:512 TileWidth:488 TileHeight:488 arrayBuf.length:476288
2024-10-06 06:48:26,587 DEBUG [    o.s.blitz.repo.ManagedImportRequestI] (2-thread-1) Plane:24 X:0 Y:0 TileWidth:512 TileHeight:512 arrayBuf.length:524288
2024-10-06 06:48:26,592 DEBUG [    o.s.blitz.repo.ManagedImportRequestI] (2-thread-1) Plane:24 X:512 Y:0 TileWidth:488 TileHeight:512 arrayBuf.length:499712
2024-10-06 06:48:26,597 DEBUG [    o.s.blitz.repo.ManagedImportRequestI] (2-thread-1) Plane:24 X:0 Y:512 TileWidth:512 TileHeight:488 arrayBuf.length:499712
2024-10-06 06:48:26,601 DEBUG [    o.s.blitz.repo.ManagedImportRequestI] (2-thread-1) Plane:24 X:512 Y:512 TileWidth:488 TileHeight:488 arrayBuf.length:476288
2024-10-06 06:48:26,607 DEBUG [    o.s.blitz.repo.ManagedImportRequestI] (2-thread-1) Plane:25 X:0 Y:0 TileWidth:512 TileHeight:512 arrayBuf.length:524288
2024-10-06 06:48:26,612 DEBUG [    o.s.blitz.repo.ManagedImportRequestI] (2-thread-1) Plane:25 X:512 Y:0 TileWidth:488 TileHeight:512 arrayBuf.length:499712
2024-10-06 06:48:26,617 DEBUG [    o.s.blitz.repo.ManagedImportRequestI] (2-thread-1) Plane:25 X:0 Y:512 TileWidth:512 TileHeight:488 arrayBuf.length:499712
2024-10-06 06:48:26,624 DEBUG [    o.s.blitz.repo.ManagedImportRequestI] (2-thread-1) Plane:25 X:512 Y:512 TileWidth:488 TileHeight:488 arrayBuf.length:476288
2024-10-06 06:48:26,628 DEBUG [    o.s.blitz.repo.ManagedImportRequestI] (2-thread-1) Plane:26 X:0 Y:0 TileWidth:512 TileHeight:512 arrayBuf.length:524288
2024-10-06 06:48:26,633 DEBUG [    o.s.blitz.repo.ManagedImportRequestI] (2-thread-1) Plane:26 X:512 Y:0 TileWidth:488 TileHeight:512 arrayBuf.length:499712
2024-10-06 06:48:26,637 DEBUG [    o.s.blitz.repo.ManagedImportRequestI] (2-thread-1) Plane:26 X:0 Y:512 TileWidth:512 TileHeight:488 arrayBuf.length:499712
2024-10-06 06:48:26,642 DEBUG [    o.s.blitz.repo.ManagedImportRequestI] (2-thread-1) Plane:26 X:512 Y:512 TileWidth:488 TileHeight:488 arrayBuf.length:476288
2024-10-06 06:48:26,647 DEBUG [    o.s.blitz.repo.ManagedImportRequestI] (2-thread-1) Plane:27 X:0 Y:0 TileWidth:512 TileHeight:512 arrayBuf.length:524288
2024-10-06 06:48:26,651 DEBUG [    o.s.blitz.repo.ManagedImportRequestI] (2-thread-1) Plane:27 X:512 Y:0 TileWidth:488 TileHeight:512 arrayBuf.length:499712
2024-10-06 06:48:26,665 DEBUG [    o.s.blitz.repo.ManagedImportRequestI] (2-thread-1) Plane:27 X:0 Y:512 TileWidth:512 TileHeight:488 arrayBuf.length:499712
2024-10-06 06:48:26,670 DEBUG [    o.s.blitz.repo.ManagedImportRequestI] (2-thread-1) Plane:27 X:512 Y:512 TileWidth:488 TileHeight:488 arrayBuf.length:476288
2024-10-06 06:48:26,675 DEBUG [    o.s.blitz.repo.ManagedImportRequestI] (2-thread-1) Plane:28 X:0 Y:0 TileWidth:512 TileHeight:512 arrayBuf.length:524288
2024-10-06 06:48:26,680 DEBUG [    o.s.blitz.repo.ManagedImportRequestI] (2-thread-1) Plane:28 X:512 Y:0 TileWidth:488 TileHeight:512 arrayBuf.length:499712
2024-10-06 06:48:26,684 DEBUG [    o.s.blitz.repo.ManagedImportRequestI] (2-thread-1) Plane:28 X:0 Y:512 TileWidth:512 TileHeight:488 arrayBuf.length:499712
2024-10-06 06:48:26,690 DEBUG [    o.s.blitz.repo.ManagedImportRequestI] (2-thread-1) Plane:28 X:512 Y:512 TileWidth:488 TileHeight:488 arrayBuf.length:476288
2024-10-06 06:48:26,696 INFO  [    ome.security.basic.BasicEventContext] (.Server-17)  cctx:	group=0
2024-10-06 06:48:26,701 INFO  [         ome.security.basic.EventHandler] (.Server-17)  Auth:	user=0,group=0,event=26447(User),sess=db57a25d-5d77-4b42-a01b-ffca2ab02466
2024-10-06 06:48:26,711 INFO  [                 org.perf4j.TimingLogger] (.Server-17) start[1728197306695] time[16] tag[omero.call.success.ome.services.blitz.impl.MetadataStoreI$7.doWork]
2024-10-06 06:48:26,715 INFO  [    ome.security.basic.BasicEventContext] (.Server-16)  cctx:	group=0
2024-10-06 06:48:26,720 INFO  [         ome.security.basic.EventHandler] (.Server-16)  Auth:	user=0,group=0,event=26448(User),sess=db57a25d-5d77-4b42-a01b-ffca2ab02466
2024-10-06 06:48:26,917 INFO  [       ome.security.basic.CurrentDetails] (.Server-16) Adding log:UPDATE,class ome.model.core.Pixels,152
2024-10-06 06:48:27,065 INFO  [                 org.perf4j.TimingLogger] (.Server-16) start[1728197306713] time[351] tag[omero.call.success.ome.logic.UpdateImpl.saveArray]
2024-10-06 06:48:27,068 INFO  [    ome.security.basic.BasicEventContext] (.Server-18)  cctx:	group=0
2024-10-06 06:48:27,073 INFO  [         ome.security.basic.EventHandler] (.Server-18)  Auth:	user=0,group=0,event=26449(User),sess=db57a25d-5d77-4b42-a01b-ffca2ab02466
2024-10-06 06:48:27,109 INFO  [                 org.perf4j.TimingLogger] (.Server-18) start[1728197307066] time[43] tag[omero.call.success.ome.services.blitz.impl.MetadataStoreI$2.doWork]
2024-10-06 06:48:27,110 INFO  [                 org.perf4j.TimingLogger] (2-thread-1) start[1728197306070] time[1040] tag[omero.import.request.pixels]
2024-10-06 06:48:27,111 INFO  [    ome.security.basic.BasicEventContext] (.Server-16)  cctx:	group=0
2024-10-06 06:48:27,112 INFO  [         ome.security.basic.EventHandler] (.Server-16)  Auth:	user=0,group=0,event=null(User),sess=db57a25d-5d77-4b42-a01b-ffca2ab02466
2024-10-06 06:48:27,113 INFO  [                 org.perf4j.TimingLogger] (.Server-16) start[1728197307110] time[2] tag[omero.call.success.ome.logic.QueryImpl.get]
2024-10-06 06:48:27,115 INFO  [    ome.security.basic.BasicEventContext] (.Server-12)  cctx:	group=0
2024-10-06 06:48:27,121 INFO  [         ome.security.basic.EventHandler] (.Server-12)  Auth:	user=0,group=0,event=26450(User),sess=db57a25d-5d77-4b42-a01b-ffca2ab02466
2024-10-06 06:48:27,125 INFO  [       ome.security.basic.CurrentDetails] (.Server-12) Adding log:UPDATE,class ome.model.core.OriginalFile,2956
2024-10-06 06:48:27,130 INFO  [                 org.perf4j.TimingLogger] (.Server-12) start[1728197307114] time[16] tag[omero.call.success.ome.logic.UpdateImpl.saveObject]
2024-10-06 06:48:27,131 INFO  [                 org.perf4j.TimingLogger] (2-thread-1) start[1728197306070] time[1061] tag[omero.import.request.step]
2024-10-06 06:48:27,131 DEBUG [    o.s.blitz.repo.ManagedImportRequestI] (2-thread-1) Step 2
2024-10-06 06:48:27,134 INFO  [    ome.security.basic.BasicEventContext] (.Server-18)  cctx:	group=0
2024-10-06 06:48:27,139 INFO  [         ome.security.basic.EventHandler] (.Server-18)  Auth:	user=0,group=0,event=26451(User),sess=db57a25d-5d77-4b42-a01b-ffca2ab02466
2024-10-06 06:48:27,145 INFO  [                 org.perf4j.TimingLogger] (.Server-18) start[1728197307139] time[5] tag[omero.loadPixels]
2024-10-06 06:48:27,154 INFO  [                 org.perf4j.TimingLogger] (.Server-18) start[1728197307147] time[6] tag[omero.loadRenderingSettingsByUser]
2024-10-06 06:48:27,173 DEBUG [                   loci.formats.Memoizer] (.Server-18) start[1728197307158] time[15] tag[loci.formats.Memoizer.loadMemo]
2024-10-06 06:48:27,193 INFO  [                loci.formats.ImageReader] (.Server-18) OMETiffReader initializing /OMERO/ManagedRepository/root_0/2024-10/06/06-48-23.802/IMC_PDAC_ROI2.ome.tiff
2024-10-06 06:48:27,196 INFO  [       loci.formats.in.MinimalTiffReader] (.Server-18) Reading IFDs
2024-10-06 06:48:27,197 INFO  [       loci.formats.in.MinimalTiffReader] (.Server-18) Populating metadata
2024-10-06 06:48:27,205 DEBUG [                   loci.formats.Memoizer] (.Server-18) saved to temp file: /OMERO/BioFormatsCache/OMERO/ManagedRepository/root_0/2024-10/06/06-48-23.802/.IMC_PDAC_ROI2.ome.tiff.bfmemo13597051540962202396
2024-10-06 06:48:27,205 DEBUG [                   loci.formats.Memoizer] (.Server-18) start[1728197307201] time[4] tag[loci.formats.Memoizer.saveMemo]
2024-10-06 06:48:27,205 DEBUG [                   loci.formats.Memoizer] (.Server-18) saved memo file: /OMERO/BioFormatsCache/OMERO/ManagedRepository/root_0/2024-10/06/06-48-23.802/.IMC_PDAC_ROI2.ome.tiff.bfmemo (41750 bytes)
2024-10-06 06:48:27,205 DEBUG [                   loci.formats.Memoizer] (.Server-18) start[1728197307158] time[47] tag[loci.formats.Memoizer.setId]
2024-10-06 06:48:27,218 INFO  [       ome.security.basic.CurrentDetails] (.Server-18) Adding log:INSERT,class ome.model.display.QuantumDef,152
2024-10-06 06:48:27,220 INFO  [       ome.security.basic.CurrentDetails] (.Server-18) Adding log:INSERT,class ome.model.display.RenderingDef,152
2024-10-06 06:48:27,220 INFO  [       ome.security.basic.CurrentDetails] (.Server-18) Adding log:INSERT,class ome.model.display.ChannelBinding,430
2024-10-06 06:48:27,221 INFO  [       ome.security.basic.CurrentDetails] (.Server-18) Adding log:INSERT,class ome.model.display.ChannelBinding,431
2024-10-06 06:48:27,222 INFO  [       ome.security.basic.CurrentDetails] (.Server-18) Adding log:INSERT,class ome.model.display.ChannelBinding,432
2024-10-06 06:48:27,222 INFO  [       ome.security.basic.CurrentDetails] (.Server-18) Adding log:INSERT,class ome.model.display.ChannelBinding,433
2024-10-06 06:48:27,223 INFO  [       ome.security.basic.CurrentDetails] (.Server-18) Adding log:INSERT,class ome.model.display.ChannelBinding,434
2024-10-06 06:48:27,223 INFO  [       ome.security.basic.CurrentDetails] (.Server-18) Adding log:INSERT,class ome.model.display.ChannelBinding,435
2024-10-06 06:48:27,224 INFO  [       ome.security.basic.CurrentDetails] (.Server-18) Adding log:INSERT,class ome.model.display.ChannelBinding,436
2024-10-06 06:48:27,224 INFO  [       ome.security.basic.CurrentDetails] (.Server-18) Adding log:INSERT,class ome.model.display.ChannelBinding,437
2024-10-06 06:48:27,224 INFO  [       ome.security.basic.CurrentDetails] (.Server-18) Adding log:INSERT,class ome.model.display.ChannelBinding,438
2024-10-06 06:48:27,225 INFO  [       ome.security.basic.CurrentDetails] (.Server-18) Adding log:INSERT,class ome.model.display.ChannelBinding,439
2024-10-06 06:48:27,225 INFO  [       ome.security.basic.CurrentDetails] (.Server-18) Adding log:INSERT,class ome.model.display.ChannelBinding,440
2024-10-06 06:48:27,226 INFO  [       ome.security.basic.CurrentDetails] (.Server-18) Adding log:INSERT,class ome.model.display.ChannelBinding,441
2024-10-06 06:48:27,226 INFO  [       ome.security.basic.CurrentDetails] (.Server-18) Adding log:INSERT,class ome.model.display.ChannelBinding,442
2024-10-06 06:48:27,226 INFO  [       ome.security.basic.CurrentDetails] (.Server-18) Adding log:INSERT,class ome.model.display.ChannelBinding,443
2024-10-06 06:48:27,227 INFO  [       ome.security.basic.CurrentDetails] (.Server-18) Adding log:INSERT,class ome.model.display.ChannelBinding,444
2024-10-06 06:48:27,227 INFO  [       ome.security.basic.CurrentDetails] (.Server-18) Adding log:INSERT,class ome.model.display.ChannelBinding,445
2024-10-06 06:48:27,227 INFO  [       ome.security.basic.CurrentDetails] (.Server-18) Adding log:INSERT,class ome.model.display.ChannelBinding,446
2024-10-06 06:48:27,228 INFO  [       ome.security.basic.CurrentDetails] (.Server-18) Adding log:INSERT,class ome.model.display.ChannelBinding,447
2024-10-06 06:48:27,228 INFO  [       ome.security.basic.CurrentDetails] (.Server-18) Adding log:INSERT,class ome.model.display.ChannelBinding,448
2024-10-06 06:48:27,229 INFO  [       ome.security.basic.CurrentDetails] (.Server-18) Adding log:INSERT,class ome.model.display.ChannelBinding,449
2024-10-06 06:48:27,229 INFO  [       ome.security.basic.CurrentDetails] (.Server-18) Adding log:INSERT,class ome.model.display.ChannelBinding,450
2024-10-06 06:48:27,229 INFO  [       ome.security.basic.CurrentDetails] (.Server-18) Adding log:INSERT,class ome.model.display.ChannelBinding,451
2024-10-06 06:48:27,230 INFO  [       ome.security.basic.CurrentDetails] (.Server-18) Adding log:INSERT,class ome.model.display.ChannelBinding,452
2024-10-06 06:48:27,230 INFO  [       ome.security.basic.CurrentDetails] (.Server-18) Adding log:INSERT,class ome.model.display.ChannelBinding,453
2024-10-06 06:48:27,231 INFO  [       ome.security.basic.CurrentDetails] (.Server-18) Adding log:INSERT,class ome.model.display.ChannelBinding,454
2024-10-06 06:48:27,231 INFO  [       ome.security.basic.CurrentDetails] (.Server-18) Adding log:INSERT,class ome.model.display.ChannelBinding,455
2024-10-06 06:48:27,231 INFO  [       ome.security.basic.CurrentDetails] (.Server-18) Adding log:INSERT,class ome.model.display.ChannelBinding,456
2024-10-06 06:48:27,232 INFO  [       ome.security.basic.CurrentDetails] (.Server-18) Adding log:INSERT,class ome.model.display.ChannelBinding,457
2024-10-06 06:48:27,232 INFO  [       ome.security.basic.CurrentDetails] (.Server-18) Adding log:INSERT,class ome.model.display.ChannelBinding,458
2024-10-06 06:48:27,243 INFO  [                 org.perf4j.TimingLogger] (.Server-18) start[1728197307211] time[31] tag[omero.resetDefaultsInSet.saveAndReturn]
2024-10-06 06:48:27,243 INFO  [                 org.perf4j.TimingLogger] (.Server-18) start[1728197307139] time[104] tag[omero.resetDefaultsInSet]
2024-10-06 06:48:27,253 INFO  [                 org.perf4j.TimingLogger] (.Server-18) start[1728197307132] time[120] tag[omero.call.success.ome.logic.RenderingSettingsImpl.resetDefaultsInSet]
2024-10-06 06:48:27,254 INFO  [    ome.security.basic.BasicEventContext] (.Server-17)  cctx:	group=0
2024-10-06 06:48:27,260 INFO  [         ome.security.basic.EventHandler] (.Server-17)  Auth:	user=0,group=0,event=26452(User),sess=db57a25d-5d77-4b42-a01b-ffca2ab02466
2024-10-06 06:48:27,263 INFO  [                 org.perf4j.TimingLogger] (.Server-17) start[1728197307260] time[2] tag[omero.bulkLoadRenderingSettings]
2024-10-06 06:48:27,263 INFO  [                 org.perf4j.TimingLogger] (.Server-17) start[1728197307263] time[0] tag[omero.createAndPrepareMissingRenderingSettings]
2024-10-06 06:48:27,266 INFO  [                 org.perf4j.TimingLogger] (.Server-17) start[1728197307263] time[2] tag[omero.bulkLoadMetadata]
2024-10-06 06:48:27,266 INFO  [                 org.perf4j.TimingLogger] (.Server-17) start[1728197307263] time[3] tag[omero.loadMetadataByDimensionPool]
2024-10-06 06:48:27,269 INFO  [       ome.security.basic.CurrentDetails] (.Server-17) Adding log:INSERT,class ome.model.display.Thumbnail,152
2024-10-06 06:48:27,271 INFO  [                 org.perf4j.TimingLogger] (.Server-17) start[1728197307270] time[0] tag[omero.bulkLoadMetadata]
2024-10-06 06:48:27,271 INFO  [                 org.perf4j.TimingLogger] (.Server-17) start[1728197307270] time[1] tag[omero.loadMetadataByDimensionPool]
2024-10-06 06:48:27,271 INFO  [                 org.perf4j.TimingLogger] (.Server-17) start[1728197307266] time[4] tag[omero.createMissingThumbnailMetadata]
2024-10-06 06:48:27,272 INFO  [    ome.security.basic.BasicEventContext] (.Server-17)  cctx:	group=0
2024-10-06 06:48:27,276 INFO  [         ome.security.basic.EventHandler] (.Server-17)  Auth:	user=0,group=0,event=26453(User),sess=db57a25d-5d77-4b42-a01b-ffca2ab02466
2024-10-06 06:48:27,278 INFO  [                 org.perf4j.TimingLogger] (.Server-17) start[1728197307278] time[0] tag[omero._createThumbnail(thumbMetaData)]
2024-10-06 06:48:27,307 DEBUG [                   loci.formats.Memoizer] (.Server-17) loaded memo file: /OMERO/BioFormatsCache/OMERO/ManagedRepository/root_0/2024-10/06/06-48-23.802/.IMC_PDAC_ROI2.ome.tiff.bfmemo (41750 bytes)
2024-10-06 06:48:27,307 DEBUG [                   loci.formats.Memoizer] (.Server-17) start[1728197307296] time[11] tag[loci.formats.Memoizer.loadMemo]
2024-10-06 06:48:27,307 DEBUG [                   loci.formats.Memoizer] (.Server-17) start[1728197307295] time[11] tag[loci.formats.Memoizer.setId]
2024-10-06 06:48:27,317 INFO  [       ome.logic.JavaImageScalingService] (.Server-17) Scaling to: 96x96
2024-10-06 06:48:27,344 INFO  [                 org.perf4j.TimingLogger] (.Server-17) start[1728197307317] time[26] tag[java-image-scaling.resampleOp]
2024-10-06 06:48:27,347 INFO  [                 org.perf4j.TimingLogger] (.Server-17) start[1728197307278] time[68] tag[omero._createThumbnail]
2024-10-06 06:48:27,353 INFO  [                 org.perf4j.TimingLogger] (.Server-17) start[1728197307254] time[99] tag[omero.call.success.ome.services.ThumbnailBean.createThumbnailsByLongestSideSet]
2024-10-06 06:48:27,353 INFO  [                 org.perf4j.TimingLogger] (2-thread-1) start[1728197307131] time[221] tag[omero.import.request.thumbs]
2024-10-06 06:48:27,354 INFO  [    ome.security.basic.BasicEventContext] (.Server-18)  cctx:	group=0
2024-10-06 06:48:27,356 INFO  [         ome.security.basic.EventHandler] (.Server-18)  Auth:	user=0,group=0,event=null(User),sess=db57a25d-5d77-4b42-a01b-ffca2ab02466
2024-10-06 06:48:27,356 INFO  [                 org.perf4j.TimingLogger] (.Server-18) start[1728197307354] time[2] tag[omero.call.success.ome.logic.QueryImpl.get]
2024-10-06 06:48:27,358 INFO  [    ome.security.basic.BasicEventContext] (l.Server-6)  cctx:	group=0
2024-10-06 06:48:27,362 INFO  [         ome.security.basic.EventHandler] (l.Server-6)  Auth:	user=0,group=0,event=26454(User),sess=db57a25d-5d77-4b42-a01b-ffca2ab02466
2024-10-06 06:48:27,364 INFO  [       ome.security.basic.CurrentDetails] (l.Server-6) Adding log:UPDATE,class ome.model.core.OriginalFile,2956
2024-10-06 06:48:27,368 INFO  [                 org.perf4j.TimingLogger] (l.Server-6) start[1728197307357] time[10] tag[omero.call.success.ome.logic.UpdateImpl.saveObject]
2024-10-06 06:48:27,368 INFO  [                 org.perf4j.TimingLogger] (2-thread-1) start[1728197307131] time[237] tag[omero.import.request.step]
2024-10-06 06:48:27,369 DEBUG [    o.s.blitz.repo.ManagedImportRequestI] (2-thread-1) Step 3
2024-10-06 06:48:27,370 INFO  [    ome.security.basic.BasicEventContext] (.Server-14)  cctx:	group=0
2024-10-06 06:48:27,371 INFO  [         ome.security.basic.EventHandler] (.Server-14)  Auth:	user=0,group=0,event=null(User),sess=db57a25d-5d77-4b42-a01b-ffca2ab02466
2024-10-06 06:48:27,372 INFO  [                 org.perf4j.TimingLogger] (.Server-14) start[1728197307369] time[3] tag[omero.call.success.ome.services.blitz.impl.MetadataStoreI$6.doWork]
2024-10-06 06:48:27,374 INFO  [    ome.security.basic.BasicEventContext] (.Server-15)  cctx:	group=0
2024-10-06 06:48:27,376 INFO  [         ome.security.basic.EventHandler] (.Server-15)  Auth:	user=0,group=0,event=null(User),sess=db57a25d-5d77-4b42-a01b-ffca2ab02466
2024-10-06 06:48:27,378 INFO  [                 org.perf4j.TimingLogger] (.Server-15) start[1728197307373] time[4] tag[omero.call.success.ome.logic.QueryImpl.get]
2024-10-06 06:48:27,380 INFO  [    ome.security.basic.BasicEventContext] (.Server-16)  cctx:	group=0
2024-10-06 06:48:27,385 INFO  [         ome.security.basic.EventHandler] (.Server-16)  Auth:	user=0,group=0,event=26455(User),sess=db57a25d-5d77-4b42-a01b-ffca2ab02466
2024-10-06 06:48:27,388 INFO  [       ome.security.basic.CurrentDetails] (.Server-16) Adding log:UPDATE,class ome.model.core.OriginalFile,2956
2024-10-06 06:48:27,393 INFO  [                 org.perf4j.TimingLogger] (.Server-16) start[1728197307379] time[14] tag[omero.call.success.ome.logic.UpdateImpl.saveObject]
2024-10-06 06:48:27,394 INFO  [                 org.perf4j.TimingLogger] (2-thread-1) start[1728197307369] time[25] tag[omero.import.request.step]
2024-10-06 06:48:27,394 DEBUG [    o.s.blitz.repo.ManagedImportRequestI] (2-thread-1) Step 4
2024-10-06 06:48:27,396 INFO  [    ome.security.basic.BasicEventContext] (l.Server-5)  cctx:	group=0
2024-10-06 06:48:27,398 INFO  [         ome.security.basic.EventHandler] (l.Server-5)  Auth:	user=0,group=0,event=null(User),sess=db57a25d-5d77-4b42-a01b-ffca2ab02466
2024-10-06 06:48:27,399 INFO  [                 org.perf4j.TimingLogger] (l.Server-5) start[1728197307395] time[4] tag[omero.call.success.ome.logic.QueryImpl.get]
2024-10-06 06:48:27,401 INFO  [    ome.security.basic.BasicEventContext] (.Server-17)  cctx:	group=0
2024-10-06 06:48:27,406 INFO  [         ome.security.basic.EventHandler] (.Server-17)  Auth:	user=0,group=0,event=26456(User),sess=db57a25d-5d77-4b42-a01b-ffca2ab02466
2024-10-06 06:48:27,408 INFO  [       ome.security.basic.CurrentDetails] (.Server-17) Adding log:UPDATE,class ome.model.core.OriginalFile,2956
2024-10-06 06:48:27,413 INFO  [                 org.perf4j.TimingLogger] (.Server-17) start[1728197307400] time[13] tag[omero.call.success.ome.logic.UpdateImpl.saveObject]
2024-10-06 06:48:27,413 INFO  [                 org.perf4j.TimingLogger] (2-thread-1) start[1728197307394] time[19] tag[omero.import.request.step]
2024-10-06 06:48:27,420 INFO  [    ome.security.basic.BasicEventContext] (.Server-18)  cctx:	group=0
2024-10-06 06:48:27,424 INFO  [         ome.security.basic.EventHandler] (.Server-18)  Auth:	user=0,group=0,event=26457(User),sess=db57a25d-5d77-4b42-a01b-ffca2ab02466
2024-10-06 06:48:27,428 INFO  [                 org.perf4j.TimingLogger] (.Server-18) start[1728197307419] time[8] tag[omero.call.success.ome.services.RawFileBean.close]
2024-10-06 06:48:27,428 DEBUG [                omero.util.ServantHolder] (.Server-18) Removed omero.api._RawFileStoreTie@473f955a from omero.util.ServantHolder@e84c0c as 395a0c37-5db2-4016-9ff5-784f9480cd77omero.api.RawFileStore
2024-10-06 06:48:27,428 INFO  [                      omero.cmd.SessionI] (.Server-18) Unregistered servant:db57a25d-5d77-4b42-a01b-ffca2ab02466/395a0c37-5db2-4016-9ff5-784f9480cd77omero.api.RawFileStore(omero.api._RawFileStoreTie@473f955a)
2024-10-06 06:48:27,430 INFO  [    ome.security.basic.BasicEventContext] (.Server-12)  cctx:	group=0
2024-10-06 06:48:27,436 INFO  [         ome.security.basic.EventHandler] (.Server-12)  Auth:	user=0,group=0,event=26458(User),sess=db57a25d-5d77-4b42-a01b-ffca2ab02466
2024-10-06 06:48:27,440 INFO  [                 org.perf4j.TimingLogger] (.Server-12) start[1728197307428] time[12] tag[omero.call.success.ome.services.RawPixelsBean.close]
2024-10-06 06:48:27,441 DEBUG [                omero.util.ServantHolder] (.Server-12) Removed omero.api._RawPixelsStoreTie@225861ae from omero.util.ServantHolder@e84c0c as b995bf2b-1ed0-4f5d-bf4f-0b30a5b10a3bomero.api.RawPixelsStore
2024-10-06 06:48:27,441 INFO  [                      omero.cmd.SessionI] (.Server-12) Unregistered servant:db57a25d-5d77-4b42-a01b-ffca2ab02466/b995bf2b-1ed0-4f5d-bf4f-0b30a5b10a3bomero.api.RawPixelsStore(omero.api._RawPixelsStoreTie@225861ae)
2024-10-06 06:48:27,442 INFO  [    ome.security.basic.BasicEventContext] (l.Server-6)  cctx:	group=0
2024-10-06 06:48:27,443 INFO  [         ome.security.basic.EventHandler] (l.Server-6)  Auth:	user=0,group=0,event=null(User),sess=db57a25d-5d77-4b42-a01b-ffca2ab02466
2024-10-06 06:48:27,444 INFO  [                 org.perf4j.TimingLogger] (l.Server-6) start[1728197307441] time[2] tag[omero.call.success.ome.services.ThumbnailBean.close]
2024-10-06 06:48:27,444 DEBUG [                omero.util.ServantHolder] (l.Server-6) Removed omero.api._ThumbnailStoreTie@75b8eee7 from omero.util.ServantHolder@e84c0c as 3416a266-b0a2-4b88-ae12-1707c79e86b4omero.api.ThumbnailStore
2024-10-06 06:48:27,444 INFO  [                      omero.cmd.SessionI] (l.Server-6) Unregistered servant:db57a25d-5d77-4b42-a01b-ffca2ab02466/3416a266-b0a2-4b88-ae12-1707c79e86b4omero.api.ThumbnailStore(omero.api._ThumbnailStoreTie@75b8eee7)
2024-10-06 06:48:27,444 DEBUG [                omero.util.ServantHolder] (.Server-15) Removed omero.api._MetadataStoreTie@624f9cc4 from omero.util.ServantHolder@e84c0c as ac20547d-f81f-41e5-9ab5-26a24acb93dfomero.api.MetadataStore
2024-10-06 06:48:27,445 INFO  [                      omero.cmd.SessionI] (.Server-15) Unregistered servant:db57a25d-5d77-4b42-a01b-ffca2ab02466/ac20547d-f81f-41e5-9ab5-26a24acb93dfomero.api.MetadataStore(omero.api._MetadataStoreTie@624f9cc4)
2024-10-06 06:48:27,445 INFO  [    o.s.blitz.repo.ManagedImportRequestI] (2-thread-1) Cleaning up import.
2024-10-06 06:48:27,449 INFO  [         ome.security.basic.EventHandler] (l.Server-5)  Auth:	user=0,group=0,event=null(User),sess=db57a25d-5d77-4b42-a01b-ffca2ab02466
2024-10-06 06:48:27,450 INFO  [                 org.perf4j.TimingLogger] (l.Server-5) start[1728197307447] time[2] tag[omero.call.success.ome.logic.QueryImpl.get]
2024-10-06 06:48:27,457 INFO  [         ome.security.basic.EventHandler] (.Server-17)  Auth:	user=0,group=0,event=26459(User),sess=db57a25d-5d77-4b42-a01b-ffca2ab02466
2024-10-06 06:48:27,459 INFO  [       ome.security.basic.CurrentDetails] (.Server-17) Adding log:UPDATE,class ome.model.core.OriginalFile,2956
2024-10-06 06:48:27,463 INFO  [                 org.perf4j.TimingLogger] (.Server-17) start[1728197307453] time[10] tag[omero.call.success.ome.logic.UpdateImpl.saveObject]
