2024-10-11 09:25:30,644 INFO  [                 org.perf4j.TimingLogger] (.Server-11) start[1728638730633] time[10] tag[omero.import.process.init]
2024-10-11 09:25:30,650 INFO  [         ome.security.basic.EventHandler] (.Server-11)  Auth:	user=0,group=0,event=28802(User),sess=83be404c-1957-46d4-a36b-f9feca68dcf3
2024-10-11 09:25:30,652 INFO  [       ome.security.basic.CurrentDetails] (.Server-11) Adding log:INSERT,class ome.model.jobs.UploadJob,3228
2024-10-11 09:25:30,653 INFO  [       ome.security.basic.CurrentDetails] (.Server-11) Adding log:INSERT,class ome.model.jobs.JobOriginalFileLink,4913
2024-10-11 09:25:30,660 INFO  [       ome.security.basic.CurrentDetails] (.Server-11) Adding log:INSERT,class ome.model.jobs.MetadataImportJob,3229
2024-10-11 09:25:30,670 INFO  [       ome.security.basic.CurrentDetails] (.Server-11) Adding log:INSERT,class ome.model.jobs.PixelDataJob,3230
2024-10-11 09:25:30,674 INFO  [       ome.security.basic.CurrentDetails] (.Server-11) Adding log:INSERT,class ome.model.jobs.ThumbnailGenerationJob,3231
2024-10-11 09:25:30,678 INFO  [       ome.security.basic.CurrentDetails] (.Server-11) Adding log:INSERT,class ome.model.jobs.IndexingJob,3232
2024-10-11 09:25:30,680 INFO  [                 org.perf4j.TimingLogger] (.Server-11) start[1728638730680] time[0] tag[omero.repo.internal_register.find_repo_files]
2024-10-11 09:25:30,682 INFO  [       ome.security.basic.CurrentDetails] (.Server-11) Adding log:INSERT,class ome.model.core.OriginalFile,3155
2024-10-11 09:25:30,683 INFO  [                 org.perf4j.TimingLogger] (.Server-11) start[1728638730681] time[1] tag[omero.repo.create_original_file.save]
2024-10-11 09:25:30,683 INFO  [                 org.perf4j.TimingLogger] (.Server-11) start[1728638730683] time[0] tag[omero.repo.create_original_file.internal_mkdir]
2024-10-11 09:25:30,683 INFO  [                 org.perf4j.TimingLogger] (.Server-11) start[1728638730683] time[0] tag[omero.repo.internal_register.load]
2024-10-11 09:25:30,683 INFO  [                 org.perf4j.TimingLogger] (.Server-11) start[1728638730683] time[0] tag[omero.repo.internal_register.sort]
2024-10-11 09:25:30,683 INFO  [                 org.perf4j.TimingLogger] (.Server-11) start[1728638730680] time[3] tag[omero.repo.save_fileset.register]
2024-10-11 09:25:30,683 INFO  [                 org.perf4j.TimingLogger] (.Server-11) start[1728638730683] time[0] tag[omero.repo.save_fileset.update_fileset_entries]
2024-10-11 09:25:30,684 INFO  [       ome.security.basic.CurrentDetails] (.Server-11) Adding log:INSERT,class ome.model.fs.Fileset,239
2024-10-11 09:25:30,685 INFO  [       ome.security.basic.CurrentDetails] (.Server-11) Adding log:INSERT,class ome.model.fs.FilesetJobLink,391
2024-10-11 09:25:30,685 INFO  [       ome.security.basic.CurrentDetails] (.Server-11) Adding log:INSERT,class ome.model.fs.FilesetJobLink,392
2024-10-11 09:25:30,685 INFO  [       ome.security.basic.CurrentDetails] (.Server-11) Adding log:INSERT,class ome.model.fs.FilesetJobLink,393
2024-10-11 09:25:30,686 INFO  [       ome.security.basic.CurrentDetails] (.Server-11) Adding log:INSERT,class ome.model.fs.FilesetJobLink,394
2024-10-11 09:25:30,686 INFO  [       ome.security.basic.CurrentDetails] (.Server-11) Adding log:INSERT,class ome.model.fs.FilesetJobLink,395
2024-10-11 09:25:30,686 INFO  [       ome.security.basic.CurrentDetails] (.Server-11) Adding log:INSERT,class ome.model.fs.FilesetEntry,239
2024-10-11 09:25:30,688 INFO  [                 org.perf4j.TimingLogger] (.Server-11) start[1728638730683] time[5] tag[omero.repo.save_fileset.save]
2024-10-11 09:25:30,694 INFO  [                 org.perf4j.TimingLogger] (.Server-11) start[1728638730645] time[49] tag[omero.call.success.ome.services.blitz.repo.RepositoryDaoImpl$8.doWork]
2024-10-11 09:25:30,695 INFO  [                 org.perf4j.TimingLogger] (.Server-11) start[1728638730644] time[50] tag[omero.repo.save_fileset]
2024-10-11 09:25:30,696 INFO  [                      omero.cmd.SessionI] (.Server-11) Added servant to adapter: 83be404c-1957-46d4-a36b-f9feca68dcf3/ca2a846e-790b-4a67-9565-1a3da5d07710-ManagedImportProcessI(omero.grid._ImportProcessTie@371e3ffb)
2024-10-11 09:25:30,696 DEBUG [                omero.util.ServantHolder] (.Server-11) Added omero.grid._ImportProcessTie@371e3ffb to omero.util.ServantHolder@149b3864 as ca2a846e-790b-4a67-9565-1a3da5d07710-ManagedImportProcessI
2024-10-11 09:25:30,696 INFO  [                 org.perf4j.TimingLogger] (.Server-11) start[1728638730644] time[51] tag[omero.import.process.create]
2024-10-11 09:25:30,705 INFO  [         ome.security.basic.EventHandler] (.Server-10)  Auth:	user=0,group=0,event=null(User),sess=83be404c-1957-46d4-a36b-f9feca68dcf3
2024-10-11 09:25:30,707 INFO  [                 org.perf4j.TimingLogger] (.Server-10) start[1728638730703] time[3] tag[omero.call.success.ome.services.blitz.repo.RepositoryDaoImpl$2.doWork]
2024-10-11 09:25:30,709 INFO  [         ome.security.basic.EventHandler] (.Server-10)  Auth:	user=0,group=0,event=null(User),sess=83be404c-1957-46d4-a36b-f9feca68dcf3
2024-10-11 09:25:30,711 INFO  [                 org.perf4j.TimingLogger] (.Server-10) start[1728638730707] time[3] tag[omero.call.success.ome.services.blitz.repo.RepositoryDaoImpl$4.doWork]
2024-10-11 09:25:30,713 INFO  [         ome.security.basic.EventHandler] (.Server-10)  Auth:	user=0,group=0,event=null(User),sess=83be404c-1957-46d4-a36b-f9feca68dcf3
2024-10-11 09:25:30,718 INFO  [                 org.perf4j.TimingLogger] (.Server-10) start[1728638730711] time[6] tag[omero.call.success.ome.services.blitz.repo.RepositoryDaoImpl$6.doWork]
2024-10-11 09:25:30,719 INFO  [    ome.security.basic.BasicEventContext] (.Server-10)  cctx:	group=0
2024-10-11 09:25:30,720 INFO  [         ome.security.basic.EventHandler] (.Server-10)  Auth:	user=0,group=0,event=null(User),sess=83be404c-1957-46d4-a36b-f9feca68dcf3
2024-10-11 09:25:30,722 INFO  [                 org.perf4j.TimingLogger] (.Server-10) start[1728638730718] time[3] tag[omero.call.success.ome.services.blitz.repo.RepositoryDaoImpl$1.doWork]
2024-10-11 09:25:30,722 INFO  [                      omero.cmd.SessionI] (.Server-10) Added servant to adapter: 83be404c-1957-46d4-a36b-f9feca68dcf3/c4ccdc10-689b-4b97-b93d-2e0cdb3cf95a-RepoRawFileStoreI(omero.api._RawFileStoreTie@3557d9dd)
2024-10-11 09:25:30,722 DEBUG [                omero.util.ServantHolder] (.Server-10) Added omero.api._RawFileStoreTie@3557d9dd to omero.util.ServantHolder@149b3864 as c4ccdc10-689b-4b97-b93d-2e0cdb3cf95a-RepoRawFileStoreI
2024-10-11 09:25:30,722 INFO  [                 org.perf4j.TimingLogger] (.Server-10) start[1728638730703] time[18] tag[omero.import.process.opener]
2024-10-11 09:25:30,722 INFO  [                 org.perf4j.TimingLogger] (.Server-10) start[1728638730703] time[18] tag[omero.import.process.uploader]
2024-10-11 09:25:30,727 INFO  [         ome.security.basic.EventHandler] (l.Server-4)  Auth:	user=0,group=0,event=null(User),sess=83be404c-1957-46d4-a36b-f9feca68dcf3
2024-10-11 09:25:30,727 INFO  [                 org.perf4j.TimingLogger] (l.Server-4) start[1728638730725] time[2] tag[omero.call.success.ome.services.RawFileBean.write]
2024-10-11 09:25:30,779 INFO  [         ome.security.basic.EventHandler] (l.Server-9)  Auth:	user=0,group=0,event=null(User),sess=83be404c-1957-46d4-a36b-f9feca68dcf3
2024-10-11 09:25:30,785 INFO  [                 org.perf4j.TimingLogger] (l.Server-9) start[1728638730777] time[7] tag[omero.call.success.ome.services.RawFileBean.write]
2024-10-11 09:25:30,838 INFO  [         ome.security.basic.EventHandler] (.Server-15)  Auth:	user=0,group=0,event=null(User),sess=83be404c-1957-46d4-a36b-f9feca68dcf3
2024-10-11 09:25:30,844 INFO  [                 org.perf4j.TimingLogger] (.Server-15) start[1728638730835] time[8] tag[omero.call.success.ome.services.RawFileBean.write]
2024-10-11 09:25:30,894 INFO  [         ome.security.basic.EventHandler] (.Server-10)  Auth:	user=0,group=0,event=null(User),sess=83be404c-1957-46d4-a36b-f9feca68dcf3
2024-10-11 09:25:30,900 INFO  [                 org.perf4j.TimingLogger] (.Server-10) start[1728638730893] time[6] tag[omero.call.success.ome.services.RawFileBean.write]
2024-10-11 09:25:30,951 INFO  [         ome.security.basic.EventHandler] (.Server-11)  Auth:	user=0,group=0,event=null(User),sess=83be404c-1957-46d4-a36b-f9feca68dcf3
2024-10-11 09:25:30,957 INFO  [                 org.perf4j.TimingLogger] (.Server-11) start[1728638730950] time[6] tag[omero.call.success.ome.services.RawFileBean.write]
2024-10-11 09:25:30,994 INFO  [         ome.security.basic.EventHandler] (.Server-10)  Auth:	user=0,group=0,event=null(User),sess=83be404c-1957-46d4-a36b-f9feca68dcf3
2024-10-11 09:25:31,001 INFO  [                 org.perf4j.TimingLogger] (.Server-10) start[1728638730993] time[7] tag[omero.call.success.ome.services.RawFileBean.write]
2024-10-11 09:25:31,059 INFO  [         ome.security.basic.EventHandler] (l.Server-9)  Auth:	user=0,group=0,event=null(User),sess=83be404c-1957-46d4-a36b-f9feca68dcf3
2024-10-11 09:25:31,066 INFO  [                 org.perf4j.TimingLogger] (l.Server-9) start[1728638731058] time[8] tag[omero.call.success.ome.services.RawFileBean.write]
2024-10-11 09:25:31,076 INFO  [         ome.security.basic.EventHandler] (.Server-15)  Auth:	user=0,group=0,event=null(User),sess=83be404c-1957-46d4-a36b-f9feca68dcf3
2024-10-11 09:25:31,078 INFO  [                 org.perf4j.TimingLogger] (.Server-15) start[1728638731075] time[2] tag[omero.call.success.ome.services.RawFileBean.write]
2024-10-11 09:25:31,084 INFO  [         ome.security.basic.EventHandler] (.Server-12)  Auth:	user=0,group=0,event=28811(User),sess=83be404c-1957-46d4-a36b-f9feca68dcf3
2024-10-11 09:25:31,098 INFO  [                 org.perf4j.TimingLogger] (.Server-12) start[1728638731084] time[13] tag[omero.services.file.flush]
2024-10-11 09:25:31,131 INFO  [                 org.perf4j.TimingLogger] (.Server-12) start[1728638731098] time[33] tag[omero.services.file.checksum]
2024-10-11 09:25:31,134 INFO  [       ome.security.basic.CurrentDetails] (.Server-12) Adding log:UPDATE,class ome.model.core.OriginalFile,3155
2024-10-11 09:25:31,135 INFO  [                 org.perf4j.TimingLogger] (.Server-12) start[1728638731131] time[3] tag[omero.services.file.finalize]
2024-10-11 09:25:31,138 INFO  [                 org.perf4j.TimingLogger] (.Server-12) start[1728638731080] time[58] tag[omero.call.success.ome.services.RawFileBean.save]
2024-10-11 09:25:31,145 INFO  [         ome.security.basic.EventHandler] (.Server-10)  Auth:	user=0,group=0,event=28812(User),sess=83be404c-1957-46d4-a36b-f9feca68dcf3
2024-10-11 09:25:31,150 INFO  [                 org.perf4j.TimingLogger] (.Server-10) start[1728638731140] time[9] tag[omero.call.success.ome.services.RawFileBean.close]
2024-10-11 09:25:31,150 DEBUG [                omero.util.ServantHolder] (.Server-10) Removed omero.api._RawFileStoreTie@3557d9dd from omero.util.ServantHolder@149b3864 as c4ccdc10-689b-4b97-b93d-2e0cdb3cf95a-RepoRawFileStoreI
2024-10-11 09:25:31,150 INFO  [                      omero.cmd.SessionI] (.Server-10) Unregistered servant:83be404c-1957-46d4-a36b-f9feca68dcf3/c4ccdc10-689b-4b97-b93d-2e0cdb3cf95a-RepoRawFileStoreI(omero.api._RawFileStoreTie@3557d9dd)
2024-10-11 09:25:31,154 INFO  [         ome.security.basic.EventHandler] (.Server-11)  Auth:	user=0,group=0,event=null(User),sess=83be404c-1957-46d4-a36b-f9feca68dcf3
2024-10-11 09:25:31,155 INFO  [                 org.perf4j.TimingLogger] (.Server-11) start[1728638731152] time[2] tag[omero.call.success.ome.services.blitz.impl.ServiceFactoryI$3.doWork]
2024-10-11 09:25:31,159 INFO  [                 org.perf4j.TimingLogger] (.Server-11) start[1728638731155] time[4] tag[omero.import.process.checksum]
2024-10-11 09:25:31,164 INFO  [         ome.security.basic.EventHandler] (.Server-11)  Auth:	user=0,group=0,event=28813(User),sess=83be404c-1957-46d4-a36b-f9feca68dcf3
2024-10-11 09:25:31,172 INFO  [       ome.security.basic.CurrentDetails] (.Server-11) Adding log:UPDATE,class ome.model.jobs.UploadJob,3228
2024-10-11 09:25:31,177 INFO  [                 org.perf4j.TimingLogger] (.Server-11) start[1728638731160] time[17] tag[omero.call.success.ome.services.blitz.repo.RepositoryDaoImpl$12.doWork]
2024-10-11 09:25:31,179 INFO  [         ome.security.basic.EventHandler] (.Server-11)  Auth:	user=0,group=0,event=null(User),sess=83be404c-1957-46d4-a36b-f9feca68dcf3
2024-10-11 09:25:31,181 INFO  [                 org.perf4j.TimingLogger] (.Server-11) start[1728638731177] time[3] tag[omero.call.success.ome.services.blitz.repo.RepositoryDaoImpl$2.doWork]
2024-10-11 09:25:31,185 INFO  [         ome.security.basic.EventHandler] (.Server-11)  Auth:	user=0,group=0,event=null(User),sess=83be404c-1957-46d4-a36b-f9feca68dcf3
2024-10-11 09:25:31,186 INFO  [                 org.perf4j.TimingLogger] (.Server-11) start[1728638731183] time[3] tag[omero.call.success.ome.services.blitz.repo.RepositoryDaoImpl$4.doWork]
2024-10-11 09:25:31,186 INFO  [       ome.formats.importer.ImportConfig] (.Server-11) OMERO.blitz Version: 5.7.3
2024-10-11 09:25:31,186 INFO  [       ome.formats.importer.ImportConfig] (.Server-11) Bioformats version: 7.3.0 revision: acc4b6de79e55275b5e6c8200f8458f6d93c9ba0 date: 18 April 2024
2024-10-11 09:25:31,187 INFO  [                      omero.cmd.SessionI] (.Server-11) Added servant to adapter: 83be404c-1957-46d4-a36b-f9feca68dcf3/IHandle3fd9e992-3a2c-4b49-88dc-3afad18fb63d(omero.cmd._HandleTie@6780a78d)
2024-10-11 09:25:31,187 DEBUG [                omero.util.ServantHolder] (.Server-11) Added omero.cmd._HandleTie@6780a78d to omero.util.ServantHolder@149b3864 as IHandle3fd9e992-3a2c-4b49-88dc-3afad18fb63d
2024-10-11 09:25:31,188 INFO  [                 org.perf4j.TimingLogger] (.Server-11) start[1728638731188] time[0] tag[omero.background.submit]
2024-10-11 09:25:31,188 INFO  [                 org.perf4j.TimingLogger] (.Server-11) start[1728638731159] time[28] tag[omero.import.process.submit]
2024-10-11 09:25:31,189 DEBUG [                omero.util.ServantHolder] (.Server-14) Removed omero.grid._ImportProcessTie@371e3ffb from omero.util.ServantHolder@149b3864 as ca2a846e-790b-4a67-9565-1a3da5d07710-ManagedImportProcessI
2024-10-11 09:25:31,189 INFO  [                      omero.cmd.SessionI] (.Server-14) Unregistered servant:83be404c-1957-46d4-a36b-f9feca68dcf3/ca2a846e-790b-4a67-9565-1a3da5d07710-ManagedImportProcessI(omero.grid._ImportProcessTie@371e3ffb)
2024-10-11 09:25:31,195 INFO  [    ome.formats.OMEROMetadataStoreClient] (-thread-10) Call context: {omero.group:0}
2024-10-11 09:25:31,195 INFO  [    ome.formats.OMEROMetadataStoreClient] (-thread-10) Call context: {omero.logfilename:root_0/2024-10/11/09-25-30.540.log}
2024-10-11 09:25:31,200 INFO  [    ome.security.basic.BasicEventContext] (.Server-12)  cctx:	group=0
2024-10-11 09:25:31,202 INFO  [         ome.security.basic.EventHandler] (.Server-12)  Auth:	user=0,group=0,event=null(User),sess=83be404c-1957-46d4-a36b-f9feca68dcf3
2024-10-11 09:25:31,207 INFO  [                 org.perf4j.TimingLogger] (.Server-12) start[1728638731199] time[7] tag[omero.call.success.ome.logic.AdminImpl.getEventContext]
2024-10-11 09:25:31,238 INFO  [    ome.formats.OMEROMetadataStoreClient] (-thread-10) Pinging session every 300s.
2024-10-11 09:25:31,254 INFO  [                loci.formats.ImageReader] (-thread-10) IonpathMIBITiffReader initializing /OMERO/ManagedRepository/root_0/2024-10/11/09-25-30.540/TA459_multipleCores2_Run-4_Point14.tiff
2024-10-11 09:25:31,254 INFO  [       loci.formats.in.MinimalTiffReader] (-thread-10) Reading IFDs
2024-10-11 09:25:31,255 INFO  [       loci.formats.in.MinimalTiffReader] (-thread-10) Populating metadata
2024-10-11 09:25:31,258 INFO  [          loci.formats.in.BaseTiffReader] (-thread-10) Populating OME metadata
2024-10-11 09:25:31,262 INFO  [    ome.security.basic.BasicEventContext] (.Server-15)  cctx:	group=0
2024-10-11 09:25:31,264 INFO  [         ome.security.basic.EventHandler] (.Server-15)  Auth:	user=0,group=0,event=null(User),sess=83be404c-1957-46d4-a36b-f9feca68dcf3
2024-10-11 09:25:31,266 INFO  [                 org.perf4j.TimingLogger] (.Server-15) start[1728638731261] time[4] tag[omero.call.success.ome.logic.QueryImpl.findAll]
2024-10-11 09:25:31,269 INFO  [    ome.security.basic.BasicEventContext] (l.Server-4)  cctx:	group=0
2024-10-11 09:25:31,271 INFO  [         ome.security.basic.EventHandler] (l.Server-4)  Auth:	user=0,group=0,event=null(User),sess=83be404c-1957-46d4-a36b-f9feca68dcf3
2024-10-11 09:25:31,272 INFO  [                 org.perf4j.TimingLogger] (l.Server-4) start[1728638731269] time[3] tag[omero.call.success.ome.logic.QueryImpl.findAll]
2024-10-11 09:25:31,273 INFO  [    ome.security.basic.BasicEventContext] (.Server-11)  cctx:	group=0
2024-10-11 09:25:31,274 INFO  [         ome.security.basic.EventHandler] (.Server-11)  Auth:	user=0,group=0,event=null(User),sess=83be404c-1957-46d4-a36b-f9feca68dcf3
2024-10-11 09:25:31,275 INFO  [                 org.perf4j.TimingLogger] (.Server-11) start[1728638731273] time[2] tag[omero.call.success.ome.logic.QueryImpl.findAll]
2024-10-11 09:25:31,277 INFO  [    ome.security.basic.BasicEventContext] (.Server-13)  cctx:	group=0
2024-10-11 09:25:31,278 INFO  [         ome.security.basic.EventHandler] (.Server-13)  Auth:	user=0,group=0,event=null(User),sess=83be404c-1957-46d4-a36b-f9feca68dcf3
2024-10-11 09:25:31,279 INFO  [                 org.perf4j.TimingLogger] (.Server-13) start[1728638731276] time[2] tag[omero.call.success.ome.logic.QueryImpl.findAll]
2024-10-11 09:25:31,297 DEBUG [                   loci.formats.Memoizer] (-thread-10) saved to temp file: /OMERO/BioFormatsCache/OMERO/ManagedRepository/root_0/2024-10/11/09-25-30.540/.TA459_multipleCores2_Run-4_Point14.tiff.bfmemo15475445151843677883
2024-10-11 09:25:31,297 DEBUG [                   loci.formats.Memoizer] (-thread-10) start[1728638731289] time[8] tag[loci.formats.Memoizer.saveMemo]
2024-10-11 09:25:31,297 DEBUG [                   loci.formats.Memoizer] (-thread-10) saved memo file: /OMERO/BioFormatsCache/OMERO/ManagedRepository/root_0/2024-10/11/09-25-30.540/.TA459_multipleCores2_Run-4_Point14.tiff.bfmemo (50737 bytes)
2024-10-11 09:25:31,297 DEBUG [                   loci.formats.Memoizer] (-thread-10) start[1728638731238] time[58] tag[loci.formats.Memoizer.setId]
2024-10-11 09:25:31,297 DEBUG [    o.s.blitz.repo.ManagedImportRequestI] (-thread-10) Image Count: 44
2024-10-11 09:25:31,297 INFO  [    o.s.blitz.repo.ManagedImportRequestI] (-thread-10) File format: Ionpath MIBI
2024-10-11 09:25:31,297 INFO  [    o.s.blitz.repo.ManagedImportRequestI] (-thread-10) Base reader: loci.formats.in.IonpathMIBITiffReader
2024-10-11 09:25:31,297 INFO  [                 org.perf4j.TimingLogger] (-thread-10) start[1728638731194] time[103] tag[omero.import.request.init]
2024-10-11 09:25:31,297 DEBUG [    o.s.blitz.repo.ManagedImportRequestI] (-thread-10) Step 0
2024-10-11 09:25:31,298 WARN  [    ome.formats.model.ReferenceProcessor] (-thread-10) Unknown target class for LSID: Image:SIMS
2024-10-11 09:25:31,298 INFO  [    ome.formats.OMEROMetadataStoreClient] (-thread-10) Handling # of containers: 91
2024-10-11 09:25:31,300 INFO  [    ome.security.basic.BasicEventContext] (l.Server-9)  cctx:	group=0
2024-10-11 09:25:31,301 INFO  [         ome.security.basic.EventHandler] (l.Server-9)  Auth:	user=0,group=0,event=null(User),sess=83be404c-1957-46d4-a36b-f9feca68dcf3
2024-10-11 09:25:31,302 INFO  [                 org.perf4j.TimingLogger] (l.Server-9) start[1728638731299] time[2] tag[omero.call.success.ome.services.blitz.impl.MetadataStoreI$4.doWork]
2024-10-11 09:25:31,302 INFO  [    ome.formats.OMEROMetadataStoreClient] (-thread-10) Handling # of references: 1
2024-10-11 09:25:31,302 INFO  [    ome.security.basic.BasicEventContext] (.Server-15)  cctx:	group=0
2024-10-11 09:25:31,303 INFO  [         ome.security.basic.EventHandler] (.Server-15)  Auth:	user=0,group=0,event=null(User),sess=83be404c-1957-46d4-a36b-f9feca68dcf3
2024-10-11 09:25:31,304 INFO  [                 org.perf4j.TimingLogger] (.Server-15) start[1728638731302] time[1] tag[omero.call.success.ome.services.blitz.impl.MetadataStoreI$5.doWork]
2024-10-11 09:25:31,305 INFO  [    ome.security.basic.BasicEventContext] (l.Server-4)  cctx:	group=0
2024-10-11 09:25:31,309 INFO  [         ome.security.basic.EventHandler] (l.Server-4)  Auth:	user=0,group=0,event=28820(User),sess=83be404c-1957-46d4-a36b-f9feca68dcf3
2024-10-11 09:25:31,319 INFO  [       ome.security.basic.CurrentDetails] (l.Server-4) Adding log:INSERT,class ome.model.core.Image,239
2024-10-11 09:25:31,320 INFO  [       ome.security.basic.CurrentDetails] (l.Server-4) Adding log:INSERT,class ome.model.containers.DatasetImageLink,239
2024-10-11 09:25:31,320 INFO  [       ome.security.basic.CurrentDetails] (l.Server-4) Adding log:INSERT,class ome.model.core.Pixels,239
2024-10-11 09:25:31,321 INFO  [       ome.security.basic.CurrentDetails] (l.Server-4) Adding log:INSERT,class ome.model.core.LogicalChannel,2223
2024-10-11 09:25:31,321 INFO  [       ome.security.basic.CurrentDetails] (l.Server-4) Adding log:INSERT,class ome.model.core.Channel,2223
2024-10-11 09:25:31,322 INFO  [       ome.security.basic.CurrentDetails] (l.Server-4) Adding log:INSERT,class ome.model.core.LogicalChannel,2224
2024-10-11 09:25:31,322 INFO  [       ome.security.basic.CurrentDetails] (l.Server-4) Adding log:INSERT,class ome.model.core.Channel,2224
2024-10-11 09:25:31,322 INFO  [       ome.security.basic.CurrentDetails] (l.Server-4) Adding log:INSERT,class ome.model.core.LogicalChannel,2225
2024-10-11 09:25:31,322 INFO  [       ome.security.basic.CurrentDetails] (l.Server-4) Adding log:INSERT,class ome.model.core.Channel,2225
2024-10-11 09:25:31,323 INFO  [       ome.security.basic.CurrentDetails] (l.Server-4) Adding log:INSERT,class ome.model.core.LogicalChannel,2226
2024-10-11 09:25:31,323 INFO  [       ome.security.basic.CurrentDetails] (l.Server-4) Adding log:INSERT,class ome.model.core.Channel,2226
2024-10-11 09:25:31,323 INFO  [       ome.security.basic.CurrentDetails] (l.Server-4) Adding log:INSERT,class ome.model.core.LogicalChannel,2227
2024-10-11 09:25:31,324 INFO  [       ome.security.basic.CurrentDetails] (l.Server-4) Adding log:INSERT,class ome.model.core.Channel,2227
2024-10-11 09:25:31,324 INFO  [       ome.security.basic.CurrentDetails] (l.Server-4) Adding log:INSERT,class ome.model.core.LogicalChannel,2228
2024-10-11 09:25:31,324 INFO  [       ome.security.basic.CurrentDetails] (l.Server-4) Adding log:INSERT,class ome.model.core.Channel,2228
2024-10-11 09:25:31,324 INFO  [       ome.security.basic.CurrentDetails] (l.Server-4) Adding log:INSERT,class ome.model.core.LogicalChannel,2229
2024-10-11 09:25:31,325 INFO  [       ome.security.basic.CurrentDetails] (l.Server-4) Adding log:INSERT,class ome.model.core.Channel,2229
2024-10-11 09:25:31,325 INFO  [       ome.security.basic.CurrentDetails] (l.Server-4) Adding log:INSERT,class ome.model.core.LogicalChannel,2230
2024-10-11 09:25:31,325 INFO  [       ome.security.basic.CurrentDetails] (l.Server-4) Adding log:INSERT,class ome.model.core.Channel,2230
2024-10-11 09:25:31,325 INFO  [       ome.security.basic.CurrentDetails] (l.Server-4) Adding log:INSERT,class ome.model.core.LogicalChannel,2231
2024-10-11 09:25:31,326 INFO  [       ome.security.basic.CurrentDetails] (l.Server-4) Adding log:INSERT,class ome.model.core.Channel,2231
2024-10-11 09:25:31,326 INFO  [       ome.security.basic.CurrentDetails] (l.Server-4) Adding log:INSERT,class ome.model.core.LogicalChannel,2232
2024-10-11 09:25:31,326 INFO  [       ome.security.basic.CurrentDetails] (l.Server-4) Adding log:INSERT,class ome.model.core.Channel,2232
2024-10-11 09:25:31,326 INFO  [       ome.security.basic.CurrentDetails] (l.Server-4) Adding log:INSERT,class ome.model.core.LogicalChannel,2233
2024-10-11 09:25:31,327 INFO  [       ome.security.basic.CurrentDetails] (l.Server-4) Adding log:INSERT,class ome.model.core.Channel,2233
2024-10-11 09:25:31,327 INFO  [       ome.security.basic.CurrentDetails] (l.Server-4) Adding log:INSERT,class ome.model.core.LogicalChannel,2234
2024-10-11 09:25:31,327 INFO  [       ome.security.basic.CurrentDetails] (l.Server-4) Adding log:INSERT,class ome.model.core.Channel,2234
2024-10-11 09:25:31,328 INFO  [       ome.security.basic.CurrentDetails] (l.Server-4) Adding log:INSERT,class ome.model.core.LogicalChannel,2235
2024-10-11 09:25:31,328 INFO  [       ome.security.basic.CurrentDetails] (l.Server-4) Adding log:INSERT,class ome.model.core.Channel,2235
2024-10-11 09:25:31,328 INFO  [       ome.security.basic.CurrentDetails] (l.Server-4) Adding log:INSERT,class ome.model.core.LogicalChannel,2236
2024-10-11 09:25:31,328 INFO  [       ome.security.basic.CurrentDetails] (l.Server-4) Adding log:INSERT,class ome.model.core.Channel,2236
2024-10-11 09:25:31,329 INFO  [       ome.security.basic.CurrentDetails] (l.Server-4) Adding log:INSERT,class ome.model.core.LogicalChannel,2237
2024-10-11 09:25:31,329 INFO  [       ome.security.basic.CurrentDetails] (l.Server-4) Adding log:INSERT,class ome.model.core.Channel,2237
2024-10-11 09:25:31,329 INFO  [       ome.security.basic.CurrentDetails] (l.Server-4) Adding log:INSERT,class ome.model.core.LogicalChannel,2238
2024-10-11 09:25:31,330 INFO  [       ome.security.basic.CurrentDetails] (l.Server-4) Adding log:INSERT,class ome.model.core.Channel,2238
2024-10-11 09:25:31,330 INFO  [       ome.security.basic.CurrentDetails] (l.Server-4) Adding log:INSERT,class ome.model.core.LogicalChannel,2239
2024-10-11 09:25:31,330 INFO  [       ome.security.basic.CurrentDetails] (l.Server-4) Adding log:INSERT,class ome.model.core.Channel,2239
2024-10-11 09:25:31,330 INFO  [       ome.security.basic.CurrentDetails] (l.Server-4) Adding log:INSERT,class ome.model.core.LogicalChannel,2240
2024-10-11 09:25:31,331 INFO  [       ome.security.basic.CurrentDetails] (l.Server-4) Adding log:INSERT,class ome.model.core.Channel,2240
2024-10-11 09:25:31,331 INFO  [       ome.security.basic.CurrentDetails] (l.Server-4) Adding log:INSERT,class ome.model.core.LogicalChannel,2241
2024-10-11 09:25:31,331 INFO  [       ome.security.basic.CurrentDetails] (l.Server-4) Adding log:INSERT,class ome.model.core.Channel,2241
2024-10-11 09:25:31,331 INFO  [       ome.security.basic.CurrentDetails] (l.Server-4) Adding log:INSERT,class ome.model.core.LogicalChannel,2242
2024-10-11 09:25:31,332 INFO  [       ome.security.basic.CurrentDetails] (l.Server-4) Adding log:INSERT,class ome.model.core.Channel,2242
2024-10-11 09:25:31,332 INFO  [       ome.security.basic.CurrentDetails] (l.Server-4) Adding log:INSERT,class ome.model.core.LogicalChannel,2243
2024-10-11 09:25:31,332 INFO  [       ome.security.basic.CurrentDetails] (l.Server-4) Adding log:INSERT,class ome.model.core.Channel,2243
2024-10-11 09:25:31,333 INFO  [       ome.security.basic.CurrentDetails] (l.Server-4) Adding log:INSERT,class ome.model.core.LogicalChannel,2244
2024-10-11 09:25:31,333 INFO  [       ome.security.basic.CurrentDetails] (l.Server-4) Adding log:INSERT,class ome.model.core.Channel,2244
2024-10-11 09:25:31,333 INFO  [       ome.security.basic.CurrentDetails] (l.Server-4) Adding log:INSERT,class ome.model.core.LogicalChannel,2245
2024-10-11 09:25:31,333 INFO  [       ome.security.basic.CurrentDetails] (l.Server-4) Adding log:INSERT,class ome.model.core.Channel,2245
2024-10-11 09:25:31,334 INFO  [       ome.security.basic.CurrentDetails] (l.Server-4) Adding log:INSERT,class ome.model.core.LogicalChannel,2246
2024-10-11 09:25:31,334 INFO  [       ome.security.basic.CurrentDetails] (l.Server-4) Adding log:INSERT,class ome.model.core.Channel,2246
2024-10-11 09:25:31,335 INFO  [       ome.security.basic.CurrentDetails] (l.Server-4) Adding log:INSERT,class ome.model.core.LogicalChannel,2247
2024-10-11 09:25:31,335 INFO  [       ome.security.basic.CurrentDetails] (l.Server-4) Adding log:INSERT,class ome.model.core.Channel,2247
2024-10-11 09:25:31,335 INFO  [       ome.security.basic.CurrentDetails] (l.Server-4) Adding log:INSERT,class ome.model.core.LogicalChannel,2248
2024-10-11 09:25:31,336 INFO  [       ome.security.basic.CurrentDetails] (l.Server-4) Adding log:INSERT,class ome.model.core.Channel,2248
2024-10-11 09:25:31,336 INFO  [       ome.security.basic.CurrentDetails] (l.Server-4) Adding log:INSERT,class ome.model.core.LogicalChannel,2249
2024-10-11 09:25:31,336 INFO  [       ome.security.basic.CurrentDetails] (l.Server-4) Adding log:INSERT,class ome.model.core.Channel,2249
2024-10-11 09:25:31,337 INFO  [       ome.security.basic.CurrentDetails] (l.Server-4) Adding log:INSERT,class ome.model.core.LogicalChannel,2250
2024-10-11 09:25:31,337 INFO  [       ome.security.basic.CurrentDetails] (l.Server-4) Adding log:INSERT,class ome.model.core.Channel,2250
2024-10-11 09:25:31,337 INFO  [       ome.security.basic.CurrentDetails] (l.Server-4) Adding log:INSERT,class ome.model.core.LogicalChannel,2251
2024-10-11 09:25:31,337 INFO  [       ome.security.basic.CurrentDetails] (l.Server-4) Adding log:INSERT,class ome.model.core.Channel,2251
2024-10-11 09:25:31,338 INFO  [       ome.security.basic.CurrentDetails] (l.Server-4) Adding log:INSERT,class ome.model.core.LogicalChannel,2252
2024-10-11 09:25:31,338 INFO  [       ome.security.basic.CurrentDetails] (l.Server-4) Adding log:INSERT,class ome.model.core.Channel,2252
2024-10-11 09:25:31,338 INFO  [       ome.security.basic.CurrentDetails] (l.Server-4) Adding log:INSERT,class ome.model.core.LogicalChannel,2253
2024-10-11 09:25:31,339 INFO  [       ome.security.basic.CurrentDetails] (l.Server-4) Adding log:INSERT,class ome.model.core.Channel,2253
2024-10-11 09:25:31,339 INFO  [       ome.security.basic.CurrentDetails] (l.Server-4) Adding log:INSERT,class ome.model.core.LogicalChannel,2254
2024-10-11 09:25:31,339 INFO  [       ome.security.basic.CurrentDetails] (l.Server-4) Adding log:INSERT,class ome.model.core.Channel,2254
2024-10-11 09:25:31,340 INFO  [       ome.security.basic.CurrentDetails] (l.Server-4) Adding log:INSERT,class ome.model.core.LogicalChannel,2255
2024-10-11 09:25:31,340 INFO  [       ome.security.basic.CurrentDetails] (l.Server-4) Adding log:INSERT,class ome.model.core.Channel,2255
2024-10-11 09:25:31,341 INFO  [       ome.security.basic.CurrentDetails] (l.Server-4) Adding log:INSERT,class ome.model.core.LogicalChannel,2256
2024-10-11 09:25:31,342 INFO  [       ome.security.basic.CurrentDetails] (l.Server-4) Adding log:INSERT,class ome.model.core.Channel,2256
2024-10-11 09:25:31,342 INFO  [       ome.security.basic.CurrentDetails] (l.Server-4) Adding log:INSERT,class ome.model.core.LogicalChannel,2257
2024-10-11 09:25:31,342 INFO  [       ome.security.basic.CurrentDetails] (l.Server-4) Adding log:INSERT,class ome.model.core.Channel,2257
2024-10-11 09:25:31,343 INFO  [       ome.security.basic.CurrentDetails] (l.Server-4) Adding log:INSERT,class ome.model.core.LogicalChannel,2258
2024-10-11 09:25:31,343 INFO  [       ome.security.basic.CurrentDetails] (l.Server-4) Adding log:INSERT,class ome.model.core.Channel,2258
2024-10-11 09:25:31,344 INFO  [       ome.security.basic.CurrentDetails] (l.Server-4) Adding log:INSERT,class ome.model.core.LogicalChannel,2259
2024-10-11 09:25:31,344 INFO  [       ome.security.basic.CurrentDetails] (l.Server-4) Adding log:INSERT,class ome.model.core.Channel,2259
2024-10-11 09:25:31,344 INFO  [       ome.security.basic.CurrentDetails] (l.Server-4) Adding log:INSERT,class ome.model.core.LogicalChannel,2260
2024-10-11 09:25:31,345 INFO  [       ome.security.basic.CurrentDetails] (l.Server-4) Adding log:INSERT,class ome.model.core.Channel,2260
2024-10-11 09:25:31,345 INFO  [       ome.security.basic.CurrentDetails] (l.Server-4) Adding log:INSERT,class ome.model.core.LogicalChannel,2261
2024-10-11 09:25:31,345 INFO  [       ome.security.basic.CurrentDetails] (l.Server-4) Adding log:INSERT,class ome.model.core.Channel,2261
2024-10-11 09:25:31,346 INFO  [       ome.security.basic.CurrentDetails] (l.Server-4) Adding log:INSERT,class ome.model.core.LogicalChannel,2262
2024-10-11 09:25:31,346 INFO  [       ome.security.basic.CurrentDetails] (l.Server-4) Adding log:INSERT,class ome.model.core.Channel,2262
2024-10-11 09:25:31,347 INFO  [       ome.security.basic.CurrentDetails] (l.Server-4) Adding log:INSERT,class ome.model.core.LogicalChannel,2263
2024-10-11 09:25:31,347 INFO  [       ome.security.basic.CurrentDetails] (l.Server-4) Adding log:INSERT,class ome.model.core.Channel,2263
2024-10-11 09:25:31,348 INFO  [       ome.security.basic.CurrentDetails] (l.Server-4) Adding log:INSERT,class ome.model.core.LogicalChannel,2264
2024-10-11 09:25:31,348 INFO  [       ome.security.basic.CurrentDetails] (l.Server-4) Adding log:INSERT,class ome.model.core.Channel,2264
2024-10-11 09:25:31,348 INFO  [       ome.security.basic.CurrentDetails] (l.Server-4) Adding log:INSERT,class ome.model.core.LogicalChannel,2265
2024-10-11 09:25:31,349 INFO  [       ome.security.basic.CurrentDetails] (l.Server-4) Adding log:INSERT,class ome.model.core.Channel,2265
2024-10-11 09:25:31,349 INFO  [       ome.security.basic.CurrentDetails] (l.Server-4) Adding log:INSERT,class ome.model.core.LogicalChannel,2266
2024-10-11 09:25:31,350 INFO  [       ome.security.basic.CurrentDetails] (l.Server-4) Adding log:INSERT,class ome.model.core.Channel,2266
2024-10-11 09:25:31,361 INFO  [                 org.perf4j.TimingLogger] (l.Server-4) start[1728638731310] time[51] tag[omero.saveImportGraph]
2024-10-11 09:25:31,376 INFO  [                 org.perf4j.TimingLogger] (l.Server-4) start[1728638731305] time[71] tag[omero.call.success.ome.services.blitz.impl.MetadataStoreI$3.doWork]
2024-10-11 09:25:31,379 INFO  [                 org.perf4j.TimingLogger] (-thread-10) start[1728638731297] time[81] tag[omero.import.request.metadata]
2024-10-11 09:25:31,380 INFO  [    ome.security.basic.BasicEventContext] (.Server-11)  cctx:	group=0
2024-10-11 09:25:31,382 INFO  [         ome.security.basic.EventHandler] (.Server-11)  Auth:	user=0,group=0,event=null(User),sess=83be404c-1957-46d4-a36b-f9feca68dcf3
2024-10-11 09:25:31,383 INFO  [                 org.perf4j.TimingLogger] (.Server-11) start[1728638731379] time[3] tag[omero.call.success.ome.logic.QueryImpl.get]
2024-10-11 09:25:31,385 INFO  [    ome.security.basic.BasicEventContext] (.Server-13)  cctx:	group=0
2024-10-11 09:25:31,395 INFO  [         ome.security.basic.EventHandler] (.Server-13)  Auth:	user=0,group=0,event=28824(User),sess=83be404c-1957-46d4-a36b-f9feca68dcf3
2024-10-11 09:25:31,397 INFO  [       ome.security.basic.CurrentDetails] (.Server-13) Adding log:UPDATE,class ome.model.core.OriginalFile,3154
2024-10-11 09:25:31,401 INFO  [                 org.perf4j.TimingLogger] (.Server-13) start[1728638731384] time[17] tag[omero.call.success.ome.logic.UpdateImpl.saveObject]
2024-10-11 09:25:31,402 INFO  [                 org.perf4j.TimingLogger] (-thread-10) start[1728638731297] time[104] tag[omero.import.request.step]
2024-10-11 09:25:31,402 DEBUG [    o.s.blitz.repo.ManagedImportRequestI] (-thread-10) Step 1
2024-10-11 09:25:31,402 DEBUG [    o.s.blitz.repo.ManagedImportRequestI] (-thread-10) Plane:0 X:0 Y:0 TileWidth:2048 TileHeight:2048 arrayBuf.length:8388608
2024-10-11 09:25:31,490 DEBUG [    o.s.blitz.repo.ManagedImportRequestI] (-thread-10) Plane:1 X:0 Y:0 TileWidth:2048 TileHeight:2048 arrayBuf.length:8388608
2024-10-11 09:25:31,549 DEBUG [    o.s.blitz.repo.ManagedImportRequestI] (-thread-10) Plane:2 X:0 Y:0 TileWidth:2048 TileHeight:2048 arrayBuf.length:8388608
2024-10-11 09:25:31,611 DEBUG [    o.s.blitz.repo.ManagedImportRequestI] (-thread-10) Plane:3 X:0 Y:0 TileWidth:2048 TileHeight:2048 arrayBuf.length:8388608
2024-10-11 09:25:31,688 DEBUG [    o.s.blitz.repo.ManagedImportRequestI] (-thread-10) Plane:4 X:0 Y:0 TileWidth:2048 TileHeight:2048 arrayBuf.length:8388608
2024-10-11 09:25:31,764 DEBUG [    o.s.blitz.repo.ManagedImportRequestI] (-thread-10) Plane:5 X:0 Y:0 TileWidth:2048 TileHeight:2048 arrayBuf.length:8388608
2024-10-11 09:25:31,823 DEBUG [    o.s.blitz.repo.ManagedImportRequestI] (-thread-10) Plane:6 X:0 Y:0 TileWidth:2048 TileHeight:2048 arrayBuf.length:8388608
2024-10-11 09:25:31,878 DEBUG [    o.s.blitz.repo.ManagedImportRequestI] (-thread-10) Plane:7 X:0 Y:0 TileWidth:2048 TileHeight:2048 arrayBuf.length:8388608
2024-10-11 09:25:31,925 DEBUG [    o.s.blitz.repo.ManagedImportRequestI] (-thread-10) Plane:8 X:0 Y:0 TileWidth:2048 TileHeight:2048 arrayBuf.length:8388608
2024-10-11 09:25:31,998 DEBUG [    o.s.blitz.repo.ManagedImportRequestI] (-thread-10) Plane:9 X:0 Y:0 TileWidth:2048 TileHeight:2048 arrayBuf.length:8388608
2024-10-11 09:25:32,064 DEBUG [    o.s.blitz.repo.ManagedImportRequestI] (-thread-10) Plane:10 X:0 Y:0 TileWidth:2048 TileHeight:2048 arrayBuf.length:8388608
2024-10-11 09:25:32,118 DEBUG [    o.s.blitz.repo.ManagedImportRequestI] (-thread-10) Plane:11 X:0 Y:0 TileWidth:2048 TileHeight:2048 arrayBuf.length:8388608
2024-10-11 09:25:32,189 DEBUG [    o.s.blitz.repo.ManagedImportRequestI] (-thread-10) Plane:12 X:0 Y:0 TileWidth:2048 TileHeight:2048 arrayBuf.length:8388608
2024-10-11 09:25:32,275 DEBUG [    o.s.blitz.repo.ManagedImportRequestI] (-thread-10) Plane:13 X:0 Y:0 TileWidth:2048 TileHeight:2048 arrayBuf.length:8388608
2024-10-11 09:25:32,347 DEBUG [    o.s.blitz.repo.ManagedImportRequestI] (-thread-10) Plane:14 X:0 Y:0 TileWidth:2048 TileHeight:2048 arrayBuf.length:8388608
2024-10-11 09:25:32,403 DEBUG [    o.s.blitz.repo.ManagedImportRequestI] (-thread-10) Plane:15 X:0 Y:0 TileWidth:2048 TileHeight:2048 arrayBuf.length:8388608
2024-10-11 09:25:32,460 DEBUG [    o.s.blitz.repo.ManagedImportRequestI] (-thread-10) Plane:16 X:0 Y:0 TileWidth:2048 TileHeight:2048 arrayBuf.length:8388608
2024-10-11 09:25:32,532 DEBUG [    o.s.blitz.repo.ManagedImportRequestI] (-thread-10) Plane:17 X:0 Y:0 TileWidth:2048 TileHeight:2048 arrayBuf.length:8388608
2024-10-11 09:25:32,602 DEBUG [    o.s.blitz.repo.ManagedImportRequestI] (-thread-10) Plane:18 X:0 Y:0 TileWidth:2048 TileHeight:2048 arrayBuf.length:8388608
2024-10-11 09:25:32,662 DEBUG [    o.s.blitz.repo.ManagedImportRequestI] (-thread-10) Plane:19 X:0 Y:0 TileWidth:2048 TileHeight:2048 arrayBuf.length:8388608
2024-10-11 09:25:32,742 DEBUG [    o.s.blitz.repo.ManagedImportRequestI] (-thread-10) Plane:20 X:0 Y:0 TileWidth:2048 TileHeight:2048 arrayBuf.length:8388608
2024-10-11 09:25:32,810 DEBUG [    o.s.blitz.repo.ManagedImportRequestI] (-thread-10) Plane:21 X:0 Y:0 TileWidth:2048 TileHeight:2048 arrayBuf.length:8388608
2024-10-11 09:25:32,874 DEBUG [    o.s.blitz.repo.ManagedImportRequestI] (-thread-10) Plane:22 X:0 Y:0 TileWidth:2048 TileHeight:2048 arrayBuf.length:8388608
2024-10-11 09:25:32,950 DEBUG [    o.s.blitz.repo.ManagedImportRequestI] (-thread-10) Plane:23 X:0 Y:0 TileWidth:2048 TileHeight:2048 arrayBuf.length:8388608
2024-10-11 09:25:33,039 DEBUG [    o.s.blitz.repo.ManagedImportRequestI] (-thread-10) Plane:24 X:0 Y:0 TileWidth:2048 TileHeight:2048 arrayBuf.length:8388608
2024-10-11 09:25:33,102 DEBUG [    o.s.blitz.repo.ManagedImportRequestI] (-thread-10) Plane:25 X:0 Y:0 TileWidth:2048 TileHeight:2048 arrayBuf.length:8388608
2024-10-11 09:25:33,172 DEBUG [    o.s.blitz.repo.ManagedImportRequestI] (-thread-10) Plane:26 X:0 Y:0 TileWidth:2048 TileHeight:2048 arrayBuf.length:8388608
2024-10-11 09:25:33,241 DEBUG [    o.s.blitz.repo.ManagedImportRequestI] (-thread-10) Plane:27 X:0 Y:0 TileWidth:2048 TileHeight:2048 arrayBuf.length:8388608
2024-10-11 09:25:33,293 DEBUG [    o.s.blitz.repo.ManagedImportRequestI] (-thread-10) Plane:28 X:0 Y:0 TileWidth:2048 TileHeight:2048 arrayBuf.length:8388608
2024-10-11 09:25:33,359 DEBUG [    o.s.blitz.repo.ManagedImportRequestI] (-thread-10) Plane:29 X:0 Y:0 TileWidth:2048 TileHeight:2048 arrayBuf.length:8388608
2024-10-11 09:25:33,442 DEBUG [    o.s.blitz.repo.ManagedImportRequestI] (-thread-10) Plane:30 X:0 Y:0 TileWidth:2048 TileHeight:2048 arrayBuf.length:8388608
2024-10-11 09:25:33,492 DEBUG [    o.s.blitz.repo.ManagedImportRequestI] (-thread-10) Plane:31 X:0 Y:0 TileWidth:2048 TileHeight:2048 arrayBuf.length:8388608
2024-10-11 09:25:33,551 DEBUG [    o.s.blitz.repo.ManagedImportRequestI] (-thread-10) Plane:32 X:0 Y:0 TileWidth:2048 TileHeight:2048 arrayBuf.length:8388608
2024-10-11 09:25:33,623 DEBUG [    o.s.blitz.repo.ManagedImportRequestI] (-thread-10) Plane:33 X:0 Y:0 TileWidth:2048 TileHeight:2048 arrayBuf.length:8388608
2024-10-11 09:25:33,706 DEBUG [    o.s.blitz.repo.ManagedImportRequestI] (-thread-10) Plane:34 X:0 Y:0 TileWidth:2048 TileHeight:2048 arrayBuf.length:8388608
2024-10-11 09:25:33,769 DEBUG [    o.s.blitz.repo.ManagedImportRequestI] (-thread-10) Plane:35 X:0 Y:0 TileWidth:2048 TileHeight:2048 arrayBuf.length:8388608
2024-10-11 09:25:33,837 DEBUG [    o.s.blitz.repo.ManagedImportRequestI] (-thread-10) Plane:36 X:0 Y:0 TileWidth:2048 TileHeight:2048 arrayBuf.length:8388608
2024-10-11 09:25:33,900 DEBUG [    o.s.blitz.repo.ManagedImportRequestI] (-thread-10) Plane:37 X:0 Y:0 TileWidth:2048 TileHeight:2048 arrayBuf.length:8388608
2024-10-11 09:25:33,959 DEBUG [    o.s.blitz.repo.ManagedImportRequestI] (-thread-10) Plane:38 X:0 Y:0 TileWidth:2048 TileHeight:2048 arrayBuf.length:8388608
2024-10-11 09:25:34,042 DEBUG [    o.s.blitz.repo.ManagedImportRequestI] (-thread-10) Plane:39 X:0 Y:0 TileWidth:2048 TileHeight:2048 arrayBuf.length:8388608
2024-10-11 09:25:34,103 DEBUG [    o.s.blitz.repo.ManagedImportRequestI] (-thread-10) Plane:40 X:0 Y:0 TileWidth:2048 TileHeight:2048 arrayBuf.length:8388608
2024-10-11 09:25:34,165 DEBUG [    o.s.blitz.repo.ManagedImportRequestI] (-thread-10) Plane:41 X:0 Y:0 TileWidth:2048 TileHeight:2048 arrayBuf.length:8388608
2024-10-11 09:25:34,250 DEBUG [    o.s.blitz.repo.ManagedImportRequestI] (-thread-10) Plane:42 X:0 Y:0 TileWidth:2048 TileHeight:2048 arrayBuf.length:8388608
2024-10-11 09:25:34,309 DEBUG [    o.s.blitz.repo.ManagedImportRequestI] (-thread-10) Plane:43 X:0 Y:0 TileWidth:2048 TileHeight:2048 arrayBuf.length:8388608
2024-10-11 09:25:34,368 INFO  [    ome.security.basic.BasicEventContext] (l.Server-9)  cctx:	group=0
2024-10-11 09:25:34,375 INFO  [         ome.security.basic.EventHandler] (l.Server-9)  Auth:	user=0,group=0,event=28864(User),sess=83be404c-1957-46d4-a36b-f9feca68dcf3
2024-10-11 09:25:34,470 INFO  [                 org.perf4j.TimingLogger] (l.Server-9) start[1728638734366] time[104] tag[omero.call.success.ome.services.blitz.impl.MetadataStoreI$7.doWork]
2024-10-11 09:25:34,474 INFO  [    ome.security.basic.BasicEventContext] (.Server-10)  cctx:	group=0
2024-10-11 09:25:34,478 INFO  [         ome.security.basic.EventHandler] (.Server-10)  Auth:	user=0,group=0,event=28865(User),sess=83be404c-1957-46d4-a36b-f9feca68dcf3
2024-10-11 09:25:34,625 INFO  [       ome.security.basic.CurrentDetails] (.Server-10) Adding log:UPDATE,class ome.model.core.Pixels,239
2024-10-11 09:25:34,631 INFO  [                 org.perf4j.TimingLogger] (.Server-10) start[1728638734473] time[157] tag[omero.call.success.ome.logic.UpdateImpl.saveArray]
2024-10-11 09:25:34,633 INFO  [    ome.security.basic.BasicEventContext] (.Server-13)  cctx:	group=0
2024-10-11 09:25:34,638 INFO  [         ome.security.basic.EventHandler] (.Server-13)  Auth:	user=0,group=0,event=28871(User),sess=83be404c-1957-46d4-a36b-f9feca68dcf3
2024-10-11 09:25:34,668 INFO  [                 org.perf4j.TimingLogger] (.Server-13) start[1728638734632] time[36] tag[omero.call.success.ome.services.blitz.impl.MetadataStoreI$2.doWork]
2024-10-11 09:25:34,669 INFO  [                 org.perf4j.TimingLogger] (-thread-10) start[1728638731402] time[3266] tag[omero.import.request.pixels]
2024-10-11 09:25:34,671 INFO  [    ome.security.basic.BasicEventContext] (.Server-15)  cctx:	group=0
2024-10-11 09:25:34,673 INFO  [         ome.security.basic.EventHandler] (.Server-15)  Auth:	user=0,group=0,event=null(User),sess=83be404c-1957-46d4-a36b-f9feca68dcf3
2024-10-11 09:25:34,677 INFO  [                 org.perf4j.TimingLogger] (.Server-15) start[1728638734670] time[7] tag[omero.call.success.ome.logic.QueryImpl.get]
2024-10-11 09:25:34,678 INFO  [    ome.security.basic.BasicEventContext] (.Server-11)  cctx:	group=0
2024-10-11 09:25:34,682 INFO  [         ome.security.basic.EventHandler] (.Server-11)  Auth:	user=0,group=0,event=28872(User),sess=83be404c-1957-46d4-a36b-f9feca68dcf3
2024-10-11 09:25:34,683 INFO  [       ome.security.basic.CurrentDetails] (.Server-11) Adding log:UPDATE,class ome.model.core.OriginalFile,3154
2024-10-11 09:25:34,687 INFO  [                 org.perf4j.TimingLogger] (.Server-11) start[1728638734678] time[9] tag[omero.call.success.ome.logic.UpdateImpl.saveObject]
2024-10-11 09:25:34,687 INFO  [                 org.perf4j.TimingLogger] (-thread-10) start[1728638731402] time[3285] tag[omero.import.request.step]
2024-10-11 09:25:34,688 DEBUG [    o.s.blitz.repo.ManagedImportRequestI] (-thread-10) Step 2
2024-10-11 09:25:34,689 INFO  [    ome.security.basic.BasicEventContext] (.Server-12)  cctx:	group=0
2024-10-11 09:25:34,692 INFO  [         ome.security.basic.EventHandler] (.Server-12)  Auth:	user=0,group=0,event=28873(User),sess=83be404c-1957-46d4-a36b-f9feca68dcf3
2024-10-11 09:25:34,695 INFO  [                 org.perf4j.TimingLogger] (.Server-12) start[1728638734692] time[3] tag[omero.loadPixels]
2024-10-11 09:25:34,704 INFO  [                 org.perf4j.TimingLogger] (.Server-12) start[1728638734698] time[5] tag[omero.loadRenderingSettingsByUser]
2024-10-11 09:25:34,721 DEBUG [                   loci.formats.Memoizer] (.Server-12) start[1728638734709] time[11] tag[loci.formats.Memoizer.loadMemo]
2024-10-11 09:25:34,744 INFO  [                loci.formats.ImageReader] (.Server-12) IonpathMIBITiffReader initializing /OMERO/ManagedRepository/root_0/2024-10/11/09-25-30.540/TA459_multipleCores2_Run-4_Point14.tiff
2024-10-11 09:25:34,744 INFO  [       loci.formats.in.MinimalTiffReader] (.Server-12) Reading IFDs
2024-10-11 09:25:34,746 INFO  [       loci.formats.in.MinimalTiffReader] (.Server-12) Populating metadata
2024-10-11 09:25:34,748 INFO  [          loci.formats.in.BaseTiffReader] (.Server-12) Populating OME metadata
2024-10-11 09:25:34,756 DEBUG [                   loci.formats.Memoizer] (.Server-12) saved to temp file: /OMERO/BioFormatsCache/OMERO/ManagedRepository/root_0/2024-10/11/09-25-30.540/.TA459_multipleCores2_Run-4_Point14.tiff.bfmemo5682417146422184248
2024-10-11 09:25:34,756 DEBUG [                   loci.formats.Memoizer] (.Server-12) start[1728638734754] time[1] tag[loci.formats.Memoizer.saveMemo]
2024-10-11 09:25:34,756 DEBUG [                   loci.formats.Memoizer] (.Server-12) saved memo file: /OMERO/BioFormatsCache/OMERO/ManagedRepository/root_0/2024-10/11/09-25-30.540/.TA459_multipleCores2_Run-4_Point14.tiff.bfmemo (50728 bytes)
2024-10-11 09:25:34,756 DEBUG [                   loci.formats.Memoizer] (.Server-12) start[1728638734709] time[46] tag[loci.formats.Memoizer.setId]
2024-10-11 09:25:34,771 INFO  [       ome.security.basic.CurrentDetails] (.Server-12) Adding log:INSERT,class ome.model.display.QuantumDef,239
2024-10-11 09:25:34,771 INFO  [       ome.security.basic.CurrentDetails] (.Server-12) Adding log:INSERT,class ome.model.display.RenderingDef,239
2024-10-11 09:25:34,771 INFO  [       ome.security.basic.CurrentDetails] (.Server-12) Adding log:INSERT,class ome.model.display.ChannelBinding,2223
2024-10-11 09:25:34,772 INFO  [       ome.security.basic.CurrentDetails] (.Server-12) Adding log:INSERT,class ome.model.display.ChannelBinding,2224
2024-10-11 09:25:34,772 INFO  [       ome.security.basic.CurrentDetails] (.Server-12) Adding log:INSERT,class ome.model.display.ChannelBinding,2225
2024-10-11 09:25:34,772 INFO  [       ome.security.basic.CurrentDetails] (.Server-12) Adding log:INSERT,class ome.model.display.ChannelBinding,2226
2024-10-11 09:25:34,772 INFO  [       ome.security.basic.CurrentDetails] (.Server-12) Adding log:INSERT,class ome.model.display.ChannelBinding,2227
2024-10-11 09:25:34,773 INFO  [       ome.security.basic.CurrentDetails] (.Server-12) Adding log:INSERT,class ome.model.display.ChannelBinding,2228
2024-10-11 09:25:34,773 INFO  [       ome.security.basic.CurrentDetails] (.Server-12) Adding log:INSERT,class ome.model.display.ChannelBinding,2229
2024-10-11 09:25:34,773 INFO  [       ome.security.basic.CurrentDetails] (.Server-12) Adding log:INSERT,class ome.model.display.ChannelBinding,2230
2024-10-11 09:25:34,773 INFO  [       ome.security.basic.CurrentDetails] (.Server-12) Adding log:INSERT,class ome.model.display.ChannelBinding,2231
2024-10-11 09:25:34,773 INFO  [       ome.security.basic.CurrentDetails] (.Server-12) Adding log:INSERT,class ome.model.display.ChannelBinding,2232
2024-10-11 09:25:34,774 INFO  [       ome.security.basic.CurrentDetails] (.Server-12) Adding log:INSERT,class ome.model.display.ChannelBinding,2233
2024-10-11 09:25:34,774 INFO  [       ome.security.basic.CurrentDetails] (.Server-12) Adding log:INSERT,class ome.model.display.ChannelBinding,2234
2024-10-11 09:25:34,774 INFO  [       ome.security.basic.CurrentDetails] (.Server-12) Adding log:INSERT,class ome.model.display.ChannelBinding,2235
2024-10-11 09:25:34,774 INFO  [       ome.security.basic.CurrentDetails] (.Server-12) Adding log:INSERT,class ome.model.display.ChannelBinding,2236
2024-10-11 09:25:34,774 INFO  [       ome.security.basic.CurrentDetails] (.Server-12) Adding log:INSERT,class ome.model.display.ChannelBinding,2237
2024-10-11 09:25:34,775 INFO  [       ome.security.basic.CurrentDetails] (.Server-12) Adding log:INSERT,class ome.model.display.ChannelBinding,2238
2024-10-11 09:25:34,775 INFO  [       ome.security.basic.CurrentDetails] (.Server-12) Adding log:INSERT,class ome.model.display.ChannelBinding,2239
2024-10-11 09:25:34,776 INFO  [       ome.security.basic.CurrentDetails] (.Server-12) Adding log:INSERT,class ome.model.display.ChannelBinding,2240
2024-10-11 09:25:34,776 INFO  [       ome.security.basic.CurrentDetails] (.Server-12) Adding log:INSERT,class ome.model.display.ChannelBinding,2241
2024-10-11 09:25:34,776 INFO  [       ome.security.basic.CurrentDetails] (.Server-12) Adding log:INSERT,class ome.model.display.ChannelBinding,2242
2024-10-11 09:25:34,776 INFO  [       ome.security.basic.CurrentDetails] (.Server-12) Adding log:INSERT,class ome.model.display.ChannelBinding,2243
2024-10-11 09:25:34,777 INFO  [       ome.security.basic.CurrentDetails] (.Server-12) Adding log:INSERT,class ome.model.display.ChannelBinding,2244
2024-10-11 09:25:34,777 INFO  [       ome.security.basic.CurrentDetails] (.Server-12) Adding log:INSERT,class ome.model.display.ChannelBinding,2245
2024-10-11 09:25:34,777 INFO  [       ome.security.basic.CurrentDetails] (.Server-12) Adding log:INSERT,class ome.model.display.ChannelBinding,2246
2024-10-11 09:25:34,777 INFO  [       ome.security.basic.CurrentDetails] (.Server-12) Adding log:INSERT,class ome.model.display.ChannelBinding,2247
2024-10-11 09:25:34,778 INFO  [       ome.security.basic.CurrentDetails] (.Server-12) Adding log:INSERT,class ome.model.display.ChannelBinding,2248
2024-10-11 09:25:34,778 INFO  [       ome.security.basic.CurrentDetails] (.Server-12) Adding log:INSERT,class ome.model.display.ChannelBinding,2249
2024-10-11 09:25:34,778 INFO  [       ome.security.basic.CurrentDetails] (.Server-12) Adding log:INSERT,class ome.model.display.ChannelBinding,2250
2024-10-11 09:25:34,778 INFO  [       ome.security.basic.CurrentDetails] (.Server-12) Adding log:INSERT,class ome.model.display.ChannelBinding,2251
2024-10-11 09:25:34,779 INFO  [       ome.security.basic.CurrentDetails] (.Server-12) Adding log:INSERT,class ome.model.display.ChannelBinding,2252
2024-10-11 09:25:34,779 INFO  [       ome.security.basic.CurrentDetails] (.Server-12) Adding log:INSERT,class ome.model.display.ChannelBinding,2253
2024-10-11 09:25:34,779 INFO  [       ome.security.basic.CurrentDetails] (.Server-12) Adding log:INSERT,class ome.model.display.ChannelBinding,2254
2024-10-11 09:25:34,779 INFO  [       ome.security.basic.CurrentDetails] (.Server-12) Adding log:INSERT,class ome.model.display.ChannelBinding,2255
2024-10-11 09:25:34,780 INFO  [       ome.security.basic.CurrentDetails] (.Server-12) Adding log:INSERT,class ome.model.display.ChannelBinding,2256
2024-10-11 09:25:34,780 INFO  [       ome.security.basic.CurrentDetails] (.Server-12) Adding log:INSERT,class ome.model.display.ChannelBinding,2257
2024-10-11 09:25:34,780 INFO  [       ome.security.basic.CurrentDetails] (.Server-12) Adding log:INSERT,class ome.model.display.ChannelBinding,2258
2024-10-11 09:25:34,780 INFO  [       ome.security.basic.CurrentDetails] (.Server-12) Adding log:INSERT,class ome.model.display.ChannelBinding,2259
2024-10-11 09:25:34,781 INFO  [       ome.security.basic.CurrentDetails] (.Server-12) Adding log:INSERT,class ome.model.display.ChannelBinding,2260
2024-10-11 09:25:34,781 INFO  [       ome.security.basic.CurrentDetails] (.Server-12) Adding log:INSERT,class ome.model.display.ChannelBinding,2261
2024-10-11 09:25:34,781 INFO  [       ome.security.basic.CurrentDetails] (.Server-12) Adding log:INSERT,class ome.model.display.ChannelBinding,2262
2024-10-11 09:25:34,781 INFO  [       ome.security.basic.CurrentDetails] (.Server-12) Adding log:INSERT,class ome.model.display.ChannelBinding,2263
2024-10-11 09:25:34,782 INFO  [       ome.security.basic.CurrentDetails] (.Server-12) Adding log:INSERT,class ome.model.display.ChannelBinding,2264
2024-10-11 09:25:34,782 INFO  [       ome.security.basic.CurrentDetails] (.Server-12) Adding log:INSERT,class ome.model.display.ChannelBinding,2265
2024-10-11 09:25:34,782 INFO  [       ome.security.basic.CurrentDetails] (.Server-12) Adding log:INSERT,class ome.model.display.ChannelBinding,2266
2024-10-11 09:25:34,809 INFO  [                 org.perf4j.TimingLogger] (.Server-12) start[1728638734767] time[41] tag[omero.resetDefaultsInSet.saveAndReturn]
2024-10-11 09:25:34,809 INFO  [                 org.perf4j.TimingLogger] (.Server-12) start[1728638734692] time[116] tag[omero.resetDefaultsInSet]
2024-10-11 09:25:34,818 INFO  [                 org.perf4j.TimingLogger] (.Server-12) start[1728638734688] time[130] tag[omero.call.success.ome.logic.RenderingSettingsImpl.resetDefaultsInSet]
2024-10-11 09:25:34,820 INFO  [    ome.security.basic.BasicEventContext] (l.Server-9)  cctx:	group=0
2024-10-11 09:25:34,824 INFO  [         ome.security.basic.EventHandler] (l.Server-9)  Auth:	user=0,group=0,event=28874(User),sess=83be404c-1957-46d4-a36b-f9feca68dcf3
2024-10-11 09:25:34,826 INFO  [                 org.perf4j.TimingLogger] (l.Server-9) start[1728638734824] time[1] tag[omero.bulkLoadRenderingSettings]
2024-10-11 09:25:34,826 INFO  [                 org.perf4j.TimingLogger] (l.Server-9) start[1728638734826] time[0] tag[omero.createAndPrepareMissingRenderingSettings]
2024-10-11 09:25:34,829 INFO  [                 org.perf4j.TimingLogger] (l.Server-9) start[1728638734826] time[2] tag[omero.bulkLoadMetadata]
2024-10-11 09:25:34,830 INFO  [                 org.perf4j.TimingLogger] (l.Server-9) start[1728638734826] time[3] tag[omero.loadMetadataByDimensionPool]
2024-10-11 09:25:34,831 INFO  [       ome.security.basic.CurrentDetails] (l.Server-9) Adding log:INSERT,class ome.model.display.Thumbnail,239
2024-10-11 09:25:34,832 INFO  [                 org.perf4j.TimingLogger] (l.Server-9) start[1728638734831] time[0] tag[omero.bulkLoadMetadata]
2024-10-11 09:25:34,832 INFO  [                 org.perf4j.TimingLogger] (l.Server-9) start[1728638734831] time[0] tag[omero.loadMetadataByDimensionPool]
2024-10-11 09:25:34,832 INFO  [                 org.perf4j.TimingLogger] (l.Server-9) start[1728638734830] time[2] tag[omero.createMissingThumbnailMetadata]
2024-10-11 09:25:34,832 INFO  [    ome.security.basic.BasicEventContext] (l.Server-9)  cctx:	group=0
2024-10-11 09:25:34,835 INFO  [         ome.security.basic.EventHandler] (l.Server-9)  Auth:	user=0,group=0,event=28875(User),sess=83be404c-1957-46d4-a36b-f9feca68dcf3
2024-10-11 09:25:34,836 INFO  [                 org.perf4j.TimingLogger] (l.Server-9) start[1728638734836] time[0] tag[omero._createThumbnail(thumbMetaData)]
2024-10-11 09:25:34,857 DEBUG [                   loci.formats.Memoizer] (l.Server-9) loaded memo file: /OMERO/BioFormatsCache/OMERO/ManagedRepository/root_0/2024-10/11/09-25-30.540/.TA459_multipleCores2_Run-4_Point14.tiff.bfmemo (50728 bytes)
2024-10-11 09:25:34,857 DEBUG [                   loci.formats.Memoizer] (l.Server-9) start[1728638734847] time[10] tag[loci.formats.Memoizer.loadMemo]
2024-10-11 09:25:34,857 DEBUG [                   loci.formats.Memoizer] (l.Server-9) start[1728638734846] time[10] tag[loci.formats.Memoizer.setId]
2024-10-11 09:25:34,904 INFO  [       ome.logic.JavaImageScalingService] (l.Server-9) Scaling to: 96x96
2024-10-11 09:25:34,924 INFO  [                 org.perf4j.TimingLogger] (l.Server-9) start[1728638734905] time[19] tag[java-image-scaling.resampleOp]
2024-10-11 09:25:34,925 INFO  [                 org.perf4j.TimingLogger] (l.Server-9) start[1728638734836] time[89] tag[omero._createThumbnail]
2024-10-11 09:25:34,931 INFO  [                 org.perf4j.TimingLogger] (l.Server-9) start[1728638734819] time[111] tag[omero.call.success.ome.services.ThumbnailBean.createThumbnailsByLongestSideSet]
2024-10-11 09:25:34,931 INFO  [                 org.perf4j.TimingLogger] (-thread-10) start[1728638734688] time[243] tag[omero.import.request.thumbs]
2024-10-11 09:25:34,932 INFO  [    ome.security.basic.BasicEventContext] (.Server-14)  cctx:	group=0
2024-10-11 09:25:34,934 INFO  [         ome.security.basic.EventHandler] (.Server-14)  Auth:	user=0,group=0,event=null(User),sess=83be404c-1957-46d4-a36b-f9feca68dcf3
2024-10-11 09:25:34,935 INFO  [                 org.perf4j.TimingLogger] (.Server-14) start[1728638734932] time[2] tag[omero.call.success.ome.logic.QueryImpl.get]
2024-10-11 09:25:34,936 INFO  [    ome.security.basic.BasicEventContext] (l.Server-4)  cctx:	group=0
2024-10-11 09:25:34,939 INFO  [         ome.security.basic.EventHandler] (l.Server-4)  Auth:	user=0,group=0,event=28876(User),sess=83be404c-1957-46d4-a36b-f9feca68dcf3
2024-10-11 09:25:34,941 INFO  [       ome.security.basic.CurrentDetails] (l.Server-4) Adding log:UPDATE,class ome.model.core.OriginalFile,3154
2024-10-11 09:25:34,945 INFO  [                 org.perf4j.TimingLogger] (l.Server-4) start[1728638734935] time[10] tag[omero.call.success.ome.logic.UpdateImpl.saveObject]
2024-10-11 09:25:34,946 INFO  [                 org.perf4j.TimingLogger] (-thread-10) start[1728638734687] time[258] tag[omero.import.request.step]
2024-10-11 09:25:34,946 DEBUG [    o.s.blitz.repo.ManagedImportRequestI] (-thread-10) Step 3
2024-10-11 09:25:34,947 INFO  [    ome.security.basic.BasicEventContext] (.Server-10)  cctx:	group=0
2024-10-11 09:25:34,949 INFO  [         ome.security.basic.EventHandler] (.Server-10)  Auth:	user=0,group=0,event=null(User),sess=83be404c-1957-46d4-a36b-f9feca68dcf3
2024-10-11 09:25:34,950 INFO  [                 org.perf4j.TimingLogger] (.Server-10) start[1728638734947] time[3] tag[omero.call.success.ome.services.blitz.impl.MetadataStoreI$6.doWork]
2024-10-11 09:25:34,952 INFO  [    ome.security.basic.BasicEventContext] (.Server-13)  cctx:	group=0
2024-10-11 09:25:34,954 INFO  [         ome.security.basic.EventHandler] (.Server-13)  Auth:	user=0,group=0,event=null(User),sess=83be404c-1957-46d4-a36b-f9feca68dcf3
2024-10-11 09:25:34,954 INFO  [                 org.perf4j.TimingLogger] (.Server-13) start[1728638734951] time[3] tag[omero.call.success.ome.logic.QueryImpl.get]
2024-10-11 09:25:34,955 INFO  [    ome.security.basic.BasicEventContext] (.Server-15)  cctx:	group=0
2024-10-11 09:25:34,958 INFO  [         ome.security.basic.EventHandler] (.Server-15)  Auth:	user=0,group=0,event=28877(User),sess=83be404c-1957-46d4-a36b-f9feca68dcf3
2024-10-11 09:25:34,959 INFO  [       ome.security.basic.CurrentDetails] (.Server-15) Adding log:UPDATE,class ome.model.core.OriginalFile,3154
2024-10-11 09:25:34,964 INFO  [                 org.perf4j.TimingLogger] (.Server-15) start[1728638734955] time[8] tag[omero.call.success.ome.logic.UpdateImpl.saveObject]
2024-10-11 09:25:34,964 INFO  [                 org.perf4j.TimingLogger] (-thread-10) start[1728638734946] time[17] tag[omero.import.request.step]
2024-10-11 09:25:34,964 DEBUG [    o.s.blitz.repo.ManagedImportRequestI] (-thread-10) Step 4
2024-10-11 09:25:34,965 INFO  [    ome.security.basic.BasicEventContext] (.Server-11)  cctx:	group=0
2024-10-11 09:25:34,967 INFO  [         ome.security.basic.EventHandler] (.Server-11)  Auth:	user=0,group=0,event=null(User),sess=83be404c-1957-46d4-a36b-f9feca68dcf3
2024-10-11 09:25:34,968 INFO  [                 org.perf4j.TimingLogger] (.Server-11) start[1728638734965] time[3] tag[omero.call.success.ome.logic.QueryImpl.get]
2024-10-11 09:25:34,970 INFO  [    ome.security.basic.BasicEventContext] (.Server-12)  cctx:	group=0
2024-10-11 09:25:34,975 INFO  [         ome.security.basic.EventHandler] (.Server-12)  Auth:	user=0,group=0,event=28878(User),sess=83be404c-1957-46d4-a36b-f9feca68dcf3
2024-10-11 09:25:34,977 INFO  [       ome.security.basic.CurrentDetails] (.Server-12) Adding log:UPDATE,class ome.model.core.OriginalFile,3154
2024-10-11 09:25:34,983 INFO  [                 org.perf4j.TimingLogger] (.Server-12) start[1728638734969] time[13] tag[omero.call.success.ome.logic.UpdateImpl.saveObject]
2024-10-11 09:25:34,983 INFO  [                 org.perf4j.TimingLogger] (-thread-10) start[1728638734964] time[19] tag[omero.import.request.step]
2024-10-11 09:25:34,990 INFO  [    ome.security.basic.BasicEventContext] (l.Server-9)  cctx:	group=0
2024-10-11 09:25:34,996 INFO  [         ome.security.basic.EventHandler] (l.Server-9)  Auth:	user=0,group=0,event=28879(User),sess=83be404c-1957-46d4-a36b-f9feca68dcf3
2024-10-11 09:25:35,002 INFO  [                 org.perf4j.TimingLogger] (l.Server-9) start[1728638734990] time[12] tag[omero.call.success.ome.services.RawFileBean.close]
2024-10-11 09:25:35,002 DEBUG [                omero.util.ServantHolder] (l.Server-9) Removed omero.api._RawFileStoreTie@635a141a from omero.util.ServantHolder@149b3864 as bfc4b0f5-d9b6-4deb-96b8-c1d2eae3c22domero.api.RawFileStore
2024-10-11 09:25:35,002 INFO  [                      omero.cmd.SessionI] (l.Server-9) Unregistered servant:83be404c-1957-46d4-a36b-f9feca68dcf3/bfc4b0f5-d9b6-4deb-96b8-c1d2eae3c22domero.api.RawFileStore(omero.api._RawFileStoreTie@635a141a)
2024-10-11 09:25:35,003 INFO  [    ome.security.basic.BasicEventContext] (.Server-14)  cctx:	group=0
2024-10-11 09:25:35,007 INFO  [         ome.security.basic.EventHandler] (.Server-14)  Auth:	user=0,group=0,event=28880(User),sess=83be404c-1957-46d4-a36b-f9feca68dcf3
2024-10-11 09:25:35,010 INFO  [                 org.perf4j.TimingLogger] (.Server-14) start[1728638735002] time[8] tag[omero.call.success.ome.services.RawPixelsBean.close]
2024-10-11 09:25:35,011 DEBUG [                omero.util.ServantHolder] (.Server-14) Removed omero.api._RawPixelsStoreTie@43e7db34 from omero.util.ServantHolder@149b3864 as a8d6c55a-fc82-40ad-9653-98574304d066omero.api.RawPixelsStore
2024-10-11 09:25:35,011 INFO  [                      omero.cmd.SessionI] (.Server-14) Unregistered servant:83be404c-1957-46d4-a36b-f9feca68dcf3/a8d6c55a-fc82-40ad-9653-98574304d066omero.api.RawPixelsStore(omero.api._RawPixelsStoreTie@43e7db34)
2024-10-11 09:25:35,011 INFO  [    ome.security.basic.BasicEventContext] (l.Server-4)  cctx:	group=0
2024-10-11 09:25:35,012 INFO  [         ome.security.basic.EventHandler] (l.Server-4)  Auth:	user=0,group=0,event=null(User),sess=83be404c-1957-46d4-a36b-f9feca68dcf3
2024-10-11 09:25:35,012 INFO  [                 org.perf4j.TimingLogger] (l.Server-4) start[1728638735011] time[1] tag[omero.call.success.ome.services.ThumbnailBean.close]
2024-10-11 09:25:35,012 DEBUG [                omero.util.ServantHolder] (l.Server-4) Removed omero.api._ThumbnailStoreTie@68fee9a1 from omero.util.ServantHolder@149b3864 as 54578cc6-3f53-458c-84fa-21ba7a9f1bfaomero.api.ThumbnailStore
2024-10-11 09:25:35,012 INFO  [                      omero.cmd.SessionI] (l.Server-4) Unregistered servant:83be404c-1957-46d4-a36b-f9feca68dcf3/54578cc6-3f53-458c-84fa-21ba7a9f1bfaomero.api.ThumbnailStore(omero.api._ThumbnailStoreTie@68fee9a1)
2024-10-11 09:25:35,013 DEBUG [                omero.util.ServantHolder] (.Server-10) Removed omero.api._MetadataStoreTie@4d9b0512 from omero.util.ServantHolder@149b3864 as a2b17d79-a2f8-40de-8c45-4c79f630dc86omero.api.MetadataStore
2024-10-11 09:25:35,013 INFO  [                      omero.cmd.SessionI] (.Server-10) Unregistered servant:83be404c-1957-46d4-a36b-f9feca68dcf3/a2b17d79-a2f8-40de-8c45-4c79f630dc86omero.api.MetadataStore(omero.api._MetadataStoreTie@4d9b0512)
2024-10-11 09:25:35,013 INFO  [    o.s.blitz.repo.ManagedImportRequestI] (-thread-10) Cleaning up import.
2024-10-11 09:25:35,016 INFO  [         ome.security.basic.EventHandler] (.Server-15)  Auth:	user=0,group=0,event=null(User),sess=83be404c-1957-46d4-a36b-f9feca68dcf3
2024-10-11 09:25:35,016 INFO  [                 org.perf4j.TimingLogger] (.Server-15) start[1728638735015] time[1] tag[omero.call.success.ome.logic.QueryImpl.get]
2024-10-11 09:25:35,023 INFO  [         ome.security.basic.EventHandler] (.Server-12)  Auth:	user=0,group=0,event=28881(User),sess=83be404c-1957-46d4-a36b-f9feca68dcf3
2024-10-11 09:25:35,024 INFO  [       ome.security.basic.CurrentDetails] (.Server-12) Adding log:UPDATE,class ome.model.core.OriginalFile,3154
2024-10-11 09:25:35,029 INFO  [                 org.perf4j.TimingLogger] (.Server-12) start[1728638735019] time[10] tag[omero.call.success.ome.logic.UpdateImpl.saveObject]
