2024-10-11 09:24:57,282 INFO  [                 org.perf4j.TimingLogger] (.Server-13) start[1728638697269] time[13] tag[omero.import.process.init]
2024-10-11 09:24:57,290 INFO  [         ome.security.basic.EventHandler] (.Server-13)  Auth:	user=0,group=0,event=27984(User),sess=83be404c-1957-46d4-a36b-f9feca68dcf3
2024-10-11 09:24:57,294 INFO  [       ome.security.basic.CurrentDetails] (.Server-13) Adding log:INSERT,class ome.model.jobs.UploadJob,3073
2024-10-11 09:24:57,295 INFO  [       ome.security.basic.CurrentDetails] (.Server-13) Adding log:INSERT,class ome.model.jobs.JobOriginalFileLink,4882
2024-10-11 09:24:57,321 INFO  [       ome.security.basic.CurrentDetails] (.Server-13) Adding log:INSERT,class ome.model.jobs.MetadataImportJob,3074
2024-10-11 09:24:57,333 INFO  [       ome.security.basic.CurrentDetails] (.Server-13) Adding log:INSERT,class ome.model.jobs.PixelDataJob,3075
2024-10-11 09:24:57,343 INFO  [       ome.security.basic.CurrentDetails] (.Server-13) Adding log:INSERT,class ome.model.jobs.ThumbnailGenerationJob,3076
2024-10-11 09:24:57,352 INFO  [       ome.security.basic.CurrentDetails] (.Server-13) Adding log:INSERT,class ome.model.jobs.IndexingJob,3077
2024-10-11 09:24:57,365 INFO  [                 org.perf4j.TimingLogger] (.Server-13) start[1728638697364] time[0] tag[omero.repo.internal_register.find_repo_files]
2024-10-11 09:24:57,368 INFO  [       ome.security.basic.CurrentDetails] (.Server-13) Adding log:INSERT,class ome.model.core.OriginalFile,3062
2024-10-11 09:24:57,369 INFO  [                 org.perf4j.TimingLogger] (.Server-13) start[1728638697366] time[2] tag[omero.repo.create_original_file.save]
2024-10-11 09:24:57,369 INFO  [                 org.perf4j.TimingLogger] (.Server-13) start[1728638697369] time[0] tag[omero.repo.create_original_file.internal_mkdir]
2024-10-11 09:24:57,369 INFO  [                 org.perf4j.TimingLogger] (.Server-13) start[1728638697369] time[0] tag[omero.repo.internal_register.load]
2024-10-11 09:24:57,369 INFO  [                 org.perf4j.TimingLogger] (.Server-13) start[1728638697369] time[0] tag[omero.repo.internal_register.sort]
2024-10-11 09:24:57,369 INFO  [                 org.perf4j.TimingLogger] (.Server-13) start[1728638697364] time[4] tag[omero.repo.save_fileset.register]
2024-10-11 09:24:57,369 INFO  [                 org.perf4j.TimingLogger] (.Server-13) start[1728638697369] time[0] tag[omero.repo.save_fileset.update_fileset_entries]
2024-10-11 09:24:57,371 INFO  [       ome.security.basic.CurrentDetails] (.Server-13) Adding log:INSERT,class ome.model.fs.Fileset,208
2024-10-11 09:24:57,372 INFO  [       ome.security.basic.CurrentDetails] (.Server-13) Adding log:INSERT,class ome.model.fs.FilesetJobLink,236
2024-10-11 09:24:57,373 INFO  [       ome.security.basic.CurrentDetails] (.Server-13) Adding log:INSERT,class ome.model.fs.FilesetJobLink,237
2024-10-11 09:24:57,373 INFO  [       ome.security.basic.CurrentDetails] (.Server-13) Adding log:INSERT,class ome.model.fs.FilesetJobLink,238
2024-10-11 09:24:57,374 INFO  [       ome.security.basic.CurrentDetails] (.Server-13) Adding log:INSERT,class ome.model.fs.FilesetJobLink,239
2024-10-11 09:24:57,374 INFO  [       ome.security.basic.CurrentDetails] (.Server-13) Adding log:INSERT,class ome.model.fs.FilesetJobLink,240
2024-10-11 09:24:57,375 INFO  [       ome.security.basic.CurrentDetails] (.Server-13) Adding log:INSERT,class ome.model.fs.FilesetEntry,208
2024-10-11 09:24:57,379 INFO  [                 org.perf4j.TimingLogger] (.Server-13) start[1728638697369] time[9] tag[omero.repo.save_fileset.save]
2024-10-11 09:24:57,387 INFO  [                 org.perf4j.TimingLogger] (.Server-13) start[1728638697284] time[102] tag[omero.call.success.ome.services.blitz.repo.RepositoryDaoImpl$8.doWork]
2024-10-11 09:24:57,387 INFO  [                 org.perf4j.TimingLogger] (.Server-13) start[1728638697284] time[103] tag[omero.repo.save_fileset]
2024-10-11 09:24:57,387 INFO  [                      omero.cmd.SessionI] (.Server-13) Added servant to adapter: 83be404c-1957-46d4-a36b-f9feca68dcf3/6b16358b-1e96-4d16-83f4-ec387daa0529-ManagedImportProcessI(omero.grid._ImportProcessTie@5cd6d5ee)
2024-10-11 09:24:57,387 DEBUG [                omero.util.ServantHolder] (.Server-13) Added omero.grid._ImportProcessTie@5cd6d5ee to omero.util.ServantHolder@149b3864 as 6b16358b-1e96-4d16-83f4-ec387daa0529-ManagedImportProcessI
2024-10-11 09:24:57,387 INFO  [                 org.perf4j.TimingLogger] (.Server-13) start[1728638697284] time[103] tag[omero.import.process.create]
2024-10-11 09:24:57,394 INFO  [         ome.security.basic.EventHandler] (.Server-10)  Auth:	user=0,group=0,event=null(User),sess=83be404c-1957-46d4-a36b-f9feca68dcf3
2024-10-11 09:24:57,398 INFO  [                 org.perf4j.TimingLogger] (.Server-10) start[1728638697393] time[5] tag[omero.call.success.ome.services.blitz.repo.RepositoryDaoImpl$2.doWork]
2024-10-11 09:24:57,400 INFO  [         ome.security.basic.EventHandler] (.Server-10)  Auth:	user=0,group=0,event=null(User),sess=83be404c-1957-46d4-a36b-f9feca68dcf3
2024-10-11 09:24:57,404 INFO  [                 org.perf4j.TimingLogger] (.Server-10) start[1728638697398] time[5] tag[omero.call.success.ome.services.blitz.repo.RepositoryDaoImpl$4.doWork]
2024-10-11 09:24:57,405 INFO  [         ome.security.basic.EventHandler] (.Server-10)  Auth:	user=0,group=0,event=null(User),sess=83be404c-1957-46d4-a36b-f9feca68dcf3
2024-10-11 09:24:57,408 INFO  [                 org.perf4j.TimingLogger] (.Server-10) start[1728638697404] time[4] tag[omero.call.success.ome.services.blitz.repo.RepositoryDaoImpl$6.doWork]
2024-10-11 09:24:57,409 INFO  [    ome.security.basic.BasicEventContext] (.Server-10)  cctx:	group=0
2024-10-11 09:24:57,410 INFO  [         ome.security.basic.EventHandler] (.Server-10)  Auth:	user=0,group=0,event=null(User),sess=83be404c-1957-46d4-a36b-f9feca68dcf3
2024-10-11 09:24:57,412 INFO  [                 org.perf4j.TimingLogger] (.Server-10) start[1728638697408] time[3] tag[omero.call.success.ome.services.blitz.repo.RepositoryDaoImpl$1.doWork]
2024-10-11 09:24:57,412 INFO  [                      omero.cmd.SessionI] (.Server-10) Added servant to adapter: 83be404c-1957-46d4-a36b-f9feca68dcf3/24b181d5-ea16-4b18-991e-5564cea4bc30-RepoRawFileStoreI(omero.api._RawFileStoreTie@1eaddb2a)
2024-10-11 09:24:57,412 DEBUG [                omero.util.ServantHolder] (.Server-10) Added omero.api._RawFileStoreTie@1eaddb2a to omero.util.ServantHolder@149b3864 as 24b181d5-ea16-4b18-991e-5564cea4bc30-RepoRawFileStoreI
2024-10-11 09:24:57,412 INFO  [                 org.perf4j.TimingLogger] (.Server-10) start[1728638697392] time[20] tag[omero.import.process.opener]
2024-10-11 09:24:57,413 INFO  [                 org.perf4j.TimingLogger] (.Server-10) start[1728638697392] time[20] tag[omero.import.process.uploader]
2024-10-11 09:24:57,418 INFO  [         ome.security.basic.EventHandler] (l.Server-9)  Auth:	user=0,group=0,event=null(User),sess=83be404c-1957-46d4-a36b-f9feca68dcf3
2024-10-11 09:24:57,418 INFO  [                 org.perf4j.TimingLogger] (l.Server-9) start[1728638697416] time[1] tag[omero.call.success.ome.services.RawFileBean.write]
2024-10-11 09:24:57,469 INFO  [         ome.security.basic.EventHandler] (l.Server-4)  Auth:	user=0,group=0,event=null(User),sess=83be404c-1957-46d4-a36b-f9feca68dcf3
2024-10-11 09:24:57,477 INFO  [                 org.perf4j.TimingLogger] (l.Server-4) start[1728638697468] time[8] tag[omero.call.success.ome.services.RawFileBean.write]
2024-10-11 09:24:57,525 INFO  [         ome.security.basic.EventHandler] (.Server-15)  Auth:	user=0,group=0,event=null(User),sess=83be404c-1957-46d4-a36b-f9feca68dcf3
2024-10-11 09:24:57,530 INFO  [                 org.perf4j.TimingLogger] (.Server-15) start[1728638697524] time[5] tag[omero.call.success.ome.services.RawFileBean.write]
2024-10-11 09:24:57,578 INFO  [         ome.security.basic.EventHandler] (.Server-11)  Auth:	user=0,group=0,event=null(User),sess=83be404c-1957-46d4-a36b-f9feca68dcf3
2024-10-11 09:24:57,584 INFO  [                 org.perf4j.TimingLogger] (.Server-11) start[1728638697576] time[7] tag[omero.call.success.ome.services.RawFileBean.write]
2024-10-11 09:24:57,638 INFO  [         ome.security.basic.EventHandler] (.Server-12)  Auth:	user=0,group=0,event=null(User),sess=83be404c-1957-46d4-a36b-f9feca68dcf3
2024-10-11 09:24:57,644 INFO  [                 org.perf4j.TimingLogger] (.Server-12) start[1728638697637] time[6] tag[omero.call.success.ome.services.RawFileBean.write]
2024-10-11 09:24:57,685 INFO  [         ome.security.basic.EventHandler] (.Server-10)  Auth:	user=0,group=0,event=null(User),sess=83be404c-1957-46d4-a36b-f9feca68dcf3
2024-10-11 09:24:57,691 INFO  [                 org.perf4j.TimingLogger] (.Server-10) start[1728638697684] time[6] tag[omero.call.success.ome.services.RawFileBean.write]
2024-10-11 09:24:57,699 INFO  [         ome.security.basic.EventHandler] (l.Server-9)  Auth:	user=0,group=0,event=27992(User),sess=83be404c-1957-46d4-a36b-f9feca68dcf3
2024-10-11 09:24:57,712 INFO  [                 org.perf4j.TimingLogger] (l.Server-9) start[1728638697699] time[12] tag[omero.services.file.flush]
2024-10-11 09:24:57,729 INFO  [                 org.perf4j.TimingLogger] (l.Server-9) start[1728638697712] time[16] tag[omero.services.file.checksum]
2024-10-11 09:24:57,730 INFO  [       ome.security.basic.CurrentDetails] (l.Server-9) Adding log:UPDATE,class ome.model.core.OriginalFile,3062
2024-10-11 09:24:57,731 INFO  [                 org.perf4j.TimingLogger] (l.Server-9) start[1728638697729] time[2] tag[omero.services.file.finalize]
2024-10-11 09:24:57,734 INFO  [                 org.perf4j.TimingLogger] (l.Server-9) start[1728638697694] time[39] tag[omero.call.success.ome.services.RawFileBean.save]
2024-10-11 09:24:57,741 INFO  [         ome.security.basic.EventHandler] (.Server-14)  Auth:	user=0,group=0,event=27993(User),sess=83be404c-1957-46d4-a36b-f9feca68dcf3
2024-10-11 09:24:57,745 INFO  [                 org.perf4j.TimingLogger] (.Server-14) start[1728638697737] time[7] tag[omero.call.success.ome.services.RawFileBean.close]
2024-10-11 09:24:57,745 DEBUG [                omero.util.ServantHolder] (.Server-14) Removed omero.api._RawFileStoreTie@1eaddb2a from omero.util.ServantHolder@149b3864 as 24b181d5-ea16-4b18-991e-5564cea4bc30-RepoRawFileStoreI
2024-10-11 09:24:57,745 INFO  [                      omero.cmd.SessionI] (.Server-14) Unregistered servant:83be404c-1957-46d4-a36b-f9feca68dcf3/24b181d5-ea16-4b18-991e-5564cea4bc30-RepoRawFileStoreI(omero.api._RawFileStoreTie@1eaddb2a)
2024-10-11 09:24:57,752 INFO  [         ome.security.basic.EventHandler] (.Server-13)  Auth:	user=0,group=0,event=null(User),sess=83be404c-1957-46d4-a36b-f9feca68dcf3
2024-10-11 09:24:57,753 INFO  [                 org.perf4j.TimingLogger] (.Server-13) start[1728638697747] time[6] tag[omero.call.success.ome.services.blitz.impl.ServiceFactoryI$3.doWork]
2024-10-11 09:24:57,758 INFO  [                 org.perf4j.TimingLogger] (.Server-13) start[1728638697753] time[4] tag[omero.import.process.checksum]
2024-10-11 09:24:57,763 INFO  [         ome.security.basic.EventHandler] (.Server-13)  Auth:	user=0,group=0,event=27994(User),sess=83be404c-1957-46d4-a36b-f9feca68dcf3
2024-10-11 09:24:57,777 INFO  [       ome.security.basic.CurrentDetails] (.Server-13) Adding log:UPDATE,class ome.model.jobs.UploadJob,3073
2024-10-11 09:24:57,782 INFO  [                 org.perf4j.TimingLogger] (.Server-13) start[1728638697758] time[23] tag[omero.call.success.ome.services.blitz.repo.RepositoryDaoImpl$12.doWork]
2024-10-11 09:24:57,784 INFO  [         ome.security.basic.EventHandler] (.Server-13)  Auth:	user=0,group=0,event=null(User),sess=83be404c-1957-46d4-a36b-f9feca68dcf3
2024-10-11 09:24:57,785 INFO  [                 org.perf4j.TimingLogger] (.Server-13) start[1728638697783] time[2] tag[omero.call.success.ome.services.blitz.repo.RepositoryDaoImpl$2.doWork]
2024-10-11 09:24:57,787 INFO  [         ome.security.basic.EventHandler] (.Server-13)  Auth:	user=0,group=0,event=null(User),sess=83be404c-1957-46d4-a36b-f9feca68dcf3
2024-10-11 09:24:57,788 INFO  [                 org.perf4j.TimingLogger] (.Server-13) start[1728638697786] time[1] tag[omero.call.success.ome.services.blitz.repo.RepositoryDaoImpl$4.doWork]
2024-10-11 09:24:57,788 INFO  [       ome.formats.importer.ImportConfig] (.Server-13) OMERO.blitz Version: 5.7.3
2024-10-11 09:24:57,788 INFO  [       ome.formats.importer.ImportConfig] (.Server-13) Bioformats version: 7.3.0 revision: acc4b6de79e55275b5e6c8200f8458f6d93c9ba0 date: 18 April 2024
2024-10-11 09:24:57,789 INFO  [                      omero.cmd.SessionI] (.Server-13) Added servant to adapter: 83be404c-1957-46d4-a36b-f9feca68dcf3/IHandleda020a70-f2ec-453c-8263-717323274c79(omero.cmd._HandleTie@6fef6602)
2024-10-11 09:24:57,789 DEBUG [                omero.util.ServantHolder] (.Server-13) Added omero.cmd._HandleTie@6fef6602 to omero.util.ServantHolder@149b3864 as IHandleda020a70-f2ec-453c-8263-717323274c79
2024-10-11 09:24:57,789 INFO  [                 org.perf4j.TimingLogger] (.Server-13) start[1728638697789] time[0] tag[omero.background.submit]
2024-10-11 09:24:57,789 INFO  [                 org.perf4j.TimingLogger] (.Server-13) start[1728638697758] time[31] tag[omero.import.process.submit]
2024-10-11 09:24:57,791 DEBUG [                omero.util.ServantHolder] (.Server-11) Removed omero.grid._ImportProcessTie@5cd6d5ee from omero.util.ServantHolder@149b3864 as 6b16358b-1e96-4d16-83f4-ec387daa0529-ManagedImportProcessI
2024-10-11 09:24:57,791 INFO  [                      omero.cmd.SessionI] (.Server-11) Unregistered servant:83be404c-1957-46d4-a36b-f9feca68dcf3/6b16358b-1e96-4d16-83f4-ec387daa0529-ManagedImportProcessI(omero.grid._ImportProcessTie@5cd6d5ee)
2024-10-11 09:24:57,799 INFO  [    ome.formats.OMEROMetadataStoreClient] (2-thread-4) Call context: {omero.group:0}
2024-10-11 09:24:57,799 INFO  [    ome.formats.OMEROMetadataStoreClient] (2-thread-4) Call context: {omero.logfilename:root_0/2024-10/11/09-24-57.176.log}
2024-10-11 09:24:57,805 INFO  [    ome.security.basic.BasicEventContext] (l.Server-9)  cctx:	group=0
2024-10-11 09:24:57,806 INFO  [         ome.security.basic.EventHandler] (l.Server-9)  Auth:	user=0,group=0,event=null(User),sess=83be404c-1957-46d4-a36b-f9feca68dcf3
2024-10-11 09:24:57,814 INFO  [                 org.perf4j.TimingLogger] (l.Server-9) start[1728638697805] time[9] tag[omero.call.success.ome.logic.AdminImpl.getEventContext]
2024-10-11 09:24:57,855 INFO  [    ome.formats.OMEROMetadataStoreClient] (2-thread-4) Pinging session every 300s.
2024-10-11 09:24:57,871 INFO  [                loci.formats.ImageReader] (2-thread-4) IonpathMIBITiffReader initializing /OMERO/ManagedRepository/root_0/2024-10/11/09-24-57.176/TA459_multipleCores2_Run-4_Point2.tiff
2024-10-11 09:24:57,872 INFO  [       loci.formats.in.MinimalTiffReader] (2-thread-4) Reading IFDs
2024-10-11 09:24:57,873 INFO  [       loci.formats.in.MinimalTiffReader] (2-thread-4) Populating metadata
2024-10-11 09:24:57,875 INFO  [          loci.formats.in.BaseTiffReader] (2-thread-4) Populating OME metadata
2024-10-11 09:24:57,880 INFO  [    ome.security.basic.BasicEventContext] (l.Server-9)  cctx:	group=0
2024-10-11 09:24:57,881 INFO  [         ome.security.basic.EventHandler] (l.Server-9)  Auth:	user=0,group=0,event=null(User),sess=83be404c-1957-46d4-a36b-f9feca68dcf3
2024-10-11 09:24:57,883 INFO  [                 org.perf4j.TimingLogger] (l.Server-9) start[1728638697879] time[3] tag[omero.call.success.ome.logic.QueryImpl.findAll]
2024-10-11 09:24:57,893 INFO  [    ome.security.basic.BasicEventContext] (l.Server-4)  cctx:	group=0
2024-10-11 09:24:57,894 INFO  [         ome.security.basic.EventHandler] (l.Server-4)  Auth:	user=0,group=0,event=null(User),sess=83be404c-1957-46d4-a36b-f9feca68dcf3
2024-10-11 09:24:57,895 INFO  [                 org.perf4j.TimingLogger] (l.Server-4) start[1728638697893] time[2] tag[omero.call.success.ome.logic.QueryImpl.findAll]
2024-10-11 09:24:57,896 INFO  [    ome.security.basic.BasicEventContext] (.Server-14)  cctx:	group=0
2024-10-11 09:24:57,897 INFO  [         ome.security.basic.EventHandler] (.Server-14)  Auth:	user=0,group=0,event=null(User),sess=83be404c-1957-46d4-a36b-f9feca68dcf3
2024-10-11 09:24:57,899 INFO  [                 org.perf4j.TimingLogger] (.Server-14) start[1728638697896] time[2] tag[omero.call.success.ome.logic.QueryImpl.findAll]
2024-10-11 09:24:57,900 INFO  [    ome.security.basic.BasicEventContext] (.Server-12)  cctx:	group=0
2024-10-11 09:24:57,901 INFO  [         ome.security.basic.EventHandler] (.Server-12)  Auth:	user=0,group=0,event=null(User),sess=83be404c-1957-46d4-a36b-f9feca68dcf3
2024-10-11 09:24:57,902 INFO  [                 org.perf4j.TimingLogger] (.Server-12) start[1728638697899] time[2] tag[omero.call.success.ome.logic.QueryImpl.findAll]
2024-10-11 09:24:57,923 DEBUG [                   loci.formats.Memoizer] (2-thread-4) saved to temp file: /OMERO/BioFormatsCache/OMERO/ManagedRepository/root_0/2024-10/11/09-24-57.176/.TA459_multipleCores2_Run-4_Point2.tiff.bfmemo13311261298896516721
2024-10-11 09:24:57,923 DEBUG [                   loci.formats.Memoizer] (2-thread-4) start[1728638697916] time[6] tag[loci.formats.Memoizer.saveMemo]
2024-10-11 09:24:57,923 DEBUG [                   loci.formats.Memoizer] (2-thread-4) saved memo file: /OMERO/BioFormatsCache/OMERO/ManagedRepository/root_0/2024-10/11/09-24-57.176/.TA459_multipleCores2_Run-4_Point2.tiff.bfmemo (50726 bytes)
2024-10-11 09:24:57,923 DEBUG [                   loci.formats.Memoizer] (2-thread-4) start[1728638697855] time[67] tag[loci.formats.Memoizer.setId]
2024-10-11 09:24:57,923 DEBUG [    o.s.blitz.repo.ManagedImportRequestI] (2-thread-4) Image Count: 44
2024-10-11 09:24:57,923 INFO  [    o.s.blitz.repo.ManagedImportRequestI] (2-thread-4) File format: Ionpath MIBI
2024-10-11 09:24:57,923 INFO  [    o.s.blitz.repo.ManagedImportRequestI] (2-thread-4) Base reader: loci.formats.in.IonpathMIBITiffReader
2024-10-11 09:24:57,923 INFO  [                 org.perf4j.TimingLogger] (2-thread-4) start[1728638697796] time[126] tag[omero.import.request.init]
2024-10-11 09:24:57,923 DEBUG [    o.s.blitz.repo.ManagedImportRequestI] (2-thread-4) Step 0
2024-10-11 09:24:57,924 WARN  [    ome.formats.model.ReferenceProcessor] (2-thread-4) Unknown target class for LSID: Image:SIMS
2024-10-11 09:24:57,924 INFO  [    ome.formats.OMEROMetadataStoreClient] (2-thread-4) Handling # of containers: 91
2024-10-11 09:24:57,927 INFO  [    ome.security.basic.BasicEventContext] (.Server-15)  cctx:	group=0
2024-10-11 09:24:57,928 INFO  [         ome.security.basic.EventHandler] (.Server-15)  Auth:	user=0,group=0,event=null(User),sess=83be404c-1957-46d4-a36b-f9feca68dcf3
2024-10-11 09:24:57,929 INFO  [                 org.perf4j.TimingLogger] (.Server-15) start[1728638697926] time[3] tag[omero.call.success.ome.services.blitz.impl.MetadataStoreI$4.doWork]
2024-10-11 09:24:57,929 INFO  [    ome.formats.OMEROMetadataStoreClient] (2-thread-4) Handling # of references: 1
2024-10-11 09:24:57,930 INFO  [    ome.security.basic.BasicEventContext] (.Server-11)  cctx:	group=0
2024-10-11 09:24:57,931 INFO  [         ome.security.basic.EventHandler] (.Server-11)  Auth:	user=0,group=0,event=null(User),sess=83be404c-1957-46d4-a36b-f9feca68dcf3
2024-10-11 09:24:57,932 INFO  [                 org.perf4j.TimingLogger] (.Server-11) start[1728638697930] time[2] tag[omero.call.success.ome.services.blitz.impl.MetadataStoreI$5.doWork]
2024-10-11 09:24:57,936 INFO  [    ome.security.basic.BasicEventContext] (.Server-13)  cctx:	group=0
2024-10-11 09:24:57,941 INFO  [         ome.security.basic.EventHandler] (.Server-13)  Auth:	user=0,group=0,event=27999(User),sess=83be404c-1957-46d4-a36b-f9feca68dcf3
2024-10-11 09:24:57,950 INFO  [       ome.security.basic.CurrentDetails] (.Server-13) Adding log:INSERT,class ome.model.core.Image,208
2024-10-11 09:24:57,951 INFO  [       ome.security.basic.CurrentDetails] (.Server-13) Adding log:INSERT,class ome.model.containers.DatasetImageLink,208
2024-10-11 09:24:57,952 INFO  [       ome.security.basic.CurrentDetails] (.Server-13) Adding log:INSERT,class ome.model.core.Pixels,208
2024-10-11 09:24:57,954 INFO  [       ome.security.basic.CurrentDetails] (.Server-13) Adding log:INSERT,class ome.model.core.LogicalChannel,859
2024-10-11 09:24:57,955 INFO  [       ome.security.basic.CurrentDetails] (.Server-13) Adding log:INSERT,class ome.model.core.Channel,859
2024-10-11 09:24:57,955 INFO  [       ome.security.basic.CurrentDetails] (.Server-13) Adding log:INSERT,class ome.model.core.LogicalChannel,860
2024-10-11 09:24:57,956 INFO  [       ome.security.basic.CurrentDetails] (.Server-13) Adding log:INSERT,class ome.model.core.Channel,860
2024-10-11 09:24:57,956 INFO  [       ome.security.basic.CurrentDetails] (.Server-13) Adding log:INSERT,class ome.model.core.LogicalChannel,861
2024-10-11 09:24:57,957 INFO  [       ome.security.basic.CurrentDetails] (.Server-13) Adding log:INSERT,class ome.model.core.Channel,861
2024-10-11 09:24:57,957 INFO  [       ome.security.basic.CurrentDetails] (.Server-13) Adding log:INSERT,class ome.model.core.LogicalChannel,862
2024-10-11 09:24:57,958 INFO  [       ome.security.basic.CurrentDetails] (.Server-13) Adding log:INSERT,class ome.model.core.Channel,862
2024-10-11 09:24:57,959 INFO  [       ome.security.basic.CurrentDetails] (.Server-13) Adding log:INSERT,class ome.model.core.LogicalChannel,863
2024-10-11 09:24:57,960 INFO  [       ome.security.basic.CurrentDetails] (.Server-13) Adding log:INSERT,class ome.model.core.Channel,863
2024-10-11 09:24:57,960 INFO  [       ome.security.basic.CurrentDetails] (.Server-13) Adding log:INSERT,class ome.model.core.LogicalChannel,864
2024-10-11 09:24:57,961 INFO  [       ome.security.basic.CurrentDetails] (.Server-13) Adding log:INSERT,class ome.model.core.Channel,864
2024-10-11 09:24:57,961 INFO  [       ome.security.basic.CurrentDetails] (.Server-13) Adding log:INSERT,class ome.model.core.LogicalChannel,865
2024-10-11 09:24:57,961 INFO  [       ome.security.basic.CurrentDetails] (.Server-13) Adding log:INSERT,class ome.model.core.Channel,865
2024-10-11 09:24:57,962 INFO  [       ome.security.basic.CurrentDetails] (.Server-13) Adding log:INSERT,class ome.model.core.LogicalChannel,866
2024-10-11 09:24:57,962 INFO  [       ome.security.basic.CurrentDetails] (.Server-13) Adding log:INSERT,class ome.model.core.Channel,866
2024-10-11 09:24:57,962 INFO  [       ome.security.basic.CurrentDetails] (.Server-13) Adding log:INSERT,class ome.model.core.LogicalChannel,867
2024-10-11 09:24:57,962 INFO  [       ome.security.basic.CurrentDetails] (.Server-13) Adding log:INSERT,class ome.model.core.Channel,867
2024-10-11 09:24:57,963 INFO  [       ome.security.basic.CurrentDetails] (.Server-13) Adding log:INSERT,class ome.model.core.LogicalChannel,868
2024-10-11 09:24:57,963 INFO  [       ome.security.basic.CurrentDetails] (.Server-13) Adding log:INSERT,class ome.model.core.Channel,868
2024-10-11 09:24:57,963 INFO  [       ome.security.basic.CurrentDetails] (.Server-13) Adding log:INSERT,class ome.model.core.LogicalChannel,869
2024-10-11 09:24:57,964 INFO  [       ome.security.basic.CurrentDetails] (.Server-13) Adding log:INSERT,class ome.model.core.Channel,869
2024-10-11 09:24:57,964 INFO  [       ome.security.basic.CurrentDetails] (.Server-13) Adding log:INSERT,class ome.model.core.LogicalChannel,870
2024-10-11 09:24:57,964 INFO  [       ome.security.basic.CurrentDetails] (.Server-13) Adding log:INSERT,class ome.model.core.Channel,870
2024-10-11 09:24:57,965 INFO  [       ome.security.basic.CurrentDetails] (.Server-13) Adding log:INSERT,class ome.model.core.LogicalChannel,871
2024-10-11 09:24:57,965 INFO  [       ome.security.basic.CurrentDetails] (.Server-13) Adding log:INSERT,class ome.model.core.Channel,871
2024-10-11 09:24:57,966 INFO  [       ome.security.basic.CurrentDetails] (.Server-13) Adding log:INSERT,class ome.model.core.LogicalChannel,872
2024-10-11 09:24:57,966 INFO  [       ome.security.basic.CurrentDetails] (.Server-13) Adding log:INSERT,class ome.model.core.Channel,872
2024-10-11 09:24:57,967 INFO  [       ome.security.basic.CurrentDetails] (.Server-13) Adding log:INSERT,class ome.model.core.LogicalChannel,873
2024-10-11 09:24:57,968 INFO  [       ome.security.basic.CurrentDetails] (.Server-13) Adding log:INSERT,class ome.model.core.Channel,873
2024-10-11 09:24:57,969 INFO  [       ome.security.basic.CurrentDetails] (.Server-13) Adding log:INSERT,class ome.model.core.LogicalChannel,874
2024-10-11 09:24:57,969 INFO  [       ome.security.basic.CurrentDetails] (.Server-13) Adding log:INSERT,class ome.model.core.Channel,874
2024-10-11 09:24:57,969 INFO  [       ome.security.basic.CurrentDetails] (.Server-13) Adding log:INSERT,class ome.model.core.LogicalChannel,875
2024-10-11 09:24:57,970 INFO  [       ome.security.basic.CurrentDetails] (.Server-13) Adding log:INSERT,class ome.model.core.Channel,875
2024-10-11 09:24:57,970 INFO  [       ome.security.basic.CurrentDetails] (.Server-13) Adding log:INSERT,class ome.model.core.LogicalChannel,876
2024-10-11 09:24:57,971 INFO  [       ome.security.basic.CurrentDetails] (.Server-13) Adding log:INSERT,class ome.model.core.Channel,876
2024-10-11 09:24:57,971 INFO  [       ome.security.basic.CurrentDetails] (.Server-13) Adding log:INSERT,class ome.model.core.LogicalChannel,877
2024-10-11 09:24:57,972 INFO  [       ome.security.basic.CurrentDetails] (.Server-13) Adding log:INSERT,class ome.model.core.Channel,877
2024-10-11 09:24:57,972 INFO  [       ome.security.basic.CurrentDetails] (.Server-13) Adding log:INSERT,class ome.model.core.LogicalChannel,878
2024-10-11 09:24:57,972 INFO  [       ome.security.basic.CurrentDetails] (.Server-13) Adding log:INSERT,class ome.model.core.Channel,878
2024-10-11 09:24:57,972 INFO  [       ome.security.basic.CurrentDetails] (.Server-13) Adding log:INSERT,class ome.model.core.LogicalChannel,879
2024-10-11 09:24:57,973 INFO  [       ome.security.basic.CurrentDetails] (.Server-13) Adding log:INSERT,class ome.model.core.Channel,879
2024-10-11 09:24:57,973 INFO  [       ome.security.basic.CurrentDetails] (.Server-13) Adding log:INSERT,class ome.model.core.LogicalChannel,880
2024-10-11 09:24:57,973 INFO  [       ome.security.basic.CurrentDetails] (.Server-13) Adding log:INSERT,class ome.model.core.Channel,880
2024-10-11 09:24:57,973 INFO  [       ome.security.basic.CurrentDetails] (.Server-13) Adding log:INSERT,class ome.model.core.LogicalChannel,881
2024-10-11 09:24:57,974 INFO  [       ome.security.basic.CurrentDetails] (.Server-13) Adding log:INSERT,class ome.model.core.Channel,881
2024-10-11 09:24:57,974 INFO  [       ome.security.basic.CurrentDetails] (.Server-13) Adding log:INSERT,class ome.model.core.LogicalChannel,882
2024-10-11 09:24:57,974 INFO  [       ome.security.basic.CurrentDetails] (.Server-13) Adding log:INSERT,class ome.model.core.Channel,882
2024-10-11 09:24:57,974 INFO  [       ome.security.basic.CurrentDetails] (.Server-13) Adding log:INSERT,class ome.model.core.LogicalChannel,883
2024-10-11 09:24:57,975 INFO  [       ome.security.basic.CurrentDetails] (.Server-13) Adding log:INSERT,class ome.model.core.Channel,883
2024-10-11 09:24:57,975 INFO  [       ome.security.basic.CurrentDetails] (.Server-13) Adding log:INSERT,class ome.model.core.LogicalChannel,884
2024-10-11 09:24:57,975 INFO  [       ome.security.basic.CurrentDetails] (.Server-13) Adding log:INSERT,class ome.model.core.Channel,884
2024-10-11 09:24:57,975 INFO  [       ome.security.basic.CurrentDetails] (.Server-13) Adding log:INSERT,class ome.model.core.LogicalChannel,885
2024-10-11 09:24:57,975 INFO  [       ome.security.basic.CurrentDetails] (.Server-13) Adding log:INSERT,class ome.model.core.Channel,885
2024-10-11 09:24:57,976 INFO  [       ome.security.basic.CurrentDetails] (.Server-13) Adding log:INSERT,class ome.model.core.LogicalChannel,886
2024-10-11 09:24:57,976 INFO  [       ome.security.basic.CurrentDetails] (.Server-13) Adding log:INSERT,class ome.model.core.Channel,886
2024-10-11 09:24:57,976 INFO  [       ome.security.basic.CurrentDetails] (.Server-13) Adding log:INSERT,class ome.model.core.LogicalChannel,887
2024-10-11 09:24:57,976 INFO  [       ome.security.basic.CurrentDetails] (.Server-13) Adding log:INSERT,class ome.model.core.Channel,887
2024-10-11 09:24:57,977 INFO  [       ome.security.basic.CurrentDetails] (.Server-13) Adding log:INSERT,class ome.model.core.LogicalChannel,888
2024-10-11 09:24:57,977 INFO  [       ome.security.basic.CurrentDetails] (.Server-13) Adding log:INSERT,class ome.model.core.Channel,888
2024-10-11 09:24:57,977 INFO  [       ome.security.basic.CurrentDetails] (.Server-13) Adding log:INSERT,class ome.model.core.LogicalChannel,889
2024-10-11 09:24:57,977 INFO  [       ome.security.basic.CurrentDetails] (.Server-13) Adding log:INSERT,class ome.model.core.Channel,889
2024-10-11 09:24:57,978 INFO  [       ome.security.basic.CurrentDetails] (.Server-13) Adding log:INSERT,class ome.model.core.LogicalChannel,890
2024-10-11 09:24:57,978 INFO  [       ome.security.basic.CurrentDetails] (.Server-13) Adding log:INSERT,class ome.model.core.Channel,890
2024-10-11 09:24:57,978 INFO  [       ome.security.basic.CurrentDetails] (.Server-13) Adding log:INSERT,class ome.model.core.LogicalChannel,891
2024-10-11 09:24:57,978 INFO  [       ome.security.basic.CurrentDetails] (.Server-13) Adding log:INSERT,class ome.model.core.Channel,891
2024-10-11 09:24:57,979 INFO  [       ome.security.basic.CurrentDetails] (.Server-13) Adding log:INSERT,class ome.model.core.LogicalChannel,892
2024-10-11 09:24:57,979 INFO  [       ome.security.basic.CurrentDetails] (.Server-13) Adding log:INSERT,class ome.model.core.Channel,892
2024-10-11 09:24:57,979 INFO  [       ome.security.basic.CurrentDetails] (.Server-13) Adding log:INSERT,class ome.model.core.LogicalChannel,893
2024-10-11 09:24:57,980 INFO  [       ome.security.basic.CurrentDetails] (.Server-13) Adding log:INSERT,class ome.model.core.Channel,893
2024-10-11 09:24:57,980 INFO  [       ome.security.basic.CurrentDetails] (.Server-13) Adding log:INSERT,class ome.model.core.LogicalChannel,894
2024-10-11 09:24:57,981 INFO  [       ome.security.basic.CurrentDetails] (.Server-13) Adding log:INSERT,class ome.model.core.Channel,894
2024-10-11 09:24:57,981 INFO  [       ome.security.basic.CurrentDetails] (.Server-13) Adding log:INSERT,class ome.model.core.LogicalChannel,895
2024-10-11 09:24:57,982 INFO  [       ome.security.basic.CurrentDetails] (.Server-13) Adding log:INSERT,class ome.model.core.Channel,895
2024-10-11 09:24:57,982 INFO  [       ome.security.basic.CurrentDetails] (.Server-13) Adding log:INSERT,class ome.model.core.LogicalChannel,896
2024-10-11 09:24:57,982 INFO  [       ome.security.basic.CurrentDetails] (.Server-13) Adding log:INSERT,class ome.model.core.Channel,896
2024-10-11 09:24:57,983 INFO  [       ome.security.basic.CurrentDetails] (.Server-13) Adding log:INSERT,class ome.model.core.LogicalChannel,897
2024-10-11 09:24:57,983 INFO  [       ome.security.basic.CurrentDetails] (.Server-13) Adding log:INSERT,class ome.model.core.Channel,897
2024-10-11 09:24:57,983 INFO  [       ome.security.basic.CurrentDetails] (.Server-13) Adding log:INSERT,class ome.model.core.LogicalChannel,898
2024-10-11 09:24:57,984 INFO  [       ome.security.basic.CurrentDetails] (.Server-13) Adding log:INSERT,class ome.model.core.Channel,898
2024-10-11 09:24:57,984 INFO  [       ome.security.basic.CurrentDetails] (.Server-13) Adding log:INSERT,class ome.model.core.LogicalChannel,899
2024-10-11 09:24:57,984 INFO  [       ome.security.basic.CurrentDetails] (.Server-13) Adding log:INSERT,class ome.model.core.Channel,899
2024-10-11 09:24:57,984 INFO  [       ome.security.basic.CurrentDetails] (.Server-13) Adding log:INSERT,class ome.model.core.LogicalChannel,900
2024-10-11 09:24:57,985 INFO  [       ome.security.basic.CurrentDetails] (.Server-13) Adding log:INSERT,class ome.model.core.Channel,900
2024-10-11 09:24:57,985 INFO  [       ome.security.basic.CurrentDetails] (.Server-13) Adding log:INSERT,class ome.model.core.LogicalChannel,901
2024-10-11 09:24:57,985 INFO  [       ome.security.basic.CurrentDetails] (.Server-13) Adding log:INSERT,class ome.model.core.Channel,901
2024-10-11 09:24:57,985 INFO  [       ome.security.basic.CurrentDetails] (.Server-13) Adding log:INSERT,class ome.model.core.LogicalChannel,902
2024-10-11 09:24:57,986 INFO  [       ome.security.basic.CurrentDetails] (.Server-13) Adding log:INSERT,class ome.model.core.Channel,902
2024-10-11 09:24:57,997 INFO  [                 org.perf4j.TimingLogger] (.Server-13) start[1728638697941] time[56] tag[omero.saveImportGraph]
2024-10-11 09:24:58,009 INFO  [                 org.perf4j.TimingLogger] (.Server-13) start[1728638697935] time[73] tag[omero.call.success.ome.services.blitz.impl.MetadataStoreI$3.doWork]
2024-10-11 09:24:58,012 INFO  [                 org.perf4j.TimingLogger] (2-thread-4) start[1728638697923] time[88] tag[omero.import.request.metadata]
2024-10-11 09:24:58,013 INFO  [    ome.security.basic.BasicEventContext] (l.Server-9)  cctx:	group=0
2024-10-11 09:24:58,014 INFO  [         ome.security.basic.EventHandler] (l.Server-9)  Auth:	user=0,group=0,event=null(User),sess=83be404c-1957-46d4-a36b-f9feca68dcf3
2024-10-11 09:24:58,015 INFO  [                 org.perf4j.TimingLogger] (l.Server-9) start[1728638698012] time[2] tag[omero.call.success.ome.logic.QueryImpl.get]
2024-10-11 09:24:58,016 INFO  [    ome.security.basic.BasicEventContext] (l.Server-4)  cctx:	group=0
2024-10-11 09:24:58,019 INFO  [         ome.security.basic.EventHandler] (l.Server-4)  Auth:	user=0,group=0,event=28003(User),sess=83be404c-1957-46d4-a36b-f9feca68dcf3
2024-10-11 09:24:58,021 INFO  [       ome.security.basic.CurrentDetails] (l.Server-4) Adding log:UPDATE,class ome.model.core.OriginalFile,3061
2024-10-11 09:24:58,025 INFO  [                 org.perf4j.TimingLogger] (l.Server-4) start[1728638698015] time[9] tag[omero.call.success.ome.logic.UpdateImpl.saveObject]
2024-10-11 09:24:58,025 INFO  [                 org.perf4j.TimingLogger] (2-thread-4) start[1728638697923] time[102] tag[omero.import.request.step]
2024-10-11 09:24:58,026 DEBUG [    o.s.blitz.repo.ManagedImportRequestI] (2-thread-4) Step 1
2024-10-11 09:24:58,026 DEBUG [    o.s.blitz.repo.ManagedImportRequestI] (2-thread-4) Plane:0 X:0 Y:0 TileWidth:2048 TileHeight:2048 arrayBuf.length:8388608
2024-10-11 09:24:58,132 DEBUG [    o.s.blitz.repo.ManagedImportRequestI] (2-thread-4) Plane:1 X:0 Y:0 TileWidth:2048 TileHeight:2048 arrayBuf.length:8388608
2024-10-11 09:24:58,200 DEBUG [    o.s.blitz.repo.ManagedImportRequestI] (2-thread-4) Plane:2 X:0 Y:0 TileWidth:2048 TileHeight:2048 arrayBuf.length:8388608
2024-10-11 09:24:58,262 DEBUG [    o.s.blitz.repo.ManagedImportRequestI] (2-thread-4) Plane:3 X:0 Y:0 TileWidth:2048 TileHeight:2048 arrayBuf.length:8388608
2024-10-11 09:24:58,365 DEBUG [    o.s.blitz.repo.ManagedImportRequestI] (2-thread-4) Plane:4 X:0 Y:0 TileWidth:2048 TileHeight:2048 arrayBuf.length:8388608
2024-10-11 09:24:58,431 DEBUG [    o.s.blitz.repo.ManagedImportRequestI] (2-thread-4) Plane:5 X:0 Y:0 TileWidth:2048 TileHeight:2048 arrayBuf.length:8388608
2024-10-11 09:24:58,494 DEBUG [    o.s.blitz.repo.ManagedImportRequestI] (2-thread-4) Plane:6 X:0 Y:0 TileWidth:2048 TileHeight:2048 arrayBuf.length:8388608
2024-10-11 09:24:58,579 DEBUG [    o.s.blitz.repo.ManagedImportRequestI] (2-thread-4) Plane:7 X:0 Y:0 TileWidth:2048 TileHeight:2048 arrayBuf.length:8388608
2024-10-11 09:24:58,643 DEBUG [    o.s.blitz.repo.ManagedImportRequestI] (2-thread-4) Plane:8 X:0 Y:0 TileWidth:2048 TileHeight:2048 arrayBuf.length:8388608
2024-10-11 09:24:58,703 DEBUG [    o.s.blitz.repo.ManagedImportRequestI] (2-thread-4) Plane:9 X:0 Y:0 TileWidth:2048 TileHeight:2048 arrayBuf.length:8388608
2024-10-11 09:24:58,771 DEBUG [    o.s.blitz.repo.ManagedImportRequestI] (2-thread-4) Plane:10 X:0 Y:0 TileWidth:2048 TileHeight:2048 arrayBuf.length:8388608
2024-10-11 09:24:58,829 DEBUG [    o.s.blitz.repo.ManagedImportRequestI] (2-thread-4) Plane:11 X:0 Y:0 TileWidth:2048 TileHeight:2048 arrayBuf.length:8388608
2024-10-11 09:24:58,890 DEBUG [    o.s.blitz.repo.ManagedImportRequestI] (2-thread-4) Plane:12 X:0 Y:0 TileWidth:2048 TileHeight:2048 arrayBuf.length:8388608
2024-10-11 09:24:58,977 DEBUG [    o.s.blitz.repo.ManagedImportRequestI] (2-thread-4) Plane:13 X:0 Y:0 TileWidth:2048 TileHeight:2048 arrayBuf.length:8388608
2024-10-11 09:24:59,037 DEBUG [    o.s.blitz.repo.ManagedImportRequestI] (2-thread-4) Plane:14 X:0 Y:0 TileWidth:2048 TileHeight:2048 arrayBuf.length:8388608
2024-10-11 09:24:59,086 DEBUG [    o.s.blitz.repo.ManagedImportRequestI] (2-thread-4) Plane:15 X:0 Y:0 TileWidth:2048 TileHeight:2048 arrayBuf.length:8388608
2024-10-11 09:24:59,142 DEBUG [    o.s.blitz.repo.ManagedImportRequestI] (2-thread-4) Plane:16 X:0 Y:0 TileWidth:2048 TileHeight:2048 arrayBuf.length:8388608
2024-10-11 09:24:59,202 DEBUG [    o.s.blitz.repo.ManagedImportRequestI] (2-thread-4) Plane:17 X:0 Y:0 TileWidth:2048 TileHeight:2048 arrayBuf.length:8388608
2024-10-11 09:24:59,259 DEBUG [    o.s.blitz.repo.ManagedImportRequestI] (2-thread-4) Plane:18 X:0 Y:0 TileWidth:2048 TileHeight:2048 arrayBuf.length:8388608
2024-10-11 09:24:59,309 DEBUG [    o.s.blitz.repo.ManagedImportRequestI] (2-thread-4) Plane:19 X:0 Y:0 TileWidth:2048 TileHeight:2048 arrayBuf.length:8388608
2024-10-11 09:24:59,384 DEBUG [    o.s.blitz.repo.ManagedImportRequestI] (2-thread-4) Plane:20 X:0 Y:0 TileWidth:2048 TileHeight:2048 arrayBuf.length:8388608
2024-10-11 09:24:59,466 DEBUG [    o.s.blitz.repo.ManagedImportRequestI] (2-thread-4) Plane:21 X:0 Y:0 TileWidth:2048 TileHeight:2048 arrayBuf.length:8388608
2024-10-11 09:24:59,523 DEBUG [    o.s.blitz.repo.ManagedImportRequestI] (2-thread-4) Plane:22 X:0 Y:0 TileWidth:2048 TileHeight:2048 arrayBuf.length:8388608
2024-10-11 09:24:59,579 DEBUG [    o.s.blitz.repo.ManagedImportRequestI] (2-thread-4) Plane:23 X:0 Y:0 TileWidth:2048 TileHeight:2048 arrayBuf.length:8388608
2024-10-11 09:24:59,626 DEBUG [    o.s.blitz.repo.ManagedImportRequestI] (2-thread-4) Plane:24 X:0 Y:0 TileWidth:2048 TileHeight:2048 arrayBuf.length:8388608
2024-10-11 09:24:59,678 DEBUG [    o.s.blitz.repo.ManagedImportRequestI] (2-thread-4) Plane:25 X:0 Y:0 TileWidth:2048 TileHeight:2048 arrayBuf.length:8388608
2024-10-11 09:24:59,733 DEBUG [    o.s.blitz.repo.ManagedImportRequestI] (2-thread-4) Plane:26 X:0 Y:0 TileWidth:2048 TileHeight:2048 arrayBuf.length:8388608
2024-10-11 09:24:59,827 DEBUG [    o.s.blitz.repo.ManagedImportRequestI] (2-thread-4) Plane:27 X:0 Y:0 TileWidth:2048 TileHeight:2048 arrayBuf.length:8388608
2024-10-11 09:24:59,879 DEBUG [    o.s.blitz.repo.ManagedImportRequestI] (2-thread-4) Plane:28 X:0 Y:0 TileWidth:2048 TileHeight:2048 arrayBuf.length:8388608
2024-10-11 09:24:59,932 DEBUG [    o.s.blitz.repo.ManagedImportRequestI] (2-thread-4) Plane:29 X:0 Y:0 TileWidth:2048 TileHeight:2048 arrayBuf.length:8388608
2024-10-11 09:24:59,980 DEBUG [    o.s.blitz.repo.ManagedImportRequestI] (2-thread-4) Plane:30 X:0 Y:0 TileWidth:2048 TileHeight:2048 arrayBuf.length:8388608
2024-10-11 09:25:00,058 DEBUG [    o.s.blitz.repo.ManagedImportRequestI] (2-thread-4) Plane:31 X:0 Y:0 TileWidth:2048 TileHeight:2048 arrayBuf.length:8388608
2024-10-11 09:25:00,141 DEBUG [    o.s.blitz.repo.ManagedImportRequestI] (2-thread-4) Plane:32 X:0 Y:0 TileWidth:2048 TileHeight:2048 arrayBuf.length:8388608
2024-10-11 09:25:00,223 DEBUG [    o.s.blitz.repo.ManagedImportRequestI] (2-thread-4) Plane:33 X:0 Y:0 TileWidth:2048 TileHeight:2048 arrayBuf.length:8388608
2024-10-11 09:25:00,330 DEBUG [    o.s.blitz.repo.ManagedImportRequestI] (2-thread-4) Plane:34 X:0 Y:0 TileWidth:2048 TileHeight:2048 arrayBuf.length:8388608
2024-10-11 09:25:00,433 DEBUG [    o.s.blitz.repo.ManagedImportRequestI] (2-thread-4) Plane:35 X:0 Y:0 TileWidth:2048 TileHeight:2048 arrayBuf.length:8388608
2024-10-11 09:25:00,495 DEBUG [    o.s.blitz.repo.ManagedImportRequestI] (2-thread-4) Plane:36 X:0 Y:0 TileWidth:2048 TileHeight:2048 arrayBuf.length:8388608
2024-10-11 09:25:00,563 DEBUG [    o.s.blitz.repo.ManagedImportRequestI] (2-thread-4) Plane:37 X:0 Y:0 TileWidth:2048 TileHeight:2048 arrayBuf.length:8388608
2024-10-11 09:25:00,646 DEBUG [    o.s.blitz.repo.ManagedImportRequestI] (2-thread-4) Plane:38 X:0 Y:0 TileWidth:2048 TileHeight:2048 arrayBuf.length:8388608
2024-10-11 09:25:00,725 DEBUG [    o.s.blitz.repo.ManagedImportRequestI] (2-thread-4) Plane:39 X:0 Y:0 TileWidth:2048 TileHeight:2048 arrayBuf.length:8388608
2024-10-11 09:25:00,781 DEBUG [    o.s.blitz.repo.ManagedImportRequestI] (2-thread-4) Plane:40 X:0 Y:0 TileWidth:2048 TileHeight:2048 arrayBuf.length:8388608
2024-10-11 09:25:00,853 DEBUG [    o.s.blitz.repo.ManagedImportRequestI] (2-thread-4) Plane:41 X:0 Y:0 TileWidth:2048 TileHeight:2048 arrayBuf.length:8388608
2024-10-11 09:25:00,921 DEBUG [    o.s.blitz.repo.ManagedImportRequestI] (2-thread-4) Plane:42 X:0 Y:0 TileWidth:2048 TileHeight:2048 arrayBuf.length:8388608
2024-10-11 09:25:01,000 DEBUG [    o.s.blitz.repo.ManagedImportRequestI] (2-thread-4) Plane:43 X:0 Y:0 TileWidth:2048 TileHeight:2048 arrayBuf.length:8388608
2024-10-11 09:25:01,095 INFO  [    ome.security.basic.BasicEventContext] (.Server-11)  cctx:	group=0
2024-10-11 09:25:01,099 INFO  [         ome.security.basic.EventHandler] (.Server-11)  Auth:	user=0,group=0,event=28057(User),sess=83be404c-1957-46d4-a36b-f9feca68dcf3
2024-10-11 09:25:01,106 INFO  [                 org.perf4j.TimingLogger] (.Server-11) start[1728638701093] time[12] tag[omero.call.success.ome.services.blitz.impl.MetadataStoreI$7.doWork]
2024-10-11 09:25:01,111 INFO  [    ome.security.basic.BasicEventContext] (l.Server-4)  cctx:	group=0
2024-10-11 09:25:01,118 INFO  [         ome.security.basic.EventHandler] (l.Server-4)  Auth:	user=0,group=0,event=28058(User),sess=83be404c-1957-46d4-a36b-f9feca68dcf3
2024-10-11 09:25:01,298 INFO  [       ome.security.basic.CurrentDetails] (l.Server-4) Adding log:UPDATE,class ome.model.core.Pixels,208
2024-10-11 09:25:01,309 INFO  [                 org.perf4j.TimingLogger] (l.Server-4) start[1728638701110] time[198] tag[omero.call.success.ome.logic.UpdateImpl.saveArray]
2024-10-11 09:25:01,311 INFO  [    ome.security.basic.BasicEventContext] (.Server-14)  cctx:	group=0
2024-10-11 09:25:01,315 INFO  [         ome.security.basic.EventHandler] (.Server-14)  Auth:	user=0,group=0,event=28065(User),sess=83be404c-1957-46d4-a36b-f9feca68dcf3
2024-10-11 09:25:01,354 INFO  [                 org.perf4j.TimingLogger] (.Server-14) start[1728638701310] time[43] tag[omero.call.success.ome.services.blitz.impl.MetadataStoreI$2.doWork]
2024-10-11 09:25:01,354 INFO  [                 org.perf4j.TimingLogger] (2-thread-4) start[1728638698026] time[3328] tag[omero.import.request.pixels]
2024-10-11 09:25:01,356 INFO  [    ome.security.basic.BasicEventContext] (.Server-11)  cctx:	group=0
2024-10-11 09:25:01,357 INFO  [         ome.security.basic.EventHandler] (.Server-11)  Auth:	user=0,group=0,event=null(User),sess=83be404c-1957-46d4-a36b-f9feca68dcf3
2024-10-11 09:25:01,358 INFO  [                 org.perf4j.TimingLogger] (.Server-11) start[1728638701355] time[3] tag[omero.call.success.ome.logic.QueryImpl.get]
2024-10-11 09:25:01,360 INFO  [    ome.security.basic.BasicEventContext] (.Server-15)  cctx:	group=0
2024-10-11 09:25:01,366 INFO  [         ome.security.basic.EventHandler] (.Server-15)  Auth:	user=0,group=0,event=28066(User),sess=83be404c-1957-46d4-a36b-f9feca68dcf3
2024-10-11 09:25:01,368 INFO  [       ome.security.basic.CurrentDetails] (.Server-15) Adding log:UPDATE,class ome.model.core.OriginalFile,3061
2024-10-11 09:25:01,373 INFO  [                 org.perf4j.TimingLogger] (.Server-15) start[1728638701359] time[14] tag[omero.call.success.ome.logic.UpdateImpl.saveObject]
2024-10-11 09:25:01,373 INFO  [                 org.perf4j.TimingLogger] (2-thread-4) start[1728638698026] time[3347] tag[omero.import.request.step]
2024-10-11 09:25:01,374 DEBUG [    o.s.blitz.repo.ManagedImportRequestI] (2-thread-4) Step 2
2024-10-11 09:25:01,376 INFO  [    ome.security.basic.BasicEventContext] (.Server-13)  cctx:	group=0
2024-10-11 09:25:01,380 INFO  [         ome.security.basic.EventHandler] (.Server-13)  Auth:	user=0,group=0,event=28067(User),sess=83be404c-1957-46d4-a36b-f9feca68dcf3
2024-10-11 09:25:01,386 INFO  [                 org.perf4j.TimingLogger] (.Server-13) start[1728638701380] time[5] tag[omero.loadPixels]
2024-10-11 09:25:01,394 INFO  [                 org.perf4j.TimingLogger] (.Server-13) start[1728638701389] time[4] tag[omero.loadRenderingSettingsByUser]
2024-10-11 09:25:01,415 DEBUG [                   loci.formats.Memoizer] (.Server-13) start[1728638701400] time[15] tag[loci.formats.Memoizer.loadMemo]
2024-10-11 09:25:01,445 INFO  [                loci.formats.ImageReader] (.Server-13) IonpathMIBITiffReader initializing /OMERO/ManagedRepository/root_0/2024-10/11/09-24-57.176/TA459_multipleCores2_Run-4_Point2.tiff
2024-10-11 09:25:01,445 INFO  [       loci.formats.in.MinimalTiffReader] (.Server-13) Reading IFDs
2024-10-11 09:25:01,447 INFO  [       loci.formats.in.MinimalTiffReader] (.Server-13) Populating metadata
2024-10-11 09:25:01,449 INFO  [          loci.formats.in.BaseTiffReader] (.Server-13) Populating OME metadata
2024-10-11 09:25:01,462 DEBUG [                   loci.formats.Memoizer] (.Server-13) saved to temp file: /OMERO/BioFormatsCache/OMERO/ManagedRepository/root_0/2024-10/11/09-24-57.176/.TA459_multipleCores2_Run-4_Point2.tiff.bfmemo6327828438320925115
2024-10-11 09:25:01,462 DEBUG [                   loci.formats.Memoizer] (.Server-13) start[1728638701457] time[4] tag[loci.formats.Memoizer.saveMemo]
2024-10-11 09:25:01,462 DEBUG [                   loci.formats.Memoizer] (.Server-13) saved memo file: /OMERO/BioFormatsCache/OMERO/ManagedRepository/root_0/2024-10/11/09-24-57.176/.TA459_multipleCores2_Run-4_Point2.tiff.bfmemo (50717 bytes)
2024-10-11 09:25:01,462 DEBUG [                   loci.formats.Memoizer] (.Server-13) start[1728638701399] time[62] tag[loci.formats.Memoizer.setId]
2024-10-11 09:25:01,481 INFO  [       ome.security.basic.CurrentDetails] (.Server-13) Adding log:INSERT,class ome.model.display.QuantumDef,208
2024-10-11 09:25:01,482 INFO  [       ome.security.basic.CurrentDetails] (.Server-13) Adding log:INSERT,class ome.model.display.RenderingDef,208
2024-10-11 09:25:01,482 INFO  [       ome.security.basic.CurrentDetails] (.Server-13) Adding log:INSERT,class ome.model.display.ChannelBinding,859
2024-10-11 09:25:01,483 INFO  [       ome.security.basic.CurrentDetails] (.Server-13) Adding log:INSERT,class ome.model.display.ChannelBinding,860
2024-10-11 09:25:01,498 INFO  [       ome.security.basic.CurrentDetails] (.Server-13) Adding log:INSERT,class ome.model.display.ChannelBinding,861
2024-10-11 09:25:01,499 INFO  [       ome.security.basic.CurrentDetails] (.Server-13) Adding log:INSERT,class ome.model.display.ChannelBinding,862
2024-10-11 09:25:01,499 INFO  [       ome.security.basic.CurrentDetails] (.Server-13) Adding log:INSERT,class ome.model.display.ChannelBinding,863
2024-10-11 09:25:01,499 INFO  [       ome.security.basic.CurrentDetails] (.Server-13) Adding log:INSERT,class ome.model.display.ChannelBinding,864
2024-10-11 09:25:01,499 INFO  [       ome.security.basic.CurrentDetails] (.Server-13) Adding log:INSERT,class ome.model.display.ChannelBinding,865
2024-10-11 09:25:01,500 INFO  [       ome.security.basic.CurrentDetails] (.Server-13) Adding log:INSERT,class ome.model.display.ChannelBinding,866
2024-10-11 09:25:01,500 INFO  [       ome.security.basic.CurrentDetails] (.Server-13) Adding log:INSERT,class ome.model.display.ChannelBinding,867
2024-10-11 09:25:01,500 INFO  [       ome.security.basic.CurrentDetails] (.Server-13) Adding log:INSERT,class ome.model.display.ChannelBinding,868
2024-10-11 09:25:01,500 INFO  [       ome.security.basic.CurrentDetails] (.Server-13) Adding log:INSERT,class ome.model.display.ChannelBinding,869
2024-10-11 09:25:01,501 INFO  [       ome.security.basic.CurrentDetails] (.Server-13) Adding log:INSERT,class ome.model.display.ChannelBinding,870
2024-10-11 09:25:01,501 INFO  [       ome.security.basic.CurrentDetails] (.Server-13) Adding log:INSERT,class ome.model.display.ChannelBinding,871
2024-10-11 09:25:01,501 INFO  [       ome.security.basic.CurrentDetails] (.Server-13) Adding log:INSERT,class ome.model.display.ChannelBinding,872
2024-10-11 09:25:01,502 INFO  [       ome.security.basic.CurrentDetails] (.Server-13) Adding log:INSERT,class ome.model.display.ChannelBinding,873
2024-10-11 09:25:01,502 INFO  [       ome.security.basic.CurrentDetails] (.Server-13) Adding log:INSERT,class ome.model.display.ChannelBinding,874
2024-10-11 09:25:01,502 INFO  [       ome.security.basic.CurrentDetails] (.Server-13) Adding log:INSERT,class ome.model.display.ChannelBinding,875
2024-10-11 09:25:01,502 INFO  [       ome.security.basic.CurrentDetails] (.Server-13) Adding log:INSERT,class ome.model.display.ChannelBinding,876
2024-10-11 09:25:01,503 INFO  [       ome.security.basic.CurrentDetails] (.Server-13) Adding log:INSERT,class ome.model.display.ChannelBinding,877
2024-10-11 09:25:01,503 INFO  [       ome.security.basic.CurrentDetails] (.Server-13) Adding log:INSERT,class ome.model.display.ChannelBinding,878
2024-10-11 09:25:01,503 INFO  [       ome.security.basic.CurrentDetails] (.Server-13) Adding log:INSERT,class ome.model.display.ChannelBinding,879
2024-10-11 09:25:01,503 INFO  [       ome.security.basic.CurrentDetails] (.Server-13) Adding log:INSERT,class ome.model.display.ChannelBinding,880
2024-10-11 09:25:01,504 INFO  [       ome.security.basic.CurrentDetails] (.Server-13) Adding log:INSERT,class ome.model.display.ChannelBinding,881
2024-10-11 09:25:01,504 INFO  [       ome.security.basic.CurrentDetails] (.Server-13) Adding log:INSERT,class ome.model.display.ChannelBinding,882
2024-10-11 09:25:01,505 INFO  [       ome.security.basic.CurrentDetails] (.Server-13) Adding log:INSERT,class ome.model.display.ChannelBinding,883
2024-10-11 09:25:01,505 INFO  [       ome.security.basic.CurrentDetails] (.Server-13) Adding log:INSERT,class ome.model.display.ChannelBinding,884
2024-10-11 09:25:01,506 INFO  [       ome.security.basic.CurrentDetails] (.Server-13) Adding log:INSERT,class ome.model.display.ChannelBinding,885
2024-10-11 09:25:01,506 INFO  [       ome.security.basic.CurrentDetails] (.Server-13) Adding log:INSERT,class ome.model.display.ChannelBinding,886
2024-10-11 09:25:01,506 INFO  [       ome.security.basic.CurrentDetails] (.Server-13) Adding log:INSERT,class ome.model.display.ChannelBinding,887
2024-10-11 09:25:01,507 INFO  [       ome.security.basic.CurrentDetails] (.Server-13) Adding log:INSERT,class ome.model.display.ChannelBinding,888
2024-10-11 09:25:01,507 INFO  [       ome.security.basic.CurrentDetails] (.Server-13) Adding log:INSERT,class ome.model.display.ChannelBinding,889
2024-10-11 09:25:01,508 INFO  [       ome.security.basic.CurrentDetails] (.Server-13) Adding log:INSERT,class ome.model.display.ChannelBinding,890
2024-10-11 09:25:01,508 INFO  [       ome.security.basic.CurrentDetails] (.Server-13) Adding log:INSERT,class ome.model.display.ChannelBinding,891
2024-10-11 09:25:01,508 INFO  [       ome.security.basic.CurrentDetails] (.Server-13) Adding log:INSERT,class ome.model.display.ChannelBinding,892
2024-10-11 09:25:01,508 INFO  [       ome.security.basic.CurrentDetails] (.Server-13) Adding log:INSERT,class ome.model.display.ChannelBinding,893
2024-10-11 09:25:01,509 INFO  [       ome.security.basic.CurrentDetails] (.Server-13) Adding log:INSERT,class ome.model.display.ChannelBinding,894
2024-10-11 09:25:01,509 INFO  [       ome.security.basic.CurrentDetails] (.Server-13) Adding log:INSERT,class ome.model.display.ChannelBinding,895
2024-10-11 09:25:01,509 INFO  [       ome.security.basic.CurrentDetails] (.Server-13) Adding log:INSERT,class ome.model.display.ChannelBinding,896
2024-10-11 09:25:01,509 INFO  [       ome.security.basic.CurrentDetails] (.Server-13) Adding log:INSERT,class ome.model.display.ChannelBinding,897
2024-10-11 09:25:01,510 INFO  [       ome.security.basic.CurrentDetails] (.Server-13) Adding log:INSERT,class ome.model.display.ChannelBinding,898
2024-10-11 09:25:01,510 INFO  [       ome.security.basic.CurrentDetails] (.Server-13) Adding log:INSERT,class ome.model.display.ChannelBinding,899
2024-10-11 09:25:01,510 INFO  [       ome.security.basic.CurrentDetails] (.Server-13) Adding log:INSERT,class ome.model.display.ChannelBinding,900
2024-10-11 09:25:01,511 INFO  [       ome.security.basic.CurrentDetails] (.Server-13) Adding log:INSERT,class ome.model.display.ChannelBinding,901
2024-10-11 09:25:01,511 INFO  [       ome.security.basic.CurrentDetails] (.Server-13) Adding log:INSERT,class ome.model.display.ChannelBinding,902
2024-10-11 09:25:01,524 INFO  [                 org.perf4j.TimingLogger] (.Server-13) start[1728638701475] time[49] tag[omero.resetDefaultsInSet.saveAndReturn]
2024-10-11 09:25:01,525 INFO  [                 org.perf4j.TimingLogger] (.Server-13) start[1728638701380] time[144] tag[omero.resetDefaultsInSet]
2024-10-11 09:25:01,536 INFO  [                 org.perf4j.TimingLogger] (.Server-13) start[1728638701374] time[161] tag[omero.call.success.ome.logic.RenderingSettingsImpl.resetDefaultsInSet]
2024-10-11 09:25:01,538 INFO  [    ome.security.basic.BasicEventContext] (.Server-12)  cctx:	group=0
2024-10-11 09:25:01,542 INFO  [         ome.security.basic.EventHandler] (.Server-12)  Auth:	user=0,group=0,event=28068(User),sess=83be404c-1957-46d4-a36b-f9feca68dcf3
2024-10-11 09:25:01,544 INFO  [                 org.perf4j.TimingLogger] (.Server-12) start[1728638701542] time[2] tag[omero.bulkLoadRenderingSettings]
2024-10-11 09:25:01,545 INFO  [                 org.perf4j.TimingLogger] (.Server-12) start[1728638701545] time[0] tag[omero.createAndPrepareMissingRenderingSettings]
2024-10-11 09:25:01,547 INFO  [                 org.perf4j.TimingLogger] (.Server-12) start[1728638701545] time[2] tag[omero.bulkLoadMetadata]
2024-10-11 09:25:01,548 INFO  [                 org.perf4j.TimingLogger] (.Server-12) start[1728638701545] time[3] tag[omero.loadMetadataByDimensionPool]
2024-10-11 09:25:01,550 INFO  [       ome.security.basic.CurrentDetails] (.Server-12) Adding log:INSERT,class ome.model.display.Thumbnail,208
2024-10-11 09:25:01,552 INFO  [                 org.perf4j.TimingLogger] (.Server-12) start[1728638701551] time[1] tag[omero.bulkLoadMetadata]
2024-10-11 09:25:01,552 INFO  [                 org.perf4j.TimingLogger] (.Server-12) start[1728638701551] time[1] tag[omero.loadMetadataByDimensionPool]
2024-10-11 09:25:01,552 INFO  [                 org.perf4j.TimingLogger] (.Server-12) start[1728638701548] time[4] tag[omero.createMissingThumbnailMetadata]
2024-10-11 09:25:01,553 INFO  [    ome.security.basic.BasicEventContext] (.Server-12)  cctx:	group=0
2024-10-11 09:25:01,557 INFO  [         ome.security.basic.EventHandler] (.Server-12)  Auth:	user=0,group=0,event=28069(User),sess=83be404c-1957-46d4-a36b-f9feca68dcf3
2024-10-11 09:25:01,558 INFO  [                 org.perf4j.TimingLogger] (.Server-12) start[1728638701558] time[0] tag[omero._createThumbnail(thumbMetaData)]
2024-10-11 09:25:01,588 DEBUG [                   loci.formats.Memoizer] (.Server-12) loaded memo file: /OMERO/BioFormatsCache/OMERO/ManagedRepository/root_0/2024-10/11/09-24-57.176/.TA459_multipleCores2_Run-4_Point2.tiff.bfmemo (50717 bytes)
2024-10-11 09:25:01,588 DEBUG [                   loci.formats.Memoizer] (.Server-12) start[1728638701572] time[15] tag[loci.formats.Memoizer.loadMemo]
2024-10-11 09:25:01,588 DEBUG [                   loci.formats.Memoizer] (.Server-12) start[1728638701572] time[15] tag[loci.formats.Memoizer.setId]
2024-10-11 09:25:01,648 INFO  [       ome.logic.JavaImageScalingService] (.Server-12) Scaling to: 96x96
2024-10-11 09:25:01,664 INFO  [                 org.perf4j.TimingLogger] (.Server-12) start[1728638701648] time[16] tag[java-image-scaling.resampleOp]
2024-10-11 09:25:01,665 INFO  [                 org.perf4j.TimingLogger] (.Server-12) start[1728638701558] time[107] tag[omero._createThumbnail]
2024-10-11 09:25:01,673 INFO  [                 org.perf4j.TimingLogger] (.Server-12) start[1728638701537] time[136] tag[omero.call.success.ome.services.ThumbnailBean.createThumbnailsByLongestSideSet]
2024-10-11 09:25:01,673 INFO  [                 org.perf4j.TimingLogger] (2-thread-4) start[1728638701374] time[299] tag[omero.import.request.thumbs]
2024-10-11 09:25:01,675 INFO  [    ome.security.basic.BasicEventContext] (.Server-13)  cctx:	group=0
2024-10-11 09:25:01,676 INFO  [         ome.security.basic.EventHandler] (.Server-13)  Auth:	user=0,group=0,event=null(User),sess=83be404c-1957-46d4-a36b-f9feca68dcf3
2024-10-11 09:25:01,677 INFO  [                 org.perf4j.TimingLogger] (.Server-13) start[1728638701674] time[2] tag[omero.call.success.ome.logic.QueryImpl.get]
2024-10-11 09:25:01,678 INFO  [    ome.security.basic.BasicEventContext] (.Server-10)  cctx:	group=0
2024-10-11 09:25:01,682 INFO  [         ome.security.basic.EventHandler] (.Server-10)  Auth:	user=0,group=0,event=28072(User),sess=83be404c-1957-46d4-a36b-f9feca68dcf3
2024-10-11 09:25:01,684 INFO  [       ome.security.basic.CurrentDetails] (.Server-10) Adding log:UPDATE,class ome.model.core.OriginalFile,3061
2024-10-11 09:25:01,690 INFO  [                 org.perf4j.TimingLogger] (.Server-10) start[1728638701677] time[12] tag[omero.call.success.ome.logic.UpdateImpl.saveObject]
2024-10-11 09:25:01,690 INFO  [                 org.perf4j.TimingLogger] (2-thread-4) start[1728638701374] time[316] tag[omero.import.request.step]
2024-10-11 09:25:01,691 DEBUG [    o.s.blitz.repo.ManagedImportRequestI] (2-thread-4) Step 3
2024-10-11 09:25:01,692 INFO  [    ome.security.basic.BasicEventContext] (l.Server-9)  cctx:	group=0
2024-10-11 09:25:01,694 INFO  [         ome.security.basic.EventHandler] (l.Server-9)  Auth:	user=0,group=0,event=null(User),sess=83be404c-1957-46d4-a36b-f9feca68dcf3
2024-10-11 09:25:01,694 INFO  [                 org.perf4j.TimingLogger] (l.Server-9) start[1728638701691] time[3] tag[omero.call.success.ome.services.blitz.impl.MetadataStoreI$6.doWork]
2024-10-11 09:25:01,696 INFO  [    ome.security.basic.BasicEventContext] (l.Server-4)  cctx:	group=0
2024-10-11 09:25:01,697 INFO  [         ome.security.basic.EventHandler] (l.Server-4)  Auth:	user=0,group=0,event=null(User),sess=83be404c-1957-46d4-a36b-f9feca68dcf3
2024-10-11 09:25:01,698 INFO  [                 org.perf4j.TimingLogger] (l.Server-4) start[1728638701695] time[2] tag[omero.call.success.ome.logic.QueryImpl.get]
2024-10-11 09:25:01,699 INFO  [    ome.security.basic.BasicEventContext] (.Server-14)  cctx:	group=0
2024-10-11 09:25:01,703 INFO  [         ome.security.basic.EventHandler] (.Server-14)  Auth:	user=0,group=0,event=28074(User),sess=83be404c-1957-46d4-a36b-f9feca68dcf3
2024-10-11 09:25:01,705 INFO  [       ome.security.basic.CurrentDetails] (.Server-14) Adding log:UPDATE,class ome.model.core.OriginalFile,3061
2024-10-11 09:25:01,709 INFO  [                 org.perf4j.TimingLogger] (.Server-14) start[1728638701699] time[10] tag[omero.call.success.ome.logic.UpdateImpl.saveObject]
2024-10-11 09:25:01,709 INFO  [                 org.perf4j.TimingLogger] (2-thread-4) start[1728638701691] time[18] tag[omero.import.request.step]
2024-10-11 09:25:01,710 DEBUG [    o.s.blitz.repo.ManagedImportRequestI] (2-thread-4) Step 4
2024-10-11 09:25:01,711 INFO  [    ome.security.basic.BasicEventContext] (.Server-11)  cctx:	group=0
2024-10-11 09:25:01,712 INFO  [         ome.security.basic.EventHandler] (.Server-11)  Auth:	user=0,group=0,event=null(User),sess=83be404c-1957-46d4-a36b-f9feca68dcf3
2024-10-11 09:25:01,713 INFO  [                 org.perf4j.TimingLogger] (.Server-11) start[1728638701710] time[2] tag[omero.call.success.ome.logic.QueryImpl.get]
2024-10-11 09:25:01,714 INFO  [    ome.security.basic.BasicEventContext] (.Server-12)  cctx:	group=0
2024-10-11 09:25:01,717 INFO  [         ome.security.basic.EventHandler] (.Server-12)  Auth:	user=0,group=0,event=28076(User),sess=83be404c-1957-46d4-a36b-f9feca68dcf3
2024-10-11 09:25:01,719 INFO  [       ome.security.basic.CurrentDetails] (.Server-12) Adding log:UPDATE,class ome.model.core.OriginalFile,3061
2024-10-11 09:25:01,724 INFO  [                 org.perf4j.TimingLogger] (.Server-12) start[1728638701713] time[10] tag[omero.call.success.ome.logic.UpdateImpl.saveObject]
2024-10-11 09:25:01,724 INFO  [                 org.perf4j.TimingLogger] (2-thread-4) start[1728638701710] time[14] tag[omero.import.request.step]
2024-10-11 09:25:01,731 INFO  [    ome.security.basic.BasicEventContext] (.Server-13)  cctx:	group=0
2024-10-11 09:25:01,735 INFO  [         ome.security.basic.EventHandler] (.Server-13)  Auth:	user=0,group=0,event=28078(User),sess=83be404c-1957-46d4-a36b-f9feca68dcf3
2024-10-11 09:25:01,739 INFO  [                 org.perf4j.TimingLogger] (.Server-13) start[1728638701730] time[9] tag[omero.call.success.ome.services.RawFileBean.close]
2024-10-11 09:25:01,739 DEBUG [                omero.util.ServantHolder] (.Server-13) Removed omero.api._RawFileStoreTie@3f8e49d2 from omero.util.ServantHolder@149b3864 as 7662d075-c916-4ba8-b85a-c081c181c766omero.api.RawFileStore
2024-10-11 09:25:01,739 INFO  [                      omero.cmd.SessionI] (.Server-13) Unregistered servant:83be404c-1957-46d4-a36b-f9feca68dcf3/7662d075-c916-4ba8-b85a-c081c181c766omero.api.RawFileStore(omero.api._RawFileStoreTie@3f8e49d2)
2024-10-11 09:25:01,741 INFO  [    ome.security.basic.BasicEventContext] (.Server-10)  cctx:	group=0
2024-10-11 09:25:01,749 INFO  [         ome.security.basic.EventHandler] (.Server-10)  Auth:	user=0,group=0,event=28079(User),sess=83be404c-1957-46d4-a36b-f9feca68dcf3
2024-10-11 09:25:01,753 INFO  [                 org.perf4j.TimingLogger] (.Server-10) start[1728638701740] time[12] tag[omero.call.success.ome.services.RawPixelsBean.close]
2024-10-11 09:25:01,753 DEBUG [                omero.util.ServantHolder] (.Server-10) Removed omero.api._RawPixelsStoreTie@7da8bd37 from omero.util.ServantHolder@149b3864 as c05d77db-bc71-4e07-be1f-2c05b87fafbfomero.api.RawPixelsStore
2024-10-11 09:25:01,753 INFO  [                      omero.cmd.SessionI] (.Server-10) Unregistered servant:83be404c-1957-46d4-a36b-f9feca68dcf3/c05d77db-bc71-4e07-be1f-2c05b87fafbfomero.api.RawPixelsStore(omero.api._RawPixelsStoreTie@7da8bd37)
2024-10-11 09:25:01,755 INFO  [    ome.security.basic.BasicEventContext] (l.Server-9)  cctx:	group=0
2024-10-11 09:25:01,756 INFO  [         ome.security.basic.EventHandler] (l.Server-9)  Auth:	user=0,group=0,event=null(User),sess=83be404c-1957-46d4-a36b-f9feca68dcf3
2024-10-11 09:25:01,757 INFO  [                 org.perf4j.TimingLogger] (l.Server-9) start[1728638701754] time[2] tag[omero.call.success.ome.services.ThumbnailBean.close]
2024-10-11 09:25:01,757 DEBUG [                omero.util.ServantHolder] (l.Server-9) Removed omero.api._ThumbnailStoreTie@2206fc94 from omero.util.ServantHolder@149b3864 as 04d2751a-cfd4-42dd-83a2-6964e9dc8db0omero.api.ThumbnailStore
2024-10-11 09:25:01,757 INFO  [                      omero.cmd.SessionI] (l.Server-9) Unregistered servant:83be404c-1957-46d4-a36b-f9feca68dcf3/04d2751a-cfd4-42dd-83a2-6964e9dc8db0omero.api.ThumbnailStore(omero.api._ThumbnailStoreTie@2206fc94)
2024-10-11 09:25:01,757 DEBUG [                omero.util.ServantHolder] (l.Server-4) Removed omero.api._MetadataStoreTie@3f5daf8c from omero.util.ServantHolder@149b3864 as cb807953-6fb4-4836-883b-6b6e165d2b90omero.api.MetadataStore
2024-10-11 09:25:01,757 INFO  [                      omero.cmd.SessionI] (l.Server-4) Unregistered servant:83be404c-1957-46d4-a36b-f9feca68dcf3/cb807953-6fb4-4836-883b-6b6e165d2b90omero.api.MetadataStore(omero.api._MetadataStoreTie@3f5daf8c)
2024-10-11 09:25:01,757 INFO  [    o.s.blitz.repo.ManagedImportRequestI] (2-thread-4) Cleaning up import.
2024-10-11 09:25:01,762 INFO  [         ome.security.basic.EventHandler] (.Server-11)  Auth:	user=0,group=0,event=null(User),sess=83be404c-1957-46d4-a36b-f9feca68dcf3
2024-10-11 09:25:01,763 INFO  [                 org.perf4j.TimingLogger] (.Server-11) start[1728638701760] time[2] tag[omero.call.success.ome.logic.QueryImpl.get]
2024-10-11 09:25:01,772 INFO  [         ome.security.basic.EventHandler] (.Server-13)  Auth:	user=0,group=0,event=28080(User),sess=83be404c-1957-46d4-a36b-f9feca68dcf3
2024-10-11 09:25:01,774 INFO  [       ome.security.basic.CurrentDetails] (.Server-13) Adding log:UPDATE,class ome.model.core.OriginalFile,3061
2024-10-11 09:25:01,778 INFO  [                 org.perf4j.TimingLogger] (.Server-13) start[1728638701767] time[11] tag[omero.call.success.ome.logic.UpdateImpl.saveObject]
