2024-10-11 09:25:10,513 INFO  [                 org.perf4j.TimingLogger] (l.Server-4) start[1728638710501] time[12] tag[omero.import.process.init]
2024-10-11 09:25:10,520 INFO  [         ome.security.basic.EventHandler] (l.Server-4)  Auth:	user=0,group=0,event=28294(User),sess=83be404c-1957-46d4-a36b-f9feca68dcf3
2024-10-11 09:25:10,523 INFO  [       ome.security.basic.CurrentDetails] (l.Server-4) Adding log:INSERT,class ome.model.jobs.UploadJob,3133
2024-10-11 09:25:10,524 INFO  [       ome.security.basic.CurrentDetails] (l.Server-4) Adding log:INSERT,class ome.model.jobs.JobOriginalFileLink,4894
2024-10-11 09:25:10,530 INFO  [       ome.security.basic.CurrentDetails] (l.Server-4) Adding log:INSERT,class ome.model.jobs.MetadataImportJob,3134
2024-10-11 09:25:10,539 INFO  [       ome.security.basic.CurrentDetails] (l.Server-4) Adding log:INSERT,class ome.model.jobs.PixelDataJob,3135
2024-10-11 09:25:10,551 INFO  [       ome.security.basic.CurrentDetails] (l.Server-4) Adding log:INSERT,class ome.model.jobs.ThumbnailGenerationJob,3136
2024-10-11 09:25:10,556 INFO  [       ome.security.basic.CurrentDetails] (l.Server-4) Adding log:INSERT,class ome.model.jobs.IndexingJob,3137
2024-10-11 09:25:10,560 INFO  [                 org.perf4j.TimingLogger] (l.Server-4) start[1728638710560] time[0] tag[omero.repo.internal_register.find_repo_files]
2024-10-11 09:25:10,568 INFO  [       ome.security.basic.CurrentDetails] (l.Server-4) Adding log:INSERT,class ome.model.core.OriginalFile,3098
2024-10-11 09:25:10,569 INFO  [                 org.perf4j.TimingLogger] (l.Server-4) start[1728638710564] time[5] tag[omero.repo.create_original_file.save]
2024-10-11 09:25:10,569 INFO  [                 org.perf4j.TimingLogger] (l.Server-4) start[1728638710569] time[0] tag[omero.repo.create_original_file.internal_mkdir]
2024-10-11 09:25:10,570 INFO  [                 org.perf4j.TimingLogger] (l.Server-4) start[1728638710570] time[0] tag[omero.repo.internal_register.load]
2024-10-11 09:25:10,570 INFO  [                 org.perf4j.TimingLogger] (l.Server-4) start[1728638710570] time[0] tag[omero.repo.internal_register.sort]
2024-10-11 09:25:10,570 INFO  [                 org.perf4j.TimingLogger] (l.Server-4) start[1728638710560] time[9] tag[omero.repo.save_fileset.register]
2024-10-11 09:25:10,570 INFO  [                 org.perf4j.TimingLogger] (l.Server-4) start[1728638710570] time[0] tag[omero.repo.save_fileset.update_fileset_entries]
2024-10-11 09:25:10,572 INFO  [       ome.security.basic.CurrentDetails] (l.Server-4) Adding log:INSERT,class ome.model.fs.Fileset,220
2024-10-11 09:25:10,574 INFO  [       ome.security.basic.CurrentDetails] (l.Server-4) Adding log:INSERT,class ome.model.fs.FilesetJobLink,296
2024-10-11 09:25:10,575 INFO  [       ome.security.basic.CurrentDetails] (l.Server-4) Adding log:INSERT,class ome.model.fs.FilesetJobLink,297
2024-10-11 09:25:10,575 INFO  [       ome.security.basic.CurrentDetails] (l.Server-4) Adding log:INSERT,class ome.model.fs.FilesetJobLink,298
2024-10-11 09:25:10,575 INFO  [       ome.security.basic.CurrentDetails] (l.Server-4) Adding log:INSERT,class ome.model.fs.FilesetJobLink,299
2024-10-11 09:25:10,576 INFO  [       ome.security.basic.CurrentDetails] (l.Server-4) Adding log:INSERT,class ome.model.fs.FilesetJobLink,300
2024-10-11 09:25:10,577 INFO  [       ome.security.basic.CurrentDetails] (l.Server-4) Adding log:INSERT,class ome.model.fs.FilesetEntry,220
2024-10-11 09:25:10,579 INFO  [                 org.perf4j.TimingLogger] (l.Server-4) start[1728638710570] time[9] tag[omero.repo.save_fileset.save]
2024-10-11 09:25:10,585 INFO  [                 org.perf4j.TimingLogger] (l.Server-4) start[1728638710515] time[69] tag[omero.call.success.ome.services.blitz.repo.RepositoryDaoImpl$8.doWork]
2024-10-11 09:25:10,585 INFO  [                 org.perf4j.TimingLogger] (l.Server-4) start[1728638710515] time[70] tag[omero.repo.save_fileset]
2024-10-11 09:25:10,586 INFO  [                      omero.cmd.SessionI] (l.Server-4) Added servant to adapter: 83be404c-1957-46d4-a36b-f9feca68dcf3/d5ca93dd-e7c4-452e-969c-8afb7d66f51c-ManagedImportProcessI(omero.grid._ImportProcessTie@22341ece)
2024-10-11 09:25:10,586 DEBUG [                omero.util.ServantHolder] (l.Server-4) Added omero.grid._ImportProcessTie@22341ece to omero.util.ServantHolder@149b3864 as d5ca93dd-e7c4-452e-969c-8afb7d66f51c-ManagedImportProcessI
2024-10-11 09:25:10,586 INFO  [                 org.perf4j.TimingLogger] (l.Server-4) start[1728638710514] time[71] tag[omero.import.process.create]
2024-10-11 09:25:10,594 INFO  [         ome.security.basic.EventHandler] (l.Server-9)  Auth:	user=0,group=0,event=null(User),sess=83be404c-1957-46d4-a36b-f9feca68dcf3
2024-10-11 09:25:10,601 INFO  [                 org.perf4j.TimingLogger] (l.Server-9) start[1728638710592] time[8] tag[omero.call.success.ome.services.blitz.repo.RepositoryDaoImpl$2.doWork]
2024-10-11 09:25:10,603 INFO  [         ome.security.basic.EventHandler] (l.Server-9)  Auth:	user=0,group=0,event=null(User),sess=83be404c-1957-46d4-a36b-f9feca68dcf3
2024-10-11 09:25:10,606 INFO  [                 org.perf4j.TimingLogger] (l.Server-9) start[1728638710601] time[5] tag[omero.call.success.ome.services.blitz.repo.RepositoryDaoImpl$4.doWork]
2024-10-11 09:25:10,609 INFO  [         ome.security.basic.EventHandler] (l.Server-9)  Auth:	user=0,group=0,event=null(User),sess=83be404c-1957-46d4-a36b-f9feca68dcf3
2024-10-11 09:25:10,611 INFO  [                 org.perf4j.TimingLogger] (l.Server-9) start[1728638710607] time[4] tag[omero.call.success.ome.services.blitz.repo.RepositoryDaoImpl$6.doWork]
2024-10-11 09:25:10,614 INFO  [    ome.security.basic.BasicEventContext] (l.Server-9)  cctx:	group=0
2024-10-11 09:25:10,616 INFO  [         ome.security.basic.EventHandler] (l.Server-9)  Auth:	user=0,group=0,event=null(User),sess=83be404c-1957-46d4-a36b-f9feca68dcf3
2024-10-11 09:25:10,618 INFO  [                 org.perf4j.TimingLogger] (l.Server-9) start[1728638710612] time[6] tag[omero.call.success.ome.services.blitz.repo.RepositoryDaoImpl$1.doWork]
2024-10-11 09:25:10,618 INFO  [                      omero.cmd.SessionI] (l.Server-9) Added servant to adapter: 83be404c-1957-46d4-a36b-f9feca68dcf3/6aa4ef6c-b810-4f47-bc8c-13adf8f24580-RepoRawFileStoreI(omero.api._RawFileStoreTie@7131aff5)
2024-10-11 09:25:10,618 DEBUG [                omero.util.ServantHolder] (l.Server-9) Added omero.api._RawFileStoreTie@7131aff5 to omero.util.ServantHolder@149b3864 as 6aa4ef6c-b810-4f47-bc8c-13adf8f24580-RepoRawFileStoreI
2024-10-11 09:25:10,618 INFO  [                 org.perf4j.TimingLogger] (l.Server-9) start[1728638710592] time[26] tag[omero.import.process.opener]
2024-10-11 09:25:10,618 INFO  [                 org.perf4j.TimingLogger] (l.Server-9) start[1728638710592] time[26] tag[omero.import.process.uploader]
2024-10-11 09:25:10,624 INFO  [         ome.security.basic.EventHandler] (.Server-14)  Auth:	user=0,group=0,event=null(User),sess=83be404c-1957-46d4-a36b-f9feca68dcf3
2024-10-11 09:25:10,625 INFO  [                 org.perf4j.TimingLogger] (.Server-14) start[1728638710622] time[2] tag[omero.call.success.ome.services.RawFileBean.write]
2024-10-11 09:25:10,670 INFO  [         ome.security.basic.EventHandler] (.Server-10)  Auth:	user=0,group=0,event=null(User),sess=83be404c-1957-46d4-a36b-f9feca68dcf3
2024-10-11 09:25:10,677 INFO  [                 org.perf4j.TimingLogger] (.Server-10) start[1728638710669] time[7] tag[omero.call.success.ome.services.RawFileBean.write]
2024-10-11 09:25:10,731 INFO  [         ome.security.basic.EventHandler] (.Server-13)  Auth:	user=0,group=0,event=null(User),sess=83be404c-1957-46d4-a36b-f9feca68dcf3
2024-10-11 09:25:10,749 INFO  [                 org.perf4j.TimingLogger] (.Server-13) start[1728638710730] time[19] tag[omero.call.success.ome.services.RawFileBean.write]
2024-10-11 09:25:10,813 INFO  [         ome.security.basic.EventHandler] (l.Server-4)  Auth:	user=0,group=0,event=null(User),sess=83be404c-1957-46d4-a36b-f9feca68dcf3
2024-10-11 09:25:10,819 INFO  [                 org.perf4j.TimingLogger] (l.Server-4) start[1728638710812] time[7] tag[omero.call.success.ome.services.RawFileBean.write]
2024-10-11 09:25:10,864 INFO  [         ome.security.basic.EventHandler] (.Server-13)  Auth:	user=0,group=0,event=null(User),sess=83be404c-1957-46d4-a36b-f9feca68dcf3
2024-10-11 09:25:10,871 INFO  [                 org.perf4j.TimingLogger] (.Server-13) start[1728638710862] time[8] tag[omero.call.success.ome.services.RawFileBean.write]
2024-10-11 09:25:10,924 INFO  [         ome.security.basic.EventHandler] (.Server-14)  Auth:	user=0,group=0,event=null(User),sess=83be404c-1957-46d4-a36b-f9feca68dcf3
2024-10-11 09:25:10,931 INFO  [                 org.perf4j.TimingLogger] (.Server-14) start[1728638710923] time[8] tag[omero.call.success.ome.services.RawFileBean.write]
2024-10-11 09:25:10,984 INFO  [         ome.security.basic.EventHandler] (.Server-15)  Auth:	user=0,group=0,event=null(User),sess=83be404c-1957-46d4-a36b-f9feca68dcf3
2024-10-11 09:25:10,990 INFO  [                 org.perf4j.TimingLogger] (.Server-15) start[1728638710983] time[6] tag[omero.call.success.ome.services.RawFileBean.write]
2024-10-11 09:25:10,997 INFO  [         ome.security.basic.EventHandler] (.Server-14)  Auth:	user=0,group=0,event=28304(User),sess=83be404c-1957-46d4-a36b-f9feca68dcf3
2024-10-11 09:25:11,018 INFO  [                 org.perf4j.TimingLogger] (.Server-14) start[1728638710997] time[21] tag[omero.services.file.flush]
2024-10-11 09:25:11,038 INFO  [                 org.perf4j.TimingLogger] (.Server-14) start[1728638711019] time[19] tag[omero.services.file.checksum]
2024-10-11 09:25:11,040 INFO  [       ome.security.basic.CurrentDetails] (.Server-14) Adding log:UPDATE,class ome.model.core.OriginalFile,3098
2024-10-11 09:25:11,041 INFO  [                 org.perf4j.TimingLogger] (.Server-14) start[1728638711038] time[2] tag[omero.services.file.finalize]
2024-10-11 09:25:11,044 INFO  [                 org.perf4j.TimingLogger] (.Server-14) start[1728638710992] time[52] tag[omero.call.success.ome.services.RawFileBean.save]
2024-10-11 09:25:11,054 INFO  [         ome.security.basic.EventHandler] (.Server-12)  Auth:	user=0,group=0,event=28305(User),sess=83be404c-1957-46d4-a36b-f9feca68dcf3
2024-10-11 09:25:11,057 INFO  [                 org.perf4j.TimingLogger] (.Server-12) start[1728638711048] time[9] tag[omero.call.success.ome.services.RawFileBean.close]
2024-10-11 09:25:11,058 DEBUG [                omero.util.ServantHolder] (.Server-12) Removed omero.api._RawFileStoreTie@7131aff5 from omero.util.ServantHolder@149b3864 as 6aa4ef6c-b810-4f47-bc8c-13adf8f24580-RepoRawFileStoreI
2024-10-11 09:25:11,058 INFO  [                      omero.cmd.SessionI] (.Server-12) Unregistered servant:83be404c-1957-46d4-a36b-f9feca68dcf3/6aa4ef6c-b810-4f47-bc8c-13adf8f24580-RepoRawFileStoreI(omero.api._RawFileStoreTie@7131aff5)
2024-10-11 09:25:11,061 INFO  [         ome.security.basic.EventHandler] (l.Server-4)  Auth:	user=0,group=0,event=null(User),sess=83be404c-1957-46d4-a36b-f9feca68dcf3
2024-10-11 09:25:11,062 INFO  [                 org.perf4j.TimingLogger] (l.Server-4) start[1728638711060] time[2] tag[omero.call.success.ome.services.blitz.impl.ServiceFactoryI$3.doWork]
2024-10-11 09:25:11,067 INFO  [                 org.perf4j.TimingLogger] (l.Server-4) start[1728638711062] time[4] tag[omero.import.process.checksum]
2024-10-11 09:25:11,073 INFO  [         ome.security.basic.EventHandler] (l.Server-4)  Auth:	user=0,group=0,event=28306(User),sess=83be404c-1957-46d4-a36b-f9feca68dcf3
2024-10-11 09:25:11,083 INFO  [       ome.security.basic.CurrentDetails] (l.Server-4) Adding log:UPDATE,class ome.model.jobs.UploadJob,3133
2024-10-11 09:25:11,090 INFO  [                 org.perf4j.TimingLogger] (l.Server-4) start[1728638711067] time[22] tag[omero.call.success.ome.services.blitz.repo.RepositoryDaoImpl$12.doWork]
2024-10-11 09:25:11,092 INFO  [         ome.security.basic.EventHandler] (l.Server-4)  Auth:	user=0,group=0,event=null(User),sess=83be404c-1957-46d4-a36b-f9feca68dcf3
2024-10-11 09:25:11,093 INFO  [                 org.perf4j.TimingLogger] (l.Server-4) start[1728638711090] time[3] tag[omero.call.success.ome.services.blitz.repo.RepositoryDaoImpl$2.doWork]
2024-10-11 09:25:11,096 INFO  [         ome.security.basic.EventHandler] (l.Server-4)  Auth:	user=0,group=0,event=null(User),sess=83be404c-1957-46d4-a36b-f9feca68dcf3
2024-10-11 09:25:11,098 INFO  [                 org.perf4j.TimingLogger] (l.Server-4) start[1728638711094] time[4] tag[omero.call.success.ome.services.blitz.repo.RepositoryDaoImpl$4.doWork]
2024-10-11 09:25:11,098 INFO  [       ome.formats.importer.ImportConfig] (l.Server-4) OMERO.blitz Version: 5.7.3
2024-10-11 09:25:11,098 INFO  [       ome.formats.importer.ImportConfig] (l.Server-4) Bioformats version: 7.3.0 revision: acc4b6de79e55275b5e6c8200f8458f6d93c9ba0 date: 18 April 2024
2024-10-11 09:25:11,101 INFO  [                      omero.cmd.SessionI] (l.Server-4) Added servant to adapter: 83be404c-1957-46d4-a36b-f9feca68dcf3/IHandle1fafbd14-13b9-4879-a171-bef8bba5b36c(omero.cmd._HandleTie@8c2438f3)
2024-10-11 09:25:11,101 DEBUG [                omero.util.ServantHolder] (l.Server-4) Added omero.cmd._HandleTie@8c2438f3 to omero.util.ServantHolder@149b3864 as IHandle1fafbd14-13b9-4879-a171-bef8bba5b36c
2024-10-11 09:25:11,102 INFO  [                 org.perf4j.TimingLogger] (l.Server-4) start[1728638711102] time[0] tag[omero.background.submit]
2024-10-11 09:25:11,102 INFO  [                 org.perf4j.TimingLogger] (l.Server-4) start[1728638711067] time[34] tag[omero.import.process.submit]
2024-10-11 09:25:11,104 DEBUG [                omero.util.ServantHolder] (.Server-10) Removed omero.grid._ImportProcessTie@22341ece from omero.util.ServantHolder@149b3864 as d5ca93dd-e7c4-452e-969c-8afb7d66f51c-ManagedImportProcessI
2024-10-11 09:25:11,104 INFO  [                      omero.cmd.SessionI] (.Server-10) Unregistered servant:83be404c-1957-46d4-a36b-f9feca68dcf3/d5ca93dd-e7c4-452e-969c-8afb7d66f51c-ManagedImportProcessI(omero.grid._ImportProcessTie@22341ece)
2024-10-11 09:25:11,111 INFO  [    ome.formats.OMEROMetadataStoreClient] (2-thread-2) Call context: {omero.group:0}
2024-10-11 09:25:11,111 INFO  [    ome.formats.OMEROMetadataStoreClient] (2-thread-2) Call context: {omero.logfilename:root_0/2024-10/11/09-25-10.407.log}
2024-10-11 09:25:11,116 INFO  [    ome.security.basic.BasicEventContext] (.Server-14)  cctx:	group=0
2024-10-11 09:25:11,117 INFO  [         ome.security.basic.EventHandler] (.Server-14)  Auth:	user=0,group=0,event=null(User),sess=83be404c-1957-46d4-a36b-f9feca68dcf3
2024-10-11 09:25:11,123 INFO  [                 org.perf4j.TimingLogger] (.Server-14) start[1728638711115] time[8] tag[omero.call.success.ome.logic.AdminImpl.getEventContext]
2024-10-11 09:25:11,158 INFO  [    ome.formats.OMEROMetadataStoreClient] (2-thread-2) Pinging session every 300s.
2024-10-11 09:25:11,182 INFO  [                loci.formats.ImageReader] (2-thread-2) IonpathMIBITiffReader initializing /OMERO/ManagedRepository/root_0/2024-10/11/09-25-10.407/TA459_multipleCores2_Run-4_Point19.tiff
2024-10-11 09:25:11,183 INFO  [       loci.formats.in.MinimalTiffReader] (2-thread-2) Reading IFDs
2024-10-11 09:25:11,184 INFO  [       loci.formats.in.MinimalTiffReader] (2-thread-2) Populating metadata
2024-10-11 09:25:11,187 INFO  [          loci.formats.in.BaseTiffReader] (2-thread-2) Populating OME metadata
2024-10-11 09:25:11,193 INFO  [    ome.security.basic.BasicEventContext] (.Server-12)  cctx:	group=0
2024-10-11 09:25:11,194 INFO  [         ome.security.basic.EventHandler] (.Server-12)  Auth:	user=0,group=0,event=null(User),sess=83be404c-1957-46d4-a36b-f9feca68dcf3
2024-10-11 09:25:11,196 INFO  [                 org.perf4j.TimingLogger] (.Server-12) start[1728638711192] time[4] tag[omero.call.success.ome.logic.QueryImpl.findAll]
2024-10-11 09:25:11,201 INFO  [    ome.security.basic.BasicEventContext] (.Server-14)  cctx:	group=0
2024-10-11 09:25:11,202 INFO  [         ome.security.basic.EventHandler] (.Server-14)  Auth:	user=0,group=0,event=null(User),sess=83be404c-1957-46d4-a36b-f9feca68dcf3
2024-10-11 09:25:11,203 INFO  [                 org.perf4j.TimingLogger] (.Server-14) start[1728638711201] time[2] tag[omero.call.success.ome.logic.QueryImpl.findAll]
2024-10-11 09:25:11,205 INFO  [    ome.security.basic.BasicEventContext] (l.Server-9)  cctx:	group=0
2024-10-11 09:25:11,205 INFO  [         ome.security.basic.EventHandler] (l.Server-9)  Auth:	user=0,group=0,event=null(User),sess=83be404c-1957-46d4-a36b-f9feca68dcf3
2024-10-11 09:25:11,206 INFO  [                 org.perf4j.TimingLogger] (l.Server-9) start[1728638711204] time[2] tag[omero.call.success.ome.logic.QueryImpl.findAll]
2024-10-11 09:25:11,208 INFO  [    ome.security.basic.BasicEventContext] (.Server-11)  cctx:	group=0
2024-10-11 09:25:11,209 INFO  [         ome.security.basic.EventHandler] (.Server-11)  Auth:	user=0,group=0,event=null(User),sess=83be404c-1957-46d4-a36b-f9feca68dcf3
2024-10-11 09:25:11,210 INFO  [                 org.perf4j.TimingLogger] (.Server-11) start[1728638711207] time[2] tag[omero.call.success.ome.logic.QueryImpl.findAll]
2024-10-11 09:25:11,240 DEBUG [                   loci.formats.Memoizer] (2-thread-2) saved to temp file: /OMERO/BioFormatsCache/OMERO/ManagedRepository/root_0/2024-10/11/09-25-10.407/.TA459_multipleCores2_Run-4_Point19.tiff.bfmemo14271713078052098934
2024-10-11 09:25:11,240 DEBUG [                   loci.formats.Memoizer] (2-thread-2) start[1728638711230] time[10] tag[loci.formats.Memoizer.saveMemo]
2024-10-11 09:25:11,240 DEBUG [                   loci.formats.Memoizer] (2-thread-2) saved memo file: /OMERO/BioFormatsCache/OMERO/ManagedRepository/root_0/2024-10/11/09-25-10.407/.TA459_multipleCores2_Run-4_Point19.tiff.bfmemo (50735 bytes)
2024-10-11 09:25:11,240 DEBUG [                   loci.formats.Memoizer] (2-thread-2) start[1728638711158] time[82] tag[loci.formats.Memoizer.setId]
2024-10-11 09:25:11,240 DEBUG [    o.s.blitz.repo.ManagedImportRequestI] (2-thread-2) Image Count: 44
2024-10-11 09:25:11,240 INFO  [    o.s.blitz.repo.ManagedImportRequestI] (2-thread-2) File format: Ionpath MIBI
2024-10-11 09:25:11,241 INFO  [    o.s.blitz.repo.ManagedImportRequestI] (2-thread-2) Base reader: loci.formats.in.IonpathMIBITiffReader
2024-10-11 09:25:11,241 INFO  [                 org.perf4j.TimingLogger] (2-thread-2) start[1728638711109] time[131] tag[omero.import.request.init]
2024-10-11 09:25:11,241 DEBUG [    o.s.blitz.repo.ManagedImportRequestI] (2-thread-2) Step 0
2024-10-11 09:25:11,242 WARN  [    ome.formats.model.ReferenceProcessor] (2-thread-2) Unknown target class for LSID: Image:SIMS
2024-10-11 09:25:11,242 INFO  [    ome.formats.OMEROMetadataStoreClient] (2-thread-2) Handling # of containers: 91
2024-10-11 09:25:11,245 INFO  [    ome.security.basic.BasicEventContext] (l.Server-4)  cctx:	group=0
2024-10-11 09:25:11,246 INFO  [         ome.security.basic.EventHandler] (l.Server-4)  Auth:	user=0,group=0,event=null(User),sess=83be404c-1957-46d4-a36b-f9feca68dcf3
2024-10-11 09:25:11,246 INFO  [                 org.perf4j.TimingLogger] (l.Server-4) start[1728638711244] time[2] tag[omero.call.success.ome.services.blitz.impl.MetadataStoreI$4.doWork]
2024-10-11 09:25:11,247 INFO  [    ome.formats.OMEROMetadataStoreClient] (2-thread-2) Handling # of references: 1
2024-10-11 09:25:11,247 INFO  [    ome.security.basic.BasicEventContext] (.Server-10)  cctx:	group=0
2024-10-11 09:25:11,248 INFO  [         ome.security.basic.EventHandler] (.Server-10)  Auth:	user=0,group=0,event=null(User),sess=83be404c-1957-46d4-a36b-f9feca68dcf3
2024-10-11 09:25:11,249 INFO  [                 org.perf4j.TimingLogger] (.Server-10) start[1728638711247] time[1] tag[omero.call.success.ome.services.blitz.impl.MetadataStoreI$5.doWork]
2024-10-11 09:25:11,253 INFO  [    ome.security.basic.BasicEventContext] (.Server-15)  cctx:	group=0
2024-10-11 09:25:11,257 INFO  [         ome.security.basic.EventHandler] (.Server-15)  Auth:	user=0,group=0,event=28311(User),sess=83be404c-1957-46d4-a36b-f9feca68dcf3
2024-10-11 09:25:11,264 INFO  [       ome.security.basic.CurrentDetails] (.Server-15) Adding log:INSERT,class ome.model.core.Image,220
2024-10-11 09:25:11,265 INFO  [       ome.security.basic.CurrentDetails] (.Server-15) Adding log:INSERT,class ome.model.containers.DatasetImageLink,220
2024-10-11 09:25:11,266 INFO  [       ome.security.basic.CurrentDetails] (.Server-15) Adding log:INSERT,class ome.model.core.Pixels,220
2024-10-11 09:25:11,266 INFO  [       ome.security.basic.CurrentDetails] (.Server-15) Adding log:INSERT,class ome.model.core.LogicalChannel,1387
2024-10-11 09:25:11,266 INFO  [       ome.security.basic.CurrentDetails] (.Server-15) Adding log:INSERT,class ome.model.core.Channel,1387
2024-10-11 09:25:11,267 INFO  [       ome.security.basic.CurrentDetails] (.Server-15) Adding log:INSERT,class ome.model.core.LogicalChannel,1388
2024-10-11 09:25:11,267 INFO  [       ome.security.basic.CurrentDetails] (.Server-15) Adding log:INSERT,class ome.model.core.Channel,1388
2024-10-11 09:25:11,267 INFO  [       ome.security.basic.CurrentDetails] (.Server-15) Adding log:INSERT,class ome.model.core.LogicalChannel,1389
2024-10-11 09:25:11,267 INFO  [       ome.security.basic.CurrentDetails] (.Server-15) Adding log:INSERT,class ome.model.core.Channel,1389
2024-10-11 09:25:11,268 INFO  [       ome.security.basic.CurrentDetails] (.Server-15) Adding log:INSERT,class ome.model.core.LogicalChannel,1390
2024-10-11 09:25:11,268 INFO  [       ome.security.basic.CurrentDetails] (.Server-15) Adding log:INSERT,class ome.model.core.Channel,1390
2024-10-11 09:25:11,268 INFO  [       ome.security.basic.CurrentDetails] (.Server-15) Adding log:INSERT,class ome.model.core.LogicalChannel,1391
2024-10-11 09:25:11,269 INFO  [       ome.security.basic.CurrentDetails] (.Server-15) Adding log:INSERT,class ome.model.core.Channel,1391
2024-10-11 09:25:11,269 INFO  [       ome.security.basic.CurrentDetails] (.Server-15) Adding log:INSERT,class ome.model.core.LogicalChannel,1392
2024-10-11 09:25:11,269 INFO  [       ome.security.basic.CurrentDetails] (.Server-15) Adding log:INSERT,class ome.model.core.Channel,1392
2024-10-11 09:25:11,269 INFO  [       ome.security.basic.CurrentDetails] (.Server-15) Adding log:INSERT,class ome.model.core.LogicalChannel,1393
2024-10-11 09:25:11,270 INFO  [       ome.security.basic.CurrentDetails] (.Server-15) Adding log:INSERT,class ome.model.core.Channel,1393
2024-10-11 09:25:11,270 INFO  [       ome.security.basic.CurrentDetails] (.Server-15) Adding log:INSERT,class ome.model.core.LogicalChannel,1394
2024-10-11 09:25:11,270 INFO  [       ome.security.basic.CurrentDetails] (.Server-15) Adding log:INSERT,class ome.model.core.Channel,1394
2024-10-11 09:25:11,270 INFO  [       ome.security.basic.CurrentDetails] (.Server-15) Adding log:INSERT,class ome.model.core.LogicalChannel,1395
2024-10-11 09:25:11,271 INFO  [       ome.security.basic.CurrentDetails] (.Server-15) Adding log:INSERT,class ome.model.core.Channel,1395
2024-10-11 09:25:11,271 INFO  [       ome.security.basic.CurrentDetails] (.Server-15) Adding log:INSERT,class ome.model.core.LogicalChannel,1396
2024-10-11 09:25:11,271 INFO  [       ome.security.basic.CurrentDetails] (.Server-15) Adding log:INSERT,class ome.model.core.Channel,1396
2024-10-11 09:25:11,272 INFO  [       ome.security.basic.CurrentDetails] (.Server-15) Adding log:INSERT,class ome.model.core.LogicalChannel,1397
2024-10-11 09:25:11,272 INFO  [       ome.security.basic.CurrentDetails] (.Server-15) Adding log:INSERT,class ome.model.core.Channel,1397
2024-10-11 09:25:11,272 INFO  [       ome.security.basic.CurrentDetails] (.Server-15) Adding log:INSERT,class ome.model.core.LogicalChannel,1398
2024-10-11 09:25:11,272 INFO  [       ome.security.basic.CurrentDetails] (.Server-15) Adding log:INSERT,class ome.model.core.Channel,1398
2024-10-11 09:25:11,273 INFO  [       ome.security.basic.CurrentDetails] (.Server-15) Adding log:INSERT,class ome.model.core.LogicalChannel,1399
2024-10-11 09:25:11,273 INFO  [       ome.security.basic.CurrentDetails] (.Server-15) Adding log:INSERT,class ome.model.core.Channel,1399
2024-10-11 09:25:11,273 INFO  [       ome.security.basic.CurrentDetails] (.Server-15) Adding log:INSERT,class ome.model.core.LogicalChannel,1400
2024-10-11 09:25:11,273 INFO  [       ome.security.basic.CurrentDetails] (.Server-15) Adding log:INSERT,class ome.model.core.Channel,1400
2024-10-11 09:25:11,274 INFO  [       ome.security.basic.CurrentDetails] (.Server-15) Adding log:INSERT,class ome.model.core.LogicalChannel,1401
2024-10-11 09:25:11,274 INFO  [       ome.security.basic.CurrentDetails] (.Server-15) Adding log:INSERT,class ome.model.core.Channel,1401
2024-10-11 09:25:11,274 INFO  [       ome.security.basic.CurrentDetails] (.Server-15) Adding log:INSERT,class ome.model.core.LogicalChannel,1402
2024-10-11 09:25:11,275 INFO  [       ome.security.basic.CurrentDetails] (.Server-15) Adding log:INSERT,class ome.model.core.Channel,1402
2024-10-11 09:25:11,275 INFO  [       ome.security.basic.CurrentDetails] (.Server-15) Adding log:INSERT,class ome.model.core.LogicalChannel,1403
2024-10-11 09:25:11,275 INFO  [       ome.security.basic.CurrentDetails] (.Server-15) Adding log:INSERT,class ome.model.core.Channel,1403
2024-10-11 09:25:11,275 INFO  [       ome.security.basic.CurrentDetails] (.Server-15) Adding log:INSERT,class ome.model.core.LogicalChannel,1404
2024-10-11 09:25:11,276 INFO  [       ome.security.basic.CurrentDetails] (.Server-15) Adding log:INSERT,class ome.model.core.Channel,1404
2024-10-11 09:25:11,276 INFO  [       ome.security.basic.CurrentDetails] (.Server-15) Adding log:INSERT,class ome.model.core.LogicalChannel,1405
2024-10-11 09:25:11,276 INFO  [       ome.security.basic.CurrentDetails] (.Server-15) Adding log:INSERT,class ome.model.core.Channel,1405
2024-10-11 09:25:11,276 INFO  [       ome.security.basic.CurrentDetails] (.Server-15) Adding log:INSERT,class ome.model.core.LogicalChannel,1406
2024-10-11 09:25:11,277 INFO  [       ome.security.basic.CurrentDetails] (.Server-15) Adding log:INSERT,class ome.model.core.Channel,1406
2024-10-11 09:25:11,277 INFO  [       ome.security.basic.CurrentDetails] (.Server-15) Adding log:INSERT,class ome.model.core.LogicalChannel,1407
2024-10-11 09:25:11,278 INFO  [       ome.security.basic.CurrentDetails] (.Server-15) Adding log:INSERT,class ome.model.core.Channel,1407
2024-10-11 09:25:11,278 INFO  [       ome.security.basic.CurrentDetails] (.Server-15) Adding log:INSERT,class ome.model.core.LogicalChannel,1408
2024-10-11 09:25:11,278 INFO  [       ome.security.basic.CurrentDetails] (.Server-15) Adding log:INSERT,class ome.model.core.Channel,1408
2024-10-11 09:25:11,279 INFO  [       ome.security.basic.CurrentDetails] (.Server-15) Adding log:INSERT,class ome.model.core.LogicalChannel,1409
2024-10-11 09:25:11,279 INFO  [       ome.security.basic.CurrentDetails] (.Server-15) Adding log:INSERT,class ome.model.core.Channel,1409
2024-10-11 09:25:11,279 INFO  [       ome.security.basic.CurrentDetails] (.Server-15) Adding log:INSERT,class ome.model.core.LogicalChannel,1410
2024-10-11 09:25:11,280 INFO  [       ome.security.basic.CurrentDetails] (.Server-15) Adding log:INSERT,class ome.model.core.Channel,1410
2024-10-11 09:25:11,281 INFO  [       ome.security.basic.CurrentDetails] (.Server-15) Adding log:INSERT,class ome.model.core.LogicalChannel,1411
2024-10-11 09:25:11,281 INFO  [       ome.security.basic.CurrentDetails] (.Server-15) Adding log:INSERT,class ome.model.core.Channel,1411
2024-10-11 09:25:11,282 INFO  [       ome.security.basic.CurrentDetails] (.Server-15) Adding log:INSERT,class ome.model.core.LogicalChannel,1412
2024-10-11 09:25:11,282 INFO  [       ome.security.basic.CurrentDetails] (.Server-15) Adding log:INSERT,class ome.model.core.Channel,1412
2024-10-11 09:25:11,283 INFO  [       ome.security.basic.CurrentDetails] (.Server-15) Adding log:INSERT,class ome.model.core.LogicalChannel,1413
2024-10-11 09:25:11,283 INFO  [       ome.security.basic.CurrentDetails] (.Server-15) Adding log:INSERT,class ome.model.core.Channel,1413
2024-10-11 09:25:11,283 INFO  [       ome.security.basic.CurrentDetails] (.Server-15) Adding log:INSERT,class ome.model.core.LogicalChannel,1414
2024-10-11 09:25:11,284 INFO  [       ome.security.basic.CurrentDetails] (.Server-15) Adding log:INSERT,class ome.model.core.Channel,1414
2024-10-11 09:25:11,284 INFO  [       ome.security.basic.CurrentDetails] (.Server-15) Adding log:INSERT,class ome.model.core.LogicalChannel,1415
2024-10-11 09:25:11,284 INFO  [       ome.security.basic.CurrentDetails] (.Server-15) Adding log:INSERT,class ome.model.core.Channel,1415
2024-10-11 09:25:11,285 INFO  [       ome.security.basic.CurrentDetails] (.Server-15) Adding log:INSERT,class ome.model.core.LogicalChannel,1416
2024-10-11 09:25:11,285 INFO  [       ome.security.basic.CurrentDetails] (.Server-15) Adding log:INSERT,class ome.model.core.Channel,1416
2024-10-11 09:25:11,285 INFO  [       ome.security.basic.CurrentDetails] (.Server-15) Adding log:INSERT,class ome.model.core.LogicalChannel,1417
2024-10-11 09:25:11,285 INFO  [       ome.security.basic.CurrentDetails] (.Server-15) Adding log:INSERT,class ome.model.core.Channel,1417
2024-10-11 09:25:11,286 INFO  [       ome.security.basic.CurrentDetails] (.Server-15) Adding log:INSERT,class ome.model.core.LogicalChannel,1418
2024-10-11 09:25:11,286 INFO  [       ome.security.basic.CurrentDetails] (.Server-15) Adding log:INSERT,class ome.model.core.Channel,1418
2024-10-11 09:25:11,287 INFO  [       ome.security.basic.CurrentDetails] (.Server-15) Adding log:INSERT,class ome.model.core.LogicalChannel,1419
2024-10-11 09:25:11,288 INFO  [       ome.security.basic.CurrentDetails] (.Server-15) Adding log:INSERT,class ome.model.core.Channel,1419
2024-10-11 09:25:11,288 INFO  [       ome.security.basic.CurrentDetails] (.Server-15) Adding log:INSERT,class ome.model.core.LogicalChannel,1420
2024-10-11 09:25:11,289 INFO  [       ome.security.basic.CurrentDetails] (.Server-15) Adding log:INSERT,class ome.model.core.Channel,1420
2024-10-11 09:25:11,289 INFO  [       ome.security.basic.CurrentDetails] (.Server-15) Adding log:INSERT,class ome.model.core.LogicalChannel,1421
2024-10-11 09:25:11,290 INFO  [       ome.security.basic.CurrentDetails] (.Server-15) Adding log:INSERT,class ome.model.core.Channel,1421
2024-10-11 09:25:11,290 INFO  [       ome.security.basic.CurrentDetails] (.Server-15) Adding log:INSERT,class ome.model.core.LogicalChannel,1422
2024-10-11 09:25:11,291 INFO  [       ome.security.basic.CurrentDetails] (.Server-15) Adding log:INSERT,class ome.model.core.Channel,1422
2024-10-11 09:25:11,291 INFO  [       ome.security.basic.CurrentDetails] (.Server-15) Adding log:INSERT,class ome.model.core.LogicalChannel,1423
2024-10-11 09:25:11,291 INFO  [       ome.security.basic.CurrentDetails] (.Server-15) Adding log:INSERT,class ome.model.core.Channel,1423
2024-10-11 09:25:11,292 INFO  [       ome.security.basic.CurrentDetails] (.Server-15) Adding log:INSERT,class ome.model.core.LogicalChannel,1424
2024-10-11 09:25:11,292 INFO  [       ome.security.basic.CurrentDetails] (.Server-15) Adding log:INSERT,class ome.model.core.Channel,1424
2024-10-11 09:25:11,293 INFO  [       ome.security.basic.CurrentDetails] (.Server-15) Adding log:INSERT,class ome.model.core.LogicalChannel,1425
2024-10-11 09:25:11,293 INFO  [       ome.security.basic.CurrentDetails] (.Server-15) Adding log:INSERT,class ome.model.core.Channel,1425
2024-10-11 09:25:11,293 INFO  [       ome.security.basic.CurrentDetails] (.Server-15) Adding log:INSERT,class ome.model.core.LogicalChannel,1426
2024-10-11 09:25:11,294 INFO  [       ome.security.basic.CurrentDetails] (.Server-15) Adding log:INSERT,class ome.model.core.Channel,1426
2024-10-11 09:25:11,294 INFO  [       ome.security.basic.CurrentDetails] (.Server-15) Adding log:INSERT,class ome.model.core.LogicalChannel,1427
2024-10-11 09:25:11,295 INFO  [       ome.security.basic.CurrentDetails] (.Server-15) Adding log:INSERT,class ome.model.core.Channel,1427
2024-10-11 09:25:11,295 INFO  [       ome.security.basic.CurrentDetails] (.Server-15) Adding log:INSERT,class ome.model.core.LogicalChannel,1428
2024-10-11 09:25:11,295 INFO  [       ome.security.basic.CurrentDetails] (.Server-15) Adding log:INSERT,class ome.model.core.Channel,1428
2024-10-11 09:25:11,296 INFO  [       ome.security.basic.CurrentDetails] (.Server-15) Adding log:INSERT,class ome.model.core.LogicalChannel,1429
2024-10-11 09:25:11,296 INFO  [       ome.security.basic.CurrentDetails] (.Server-15) Adding log:INSERT,class ome.model.core.Channel,1429
2024-10-11 09:25:11,296 INFO  [       ome.security.basic.CurrentDetails] (.Server-15) Adding log:INSERT,class ome.model.core.LogicalChannel,1430
2024-10-11 09:25:11,296 INFO  [       ome.security.basic.CurrentDetails] (.Server-15) Adding log:INSERT,class ome.model.core.Channel,1430
2024-10-11 09:25:11,311 INFO  [                 org.perf4j.TimingLogger] (.Server-15) start[1728638711257] time[54] tag[omero.saveImportGraph]
2024-10-11 09:25:11,322 INFO  [                 org.perf4j.TimingLogger] (.Server-15) start[1728638711252] time[70] tag[omero.call.success.ome.services.blitz.impl.MetadataStoreI$3.doWork]
2024-10-11 09:25:11,326 INFO  [                 org.perf4j.TimingLogger] (2-thread-2) start[1728638711241] time[85] tag[omero.import.request.metadata]
2024-10-11 09:25:11,327 INFO  [    ome.security.basic.BasicEventContext] (.Server-12)  cctx:	group=0
2024-10-11 09:25:11,328 INFO  [         ome.security.basic.EventHandler] (.Server-12)  Auth:	user=0,group=0,event=null(User),sess=83be404c-1957-46d4-a36b-f9feca68dcf3
2024-10-11 09:25:11,329 INFO  [                 org.perf4j.TimingLogger] (.Server-12) start[1728638711327] time[2] tag[omero.call.success.ome.logic.QueryImpl.get]
2024-10-11 09:25:11,330 INFO  [    ome.security.basic.BasicEventContext] (.Server-14)  cctx:	group=0
2024-10-11 09:25:11,334 INFO  [         ome.security.basic.EventHandler] (.Server-14)  Auth:	user=0,group=0,event=28316(User),sess=83be404c-1957-46d4-a36b-f9feca68dcf3
2024-10-11 09:25:11,335 INFO  [       ome.security.basic.CurrentDetails] (.Server-14) Adding log:UPDATE,class ome.model.core.OriginalFile,3097
2024-10-11 09:25:11,340 INFO  [                 org.perf4j.TimingLogger] (.Server-14) start[1728638711329] time[10] tag[omero.call.success.ome.logic.UpdateImpl.saveObject]
2024-10-11 09:25:11,340 INFO  [                 org.perf4j.TimingLogger] (2-thread-2) start[1728638711241] time[99] tag[omero.import.request.step]
2024-10-11 09:25:11,340 DEBUG [    o.s.blitz.repo.ManagedImportRequestI] (2-thread-2) Step 1
2024-10-11 09:25:11,341 DEBUG [    o.s.blitz.repo.ManagedImportRequestI] (2-thread-2) Plane:0 X:0 Y:0 TileWidth:2048 TileHeight:2048 arrayBuf.length:8388608
2024-10-11 09:25:11,441 DEBUG [    o.s.blitz.repo.ManagedImportRequestI] (2-thread-2) Plane:1 X:0 Y:0 TileWidth:2048 TileHeight:2048 arrayBuf.length:8388608
2024-10-11 09:25:11,521 DEBUG [    o.s.blitz.repo.ManagedImportRequestI] (2-thread-2) Plane:2 X:0 Y:0 TileWidth:2048 TileHeight:2048 arrayBuf.length:8388608
2024-10-11 09:25:11,583 DEBUG [    o.s.blitz.repo.ManagedImportRequestI] (2-thread-2) Plane:3 X:0 Y:0 TileWidth:2048 TileHeight:2048 arrayBuf.length:8388608
2024-10-11 09:25:11,680 DEBUG [    o.s.blitz.repo.ManagedImportRequestI] (2-thread-2) Plane:4 X:0 Y:0 TileWidth:2048 TileHeight:2048 arrayBuf.length:8388608
2024-10-11 09:25:11,748 DEBUG [    o.s.blitz.repo.ManagedImportRequestI] (2-thread-2) Plane:5 X:0 Y:0 TileWidth:2048 TileHeight:2048 arrayBuf.length:8388608
2024-10-11 09:25:11,798 DEBUG [    o.s.blitz.repo.ManagedImportRequestI] (2-thread-2) Plane:6 X:0 Y:0 TileWidth:2048 TileHeight:2048 arrayBuf.length:8388608
2024-10-11 09:25:11,885 DEBUG [    o.s.blitz.repo.ManagedImportRequestI] (2-thread-2) Plane:7 X:0 Y:0 TileWidth:2048 TileHeight:2048 arrayBuf.length:8388608
2024-10-11 09:25:11,945 DEBUG [    o.s.blitz.repo.ManagedImportRequestI] (2-thread-2) Plane:8 X:0 Y:0 TileWidth:2048 TileHeight:2048 arrayBuf.length:8388608
2024-10-11 09:25:12,008 DEBUG [    o.s.blitz.repo.ManagedImportRequestI] (2-thread-2) Plane:9 X:0 Y:0 TileWidth:2048 TileHeight:2048 arrayBuf.length:8388608
2024-10-11 09:25:12,116 DEBUG [    o.s.blitz.repo.ManagedImportRequestI] (2-thread-2) Plane:10 X:0 Y:0 TileWidth:2048 TileHeight:2048 arrayBuf.length:8388608
2024-10-11 09:25:12,214 DEBUG [    o.s.blitz.repo.ManagedImportRequestI] (2-thread-2) Plane:11 X:0 Y:0 TileWidth:2048 TileHeight:2048 arrayBuf.length:8388608
2024-10-11 09:25:12,298 DEBUG [    o.s.blitz.repo.ManagedImportRequestI] (2-thread-2) Plane:12 X:0 Y:0 TileWidth:2048 TileHeight:2048 arrayBuf.length:8388608
2024-10-11 09:25:12,377 DEBUG [    o.s.blitz.repo.ManagedImportRequestI] (2-thread-2) Plane:13 X:0 Y:0 TileWidth:2048 TileHeight:2048 arrayBuf.length:8388608
2024-10-11 09:25:12,437 DEBUG [    o.s.blitz.repo.ManagedImportRequestI] (2-thread-2) Plane:14 X:0 Y:0 TileWidth:2048 TileHeight:2048 arrayBuf.length:8388608
2024-10-11 09:25:12,516 DEBUG [    o.s.blitz.repo.ManagedImportRequestI] (2-thread-2) Plane:15 X:0 Y:0 TileWidth:2048 TileHeight:2048 arrayBuf.length:8388608
2024-10-11 09:25:12,587 DEBUG [    o.s.blitz.repo.ManagedImportRequestI] (2-thread-2) Plane:16 X:0 Y:0 TileWidth:2048 TileHeight:2048 arrayBuf.length:8388608
2024-10-11 09:25:12,661 DEBUG [    o.s.blitz.repo.ManagedImportRequestI] (2-thread-2) Plane:17 X:0 Y:0 TileWidth:2048 TileHeight:2048 arrayBuf.length:8388608
2024-10-11 09:25:12,755 DEBUG [    o.s.blitz.repo.ManagedImportRequestI] (2-thread-2) Plane:18 X:0 Y:0 TileWidth:2048 TileHeight:2048 arrayBuf.length:8388608
2024-10-11 09:25:12,807 DEBUG [    o.s.blitz.repo.ManagedImportRequestI] (2-thread-2) Plane:19 X:0 Y:0 TileWidth:2048 TileHeight:2048 arrayBuf.length:8388608
2024-10-11 09:25:12,881 DEBUG [    o.s.blitz.repo.ManagedImportRequestI] (2-thread-2) Plane:20 X:0 Y:0 TileWidth:2048 TileHeight:2048 arrayBuf.length:8388608
2024-10-11 09:25:12,964 DEBUG [    o.s.blitz.repo.ManagedImportRequestI] (2-thread-2) Plane:21 X:0 Y:0 TileWidth:2048 TileHeight:2048 arrayBuf.length:8388608
2024-10-11 09:25:13,033 DEBUG [    o.s.blitz.repo.ManagedImportRequestI] (2-thread-2) Plane:22 X:0 Y:0 TileWidth:2048 TileHeight:2048 arrayBuf.length:8388608
2024-10-11 09:25:13,089 DEBUG [    o.s.blitz.repo.ManagedImportRequestI] (2-thread-2) Plane:23 X:0 Y:0 TileWidth:2048 TileHeight:2048 arrayBuf.length:8388608
2024-10-11 09:25:13,186 DEBUG [    o.s.blitz.repo.ManagedImportRequestI] (2-thread-2) Plane:24 X:0 Y:0 TileWidth:2048 TileHeight:2048 arrayBuf.length:8388608
2024-10-11 09:25:13,255 DEBUG [    o.s.blitz.repo.ManagedImportRequestI] (2-thread-2) Plane:25 X:0 Y:0 TileWidth:2048 TileHeight:2048 arrayBuf.length:8388608
2024-10-11 09:25:13,336 DEBUG [    o.s.blitz.repo.ManagedImportRequestI] (2-thread-2) Plane:26 X:0 Y:0 TileWidth:2048 TileHeight:2048 arrayBuf.length:8388608
2024-10-11 09:25:13,423 DEBUG [    o.s.blitz.repo.ManagedImportRequestI] (2-thread-2) Plane:27 X:0 Y:0 TileWidth:2048 TileHeight:2048 arrayBuf.length:8388608
2024-10-11 09:25:13,501 DEBUG [    o.s.blitz.repo.ManagedImportRequestI] (2-thread-2) Plane:28 X:0 Y:0 TileWidth:2048 TileHeight:2048 arrayBuf.length:8388608
2024-10-11 09:25:13,586 DEBUG [    o.s.blitz.repo.ManagedImportRequestI] (2-thread-2) Plane:29 X:0 Y:0 TileWidth:2048 TileHeight:2048 arrayBuf.length:8388608
2024-10-11 09:25:13,669 DEBUG [    o.s.blitz.repo.ManagedImportRequestI] (2-thread-2) Plane:30 X:0 Y:0 TileWidth:2048 TileHeight:2048 arrayBuf.length:8388608
2024-10-11 09:25:13,735 DEBUG [    o.s.blitz.repo.ManagedImportRequestI] (2-thread-2) Plane:31 X:0 Y:0 TileWidth:2048 TileHeight:2048 arrayBuf.length:8388608
2024-10-11 09:25:13,809 DEBUG [    o.s.blitz.repo.ManagedImportRequestI] (2-thread-2) Plane:32 X:0 Y:0 TileWidth:2048 TileHeight:2048 arrayBuf.length:8388608
2024-10-11 09:25:13,864 DEBUG [    o.s.blitz.repo.ManagedImportRequestI] (2-thread-2) Plane:33 X:0 Y:0 TileWidth:2048 TileHeight:2048 arrayBuf.length:8388608
2024-10-11 09:25:13,976 DEBUG [    o.s.blitz.repo.ManagedImportRequestI] (2-thread-2) Plane:34 X:0 Y:0 TileWidth:2048 TileHeight:2048 arrayBuf.length:8388608
2024-10-11 09:25:14,035 DEBUG [    o.s.blitz.repo.ManagedImportRequestI] (2-thread-2) Plane:35 X:0 Y:0 TileWidth:2048 TileHeight:2048 arrayBuf.length:8388608
2024-10-11 09:25:14,102 DEBUG [    o.s.blitz.repo.ManagedImportRequestI] (2-thread-2) Plane:36 X:0 Y:0 TileWidth:2048 TileHeight:2048 arrayBuf.length:8388608
2024-10-11 09:25:14,173 DEBUG [    o.s.blitz.repo.ManagedImportRequestI] (2-thread-2) Plane:37 X:0 Y:0 TileWidth:2048 TileHeight:2048 arrayBuf.length:8388608
2024-10-11 09:25:14,223 DEBUG [    o.s.blitz.repo.ManagedImportRequestI] (2-thread-2) Plane:38 X:0 Y:0 TileWidth:2048 TileHeight:2048 arrayBuf.length:8388608
2024-10-11 09:25:14,297 DEBUG [    o.s.blitz.repo.ManagedImportRequestI] (2-thread-2) Plane:39 X:0 Y:0 TileWidth:2048 TileHeight:2048 arrayBuf.length:8388608
2024-10-11 09:25:14,390 DEBUG [    o.s.blitz.repo.ManagedImportRequestI] (2-thread-2) Plane:40 X:0 Y:0 TileWidth:2048 TileHeight:2048 arrayBuf.length:8388608
2024-10-11 09:25:14,491 DEBUG [    o.s.blitz.repo.ManagedImportRequestI] (2-thread-2) Plane:41 X:0 Y:0 TileWidth:2048 TileHeight:2048 arrayBuf.length:8388608
2024-10-11 09:25:14,573 DEBUG [    o.s.blitz.repo.ManagedImportRequestI] (2-thread-2) Plane:42 X:0 Y:0 TileWidth:2048 TileHeight:2048 arrayBuf.length:8388608
2024-10-11 09:25:14,668 DEBUG [    o.s.blitz.repo.ManagedImportRequestI] (2-thread-2) Plane:43 X:0 Y:0 TileWidth:2048 TileHeight:2048 arrayBuf.length:8388608
2024-10-11 09:25:14,759 INFO  [    ome.security.basic.BasicEventContext] (.Server-12)  cctx:	group=0
2024-10-11 09:25:14,767 INFO  [         ome.security.basic.EventHandler] (.Server-12)  Auth:	user=0,group=0,event=28389(User),sess=83be404c-1957-46d4-a36b-f9feca68dcf3
2024-10-11 09:25:14,776 INFO  [                 org.perf4j.TimingLogger] (.Server-12) start[1728638714757] time[18] tag[omero.call.success.ome.services.blitz.impl.MetadataStoreI$7.doWork]
2024-10-11 09:25:14,780 INFO  [    ome.security.basic.BasicEventContext] (.Server-11)  cctx:	group=0
2024-10-11 09:25:14,787 INFO  [         ome.security.basic.EventHandler] (.Server-11)  Auth:	user=0,group=0,event=28390(User),sess=83be404c-1957-46d4-a36b-f9feca68dcf3
2024-10-11 09:25:14,987 INFO  [       ome.security.basic.CurrentDetails] (.Server-11) Adding log:UPDATE,class ome.model.core.Pixels,220
2024-10-11 09:25:14,997 INFO  [                 org.perf4j.TimingLogger] (.Server-11) start[1728638714779] time[218] tag[omero.call.success.ome.logic.UpdateImpl.saveArray]
2024-10-11 09:25:14,999 INFO  [    ome.security.basic.BasicEventContext] (.Server-15)  cctx:	group=0
2024-10-11 09:25:15,004 INFO  [         ome.security.basic.EventHandler] (.Server-15)  Auth:	user=0,group=0,event=28399(User),sess=83be404c-1957-46d4-a36b-f9feca68dcf3
2024-10-11 09:25:15,040 INFO  [                 org.perf4j.TimingLogger] (.Server-15) start[1728638714998] time[42] tag[omero.call.success.ome.services.blitz.impl.MetadataStoreI$2.doWork]
2024-10-11 09:25:15,040 INFO  [                 org.perf4j.TimingLogger] (2-thread-2) start[1728638711340] time[3700] tag[omero.import.request.pixels]
2024-10-11 09:25:15,042 INFO  [    ome.security.basic.BasicEventContext] (.Server-14)  cctx:	group=0
2024-10-11 09:25:15,044 INFO  [         ome.security.basic.EventHandler] (.Server-14)  Auth:	user=0,group=0,event=null(User),sess=83be404c-1957-46d4-a36b-f9feca68dcf3
2024-10-11 09:25:15,045 INFO  [                 org.perf4j.TimingLogger] (.Server-14) start[1728638715041] time[3] tag[omero.call.success.ome.logic.QueryImpl.get]
2024-10-11 09:25:15,047 INFO  [    ome.security.basic.BasicEventContext] (.Server-11)  cctx:	group=0
2024-10-11 09:25:15,054 INFO  [         ome.security.basic.EventHandler] (.Server-11)  Auth:	user=0,group=0,event=28402(User),sess=83be404c-1957-46d4-a36b-f9feca68dcf3
2024-10-11 09:25:15,056 INFO  [       ome.security.basic.CurrentDetails] (.Server-11) Adding log:UPDATE,class ome.model.core.OriginalFile,3097
2024-10-11 09:25:15,061 INFO  [                 org.perf4j.TimingLogger] (.Server-11) start[1728638715046] time[15] tag[omero.call.success.ome.logic.UpdateImpl.saveObject]
2024-10-11 09:25:15,062 INFO  [                 org.perf4j.TimingLogger] (2-thread-2) start[1728638711340] time[3721] tag[omero.import.request.step]
2024-10-11 09:25:15,062 DEBUG [    o.s.blitz.repo.ManagedImportRequestI] (2-thread-2) Step 2
2024-10-11 09:25:15,064 INFO  [    ome.security.basic.BasicEventContext] (.Server-13)  cctx:	group=0
2024-10-11 09:25:15,068 INFO  [         ome.security.basic.EventHandler] (.Server-13)  Auth:	user=0,group=0,event=28403(User),sess=83be404c-1957-46d4-a36b-f9feca68dcf3
2024-10-11 09:25:15,074 INFO  [                 org.perf4j.TimingLogger] (.Server-13) start[1728638715068] time[5] tag[omero.loadPixels]
2024-10-11 09:25:15,086 INFO  [                 org.perf4j.TimingLogger] (.Server-13) start[1728638715078] time[7] tag[omero.loadRenderingSettingsByUser]
2024-10-11 09:25:15,106 DEBUG [                   loci.formats.Memoizer] (.Server-13) start[1728638715090] time[15] tag[loci.formats.Memoizer.loadMemo]
2024-10-11 09:25:15,135 INFO  [                loci.formats.ImageReader] (.Server-13) IonpathMIBITiffReader initializing /OMERO/ManagedRepository/root_0/2024-10/11/09-25-10.407/TA459_multipleCores2_Run-4_Point19.tiff
2024-10-11 09:25:15,135 INFO  [       loci.formats.in.MinimalTiffReader] (.Server-13) Reading IFDs
2024-10-11 09:25:15,137 INFO  [       loci.formats.in.MinimalTiffReader] (.Server-13) Populating metadata
2024-10-11 09:25:15,140 INFO  [          loci.formats.in.BaseTiffReader] (.Server-13) Populating OME metadata
2024-10-11 09:25:15,148 DEBUG [                   loci.formats.Memoizer] (.Server-13) saved to temp file: /OMERO/BioFormatsCache/OMERO/ManagedRepository/root_0/2024-10/11/09-25-10.407/.TA459_multipleCores2_Run-4_Point19.tiff.bfmemo2577087152976118670
2024-10-11 09:25:15,148 DEBUG [                   loci.formats.Memoizer] (.Server-13) start[1728638715146] time[2] tag[loci.formats.Memoizer.saveMemo]
2024-10-11 09:25:15,148 DEBUG [                   loci.formats.Memoizer] (.Server-13) saved memo file: /OMERO/BioFormatsCache/OMERO/ManagedRepository/root_0/2024-10/11/09-25-10.407/.TA459_multipleCores2_Run-4_Point19.tiff.bfmemo (50726 bytes)
2024-10-11 09:25:15,148 DEBUG [                   loci.formats.Memoizer] (.Server-13) start[1728638715090] time[58] tag[loci.formats.Memoizer.setId]
2024-10-11 09:25:15,167 INFO  [       ome.security.basic.CurrentDetails] (.Server-13) Adding log:INSERT,class ome.model.display.QuantumDef,220
2024-10-11 09:25:15,168 INFO  [       ome.security.basic.CurrentDetails] (.Server-13) Adding log:INSERT,class ome.model.display.RenderingDef,220
2024-10-11 09:25:15,176 INFO  [       ome.security.basic.CurrentDetails] (.Server-13) Adding log:INSERT,class ome.model.display.ChannelBinding,1387
2024-10-11 09:25:15,177 INFO  [       ome.security.basic.CurrentDetails] (.Server-13) Adding log:INSERT,class ome.model.display.ChannelBinding,1388
2024-10-11 09:25:15,177 INFO  [       ome.security.basic.CurrentDetails] (.Server-13) Adding log:INSERT,class ome.model.display.ChannelBinding,1389
2024-10-11 09:25:15,178 INFO  [       ome.security.basic.CurrentDetails] (.Server-13) Adding log:INSERT,class ome.model.display.ChannelBinding,1390
2024-10-11 09:25:15,178 INFO  [       ome.security.basic.CurrentDetails] (.Server-13) Adding log:INSERT,class ome.model.display.ChannelBinding,1391
2024-10-11 09:25:15,178 INFO  [       ome.security.basic.CurrentDetails] (.Server-13) Adding log:INSERT,class ome.model.display.ChannelBinding,1392
2024-10-11 09:25:15,179 INFO  [       ome.security.basic.CurrentDetails] (.Server-13) Adding log:INSERT,class ome.model.display.ChannelBinding,1393
2024-10-11 09:25:15,179 INFO  [       ome.security.basic.CurrentDetails] (.Server-13) Adding log:INSERT,class ome.model.display.ChannelBinding,1394
2024-10-11 09:25:15,179 INFO  [       ome.security.basic.CurrentDetails] (.Server-13) Adding log:INSERT,class ome.model.display.ChannelBinding,1395
2024-10-11 09:25:15,180 INFO  [       ome.security.basic.CurrentDetails] (.Server-13) Adding log:INSERT,class ome.model.display.ChannelBinding,1396
2024-10-11 09:25:15,180 INFO  [       ome.security.basic.CurrentDetails] (.Server-13) Adding log:INSERT,class ome.model.display.ChannelBinding,1397
2024-10-11 09:25:15,180 INFO  [       ome.security.basic.CurrentDetails] (.Server-13) Adding log:INSERT,class ome.model.display.ChannelBinding,1398
2024-10-11 09:25:15,180 INFO  [       ome.security.basic.CurrentDetails] (.Server-13) Adding log:INSERT,class ome.model.display.ChannelBinding,1399
2024-10-11 09:25:15,181 INFO  [       ome.security.basic.CurrentDetails] (.Server-13) Adding log:INSERT,class ome.model.display.ChannelBinding,1400
2024-10-11 09:25:15,181 INFO  [       ome.security.basic.CurrentDetails] (.Server-13) Adding log:INSERT,class ome.model.display.ChannelBinding,1401
2024-10-11 09:25:15,181 INFO  [       ome.security.basic.CurrentDetails] (.Server-13) Adding log:INSERT,class ome.model.display.ChannelBinding,1402
2024-10-11 09:25:15,182 INFO  [       ome.security.basic.CurrentDetails] (.Server-13) Adding log:INSERT,class ome.model.display.ChannelBinding,1403
2024-10-11 09:25:15,182 INFO  [       ome.security.basic.CurrentDetails] (.Server-13) Adding log:INSERT,class ome.model.display.ChannelBinding,1404
2024-10-11 09:25:15,182 INFO  [       ome.security.basic.CurrentDetails] (.Server-13) Adding log:INSERT,class ome.model.display.ChannelBinding,1405
2024-10-11 09:25:15,183 INFO  [       ome.security.basic.CurrentDetails] (.Server-13) Adding log:INSERT,class ome.model.display.ChannelBinding,1406
2024-10-11 09:25:15,183 INFO  [       ome.security.basic.CurrentDetails] (.Server-13) Adding log:INSERT,class ome.model.display.ChannelBinding,1407
2024-10-11 09:25:15,183 INFO  [       ome.security.basic.CurrentDetails] (.Server-13) Adding log:INSERT,class ome.model.display.ChannelBinding,1408
2024-10-11 09:25:15,184 INFO  [       ome.security.basic.CurrentDetails] (.Server-13) Adding log:INSERT,class ome.model.display.ChannelBinding,1409
2024-10-11 09:25:15,184 INFO  [       ome.security.basic.CurrentDetails] (.Server-13) Adding log:INSERT,class ome.model.display.ChannelBinding,1410
2024-10-11 09:25:15,185 INFO  [       ome.security.basic.CurrentDetails] (.Server-13) Adding log:INSERT,class ome.model.display.ChannelBinding,1411
2024-10-11 09:25:15,185 INFO  [       ome.security.basic.CurrentDetails] (.Server-13) Adding log:INSERT,class ome.model.display.ChannelBinding,1412
2024-10-11 09:25:15,185 INFO  [       ome.security.basic.CurrentDetails] (.Server-13) Adding log:INSERT,class ome.model.display.ChannelBinding,1413
2024-10-11 09:25:15,186 INFO  [       ome.security.basic.CurrentDetails] (.Server-13) Adding log:INSERT,class ome.model.display.ChannelBinding,1414
2024-10-11 09:25:15,186 INFO  [       ome.security.basic.CurrentDetails] (.Server-13) Adding log:INSERT,class ome.model.display.ChannelBinding,1415
2024-10-11 09:25:15,186 INFO  [       ome.security.basic.CurrentDetails] (.Server-13) Adding log:INSERT,class ome.model.display.ChannelBinding,1416
2024-10-11 09:25:15,187 INFO  [       ome.security.basic.CurrentDetails] (.Server-13) Adding log:INSERT,class ome.model.display.ChannelBinding,1417
2024-10-11 09:25:15,187 INFO  [       ome.security.basic.CurrentDetails] (.Server-13) Adding log:INSERT,class ome.model.display.ChannelBinding,1418
2024-10-11 09:25:15,187 INFO  [       ome.security.basic.CurrentDetails] (.Server-13) Adding log:INSERT,class ome.model.display.ChannelBinding,1419
2024-10-11 09:25:15,188 INFO  [       ome.security.basic.CurrentDetails] (.Server-13) Adding log:INSERT,class ome.model.display.ChannelBinding,1420
2024-10-11 09:25:15,188 INFO  [       ome.security.basic.CurrentDetails] (.Server-13) Adding log:INSERT,class ome.model.display.ChannelBinding,1421
2024-10-11 09:25:15,188 INFO  [       ome.security.basic.CurrentDetails] (.Server-13) Adding log:INSERT,class ome.model.display.ChannelBinding,1422
2024-10-11 09:25:15,189 INFO  [       ome.security.basic.CurrentDetails] (.Server-13) Adding log:INSERT,class ome.model.display.ChannelBinding,1423
2024-10-11 09:25:15,189 INFO  [       ome.security.basic.CurrentDetails] (.Server-13) Adding log:INSERT,class ome.model.display.ChannelBinding,1424
2024-10-11 09:25:15,189 INFO  [       ome.security.basic.CurrentDetails] (.Server-13) Adding log:INSERT,class ome.model.display.ChannelBinding,1425
2024-10-11 09:25:15,190 INFO  [       ome.security.basic.CurrentDetails] (.Server-13) Adding log:INSERT,class ome.model.display.ChannelBinding,1426
2024-10-11 09:25:15,190 INFO  [       ome.security.basic.CurrentDetails] (.Server-13) Adding log:INSERT,class ome.model.display.ChannelBinding,1427
2024-10-11 09:25:15,190 INFO  [       ome.security.basic.CurrentDetails] (.Server-13) Adding log:INSERT,class ome.model.display.ChannelBinding,1428
2024-10-11 09:25:15,191 INFO  [       ome.security.basic.CurrentDetails] (.Server-13) Adding log:INSERT,class ome.model.display.ChannelBinding,1429
2024-10-11 09:25:15,191 INFO  [       ome.security.basic.CurrentDetails] (.Server-13) Adding log:INSERT,class ome.model.display.ChannelBinding,1430
2024-10-11 09:25:15,206 INFO  [                 org.perf4j.TimingLogger] (.Server-13) start[1728638715161] time[44] tag[omero.resetDefaultsInSet.saveAndReturn]
2024-10-11 09:25:15,206 INFO  [                 org.perf4j.TimingLogger] (.Server-13) start[1728638715068] time[137] tag[omero.resetDefaultsInSet]
2024-10-11 09:25:15,213 INFO  [                 org.perf4j.TimingLogger] (.Server-13) start[1728638715063] time[150] tag[omero.call.success.ome.logic.RenderingSettingsImpl.resetDefaultsInSet]
2024-10-11 09:25:15,215 INFO  [    ome.security.basic.BasicEventContext] (.Server-10)  cctx:	group=0
2024-10-11 09:25:15,219 INFO  [         ome.security.basic.EventHandler] (.Server-10)  Auth:	user=0,group=0,event=28405(User),sess=83be404c-1957-46d4-a36b-f9feca68dcf3
2024-10-11 09:25:15,222 INFO  [                 org.perf4j.TimingLogger] (.Server-10) start[1728638715220] time[2] tag[omero.bulkLoadRenderingSettings]
2024-10-11 09:25:15,222 INFO  [                 org.perf4j.TimingLogger] (.Server-10) start[1728638715222] time[0] tag[omero.createAndPrepareMissingRenderingSettings]
2024-10-11 09:25:15,224 INFO  [                 org.perf4j.TimingLogger] (.Server-10) start[1728638715222] time[1] tag[omero.bulkLoadMetadata]
2024-10-11 09:25:15,225 INFO  [                 org.perf4j.TimingLogger] (.Server-10) start[1728638715222] time[2] tag[omero.loadMetadataByDimensionPool]
2024-10-11 09:25:15,227 INFO  [       ome.security.basic.CurrentDetails] (.Server-10) Adding log:INSERT,class ome.model.display.Thumbnail,220
2024-10-11 09:25:15,231 INFO  [                 org.perf4j.TimingLogger] (.Server-10) start[1728638715229] time[2] tag[omero.bulkLoadMetadata]
2024-10-11 09:25:15,231 INFO  [                 org.perf4j.TimingLogger] (.Server-10) start[1728638715229] time[2] tag[omero.loadMetadataByDimensionPool]
2024-10-11 09:25:15,231 INFO  [                 org.perf4j.TimingLogger] (.Server-10) start[1728638715225] time[6] tag[omero.createMissingThumbnailMetadata]
2024-10-11 09:25:15,232 INFO  [    ome.security.basic.BasicEventContext] (.Server-10)  cctx:	group=0
2024-10-11 09:25:15,235 INFO  [         ome.security.basic.EventHandler] (.Server-10)  Auth:	user=0,group=0,event=28406(User),sess=83be404c-1957-46d4-a36b-f9feca68dcf3
2024-10-11 09:25:15,237 INFO  [                 org.perf4j.TimingLogger] (.Server-10) start[1728638715237] time[0] tag[omero._createThumbnail(thumbMetaData)]
2024-10-11 09:25:15,269 DEBUG [                   loci.formats.Memoizer] (.Server-10) loaded memo file: /OMERO/BioFormatsCache/OMERO/ManagedRepository/root_0/2024-10/11/09-25-10.407/.TA459_multipleCores2_Run-4_Point19.tiff.bfmemo (50726 bytes)
2024-10-11 09:25:15,269 DEBUG [                   loci.formats.Memoizer] (.Server-10) start[1728638715251] time[18] tag[loci.formats.Memoizer.loadMemo]
2024-10-11 09:25:15,269 DEBUG [                   loci.formats.Memoizer] (.Server-10) start[1728638715251] time[18] tag[loci.formats.Memoizer.setId]
2024-10-11 09:25:15,360 INFO  [       ome.logic.JavaImageScalingService] (.Server-10) Scaling to: 96x96
2024-10-11 09:25:15,387 INFO  [                 org.perf4j.TimingLogger] (.Server-10) start[1728638715360] time[27] tag[java-image-scaling.resampleOp]
2024-10-11 09:25:15,388 INFO  [                 org.perf4j.TimingLogger] (.Server-10) start[1728638715237] time[151] tag[omero._createThumbnail]
2024-10-11 09:25:15,394 INFO  [                 org.perf4j.TimingLogger] (.Server-10) start[1728638715214] time[180] tag[omero.call.success.ome.services.ThumbnailBean.createThumbnailsByLongestSideSet]
2024-10-11 09:25:15,395 INFO  [                 org.perf4j.TimingLogger] (2-thread-2) start[1728638715062] time[332] tag[omero.import.request.thumbs]
2024-10-11 09:25:15,396 INFO  [    ome.security.basic.BasicEventContext] (.Server-12)  cctx:	group=0
2024-10-11 09:25:15,397 INFO  [         ome.security.basic.EventHandler] (.Server-12)  Auth:	user=0,group=0,event=null(User),sess=83be404c-1957-46d4-a36b-f9feca68dcf3
2024-10-11 09:25:15,398 INFO  [                 org.perf4j.TimingLogger] (.Server-12) start[1728638715396] time[2] tag[omero.call.success.ome.logic.QueryImpl.get]
2024-10-11 09:25:15,400 INFO  [    ome.security.basic.BasicEventContext] (l.Server-4)  cctx:	group=0
2024-10-11 09:25:15,405 INFO  [         ome.security.basic.EventHandler] (l.Server-4)  Auth:	user=0,group=0,event=28408(User),sess=83be404c-1957-46d4-a36b-f9feca68dcf3
2024-10-11 09:25:15,407 INFO  [       ome.security.basic.CurrentDetails] (l.Server-4) Adding log:UPDATE,class ome.model.core.OriginalFile,3097
2024-10-11 09:25:15,412 INFO  [                 org.perf4j.TimingLogger] (l.Server-4) start[1728638715399] time[13] tag[omero.call.success.ome.logic.UpdateImpl.saveObject]
2024-10-11 09:25:15,412 INFO  [                 org.perf4j.TimingLogger] (2-thread-2) start[1728638715062] time[350] tag[omero.import.request.step]
2024-10-11 09:25:15,413 DEBUG [    o.s.blitz.repo.ManagedImportRequestI] (2-thread-2) Step 3
2024-10-11 09:25:15,414 INFO  [    ome.security.basic.BasicEventContext] (l.Server-9)  cctx:	group=0
2024-10-11 09:25:15,415 INFO  [         ome.security.basic.EventHandler] (l.Server-9)  Auth:	user=0,group=0,event=null(User),sess=83be404c-1957-46d4-a36b-f9feca68dcf3
2024-10-11 09:25:15,416 INFO  [                 org.perf4j.TimingLogger] (l.Server-9) start[1728638715413] time[2] tag[omero.call.success.ome.services.blitz.impl.MetadataStoreI$6.doWork]
2024-10-11 09:25:15,417 INFO  [    ome.security.basic.BasicEventContext] (.Server-13)  cctx:	group=0
2024-10-11 09:25:15,418 INFO  [         ome.security.basic.EventHandler] (.Server-13)  Auth:	user=0,group=0,event=null(User),sess=83be404c-1957-46d4-a36b-f9feca68dcf3
2024-10-11 09:25:15,420 INFO  [                 org.perf4j.TimingLogger] (.Server-13) start[1728638715416] time[3] tag[omero.call.success.ome.logic.QueryImpl.get]
2024-10-11 09:25:15,423 INFO  [    ome.security.basic.BasicEventContext] (.Server-14)  cctx:	group=0
2024-10-11 09:25:15,428 INFO  [         ome.security.basic.EventHandler] (.Server-14)  Auth:	user=0,group=0,event=28409(User),sess=83be404c-1957-46d4-a36b-f9feca68dcf3
2024-10-11 09:25:15,429 INFO  [       ome.security.basic.CurrentDetails] (.Server-14) Adding log:UPDATE,class ome.model.core.OriginalFile,3097
2024-10-11 09:25:15,435 INFO  [                 org.perf4j.TimingLogger] (.Server-14) start[1728638715421] time[13] tag[omero.call.success.ome.logic.UpdateImpl.saveObject]
2024-10-11 09:25:15,435 INFO  [                 org.perf4j.TimingLogger] (2-thread-2) start[1728638715413] time[22] tag[omero.import.request.step]
2024-10-11 09:25:15,435 DEBUG [    o.s.blitz.repo.ManagedImportRequestI] (2-thread-2) Step 4
2024-10-11 09:25:15,437 INFO  [    ome.security.basic.BasicEventContext] (.Server-15)  cctx:	group=0
2024-10-11 09:25:15,438 INFO  [         ome.security.basic.EventHandler] (.Server-15)  Auth:	user=0,group=0,event=null(User),sess=83be404c-1957-46d4-a36b-f9feca68dcf3
2024-10-11 09:25:15,439 INFO  [                 org.perf4j.TimingLogger] (.Server-15) start[1728638715436] time[3] tag[omero.call.success.ome.logic.QueryImpl.get]
2024-10-11 09:25:15,441 INFO  [    ome.security.basic.BasicEventContext] (.Server-11)  cctx:	group=0
2024-10-11 09:25:15,444 INFO  [         ome.security.basic.EventHandler] (.Server-11)  Auth:	user=0,group=0,event=28410(User),sess=83be404c-1957-46d4-a36b-f9feca68dcf3
2024-10-11 09:25:15,445 INFO  [       ome.security.basic.CurrentDetails] (.Server-11) Adding log:UPDATE,class ome.model.core.OriginalFile,3097
2024-10-11 09:25:15,450 INFO  [                 org.perf4j.TimingLogger] (.Server-11) start[1728638715440] time[10] tag[omero.call.success.ome.logic.UpdateImpl.saveObject]
2024-10-11 09:25:15,450 INFO  [                 org.perf4j.TimingLogger] (2-thread-2) start[1728638715435] time[15] tag[omero.import.request.step]
2024-10-11 09:25:15,457 INFO  [    ome.security.basic.BasicEventContext] (.Server-10)  cctx:	group=0
2024-10-11 09:25:15,461 INFO  [         ome.security.basic.EventHandler] (.Server-10)  Auth:	user=0,group=0,event=28411(User),sess=83be404c-1957-46d4-a36b-f9feca68dcf3
2024-10-11 09:25:15,468 INFO  [                 org.perf4j.TimingLogger] (.Server-10) start[1728638715456] time[11] tag[omero.call.success.ome.services.RawFileBean.close]
2024-10-11 09:25:15,469 DEBUG [                omero.util.ServantHolder] (.Server-10) Removed omero.api._RawFileStoreTie@1c916ea4 from omero.util.ServantHolder@149b3864 as 7f0e7b63-e118-4175-a4c3-6330dbf7d5feomero.api.RawFileStore
2024-10-11 09:25:15,469 INFO  [                      omero.cmd.SessionI] (.Server-10) Unregistered servant:83be404c-1957-46d4-a36b-f9feca68dcf3/7f0e7b63-e118-4175-a4c3-6330dbf7d5feomero.api.RawFileStore(omero.api._RawFileStoreTie@1c916ea4)
2024-10-11 09:25:15,473 INFO  [    ome.security.basic.BasicEventContext] (.Server-12)  cctx:	group=0
2024-10-11 09:25:15,477 INFO  [         ome.security.basic.EventHandler] (.Server-12)  Auth:	user=0,group=0,event=28412(User),sess=83be404c-1957-46d4-a36b-f9feca68dcf3
2024-10-11 09:25:15,481 INFO  [                 org.perf4j.TimingLogger] (.Server-12) start[1728638715470] time[10] tag[omero.call.success.ome.services.RawPixelsBean.close]
2024-10-11 09:25:15,481 DEBUG [                omero.util.ServantHolder] (.Server-12) Removed omero.api._RawPixelsStoreTie@7e23c330 from omero.util.ServantHolder@149b3864 as cb94f992-f64b-407c-8656-8f62ccfcfb38omero.api.RawPixelsStore
2024-10-11 09:25:15,481 INFO  [                      omero.cmd.SessionI] (.Server-12) Unregistered servant:83be404c-1957-46d4-a36b-f9feca68dcf3/cb94f992-f64b-407c-8656-8f62ccfcfb38omero.api.RawPixelsStore(omero.api._RawPixelsStoreTie@7e23c330)
2024-10-11 09:25:15,482 INFO  [    ome.security.basic.BasicEventContext] (l.Server-4)  cctx:	group=0
2024-10-11 09:25:15,484 INFO  [         ome.security.basic.EventHandler] (l.Server-4)  Auth:	user=0,group=0,event=null(User),sess=83be404c-1957-46d4-a36b-f9feca68dcf3
2024-10-11 09:25:15,484 INFO  [                 org.perf4j.TimingLogger] (l.Server-4) start[1728638715481] time[2] tag[omero.call.success.ome.services.ThumbnailBean.close]
2024-10-11 09:25:15,485 DEBUG [                omero.util.ServantHolder] (l.Server-4) Removed omero.api._ThumbnailStoreTie@8b0ccfc0 from omero.util.ServantHolder@149b3864 as 75f9a960-070c-4e7a-ab0a-fba88af9c8beomero.api.ThumbnailStore
2024-10-11 09:25:15,485 INFO  [                      omero.cmd.SessionI] (l.Server-4) Unregistered servant:83be404c-1957-46d4-a36b-f9feca68dcf3/75f9a960-070c-4e7a-ab0a-fba88af9c8beomero.api.ThumbnailStore(omero.api._ThumbnailStoreTie@8b0ccfc0)
2024-10-11 09:25:15,485 DEBUG [                omero.util.ServantHolder] (l.Server-9) Removed omero.api._MetadataStoreTie@30d875c2 from omero.util.ServantHolder@149b3864 as 36cd9608-b660-436a-b951-b00478c491a8omero.api.MetadataStore
2024-10-11 09:25:15,485 INFO  [                      omero.cmd.SessionI] (l.Server-9) Unregistered servant:83be404c-1957-46d4-a36b-f9feca68dcf3/36cd9608-b660-436a-b951-b00478c491a8omero.api.MetadataStore(omero.api._MetadataStoreTie@30d875c2)
2024-10-11 09:25:15,485 INFO  [    o.s.blitz.repo.ManagedImportRequestI] (2-thread-2) Cleaning up import.
2024-10-11 09:25:15,492 INFO  [         ome.security.basic.EventHandler] (.Server-14)  Auth:	user=0,group=0,event=null(User),sess=83be404c-1957-46d4-a36b-f9feca68dcf3
2024-10-11 09:25:15,494 INFO  [                 org.perf4j.TimingLogger] (.Server-14) start[1728638715490] time[3] tag[omero.call.success.ome.logic.QueryImpl.get]
2024-10-11 09:25:15,503 INFO  [         ome.security.basic.EventHandler] (.Server-10)  Auth:	user=0,group=0,event=28413(User),sess=83be404c-1957-46d4-a36b-f9feca68dcf3
2024-10-11 09:25:15,505 INFO  [       ome.security.basic.CurrentDetails] (.Server-10) Adding log:UPDATE,class ome.model.core.OriginalFile,3097
2024-10-11 09:25:15,511 INFO  [                 org.perf4j.TimingLogger] (.Server-10) start[1728638715498] time[13] tag[omero.call.success.ome.logic.UpdateImpl.saveObject]
