2024-10-11 09:24:50,139 INFO  [                 org.perf4j.TimingLogger] (.Server-14) start[1728638690123] time[15] tag[omero.import.process.init]
2024-10-11 09:24:50,147 INFO  [         ome.security.basic.EventHandler] (.Server-14)  Auth:	user=0,group=0,event=27861(User),sess=83be404c-1957-46d4-a36b-f9feca68dcf3
2024-10-11 09:24:50,152 INFO  [       ome.security.basic.CurrentDetails] (.Server-14) Adding log:INSERT,class ome.model.jobs.UploadJob,3043
2024-10-11 09:24:50,154 INFO  [       ome.security.basic.CurrentDetails] (.Server-14) Adding log:INSERT,class ome.model.jobs.JobOriginalFileLink,4876
2024-10-11 09:24:50,170 INFO  [       ome.security.basic.CurrentDetails] (.Server-14) Adding log:INSERT,class ome.model.jobs.MetadataImportJob,3044
2024-10-11 09:24:50,184 INFO  [       ome.security.basic.CurrentDetails] (.Server-14) Adding log:INSERT,class ome.model.jobs.PixelDataJob,3045
2024-10-11 09:24:50,192 INFO  [       ome.security.basic.CurrentDetails] (.Server-14) Adding log:INSERT,class ome.model.jobs.ThumbnailGenerationJob,3046
2024-10-11 09:24:50,201 INFO  [       ome.security.basic.CurrentDetails] (.Server-14) Adding log:INSERT,class ome.model.jobs.IndexingJob,3047
2024-10-11 09:24:50,207 INFO  [                 org.perf4j.TimingLogger] (.Server-14) start[1728638690207] time[0] tag[omero.repo.internal_register.find_repo_files]
2024-10-11 09:24:50,210 INFO  [       ome.security.basic.CurrentDetails] (.Server-14) Adding log:INSERT,class ome.model.core.OriginalFile,3044
2024-10-11 09:24:50,211 INFO  [                 org.perf4j.TimingLogger] (.Server-14) start[1728638690208] time[2] tag[omero.repo.create_original_file.save]
2024-10-11 09:24:50,211 INFO  [                 org.perf4j.TimingLogger] (.Server-14) start[1728638690211] time[0] tag[omero.repo.create_original_file.internal_mkdir]
2024-10-11 09:24:50,211 INFO  [                 org.perf4j.TimingLogger] (.Server-14) start[1728638690211] time[0] tag[omero.repo.internal_register.load]
2024-10-11 09:24:50,211 INFO  [                 org.perf4j.TimingLogger] (.Server-14) start[1728638690211] time[0] tag[omero.repo.internal_register.sort]
2024-10-11 09:24:50,211 INFO  [                 org.perf4j.TimingLogger] (.Server-14) start[1728638690207] time[4] tag[omero.repo.save_fileset.register]
2024-10-11 09:24:50,211 INFO  [                 org.perf4j.TimingLogger] (.Server-14) start[1728638690211] time[0] tag[omero.repo.save_fileset.update_fileset_entries]
2024-10-11 09:24:50,219 INFO  [       ome.security.basic.CurrentDetails] (.Server-14) Adding log:INSERT,class ome.model.fs.Fileset,202
2024-10-11 09:24:50,220 INFO  [       ome.security.basic.CurrentDetails] (.Server-14) Adding log:INSERT,class ome.model.fs.FilesetJobLink,206
2024-10-11 09:24:50,221 INFO  [       ome.security.basic.CurrentDetails] (.Server-14) Adding log:INSERT,class ome.model.fs.FilesetJobLink,207
2024-10-11 09:24:50,221 INFO  [       ome.security.basic.CurrentDetails] (.Server-14) Adding log:INSERT,class ome.model.fs.FilesetJobLink,208
2024-10-11 09:24:50,222 INFO  [       ome.security.basic.CurrentDetails] (.Server-14) Adding log:INSERT,class ome.model.fs.FilesetJobLink,209
2024-10-11 09:24:50,222 INFO  [       ome.security.basic.CurrentDetails] (.Server-14) Adding log:INSERT,class ome.model.fs.FilesetJobLink,210
2024-10-11 09:24:50,223 INFO  [       ome.security.basic.CurrentDetails] (.Server-14) Adding log:INSERT,class ome.model.fs.FilesetEntry,202
2024-10-11 09:24:50,227 INFO  [                 org.perf4j.TimingLogger] (.Server-14) start[1728638690211] time[15] tag[omero.repo.save_fileset.save]
2024-10-11 09:24:50,234 INFO  [                 org.perf4j.TimingLogger] (.Server-14) start[1728638690140] time[93] tag[omero.call.success.ome.services.blitz.repo.RepositoryDaoImpl$8.doWork]
2024-10-11 09:24:50,236 INFO  [                 org.perf4j.TimingLogger] (.Server-14) start[1728638690140] time[95] tag[omero.repo.save_fileset]
2024-10-11 09:24:50,236 INFO  [                      omero.cmd.SessionI] (.Server-14) Added servant to adapter: 83be404c-1957-46d4-a36b-f9feca68dcf3/437c9b3b-b179-4111-a1df-d5f9e88dc234-ManagedImportProcessI(omero.grid._ImportProcessTie@80328047)
2024-10-11 09:24:50,236 DEBUG [                omero.util.ServantHolder] (.Server-14) Added omero.grid._ImportProcessTie@80328047 to omero.util.ServantHolder@149b3864 as 437c9b3b-b179-4111-a1df-d5f9e88dc234-ManagedImportProcessI
2024-10-11 09:24:50,236 INFO  [                 org.perf4j.TimingLogger] (.Server-14) start[1728638690140] time[96] tag[omero.import.process.create]
2024-10-11 09:24:50,244 INFO  [         ome.security.basic.EventHandler] (l.Server-9)  Auth:	user=0,group=0,event=null(User),sess=83be404c-1957-46d4-a36b-f9feca68dcf3
2024-10-11 09:24:50,256 INFO  [                 org.perf4j.TimingLogger] (l.Server-9) start[1728638690243] time[13] tag[omero.call.success.ome.services.blitz.repo.RepositoryDaoImpl$2.doWork]
2024-10-11 09:24:50,258 INFO  [         ome.security.basic.EventHandler] (l.Server-9)  Auth:	user=0,group=0,event=null(User),sess=83be404c-1957-46d4-a36b-f9feca68dcf3
2024-10-11 09:24:50,261 INFO  [                 org.perf4j.TimingLogger] (l.Server-9) start[1728638690256] time[4] tag[omero.call.success.ome.services.blitz.repo.RepositoryDaoImpl$4.doWork]
2024-10-11 09:24:50,264 INFO  [         ome.security.basic.EventHandler] (l.Server-9)  Auth:	user=0,group=0,event=null(User),sess=83be404c-1957-46d4-a36b-f9feca68dcf3
2024-10-11 09:24:50,271 INFO  [                 org.perf4j.TimingLogger] (l.Server-9) start[1728638690262] time[8] tag[omero.call.success.ome.services.blitz.repo.RepositoryDaoImpl$6.doWork]
2024-10-11 09:24:50,272 INFO  [    ome.security.basic.BasicEventContext] (l.Server-9)  cctx:	group=0
2024-10-11 09:24:50,273 INFO  [         ome.security.basic.EventHandler] (l.Server-9)  Auth:	user=0,group=0,event=null(User),sess=83be404c-1957-46d4-a36b-f9feca68dcf3
2024-10-11 09:24:50,276 INFO  [                 org.perf4j.TimingLogger] (l.Server-9) start[1728638690271] time[4] tag[omero.call.success.ome.services.blitz.repo.RepositoryDaoImpl$1.doWork]
2024-10-11 09:24:50,276 INFO  [                      omero.cmd.SessionI] (l.Server-9) Added servant to adapter: 83be404c-1957-46d4-a36b-f9feca68dcf3/f4c71348-920d-4a1c-ac6c-d7320c939abe-RepoRawFileStoreI(omero.api._RawFileStoreTie@64d6f19d)
2024-10-11 09:24:50,276 DEBUG [                omero.util.ServantHolder] (l.Server-9) Added omero.api._RawFileStoreTie@64d6f19d to omero.util.ServantHolder@149b3864 as f4c71348-920d-4a1c-ac6c-d7320c939abe-RepoRawFileStoreI
2024-10-11 09:24:50,276 INFO  [                 org.perf4j.TimingLogger] (l.Server-9) start[1728638690242] time[34] tag[omero.import.process.opener]
2024-10-11 09:24:50,276 INFO  [                 org.perf4j.TimingLogger] (l.Server-9) start[1728638690242] time[34] tag[omero.import.process.uploader]
2024-10-11 09:24:50,282 INFO  [         ome.security.basic.EventHandler] (.Server-13)  Auth:	user=0,group=0,event=null(User),sess=83be404c-1957-46d4-a36b-f9feca68dcf3
2024-10-11 09:24:50,283 INFO  [                 org.perf4j.TimingLogger] (.Server-13) start[1728638690281] time[2] tag[omero.call.success.ome.services.RawFileBean.write]
2024-10-11 09:24:50,366 INFO  [         ome.security.basic.EventHandler] (.Server-10)  Auth:	user=0,group=0,event=null(User),sess=83be404c-1957-46d4-a36b-f9feca68dcf3
2024-10-11 09:24:50,371 INFO  [                 org.perf4j.TimingLogger] (.Server-10) start[1728638690364] time[7] tag[omero.call.success.ome.services.RawFileBean.write]
2024-10-11 09:24:50,431 INFO  [         ome.security.basic.EventHandler] (l.Server-4)  Auth:	user=0,group=0,event=null(User),sess=83be404c-1957-46d4-a36b-f9feca68dcf3
2024-10-11 09:24:50,437 INFO  [                 org.perf4j.TimingLogger] (l.Server-4) start[1728638690429] time[8] tag[omero.call.success.ome.services.RawFileBean.write]
2024-10-11 09:24:50,510 INFO  [         ome.security.basic.EventHandler] (.Server-15)  Auth:	user=0,group=0,event=null(User),sess=83be404c-1957-46d4-a36b-f9feca68dcf3
2024-10-11 09:24:50,516 INFO  [                 org.perf4j.TimingLogger] (.Server-15) start[1728638690508] time[8] tag[omero.call.success.ome.services.RawFileBean.write]
2024-10-11 09:24:50,583 INFO  [         ome.security.basic.EventHandler] (.Server-12)  Auth:	user=0,group=0,event=null(User),sess=83be404c-1957-46d4-a36b-f9feca68dcf3
2024-10-11 09:24:50,592 INFO  [                 org.perf4j.TimingLogger] (.Server-12) start[1728638690582] time[10] tag[omero.call.success.ome.services.RawFileBean.write]
2024-10-11 09:24:50,656 INFO  [         ome.security.basic.EventHandler] (.Server-14)  Auth:	user=0,group=0,event=null(User),sess=83be404c-1957-46d4-a36b-f9feca68dcf3
2024-10-11 09:24:50,663 INFO  [                 org.perf4j.TimingLogger] (.Server-14) start[1728638690655] time[7] tag[omero.call.success.ome.services.RawFileBean.write]
2024-10-11 09:24:50,687 INFO  [         ome.security.basic.EventHandler] (.Server-11)  Auth:	user=0,group=0,event=null(User),sess=83be404c-1957-46d4-a36b-f9feca68dcf3
2024-10-11 09:24:50,689 INFO  [                 org.perf4j.TimingLogger] (.Server-11) start[1728638690686] time[3] tag[omero.call.success.ome.services.RawFileBean.write]
2024-10-11 09:24:50,696 INFO  [         ome.security.basic.EventHandler] (l.Server-9)  Auth:	user=0,group=0,event=27862(User),sess=83be404c-1957-46d4-a36b-f9feca68dcf3
2024-10-11 09:24:50,708 INFO  [                 org.perf4j.TimingLogger] (l.Server-9) start[1728638690696] time[12] tag[omero.services.file.flush]
2024-10-11 09:24:50,727 INFO  [                 org.perf4j.TimingLogger] (l.Server-9) start[1728638690709] time[18] tag[omero.services.file.checksum]
2024-10-11 09:24:50,729 INFO  [       ome.security.basic.CurrentDetails] (l.Server-9) Adding log:UPDATE,class ome.model.core.OriginalFile,3044
2024-10-11 09:24:50,729 INFO  [                 org.perf4j.TimingLogger] (l.Server-9) start[1728638690727] time[2] tag[omero.services.file.finalize]
2024-10-11 09:24:50,733 INFO  [                 org.perf4j.TimingLogger] (l.Server-9) start[1728638690691] time[41] tag[omero.call.success.ome.services.RawFileBean.save]
2024-10-11 09:24:50,740 INFO  [         ome.security.basic.EventHandler] (.Server-13)  Auth:	user=0,group=0,event=27863(User),sess=83be404c-1957-46d4-a36b-f9feca68dcf3
2024-10-11 09:24:50,744 INFO  [                 org.perf4j.TimingLogger] (.Server-13) start[1728638690735] time[9] tag[omero.call.success.ome.services.RawFileBean.close]
2024-10-11 09:24:50,745 DEBUG [                omero.util.ServantHolder] (.Server-13) Removed omero.api._RawFileStoreTie@64d6f19d from omero.util.ServantHolder@149b3864 as f4c71348-920d-4a1c-ac6c-d7320c939abe-RepoRawFileStoreI
2024-10-11 09:24:50,745 INFO  [                      omero.cmd.SessionI] (.Server-13) Unregistered servant:83be404c-1957-46d4-a36b-f9feca68dcf3/f4c71348-920d-4a1c-ac6c-d7320c939abe-RepoRawFileStoreI(omero.api._RawFileStoreTie@64d6f19d)
2024-10-11 09:24:50,749 INFO  [         ome.security.basic.EventHandler] (.Server-10)  Auth:	user=0,group=0,event=null(User),sess=83be404c-1957-46d4-a36b-f9feca68dcf3
2024-10-11 09:24:50,749 INFO  [                 org.perf4j.TimingLogger] (.Server-10) start[1728638690747] time[1] tag[omero.call.success.ome.services.blitz.impl.ServiceFactoryI$3.doWork]
2024-10-11 09:24:50,757 INFO  [                 org.perf4j.TimingLogger] (.Server-10) start[1728638690749] time[7] tag[omero.import.process.checksum]
2024-10-11 09:24:50,763 INFO  [         ome.security.basic.EventHandler] (.Server-10)  Auth:	user=0,group=0,event=27864(User),sess=83be404c-1957-46d4-a36b-f9feca68dcf3
2024-10-11 09:24:50,782 INFO  [       ome.security.basic.CurrentDetails] (.Server-10) Adding log:UPDATE,class ome.model.jobs.UploadJob,3043
2024-10-11 09:24:50,787 INFO  [                 org.perf4j.TimingLogger] (.Server-10) start[1728638690757] time[30] tag[omero.call.success.ome.services.blitz.repo.RepositoryDaoImpl$12.doWork]
2024-10-11 09:24:50,789 INFO  [         ome.security.basic.EventHandler] (.Server-10)  Auth:	user=0,group=0,event=null(User),sess=83be404c-1957-46d4-a36b-f9feca68dcf3
2024-10-11 09:24:50,790 INFO  [                 org.perf4j.TimingLogger] (.Server-10) start[1728638690788] time[2] tag[omero.call.success.ome.services.blitz.repo.RepositoryDaoImpl$2.doWork]
2024-10-11 09:24:50,792 INFO  [         ome.security.basic.EventHandler] (.Server-10)  Auth:	user=0,group=0,event=null(User),sess=83be404c-1957-46d4-a36b-f9feca68dcf3
2024-10-11 09:24:50,793 INFO  [                 org.perf4j.TimingLogger] (.Server-10) start[1728638690791] time[1] tag[omero.call.success.ome.services.blitz.repo.RepositoryDaoImpl$4.doWork]
2024-10-11 09:24:50,793 INFO  [       ome.formats.importer.ImportConfig] (.Server-10) OMERO.blitz Version: 5.7.3
2024-10-11 09:24:50,793 INFO  [       ome.formats.importer.ImportConfig] (.Server-10) Bioformats version: 7.3.0 revision: acc4b6de79e55275b5e6c8200f8458f6d93c9ba0 date: 18 April 2024
2024-10-11 09:24:50,841 INFO  [                      omero.cmd.SessionI] (.Server-10) Added servant to adapter: 83be404c-1957-46d4-a36b-f9feca68dcf3/IHandle652e48ff-4fe1-4857-8d40-b15e1b61ea7f(omero.cmd._HandleTie@75e13bdc)
2024-10-11 09:24:50,841 DEBUG [                omero.util.ServantHolder] (.Server-10) Added omero.cmd._HandleTie@75e13bdc to omero.util.ServantHolder@149b3864 as IHandle652e48ff-4fe1-4857-8d40-b15e1b61ea7f
2024-10-11 09:24:50,842 INFO  [                 org.perf4j.TimingLogger] (.Server-10) start[1728638690842] time[0] tag[omero.background.submit]
2024-10-11 09:24:50,842 INFO  [                 org.perf4j.TimingLogger] (.Server-10) start[1728638690757] time[85] tag[omero.import.process.submit]
2024-10-11 09:24:50,844 DEBUG [                omero.util.ServantHolder] (.Server-12) Removed omero.grid._ImportProcessTie@80328047 from omero.util.ServantHolder@149b3864 as 437c9b3b-b179-4111-a1df-d5f9e88dc234-ManagedImportProcessI
2024-10-11 09:24:50,844 INFO  [                      omero.cmd.SessionI] (.Server-12) Unregistered servant:83be404c-1957-46d4-a36b-f9feca68dcf3/437c9b3b-b179-4111-a1df-d5f9e88dc234-ManagedImportProcessI(omero.grid._ImportProcessTie@80328047)
2024-10-11 09:24:50,852 INFO  [    ome.formats.OMEROMetadataStoreClient] (2-thread-6) Call context: {omero.group:0}
2024-10-11 09:24:50,852 INFO  [    ome.formats.OMEROMetadataStoreClient] (2-thread-6) Call context: {omero.logfilename:root_0/2024-10/11/09-24-49.999.log}
2024-10-11 09:24:50,859 INFO  [    ome.security.basic.BasicEventContext] (l.Server-9)  cctx:	group=0
2024-10-11 09:24:50,860 INFO  [         ome.security.basic.EventHandler] (l.Server-9)  Auth:	user=0,group=0,event=null(User),sess=83be404c-1957-46d4-a36b-f9feca68dcf3
2024-10-11 09:24:50,873 INFO  [                 org.perf4j.TimingLogger] (l.Server-9) start[1728638690859] time[14] tag[omero.call.success.ome.logic.AdminImpl.getEventContext]
2024-10-11 09:24:50,955 INFO  [    ome.formats.OMEROMetadataStoreClient] (2-thread-6) Pinging session every 300s.
2024-10-11 09:24:51,058 INFO  [                loci.formats.ImageReader] (2-thread-6) IonpathMIBITiffReader initializing /OMERO/ManagedRepository/root_0/2024-10/11/09-24-49.999/TA459_multipleCores2_Run-4_Point22.tiff
2024-10-11 09:24:51,058 INFO  [       loci.formats.in.MinimalTiffReader] (2-thread-6) Reading IFDs
2024-10-11 09:24:51,061 INFO  [       loci.formats.in.MinimalTiffReader] (2-thread-6) Populating metadata
2024-10-11 09:24:51,067 INFO  [          loci.formats.in.BaseTiffReader] (2-thread-6) Populating OME metadata
2024-10-11 09:24:51,080 INFO  [    ome.security.basic.BasicEventContext] (l.Server-9)  cctx:	group=0
2024-10-11 09:24:51,081 INFO  [         ome.security.basic.EventHandler] (l.Server-9)  Auth:	user=0,group=0,event=null(User),sess=83be404c-1957-46d4-a36b-f9feca68dcf3
2024-10-11 09:24:51,084 INFO  [                 org.perf4j.TimingLogger] (l.Server-9) start[1728638691079] time[4] tag[omero.call.success.ome.logic.QueryImpl.findAll]
2024-10-11 09:24:51,090 INFO  [    ome.security.basic.BasicEventContext] (.Server-13)  cctx:	group=0
2024-10-11 09:24:51,092 INFO  [         ome.security.basic.EventHandler] (.Server-13)  Auth:	user=0,group=0,event=null(User),sess=83be404c-1957-46d4-a36b-f9feca68dcf3
2024-10-11 09:24:51,095 INFO  [                 org.perf4j.TimingLogger] (.Server-13) start[1728638691090] time[4] tag[omero.call.success.ome.logic.QueryImpl.findAll]
2024-10-11 09:24:51,097 INFO  [    ome.security.basic.BasicEventContext] (.Server-14)  cctx:	group=0
2024-10-11 09:24:51,098 INFO  [         ome.security.basic.EventHandler] (.Server-14)  Auth:	user=0,group=0,event=null(User),sess=83be404c-1957-46d4-a36b-f9feca68dcf3
2024-10-11 09:24:51,099 INFO  [                 org.perf4j.TimingLogger] (.Server-14) start[1728638691096] time[3] tag[omero.call.success.ome.logic.QueryImpl.findAll]
2024-10-11 09:24:51,102 INFO  [    ome.security.basic.BasicEventContext] (.Server-15)  cctx:	group=0
2024-10-11 09:24:51,104 INFO  [         ome.security.basic.EventHandler] (.Server-15)  Auth:	user=0,group=0,event=null(User),sess=83be404c-1957-46d4-a36b-f9feca68dcf3
2024-10-11 09:24:51,106 INFO  [                 org.perf4j.TimingLogger] (.Server-15) start[1728638691101] time[4] tag[omero.call.success.ome.logic.QueryImpl.findAll]
2024-10-11 09:24:51,167 DEBUG [                   loci.formats.Memoizer] (2-thread-6) saved to temp file: /OMERO/BioFormatsCache/OMERO/ManagedRepository/root_0/2024-10/11/09-24-49.999/.TA459_multipleCores2_Run-4_Point22.tiff.bfmemo2013959166946626440
2024-10-11 09:24:51,168 DEBUG [                   loci.formats.Memoizer] (2-thread-6) start[1728638691140] time[27] tag[loci.formats.Memoizer.saveMemo]
2024-10-11 09:24:51,168 DEBUG [                   loci.formats.Memoizer] (2-thread-6) saved memo file: /OMERO/BioFormatsCache/OMERO/ManagedRepository/root_0/2024-10/11/09-24-49.999/.TA459_multipleCores2_Run-4_Point22.tiff.bfmemo (50732 bytes)
2024-10-11 09:24:51,168 DEBUG [                   loci.formats.Memoizer] (2-thread-6) start[1728638690956] time[212] tag[loci.formats.Memoizer.setId]
2024-10-11 09:24:51,168 DEBUG [    o.s.blitz.repo.ManagedImportRequestI] (2-thread-6) Image Count: 44
2024-10-11 09:24:51,168 INFO  [    o.s.blitz.repo.ManagedImportRequestI] (2-thread-6) File format: Ionpath MIBI
2024-10-11 09:24:51,168 INFO  [    o.s.blitz.repo.ManagedImportRequestI] (2-thread-6) Base reader: loci.formats.in.IonpathMIBITiffReader
2024-10-11 09:24:51,168 INFO  [                 org.perf4j.TimingLogger] (2-thread-6) start[1728638690849] time[318] tag[omero.import.request.init]
2024-10-11 09:24:51,168 DEBUG [    o.s.blitz.repo.ManagedImportRequestI] (2-thread-6) Step 0
2024-10-11 09:24:51,171 WARN  [    ome.formats.model.ReferenceProcessor] (2-thread-6) Unknown target class for LSID: Image:SIMS
2024-10-11 09:24:51,171 INFO  [    ome.formats.OMEROMetadataStoreClient] (2-thread-6) Handling # of containers: 91
2024-10-11 09:24:51,174 INFO  [    ome.security.basic.BasicEventContext] (.Server-12)  cctx:	group=0
2024-10-11 09:24:51,176 INFO  [         ome.security.basic.EventHandler] (.Server-12)  Auth:	user=0,group=0,event=null(User),sess=83be404c-1957-46d4-a36b-f9feca68dcf3
2024-10-11 09:24:51,178 INFO  [                 org.perf4j.TimingLogger] (.Server-12) start[1728638691173] time[4] tag[omero.call.success.ome.services.blitz.impl.MetadataStoreI$4.doWork]
2024-10-11 09:24:51,179 INFO  [    ome.formats.OMEROMetadataStoreClient] (2-thread-6) Handling # of references: 1
2024-10-11 09:24:51,180 INFO  [    ome.security.basic.BasicEventContext] (.Server-10)  cctx:	group=0
2024-10-11 09:24:51,181 INFO  [         ome.security.basic.EventHandler] (.Server-10)  Auth:	user=0,group=0,event=null(User),sess=83be404c-1957-46d4-a36b-f9feca68dcf3
2024-10-11 09:24:51,182 INFO  [                 org.perf4j.TimingLogger] (.Server-10) start[1728638691179] time[2] tag[omero.call.success.ome.services.blitz.impl.MetadataStoreI$5.doWork]
2024-10-11 09:24:51,186 INFO  [    ome.security.basic.BasicEventContext] (.Server-11)  cctx:	group=0
2024-10-11 09:24:51,194 INFO  [         ome.security.basic.EventHandler] (.Server-11)  Auth:	user=0,group=0,event=27871(User),sess=83be404c-1957-46d4-a36b-f9feca68dcf3
2024-10-11 09:24:51,230 INFO  [       ome.security.basic.CurrentDetails] (.Server-11) Adding log:INSERT,class ome.model.core.Image,202
2024-10-11 09:24:51,231 INFO  [       ome.security.basic.CurrentDetails] (.Server-11) Adding log:INSERT,class ome.model.containers.DatasetImageLink,202
2024-10-11 09:24:51,233 INFO  [       ome.security.basic.CurrentDetails] (.Server-11) Adding log:INSERT,class ome.model.core.Pixels,202
2024-10-11 09:24:51,236 INFO  [       ome.security.basic.CurrentDetails] (.Server-11) Adding log:INSERT,class ome.model.core.LogicalChannel,595
2024-10-11 09:24:51,238 INFO  [       ome.security.basic.CurrentDetails] (.Server-11) Adding log:INSERT,class ome.model.core.Channel,595
2024-10-11 09:24:51,240 INFO  [       ome.security.basic.CurrentDetails] (.Server-11) Adding log:INSERT,class ome.model.core.LogicalChannel,596
2024-10-11 09:24:51,240 INFO  [       ome.security.basic.CurrentDetails] (.Server-11) Adding log:INSERT,class ome.model.core.Channel,596
2024-10-11 09:24:51,241 INFO  [       ome.security.basic.CurrentDetails] (.Server-11) Adding log:INSERT,class ome.model.core.LogicalChannel,597
2024-10-11 09:24:51,242 INFO  [       ome.security.basic.CurrentDetails] (.Server-11) Adding log:INSERT,class ome.model.core.Channel,597
2024-10-11 09:24:51,242 INFO  [       ome.security.basic.CurrentDetails] (.Server-11) Adding log:INSERT,class ome.model.core.LogicalChannel,598
2024-10-11 09:24:51,243 INFO  [       ome.security.basic.CurrentDetails] (.Server-11) Adding log:INSERT,class ome.model.core.Channel,598
2024-10-11 09:24:51,244 INFO  [       ome.security.basic.CurrentDetails] (.Server-11) Adding log:INSERT,class ome.model.core.LogicalChannel,599
2024-10-11 09:24:51,244 INFO  [       ome.security.basic.CurrentDetails] (.Server-11) Adding log:INSERT,class ome.model.core.Channel,599
2024-10-11 09:24:51,245 INFO  [       ome.security.basic.CurrentDetails] (.Server-11) Adding log:INSERT,class ome.model.core.LogicalChannel,600
2024-10-11 09:24:51,245 INFO  [       ome.security.basic.CurrentDetails] (.Server-11) Adding log:INSERT,class ome.model.core.Channel,600
2024-10-11 09:24:51,318 INFO  [       ome.security.basic.CurrentDetails] (.Server-11) Adding log:INSERT,class ome.model.core.LogicalChannel,601
2024-10-11 09:24:51,319 INFO  [       ome.security.basic.CurrentDetails] (.Server-11) Adding log:INSERT,class ome.model.core.Channel,601
2024-10-11 09:24:51,320 INFO  [       ome.security.basic.CurrentDetails] (.Server-11) Adding log:INSERT,class ome.model.core.LogicalChannel,602
2024-10-11 09:24:51,320 INFO  [       ome.security.basic.CurrentDetails] (.Server-11) Adding log:INSERT,class ome.model.core.Channel,602
2024-10-11 09:24:51,321 INFO  [       ome.security.basic.CurrentDetails] (.Server-11) Adding log:INSERT,class ome.model.core.LogicalChannel,603
2024-10-11 09:24:51,321 INFO  [       ome.security.basic.CurrentDetails] (.Server-11) Adding log:INSERT,class ome.model.core.Channel,603
2024-10-11 09:24:51,322 INFO  [       ome.security.basic.CurrentDetails] (.Server-11) Adding log:INSERT,class ome.model.core.LogicalChannel,604
2024-10-11 09:24:51,322 INFO  [       ome.security.basic.CurrentDetails] (.Server-11) Adding log:INSERT,class ome.model.core.Channel,604
2024-10-11 09:24:51,322 INFO  [       ome.security.basic.CurrentDetails] (.Server-11) Adding log:INSERT,class ome.model.core.LogicalChannel,605
2024-10-11 09:24:51,323 INFO  [       ome.security.basic.CurrentDetails] (.Server-11) Adding log:INSERT,class ome.model.core.Channel,605
2024-10-11 09:24:51,323 INFO  [       ome.security.basic.CurrentDetails] (.Server-11) Adding log:INSERT,class ome.model.core.LogicalChannel,606
2024-10-11 09:24:51,324 INFO  [       ome.security.basic.CurrentDetails] (.Server-11) Adding log:INSERT,class ome.model.core.Channel,606
2024-10-11 09:24:51,324 INFO  [       ome.security.basic.CurrentDetails] (.Server-11) Adding log:INSERT,class ome.model.core.LogicalChannel,607
2024-10-11 09:24:51,324 INFO  [       ome.security.basic.CurrentDetails] (.Server-11) Adding log:INSERT,class ome.model.core.Channel,607
2024-10-11 09:24:51,325 INFO  [       ome.security.basic.CurrentDetails] (.Server-11) Adding log:INSERT,class ome.model.core.LogicalChannel,608
2024-10-11 09:24:51,325 INFO  [       ome.security.basic.CurrentDetails] (.Server-11) Adding log:INSERT,class ome.model.core.Channel,608
2024-10-11 09:24:51,326 INFO  [       ome.security.basic.CurrentDetails] (.Server-11) Adding log:INSERT,class ome.model.core.LogicalChannel,609
2024-10-11 09:24:51,326 INFO  [       ome.security.basic.CurrentDetails] (.Server-11) Adding log:INSERT,class ome.model.core.Channel,609
2024-10-11 09:24:51,326 INFO  [       ome.security.basic.CurrentDetails] (.Server-11) Adding log:INSERT,class ome.model.core.LogicalChannel,610
2024-10-11 09:24:51,327 INFO  [       ome.security.basic.CurrentDetails] (.Server-11) Adding log:INSERT,class ome.model.core.Channel,610
2024-10-11 09:24:51,327 INFO  [       ome.security.basic.CurrentDetails] (.Server-11) Adding log:INSERT,class ome.model.core.LogicalChannel,611
2024-10-11 09:24:51,328 INFO  [       ome.security.basic.CurrentDetails] (.Server-11) Adding log:INSERT,class ome.model.core.Channel,611
2024-10-11 09:24:51,328 INFO  [       ome.security.basic.CurrentDetails] (.Server-11) Adding log:INSERT,class ome.model.core.LogicalChannel,612
2024-10-11 09:24:51,329 INFO  [       ome.security.basic.CurrentDetails] (.Server-11) Adding log:INSERT,class ome.model.core.Channel,612
2024-10-11 09:24:51,329 INFO  [       ome.security.basic.CurrentDetails] (.Server-11) Adding log:INSERT,class ome.model.core.LogicalChannel,613
2024-10-11 09:24:51,330 INFO  [       ome.security.basic.CurrentDetails] (.Server-11) Adding log:INSERT,class ome.model.core.Channel,613
2024-10-11 09:24:51,330 INFO  [       ome.security.basic.CurrentDetails] (.Server-11) Adding log:INSERT,class ome.model.core.LogicalChannel,614
2024-10-11 09:24:51,331 INFO  [       ome.security.basic.CurrentDetails] (.Server-11) Adding log:INSERT,class ome.model.core.Channel,614
2024-10-11 09:24:51,332 INFO  [       ome.security.basic.CurrentDetails] (.Server-11) Adding log:INSERT,class ome.model.core.LogicalChannel,615
2024-10-11 09:24:51,332 INFO  [       ome.security.basic.CurrentDetails] (.Server-11) Adding log:INSERT,class ome.model.core.Channel,615
2024-10-11 09:24:51,333 INFO  [       ome.security.basic.CurrentDetails] (.Server-11) Adding log:INSERT,class ome.model.core.LogicalChannel,616
2024-10-11 09:24:51,333 INFO  [       ome.security.basic.CurrentDetails] (.Server-11) Adding log:INSERT,class ome.model.core.Channel,616
2024-10-11 09:24:51,334 INFO  [       ome.security.basic.CurrentDetails] (.Server-11) Adding log:INSERT,class ome.model.core.LogicalChannel,617
2024-10-11 09:24:51,335 INFO  [       ome.security.basic.CurrentDetails] (.Server-11) Adding log:INSERT,class ome.model.core.Channel,617
2024-10-11 09:24:51,335 INFO  [       ome.security.basic.CurrentDetails] (.Server-11) Adding log:INSERT,class ome.model.core.LogicalChannel,618
2024-10-11 09:24:51,336 INFO  [       ome.security.basic.CurrentDetails] (.Server-11) Adding log:INSERT,class ome.model.core.Channel,618
2024-10-11 09:24:51,337 INFO  [       ome.security.basic.CurrentDetails] (.Server-11) Adding log:INSERT,class ome.model.core.LogicalChannel,619
2024-10-11 09:24:51,337 INFO  [       ome.security.basic.CurrentDetails] (.Server-11) Adding log:INSERT,class ome.model.core.Channel,619
2024-10-11 09:24:51,338 INFO  [       ome.security.basic.CurrentDetails] (.Server-11) Adding log:INSERT,class ome.model.core.LogicalChannel,620
2024-10-11 09:24:51,338 INFO  [       ome.security.basic.CurrentDetails] (.Server-11) Adding log:INSERT,class ome.model.core.Channel,620
2024-10-11 09:24:51,338 INFO  [       ome.security.basic.CurrentDetails] (.Server-11) Adding log:INSERT,class ome.model.core.LogicalChannel,621
2024-10-11 09:24:51,339 INFO  [       ome.security.basic.CurrentDetails] (.Server-11) Adding log:INSERT,class ome.model.core.Channel,621
2024-10-11 09:24:51,339 INFO  [       ome.security.basic.CurrentDetails] (.Server-11) Adding log:INSERT,class ome.model.core.LogicalChannel,622
2024-10-11 09:24:51,339 INFO  [       ome.security.basic.CurrentDetails] (.Server-11) Adding log:INSERT,class ome.model.core.Channel,622
2024-10-11 09:24:51,343 INFO  [       ome.security.basic.CurrentDetails] (.Server-11) Adding log:INSERT,class ome.model.core.LogicalChannel,623
2024-10-11 09:24:51,344 INFO  [       ome.security.basic.CurrentDetails] (.Server-11) Adding log:INSERT,class ome.model.core.Channel,623
2024-10-11 09:24:51,344 INFO  [       ome.security.basic.CurrentDetails] (.Server-11) Adding log:INSERT,class ome.model.core.LogicalChannel,624
2024-10-11 09:24:51,345 INFO  [       ome.security.basic.CurrentDetails] (.Server-11) Adding log:INSERT,class ome.model.core.Channel,624
2024-10-11 09:24:51,345 INFO  [       ome.security.basic.CurrentDetails] (.Server-11) Adding log:INSERT,class ome.model.core.LogicalChannel,625
2024-10-11 09:24:51,345 INFO  [       ome.security.basic.CurrentDetails] (.Server-11) Adding log:INSERT,class ome.model.core.Channel,625
2024-10-11 09:24:51,346 INFO  [       ome.security.basic.CurrentDetails] (.Server-11) Adding log:INSERT,class ome.model.core.LogicalChannel,626
2024-10-11 09:24:51,346 INFO  [       ome.security.basic.CurrentDetails] (.Server-11) Adding log:INSERT,class ome.model.core.Channel,626
2024-10-11 09:24:51,346 INFO  [       ome.security.basic.CurrentDetails] (.Server-11) Adding log:INSERT,class ome.model.core.LogicalChannel,627
2024-10-11 09:24:51,347 INFO  [       ome.security.basic.CurrentDetails] (.Server-11) Adding log:INSERT,class ome.model.core.Channel,627
2024-10-11 09:24:51,347 INFO  [       ome.security.basic.CurrentDetails] (.Server-11) Adding log:INSERT,class ome.model.core.LogicalChannel,628
2024-10-11 09:24:51,348 INFO  [       ome.security.basic.CurrentDetails] (.Server-11) Adding log:INSERT,class ome.model.core.Channel,628
2024-10-11 09:24:51,348 INFO  [       ome.security.basic.CurrentDetails] (.Server-11) Adding log:INSERT,class ome.model.core.LogicalChannel,629
2024-10-11 09:24:51,349 INFO  [       ome.security.basic.CurrentDetails] (.Server-11) Adding log:INSERT,class ome.model.core.Channel,629
2024-10-11 09:24:51,350 INFO  [       ome.security.basic.CurrentDetails] (.Server-11) Adding log:INSERT,class ome.model.core.LogicalChannel,630
2024-10-11 09:24:51,350 INFO  [       ome.security.basic.CurrentDetails] (.Server-11) Adding log:INSERT,class ome.model.core.Channel,630
2024-10-11 09:24:51,351 INFO  [       ome.security.basic.CurrentDetails] (.Server-11) Adding log:INSERT,class ome.model.core.LogicalChannel,631
2024-10-11 09:24:51,351 INFO  [       ome.security.basic.CurrentDetails] (.Server-11) Adding log:INSERT,class ome.model.core.Channel,631
2024-10-11 09:24:51,351 INFO  [       ome.security.basic.CurrentDetails] (.Server-11) Adding log:INSERT,class ome.model.core.LogicalChannel,632
2024-10-11 09:24:51,352 INFO  [       ome.security.basic.CurrentDetails] (.Server-11) Adding log:INSERT,class ome.model.core.Channel,632
2024-10-11 09:24:51,353 INFO  [       ome.security.basic.CurrentDetails] (.Server-11) Adding log:INSERT,class ome.model.core.LogicalChannel,633
2024-10-11 09:24:51,353 INFO  [       ome.security.basic.CurrentDetails] (.Server-11) Adding log:INSERT,class ome.model.core.Channel,633
2024-10-11 09:24:51,353 INFO  [       ome.security.basic.CurrentDetails] (.Server-11) Adding log:INSERT,class ome.model.core.LogicalChannel,634
2024-10-11 09:24:51,354 INFO  [       ome.security.basic.CurrentDetails] (.Server-11) Adding log:INSERT,class ome.model.core.Channel,634
2024-10-11 09:24:51,354 INFO  [       ome.security.basic.CurrentDetails] (.Server-11) Adding log:INSERT,class ome.model.core.LogicalChannel,635
2024-10-11 09:24:51,355 INFO  [       ome.security.basic.CurrentDetails] (.Server-11) Adding log:INSERT,class ome.model.core.Channel,635
2024-10-11 09:24:51,355 INFO  [       ome.security.basic.CurrentDetails] (.Server-11) Adding log:INSERT,class ome.model.core.LogicalChannel,636
2024-10-11 09:24:51,355 INFO  [       ome.security.basic.CurrentDetails] (.Server-11) Adding log:INSERT,class ome.model.core.Channel,636
2024-10-11 09:24:51,356 INFO  [       ome.security.basic.CurrentDetails] (.Server-11) Adding log:INSERT,class ome.model.core.LogicalChannel,637
2024-10-11 09:24:51,356 INFO  [       ome.security.basic.CurrentDetails] (.Server-11) Adding log:INSERT,class ome.model.core.Channel,637
2024-10-11 09:24:51,356 INFO  [       ome.security.basic.CurrentDetails] (.Server-11) Adding log:INSERT,class ome.model.core.LogicalChannel,638
2024-10-11 09:24:51,356 INFO  [       ome.security.basic.CurrentDetails] (.Server-11) Adding log:INSERT,class ome.model.core.Channel,638
2024-10-11 09:24:51,374 INFO  [                 org.perf4j.TimingLogger] (.Server-11) start[1728638691194] time[179] tag[omero.saveImportGraph]
2024-10-11 09:24:51,390 INFO  [                 org.perf4j.TimingLogger] (.Server-11) start[1728638691185] time[204] tag[omero.call.success.ome.services.blitz.impl.MetadataStoreI$3.doWork]
2024-10-11 09:24:51,395 INFO  [                 org.perf4j.TimingLogger] (2-thread-6) start[1728638691168] time[226] tag[omero.import.request.metadata]
2024-10-11 09:24:51,396 INFO  [    ome.security.basic.BasicEventContext] (l.Server-9)  cctx:	group=0
2024-10-11 09:24:51,397 INFO  [         ome.security.basic.EventHandler] (l.Server-9)  Auth:	user=0,group=0,event=null(User),sess=83be404c-1957-46d4-a36b-f9feca68dcf3
2024-10-11 09:24:51,405 INFO  [                 org.perf4j.TimingLogger] (l.Server-9) start[1728638691395] time[9] tag[omero.call.success.ome.logic.QueryImpl.get]
2024-10-11 09:24:51,407 INFO  [    ome.security.basic.BasicEventContext] (.Server-14)  cctx:	group=0
2024-10-11 09:24:51,415 INFO  [         ome.security.basic.EventHandler] (.Server-14)  Auth:	user=0,group=0,event=27874(User),sess=83be404c-1957-46d4-a36b-f9feca68dcf3
2024-10-11 09:24:51,420 INFO  [       ome.security.basic.CurrentDetails] (.Server-14) Adding log:UPDATE,class ome.model.core.OriginalFile,3043
2024-10-11 09:24:51,424 INFO  [                 org.perf4j.TimingLogger] (.Server-14) start[1728638691406] time[18] tag[omero.call.success.ome.logic.UpdateImpl.saveObject]
2024-10-11 09:24:51,425 INFO  [                 org.perf4j.TimingLogger] (2-thread-6) start[1728638691168] time[256] tag[omero.import.request.step]
2024-10-11 09:24:51,425 DEBUG [    o.s.blitz.repo.ManagedImportRequestI] (2-thread-6) Step 1
2024-10-11 09:24:51,434 DEBUG [    o.s.blitz.repo.ManagedImportRequestI] (2-thread-6) Plane:0 X:0 Y:0 TileWidth:2048 TileHeight:2048 arrayBuf.length:8388608
2024-10-11 09:24:51,569 DEBUG [    o.s.blitz.repo.ManagedImportRequestI] (2-thread-6) Plane:1 X:0 Y:0 TileWidth:2048 TileHeight:2048 arrayBuf.length:8388608
2024-10-11 09:24:51,634 DEBUG [    o.s.blitz.repo.ManagedImportRequestI] (2-thread-6) Plane:2 X:0 Y:0 TileWidth:2048 TileHeight:2048 arrayBuf.length:8388608
2024-10-11 09:24:51,700 DEBUG [    o.s.blitz.repo.ManagedImportRequestI] (2-thread-6) Plane:3 X:0 Y:0 TileWidth:2048 TileHeight:2048 arrayBuf.length:8388608
2024-10-11 09:24:51,817 DEBUG [    o.s.blitz.repo.ManagedImportRequestI] (2-thread-6) Plane:4 X:0 Y:0 TileWidth:2048 TileHeight:2048 arrayBuf.length:8388608
2024-10-11 09:24:51,928 DEBUG [    o.s.blitz.repo.ManagedImportRequestI] (2-thread-6) Plane:5 X:0 Y:0 TileWidth:2048 TileHeight:2048 arrayBuf.length:8388608
2024-10-11 09:24:51,982 DEBUG [    o.s.blitz.repo.ManagedImportRequestI] (2-thread-6) Plane:6 X:0 Y:0 TileWidth:2048 TileHeight:2048 arrayBuf.length:8388608
2024-10-11 09:24:52,042 DEBUG [    o.s.blitz.repo.ManagedImportRequestI] (2-thread-6) Plane:7 X:0 Y:0 TileWidth:2048 TileHeight:2048 arrayBuf.length:8388608
2024-10-11 09:24:52,097 DEBUG [    o.s.blitz.repo.ManagedImportRequestI] (2-thread-6) Plane:8 X:0 Y:0 TileWidth:2048 TileHeight:2048 arrayBuf.length:8388608
2024-10-11 09:24:52,166 DEBUG [    o.s.blitz.repo.ManagedImportRequestI] (2-thread-6) Plane:9 X:0 Y:0 TileWidth:2048 TileHeight:2048 arrayBuf.length:8388608
2024-10-11 09:24:52,236 DEBUG [    o.s.blitz.repo.ManagedImportRequestI] (2-thread-6) Plane:10 X:0 Y:0 TileWidth:2048 TileHeight:2048 arrayBuf.length:8388608
2024-10-11 09:24:52,299 DEBUG [    o.s.blitz.repo.ManagedImportRequestI] (2-thread-6) Plane:11 X:0 Y:0 TileWidth:2048 TileHeight:2048 arrayBuf.length:8388608
2024-10-11 09:24:52,356 DEBUG [    o.s.blitz.repo.ManagedImportRequestI] (2-thread-6) Plane:12 X:0 Y:0 TileWidth:2048 TileHeight:2048 arrayBuf.length:8388608
2024-10-11 09:24:52,420 DEBUG [    o.s.blitz.repo.ManagedImportRequestI] (2-thread-6) Plane:13 X:0 Y:0 TileWidth:2048 TileHeight:2048 arrayBuf.length:8388608
2024-10-11 09:24:52,484 DEBUG [    o.s.blitz.repo.ManagedImportRequestI] (2-thread-6) Plane:14 X:0 Y:0 TileWidth:2048 TileHeight:2048 arrayBuf.length:8388608
2024-10-11 09:24:52,554 DEBUG [    o.s.blitz.repo.ManagedImportRequestI] (2-thread-6) Plane:15 X:0 Y:0 TileWidth:2048 TileHeight:2048 arrayBuf.length:8388608
2024-10-11 09:24:52,683 DEBUG [    o.s.blitz.repo.ManagedImportRequestI] (2-thread-6) Plane:16 X:0 Y:0 TileWidth:2048 TileHeight:2048 arrayBuf.length:8388608
2024-10-11 09:24:52,773 DEBUG [    o.s.blitz.repo.ManagedImportRequestI] (2-thread-6) Plane:17 X:0 Y:0 TileWidth:2048 TileHeight:2048 arrayBuf.length:8388608
2024-10-11 09:24:52,830 DEBUG [    o.s.blitz.repo.ManagedImportRequestI] (2-thread-6) Plane:18 X:0 Y:0 TileWidth:2048 TileHeight:2048 arrayBuf.length:8388608
2024-10-11 09:24:52,892 DEBUG [    o.s.blitz.repo.ManagedImportRequestI] (2-thread-6) Plane:19 X:0 Y:0 TileWidth:2048 TileHeight:2048 arrayBuf.length:8388608
2024-10-11 09:24:52,991 DEBUG [    o.s.blitz.repo.ManagedImportRequestI] (2-thread-6) Plane:20 X:0 Y:0 TileWidth:2048 TileHeight:2048 arrayBuf.length:8388608
2024-10-11 09:24:53,052 DEBUG [    o.s.blitz.repo.ManagedImportRequestI] (2-thread-6) Plane:21 X:0 Y:0 TileWidth:2048 TileHeight:2048 arrayBuf.length:8388608
2024-10-11 09:24:53,138 DEBUG [    o.s.blitz.repo.ManagedImportRequestI] (2-thread-6) Plane:22 X:0 Y:0 TileWidth:2048 TileHeight:2048 arrayBuf.length:8388608
2024-10-11 09:24:53,242 DEBUG [    o.s.blitz.repo.ManagedImportRequestI] (2-thread-6) Plane:23 X:0 Y:0 TileWidth:2048 TileHeight:2048 arrayBuf.length:8388608
2024-10-11 09:24:53,307 DEBUG [    o.s.blitz.repo.ManagedImportRequestI] (2-thread-6) Plane:24 X:0 Y:0 TileWidth:2048 TileHeight:2048 arrayBuf.length:8388608
2024-10-11 09:24:53,375 DEBUG [    o.s.blitz.repo.ManagedImportRequestI] (2-thread-6) Plane:25 X:0 Y:0 TileWidth:2048 TileHeight:2048 arrayBuf.length:8388608
2024-10-11 09:24:53,431 DEBUG [    o.s.blitz.repo.ManagedImportRequestI] (2-thread-6) Plane:26 X:0 Y:0 TileWidth:2048 TileHeight:2048 arrayBuf.length:8388608
2024-10-11 09:24:53,503 DEBUG [    o.s.blitz.repo.ManagedImportRequestI] (2-thread-6) Plane:27 X:0 Y:0 TileWidth:2048 TileHeight:2048 arrayBuf.length:8388608
2024-10-11 09:24:53,567 DEBUG [    o.s.blitz.repo.ManagedImportRequestI] (2-thread-6) Plane:28 X:0 Y:0 TileWidth:2048 TileHeight:2048 arrayBuf.length:8388608
2024-10-11 09:24:53,624 DEBUG [    o.s.blitz.repo.ManagedImportRequestI] (2-thread-6) Plane:29 X:0 Y:0 TileWidth:2048 TileHeight:2048 arrayBuf.length:8388608
2024-10-11 09:24:53,687 DEBUG [    o.s.blitz.repo.ManagedImportRequestI] (2-thread-6) Plane:30 X:0 Y:0 TileWidth:2048 TileHeight:2048 arrayBuf.length:8388608
2024-10-11 09:24:53,763 DEBUG [    o.s.blitz.repo.ManagedImportRequestI] (2-thread-6) Plane:31 X:0 Y:0 TileWidth:2048 TileHeight:2048 arrayBuf.length:8388608
2024-10-11 09:24:53,814 DEBUG [    o.s.blitz.repo.ManagedImportRequestI] (2-thread-6) Plane:32 X:0 Y:0 TileWidth:2048 TileHeight:2048 arrayBuf.length:8388608
2024-10-11 09:24:53,865 DEBUG [    o.s.blitz.repo.ManagedImportRequestI] (2-thread-6) Plane:33 X:0 Y:0 TileWidth:2048 TileHeight:2048 arrayBuf.length:8388608
2024-10-11 09:24:53,995 DEBUG [    o.s.blitz.repo.ManagedImportRequestI] (2-thread-6) Plane:34 X:0 Y:0 TileWidth:2048 TileHeight:2048 arrayBuf.length:8388608
2024-10-11 09:24:54,059 DEBUG [    o.s.blitz.repo.ManagedImportRequestI] (2-thread-6) Plane:35 X:0 Y:0 TileWidth:2048 TileHeight:2048 arrayBuf.length:8388608
2024-10-11 09:24:54,108 DEBUG [    o.s.blitz.repo.ManagedImportRequestI] (2-thread-6) Plane:36 X:0 Y:0 TileWidth:2048 TileHeight:2048 arrayBuf.length:8388608
2024-10-11 09:24:54,176 DEBUG [    o.s.blitz.repo.ManagedImportRequestI] (2-thread-6) Plane:37 X:0 Y:0 TileWidth:2048 TileHeight:2048 arrayBuf.length:8388608
2024-10-11 09:24:54,258 DEBUG [    o.s.blitz.repo.ManagedImportRequestI] (2-thread-6) Plane:38 X:0 Y:0 TileWidth:2048 TileHeight:2048 arrayBuf.length:8388608
2024-10-11 09:24:54,310 DEBUG [    o.s.blitz.repo.ManagedImportRequestI] (2-thread-6) Plane:39 X:0 Y:0 TileWidth:2048 TileHeight:2048 arrayBuf.length:8388608
2024-10-11 09:24:54,385 DEBUG [    o.s.blitz.repo.ManagedImportRequestI] (2-thread-6) Plane:40 X:0 Y:0 TileWidth:2048 TileHeight:2048 arrayBuf.length:8388608
2024-10-11 09:24:54,468 DEBUG [    o.s.blitz.repo.ManagedImportRequestI] (2-thread-6) Plane:41 X:0 Y:0 TileWidth:2048 TileHeight:2048 arrayBuf.length:8388608
2024-10-11 09:24:54,553 DEBUG [    o.s.blitz.repo.ManagedImportRequestI] (2-thread-6) Plane:42 X:0 Y:0 TileWidth:2048 TileHeight:2048 arrayBuf.length:8388608
2024-10-11 09:24:54,661 DEBUG [    o.s.blitz.repo.ManagedImportRequestI] (2-thread-6) Plane:43 X:0 Y:0 TileWidth:2048 TileHeight:2048 arrayBuf.length:8388608
2024-10-11 09:24:54,722 INFO  [    ome.security.basic.BasicEventContext] (.Server-13)  cctx:	group=0
2024-10-11 09:24:54,728 INFO  [         ome.security.basic.EventHandler] (.Server-13)  Auth:	user=0,group=0,event=27906(User),sess=83be404c-1957-46d4-a36b-f9feca68dcf3
2024-10-11 09:24:54,734 INFO  [                 org.perf4j.TimingLogger] (.Server-13) start[1728638694721] time[13] tag[omero.call.success.ome.services.blitz.impl.MetadataStoreI$7.doWork]
2024-10-11 09:24:54,739 INFO  [    ome.security.basic.BasicEventContext] (.Server-15)  cctx:	group=0
2024-10-11 09:24:54,776 INFO  [         ome.security.basic.EventHandler] (.Server-15)  Auth:	user=0,group=0,event=27907(User),sess=83be404c-1957-46d4-a36b-f9feca68dcf3
2024-10-11 09:24:55,037 INFO  [       ome.security.basic.CurrentDetails] (.Server-15) Adding log:UPDATE,class ome.model.core.Pixels,202
2024-10-11 09:24:55,046 INFO  [                 org.perf4j.TimingLogger] (.Server-15) start[1728638694738] time[308] tag[omero.call.success.ome.logic.UpdateImpl.saveArray]
2024-10-11 09:24:55,048 INFO  [    ome.security.basic.BasicEventContext] (l.Server-4)  cctx:	group=0
2024-10-11 09:24:55,055 INFO  [         ome.security.basic.EventHandler] (l.Server-4)  Auth:	user=0,group=0,event=27911(User),sess=83be404c-1957-46d4-a36b-f9feca68dcf3
2024-10-11 09:24:55,099 INFO  [                 org.perf4j.TimingLogger] (l.Server-4) start[1728638695047] time[51] tag[omero.call.success.ome.services.blitz.impl.MetadataStoreI$2.doWork]
2024-10-11 09:24:55,099 INFO  [                 org.perf4j.TimingLogger] (2-thread-6) start[1728638691425] time[3673] tag[omero.import.request.pixels]
2024-10-11 09:24:55,100 INFO  [    ome.security.basic.BasicEventContext] (.Server-12)  cctx:	group=0
2024-10-11 09:24:55,102 INFO  [         ome.security.basic.EventHandler] (.Server-12)  Auth:	user=0,group=0,event=null(User),sess=83be404c-1957-46d4-a36b-f9feca68dcf3
2024-10-11 09:24:55,105 INFO  [                 org.perf4j.TimingLogger] (.Server-12) start[1728638695100] time[5] tag[omero.call.success.ome.logic.QueryImpl.get]
2024-10-11 09:24:55,106 INFO  [    ome.security.basic.BasicEventContext] (.Server-15)  cctx:	group=0
2024-10-11 09:24:55,112 INFO  [         ome.security.basic.EventHandler] (.Server-15)  Auth:	user=0,group=0,event=27914(User),sess=83be404c-1957-46d4-a36b-f9feca68dcf3
2024-10-11 09:24:55,119 INFO  [       ome.security.basic.CurrentDetails] (.Server-15) Adding log:UPDATE,class ome.model.core.OriginalFile,3043
2024-10-11 09:24:55,126 INFO  [                 org.perf4j.TimingLogger] (.Server-15) start[1728638695106] time[20] tag[omero.call.success.ome.logic.UpdateImpl.saveObject]
2024-10-11 09:24:55,127 INFO  [                 org.perf4j.TimingLogger] (2-thread-6) start[1728638691425] time[3702] tag[omero.import.request.step]
2024-10-11 09:24:55,127 DEBUG [    o.s.blitz.repo.ManagedImportRequestI] (2-thread-6) Step 2
2024-10-11 09:24:55,145 INFO  [    ome.security.basic.BasicEventContext] (.Server-10)  cctx:	group=0
2024-10-11 09:24:55,152 INFO  [         ome.security.basic.EventHandler] (.Server-10)  Auth:	user=0,group=0,event=27916(User),sess=83be404c-1957-46d4-a36b-f9feca68dcf3
2024-10-11 09:24:55,167 INFO  [                 org.perf4j.TimingLogger] (.Server-10) start[1728638695152] time[14] tag[omero.loadPixels]
2024-10-11 09:24:55,184 INFO  [                 org.perf4j.TimingLogger] (.Server-10) start[1728638695172] time[11] tag[omero.loadRenderingSettingsByUser]
2024-10-11 09:24:55,209 DEBUG [                   loci.formats.Memoizer] (.Server-10) start[1728638695192] time[17] tag[loci.formats.Memoizer.loadMemo]
2024-10-11 09:24:55,240 INFO  [                loci.formats.ImageReader] (.Server-10) IonpathMIBITiffReader initializing /OMERO/ManagedRepository/root_0/2024-10/11/09-24-49.999/TA459_multipleCores2_Run-4_Point22.tiff
2024-10-11 09:24:55,241 INFO  [       loci.formats.in.MinimalTiffReader] (.Server-10) Reading IFDs
2024-10-11 09:24:55,249 INFO  [       loci.formats.in.MinimalTiffReader] (.Server-10) Populating metadata
2024-10-11 09:24:55,257 INFO  [          loci.formats.in.BaseTiffReader] (.Server-10) Populating OME metadata
2024-10-11 09:24:55,270 DEBUG [                   loci.formats.Memoizer] (.Server-10) saved to temp file: /OMERO/BioFormatsCache/OMERO/ManagedRepository/root_0/2024-10/11/09-24-49.999/.TA459_multipleCores2_Run-4_Point22.tiff.bfmemo6112758526812996263
2024-10-11 09:24:55,271 DEBUG [                   loci.formats.Memoizer] (.Server-10) start[1728638695263] time[7] tag[loci.formats.Memoizer.saveMemo]
2024-10-11 09:24:55,271 DEBUG [                   loci.formats.Memoizer] (.Server-10) saved memo file: /OMERO/BioFormatsCache/OMERO/ManagedRepository/root_0/2024-10/11/09-24-49.999/.TA459_multipleCores2_Run-4_Point22.tiff.bfmemo (50723 bytes)
2024-10-11 09:24:55,271 DEBUG [                   loci.formats.Memoizer] (.Server-10) start[1728638695192] time[79] tag[loci.formats.Memoizer.setId]
2024-10-11 09:24:55,332 INFO  [       ome.security.basic.CurrentDetails] (.Server-10) Adding log:INSERT,class ome.model.display.QuantumDef,202
2024-10-11 09:24:55,334 INFO  [       ome.security.basic.CurrentDetails] (.Server-10) Adding log:INSERT,class ome.model.display.RenderingDef,202
2024-10-11 09:24:55,337 INFO  [       ome.security.basic.CurrentDetails] (.Server-10) Adding log:INSERT,class ome.model.display.ChannelBinding,595
2024-10-11 09:24:55,338 INFO  [       ome.security.basic.CurrentDetails] (.Server-10) Adding log:INSERT,class ome.model.display.ChannelBinding,596
2024-10-11 09:24:55,339 INFO  [       ome.security.basic.CurrentDetails] (.Server-10) Adding log:INSERT,class ome.model.display.ChannelBinding,597
2024-10-11 09:24:55,340 INFO  [       ome.security.basic.CurrentDetails] (.Server-10) Adding log:INSERT,class ome.model.display.ChannelBinding,598
2024-10-11 09:24:55,341 INFO  [       ome.security.basic.CurrentDetails] (.Server-10) Adding log:INSERT,class ome.model.display.ChannelBinding,599
2024-10-11 09:24:55,341 INFO  [       ome.security.basic.CurrentDetails] (.Server-10) Adding log:INSERT,class ome.model.display.ChannelBinding,600
2024-10-11 09:24:55,342 INFO  [       ome.security.basic.CurrentDetails] (.Server-10) Adding log:INSERT,class ome.model.display.ChannelBinding,601
2024-10-11 09:24:55,345 INFO  [       ome.security.basic.CurrentDetails] (.Server-10) Adding log:INSERT,class ome.model.display.ChannelBinding,602
2024-10-11 09:24:55,347 INFO  [       ome.security.basic.CurrentDetails] (.Server-10) Adding log:INSERT,class ome.model.display.ChannelBinding,603
2024-10-11 09:24:55,348 INFO  [       ome.security.basic.CurrentDetails] (.Server-10) Adding log:INSERT,class ome.model.display.ChannelBinding,604
2024-10-11 09:24:55,348 INFO  [       ome.security.basic.CurrentDetails] (.Server-10) Adding log:INSERT,class ome.model.display.ChannelBinding,605
2024-10-11 09:24:55,349 INFO  [       ome.security.basic.CurrentDetails] (.Server-10) Adding log:INSERT,class ome.model.display.ChannelBinding,606
2024-10-11 09:24:55,349 INFO  [       ome.security.basic.CurrentDetails] (.Server-10) Adding log:INSERT,class ome.model.display.ChannelBinding,607
2024-10-11 09:24:55,350 INFO  [       ome.security.basic.CurrentDetails] (.Server-10) Adding log:INSERT,class ome.model.display.ChannelBinding,608
2024-10-11 09:24:55,350 INFO  [       ome.security.basic.CurrentDetails] (.Server-10) Adding log:INSERT,class ome.model.display.ChannelBinding,609
2024-10-11 09:24:55,351 INFO  [       ome.security.basic.CurrentDetails] (.Server-10) Adding log:INSERT,class ome.model.display.ChannelBinding,610
2024-10-11 09:24:55,351 INFO  [       ome.security.basic.CurrentDetails] (.Server-10) Adding log:INSERT,class ome.model.display.ChannelBinding,611
2024-10-11 09:24:55,351 INFO  [       ome.security.basic.CurrentDetails] (.Server-10) Adding log:INSERT,class ome.model.display.ChannelBinding,612
2024-10-11 09:24:55,352 INFO  [       ome.security.basic.CurrentDetails] (.Server-10) Adding log:INSERT,class ome.model.display.ChannelBinding,613
2024-10-11 09:24:55,352 INFO  [       ome.security.basic.CurrentDetails] (.Server-10) Adding log:INSERT,class ome.model.display.ChannelBinding,614
2024-10-11 09:24:55,352 INFO  [       ome.security.basic.CurrentDetails] (.Server-10) Adding log:INSERT,class ome.model.display.ChannelBinding,615
2024-10-11 09:24:55,353 INFO  [       ome.security.basic.CurrentDetails] (.Server-10) Adding log:INSERT,class ome.model.display.ChannelBinding,616
2024-10-11 09:24:55,353 INFO  [       ome.security.basic.CurrentDetails] (.Server-10) Adding log:INSERT,class ome.model.display.ChannelBinding,617
2024-10-11 09:24:55,353 INFO  [       ome.security.basic.CurrentDetails] (.Server-10) Adding log:INSERT,class ome.model.display.ChannelBinding,618
2024-10-11 09:24:55,353 INFO  [       ome.security.basic.CurrentDetails] (.Server-10) Adding log:INSERT,class ome.model.display.ChannelBinding,619
2024-10-11 09:24:55,354 INFO  [       ome.security.basic.CurrentDetails] (.Server-10) Adding log:INSERT,class ome.model.display.ChannelBinding,620
2024-10-11 09:24:55,354 INFO  [       ome.security.basic.CurrentDetails] (.Server-10) Adding log:INSERT,class ome.model.display.ChannelBinding,621
2024-10-11 09:24:55,354 INFO  [       ome.security.basic.CurrentDetails] (.Server-10) Adding log:INSERT,class ome.model.display.ChannelBinding,622
2024-10-11 09:24:55,355 INFO  [       ome.security.basic.CurrentDetails] (.Server-10) Adding log:INSERT,class ome.model.display.ChannelBinding,623
2024-10-11 09:24:55,355 INFO  [       ome.security.basic.CurrentDetails] (.Server-10) Adding log:INSERT,class ome.model.display.ChannelBinding,624
2024-10-11 09:24:55,355 INFO  [       ome.security.basic.CurrentDetails] (.Server-10) Adding log:INSERT,class ome.model.display.ChannelBinding,625
2024-10-11 09:24:55,355 INFO  [       ome.security.basic.CurrentDetails] (.Server-10) Adding log:INSERT,class ome.model.display.ChannelBinding,626
2024-10-11 09:24:55,356 INFO  [       ome.security.basic.CurrentDetails] (.Server-10) Adding log:INSERT,class ome.model.display.ChannelBinding,627
2024-10-11 09:24:55,356 INFO  [       ome.security.basic.CurrentDetails] (.Server-10) Adding log:INSERT,class ome.model.display.ChannelBinding,628
2024-10-11 09:24:55,356 INFO  [       ome.security.basic.CurrentDetails] (.Server-10) Adding log:INSERT,class ome.model.display.ChannelBinding,629
2024-10-11 09:24:55,357 INFO  [       ome.security.basic.CurrentDetails] (.Server-10) Adding log:INSERT,class ome.model.display.ChannelBinding,630
2024-10-11 09:24:55,357 INFO  [       ome.security.basic.CurrentDetails] (.Server-10) Adding log:INSERT,class ome.model.display.ChannelBinding,631
2024-10-11 09:24:55,357 INFO  [       ome.security.basic.CurrentDetails] (.Server-10) Adding log:INSERT,class ome.model.display.ChannelBinding,632
2024-10-11 09:24:55,358 INFO  [       ome.security.basic.CurrentDetails] (.Server-10) Adding log:INSERT,class ome.model.display.ChannelBinding,633
2024-10-11 09:24:55,358 INFO  [       ome.security.basic.CurrentDetails] (.Server-10) Adding log:INSERT,class ome.model.display.ChannelBinding,634
2024-10-11 09:24:55,358 INFO  [       ome.security.basic.CurrentDetails] (.Server-10) Adding log:INSERT,class ome.model.display.ChannelBinding,635
2024-10-11 09:24:55,359 INFO  [       ome.security.basic.CurrentDetails] (.Server-10) Adding log:INSERT,class ome.model.display.ChannelBinding,636
2024-10-11 09:24:55,359 INFO  [       ome.security.basic.CurrentDetails] (.Server-10) Adding log:INSERT,class ome.model.display.ChannelBinding,637
2024-10-11 09:24:55,359 INFO  [       ome.security.basic.CurrentDetails] (.Server-10) Adding log:INSERT,class ome.model.display.ChannelBinding,638
2024-10-11 09:24:55,376 INFO  [                 org.perf4j.TimingLogger] (.Server-10) start[1728638695314] time[61] tag[omero.resetDefaultsInSet.saveAndReturn]
2024-10-11 09:24:55,376 INFO  [                 org.perf4j.TimingLogger] (.Server-10) start[1728638695152] time[223] tag[omero.resetDefaultsInSet]
2024-10-11 09:24:55,385 INFO  [                 org.perf4j.TimingLogger] (.Server-10) start[1728638695129] time[256] tag[omero.call.success.ome.logic.RenderingSettingsImpl.resetDefaultsInSet]
2024-10-11 09:24:55,386 INFO  [    ome.security.basic.BasicEventContext] (l.Server-9)  cctx:	group=0
2024-10-11 09:24:55,390 INFO  [         ome.security.basic.EventHandler] (l.Server-9)  Auth:	user=0,group=0,event=27921(User),sess=83be404c-1957-46d4-a36b-f9feca68dcf3
2024-10-11 09:24:55,393 INFO  [                 org.perf4j.TimingLogger] (l.Server-9) start[1728638695390] time[2] tag[omero.bulkLoadRenderingSettings]
2024-10-11 09:24:55,393 INFO  [                 org.perf4j.TimingLogger] (l.Server-9) start[1728638695393] time[0] tag[omero.createAndPrepareMissingRenderingSettings]
2024-10-11 09:24:55,397 INFO  [                 org.perf4j.TimingLogger] (l.Server-9) start[1728638695394] time[3] tag[omero.bulkLoadMetadata]
2024-10-11 09:24:55,398 INFO  [                 org.perf4j.TimingLogger] (l.Server-9) start[1728638695394] time[4] tag[omero.loadMetadataByDimensionPool]
2024-10-11 09:24:55,401 INFO  [       ome.security.basic.CurrentDetails] (l.Server-9) Adding log:INSERT,class ome.model.display.Thumbnail,202
2024-10-11 09:24:55,403 INFO  [                 org.perf4j.TimingLogger] (l.Server-9) start[1728638695402] time[0] tag[omero.bulkLoadMetadata]
2024-10-11 09:24:55,403 INFO  [                 org.perf4j.TimingLogger] (l.Server-9) start[1728638695402] time[1] tag[omero.loadMetadataByDimensionPool]
2024-10-11 09:24:55,403 INFO  [                 org.perf4j.TimingLogger] (l.Server-9) start[1728638695398] time[4] tag[omero.createMissingThumbnailMetadata]
2024-10-11 09:24:55,404 INFO  [    ome.security.basic.BasicEventContext] (l.Server-9)  cctx:	group=0
2024-10-11 09:24:55,407 INFO  [         ome.security.basic.EventHandler] (l.Server-9)  Auth:	user=0,group=0,event=27923(User),sess=83be404c-1957-46d4-a36b-f9feca68dcf3
2024-10-11 09:24:55,409 INFO  [                 org.perf4j.TimingLogger] (l.Server-9) start[1728638695409] time[0] tag[omero._createThumbnail(thumbMetaData)]
2024-10-11 09:24:55,438 DEBUG [                   loci.formats.Memoizer] (l.Server-9) loaded memo file: /OMERO/BioFormatsCache/OMERO/ManagedRepository/root_0/2024-10/11/09-24-49.999/.TA459_multipleCores2_Run-4_Point22.tiff.bfmemo (50723 bytes)
2024-10-11 09:24:55,438 DEBUG [                   loci.formats.Memoizer] (l.Server-9) start[1728638695426] time[11] tag[loci.formats.Memoizer.loadMemo]
2024-10-11 09:24:55,439 DEBUG [                   loci.formats.Memoizer] (l.Server-9) start[1728638695426] time[12] tag[loci.formats.Memoizer.setId]
2024-10-11 09:24:55,643 INFO  [       ome.logic.JavaImageScalingService] (l.Server-9) Scaling to: 96x96
2024-10-11 09:24:55,669 INFO  [                 org.perf4j.TimingLogger] (l.Server-9) start[1728638695643] time[25] tag[java-image-scaling.resampleOp]
2024-10-11 09:24:55,671 INFO  [                 org.perf4j.TimingLogger] (l.Server-9) start[1728638695409] time[262] tag[omero._createThumbnail]
2024-10-11 09:24:55,677 INFO  [                 org.perf4j.TimingLogger] (l.Server-9) start[1728638695386] time[291] tag[omero.call.success.ome.services.ThumbnailBean.createThumbnailsByLongestSideSet]
2024-10-11 09:24:55,678 INFO  [                 org.perf4j.TimingLogger] (2-thread-6) start[1728638695127] time[550] tag[omero.import.request.thumbs]
2024-10-11 09:24:55,679 INFO  [    ome.security.basic.BasicEventContext] (.Server-14)  cctx:	group=0
2024-10-11 09:24:55,680 INFO  [         ome.security.basic.EventHandler] (.Server-14)  Auth:	user=0,group=0,event=null(User),sess=83be404c-1957-46d4-a36b-f9feca68dcf3
2024-10-11 09:24:55,682 INFO  [                 org.perf4j.TimingLogger] (.Server-14) start[1728638695678] time[3] tag[omero.call.success.ome.logic.QueryImpl.get]
2024-10-11 09:24:55,684 INFO  [    ome.security.basic.BasicEventContext] (.Server-11)  cctx:	group=0
2024-10-11 09:24:55,689 INFO  [         ome.security.basic.EventHandler] (.Server-11)  Auth:	user=0,group=0,event=27934(User),sess=83be404c-1957-46d4-a36b-f9feca68dcf3
2024-10-11 09:24:55,692 INFO  [       ome.security.basic.CurrentDetails] (.Server-11) Adding log:UPDATE,class ome.model.core.OriginalFile,3043
2024-10-11 09:24:55,697 INFO  [                 org.perf4j.TimingLogger] (.Server-11) start[1728638695683] time[13] tag[omero.call.success.ome.logic.UpdateImpl.saveObject]
2024-10-11 09:24:55,697 INFO  [                 org.perf4j.TimingLogger] (2-thread-6) start[1728638695127] time[569] tag[omero.import.request.step]
2024-10-11 09:24:55,698 DEBUG [    o.s.blitz.repo.ManagedImportRequestI] (2-thread-6) Step 3
2024-10-11 09:24:55,699 INFO  [    ome.security.basic.BasicEventContext] (.Server-13)  cctx:	group=0
2024-10-11 09:24:55,701 INFO  [         ome.security.basic.EventHandler] (.Server-13)  Auth:	user=0,group=0,event=null(User),sess=83be404c-1957-46d4-a36b-f9feca68dcf3
2024-10-11 09:24:55,705 INFO  [                 org.perf4j.TimingLogger] (.Server-13) start[1728638695698] time[6] tag[omero.call.success.ome.services.blitz.impl.MetadataStoreI$6.doWork]
2024-10-11 09:24:55,707 INFO  [    ome.security.basic.BasicEventContext] (l.Server-4)  cctx:	group=0
2024-10-11 09:24:55,711 INFO  [         ome.security.basic.EventHandler] (l.Server-4)  Auth:	user=0,group=0,event=null(User),sess=83be404c-1957-46d4-a36b-f9feca68dcf3
2024-10-11 09:24:55,714 INFO  [                 org.perf4j.TimingLogger] (l.Server-4) start[1728638695706] time[7] tag[omero.call.success.ome.logic.QueryImpl.get]
2024-10-11 09:24:55,716 INFO  [    ome.security.basic.BasicEventContext] (.Server-12)  cctx:	group=0
2024-10-11 09:24:55,723 INFO  [         ome.security.basic.EventHandler] (.Server-12)  Auth:	user=0,group=0,event=27935(User),sess=83be404c-1957-46d4-a36b-f9feca68dcf3
2024-10-11 09:24:55,727 INFO  [       ome.security.basic.CurrentDetails] (.Server-12) Adding log:UPDATE,class ome.model.core.OriginalFile,3043
2024-10-11 09:24:55,732 INFO  [                 org.perf4j.TimingLogger] (.Server-12) start[1728638695715] time[16] tag[omero.call.success.ome.logic.UpdateImpl.saveObject]
2024-10-11 09:24:55,733 INFO  [                 org.perf4j.TimingLogger] (2-thread-6) start[1728638695698] time[35] tag[omero.import.request.step]
2024-10-11 09:24:55,733 DEBUG [    o.s.blitz.repo.ManagedImportRequestI] (2-thread-6) Step 4
2024-10-11 09:24:55,735 INFO  [    ome.security.basic.BasicEventContext] (l.Server-9)  cctx:	group=0
2024-10-11 09:24:55,736 INFO  [         ome.security.basic.EventHandler] (l.Server-9)  Auth:	user=0,group=0,event=null(User),sess=83be404c-1957-46d4-a36b-f9feca68dcf3
2024-10-11 09:24:55,738 INFO  [                 org.perf4j.TimingLogger] (l.Server-9) start[1728638695734] time[3] tag[omero.call.success.ome.logic.QueryImpl.get]
2024-10-11 09:24:55,739 INFO  [    ome.security.basic.BasicEventContext] (.Server-15)  cctx:	group=0
2024-10-11 09:24:55,744 INFO  [         ome.security.basic.EventHandler] (.Server-15)  Auth:	user=0,group=0,event=27936(User),sess=83be404c-1957-46d4-a36b-f9feca68dcf3
2024-10-11 09:24:55,746 INFO  [       ome.security.basic.CurrentDetails] (.Server-15) Adding log:UPDATE,class ome.model.core.OriginalFile,3043
2024-10-11 09:24:55,752 INFO  [                 org.perf4j.TimingLogger] (.Server-15) start[1728638695739] time[13] tag[omero.call.success.ome.logic.UpdateImpl.saveObject]
2024-10-11 09:24:55,752 INFO  [                 org.perf4j.TimingLogger] (2-thread-6) start[1728638695733] time[18] tag[omero.import.request.step]
2024-10-11 09:24:55,760 INFO  [    ome.security.basic.BasicEventContext] (.Server-14)  cctx:	group=0
2024-10-11 09:24:55,781 INFO  [         ome.security.basic.EventHandler] (.Server-14)  Auth:	user=0,group=0,event=27937(User),sess=83be404c-1957-46d4-a36b-f9feca68dcf3
2024-10-11 09:24:55,787 INFO  [                 org.perf4j.TimingLogger] (.Server-14) start[1728638695759] time[27] tag[omero.call.success.ome.services.RawFileBean.close]
2024-10-11 09:24:55,787 DEBUG [                omero.util.ServantHolder] (.Server-14) Removed omero.api._RawFileStoreTie@24175f30 from omero.util.ServantHolder@149b3864 as 00668fca-91ab-48bc-9e44-eb21f56b3e27omero.api.RawFileStore
2024-10-11 09:24:55,787 INFO  [                      omero.cmd.SessionI] (.Server-14) Unregistered servant:83be404c-1957-46d4-a36b-f9feca68dcf3/00668fca-91ab-48bc-9e44-eb21f56b3e27omero.api.RawFileStore(omero.api._RawFileStoreTie@24175f30)
2024-10-11 09:24:55,791 INFO  [    ome.security.basic.BasicEventContext] (l.Server-4)  cctx:	group=0
2024-10-11 09:24:55,795 INFO  [         ome.security.basic.EventHandler] (l.Server-4)  Auth:	user=0,group=0,event=27939(User),sess=83be404c-1957-46d4-a36b-f9feca68dcf3
2024-10-11 09:24:55,799 INFO  [                 org.perf4j.TimingLogger] (l.Server-4) start[1728638695789] time[9] tag[omero.call.success.ome.services.RawPixelsBean.close]
2024-10-11 09:24:55,799 DEBUG [                omero.util.ServantHolder] (l.Server-4) Removed omero.api._RawPixelsStoreTie@254825de from omero.util.ServantHolder@149b3864 as 840f3513-9597-4abd-a35c-2e86ab9421b7omero.api.RawPixelsStore
2024-10-11 09:24:55,799 INFO  [                      omero.cmd.SessionI] (l.Server-4) Unregistered servant:83be404c-1957-46d4-a36b-f9feca68dcf3/840f3513-9597-4abd-a35c-2e86ab9421b7omero.api.RawPixelsStore(omero.api._RawPixelsStoreTie@254825de)
2024-10-11 09:24:55,800 INFO  [    ome.security.basic.BasicEventContext] (l.Server-9)  cctx:	group=0
2024-10-11 09:24:55,802 INFO  [         ome.security.basic.EventHandler] (l.Server-9)  Auth:	user=0,group=0,event=null(User),sess=83be404c-1957-46d4-a36b-f9feca68dcf3
2024-10-11 09:24:55,802 INFO  [                 org.perf4j.TimingLogger] (l.Server-9) start[1728638695799] time[2] tag[omero.call.success.ome.services.ThumbnailBean.close]
2024-10-11 09:24:55,802 DEBUG [                omero.util.ServantHolder] (l.Server-9) Removed omero.api._ThumbnailStoreTie@87dbc4ef from omero.util.ServantHolder@149b3864 as 3948f3aa-35ab-4cc4-95d7-bafbdd56684bomero.api.ThumbnailStore
2024-10-11 09:24:55,802 INFO  [                      omero.cmd.SessionI] (l.Server-9) Unregistered servant:83be404c-1957-46d4-a36b-f9feca68dcf3/3948f3aa-35ab-4cc4-95d7-bafbdd56684bomero.api.ThumbnailStore(omero.api._ThumbnailStoreTie@87dbc4ef)
2024-10-11 09:24:55,803 DEBUG [                omero.util.ServantHolder] (.Server-10) Removed omero.api._MetadataStoreTie@3e7b51dc from omero.util.ServantHolder@149b3864 as 905cb0b6-4785-4466-b915-613b2d866aa6omero.api.MetadataStore
2024-10-11 09:24:55,803 INFO  [                      omero.cmd.SessionI] (.Server-10) Unregistered servant:83be404c-1957-46d4-a36b-f9feca68dcf3/905cb0b6-4785-4466-b915-613b2d866aa6omero.api.MetadataStore(omero.api._MetadataStoreTie@3e7b51dc)
2024-10-11 09:24:55,803 INFO  [    o.s.blitz.repo.ManagedImportRequestI] (2-thread-6) Cleaning up import.
2024-10-11 09:24:55,808 INFO  [         ome.security.basic.EventHandler] (.Server-14)  Auth:	user=0,group=0,event=null(User),sess=83be404c-1957-46d4-a36b-f9feca68dcf3
2024-10-11 09:24:55,809 INFO  [                 org.perf4j.TimingLogger] (.Server-14) start[1728638695806] time[2] tag[omero.call.success.ome.logic.QueryImpl.get]
2024-10-11 09:24:55,820 INFO  [         ome.security.basic.EventHandler] (.Server-13)  Auth:	user=0,group=0,event=27941(User),sess=83be404c-1957-46d4-a36b-f9feca68dcf3
2024-10-11 09:24:55,823 INFO  [       ome.security.basic.CurrentDetails] (.Server-13) Adding log:UPDATE,class ome.model.core.OriginalFile,3043
2024-10-11 09:24:55,830 INFO  [                 org.perf4j.TimingLogger] (.Server-13) start[1728638695812] time[17] tag[omero.call.success.ome.logic.UpdateImpl.saveObject]
