2024-10-11 09:25:06,299 INFO  [                 org.perf4j.TimingLogger] (.Server-12) start[1728638706284] time[14] tag[omero.import.process.init]
2024-10-11 09:25:06,307 INFO  [         ome.security.basic.EventHandler] (.Server-12)  Auth:	user=0,group=0,event=28180(User),sess=83be404c-1957-46d4-a36b-f9feca68dcf3
2024-10-11 09:25:06,310 INFO  [       ome.security.basic.CurrentDetails] (.Server-12) Adding log:INSERT,class ome.model.jobs.UploadJob,3113
2024-10-11 09:25:06,311 INFO  [       ome.security.basic.CurrentDetails] (.Server-12) Adding log:INSERT,class ome.model.jobs.JobOriginalFileLink,4890
2024-10-11 09:25:06,325 INFO  [       ome.security.basic.CurrentDetails] (.Server-12) Adding log:INSERT,class ome.model.jobs.MetadataImportJob,3114
2024-10-11 09:25:06,338 INFO  [       ome.security.basic.CurrentDetails] (.Server-12) Adding log:INSERT,class ome.model.jobs.PixelDataJob,3115
2024-10-11 09:25:06,347 INFO  [       ome.security.basic.CurrentDetails] (.Server-12) Adding log:INSERT,class ome.model.jobs.ThumbnailGenerationJob,3116
2024-10-11 09:25:06,355 INFO  [       ome.security.basic.CurrentDetails] (.Server-12) Adding log:INSERT,class ome.model.jobs.IndexingJob,3117
2024-10-11 09:25:06,362 INFO  [                 org.perf4j.TimingLogger] (.Server-12) start[1728638706361] time[0] tag[omero.repo.internal_register.find_repo_files]
2024-10-11 09:25:06,366 INFO  [       ome.security.basic.CurrentDetails] (.Server-12) Adding log:INSERT,class ome.model.core.OriginalFile,3086
2024-10-11 09:25:06,366 INFO  [                 org.perf4j.TimingLogger] (.Server-12) start[1728638706363] time[3] tag[omero.repo.create_original_file.save]
2024-10-11 09:25:06,366 INFO  [                 org.perf4j.TimingLogger] (.Server-12) start[1728638706366] time[0] tag[omero.repo.create_original_file.internal_mkdir]
2024-10-11 09:25:06,366 INFO  [                 org.perf4j.TimingLogger] (.Server-12) start[1728638706366] time[0] tag[omero.repo.internal_register.load]
2024-10-11 09:25:06,367 INFO  [                 org.perf4j.TimingLogger] (.Server-12) start[1728638706367] time[0] tag[omero.repo.internal_register.sort]
2024-10-11 09:25:06,367 INFO  [                 org.perf4j.TimingLogger] (.Server-12) start[1728638706361] time[5] tag[omero.repo.save_fileset.register]
2024-10-11 09:25:06,367 INFO  [                 org.perf4j.TimingLogger] (.Server-12) start[1728638706367] time[0] tag[omero.repo.save_fileset.update_fileset_entries]
2024-10-11 09:25:06,369 INFO  [       ome.security.basic.CurrentDetails] (.Server-12) Adding log:INSERT,class ome.model.fs.Fileset,216
2024-10-11 09:25:06,370 INFO  [       ome.security.basic.CurrentDetails] (.Server-12) Adding log:INSERT,class ome.model.fs.FilesetJobLink,276
2024-10-11 09:25:06,371 INFO  [       ome.security.basic.CurrentDetails] (.Server-12) Adding log:INSERT,class ome.model.fs.FilesetJobLink,277
2024-10-11 09:25:06,371 INFO  [       ome.security.basic.CurrentDetails] (.Server-12) Adding log:INSERT,class ome.model.fs.FilesetJobLink,278
2024-10-11 09:25:06,371 INFO  [       ome.security.basic.CurrentDetails] (.Server-12) Adding log:INSERT,class ome.model.fs.FilesetJobLink,279
2024-10-11 09:25:06,372 INFO  [       ome.security.basic.CurrentDetails] (.Server-12) Adding log:INSERT,class ome.model.fs.FilesetJobLink,280
2024-10-11 09:25:06,373 INFO  [       ome.security.basic.CurrentDetails] (.Server-12) Adding log:INSERT,class ome.model.fs.FilesetEntry,216
2024-10-11 09:25:06,377 INFO  [                 org.perf4j.TimingLogger] (.Server-12) start[1728638706367] time[10] tag[omero.repo.save_fileset.save]
2024-10-11 09:25:06,383 INFO  [                 org.perf4j.TimingLogger] (.Server-12) start[1728638706301] time[82] tag[omero.call.success.ome.services.blitz.repo.RepositoryDaoImpl$8.doWork]
2024-10-11 09:25:06,385 INFO  [                 org.perf4j.TimingLogger] (.Server-12) start[1728638706301] time[84] tag[omero.repo.save_fileset]
2024-10-11 09:25:06,386 INFO  [                      omero.cmd.SessionI] (.Server-12) Added servant to adapter: 83be404c-1957-46d4-a36b-f9feca68dcf3/d18c55e5-8f51-435b-bc91-d989961de291-ManagedImportProcessI(omero.grid._ImportProcessTie@797de4e3)
2024-10-11 09:25:06,386 DEBUG [                omero.util.ServantHolder] (.Server-12) Added omero.grid._ImportProcessTie@797de4e3 to omero.util.ServantHolder@149b3864 as d18c55e5-8f51-435b-bc91-d989961de291-ManagedImportProcessI
2024-10-11 09:25:06,386 INFO  [                 org.perf4j.TimingLogger] (.Server-12) start[1728638706301] time[85] tag[omero.import.process.create]
2024-10-11 09:25:06,397 INFO  [         ome.security.basic.EventHandler] (.Server-14)  Auth:	user=0,group=0,event=null(User),sess=83be404c-1957-46d4-a36b-f9feca68dcf3
2024-10-11 09:25:06,401 INFO  [                 org.perf4j.TimingLogger] (.Server-14) start[1728638706393] time[7] tag[omero.call.success.ome.services.blitz.repo.RepositoryDaoImpl$2.doWork]
2024-10-11 09:25:06,408 INFO  [         ome.security.basic.EventHandler] (.Server-14)  Auth:	user=0,group=0,event=null(User),sess=83be404c-1957-46d4-a36b-f9feca68dcf3
2024-10-11 09:25:06,410 INFO  [                 org.perf4j.TimingLogger] (.Server-14) start[1728638706401] time[8] tag[omero.call.success.ome.services.blitz.repo.RepositoryDaoImpl$4.doWork]
2024-10-11 09:25:06,414 INFO  [         ome.security.basic.EventHandler] (.Server-14)  Auth:	user=0,group=0,event=null(User),sess=83be404c-1957-46d4-a36b-f9feca68dcf3
2024-10-11 09:25:06,417 INFO  [                 org.perf4j.TimingLogger] (.Server-14) start[1728638706412] time[5] tag[omero.call.success.ome.services.blitz.repo.RepositoryDaoImpl$6.doWork]
2024-10-11 09:25:06,419 INFO  [    ome.security.basic.BasicEventContext] (.Server-14)  cctx:	group=0
2024-10-11 09:25:06,426 INFO  [         ome.security.basic.EventHandler] (.Server-14)  Auth:	user=0,group=0,event=null(User),sess=83be404c-1957-46d4-a36b-f9feca68dcf3
2024-10-11 09:25:06,428 INFO  [                 org.perf4j.TimingLogger] (.Server-14) start[1728638706418] time[10] tag[omero.call.success.ome.services.blitz.repo.RepositoryDaoImpl$1.doWork]
2024-10-11 09:25:06,428 INFO  [                      omero.cmd.SessionI] (.Server-14) Added servant to adapter: 83be404c-1957-46d4-a36b-f9feca68dcf3/76757014-d013-42e2-9f9f-9894c2ad4ec5-RepoRawFileStoreI(omero.api._RawFileStoreTie@6170b3e4)
2024-10-11 09:25:06,428 DEBUG [                omero.util.ServantHolder] (.Server-14) Added omero.api._RawFileStoreTie@6170b3e4 to omero.util.ServantHolder@149b3864 as 76757014-d013-42e2-9f9f-9894c2ad4ec5-RepoRawFileStoreI
2024-10-11 09:25:06,428 INFO  [                 org.perf4j.TimingLogger] (.Server-14) start[1728638706393] time[35] tag[omero.import.process.opener]
2024-10-11 09:25:06,429 INFO  [                 org.perf4j.TimingLogger] (.Server-14) start[1728638706393] time[35] tag[omero.import.process.uploader]
2024-10-11 09:25:06,433 INFO  [         ome.security.basic.EventHandler] (.Server-11)  Auth:	user=0,group=0,event=null(User),sess=83be404c-1957-46d4-a36b-f9feca68dcf3
2024-10-11 09:25:06,434 INFO  [                 org.perf4j.TimingLogger] (.Server-11) start[1728638706432] time[1] tag[omero.call.success.ome.services.RawFileBean.write]
2024-10-11 09:25:06,498 INFO  [         ome.security.basic.EventHandler] (.Server-12)  Auth:	user=0,group=0,event=null(User),sess=83be404c-1957-46d4-a36b-f9feca68dcf3
2024-10-11 09:25:06,505 INFO  [                 org.perf4j.TimingLogger] (.Server-12) start[1728638706496] time[9] tag[omero.call.success.ome.services.RawFileBean.write]
2024-10-11 09:25:06,549 INFO  [         ome.security.basic.EventHandler] (l.Server-9)  Auth:	user=0,group=0,event=null(User),sess=83be404c-1957-46d4-a36b-f9feca68dcf3
2024-10-11 09:25:06,555 INFO  [                 org.perf4j.TimingLogger] (l.Server-9) start[1728638706548] time[6] tag[omero.call.success.ome.services.RawFileBean.write]
2024-10-11 09:25:06,604 INFO  [         ome.security.basic.EventHandler] (.Server-15)  Auth:	user=0,group=0,event=null(User),sess=83be404c-1957-46d4-a36b-f9feca68dcf3
2024-10-11 09:25:06,611 INFO  [                 org.perf4j.TimingLogger] (.Server-15) start[1728638706603] time[7] tag[omero.call.success.ome.services.RawFileBean.write]
2024-10-11 09:25:06,660 INFO  [         ome.security.basic.EventHandler] (.Server-10)  Auth:	user=0,group=0,event=null(User),sess=83be404c-1957-46d4-a36b-f9feca68dcf3
2024-10-11 09:25:06,666 INFO  [                 org.perf4j.TimingLogger] (.Server-10) start[1728638706659] time[6] tag[omero.call.success.ome.services.RawFileBean.write]
2024-10-11 09:25:06,721 INFO  [         ome.security.basic.EventHandler] (.Server-14)  Auth:	user=0,group=0,event=null(User),sess=83be404c-1957-46d4-a36b-f9feca68dcf3
2024-10-11 09:25:06,728 INFO  [                 org.perf4j.TimingLogger] (.Server-14) start[1728638706719] time[9] tag[omero.call.success.ome.services.RawFileBean.write]
2024-10-11 09:25:06,748 INFO  [         ome.security.basic.EventHandler] (.Server-11)  Auth:	user=0,group=0,event=null(User),sess=83be404c-1957-46d4-a36b-f9feca68dcf3
2024-10-11 09:25:06,750 INFO  [                 org.perf4j.TimingLogger] (.Server-11) start[1728638706746] time[3] tag[omero.call.success.ome.services.RawFileBean.write]
2024-10-11 09:25:06,758 INFO  [         ome.security.basic.EventHandler] (.Server-12)  Auth:	user=0,group=0,event=28189(User),sess=83be404c-1957-46d4-a36b-f9feca68dcf3
2024-10-11 09:25:06,773 INFO  [                 org.perf4j.TimingLogger] (.Server-12) start[1728638706758] time[14] tag[omero.services.file.flush]
2024-10-11 09:25:06,791 INFO  [                 org.perf4j.TimingLogger] (.Server-12) start[1728638706773] time[17] tag[omero.services.file.checksum]
2024-10-11 09:25:06,792 INFO  [       ome.security.basic.CurrentDetails] (.Server-12) Adding log:UPDATE,class ome.model.core.OriginalFile,3086
2024-10-11 09:25:06,792 INFO  [                 org.perf4j.TimingLogger] (.Server-12) start[1728638706791] time[1] tag[omero.services.file.finalize]
2024-10-11 09:25:06,796 INFO  [                 org.perf4j.TimingLogger] (.Server-12) start[1728638706754] time[41] tag[omero.call.success.ome.services.RawFileBean.save]
2024-10-11 09:25:06,802 INFO  [         ome.security.basic.EventHandler] (l.Server-9)  Auth:	user=0,group=0,event=28191(User),sess=83be404c-1957-46d4-a36b-f9feca68dcf3
2024-10-11 09:25:06,806 INFO  [                 org.perf4j.TimingLogger] (l.Server-9) start[1728638706798] time[7] tag[omero.call.success.ome.services.RawFileBean.close]
2024-10-11 09:25:06,806 DEBUG [                omero.util.ServantHolder] (l.Server-9) Removed omero.api._RawFileStoreTie@6170b3e4 from omero.util.ServantHolder@149b3864 as 76757014-d013-42e2-9f9f-9894c2ad4ec5-RepoRawFileStoreI
2024-10-11 09:25:06,806 INFO  [                      omero.cmd.SessionI] (l.Server-9) Unregistered servant:83be404c-1957-46d4-a36b-f9feca68dcf3/76757014-d013-42e2-9f9f-9894c2ad4ec5-RepoRawFileStoreI(omero.api._RawFileStoreTie@6170b3e4)
2024-10-11 09:25:06,812 INFO  [         ome.security.basic.EventHandler] (.Server-15)  Auth:	user=0,group=0,event=null(User),sess=83be404c-1957-46d4-a36b-f9feca68dcf3
2024-10-11 09:25:06,812 INFO  [                 org.perf4j.TimingLogger] (.Server-15) start[1728638706808] time[4] tag[omero.call.success.ome.services.blitz.impl.ServiceFactoryI$3.doWork]
2024-10-11 09:25:06,817 INFO  [                 org.perf4j.TimingLogger] (.Server-15) start[1728638706812] time[4] tag[omero.import.process.checksum]
2024-10-11 09:25:06,824 INFO  [         ome.security.basic.EventHandler] (.Server-15)  Auth:	user=0,group=0,event=28192(User),sess=83be404c-1957-46d4-a36b-f9feca68dcf3
2024-10-11 09:25:06,836 INFO  [       ome.security.basic.CurrentDetails] (.Server-15) Adding log:UPDATE,class ome.model.jobs.UploadJob,3113
2024-10-11 09:25:06,842 INFO  [                 org.perf4j.TimingLogger] (.Server-15) start[1728638706817] time[25] tag[omero.call.success.ome.services.blitz.repo.RepositoryDaoImpl$12.doWork]
2024-10-11 09:25:06,844 INFO  [         ome.security.basic.EventHandler] (.Server-15)  Auth:	user=0,group=0,event=null(User),sess=83be404c-1957-46d4-a36b-f9feca68dcf3
2024-10-11 09:25:06,845 INFO  [                 org.perf4j.TimingLogger] (.Server-15) start[1728638706843] time[2] tag[omero.call.success.ome.services.blitz.repo.RepositoryDaoImpl$2.doWork]
2024-10-11 09:25:06,848 INFO  [         ome.security.basic.EventHandler] (.Server-15)  Auth:	user=0,group=0,event=null(User),sess=83be404c-1957-46d4-a36b-f9feca68dcf3
2024-10-11 09:25:06,849 INFO  [                 org.perf4j.TimingLogger] (.Server-15) start[1728638706845] time[4] tag[omero.call.success.ome.services.blitz.repo.RepositoryDaoImpl$4.doWork]
2024-10-11 09:25:06,850 INFO  [       ome.formats.importer.ImportConfig] (.Server-15) OMERO.blitz Version: 5.7.3
2024-10-11 09:25:06,850 INFO  [       ome.formats.importer.ImportConfig] (.Server-15) Bioformats version: 7.3.0 revision: acc4b6de79e55275b5e6c8200f8458f6d93c9ba0 date: 18 April 2024
2024-10-11 09:25:06,851 INFO  [                      omero.cmd.SessionI] (.Server-15) Added servant to adapter: 83be404c-1957-46d4-a36b-f9feca68dcf3/IHandle36f438cb-cbf5-4f5f-bd0b-5014ed7c8be6(omero.cmd._HandleTie@84a1c8f4)
2024-10-11 09:25:06,851 DEBUG [                omero.util.ServantHolder] (.Server-15) Added omero.cmd._HandleTie@84a1c8f4 to omero.util.ServantHolder@149b3864 as IHandle36f438cb-cbf5-4f5f-bd0b-5014ed7c8be6
2024-10-11 09:25:06,852 INFO  [                 org.perf4j.TimingLogger] (.Server-15) start[1728638706852] time[0] tag[omero.background.submit]
2024-10-11 09:25:06,852 INFO  [                 org.perf4j.TimingLogger] (.Server-15) start[1728638706817] time[35] tag[omero.import.process.submit]
2024-10-11 09:25:06,855 DEBUG [                omero.util.ServantHolder] (.Server-12) Removed omero.grid._ImportProcessTie@797de4e3 from omero.util.ServantHolder@149b3864 as d18c55e5-8f51-435b-bc91-d989961de291-ManagedImportProcessI
2024-10-11 09:25:06,855 INFO  [                      omero.cmd.SessionI] (.Server-12) Unregistered servant:83be404c-1957-46d4-a36b-f9feca68dcf3/d18c55e5-8f51-435b-bc91-d989961de291-ManagedImportProcessI(omero.grid._ImportProcessTie@797de4e3)
2024-10-11 09:25:06,861 INFO  [    ome.formats.OMEROMetadataStoreClient] (2-thread-6) Call context: {omero.group:0}
2024-10-11 09:25:06,861 INFO  [    ome.formats.OMEROMetadataStoreClient] (2-thread-6) Call context: {omero.logfilename:root_0/2024-10/11/09-25-06.153.log}
2024-10-11 09:25:06,866 INFO  [    ome.security.basic.BasicEventContext] (l.Server-4)  cctx:	group=0
2024-10-11 09:25:06,867 INFO  [         ome.security.basic.EventHandler] (l.Server-4)  Auth:	user=0,group=0,event=null(User),sess=83be404c-1957-46d4-a36b-f9feca68dcf3
2024-10-11 09:25:06,872 INFO  [                 org.perf4j.TimingLogger] (l.Server-4) start[1728638706865] time[7] tag[omero.call.success.ome.logic.AdminImpl.getEventContext]
2024-10-11 09:25:06,906 INFO  [    ome.formats.OMEROMetadataStoreClient] (2-thread-6) Pinging session every 300s.
2024-10-11 09:25:06,931 INFO  [                loci.formats.ImageReader] (2-thread-6) IonpathMIBITiffReader initializing /OMERO/ManagedRepository/root_0/2024-10/11/09-25-06.153/TA459_multipleCores2_Run-4_Point20.tiff
2024-10-11 09:25:06,931 INFO  [       loci.formats.in.MinimalTiffReader] (2-thread-6) Reading IFDs
2024-10-11 09:25:06,933 INFO  [       loci.formats.in.MinimalTiffReader] (2-thread-6) Populating metadata
2024-10-11 09:25:06,936 INFO  [          loci.formats.in.BaseTiffReader] (2-thread-6) Populating OME metadata
2024-10-11 09:25:06,942 INFO  [    ome.security.basic.BasicEventContext] (.Server-14)  cctx:	group=0
2024-10-11 09:25:06,943 INFO  [         ome.security.basic.EventHandler] (.Server-14)  Auth:	user=0,group=0,event=null(User),sess=83be404c-1957-46d4-a36b-f9feca68dcf3
2024-10-11 09:25:06,946 INFO  [                 org.perf4j.TimingLogger] (.Server-14) start[1728638706941] time[4] tag[omero.call.success.ome.logic.QueryImpl.findAll]
2024-10-11 09:25:06,951 INFO  [    ome.security.basic.BasicEventContext] (.Server-13)  cctx:	group=0
2024-10-11 09:25:06,952 INFO  [         ome.security.basic.EventHandler] (.Server-13)  Auth:	user=0,group=0,event=null(User),sess=83be404c-1957-46d4-a36b-f9feca68dcf3
2024-10-11 09:25:06,953 INFO  [                 org.perf4j.TimingLogger] (.Server-13) start[1728638706950] time[3] tag[omero.call.success.ome.logic.QueryImpl.findAll]
2024-10-11 09:25:06,955 INFO  [    ome.security.basic.BasicEventContext] (.Server-11)  cctx:	group=0
2024-10-11 09:25:06,957 INFO  [         ome.security.basic.EventHandler] (.Server-11)  Auth:	user=0,group=0,event=null(User),sess=83be404c-1957-46d4-a36b-f9feca68dcf3
2024-10-11 09:25:06,958 INFO  [                 org.perf4j.TimingLogger] (.Server-11) start[1728638706954] time[3] tag[omero.call.success.ome.logic.QueryImpl.findAll]
2024-10-11 09:25:06,959 INFO  [    ome.security.basic.BasicEventContext] (l.Server-4)  cctx:	group=0
2024-10-11 09:25:06,961 INFO  [         ome.security.basic.EventHandler] (l.Server-4)  Auth:	user=0,group=0,event=null(User),sess=83be404c-1957-46d4-a36b-f9feca68dcf3
2024-10-11 09:25:06,962 INFO  [                 org.perf4j.TimingLogger] (l.Server-4) start[1728638706959] time[3] tag[omero.call.success.ome.logic.QueryImpl.findAll]
2024-10-11 09:25:06,997 DEBUG [                   loci.formats.Memoizer] (2-thread-6) saved to temp file: /OMERO/BioFormatsCache/OMERO/ManagedRepository/root_0/2024-10/11/09-25-06.153/.TA459_multipleCores2_Run-4_Point20.tiff.bfmemo4121527321372331808
2024-10-11 09:25:06,997 DEBUG [                   loci.formats.Memoizer] (2-thread-6) start[1728638706986] time[10] tag[loci.formats.Memoizer.saveMemo]
2024-10-11 09:25:06,997 DEBUG [                   loci.formats.Memoizer] (2-thread-6) saved memo file: /OMERO/BioFormatsCache/OMERO/ManagedRepository/root_0/2024-10/11/09-25-06.153/.TA459_multipleCores2_Run-4_Point20.tiff.bfmemo (50736 bytes)
2024-10-11 09:25:06,997 DEBUG [                   loci.formats.Memoizer] (2-thread-6) start[1728638706906] time[90] tag[loci.formats.Memoizer.setId]
2024-10-11 09:25:06,997 DEBUG [    o.s.blitz.repo.ManagedImportRequestI] (2-thread-6) Image Count: 44
2024-10-11 09:25:06,997 INFO  [    o.s.blitz.repo.ManagedImportRequestI] (2-thread-6) File format: Ionpath MIBI
2024-10-11 09:25:06,997 INFO  [    o.s.blitz.repo.ManagedImportRequestI] (2-thread-6) Base reader: loci.formats.in.IonpathMIBITiffReader
2024-10-11 09:25:06,997 INFO  [                 org.perf4j.TimingLogger] (2-thread-6) start[1728638706859] time[137] tag[omero.import.request.init]
2024-10-11 09:25:06,997 DEBUG [    o.s.blitz.repo.ManagedImportRequestI] (2-thread-6) Step 0
2024-10-11 09:25:06,998 WARN  [    ome.formats.model.ReferenceProcessor] (2-thread-6) Unknown target class for LSID: Image:SIMS
2024-10-11 09:25:06,998 INFO  [    ome.formats.OMEROMetadataStoreClient] (2-thread-6) Handling # of containers: 91
2024-10-11 09:25:07,001 INFO  [    ome.security.basic.BasicEventContext] (.Server-15)  cctx:	group=0
2024-10-11 09:25:07,004 INFO  [         ome.security.basic.EventHandler] (.Server-15)  Auth:	user=0,group=0,event=null(User),sess=83be404c-1957-46d4-a36b-f9feca68dcf3
2024-10-11 09:25:07,005 INFO  [                 org.perf4j.TimingLogger] (.Server-15) start[1728638706999] time[5] tag[omero.call.success.ome.services.blitz.impl.MetadataStoreI$4.doWork]
2024-10-11 09:25:07,006 INFO  [    ome.formats.OMEROMetadataStoreClient] (2-thread-6) Handling # of references: 1
2024-10-11 09:25:07,007 INFO  [    ome.security.basic.BasicEventContext] (.Server-12)  cctx:	group=0
2024-10-11 09:25:07,008 INFO  [         ome.security.basic.EventHandler] (.Server-12)  Auth:	user=0,group=0,event=null(User),sess=83be404c-1957-46d4-a36b-f9feca68dcf3
2024-10-11 09:25:07,008 INFO  [                 org.perf4j.TimingLogger] (.Server-12) start[1728638707006] time[1] tag[omero.call.success.ome.services.blitz.impl.MetadataStoreI$5.doWork]
2024-10-11 09:25:07,011 INFO  [    ome.security.basic.BasicEventContext] (.Server-14)  cctx:	group=0
2024-10-11 09:25:07,014 INFO  [         ome.security.basic.EventHandler] (.Server-14)  Auth:	user=0,group=0,event=28197(User),sess=83be404c-1957-46d4-a36b-f9feca68dcf3
2024-10-11 09:25:07,023 INFO  [       ome.security.basic.CurrentDetails] (.Server-14) Adding log:INSERT,class ome.model.core.Image,216
2024-10-11 09:25:07,025 INFO  [       ome.security.basic.CurrentDetails] (.Server-14) Adding log:INSERT,class ome.model.containers.DatasetImageLink,216
2024-10-11 09:25:07,027 INFO  [       ome.security.basic.CurrentDetails] (.Server-14) Adding log:INSERT,class ome.model.core.Pixels,216
2024-10-11 09:25:07,029 INFO  [       ome.security.basic.CurrentDetails] (.Server-14) Adding log:INSERT,class ome.model.core.LogicalChannel,1211
2024-10-11 09:25:07,030 INFO  [       ome.security.basic.CurrentDetails] (.Server-14) Adding log:INSERT,class ome.model.core.Channel,1211
2024-10-11 09:25:07,031 INFO  [       ome.security.basic.CurrentDetails] (.Server-14) Adding log:INSERT,class ome.model.core.LogicalChannel,1212
2024-10-11 09:25:07,032 INFO  [       ome.security.basic.CurrentDetails] (.Server-14) Adding log:INSERT,class ome.model.core.Channel,1212
2024-10-11 09:25:07,033 INFO  [       ome.security.basic.CurrentDetails] (.Server-14) Adding log:INSERT,class ome.model.core.LogicalChannel,1213
2024-10-11 09:25:07,033 INFO  [       ome.security.basic.CurrentDetails] (.Server-14) Adding log:INSERT,class ome.model.core.Channel,1213
2024-10-11 09:25:07,034 INFO  [       ome.security.basic.CurrentDetails] (.Server-14) Adding log:INSERT,class ome.model.core.LogicalChannel,1214
2024-10-11 09:25:07,035 INFO  [       ome.security.basic.CurrentDetails] (.Server-14) Adding log:INSERT,class ome.model.core.Channel,1214
2024-10-11 09:25:07,036 INFO  [       ome.security.basic.CurrentDetails] (.Server-14) Adding log:INSERT,class ome.model.core.LogicalChannel,1215
2024-10-11 09:25:07,036 INFO  [       ome.security.basic.CurrentDetails] (.Server-14) Adding log:INSERT,class ome.model.core.Channel,1215
2024-10-11 09:25:07,037 INFO  [       ome.security.basic.CurrentDetails] (.Server-14) Adding log:INSERT,class ome.model.core.LogicalChannel,1216
2024-10-11 09:25:07,038 INFO  [       ome.security.basic.CurrentDetails] (.Server-14) Adding log:INSERT,class ome.model.core.Channel,1216
2024-10-11 09:25:07,039 INFO  [       ome.security.basic.CurrentDetails] (.Server-14) Adding log:INSERT,class ome.model.core.LogicalChannel,1217
2024-10-11 09:25:07,040 INFO  [       ome.security.basic.CurrentDetails] (.Server-14) Adding log:INSERT,class ome.model.core.Channel,1217
2024-10-11 09:25:07,041 INFO  [       ome.security.basic.CurrentDetails] (.Server-14) Adding log:INSERT,class ome.model.core.LogicalChannel,1218
2024-10-11 09:25:07,041 INFO  [       ome.security.basic.CurrentDetails] (.Server-14) Adding log:INSERT,class ome.model.core.Channel,1218
2024-10-11 09:25:07,042 INFO  [       ome.security.basic.CurrentDetails] (.Server-14) Adding log:INSERT,class ome.model.core.LogicalChannel,1219
2024-10-11 09:25:07,042 INFO  [       ome.security.basic.CurrentDetails] (.Server-14) Adding log:INSERT,class ome.model.core.Channel,1219
2024-10-11 09:25:07,042 INFO  [       ome.security.basic.CurrentDetails] (.Server-14) Adding log:INSERT,class ome.model.core.LogicalChannel,1220
2024-10-11 09:25:07,042 INFO  [       ome.security.basic.CurrentDetails] (.Server-14) Adding log:INSERT,class ome.model.core.Channel,1220
2024-10-11 09:25:07,043 INFO  [       ome.security.basic.CurrentDetails] (.Server-14) Adding log:INSERT,class ome.model.core.LogicalChannel,1221
2024-10-11 09:25:07,043 INFO  [       ome.security.basic.CurrentDetails] (.Server-14) Adding log:INSERT,class ome.model.core.Channel,1221
2024-10-11 09:25:07,043 INFO  [       ome.security.basic.CurrentDetails] (.Server-14) Adding log:INSERT,class ome.model.core.LogicalChannel,1222
2024-10-11 09:25:07,044 INFO  [       ome.security.basic.CurrentDetails] (.Server-14) Adding log:INSERT,class ome.model.core.Channel,1222
2024-10-11 09:25:07,044 INFO  [       ome.security.basic.CurrentDetails] (.Server-14) Adding log:INSERT,class ome.model.core.LogicalChannel,1223
2024-10-11 09:25:07,044 INFO  [       ome.security.basic.CurrentDetails] (.Server-14) Adding log:INSERT,class ome.model.core.Channel,1223
2024-10-11 09:25:07,045 INFO  [       ome.security.basic.CurrentDetails] (.Server-14) Adding log:INSERT,class ome.model.core.LogicalChannel,1224
2024-10-11 09:25:07,045 INFO  [       ome.security.basic.CurrentDetails] (.Server-14) Adding log:INSERT,class ome.model.core.Channel,1224
2024-10-11 09:25:07,045 INFO  [       ome.security.basic.CurrentDetails] (.Server-14) Adding log:INSERT,class ome.model.core.LogicalChannel,1225
2024-10-11 09:25:07,046 INFO  [       ome.security.basic.CurrentDetails] (.Server-14) Adding log:INSERT,class ome.model.core.Channel,1225
2024-10-11 09:25:07,046 INFO  [       ome.security.basic.CurrentDetails] (.Server-14) Adding log:INSERT,class ome.model.core.LogicalChannel,1226
2024-10-11 09:25:07,046 INFO  [       ome.security.basic.CurrentDetails] (.Server-14) Adding log:INSERT,class ome.model.core.Channel,1226
2024-10-11 09:25:07,046 INFO  [       ome.security.basic.CurrentDetails] (.Server-14) Adding log:INSERT,class ome.model.core.LogicalChannel,1227
2024-10-11 09:25:07,047 INFO  [       ome.security.basic.CurrentDetails] (.Server-14) Adding log:INSERT,class ome.model.core.Channel,1227
2024-10-11 09:25:07,047 INFO  [       ome.security.basic.CurrentDetails] (.Server-14) Adding log:INSERT,class ome.model.core.LogicalChannel,1228
2024-10-11 09:25:07,047 INFO  [       ome.security.basic.CurrentDetails] (.Server-14) Adding log:INSERT,class ome.model.core.Channel,1228
2024-10-11 09:25:07,048 INFO  [       ome.security.basic.CurrentDetails] (.Server-14) Adding log:INSERT,class ome.model.core.LogicalChannel,1229
2024-10-11 09:25:07,048 INFO  [       ome.security.basic.CurrentDetails] (.Server-14) Adding log:INSERT,class ome.model.core.Channel,1229
2024-10-11 09:25:07,048 INFO  [       ome.security.basic.CurrentDetails] (.Server-14) Adding log:INSERT,class ome.model.core.LogicalChannel,1230
2024-10-11 09:25:07,048 INFO  [       ome.security.basic.CurrentDetails] (.Server-14) Adding log:INSERT,class ome.model.core.Channel,1230
2024-10-11 09:25:07,049 INFO  [       ome.security.basic.CurrentDetails] (.Server-14) Adding log:INSERT,class ome.model.core.LogicalChannel,1231
2024-10-11 09:25:07,049 INFO  [       ome.security.basic.CurrentDetails] (.Server-14) Adding log:INSERT,class ome.model.core.Channel,1231
2024-10-11 09:25:07,050 INFO  [       ome.security.basic.CurrentDetails] (.Server-14) Adding log:INSERT,class ome.model.core.LogicalChannel,1232
2024-10-11 09:25:07,050 INFO  [       ome.security.basic.CurrentDetails] (.Server-14) Adding log:INSERT,class ome.model.core.Channel,1232
2024-10-11 09:25:07,050 INFO  [       ome.security.basic.CurrentDetails] (.Server-14) Adding log:INSERT,class ome.model.core.LogicalChannel,1233
2024-10-11 09:25:07,050 INFO  [       ome.security.basic.CurrentDetails] (.Server-14) Adding log:INSERT,class ome.model.core.Channel,1233
2024-10-11 09:25:07,051 INFO  [       ome.security.basic.CurrentDetails] (.Server-14) Adding log:INSERT,class ome.model.core.LogicalChannel,1234
2024-10-11 09:25:07,051 INFO  [       ome.security.basic.CurrentDetails] (.Server-14) Adding log:INSERT,class ome.model.core.Channel,1234
2024-10-11 09:25:07,051 INFO  [       ome.security.basic.CurrentDetails] (.Server-14) Adding log:INSERT,class ome.model.core.LogicalChannel,1235
2024-10-11 09:25:07,052 INFO  [       ome.security.basic.CurrentDetails] (.Server-14) Adding log:INSERT,class ome.model.core.Channel,1235
2024-10-11 09:25:07,052 INFO  [       ome.security.basic.CurrentDetails] (.Server-14) Adding log:INSERT,class ome.model.core.LogicalChannel,1236
2024-10-11 09:25:07,052 INFO  [       ome.security.basic.CurrentDetails] (.Server-14) Adding log:INSERT,class ome.model.core.Channel,1236
2024-10-11 09:25:07,053 INFO  [       ome.security.basic.CurrentDetails] (.Server-14) Adding log:INSERT,class ome.model.core.LogicalChannel,1237
2024-10-11 09:25:07,053 INFO  [       ome.security.basic.CurrentDetails] (.Server-14) Adding log:INSERT,class ome.model.core.Channel,1237
2024-10-11 09:25:07,053 INFO  [       ome.security.basic.CurrentDetails] (.Server-14) Adding log:INSERT,class ome.model.core.LogicalChannel,1238
2024-10-11 09:25:07,053 INFO  [       ome.security.basic.CurrentDetails] (.Server-14) Adding log:INSERT,class ome.model.core.Channel,1238
2024-10-11 09:25:07,054 INFO  [       ome.security.basic.CurrentDetails] (.Server-14) Adding log:INSERT,class ome.model.core.LogicalChannel,1239
2024-10-11 09:25:07,054 INFO  [       ome.security.basic.CurrentDetails] (.Server-14) Adding log:INSERT,class ome.model.core.Channel,1239
2024-10-11 09:25:07,054 INFO  [       ome.security.basic.CurrentDetails] (.Server-14) Adding log:INSERT,class ome.model.core.LogicalChannel,1240
2024-10-11 09:25:07,055 INFO  [       ome.security.basic.CurrentDetails] (.Server-14) Adding log:INSERT,class ome.model.core.Channel,1240
2024-10-11 09:25:07,055 INFO  [       ome.security.basic.CurrentDetails] (.Server-14) Adding log:INSERT,class ome.model.core.LogicalChannel,1241
2024-10-11 09:25:07,056 INFO  [       ome.security.basic.CurrentDetails] (.Server-14) Adding log:INSERT,class ome.model.core.Channel,1241
2024-10-11 09:25:07,056 INFO  [       ome.security.basic.CurrentDetails] (.Server-14) Adding log:INSERT,class ome.model.core.LogicalChannel,1242
2024-10-11 09:25:07,056 INFO  [       ome.security.basic.CurrentDetails] (.Server-14) Adding log:INSERT,class ome.model.core.Channel,1242
2024-10-11 09:25:07,057 INFO  [       ome.security.basic.CurrentDetails] (.Server-14) Adding log:INSERT,class ome.model.core.LogicalChannel,1243
2024-10-11 09:25:07,057 INFO  [       ome.security.basic.CurrentDetails] (.Server-14) Adding log:INSERT,class ome.model.core.Channel,1243
2024-10-11 09:25:07,057 INFO  [       ome.security.basic.CurrentDetails] (.Server-14) Adding log:INSERT,class ome.model.core.LogicalChannel,1244
2024-10-11 09:25:07,058 INFO  [       ome.security.basic.CurrentDetails] (.Server-14) Adding log:INSERT,class ome.model.core.Channel,1244
2024-10-11 09:25:07,058 INFO  [       ome.security.basic.CurrentDetails] (.Server-14) Adding log:INSERT,class ome.model.core.LogicalChannel,1245
2024-10-11 09:25:07,058 INFO  [       ome.security.basic.CurrentDetails] (.Server-14) Adding log:INSERT,class ome.model.core.Channel,1245
2024-10-11 09:25:07,058 INFO  [       ome.security.basic.CurrentDetails] (.Server-14) Adding log:INSERT,class ome.model.core.LogicalChannel,1246
2024-10-11 09:25:07,059 INFO  [       ome.security.basic.CurrentDetails] (.Server-14) Adding log:INSERT,class ome.model.core.Channel,1246
2024-10-11 09:25:07,060 INFO  [       ome.security.basic.CurrentDetails] (.Server-14) Adding log:INSERT,class ome.model.core.LogicalChannel,1247
2024-10-11 09:25:07,060 INFO  [       ome.security.basic.CurrentDetails] (.Server-14) Adding log:INSERT,class ome.model.core.Channel,1247
2024-10-11 09:25:07,061 INFO  [       ome.security.basic.CurrentDetails] (.Server-14) Adding log:INSERT,class ome.model.core.LogicalChannel,1248
2024-10-11 09:25:07,061 INFO  [       ome.security.basic.CurrentDetails] (.Server-14) Adding log:INSERT,class ome.model.core.Channel,1248
2024-10-11 09:25:07,061 INFO  [       ome.security.basic.CurrentDetails] (.Server-14) Adding log:INSERT,class ome.model.core.LogicalChannel,1249
2024-10-11 09:25:07,062 INFO  [       ome.security.basic.CurrentDetails] (.Server-14) Adding log:INSERT,class ome.model.core.Channel,1249
2024-10-11 09:25:07,062 INFO  [       ome.security.basic.CurrentDetails] (.Server-14) Adding log:INSERT,class ome.model.core.LogicalChannel,1250
2024-10-11 09:25:07,062 INFO  [       ome.security.basic.CurrentDetails] (.Server-14) Adding log:INSERT,class ome.model.core.Channel,1250
2024-10-11 09:25:07,063 INFO  [       ome.security.basic.CurrentDetails] (.Server-14) Adding log:INSERT,class ome.model.core.LogicalChannel,1251
2024-10-11 09:25:07,063 INFO  [       ome.security.basic.CurrentDetails] (.Server-14) Adding log:INSERT,class ome.model.core.Channel,1251
2024-10-11 09:25:07,063 INFO  [       ome.security.basic.CurrentDetails] (.Server-14) Adding log:INSERT,class ome.model.core.LogicalChannel,1252
2024-10-11 09:25:07,064 INFO  [       ome.security.basic.CurrentDetails] (.Server-14) Adding log:INSERT,class ome.model.core.Channel,1252
2024-10-11 09:25:07,064 INFO  [       ome.security.basic.CurrentDetails] (.Server-14) Adding log:INSERT,class ome.model.core.LogicalChannel,1253
2024-10-11 09:25:07,064 INFO  [       ome.security.basic.CurrentDetails] (.Server-14) Adding log:INSERT,class ome.model.core.Channel,1253
2024-10-11 09:25:07,064 INFO  [       ome.security.basic.CurrentDetails] (.Server-14) Adding log:INSERT,class ome.model.core.LogicalChannel,1254
2024-10-11 09:25:07,065 INFO  [       ome.security.basic.CurrentDetails] (.Server-14) Adding log:INSERT,class ome.model.core.Channel,1254
2024-10-11 09:25:07,097 INFO  [                 org.perf4j.TimingLogger] (.Server-14) start[1728638707014] time[83] tag[omero.saveImportGraph]
2024-10-11 09:25:07,114 INFO  [                 org.perf4j.TimingLogger] (.Server-14) start[1728638707010] time[104] tag[omero.call.success.ome.services.blitz.impl.MetadataStoreI$3.doWork]
2024-10-11 09:25:07,118 INFO  [                 org.perf4j.TimingLogger] (2-thread-6) start[1728638706997] time[121] tag[omero.import.request.metadata]
2024-10-11 09:25:07,119 INFO  [    ome.security.basic.BasicEventContext] (.Server-13)  cctx:	group=0
2024-10-11 09:25:07,120 INFO  [         ome.security.basic.EventHandler] (.Server-13)  Auth:	user=0,group=0,event=null(User),sess=83be404c-1957-46d4-a36b-f9feca68dcf3
2024-10-11 09:25:07,121 INFO  [                 org.perf4j.TimingLogger] (.Server-13) start[1728638707119] time[2] tag[omero.call.success.ome.logic.QueryImpl.get]
2024-10-11 09:25:07,123 INFO  [    ome.security.basic.BasicEventContext] (.Server-11)  cctx:	group=0
2024-10-11 09:25:07,128 INFO  [         ome.security.basic.EventHandler] (.Server-11)  Auth:	user=0,group=0,event=28199(User),sess=83be404c-1957-46d4-a36b-f9feca68dcf3
2024-10-11 09:25:07,130 INFO  [       ome.security.basic.CurrentDetails] (.Server-11) Adding log:UPDATE,class ome.model.core.OriginalFile,3085
2024-10-11 09:25:07,137 INFO  [                 org.perf4j.TimingLogger] (.Server-11) start[1728638707122] time[14] tag[omero.call.success.ome.logic.UpdateImpl.saveObject]
2024-10-11 09:25:07,137 INFO  [                 org.perf4j.TimingLogger] (2-thread-6) start[1728638706997] time[140] tag[omero.import.request.step]
2024-10-11 09:25:07,137 DEBUG [    o.s.blitz.repo.ManagedImportRequestI] (2-thread-6) Step 1
2024-10-11 09:25:07,138 DEBUG [    o.s.blitz.repo.ManagedImportRequestI] (2-thread-6) Plane:0 X:0 Y:0 TileWidth:2048 TileHeight:2048 arrayBuf.length:8388608
2024-10-11 09:25:07,221 DEBUG [    o.s.blitz.repo.ManagedImportRequestI] (2-thread-6) Plane:1 X:0 Y:0 TileWidth:2048 TileHeight:2048 arrayBuf.length:8388608
2024-10-11 09:25:07,273 DEBUG [    o.s.blitz.repo.ManagedImportRequestI] (2-thread-6) Plane:2 X:0 Y:0 TileWidth:2048 TileHeight:2048 arrayBuf.length:8388608
2024-10-11 09:25:07,353 DEBUG [    o.s.blitz.repo.ManagedImportRequestI] (2-thread-6) Plane:3 X:0 Y:0 TileWidth:2048 TileHeight:2048 arrayBuf.length:8388608
2024-10-11 09:25:07,431 DEBUG [    o.s.blitz.repo.ManagedImportRequestI] (2-thread-6) Plane:4 X:0 Y:0 TileWidth:2048 TileHeight:2048 arrayBuf.length:8388608
2024-10-11 09:25:07,493 DEBUG [    o.s.blitz.repo.ManagedImportRequestI] (2-thread-6) Plane:5 X:0 Y:0 TileWidth:2048 TileHeight:2048 arrayBuf.length:8388608
2024-10-11 09:25:07,576 DEBUG [    o.s.blitz.repo.ManagedImportRequestI] (2-thread-6) Plane:6 X:0 Y:0 TileWidth:2048 TileHeight:2048 arrayBuf.length:8388608
2024-10-11 09:25:07,649 DEBUG [    o.s.blitz.repo.ManagedImportRequestI] (2-thread-6) Plane:7 X:0 Y:0 TileWidth:2048 TileHeight:2048 arrayBuf.length:8388608
2024-10-11 09:25:07,704 DEBUG [    o.s.blitz.repo.ManagedImportRequestI] (2-thread-6) Plane:8 X:0 Y:0 TileWidth:2048 TileHeight:2048 arrayBuf.length:8388608
2024-10-11 09:25:07,793 DEBUG [    o.s.blitz.repo.ManagedImportRequestI] (2-thread-6) Plane:9 X:0 Y:0 TileWidth:2048 TileHeight:2048 arrayBuf.length:8388608
2024-10-11 09:25:07,845 DEBUG [    o.s.blitz.repo.ManagedImportRequestI] (2-thread-6) Plane:10 X:0 Y:0 TileWidth:2048 TileHeight:2048 arrayBuf.length:8388608
2024-10-11 09:25:07,898 DEBUG [    o.s.blitz.repo.ManagedImportRequestI] (2-thread-6) Plane:11 X:0 Y:0 TileWidth:2048 TileHeight:2048 arrayBuf.length:8388608
2024-10-11 09:25:07,956 DEBUG [    o.s.blitz.repo.ManagedImportRequestI] (2-thread-6) Plane:12 X:0 Y:0 TileWidth:2048 TileHeight:2048 arrayBuf.length:8388608
2024-10-11 09:25:08,009 DEBUG [    o.s.blitz.repo.ManagedImportRequestI] (2-thread-6) Plane:13 X:0 Y:0 TileWidth:2048 TileHeight:2048 arrayBuf.length:8388608
2024-10-11 09:25:08,081 DEBUG [    o.s.blitz.repo.ManagedImportRequestI] (2-thread-6) Plane:14 X:0 Y:0 TileWidth:2048 TileHeight:2048 arrayBuf.length:8388608
2024-10-11 09:25:08,132 DEBUG [    o.s.blitz.repo.ManagedImportRequestI] (2-thread-6) Plane:15 X:0 Y:0 TileWidth:2048 TileHeight:2048 arrayBuf.length:8388608
2024-10-11 09:25:08,208 DEBUG [    o.s.blitz.repo.ManagedImportRequestI] (2-thread-6) Plane:16 X:0 Y:0 TileWidth:2048 TileHeight:2048 arrayBuf.length:8388608
2024-10-11 09:25:08,291 DEBUG [    o.s.blitz.repo.ManagedImportRequestI] (2-thread-6) Plane:17 X:0 Y:0 TileWidth:2048 TileHeight:2048 arrayBuf.length:8388608
2024-10-11 09:25:08,357 DEBUG [    o.s.blitz.repo.ManagedImportRequestI] (2-thread-6) Plane:18 X:0 Y:0 TileWidth:2048 TileHeight:2048 arrayBuf.length:8388608
2024-10-11 09:25:08,418 DEBUG [    o.s.blitz.repo.ManagedImportRequestI] (2-thread-6) Plane:19 X:0 Y:0 TileWidth:2048 TileHeight:2048 arrayBuf.length:8388608
2024-10-11 09:25:08,497 DEBUG [    o.s.blitz.repo.ManagedImportRequestI] (2-thread-6) Plane:20 X:0 Y:0 TileWidth:2048 TileHeight:2048 arrayBuf.length:8388608
2024-10-11 09:25:08,576 DEBUG [    o.s.blitz.repo.ManagedImportRequestI] (2-thread-6) Plane:21 X:0 Y:0 TileWidth:2048 TileHeight:2048 arrayBuf.length:8388608
2024-10-11 09:25:08,641 DEBUG [    o.s.blitz.repo.ManagedImportRequestI] (2-thread-6) Plane:22 X:0 Y:0 TileWidth:2048 TileHeight:2048 arrayBuf.length:8388608
2024-10-11 09:25:08,698 DEBUG [    o.s.blitz.repo.ManagedImportRequestI] (2-thread-6) Plane:23 X:0 Y:0 TileWidth:2048 TileHeight:2048 arrayBuf.length:8388608
2024-10-11 09:25:08,768 DEBUG [    o.s.blitz.repo.ManagedImportRequestI] (2-thread-6) Plane:24 X:0 Y:0 TileWidth:2048 TileHeight:2048 arrayBuf.length:8388608
2024-10-11 09:25:08,848 DEBUG [    o.s.blitz.repo.ManagedImportRequestI] (2-thread-6) Plane:25 X:0 Y:0 TileWidth:2048 TileHeight:2048 arrayBuf.length:8388608
2024-10-11 09:25:08,918 DEBUG [    o.s.blitz.repo.ManagedImportRequestI] (2-thread-6) Plane:26 X:0 Y:0 TileWidth:2048 TileHeight:2048 arrayBuf.length:8388608
2024-10-11 09:25:09,018 DEBUG [    o.s.blitz.repo.ManagedImportRequestI] (2-thread-6) Plane:27 X:0 Y:0 TileWidth:2048 TileHeight:2048 arrayBuf.length:8388608
2024-10-11 09:25:09,102 DEBUG [    o.s.blitz.repo.ManagedImportRequestI] (2-thread-6) Plane:28 X:0 Y:0 TileWidth:2048 TileHeight:2048 arrayBuf.length:8388608
2024-10-11 09:25:09,162 DEBUG [    o.s.blitz.repo.ManagedImportRequestI] (2-thread-6) Plane:29 X:0 Y:0 TileWidth:2048 TileHeight:2048 arrayBuf.length:8388608
2024-10-11 09:25:09,226 DEBUG [    o.s.blitz.repo.ManagedImportRequestI] (2-thread-6) Plane:30 X:0 Y:0 TileWidth:2048 TileHeight:2048 arrayBuf.length:8388608
2024-10-11 09:25:09,310 DEBUG [    o.s.blitz.repo.ManagedImportRequestI] (2-thread-6) Plane:31 X:0 Y:0 TileWidth:2048 TileHeight:2048 arrayBuf.length:8388608
2024-10-11 09:25:09,368 DEBUG [    o.s.blitz.repo.ManagedImportRequestI] (2-thread-6) Plane:32 X:0 Y:0 TileWidth:2048 TileHeight:2048 arrayBuf.length:8388608
2024-10-11 09:25:09,431 DEBUG [    o.s.blitz.repo.ManagedImportRequestI] (2-thread-6) Plane:33 X:0 Y:0 TileWidth:2048 TileHeight:2048 arrayBuf.length:8388608
2024-10-11 09:25:09,530 DEBUG [    o.s.blitz.repo.ManagedImportRequestI] (2-thread-6) Plane:34 X:0 Y:0 TileWidth:2048 TileHeight:2048 arrayBuf.length:8388608
2024-10-11 09:25:09,608 DEBUG [    o.s.blitz.repo.ManagedImportRequestI] (2-thread-6) Plane:35 X:0 Y:0 TileWidth:2048 TileHeight:2048 arrayBuf.length:8388608
2024-10-11 09:25:09,661 DEBUG [    o.s.blitz.repo.ManagedImportRequestI] (2-thread-6) Plane:36 X:0 Y:0 TileWidth:2048 TileHeight:2048 arrayBuf.length:8388608
2024-10-11 09:25:09,720 DEBUG [    o.s.blitz.repo.ManagedImportRequestI] (2-thread-6) Plane:37 X:0 Y:0 TileWidth:2048 TileHeight:2048 arrayBuf.length:8388608
2024-10-11 09:25:09,794 DEBUG [    o.s.blitz.repo.ManagedImportRequestI] (2-thread-6) Plane:38 X:0 Y:0 TileWidth:2048 TileHeight:2048 arrayBuf.length:8388608
2024-10-11 09:25:09,882 DEBUG [    o.s.blitz.repo.ManagedImportRequestI] (2-thread-6) Plane:39 X:0 Y:0 TileWidth:2048 TileHeight:2048 arrayBuf.length:8388608
2024-10-11 09:25:09,956 DEBUG [    o.s.blitz.repo.ManagedImportRequestI] (2-thread-6) Plane:40 X:0 Y:0 TileWidth:2048 TileHeight:2048 arrayBuf.length:8388608
2024-10-11 09:25:10,055 DEBUG [    o.s.blitz.repo.ManagedImportRequestI] (2-thread-6) Plane:41 X:0 Y:0 TileWidth:2048 TileHeight:2048 arrayBuf.length:8388608
2024-10-11 09:25:10,127 DEBUG [    o.s.blitz.repo.ManagedImportRequestI] (2-thread-6) Plane:42 X:0 Y:0 TileWidth:2048 TileHeight:2048 arrayBuf.length:8388608
2024-10-11 09:25:10,191 DEBUG [    o.s.blitz.repo.ManagedImportRequestI] (2-thread-6) Plane:43 X:0 Y:0 TileWidth:2048 TileHeight:2048 arrayBuf.length:8388608
2024-10-11 09:25:10,250 INFO  [    ome.security.basic.BasicEventContext] (.Server-10)  cctx:	group=0
2024-10-11 09:25:10,254 INFO  [         ome.security.basic.EventHandler] (.Server-10)  Auth:	user=0,group=0,event=28279(User),sess=83be404c-1957-46d4-a36b-f9feca68dcf3
2024-10-11 09:25:10,259 INFO  [                 org.perf4j.TimingLogger] (.Server-10) start[1728638710249] time[9] tag[omero.call.success.ome.services.blitz.impl.MetadataStoreI$7.doWork]
2024-10-11 09:25:10,263 INFO  [    ome.security.basic.BasicEventContext] (.Server-15)  cctx:	group=0
2024-10-11 09:25:10,268 INFO  [         ome.security.basic.EventHandler] (.Server-15)  Auth:	user=0,group=0,event=28281(User),sess=83be404c-1957-46d4-a36b-f9feca68dcf3
2024-10-11 09:25:10,446 INFO  [       ome.security.basic.CurrentDetails] (.Server-15) Adding log:UPDATE,class ome.model.core.Pixels,216
2024-10-11 09:25:10,452 INFO  [                 org.perf4j.TimingLogger] (.Server-15) start[1728638710262] time[190] tag[omero.call.success.ome.logic.UpdateImpl.saveArray]
2024-10-11 09:25:10,455 INFO  [    ome.security.basic.BasicEventContext] (l.Server-9)  cctx:	group=0
2024-10-11 09:25:10,460 INFO  [         ome.security.basic.EventHandler] (l.Server-9)  Auth:	user=0,group=0,event=28289(User),sess=83be404c-1957-46d4-a36b-f9feca68dcf3
2024-10-11 09:25:10,498 INFO  [                 org.perf4j.TimingLogger] (l.Server-9) start[1728638710455] time[43] tag[omero.call.success.ome.services.blitz.impl.MetadataStoreI$2.doWork]
2024-10-11 09:25:10,499 INFO  [                 org.perf4j.TimingLogger] (2-thread-6) start[1728638707137] time[3361] tag[omero.import.request.pixels]
2024-10-11 09:25:10,500 INFO  [    ome.security.basic.BasicEventContext] (.Server-12)  cctx:	group=0
2024-10-11 09:25:10,501 INFO  [         ome.security.basic.EventHandler] (.Server-12)  Auth:	user=0,group=0,event=null(User),sess=83be404c-1957-46d4-a36b-f9feca68dcf3
2024-10-11 09:25:10,503 INFO  [                 org.perf4j.TimingLogger] (.Server-12) start[1728638710500] time[3] tag[omero.call.success.ome.logic.QueryImpl.get]
2024-10-11 09:25:10,506 INFO  [    ome.security.basic.BasicEventContext] (.Server-13)  cctx:	group=0
2024-10-11 09:25:10,509 INFO  [         ome.security.basic.EventHandler] (.Server-13)  Auth:	user=0,group=0,event=28293(User),sess=83be404c-1957-46d4-a36b-f9feca68dcf3
2024-10-11 09:25:10,511 INFO  [       ome.security.basic.CurrentDetails] (.Server-13) Adding log:UPDATE,class ome.model.core.OriginalFile,3085
2024-10-11 09:25:10,515 INFO  [                 org.perf4j.TimingLogger] (.Server-13) start[1728638710505] time[10] tag[omero.call.success.ome.logic.UpdateImpl.saveObject]
2024-10-11 09:25:10,515 INFO  [                 org.perf4j.TimingLogger] (2-thread-6) start[1728638707137] time[3378] tag[omero.import.request.step]
2024-10-11 09:25:10,516 DEBUG [    o.s.blitz.repo.ManagedImportRequestI] (2-thread-6) Step 2
2024-10-11 09:25:10,518 INFO  [    ome.security.basic.BasicEventContext] (.Server-15)  cctx:	group=0
2024-10-11 09:25:10,521 INFO  [         ome.security.basic.EventHandler] (.Server-15)  Auth:	user=0,group=0,event=28295(User),sess=83be404c-1957-46d4-a36b-f9feca68dcf3
2024-10-11 09:25:10,525 INFO  [                 org.perf4j.TimingLogger] (.Server-15) start[1728638710521] time[4] tag[omero.loadPixels]
2024-10-11 09:25:10,534 INFO  [                 org.perf4j.TimingLogger] (.Server-15) start[1728638710528] time[5] tag[omero.loadRenderingSettingsByUser]
2024-10-11 09:25:10,557 DEBUG [                   loci.formats.Memoizer] (.Server-15) start[1728638710538] time[18] tag[loci.formats.Memoizer.loadMemo]
2024-10-11 09:25:10,578 INFO  [                loci.formats.ImageReader] (.Server-15) IonpathMIBITiffReader initializing /OMERO/ManagedRepository/root_0/2024-10/11/09-25-06.153/TA459_multipleCores2_Run-4_Point20.tiff
2024-10-11 09:25:10,578 INFO  [       loci.formats.in.MinimalTiffReader] (.Server-15) Reading IFDs
2024-10-11 09:25:10,579 INFO  [       loci.formats.in.MinimalTiffReader] (.Server-15) Populating metadata
2024-10-11 09:25:10,581 INFO  [          loci.formats.in.BaseTiffReader] (.Server-15) Populating OME metadata
2024-10-11 09:25:10,588 DEBUG [                   loci.formats.Memoizer] (.Server-15) saved to temp file: /OMERO/BioFormatsCache/OMERO/ManagedRepository/root_0/2024-10/11/09-25-06.153/.TA459_multipleCores2_Run-4_Point20.tiff.bfmemo3700183250055243218
2024-10-11 09:25:10,588 DEBUG [                   loci.formats.Memoizer] (.Server-15) start[1728638710585] time[2] tag[loci.formats.Memoizer.saveMemo]
2024-10-11 09:25:10,588 DEBUG [                   loci.formats.Memoizer] (.Server-15) saved memo file: /OMERO/BioFormatsCache/OMERO/ManagedRepository/root_0/2024-10/11/09-25-06.153/.TA459_multipleCores2_Run-4_Point20.tiff.bfmemo (50727 bytes)
2024-10-11 09:25:10,589 DEBUG [                   loci.formats.Memoizer] (.Server-15) start[1728638710538] time[50] tag[loci.formats.Memoizer.setId]
2024-10-11 09:25:10,609 INFO  [       ome.security.basic.CurrentDetails] (.Server-15) Adding log:INSERT,class ome.model.display.QuantumDef,216
2024-10-11 09:25:10,609 INFO  [       ome.security.basic.CurrentDetails] (.Server-15) Adding log:INSERT,class ome.model.display.RenderingDef,216
2024-10-11 09:25:10,610 INFO  [       ome.security.basic.CurrentDetails] (.Server-15) Adding log:INSERT,class ome.model.display.ChannelBinding,1211
2024-10-11 09:25:10,610 INFO  [       ome.security.basic.CurrentDetails] (.Server-15) Adding log:INSERT,class ome.model.display.ChannelBinding,1212
2024-10-11 09:25:10,610 INFO  [       ome.security.basic.CurrentDetails] (.Server-15) Adding log:INSERT,class ome.model.display.ChannelBinding,1213
2024-10-11 09:25:10,610 INFO  [       ome.security.basic.CurrentDetails] (.Server-15) Adding log:INSERT,class ome.model.display.ChannelBinding,1214
2024-10-11 09:25:10,611 INFO  [       ome.security.basic.CurrentDetails] (.Server-15) Adding log:INSERT,class ome.model.display.ChannelBinding,1215
2024-10-11 09:25:10,611 INFO  [       ome.security.basic.CurrentDetails] (.Server-15) Adding log:INSERT,class ome.model.display.ChannelBinding,1216
2024-10-11 09:25:10,611 INFO  [       ome.security.basic.CurrentDetails] (.Server-15) Adding log:INSERT,class ome.model.display.ChannelBinding,1217
2024-10-11 09:25:10,611 INFO  [       ome.security.basic.CurrentDetails] (.Server-15) Adding log:INSERT,class ome.model.display.ChannelBinding,1218
2024-10-11 09:25:10,612 INFO  [       ome.security.basic.CurrentDetails] (.Server-15) Adding log:INSERT,class ome.model.display.ChannelBinding,1219
2024-10-11 09:25:10,612 INFO  [       ome.security.basic.CurrentDetails] (.Server-15) Adding log:INSERT,class ome.model.display.ChannelBinding,1220
2024-10-11 09:25:10,613 INFO  [       ome.security.basic.CurrentDetails] (.Server-15) Adding log:INSERT,class ome.model.display.ChannelBinding,1221
2024-10-11 09:25:10,613 INFO  [       ome.security.basic.CurrentDetails] (.Server-15) Adding log:INSERT,class ome.model.display.ChannelBinding,1222
2024-10-11 09:25:10,613 INFO  [       ome.security.basic.CurrentDetails] (.Server-15) Adding log:INSERT,class ome.model.display.ChannelBinding,1223
2024-10-11 09:25:10,614 INFO  [       ome.security.basic.CurrentDetails] (.Server-15) Adding log:INSERT,class ome.model.display.ChannelBinding,1224
2024-10-11 09:25:10,615 INFO  [       ome.security.basic.CurrentDetails] (.Server-15) Adding log:INSERT,class ome.model.display.ChannelBinding,1225
2024-10-11 09:25:10,615 INFO  [       ome.security.basic.CurrentDetails] (.Server-15) Adding log:INSERT,class ome.model.display.ChannelBinding,1226
2024-10-11 09:25:10,616 INFO  [       ome.security.basic.CurrentDetails] (.Server-15) Adding log:INSERT,class ome.model.display.ChannelBinding,1227
2024-10-11 09:25:10,616 INFO  [       ome.security.basic.CurrentDetails] (.Server-15) Adding log:INSERT,class ome.model.display.ChannelBinding,1228
2024-10-11 09:25:10,616 INFO  [       ome.security.basic.CurrentDetails] (.Server-15) Adding log:INSERT,class ome.model.display.ChannelBinding,1229
2024-10-11 09:25:10,617 INFO  [       ome.security.basic.CurrentDetails] (.Server-15) Adding log:INSERT,class ome.model.display.ChannelBinding,1230
2024-10-11 09:25:10,617 INFO  [       ome.security.basic.CurrentDetails] (.Server-15) Adding log:INSERT,class ome.model.display.ChannelBinding,1231
2024-10-11 09:25:10,617 INFO  [       ome.security.basic.CurrentDetails] (.Server-15) Adding log:INSERT,class ome.model.display.ChannelBinding,1232
2024-10-11 09:25:10,617 INFO  [       ome.security.basic.CurrentDetails] (.Server-15) Adding log:INSERT,class ome.model.display.ChannelBinding,1233
2024-10-11 09:25:10,617 INFO  [       ome.security.basic.CurrentDetails] (.Server-15) Adding log:INSERT,class ome.model.display.ChannelBinding,1234
2024-10-11 09:25:10,618 INFO  [       ome.security.basic.CurrentDetails] (.Server-15) Adding log:INSERT,class ome.model.display.ChannelBinding,1235
2024-10-11 09:25:10,618 INFO  [       ome.security.basic.CurrentDetails] (.Server-15) Adding log:INSERT,class ome.model.display.ChannelBinding,1236
2024-10-11 09:25:10,618 INFO  [       ome.security.basic.CurrentDetails] (.Server-15) Adding log:INSERT,class ome.model.display.ChannelBinding,1237
2024-10-11 09:25:10,618 INFO  [       ome.security.basic.CurrentDetails] (.Server-15) Adding log:INSERT,class ome.model.display.ChannelBinding,1238
2024-10-11 09:25:10,619 INFO  [       ome.security.basic.CurrentDetails] (.Server-15) Adding log:INSERT,class ome.model.display.ChannelBinding,1239
2024-10-11 09:25:10,619 INFO  [       ome.security.basic.CurrentDetails] (.Server-15) Adding log:INSERT,class ome.model.display.ChannelBinding,1240
2024-10-11 09:25:10,619 INFO  [       ome.security.basic.CurrentDetails] (.Server-15) Adding log:INSERT,class ome.model.display.ChannelBinding,1241
2024-10-11 09:25:10,619 INFO  [       ome.security.basic.CurrentDetails] (.Server-15) Adding log:INSERT,class ome.model.display.ChannelBinding,1242
2024-10-11 09:25:10,619 INFO  [       ome.security.basic.CurrentDetails] (.Server-15) Adding log:INSERT,class ome.model.display.ChannelBinding,1243
2024-10-11 09:25:10,620 INFO  [       ome.security.basic.CurrentDetails] (.Server-15) Adding log:INSERT,class ome.model.display.ChannelBinding,1244
2024-10-11 09:25:10,620 INFO  [       ome.security.basic.CurrentDetails] (.Server-15) Adding log:INSERT,class ome.model.display.ChannelBinding,1245
2024-10-11 09:25:10,620 INFO  [       ome.security.basic.CurrentDetails] (.Server-15) Adding log:INSERT,class ome.model.display.ChannelBinding,1246
2024-10-11 09:25:10,621 INFO  [       ome.security.basic.CurrentDetails] (.Server-15) Adding log:INSERT,class ome.model.display.ChannelBinding,1247
2024-10-11 09:25:10,622 INFO  [       ome.security.basic.CurrentDetails] (.Server-15) Adding log:INSERT,class ome.model.display.ChannelBinding,1248
2024-10-11 09:25:10,623 INFO  [       ome.security.basic.CurrentDetails] (.Server-15) Adding log:INSERT,class ome.model.display.ChannelBinding,1249
2024-10-11 09:25:10,623 INFO  [       ome.security.basic.CurrentDetails] (.Server-15) Adding log:INSERT,class ome.model.display.ChannelBinding,1250
2024-10-11 09:25:10,624 INFO  [       ome.security.basic.CurrentDetails] (.Server-15) Adding log:INSERT,class ome.model.display.ChannelBinding,1251
2024-10-11 09:25:10,624 INFO  [       ome.security.basic.CurrentDetails] (.Server-15) Adding log:INSERT,class ome.model.display.ChannelBinding,1252
2024-10-11 09:25:10,624 INFO  [       ome.security.basic.CurrentDetails] (.Server-15) Adding log:INSERT,class ome.model.display.ChannelBinding,1253
2024-10-11 09:25:10,625 INFO  [       ome.security.basic.CurrentDetails] (.Server-15) Adding log:INSERT,class ome.model.display.ChannelBinding,1254
2024-10-11 09:25:10,635 INFO  [                 org.perf4j.TimingLogger] (.Server-15) start[1728638710603] time[31] tag[omero.resetDefaultsInSet.saveAndReturn]
2024-10-11 09:25:10,635 INFO  [                 org.perf4j.TimingLogger] (.Server-15) start[1728638710521] time[114] tag[omero.resetDefaultsInSet]
2024-10-11 09:25:10,643 INFO  [                 org.perf4j.TimingLogger] (.Server-15) start[1728638710517] time[126] tag[omero.call.success.ome.logic.RenderingSettingsImpl.resetDefaultsInSet]
2024-10-11 09:25:10,648 INFO  [    ome.security.basic.BasicEventContext] (.Server-12)  cctx:	group=0
2024-10-11 09:25:10,653 INFO  [         ome.security.basic.EventHandler] (.Server-12)  Auth:	user=0,group=0,event=28296(User),sess=83be404c-1957-46d4-a36b-f9feca68dcf3
2024-10-11 09:25:10,657 INFO  [                 org.perf4j.TimingLogger] (.Server-12) start[1728638710653] time[4] tag[omero.bulkLoadRenderingSettings]
2024-10-11 09:25:10,658 INFO  [                 org.perf4j.TimingLogger] (.Server-12) start[1728638710658] time[0] tag[omero.createAndPrepareMissingRenderingSettings]
2024-10-11 09:25:10,660 INFO  [                 org.perf4j.TimingLogger] (.Server-12) start[1728638710658] time[2] tag[omero.bulkLoadMetadata]
2024-10-11 09:25:10,661 INFO  [                 org.perf4j.TimingLogger] (.Server-12) start[1728638710658] time[3] tag[omero.loadMetadataByDimensionPool]
2024-10-11 09:25:10,663 INFO  [       ome.security.basic.CurrentDetails] (.Server-12) Adding log:INSERT,class ome.model.display.Thumbnail,216
2024-10-11 09:25:10,665 INFO  [                 org.perf4j.TimingLogger] (.Server-12) start[1728638710664] time[1] tag[omero.bulkLoadMetadata]
2024-10-11 09:25:10,665 INFO  [                 org.perf4j.TimingLogger] (.Server-12) start[1728638710664] time[1] tag[omero.loadMetadataByDimensionPool]
2024-10-11 09:25:10,665 INFO  [                 org.perf4j.TimingLogger] (.Server-12) start[1728638710661] time[3] tag[omero.createMissingThumbnailMetadata]
2024-10-11 09:25:10,666 INFO  [    ome.security.basic.BasicEventContext] (.Server-12)  cctx:	group=0
2024-10-11 09:25:10,671 INFO  [         ome.security.basic.EventHandler] (.Server-12)  Auth:	user=0,group=0,event=28297(User),sess=83be404c-1957-46d4-a36b-f9feca68dcf3
2024-10-11 09:25:10,673 INFO  [                 org.perf4j.TimingLogger] (.Server-12) start[1728638710673] time[0] tag[omero._createThumbnail(thumbMetaData)]
2024-10-11 09:25:10,713 DEBUG [                   loci.formats.Memoizer] (.Server-12) loaded memo file: /OMERO/BioFormatsCache/OMERO/ManagedRepository/root_0/2024-10/11/09-25-06.153/.TA459_multipleCores2_Run-4_Point20.tiff.bfmemo (50727 bytes)
2024-10-11 09:25:10,713 DEBUG [                   loci.formats.Memoizer] (.Server-12) start[1728638710692] time[21] tag[loci.formats.Memoizer.loadMemo]
2024-10-11 09:25:10,713 DEBUG [                   loci.formats.Memoizer] (.Server-12) start[1728638710691] time[21] tag[loci.formats.Memoizer.setId]
2024-10-11 09:25:10,784 INFO  [       ome.logic.JavaImageScalingService] (.Server-12) Scaling to: 96x96
2024-10-11 09:25:10,810 INFO  [                 org.perf4j.TimingLogger] (.Server-12) start[1728638710785] time[24] tag[java-image-scaling.resampleOp]
2024-10-11 09:25:10,811 INFO  [                 org.perf4j.TimingLogger] (.Server-12) start[1728638710673] time[138] tag[omero._createThumbnail]
2024-10-11 09:25:10,817 INFO  [                 org.perf4j.TimingLogger] (.Server-12) start[1728638710646] time[170] tag[omero.call.success.ome.services.ThumbnailBean.createThumbnailsByLongestSideSet]
2024-10-11 09:25:10,819 INFO  [                 org.perf4j.TimingLogger] (2-thread-6) start[1728638710516] time[302] tag[omero.import.request.thumbs]
2024-10-11 09:25:10,821 INFO  [    ome.security.basic.BasicEventContext] (.Server-11)  cctx:	group=0
2024-10-11 09:25:10,823 INFO  [         ome.security.basic.EventHandler] (.Server-11)  Auth:	user=0,group=0,event=null(User),sess=83be404c-1957-46d4-a36b-f9feca68dcf3
2024-10-11 09:25:10,825 INFO  [                 org.perf4j.TimingLogger] (.Server-11) start[1728638710820] time[5] tag[omero.call.success.ome.logic.QueryImpl.get]
2024-10-11 09:25:10,827 INFO  [    ome.security.basic.BasicEventContext] (l.Server-9)  cctx:	group=0
2024-10-11 09:25:10,832 INFO  [         ome.security.basic.EventHandler] (l.Server-9)  Auth:	user=0,group=0,event=28298(User),sess=83be404c-1957-46d4-a36b-f9feca68dcf3
2024-10-11 09:25:10,835 INFO  [       ome.security.basic.CurrentDetails] (l.Server-9) Adding log:UPDATE,class ome.model.core.OriginalFile,3085
2024-10-11 09:25:10,841 INFO  [                 org.perf4j.TimingLogger] (l.Server-9) start[1728638710826] time[14] tag[omero.call.success.ome.logic.UpdateImpl.saveObject]
2024-10-11 09:25:10,841 INFO  [                 org.perf4j.TimingLogger] (2-thread-6) start[1728638710516] time[325] tag[omero.import.request.step]
2024-10-11 09:25:10,842 DEBUG [    o.s.blitz.repo.ManagedImportRequestI] (2-thread-6) Step 3
2024-10-11 09:25:10,843 INFO  [    ome.security.basic.BasicEventContext] (.Server-14)  cctx:	group=0
2024-10-11 09:25:10,845 INFO  [         ome.security.basic.EventHandler] (.Server-14)  Auth:	user=0,group=0,event=null(User),sess=83be404c-1957-46d4-a36b-f9feca68dcf3
2024-10-11 09:25:10,845 INFO  [                 org.perf4j.TimingLogger] (.Server-14) start[1728638710842] time[3] tag[omero.call.success.ome.services.blitz.impl.MetadataStoreI$6.doWork]
2024-10-11 09:25:10,847 INFO  [    ome.security.basic.BasicEventContext] (.Server-15)  cctx:	group=0
2024-10-11 09:25:10,849 INFO  [         ome.security.basic.EventHandler] (.Server-15)  Auth:	user=0,group=0,event=null(User),sess=83be404c-1957-46d4-a36b-f9feca68dcf3
2024-10-11 09:25:10,850 INFO  [                 org.perf4j.TimingLogger] (.Server-15) start[1728638710847] time[3] tag[omero.call.success.ome.logic.QueryImpl.get]
2024-10-11 09:25:10,853 INFO  [    ome.security.basic.BasicEventContext] (.Server-10)  cctx:	group=0
2024-10-11 09:25:10,860 INFO  [         ome.security.basic.EventHandler] (.Server-10)  Auth:	user=0,group=0,event=28299(User),sess=83be404c-1957-46d4-a36b-f9feca68dcf3
2024-10-11 09:25:10,863 INFO  [       ome.security.basic.CurrentDetails] (.Server-10) Adding log:UPDATE,class ome.model.core.OriginalFile,3085
2024-10-11 09:25:10,868 INFO  [                 org.perf4j.TimingLogger] (.Server-10) start[1728638710851] time[16] tag[omero.call.success.ome.logic.UpdateImpl.saveObject]
2024-10-11 09:25:10,869 INFO  [                 org.perf4j.TimingLogger] (2-thread-6) start[1728638710841] time[27] tag[omero.import.request.step]
2024-10-11 09:25:10,869 DEBUG [    o.s.blitz.repo.ManagedImportRequestI] (2-thread-6) Step 4
2024-10-11 09:25:10,871 INFO  [    ome.security.basic.BasicEventContext] (.Server-12)  cctx:	group=0
2024-10-11 09:25:10,873 INFO  [         ome.security.basic.EventHandler] (.Server-12)  Auth:	user=0,group=0,event=null(User),sess=83be404c-1957-46d4-a36b-f9feca68dcf3
2024-10-11 09:25:10,874 INFO  [                 org.perf4j.TimingLogger] (.Server-12) start[1728638710869] time[4] tag[omero.call.success.ome.logic.QueryImpl.get]
2024-10-11 09:25:10,876 INFO  [    ome.security.basic.BasicEventContext] (l.Server-4)  cctx:	group=0
2024-10-11 09:25:10,880 INFO  [         ome.security.basic.EventHandler] (l.Server-4)  Auth:	user=0,group=0,event=28300(User),sess=83be404c-1957-46d4-a36b-f9feca68dcf3
2024-10-11 09:25:10,881 INFO  [       ome.security.basic.CurrentDetails] (l.Server-4) Adding log:UPDATE,class ome.model.core.OriginalFile,3085
2024-10-11 09:25:10,888 INFO  [                 org.perf4j.TimingLogger] (l.Server-4) start[1728638710875] time[12] tag[omero.call.success.ome.logic.UpdateImpl.saveObject]
2024-10-11 09:25:10,888 INFO  [                 org.perf4j.TimingLogger] (2-thread-6) start[1728638710869] time[19] tag[omero.import.request.step]
2024-10-11 09:25:10,897 INFO  [    ome.security.basic.BasicEventContext] (.Server-11)  cctx:	group=0
2024-10-11 09:25:10,906 INFO  [         ome.security.basic.EventHandler] (.Server-11)  Auth:	user=0,group=0,event=28301(User),sess=83be404c-1957-46d4-a36b-f9feca68dcf3
2024-10-11 09:25:10,910 INFO  [                 org.perf4j.TimingLogger] (.Server-11) start[1728638710895] time[15] tag[omero.call.success.ome.services.RawFileBean.close]
2024-10-11 09:25:10,911 DEBUG [                omero.util.ServantHolder] (.Server-11) Removed omero.api._RawFileStoreTie@8c6d6eda from omero.util.ServantHolder@149b3864 as bf427610-313e-44fe-b970-d86ed9ffa9aeomero.api.RawFileStore
2024-10-11 09:25:10,911 INFO  [                      omero.cmd.SessionI] (.Server-11) Unregistered servant:83be404c-1957-46d4-a36b-f9feca68dcf3/bf427610-313e-44fe-b970-d86ed9ffa9aeomero.api.RawFileStore(omero.api._RawFileStoreTie@8c6d6eda)
2024-10-11 09:25:10,913 INFO  [    ome.security.basic.BasicEventContext] (l.Server-9)  cctx:	group=0
2024-10-11 09:25:10,920 INFO  [         ome.security.basic.EventHandler] (l.Server-9)  Auth:	user=0,group=0,event=28302(User),sess=83be404c-1957-46d4-a36b-f9feca68dcf3
2024-10-11 09:25:10,925 INFO  [                 org.perf4j.TimingLogger] (l.Server-9) start[1728638710911] time[13] tag[omero.call.success.ome.services.RawPixelsBean.close]
2024-10-11 09:25:10,925 DEBUG [                omero.util.ServantHolder] (l.Server-9) Removed omero.api._RawPixelsStoreTie@93f92868 from omero.util.ServantHolder@149b3864 as c53c0ab7-a83e-4414-b65d-89f87c6fcda5omero.api.RawPixelsStore
2024-10-11 09:25:10,925 INFO  [                      omero.cmd.SessionI] (l.Server-9) Unregistered servant:83be404c-1957-46d4-a36b-f9feca68dcf3/c53c0ab7-a83e-4414-b65d-89f87c6fcda5omero.api.RawPixelsStore(omero.api._RawPixelsStoreTie@93f92868)
2024-10-11 09:25:10,926 INFO  [    ome.security.basic.BasicEventContext] (.Server-15)  cctx:	group=0
2024-10-11 09:25:10,927 INFO  [         ome.security.basic.EventHandler] (.Server-15)  Auth:	user=0,group=0,event=null(User),sess=83be404c-1957-46d4-a36b-f9feca68dcf3
2024-10-11 09:25:10,927 INFO  [                 org.perf4j.TimingLogger] (.Server-15) start[1728638710925] time[1] tag[omero.call.success.ome.services.ThumbnailBean.close]
2024-10-11 09:25:10,927 DEBUG [                omero.util.ServantHolder] (.Server-15) Removed omero.api._ThumbnailStoreTie@60f4e832 from omero.util.ServantHolder@149b3864 as 0ba51b3f-db7c-433f-a73c-10e4f84ca654omero.api.ThumbnailStore
2024-10-11 09:25:10,927 INFO  [                      omero.cmd.SessionI] (.Server-15) Unregistered servant:83be404c-1957-46d4-a36b-f9feca68dcf3/0ba51b3f-db7c-433f-a73c-10e4f84ca654omero.api.ThumbnailStore(omero.api._ThumbnailStoreTie@60f4e832)
2024-10-11 09:25:10,928 DEBUG [                omero.util.ServantHolder] (.Server-10) Removed omero.api._MetadataStoreTie@90b001be from omero.util.ServantHolder@149b3864 as 7cc2cccd-c522-462c-b2ce-3170bc6003f8omero.api.MetadataStore
2024-10-11 09:25:10,928 INFO  [                      omero.cmd.SessionI] (.Server-10) Unregistered servant:83be404c-1957-46d4-a36b-f9feca68dcf3/7cc2cccd-c522-462c-b2ce-3170bc6003f8omero.api.MetadataStore(omero.api._MetadataStoreTie@90b001be)
2024-10-11 09:25:10,928 INFO  [    o.s.blitz.repo.ManagedImportRequestI] (2-thread-6) Cleaning up import.
2024-10-11 09:25:10,932 INFO  [         ome.security.basic.EventHandler] (.Server-12)  Auth:	user=0,group=0,event=null(User),sess=83be404c-1957-46d4-a36b-f9feca68dcf3
2024-10-11 09:25:10,934 INFO  [                 org.perf4j.TimingLogger] (.Server-12) start[1728638710930] time[3] tag[omero.call.success.ome.logic.QueryImpl.get]
2024-10-11 09:25:10,943 INFO  [         ome.security.basic.EventHandler] (.Server-11)  Auth:	user=0,group=0,event=28303(User),sess=83be404c-1957-46d4-a36b-f9feca68dcf3
2024-10-11 09:25:10,954 INFO  [       ome.security.basic.CurrentDetails] (.Server-11) Adding log:UPDATE,class ome.model.core.OriginalFile,3085
2024-10-11 09:25:10,961 INFO  [                 org.perf4j.TimingLogger] (.Server-11) start[1728638710939] time[22] tag[omero.call.success.ome.logic.UpdateImpl.saveObject]
