2024-10-11 09:25:27,249 INFO  [                 org.perf4j.TimingLogger] (.Server-13) start[1728638727238] time[11] tag[omero.import.process.init]
2024-10-11 09:25:27,257 INFO  [         ome.security.basic.EventHandler] (.Server-13)  Auth:	user=0,group=0,event=28720(User),sess=83be404c-1957-46d4-a36b-f9feca68dcf3
2024-10-11 09:25:27,263 INFO  [       ome.security.basic.CurrentDetails] (.Server-13) Adding log:INSERT,class ome.model.jobs.UploadJob,3218
2024-10-11 09:25:27,263 INFO  [       ome.security.basic.CurrentDetails] (.Server-13) Adding log:INSERT,class ome.model.jobs.JobOriginalFileLink,4911
2024-10-11 09:25:27,274 INFO  [       ome.security.basic.CurrentDetails] (.Server-13) Adding log:INSERT,class ome.model.jobs.MetadataImportJob,3219
2024-10-11 09:25:27,280 INFO  [       ome.security.basic.CurrentDetails] (.Server-13) Adding log:INSERT,class ome.model.jobs.PixelDataJob,3220
2024-10-11 09:25:27,287 INFO  [       ome.security.basic.CurrentDetails] (.Server-13) Adding log:INSERT,class ome.model.jobs.ThumbnailGenerationJob,3221
2024-10-11 09:25:27,291 INFO  [       ome.security.basic.CurrentDetails] (.Server-13) Adding log:INSERT,class ome.model.jobs.IndexingJob,3222
2024-10-11 09:25:27,293 INFO  [                 org.perf4j.TimingLogger] (.Server-13) start[1728638727293] time[0] tag[omero.repo.internal_register.find_repo_files]
2024-10-11 09:25:27,296 INFO  [       ome.security.basic.CurrentDetails] (.Server-13) Adding log:INSERT,class ome.model.core.OriginalFile,3149
2024-10-11 09:25:27,297 INFO  [                 org.perf4j.TimingLogger] (.Server-13) start[1728638727294] time[2] tag[omero.repo.create_original_file.save]
2024-10-11 09:25:27,297 INFO  [                 org.perf4j.TimingLogger] (.Server-13) start[1728638727297] time[0] tag[omero.repo.create_original_file.internal_mkdir]
2024-10-11 09:25:27,297 INFO  [                 org.perf4j.TimingLogger] (.Server-13) start[1728638727297] time[0] tag[omero.repo.internal_register.load]
2024-10-11 09:25:27,297 INFO  [                 org.perf4j.TimingLogger] (.Server-13) start[1728638727297] time[0] tag[omero.repo.internal_register.sort]
2024-10-11 09:25:27,297 INFO  [                 org.perf4j.TimingLogger] (.Server-13) start[1728638727293] time[3] tag[omero.repo.save_fileset.register]
2024-10-11 09:25:27,297 INFO  [                 org.perf4j.TimingLogger] (.Server-13) start[1728638727297] time[0] tag[omero.repo.save_fileset.update_fileset_entries]
2024-10-11 09:25:27,298 INFO  [       ome.security.basic.CurrentDetails] (.Server-13) Adding log:INSERT,class ome.model.fs.Fileset,237
2024-10-11 09:25:27,299 INFO  [       ome.security.basic.CurrentDetails] (.Server-13) Adding log:INSERT,class ome.model.fs.FilesetJobLink,381
2024-10-11 09:25:27,299 INFO  [       ome.security.basic.CurrentDetails] (.Server-13) Adding log:INSERT,class ome.model.fs.FilesetJobLink,382
2024-10-11 09:25:27,299 INFO  [       ome.security.basic.CurrentDetails] (.Server-13) Adding log:INSERT,class ome.model.fs.FilesetJobLink,383
2024-10-11 09:25:27,300 INFO  [       ome.security.basic.CurrentDetails] (.Server-13) Adding log:INSERT,class ome.model.fs.FilesetJobLink,384
2024-10-11 09:25:27,300 INFO  [       ome.security.basic.CurrentDetails] (.Server-13) Adding log:INSERT,class ome.model.fs.FilesetJobLink,385
2024-10-11 09:25:27,300 INFO  [       ome.security.basic.CurrentDetails] (.Server-13) Adding log:INSERT,class ome.model.fs.FilesetEntry,237
2024-10-11 09:25:27,303 INFO  [                 org.perf4j.TimingLogger] (.Server-13) start[1728638727297] time[5] tag[omero.repo.save_fileset.save]
2024-10-11 09:25:27,310 INFO  [                 org.perf4j.TimingLogger] (.Server-13) start[1728638727251] time[58] tag[omero.call.success.ome.services.blitz.repo.RepositoryDaoImpl$8.doWork]
2024-10-11 09:25:27,312 INFO  [                 org.perf4j.TimingLogger] (.Server-13) start[1728638727251] time[60] tag[omero.repo.save_fileset]
2024-10-11 09:25:27,313 INFO  [                      omero.cmd.SessionI] (.Server-13) Added servant to adapter: 83be404c-1957-46d4-a36b-f9feca68dcf3/093fb3a3-45ab-402f-b4de-a8b6f458606c-ManagedImportProcessI(omero.grid._ImportProcessTie@78a86843)
2024-10-11 09:25:27,313 DEBUG [                omero.util.ServantHolder] (.Server-13) Added omero.grid._ImportProcessTie@78a86843 to omero.util.ServantHolder@149b3864 as 093fb3a3-45ab-402f-b4de-a8b6f458606c-ManagedImportProcessI
2024-10-11 09:25:27,313 INFO  [                 org.perf4j.TimingLogger] (.Server-13) start[1728638727251] time[62] tag[omero.import.process.create]
2024-10-11 09:25:27,322 INFO  [         ome.security.basic.EventHandler] (l.Server-4)  Auth:	user=0,group=0,event=null(User),sess=83be404c-1957-46d4-a36b-f9feca68dcf3
2024-10-11 09:25:27,325 INFO  [                 org.perf4j.TimingLogger] (l.Server-4) start[1728638727321] time[4] tag[omero.call.success.ome.services.blitz.repo.RepositoryDaoImpl$2.doWork]
2024-10-11 09:25:27,327 INFO  [         ome.security.basic.EventHandler] (l.Server-4)  Auth:	user=0,group=0,event=null(User),sess=83be404c-1957-46d4-a36b-f9feca68dcf3
2024-10-11 09:25:27,329 INFO  [                 org.perf4j.TimingLogger] (l.Server-4) start[1728638727325] time[3] tag[omero.call.success.ome.services.blitz.repo.RepositoryDaoImpl$4.doWork]
2024-10-11 09:25:27,331 INFO  [         ome.security.basic.EventHandler] (l.Server-4)  Auth:	user=0,group=0,event=null(User),sess=83be404c-1957-46d4-a36b-f9feca68dcf3
2024-10-11 09:25:27,333 INFO  [                 org.perf4j.TimingLogger] (l.Server-4) start[1728638727329] time[3] tag[omero.call.success.ome.services.blitz.repo.RepositoryDaoImpl$6.doWork]
2024-10-11 09:25:27,334 INFO  [    ome.security.basic.BasicEventContext] (l.Server-4)  cctx:	group=0
2024-10-11 09:25:27,336 INFO  [         ome.security.basic.EventHandler] (l.Server-4)  Auth:	user=0,group=0,event=null(User),sess=83be404c-1957-46d4-a36b-f9feca68dcf3
2024-10-11 09:25:27,338 INFO  [                 org.perf4j.TimingLogger] (l.Server-4) start[1728638727333] time[5] tag[omero.call.success.ome.services.blitz.repo.RepositoryDaoImpl$1.doWork]
2024-10-11 09:25:27,338 INFO  [                      omero.cmd.SessionI] (l.Server-4) Added servant to adapter: 83be404c-1957-46d4-a36b-f9feca68dcf3/d3088235-2c97-4d70-9b88-7e3e088eb0d9-RepoRawFileStoreI(omero.api._RawFileStoreTie@7211e33a)
2024-10-11 09:25:27,338 DEBUG [                omero.util.ServantHolder] (l.Server-4) Added omero.api._RawFileStoreTie@7211e33a to omero.util.ServantHolder@149b3864 as d3088235-2c97-4d70-9b88-7e3e088eb0d9-RepoRawFileStoreI
2024-10-11 09:25:27,338 INFO  [                 org.perf4j.TimingLogger] (l.Server-4) start[1728638727320] time[18] tag[omero.import.process.opener]
2024-10-11 09:25:27,339 INFO  [                 org.perf4j.TimingLogger] (l.Server-4) start[1728638727320] time[18] tag[omero.import.process.uploader]
2024-10-11 09:25:27,345 INFO  [         ome.security.basic.EventHandler] (.Server-14)  Auth:	user=0,group=0,event=null(User),sess=83be404c-1957-46d4-a36b-f9feca68dcf3
2024-10-11 09:25:27,346 INFO  [                 org.perf4j.TimingLogger] (.Server-14) start[1728638727342] time[3] tag[omero.call.success.ome.services.RawFileBean.write]
2024-10-11 09:25:27,410 INFO  [         ome.security.basic.EventHandler] (.Server-13)  Auth:	user=0,group=0,event=null(User),sess=83be404c-1957-46d4-a36b-f9feca68dcf3
2024-10-11 09:25:27,417 INFO  [                 org.perf4j.TimingLogger] (.Server-13) start[1728638727409] time[8] tag[omero.call.success.ome.services.RawFileBean.write]
2024-10-11 09:25:27,487 INFO  [         ome.security.basic.EventHandler] (.Server-10)  Auth:	user=0,group=0,event=null(User),sess=83be404c-1957-46d4-a36b-f9feca68dcf3
2024-10-11 09:25:27,494 INFO  [                 org.perf4j.TimingLogger] (.Server-10) start[1728638727485] time[9] tag[omero.call.success.ome.services.RawFileBean.write]
2024-10-11 09:25:27,542 INFO  [         ome.security.basic.EventHandler] (l.Server-4)  Auth:	user=0,group=0,event=null(User),sess=83be404c-1957-46d4-a36b-f9feca68dcf3
2024-10-11 09:25:27,550 INFO  [                 org.perf4j.TimingLogger] (l.Server-4) start[1728638727541] time[9] tag[omero.call.success.ome.services.RawFileBean.write]
2024-10-11 09:25:27,610 INFO  [         ome.security.basic.EventHandler] (.Server-14)  Auth:	user=0,group=0,event=null(User),sess=83be404c-1957-46d4-a36b-f9feca68dcf3
2024-10-11 09:25:27,616 INFO  [                 org.perf4j.TimingLogger] (.Server-14) start[1728638727609] time[7] tag[omero.call.success.ome.services.RawFileBean.write]
2024-10-11 09:25:27,691 INFO  [         ome.security.basic.EventHandler] (l.Server-9)  Auth:	user=0,group=0,event=null(User),sess=83be404c-1957-46d4-a36b-f9feca68dcf3
2024-10-11 09:25:27,698 INFO  [                 org.perf4j.TimingLogger] (l.Server-9) start[1728638727688] time[10] tag[omero.call.success.ome.services.RawFileBean.write]
2024-10-11 09:25:27,771 INFO  [         ome.security.basic.EventHandler] (.Server-13)  Auth:	user=0,group=0,event=null(User),sess=83be404c-1957-46d4-a36b-f9feca68dcf3
2024-10-11 09:25:27,778 INFO  [                 org.perf4j.TimingLogger] (.Server-13) start[1728638727770] time[8] tag[omero.call.success.ome.services.RawFileBean.write]
2024-10-11 09:25:27,842 INFO  [         ome.security.basic.EventHandler] (.Server-12)  Auth:	user=0,group=0,event=null(User),sess=83be404c-1957-46d4-a36b-f9feca68dcf3
2024-10-11 09:25:27,849 INFO  [                 org.perf4j.TimingLogger] (.Server-12) start[1728638727841] time[8] tag[omero.call.success.ome.services.RawFileBean.write]
2024-10-11 09:25:27,898 INFO  [         ome.security.basic.EventHandler] (.Server-13)  Auth:	user=0,group=0,event=null(User),sess=83be404c-1957-46d4-a36b-f9feca68dcf3
2024-10-11 09:25:27,905 INFO  [                 org.perf4j.TimingLogger] (.Server-13) start[1728638727897] time[8] tag[omero.call.success.ome.services.RawFileBean.write]
2024-10-11 09:25:27,921 INFO  [         ome.security.basic.EventHandler] (.Server-11)  Auth:	user=0,group=0,event=null(User),sess=83be404c-1957-46d4-a36b-f9feca68dcf3
2024-10-11 09:25:27,923 INFO  [                 org.perf4j.TimingLogger] (.Server-11) start[1728638727918] time[4] tag[omero.call.success.ome.services.RawFileBean.write]
2024-10-11 09:25:27,932 INFO  [         ome.security.basic.EventHandler] (l.Server-9)  Auth:	user=0,group=0,event=28733(User),sess=83be404c-1957-46d4-a36b-f9feca68dcf3
2024-10-11 09:25:27,951 INFO  [                 org.perf4j.TimingLogger] (l.Server-9) start[1728638727932] time[18] tag[omero.services.file.flush]
2024-10-11 09:25:27,988 INFO  [                 org.perf4j.TimingLogger] (l.Server-9) start[1728638727951] time[37] tag[omero.services.file.checksum]
2024-10-11 09:25:27,990 INFO  [       ome.security.basic.CurrentDetails] (l.Server-9) Adding log:UPDATE,class ome.model.core.OriginalFile,3149
2024-10-11 09:25:27,990 INFO  [                 org.perf4j.TimingLogger] (l.Server-9) start[1728638727989] time[1] tag[omero.services.file.finalize]
2024-10-11 09:25:27,994 INFO  [                 org.perf4j.TimingLogger] (l.Server-9) start[1728638727925] time[68] tag[omero.call.success.ome.services.RawFileBean.save]
2024-10-11 09:25:28,001 INFO  [         ome.security.basic.EventHandler] (.Server-15)  Auth:	user=0,group=0,event=28734(User),sess=83be404c-1957-46d4-a36b-f9feca68dcf3
2024-10-11 09:25:28,005 INFO  [                 org.perf4j.TimingLogger] (.Server-15) start[1728638727996] time[8] tag[omero.call.success.ome.services.RawFileBean.close]
2024-10-11 09:25:28,005 DEBUG [                omero.util.ServantHolder] (.Server-15) Removed omero.api._RawFileStoreTie@7211e33a from omero.util.ServantHolder@149b3864 as d3088235-2c97-4d70-9b88-7e3e088eb0d9-RepoRawFileStoreI
2024-10-11 09:25:28,005 INFO  [                      omero.cmd.SessionI] (.Server-15) Unregistered servant:83be404c-1957-46d4-a36b-f9feca68dcf3/d3088235-2c97-4d70-9b88-7e3e088eb0d9-RepoRawFileStoreI(omero.api._RawFileStoreTie@7211e33a)
2024-10-11 09:25:28,008 INFO  [         ome.security.basic.EventHandler] (.Server-13)  Auth:	user=0,group=0,event=null(User),sess=83be404c-1957-46d4-a36b-f9feca68dcf3
2024-10-11 09:25:28,008 INFO  [                 org.perf4j.TimingLogger] (.Server-13) start[1728638728006] time[2] tag[omero.call.success.ome.services.blitz.impl.ServiceFactoryI$3.doWork]
2024-10-11 09:25:28,013 INFO  [                 org.perf4j.TimingLogger] (.Server-13) start[1728638728008] time[4] tag[omero.import.process.checksum]
2024-10-11 09:25:28,018 INFO  [         ome.security.basic.EventHandler] (.Server-13)  Auth:	user=0,group=0,event=28735(User),sess=83be404c-1957-46d4-a36b-f9feca68dcf3
2024-10-11 09:25:28,039 INFO  [       ome.security.basic.CurrentDetails] (.Server-13) Adding log:UPDATE,class ome.model.jobs.UploadJob,3218
2024-10-11 09:25:28,045 INFO  [                 org.perf4j.TimingLogger] (.Server-13) start[1728638728013] time[31] tag[omero.call.success.ome.services.blitz.repo.RepositoryDaoImpl$12.doWork]
2024-10-11 09:25:28,049 INFO  [         ome.security.basic.EventHandler] (.Server-13)  Auth:	user=0,group=0,event=null(User),sess=83be404c-1957-46d4-a36b-f9feca68dcf3
2024-10-11 09:25:28,052 INFO  [                 org.perf4j.TimingLogger] (.Server-13) start[1728638728046] time[5] tag[omero.call.success.ome.services.blitz.repo.RepositoryDaoImpl$2.doWork]
2024-10-11 09:25:28,054 INFO  [         ome.security.basic.EventHandler] (.Server-13)  Auth:	user=0,group=0,event=null(User),sess=83be404c-1957-46d4-a36b-f9feca68dcf3
2024-10-11 09:25:28,055 INFO  [                 org.perf4j.TimingLogger] (.Server-13) start[1728638728052] time[2] tag[omero.call.success.ome.services.blitz.repo.RepositoryDaoImpl$4.doWork]
2024-10-11 09:25:28,055 INFO  [       ome.formats.importer.ImportConfig] (.Server-13) OMERO.blitz Version: 5.7.3
2024-10-11 09:25:28,055 INFO  [       ome.formats.importer.ImportConfig] (.Server-13) Bioformats version: 7.3.0 revision: acc4b6de79e55275b5e6c8200f8458f6d93c9ba0 date: 18 April 2024
2024-10-11 09:25:28,056 INFO  [                      omero.cmd.SessionI] (.Server-13) Added servant to adapter: 83be404c-1957-46d4-a36b-f9feca68dcf3/IHandle4440e3b8-9fa9-4c08-b505-d427b6f33d3c(omero.cmd._HandleTie@2191d646)
2024-10-11 09:25:28,056 DEBUG [                omero.util.ServantHolder] (.Server-13) Added omero.cmd._HandleTie@2191d646 to omero.util.ServantHolder@149b3864 as IHandle4440e3b8-9fa9-4c08-b505-d427b6f33d3c
2024-10-11 09:25:28,056 INFO  [                 org.perf4j.TimingLogger] (.Server-13) start[1728638728056] time[0] tag[omero.background.submit]
2024-10-11 09:25:28,056 INFO  [                 org.perf4j.TimingLogger] (.Server-13) start[1728638728013] time[43] tag[omero.import.process.submit]
2024-10-11 09:25:28,059 DEBUG [                omero.util.ServantHolder] (l.Server-4) Removed omero.grid._ImportProcessTie@78a86843 from omero.util.ServantHolder@149b3864 as 093fb3a3-45ab-402f-b4de-a8b6f458606c-ManagedImportProcessI
2024-10-11 09:25:28,059 INFO  [                      omero.cmd.SessionI] (l.Server-4) Unregistered servant:83be404c-1957-46d4-a36b-f9feca68dcf3/093fb3a3-45ab-402f-b4de-a8b6f458606c-ManagedImportProcessI(omero.grid._ImportProcessTie@78a86843)
2024-10-11 09:25:28,069 INFO  [    ome.formats.OMEROMetadataStoreClient] (2-thread-3) Call context: {omero.group:0}
2024-10-11 09:25:28,069 INFO  [    ome.formats.OMEROMetadataStoreClient] (2-thread-3) Call context: {omero.logfilename:root_0/2024-10/11/09-25-27.134.log}
2024-10-11 09:25:28,074 INFO  [    ome.security.basic.BasicEventContext] (l.Server-9)  cctx:	group=0
2024-10-11 09:25:28,076 INFO  [         ome.security.basic.EventHandler] (l.Server-9)  Auth:	user=0,group=0,event=null(User),sess=83be404c-1957-46d4-a36b-f9feca68dcf3
2024-10-11 09:25:28,080 INFO  [                 org.perf4j.TimingLogger] (l.Server-9) start[1728638728074] time[6] tag[omero.call.success.ome.logic.AdminImpl.getEventContext]
2024-10-11 09:25:28,112 INFO  [    ome.formats.OMEROMetadataStoreClient] (2-thread-3) Pinging session every 300s.
2024-10-11 09:25:28,132 INFO  [                loci.formats.ImageReader] (2-thread-3) IonpathMIBITiffReader initializing /OMERO/ManagedRepository/root_0/2024-10/11/09-25-27.134/TA459_multipleCores2_Run-4_Point30.tiff
2024-10-11 09:25:28,133 INFO  [       loci.formats.in.MinimalTiffReader] (2-thread-3) Reading IFDs
2024-10-11 09:25:28,134 INFO  [       loci.formats.in.MinimalTiffReader] (2-thread-3) Populating metadata
2024-10-11 09:25:28,135 INFO  [          loci.formats.in.BaseTiffReader] (2-thread-3) Populating OME metadata
2024-10-11 09:25:28,140 INFO  [    ome.security.basic.BasicEventContext] (l.Server-4)  cctx:	group=0
2024-10-11 09:25:28,141 INFO  [         ome.security.basic.EventHandler] (l.Server-4)  Auth:	user=0,group=0,event=null(User),sess=83be404c-1957-46d4-a36b-f9feca68dcf3
2024-10-11 09:25:28,143 INFO  [                 org.perf4j.TimingLogger] (l.Server-4) start[1728638728140] time[3] tag[omero.call.success.ome.logic.QueryImpl.findAll]
2024-10-11 09:25:28,147 INFO  [    ome.security.basic.BasicEventContext] (.Server-14)  cctx:	group=0
2024-10-11 09:25:28,148 INFO  [         ome.security.basic.EventHandler] (.Server-14)  Auth:	user=0,group=0,event=null(User),sess=83be404c-1957-46d4-a36b-f9feca68dcf3
2024-10-11 09:25:28,148 INFO  [                 org.perf4j.TimingLogger] (.Server-14) start[1728638728146] time[2] tag[omero.call.success.ome.logic.QueryImpl.findAll]
2024-10-11 09:25:28,150 INFO  [    ome.security.basic.BasicEventContext] (.Server-11)  cctx:	group=0
2024-10-11 09:25:28,151 INFO  [         ome.security.basic.EventHandler] (.Server-11)  Auth:	user=0,group=0,event=null(User),sess=83be404c-1957-46d4-a36b-f9feca68dcf3
2024-10-11 09:25:28,152 INFO  [                 org.perf4j.TimingLogger] (.Server-11) start[1728638728149] time[2] tag[omero.call.success.ome.logic.QueryImpl.findAll]
2024-10-11 09:25:28,154 INFO  [    ome.security.basic.BasicEventContext] (l.Server-9)  cctx:	group=0
2024-10-11 09:25:28,156 INFO  [         ome.security.basic.EventHandler] (l.Server-9)  Auth:	user=0,group=0,event=null(User),sess=83be404c-1957-46d4-a36b-f9feca68dcf3
2024-10-11 09:25:28,157 INFO  [                 org.perf4j.TimingLogger] (l.Server-9) start[1728638728154] time[3] tag[omero.call.success.ome.logic.QueryImpl.findAll]
2024-10-11 09:25:28,193 DEBUG [                   loci.formats.Memoizer] (2-thread-3) saved to temp file: /OMERO/BioFormatsCache/OMERO/ManagedRepository/root_0/2024-10/11/09-25-27.134/.TA459_multipleCores2_Run-4_Point30.tiff.bfmemo13538675427288453780
2024-10-11 09:25:28,193 DEBUG [                   loci.formats.Memoizer] (2-thread-3) start[1728638728171] time[22] tag[loci.formats.Memoizer.saveMemo]
2024-10-11 09:25:28,193 DEBUG [                   loci.formats.Memoizer] (2-thread-3) saved memo file: /OMERO/BioFormatsCache/OMERO/ManagedRepository/root_0/2024-10/11/09-25-27.134/.TA459_multipleCores2_Run-4_Point30.tiff.bfmemo (50743 bytes)
2024-10-11 09:25:28,193 DEBUG [                   loci.formats.Memoizer] (2-thread-3) start[1728638728112] time[81] tag[loci.formats.Memoizer.setId]
2024-10-11 09:25:28,193 DEBUG [    o.s.blitz.repo.ManagedImportRequestI] (2-thread-3) Image Count: 44
2024-10-11 09:25:28,193 INFO  [    o.s.blitz.repo.ManagedImportRequestI] (2-thread-3) File format: Ionpath MIBI
2024-10-11 09:25:28,193 INFO  [    o.s.blitz.repo.ManagedImportRequestI] (2-thread-3) Base reader: loci.formats.in.IonpathMIBITiffReader
2024-10-11 09:25:28,193 INFO  [                 org.perf4j.TimingLogger] (2-thread-3) start[1728638728067] time[126] tag[omero.import.request.init]
2024-10-11 09:25:28,193 DEBUG [    o.s.blitz.repo.ManagedImportRequestI] (2-thread-3) Step 0
2024-10-11 09:25:28,194 WARN  [    ome.formats.model.ReferenceProcessor] (2-thread-3) Unknown target class for LSID: Image:SIMS
2024-10-11 09:25:28,194 INFO  [    ome.formats.OMEROMetadataStoreClient] (2-thread-3) Handling # of containers: 91
2024-10-11 09:25:28,196 INFO  [    ome.security.basic.BasicEventContext] (.Server-15)  cctx:	group=0
2024-10-11 09:25:28,198 INFO  [         ome.security.basic.EventHandler] (.Server-15)  Auth:	user=0,group=0,event=null(User),sess=83be404c-1957-46d4-a36b-f9feca68dcf3
2024-10-11 09:25:28,198 INFO  [                 org.perf4j.TimingLogger] (.Server-15) start[1728638728196] time[2] tag[omero.call.success.ome.services.blitz.impl.MetadataStoreI$4.doWork]
2024-10-11 09:25:28,199 INFO  [    ome.formats.OMEROMetadataStoreClient] (2-thread-3) Handling # of references: 1
2024-10-11 09:25:28,199 INFO  [    ome.security.basic.BasicEventContext] (.Server-13)  cctx:	group=0
2024-10-11 09:25:28,201 INFO  [         ome.security.basic.EventHandler] (.Server-13)  Auth:	user=0,group=0,event=null(User),sess=83be404c-1957-46d4-a36b-f9feca68dcf3
2024-10-11 09:25:28,201 INFO  [                 org.perf4j.TimingLogger] (.Server-13) start[1728638728199] time[2] tag[omero.call.success.ome.services.blitz.impl.MetadataStoreI$5.doWork]
2024-10-11 09:25:28,204 INFO  [    ome.security.basic.BasicEventContext] (.Server-12)  cctx:	group=0
2024-10-11 09:25:28,209 INFO  [         ome.security.basic.EventHandler] (.Server-12)  Auth:	user=0,group=0,event=28739(User),sess=83be404c-1957-46d4-a36b-f9feca68dcf3
2024-10-11 09:25:28,225 INFO  [       ome.security.basic.CurrentDetails] (.Server-12) Adding log:INSERT,class ome.model.core.Image,237
2024-10-11 09:25:28,225 INFO  [       ome.security.basic.CurrentDetails] (.Server-12) Adding log:INSERT,class ome.model.containers.DatasetImageLink,237
2024-10-11 09:25:28,226 INFO  [       ome.security.basic.CurrentDetails] (.Server-12) Adding log:INSERT,class ome.model.core.Pixels,237
2024-10-11 09:25:28,226 INFO  [       ome.security.basic.CurrentDetails] (.Server-12) Adding log:INSERT,class ome.model.core.LogicalChannel,2135
2024-10-11 09:25:28,226 INFO  [       ome.security.basic.CurrentDetails] (.Server-12) Adding log:INSERT,class ome.model.core.Channel,2135
2024-10-11 09:25:28,227 INFO  [       ome.security.basic.CurrentDetails] (.Server-12) Adding log:INSERT,class ome.model.core.LogicalChannel,2136
2024-10-11 09:25:28,227 INFO  [       ome.security.basic.CurrentDetails] (.Server-12) Adding log:INSERT,class ome.model.core.Channel,2136
2024-10-11 09:25:28,227 INFO  [       ome.security.basic.CurrentDetails] (.Server-12) Adding log:INSERT,class ome.model.core.LogicalChannel,2137
2024-10-11 09:25:28,228 INFO  [       ome.security.basic.CurrentDetails] (.Server-12) Adding log:INSERT,class ome.model.core.Channel,2137
2024-10-11 09:25:28,228 INFO  [       ome.security.basic.CurrentDetails] (.Server-12) Adding log:INSERT,class ome.model.core.LogicalChannel,2138
2024-10-11 09:25:28,229 INFO  [       ome.security.basic.CurrentDetails] (.Server-12) Adding log:INSERT,class ome.model.core.Channel,2138
2024-10-11 09:25:28,230 INFO  [       ome.security.basic.CurrentDetails] (.Server-12) Adding log:INSERT,class ome.model.core.LogicalChannel,2139
2024-10-11 09:25:28,230 INFO  [       ome.security.basic.CurrentDetails] (.Server-12) Adding log:INSERT,class ome.model.core.Channel,2139
2024-10-11 09:25:28,231 INFO  [       ome.security.basic.CurrentDetails] (.Server-12) Adding log:INSERT,class ome.model.core.LogicalChannel,2140
2024-10-11 09:25:28,231 INFO  [       ome.security.basic.CurrentDetails] (.Server-12) Adding log:INSERT,class ome.model.core.Channel,2140
2024-10-11 09:25:28,231 INFO  [       ome.security.basic.CurrentDetails] (.Server-12) Adding log:INSERT,class ome.model.core.LogicalChannel,2141
2024-10-11 09:25:28,231 INFO  [       ome.security.basic.CurrentDetails] (.Server-12) Adding log:INSERT,class ome.model.core.Channel,2141
2024-10-11 09:25:28,232 INFO  [       ome.security.basic.CurrentDetails] (.Server-12) Adding log:INSERT,class ome.model.core.LogicalChannel,2142
2024-10-11 09:25:28,232 INFO  [       ome.security.basic.CurrentDetails] (.Server-12) Adding log:INSERT,class ome.model.core.Channel,2142
2024-10-11 09:25:28,232 INFO  [       ome.security.basic.CurrentDetails] (.Server-12) Adding log:INSERT,class ome.model.core.LogicalChannel,2143
2024-10-11 09:25:28,233 INFO  [       ome.security.basic.CurrentDetails] (.Server-12) Adding log:INSERT,class ome.model.core.Channel,2143
2024-10-11 09:25:28,233 INFO  [       ome.security.basic.CurrentDetails] (.Server-12) Adding log:INSERT,class ome.model.core.LogicalChannel,2144
2024-10-11 09:25:28,233 INFO  [       ome.security.basic.CurrentDetails] (.Server-12) Adding log:INSERT,class ome.model.core.Channel,2144
2024-10-11 09:25:28,233 INFO  [       ome.security.basic.CurrentDetails] (.Server-12) Adding log:INSERT,class ome.model.core.LogicalChannel,2145
2024-10-11 09:25:28,234 INFO  [       ome.security.basic.CurrentDetails] (.Server-12) Adding log:INSERT,class ome.model.core.Channel,2145
2024-10-11 09:25:28,234 INFO  [       ome.security.basic.CurrentDetails] (.Server-12) Adding log:INSERT,class ome.model.core.LogicalChannel,2146
2024-10-11 09:25:28,234 INFO  [       ome.security.basic.CurrentDetails] (.Server-12) Adding log:INSERT,class ome.model.core.Channel,2146
2024-10-11 09:25:28,234 INFO  [       ome.security.basic.CurrentDetails] (.Server-12) Adding log:INSERT,class ome.model.core.LogicalChannel,2147
2024-10-11 09:25:28,235 INFO  [       ome.security.basic.CurrentDetails] (.Server-12) Adding log:INSERT,class ome.model.core.Channel,2147
2024-10-11 09:25:28,235 INFO  [       ome.security.basic.CurrentDetails] (.Server-12) Adding log:INSERT,class ome.model.core.LogicalChannel,2148
2024-10-11 09:25:28,236 INFO  [       ome.security.basic.CurrentDetails] (.Server-12) Adding log:INSERT,class ome.model.core.Channel,2148
2024-10-11 09:25:28,236 INFO  [       ome.security.basic.CurrentDetails] (.Server-12) Adding log:INSERT,class ome.model.core.LogicalChannel,2149
2024-10-11 09:25:28,236 INFO  [       ome.security.basic.CurrentDetails] (.Server-12) Adding log:INSERT,class ome.model.core.Channel,2149
2024-10-11 09:25:28,237 INFO  [       ome.security.basic.CurrentDetails] (.Server-12) Adding log:INSERT,class ome.model.core.LogicalChannel,2150
2024-10-11 09:25:28,237 INFO  [       ome.security.basic.CurrentDetails] (.Server-12) Adding log:INSERT,class ome.model.core.Channel,2150
2024-10-11 09:25:28,237 INFO  [       ome.security.basic.CurrentDetails] (.Server-12) Adding log:INSERT,class ome.model.core.LogicalChannel,2151
2024-10-11 09:25:28,237 INFO  [       ome.security.basic.CurrentDetails] (.Server-12) Adding log:INSERT,class ome.model.core.Channel,2151
2024-10-11 09:25:28,238 INFO  [       ome.security.basic.CurrentDetails] (.Server-12) Adding log:INSERT,class ome.model.core.LogicalChannel,2152
2024-10-11 09:25:28,238 INFO  [       ome.security.basic.CurrentDetails] (.Server-12) Adding log:INSERT,class ome.model.core.Channel,2152
2024-10-11 09:25:28,238 INFO  [       ome.security.basic.CurrentDetails] (.Server-12) Adding log:INSERT,class ome.model.core.LogicalChannel,2153
2024-10-11 09:25:28,238 INFO  [       ome.security.basic.CurrentDetails] (.Server-12) Adding log:INSERT,class ome.model.core.Channel,2153
2024-10-11 09:25:28,238 INFO  [       ome.security.basic.CurrentDetails] (.Server-12) Adding log:INSERT,class ome.model.core.LogicalChannel,2154
2024-10-11 09:25:28,239 INFO  [       ome.security.basic.CurrentDetails] (.Server-12) Adding log:INSERT,class ome.model.core.Channel,2154
2024-10-11 09:25:28,239 INFO  [       ome.security.basic.CurrentDetails] (.Server-12) Adding log:INSERT,class ome.model.core.LogicalChannel,2155
2024-10-11 09:25:28,239 INFO  [       ome.security.basic.CurrentDetails] (.Server-12) Adding log:INSERT,class ome.model.core.Channel,2155
2024-10-11 09:25:28,239 INFO  [       ome.security.basic.CurrentDetails] (.Server-12) Adding log:INSERT,class ome.model.core.LogicalChannel,2156
2024-10-11 09:25:28,240 INFO  [       ome.security.basic.CurrentDetails] (.Server-12) Adding log:INSERT,class ome.model.core.Channel,2156
2024-10-11 09:25:28,240 INFO  [       ome.security.basic.CurrentDetails] (.Server-12) Adding log:INSERT,class ome.model.core.LogicalChannel,2157
2024-10-11 09:25:28,240 INFO  [       ome.security.basic.CurrentDetails] (.Server-12) Adding log:INSERT,class ome.model.core.Channel,2157
2024-10-11 09:25:28,240 INFO  [       ome.security.basic.CurrentDetails] (.Server-12) Adding log:INSERT,class ome.model.core.LogicalChannel,2158
2024-10-11 09:25:28,240 INFO  [       ome.security.basic.CurrentDetails] (.Server-12) Adding log:INSERT,class ome.model.core.Channel,2158
2024-10-11 09:25:28,241 INFO  [       ome.security.basic.CurrentDetails] (.Server-12) Adding log:INSERT,class ome.model.core.LogicalChannel,2159
2024-10-11 09:25:28,241 INFO  [       ome.security.basic.CurrentDetails] (.Server-12) Adding log:INSERT,class ome.model.core.Channel,2159
2024-10-11 09:25:28,241 INFO  [       ome.security.basic.CurrentDetails] (.Server-12) Adding log:INSERT,class ome.model.core.LogicalChannel,2160
2024-10-11 09:25:28,242 INFO  [       ome.security.basic.CurrentDetails] (.Server-12) Adding log:INSERT,class ome.model.core.Channel,2160
2024-10-11 09:25:28,242 INFO  [       ome.security.basic.CurrentDetails] (.Server-12) Adding log:INSERT,class ome.model.core.LogicalChannel,2161
2024-10-11 09:25:28,242 INFO  [       ome.security.basic.CurrentDetails] (.Server-12) Adding log:INSERT,class ome.model.core.Channel,2161
2024-10-11 09:25:28,243 INFO  [       ome.security.basic.CurrentDetails] (.Server-12) Adding log:INSERT,class ome.model.core.LogicalChannel,2162
2024-10-11 09:25:28,243 INFO  [       ome.security.basic.CurrentDetails] (.Server-12) Adding log:INSERT,class ome.model.core.Channel,2162
2024-10-11 09:25:28,244 INFO  [       ome.security.basic.CurrentDetails] (.Server-12) Adding log:INSERT,class ome.model.core.LogicalChannel,2163
2024-10-11 09:25:28,245 INFO  [       ome.security.basic.CurrentDetails] (.Server-12) Adding log:INSERT,class ome.model.core.Channel,2163
2024-10-11 09:25:28,245 INFO  [       ome.security.basic.CurrentDetails] (.Server-12) Adding log:INSERT,class ome.model.core.LogicalChannel,2164
2024-10-11 09:25:28,246 INFO  [       ome.security.basic.CurrentDetails] (.Server-12) Adding log:INSERT,class ome.model.core.Channel,2164
2024-10-11 09:25:28,246 INFO  [       ome.security.basic.CurrentDetails] (.Server-12) Adding log:INSERT,class ome.model.core.LogicalChannel,2165
2024-10-11 09:25:28,247 INFO  [       ome.security.basic.CurrentDetails] (.Server-12) Adding log:INSERT,class ome.model.core.Channel,2165
2024-10-11 09:25:28,247 INFO  [       ome.security.basic.CurrentDetails] (.Server-12) Adding log:INSERT,class ome.model.core.LogicalChannel,2166
2024-10-11 09:25:28,247 INFO  [       ome.security.basic.CurrentDetails] (.Server-12) Adding log:INSERT,class ome.model.core.Channel,2166
2024-10-11 09:25:28,248 INFO  [       ome.security.basic.CurrentDetails] (.Server-12) Adding log:INSERT,class ome.model.core.LogicalChannel,2167
2024-10-11 09:25:28,248 INFO  [       ome.security.basic.CurrentDetails] (.Server-12) Adding log:INSERT,class ome.model.core.Channel,2167
2024-10-11 09:25:28,248 INFO  [       ome.security.basic.CurrentDetails] (.Server-12) Adding log:INSERT,class ome.model.core.LogicalChannel,2168
2024-10-11 09:25:28,249 INFO  [       ome.security.basic.CurrentDetails] (.Server-12) Adding log:INSERT,class ome.model.core.Channel,2168
2024-10-11 09:25:28,250 INFO  [       ome.security.basic.CurrentDetails] (.Server-12) Adding log:INSERT,class ome.model.core.LogicalChannel,2169
2024-10-11 09:25:28,250 INFO  [       ome.security.basic.CurrentDetails] (.Server-12) Adding log:INSERT,class ome.model.core.Channel,2169
2024-10-11 09:25:28,250 INFO  [       ome.security.basic.CurrentDetails] (.Server-12) Adding log:INSERT,class ome.model.core.LogicalChannel,2170
2024-10-11 09:25:28,250 INFO  [       ome.security.basic.CurrentDetails] (.Server-12) Adding log:INSERT,class ome.model.core.Channel,2170
2024-10-11 09:25:28,251 INFO  [       ome.security.basic.CurrentDetails] (.Server-12) Adding log:INSERT,class ome.model.core.LogicalChannel,2171
2024-10-11 09:25:28,251 INFO  [       ome.security.basic.CurrentDetails] (.Server-12) Adding log:INSERT,class ome.model.core.Channel,2171
2024-10-11 09:25:28,251 INFO  [       ome.security.basic.CurrentDetails] (.Server-12) Adding log:INSERT,class ome.model.core.LogicalChannel,2172
2024-10-11 09:25:28,251 INFO  [       ome.security.basic.CurrentDetails] (.Server-12) Adding log:INSERT,class ome.model.core.Channel,2172
2024-10-11 09:25:28,252 INFO  [       ome.security.basic.CurrentDetails] (.Server-12) Adding log:INSERT,class ome.model.core.LogicalChannel,2173
2024-10-11 09:25:28,252 INFO  [       ome.security.basic.CurrentDetails] (.Server-12) Adding log:INSERT,class ome.model.core.Channel,2173
2024-10-11 09:25:28,252 INFO  [       ome.security.basic.CurrentDetails] (.Server-12) Adding log:INSERT,class ome.model.core.LogicalChannel,2174
2024-10-11 09:25:28,252 INFO  [       ome.security.basic.CurrentDetails] (.Server-12) Adding log:INSERT,class ome.model.core.Channel,2174
2024-10-11 09:25:28,253 INFO  [       ome.security.basic.CurrentDetails] (.Server-12) Adding log:INSERT,class ome.model.core.LogicalChannel,2175
2024-10-11 09:25:28,253 INFO  [       ome.security.basic.CurrentDetails] (.Server-12) Adding log:INSERT,class ome.model.core.Channel,2175
2024-10-11 09:25:28,253 INFO  [       ome.security.basic.CurrentDetails] (.Server-12) Adding log:INSERT,class ome.model.core.LogicalChannel,2176
2024-10-11 09:25:28,253 INFO  [       ome.security.basic.CurrentDetails] (.Server-12) Adding log:INSERT,class ome.model.core.Channel,2176
2024-10-11 09:25:28,254 INFO  [       ome.security.basic.CurrentDetails] (.Server-12) Adding log:INSERT,class ome.model.core.LogicalChannel,2177
2024-10-11 09:25:28,254 INFO  [       ome.security.basic.CurrentDetails] (.Server-12) Adding log:INSERT,class ome.model.core.Channel,2177
2024-10-11 09:25:28,255 INFO  [       ome.security.basic.CurrentDetails] (.Server-12) Adding log:INSERT,class ome.model.core.LogicalChannel,2178
2024-10-11 09:25:28,256 INFO  [       ome.security.basic.CurrentDetails] (.Server-12) Adding log:INSERT,class ome.model.core.Channel,2178
2024-10-11 09:25:28,268 INFO  [                 org.perf4j.TimingLogger] (.Server-12) start[1728638728209] time[59] tag[omero.saveImportGraph]
2024-10-11 09:25:28,281 INFO  [                 org.perf4j.TimingLogger] (.Server-12) start[1728638728203] time[78] tag[omero.call.success.ome.services.blitz.impl.MetadataStoreI$3.doWork]
2024-10-11 09:25:28,286 INFO  [                 org.perf4j.TimingLogger] (2-thread-3) start[1728638728193] time[92] tag[omero.import.request.metadata]
2024-10-11 09:25:28,287 INFO  [    ome.security.basic.BasicEventContext] (l.Server-4)  cctx:	group=0
2024-10-11 09:25:28,289 INFO  [         ome.security.basic.EventHandler] (l.Server-4)  Auth:	user=0,group=0,event=null(User),sess=83be404c-1957-46d4-a36b-f9feca68dcf3
2024-10-11 09:25:28,291 INFO  [                 org.perf4j.TimingLogger] (l.Server-4) start[1728638728286] time[4] tag[omero.call.success.ome.logic.QueryImpl.get]
2024-10-11 09:25:28,292 INFO  [    ome.security.basic.BasicEventContext] (.Server-14)  cctx:	group=0
2024-10-11 09:25:28,297 INFO  [         ome.security.basic.EventHandler] (.Server-14)  Auth:	user=0,group=0,event=28740(User),sess=83be404c-1957-46d4-a36b-f9feca68dcf3
2024-10-11 09:25:28,298 INFO  [       ome.security.basic.CurrentDetails] (.Server-14) Adding log:UPDATE,class ome.model.core.OriginalFile,3148
2024-10-11 09:25:28,304 INFO  [                 org.perf4j.TimingLogger] (.Server-14) start[1728638728291] time[12] tag[omero.call.success.ome.logic.UpdateImpl.saveObject]
2024-10-11 09:25:28,304 INFO  [                 org.perf4j.TimingLogger] (2-thread-3) start[1728638728193] time[110] tag[omero.import.request.step]
2024-10-11 09:25:28,304 DEBUG [    o.s.blitz.repo.ManagedImportRequestI] (2-thread-3) Step 1
2024-10-11 09:25:28,305 DEBUG [    o.s.blitz.repo.ManagedImportRequestI] (2-thread-3) Plane:0 X:0 Y:0 TileWidth:2048 TileHeight:2048 arrayBuf.length:8388608
2024-10-11 09:25:28,380 DEBUG [    o.s.blitz.repo.ManagedImportRequestI] (2-thread-3) Plane:1 X:0 Y:0 TileWidth:2048 TileHeight:2048 arrayBuf.length:8388608
2024-10-11 09:25:28,456 DEBUG [    o.s.blitz.repo.ManagedImportRequestI] (2-thread-3) Plane:2 X:0 Y:0 TileWidth:2048 TileHeight:2048 arrayBuf.length:8388608
2024-10-11 09:25:28,521 DEBUG [    o.s.blitz.repo.ManagedImportRequestI] (2-thread-3) Plane:3 X:0 Y:0 TileWidth:2048 TileHeight:2048 arrayBuf.length:8388608
2024-10-11 09:25:28,622 DEBUG [    o.s.blitz.repo.ManagedImportRequestI] (2-thread-3) Plane:4 X:0 Y:0 TileWidth:2048 TileHeight:2048 arrayBuf.length:8388608
2024-10-11 09:25:28,689 DEBUG [    o.s.blitz.repo.ManagedImportRequestI] (2-thread-3) Plane:5 X:0 Y:0 TileWidth:2048 TileHeight:2048 arrayBuf.length:8388608
2024-10-11 09:25:28,768 DEBUG [    o.s.blitz.repo.ManagedImportRequestI] (2-thread-3) Plane:6 X:0 Y:0 TileWidth:2048 TileHeight:2048 arrayBuf.length:8388608
2024-10-11 09:25:28,822 DEBUG [    o.s.blitz.repo.ManagedImportRequestI] (2-thread-3) Plane:7 X:0 Y:0 TileWidth:2048 TileHeight:2048 arrayBuf.length:8388608
2024-10-11 09:25:28,897 DEBUG [    o.s.blitz.repo.ManagedImportRequestI] (2-thread-3) Plane:8 X:0 Y:0 TileWidth:2048 TileHeight:2048 arrayBuf.length:8388608
2024-10-11 09:25:28,974 DEBUG [    o.s.blitz.repo.ManagedImportRequestI] (2-thread-3) Plane:9 X:0 Y:0 TileWidth:2048 TileHeight:2048 arrayBuf.length:8388608
2024-10-11 09:25:29,029 DEBUG [    o.s.blitz.repo.ManagedImportRequestI] (2-thread-3) Plane:10 X:0 Y:0 TileWidth:2048 TileHeight:2048 arrayBuf.length:8388608
2024-10-11 09:25:29,084 DEBUG [    o.s.blitz.repo.ManagedImportRequestI] (2-thread-3) Plane:11 X:0 Y:0 TileWidth:2048 TileHeight:2048 arrayBuf.length:8388608
2024-10-11 09:25:29,141 DEBUG [    o.s.blitz.repo.ManagedImportRequestI] (2-thread-3) Plane:12 X:0 Y:0 TileWidth:2048 TileHeight:2048 arrayBuf.length:8388608
2024-10-11 09:25:29,214 DEBUG [    o.s.blitz.repo.ManagedImportRequestI] (2-thread-3) Plane:13 X:0 Y:0 TileWidth:2048 TileHeight:2048 arrayBuf.length:8388608
2024-10-11 09:25:29,276 DEBUG [    o.s.blitz.repo.ManagedImportRequestI] (2-thread-3) Plane:14 X:0 Y:0 TileWidth:2048 TileHeight:2048 arrayBuf.length:8388608
2024-10-11 09:25:29,337 DEBUG [    o.s.blitz.repo.ManagedImportRequestI] (2-thread-3) Plane:15 X:0 Y:0 TileWidth:2048 TileHeight:2048 arrayBuf.length:8388608
2024-10-11 09:25:29,404 DEBUG [    o.s.blitz.repo.ManagedImportRequestI] (2-thread-3) Plane:16 X:0 Y:0 TileWidth:2048 TileHeight:2048 arrayBuf.length:8388608
2024-10-11 09:25:29,466 DEBUG [    o.s.blitz.repo.ManagedImportRequestI] (2-thread-3) Plane:17 X:0 Y:0 TileWidth:2048 TileHeight:2048 arrayBuf.length:8388608
2024-10-11 09:25:29,516 DEBUG [    o.s.blitz.repo.ManagedImportRequestI] (2-thread-3) Plane:18 X:0 Y:0 TileWidth:2048 TileHeight:2048 arrayBuf.length:8388608
2024-10-11 09:25:29,574 DEBUG [    o.s.blitz.repo.ManagedImportRequestI] (2-thread-3) Plane:19 X:0 Y:0 TileWidth:2048 TileHeight:2048 arrayBuf.length:8388608
2024-10-11 09:25:29,643 DEBUG [    o.s.blitz.repo.ManagedImportRequestI] (2-thread-3) Plane:20 X:0 Y:0 TileWidth:2048 TileHeight:2048 arrayBuf.length:8388608
2024-10-11 09:25:29,699 DEBUG [    o.s.blitz.repo.ManagedImportRequestI] (2-thread-3) Plane:21 X:0 Y:0 TileWidth:2048 TileHeight:2048 arrayBuf.length:8388608
2024-10-11 09:25:29,773 DEBUG [    o.s.blitz.repo.ManagedImportRequestI] (2-thread-3) Plane:22 X:0 Y:0 TileWidth:2048 TileHeight:2048 arrayBuf.length:8388608
2024-10-11 09:25:29,826 DEBUG [    o.s.blitz.repo.ManagedImportRequestI] (2-thread-3) Plane:23 X:0 Y:0 TileWidth:2048 TileHeight:2048 arrayBuf.length:8388608
2024-10-11 09:25:29,902 DEBUG [    o.s.blitz.repo.ManagedImportRequestI] (2-thread-3) Plane:24 X:0 Y:0 TileWidth:2048 TileHeight:2048 arrayBuf.length:8388608
2024-10-11 09:25:30,002 DEBUG [    o.s.blitz.repo.ManagedImportRequestI] (2-thread-3) Plane:25 X:0 Y:0 TileWidth:2048 TileHeight:2048 arrayBuf.length:8388608
2024-10-11 09:25:30,079 DEBUG [    o.s.blitz.repo.ManagedImportRequestI] (2-thread-3) Plane:26 X:0 Y:0 TileWidth:2048 TileHeight:2048 arrayBuf.length:8388608
2024-10-11 09:25:30,161 DEBUG [    o.s.blitz.repo.ManagedImportRequestI] (2-thread-3) Plane:27 X:0 Y:0 TileWidth:2048 TileHeight:2048 arrayBuf.length:8388608
2024-10-11 09:25:30,251 DEBUG [    o.s.blitz.repo.ManagedImportRequestI] (2-thread-3) Plane:28 X:0 Y:0 TileWidth:2048 TileHeight:2048 arrayBuf.length:8388608
2024-10-11 09:25:30,312 DEBUG [    o.s.blitz.repo.ManagedImportRequestI] (2-thread-3) Plane:29 X:0 Y:0 TileWidth:2048 TileHeight:2048 arrayBuf.length:8388608
2024-10-11 09:25:30,367 DEBUG [    o.s.blitz.repo.ManagedImportRequestI] (2-thread-3) Plane:30 X:0 Y:0 TileWidth:2048 TileHeight:2048 arrayBuf.length:8388608
2024-10-11 09:25:30,425 DEBUG [    o.s.blitz.repo.ManagedImportRequestI] (2-thread-3) Plane:31 X:0 Y:0 TileWidth:2048 TileHeight:2048 arrayBuf.length:8388608
2024-10-11 09:25:30,482 DEBUG [    o.s.blitz.repo.ManagedImportRequestI] (2-thread-3) Plane:32 X:0 Y:0 TileWidth:2048 TileHeight:2048 arrayBuf.length:8388608
2024-10-11 09:25:30,541 DEBUG [    o.s.blitz.repo.ManagedImportRequestI] (2-thread-3) Plane:33 X:0 Y:0 TileWidth:2048 TileHeight:2048 arrayBuf.length:8388608
2024-10-11 09:25:30,626 DEBUG [    o.s.blitz.repo.ManagedImportRequestI] (2-thread-3) Plane:34 X:0 Y:0 TileWidth:2048 TileHeight:2048 arrayBuf.length:8388608
2024-10-11 09:25:30,694 DEBUG [    o.s.blitz.repo.ManagedImportRequestI] (2-thread-3) Plane:35 X:0 Y:0 TileWidth:2048 TileHeight:2048 arrayBuf.length:8388608
2024-10-11 09:25:30,747 DEBUG [    o.s.blitz.repo.ManagedImportRequestI] (2-thread-3) Plane:36 X:0 Y:0 TileWidth:2048 TileHeight:2048 arrayBuf.length:8388608
2024-10-11 09:25:30,835 DEBUG [    o.s.blitz.repo.ManagedImportRequestI] (2-thread-3) Plane:37 X:0 Y:0 TileWidth:2048 TileHeight:2048 arrayBuf.length:8388608
2024-10-11 09:25:30,903 DEBUG [    o.s.blitz.repo.ManagedImportRequestI] (2-thread-3) Plane:38 X:0 Y:0 TileWidth:2048 TileHeight:2048 arrayBuf.length:8388608
2024-10-11 09:25:30,960 DEBUG [    o.s.blitz.repo.ManagedImportRequestI] (2-thread-3) Plane:39 X:0 Y:0 TileWidth:2048 TileHeight:2048 arrayBuf.length:8388608
2024-10-11 09:25:31,030 DEBUG [    o.s.blitz.repo.ManagedImportRequestI] (2-thread-3) Plane:40 X:0 Y:0 TileWidth:2048 TileHeight:2048 arrayBuf.length:8388608
2024-10-11 09:25:31,103 DEBUG [    o.s.blitz.repo.ManagedImportRequestI] (2-thread-3) Plane:41 X:0 Y:0 TileWidth:2048 TileHeight:2048 arrayBuf.length:8388608
2024-10-11 09:25:31,164 DEBUG [    o.s.blitz.repo.ManagedImportRequestI] (2-thread-3) Plane:42 X:0 Y:0 TileWidth:2048 TileHeight:2048 arrayBuf.length:8388608
2024-10-11 09:25:31,222 DEBUG [    o.s.blitz.repo.ManagedImportRequestI] (2-thread-3) Plane:43 X:0 Y:0 TileWidth:2048 TileHeight:2048 arrayBuf.length:8388608
2024-10-11 09:25:31,287 INFO  [    ome.security.basic.BasicEventContext] (.Server-10)  cctx:	group=0
2024-10-11 09:25:31,291 INFO  [         ome.security.basic.EventHandler] (.Server-10)  Auth:	user=0,group=0,event=28817(User),sess=83be404c-1957-46d4-a36b-f9feca68dcf3
2024-10-11 09:25:31,297 INFO  [                 org.perf4j.TimingLogger] (.Server-10) start[1728638731287] time[10] tag[omero.call.success.ome.services.blitz.impl.MetadataStoreI$7.doWork]
2024-10-11 09:25:31,300 INFO  [    ome.security.basic.BasicEventContext] (.Server-14)  cctx:	group=0
2024-10-11 09:25:31,303 INFO  [         ome.security.basic.EventHandler] (.Server-14)  Auth:	user=0,group=0,event=28818(User),sess=83be404c-1957-46d4-a36b-f9feca68dcf3
2024-10-11 09:25:31,458 INFO  [       ome.security.basic.CurrentDetails] (.Server-14) Adding log:UPDATE,class ome.model.core.Pixels,237
2024-10-11 09:25:31,464 INFO  [                 org.perf4j.TimingLogger] (.Server-14) start[1728638731299] time[164] tag[omero.call.success.ome.logic.UpdateImpl.saveArray]
2024-10-11 09:25:31,467 INFO  [    ome.security.basic.BasicEventContext] (l.Server-9)  cctx:	group=0
2024-10-11 09:25:31,471 INFO  [         ome.security.basic.EventHandler] (l.Server-9)  Auth:	user=0,group=0,event=28826(User),sess=83be404c-1957-46d4-a36b-f9feca68dcf3
2024-10-11 09:25:31,510 INFO  [                 org.perf4j.TimingLogger] (l.Server-9) start[1728638731466] time[44] tag[omero.call.success.ome.services.blitz.impl.MetadataStoreI$2.doWork]
2024-10-11 09:25:31,511 INFO  [                 org.perf4j.TimingLogger] (2-thread-3) start[1728638728304] time[3206] tag[omero.import.request.pixels]
2024-10-11 09:25:31,512 INFO  [    ome.security.basic.BasicEventContext] (.Server-11)  cctx:	group=0
2024-10-11 09:25:31,515 INFO  [         ome.security.basic.EventHandler] (.Server-11)  Auth:	user=0,group=0,event=null(User),sess=83be404c-1957-46d4-a36b-f9feca68dcf3
2024-10-11 09:25:31,517 INFO  [                 org.perf4j.TimingLogger] (.Server-11) start[1728638731512] time[5] tag[omero.call.success.ome.logic.QueryImpl.get]
2024-10-11 09:25:31,520 INFO  [    ome.security.basic.BasicEventContext] (.Server-13)  cctx:	group=0
2024-10-11 09:25:31,525 INFO  [         ome.security.basic.EventHandler] (.Server-13)  Auth:	user=0,group=0,event=28827(User),sess=83be404c-1957-46d4-a36b-f9feca68dcf3
2024-10-11 09:25:31,528 INFO  [       ome.security.basic.CurrentDetails] (.Server-13) Adding log:UPDATE,class ome.model.core.OriginalFile,3148
2024-10-11 09:25:31,534 INFO  [                 org.perf4j.TimingLogger] (.Server-13) start[1728638731519] time[15] tag[omero.call.success.ome.logic.UpdateImpl.saveObject]
2024-10-11 09:25:31,534 INFO  [                 org.perf4j.TimingLogger] (2-thread-3) start[1728638728304] time[3230] tag[omero.import.request.step]
2024-10-11 09:25:31,535 DEBUG [    o.s.blitz.repo.ManagedImportRequestI] (2-thread-3) Step 2
2024-10-11 09:25:31,537 INFO  [    ome.security.basic.BasicEventContext] (.Server-12)  cctx:	group=0
2024-10-11 09:25:31,543 INFO  [         ome.security.basic.EventHandler] (.Server-12)  Auth:	user=0,group=0,event=28828(User),sess=83be404c-1957-46d4-a36b-f9feca68dcf3
2024-10-11 09:25:31,548 INFO  [                 org.perf4j.TimingLogger] (.Server-12) start[1728638731544] time[4] tag[omero.loadPixels]
2024-10-11 09:25:31,555 INFO  [                 org.perf4j.TimingLogger] (.Server-12) start[1728638731551] time[3] tag[omero.loadRenderingSettingsByUser]
2024-10-11 09:25:31,573 DEBUG [                   loci.formats.Memoizer] (.Server-12) start[1728638731558] time[14] tag[loci.formats.Memoizer.loadMemo]
2024-10-11 09:25:31,598 INFO  [                loci.formats.ImageReader] (.Server-12) IonpathMIBITiffReader initializing /OMERO/ManagedRepository/root_0/2024-10/11/09-25-27.134/TA459_multipleCores2_Run-4_Point30.tiff
2024-10-11 09:25:31,598 INFO  [       loci.formats.in.MinimalTiffReader] (.Server-12) Reading IFDs
2024-10-11 09:25:31,600 INFO  [       loci.formats.in.MinimalTiffReader] (.Server-12) Populating metadata
2024-10-11 09:25:31,602 INFO  [          loci.formats.in.BaseTiffReader] (.Server-12) Populating OME metadata
2024-10-11 09:25:31,608 DEBUG [                   loci.formats.Memoizer] (.Server-12) saved to temp file: /OMERO/BioFormatsCache/OMERO/ManagedRepository/root_0/2024-10/11/09-25-27.134/.TA459_multipleCores2_Run-4_Point30.tiff.bfmemo11217503977886239996
2024-10-11 09:25:31,608 DEBUG [                   loci.formats.Memoizer] (.Server-12) start[1728638731607] time[1] tag[loci.formats.Memoizer.saveMemo]
2024-10-11 09:25:31,608 DEBUG [                   loci.formats.Memoizer] (.Server-12) saved memo file: /OMERO/BioFormatsCache/OMERO/ManagedRepository/root_0/2024-10/11/09-25-27.134/.TA459_multipleCores2_Run-4_Point30.tiff.bfmemo (50734 bytes)
2024-10-11 09:25:31,608 DEBUG [                   loci.formats.Memoizer] (.Server-12) start[1728638731558] time[50] tag[loci.formats.Memoizer.setId]
2024-10-11 09:25:31,622 INFO  [       ome.security.basic.CurrentDetails] (.Server-12) Adding log:INSERT,class ome.model.display.QuantumDef,237
2024-10-11 09:25:31,623 INFO  [       ome.security.basic.CurrentDetails] (.Server-12) Adding log:INSERT,class ome.model.display.RenderingDef,237
2024-10-11 09:25:31,623 INFO  [       ome.security.basic.CurrentDetails] (.Server-12) Adding log:INSERT,class ome.model.display.ChannelBinding,2135
2024-10-11 09:25:31,623 INFO  [       ome.security.basic.CurrentDetails] (.Server-12) Adding log:INSERT,class ome.model.display.ChannelBinding,2136
2024-10-11 09:25:31,623 INFO  [       ome.security.basic.CurrentDetails] (.Server-12) Adding log:INSERT,class ome.model.display.ChannelBinding,2137
2024-10-11 09:25:31,624 INFO  [       ome.security.basic.CurrentDetails] (.Server-12) Adding log:INSERT,class ome.model.display.ChannelBinding,2138
2024-10-11 09:25:31,624 INFO  [       ome.security.basic.CurrentDetails] (.Server-12) Adding log:INSERT,class ome.model.display.ChannelBinding,2139
2024-10-11 09:25:31,624 INFO  [       ome.security.basic.CurrentDetails] (.Server-12) Adding log:INSERT,class ome.model.display.ChannelBinding,2140
2024-10-11 09:25:31,624 INFO  [       ome.security.basic.CurrentDetails] (.Server-12) Adding log:INSERT,class ome.model.display.ChannelBinding,2141
2024-10-11 09:25:31,625 INFO  [       ome.security.basic.CurrentDetails] (.Server-12) Adding log:INSERT,class ome.model.display.ChannelBinding,2142
2024-10-11 09:25:31,625 INFO  [       ome.security.basic.CurrentDetails] (.Server-12) Adding log:INSERT,class ome.model.display.ChannelBinding,2143
2024-10-11 09:25:31,626 INFO  [       ome.security.basic.CurrentDetails] (.Server-12) Adding log:INSERT,class ome.model.display.ChannelBinding,2144
2024-10-11 09:25:31,626 INFO  [       ome.security.basic.CurrentDetails] (.Server-12) Adding log:INSERT,class ome.model.display.ChannelBinding,2145
2024-10-11 09:25:31,627 INFO  [       ome.security.basic.CurrentDetails] (.Server-12) Adding log:INSERT,class ome.model.display.ChannelBinding,2146
2024-10-11 09:25:31,627 INFO  [       ome.security.basic.CurrentDetails] (.Server-12) Adding log:INSERT,class ome.model.display.ChannelBinding,2147
2024-10-11 09:25:31,627 INFO  [       ome.security.basic.CurrentDetails] (.Server-12) Adding log:INSERT,class ome.model.display.ChannelBinding,2148
2024-10-11 09:25:31,627 INFO  [       ome.security.basic.CurrentDetails] (.Server-12) Adding log:INSERT,class ome.model.display.ChannelBinding,2149
2024-10-11 09:25:31,628 INFO  [       ome.security.basic.CurrentDetails] (.Server-12) Adding log:INSERT,class ome.model.display.ChannelBinding,2150
2024-10-11 09:25:31,628 INFO  [       ome.security.basic.CurrentDetails] (.Server-12) Adding log:INSERT,class ome.model.display.ChannelBinding,2151
2024-10-11 09:25:31,628 INFO  [       ome.security.basic.CurrentDetails] (.Server-12) Adding log:INSERT,class ome.model.display.ChannelBinding,2152
2024-10-11 09:25:31,629 INFO  [       ome.security.basic.CurrentDetails] (.Server-12) Adding log:INSERT,class ome.model.display.ChannelBinding,2153
2024-10-11 09:25:31,629 INFO  [       ome.security.basic.CurrentDetails] (.Server-12) Adding log:INSERT,class ome.model.display.ChannelBinding,2154
2024-10-11 09:25:31,629 INFO  [       ome.security.basic.CurrentDetails] (.Server-12) Adding log:INSERT,class ome.model.display.ChannelBinding,2155
2024-10-11 09:25:31,630 INFO  [       ome.security.basic.CurrentDetails] (.Server-12) Adding log:INSERT,class ome.model.display.ChannelBinding,2156
2024-10-11 09:25:31,630 INFO  [       ome.security.basic.CurrentDetails] (.Server-12) Adding log:INSERT,class ome.model.display.ChannelBinding,2157
2024-10-11 09:25:31,630 INFO  [       ome.security.basic.CurrentDetails] (.Server-12) Adding log:INSERT,class ome.model.display.ChannelBinding,2158
2024-10-11 09:25:31,630 INFO  [       ome.security.basic.CurrentDetails] (.Server-12) Adding log:INSERT,class ome.model.display.ChannelBinding,2159
2024-10-11 09:25:31,631 INFO  [       ome.security.basic.CurrentDetails] (.Server-12) Adding log:INSERT,class ome.model.display.ChannelBinding,2160
2024-10-11 09:25:31,631 INFO  [       ome.security.basic.CurrentDetails] (.Server-12) Adding log:INSERT,class ome.model.display.ChannelBinding,2161
2024-10-11 09:25:31,631 INFO  [       ome.security.basic.CurrentDetails] (.Server-12) Adding log:INSERT,class ome.model.display.ChannelBinding,2162
2024-10-11 09:25:31,632 INFO  [       ome.security.basic.CurrentDetails] (.Server-12) Adding log:INSERT,class ome.model.display.ChannelBinding,2163
2024-10-11 09:25:31,632 INFO  [       ome.security.basic.CurrentDetails] (.Server-12) Adding log:INSERT,class ome.model.display.ChannelBinding,2164
2024-10-11 09:25:31,633 INFO  [       ome.security.basic.CurrentDetails] (.Server-12) Adding log:INSERT,class ome.model.display.ChannelBinding,2165
2024-10-11 09:25:31,633 INFO  [       ome.security.basic.CurrentDetails] (.Server-12) Adding log:INSERT,class ome.model.display.ChannelBinding,2166
2024-10-11 09:25:31,633 INFO  [       ome.security.basic.CurrentDetails] (.Server-12) Adding log:INSERT,class ome.model.display.ChannelBinding,2167
2024-10-11 09:25:31,634 INFO  [       ome.security.basic.CurrentDetails] (.Server-12) Adding log:INSERT,class ome.model.display.ChannelBinding,2168
2024-10-11 09:25:31,634 INFO  [       ome.security.basic.CurrentDetails] (.Server-12) Adding log:INSERT,class ome.model.display.ChannelBinding,2169
2024-10-11 09:25:31,635 INFO  [       ome.security.basic.CurrentDetails] (.Server-12) Adding log:INSERT,class ome.model.display.ChannelBinding,2170
2024-10-11 09:25:31,635 INFO  [       ome.security.basic.CurrentDetails] (.Server-12) Adding log:INSERT,class ome.model.display.ChannelBinding,2171
2024-10-11 09:25:31,635 INFO  [       ome.security.basic.CurrentDetails] (.Server-12) Adding log:INSERT,class ome.model.display.ChannelBinding,2172
2024-10-11 09:25:31,636 INFO  [       ome.security.basic.CurrentDetails] (.Server-12) Adding log:INSERT,class ome.model.display.ChannelBinding,2173
2024-10-11 09:25:31,636 INFO  [       ome.security.basic.CurrentDetails] (.Server-12) Adding log:INSERT,class ome.model.display.ChannelBinding,2174
2024-10-11 09:25:31,636 INFO  [       ome.security.basic.CurrentDetails] (.Server-12) Adding log:INSERT,class ome.model.display.ChannelBinding,2175
2024-10-11 09:25:31,637 INFO  [       ome.security.basic.CurrentDetails] (.Server-12) Adding log:INSERT,class ome.model.display.ChannelBinding,2176
2024-10-11 09:25:31,637 INFO  [       ome.security.basic.CurrentDetails] (.Server-12) Adding log:INSERT,class ome.model.display.ChannelBinding,2177
2024-10-11 09:25:31,637 INFO  [       ome.security.basic.CurrentDetails] (.Server-12) Adding log:INSERT,class ome.model.display.ChannelBinding,2178
2024-10-11 09:25:31,658 INFO  [                 org.perf4j.TimingLogger] (.Server-12) start[1728638731618] time[40] tag[omero.resetDefaultsInSet.saveAndReturn]
2024-10-11 09:25:31,658 INFO  [                 org.perf4j.TimingLogger] (.Server-12) start[1728638731544] time[114] tag[omero.resetDefaultsInSet]
2024-10-11 09:25:31,666 INFO  [                 org.perf4j.TimingLogger] (.Server-12) start[1728638731536] time[130] tag[omero.call.success.ome.logic.RenderingSettingsImpl.resetDefaultsInSet]
2024-10-11 09:25:31,668 INFO  [    ome.security.basic.BasicEventContext] (l.Server-4)  cctx:	group=0
2024-10-11 09:25:31,672 INFO  [         ome.security.basic.EventHandler] (l.Server-4)  Auth:	user=0,group=0,event=28829(User),sess=83be404c-1957-46d4-a36b-f9feca68dcf3
2024-10-11 09:25:31,674 INFO  [                 org.perf4j.TimingLogger] (l.Server-4) start[1728638731672] time[1] tag[omero.bulkLoadRenderingSettings]
2024-10-11 09:25:31,674 INFO  [                 org.perf4j.TimingLogger] (l.Server-4) start[1728638731674] time[0] tag[omero.createAndPrepareMissingRenderingSettings]
2024-10-11 09:25:31,675 INFO  [                 org.perf4j.TimingLogger] (l.Server-4) start[1728638731674] time[1] tag[omero.bulkLoadMetadata]
2024-10-11 09:25:31,675 INFO  [                 org.perf4j.TimingLogger] (l.Server-4) start[1728638731674] time[1] tag[omero.loadMetadataByDimensionPool]
2024-10-11 09:25:31,676 INFO  [       ome.security.basic.CurrentDetails] (l.Server-4) Adding log:INSERT,class ome.model.display.Thumbnail,237
2024-10-11 09:25:31,678 INFO  [                 org.perf4j.TimingLogger] (l.Server-4) start[1728638731677] time[0] tag[omero.bulkLoadMetadata]
2024-10-11 09:25:31,678 INFO  [                 org.perf4j.TimingLogger] (l.Server-4) start[1728638731677] time[0] tag[omero.loadMetadataByDimensionPool]
2024-10-11 09:25:31,678 INFO  [                 org.perf4j.TimingLogger] (l.Server-4) start[1728638731675] time[2] tag[omero.createMissingThumbnailMetadata]
2024-10-11 09:25:31,679 INFO  [    ome.security.basic.BasicEventContext] (l.Server-4)  cctx:	group=0
2024-10-11 09:25:31,684 INFO  [         ome.security.basic.EventHandler] (l.Server-4)  Auth:	user=0,group=0,event=28830(User),sess=83be404c-1957-46d4-a36b-f9feca68dcf3
2024-10-11 09:25:31,685 INFO  [                 org.perf4j.TimingLogger] (l.Server-4) start[1728638731685] time[0] tag[omero._createThumbnail(thumbMetaData)]
2024-10-11 09:25:31,737 DEBUG [                   loci.formats.Memoizer] (l.Server-4) loaded memo file: /OMERO/BioFormatsCache/OMERO/ManagedRepository/root_0/2024-10/11/09-25-27.134/.TA459_multipleCores2_Run-4_Point30.tiff.bfmemo (50734 bytes)
2024-10-11 09:25:31,737 DEBUG [                   loci.formats.Memoizer] (l.Server-4) start[1728638731703] time[33] tag[loci.formats.Memoizer.loadMemo]
2024-10-11 09:25:31,737 DEBUG [                   loci.formats.Memoizer] (l.Server-4) start[1728638731703] time[34] tag[loci.formats.Memoizer.setId]
2024-10-11 09:25:31,788 INFO  [       ome.logic.JavaImageScalingService] (l.Server-4) Scaling to: 96x96
2024-10-11 09:25:31,805 INFO  [                 org.perf4j.TimingLogger] (l.Server-4) start[1728638731788] time[16] tag[java-image-scaling.resampleOp]
2024-10-11 09:25:31,807 INFO  [                 org.perf4j.TimingLogger] (l.Server-4) start[1728638731685] time[122] tag[omero._createThumbnail]
2024-10-11 09:25:31,815 INFO  [                 org.perf4j.TimingLogger] (l.Server-4) start[1728638731667] time[147] tag[omero.call.success.ome.services.ThumbnailBean.createThumbnailsByLongestSideSet]
2024-10-11 09:25:31,815 INFO  [                 org.perf4j.TimingLogger] (2-thread-3) start[1728638731535] time[280] tag[omero.import.request.thumbs]
2024-10-11 09:25:31,816 INFO  [    ome.security.basic.BasicEventContext] (.Server-10)  cctx:	group=0
2024-10-11 09:25:31,817 INFO  [         ome.security.basic.EventHandler] (.Server-10)  Auth:	user=0,group=0,event=null(User),sess=83be404c-1957-46d4-a36b-f9feca68dcf3
2024-10-11 09:25:31,818 INFO  [                 org.perf4j.TimingLogger] (.Server-10) start[1728638731815] time[2] tag[omero.call.success.ome.logic.QueryImpl.get]
2024-10-11 09:25:31,821 INFO  [    ome.security.basic.BasicEventContext] (.Server-15)  cctx:	group=0
2024-10-11 09:25:31,826 INFO  [         ome.security.basic.EventHandler] (.Server-15)  Auth:	user=0,group=0,event=28832(User),sess=83be404c-1957-46d4-a36b-f9feca68dcf3
2024-10-11 09:25:31,828 INFO  [       ome.security.basic.CurrentDetails] (.Server-15) Adding log:UPDATE,class ome.model.core.OriginalFile,3148
2024-10-11 09:25:31,833 INFO  [                 org.perf4j.TimingLogger] (.Server-15) start[1728638731819] time[13] tag[omero.call.success.ome.logic.UpdateImpl.saveObject]
2024-10-11 09:25:31,833 INFO  [                 org.perf4j.TimingLogger] (2-thread-3) start[1728638731535] time[298] tag[omero.import.request.step]
2024-10-11 09:25:31,834 DEBUG [    o.s.blitz.repo.ManagedImportRequestI] (2-thread-3) Step 3
2024-10-11 09:25:31,835 INFO  [    ome.security.basic.BasicEventContext] (.Server-12)  cctx:	group=0
2024-10-11 09:25:31,836 INFO  [         ome.security.basic.EventHandler] (.Server-12)  Auth:	user=0,group=0,event=null(User),sess=83be404c-1957-46d4-a36b-f9feca68dcf3
2024-10-11 09:25:31,836 INFO  [                 org.perf4j.TimingLogger] (.Server-12) start[1728638731834] time[2] tag[omero.call.success.ome.services.blitz.impl.MetadataStoreI$6.doWork]
2024-10-11 09:25:31,837 INFO  [    ome.security.basic.BasicEventContext] (l.Server-9)  cctx:	group=0
2024-10-11 09:25:31,838 INFO  [         ome.security.basic.EventHandler] (l.Server-9)  Auth:	user=0,group=0,event=null(User),sess=83be404c-1957-46d4-a36b-f9feca68dcf3
2024-10-11 09:25:31,839 INFO  [                 org.perf4j.TimingLogger] (l.Server-9) start[1728638731837] time[2] tag[omero.call.success.ome.logic.QueryImpl.get]
2024-10-11 09:25:31,842 INFO  [    ome.security.basic.BasicEventContext] (.Server-11)  cctx:	group=0
2024-10-11 09:25:31,845 INFO  [         ome.security.basic.EventHandler] (.Server-11)  Auth:	user=0,group=0,event=28833(User),sess=83be404c-1957-46d4-a36b-f9feca68dcf3
2024-10-11 09:25:31,846 INFO  [       ome.security.basic.CurrentDetails] (.Server-11) Adding log:UPDATE,class ome.model.core.OriginalFile,3148
2024-10-11 09:25:31,851 INFO  [                 org.perf4j.TimingLogger] (.Server-11) start[1728638731840] time[11] tag[omero.call.success.ome.logic.UpdateImpl.saveObject]
2024-10-11 09:25:31,852 INFO  [                 org.perf4j.TimingLogger] (2-thread-3) start[1728638731834] time[17] tag[omero.import.request.step]
2024-10-11 09:25:31,852 DEBUG [    o.s.blitz.repo.ManagedImportRequestI] (2-thread-3) Step 4
2024-10-11 09:25:31,853 INFO  [    ome.security.basic.BasicEventContext] (.Server-13)  cctx:	group=0
2024-10-11 09:25:31,855 INFO  [         ome.security.basic.EventHandler] (.Server-13)  Auth:	user=0,group=0,event=null(User),sess=83be404c-1957-46d4-a36b-f9feca68dcf3
2024-10-11 09:25:31,856 INFO  [                 org.perf4j.TimingLogger] (.Server-13) start[1728638731852] time[3] tag[omero.call.success.ome.logic.QueryImpl.get]
2024-10-11 09:25:31,858 INFO  [    ome.security.basic.BasicEventContext] (.Server-10)  cctx:	group=0
2024-10-11 09:25:31,861 INFO  [         ome.security.basic.EventHandler] (.Server-10)  Auth:	user=0,group=0,event=28835(User),sess=83be404c-1957-46d4-a36b-f9feca68dcf3
2024-10-11 09:25:31,863 INFO  [       ome.security.basic.CurrentDetails] (.Server-10) Adding log:UPDATE,class ome.model.core.OriginalFile,3148
2024-10-11 09:25:31,868 INFO  [                 org.perf4j.TimingLogger] (.Server-10) start[1728638731857] time[10] tag[omero.call.success.ome.logic.UpdateImpl.saveObject]
2024-10-11 09:25:31,868 INFO  [                 org.perf4j.TimingLogger] (2-thread-3) start[1728638731852] time[16] tag[omero.import.request.step]
2024-10-11 09:25:31,873 INFO  [    ome.security.basic.BasicEventContext] (l.Server-9)  cctx:	group=0
2024-10-11 09:25:31,876 INFO  [         ome.security.basic.EventHandler] (l.Server-9)  Auth:	user=0,group=0,event=28836(User),sess=83be404c-1957-46d4-a36b-f9feca68dcf3
2024-10-11 09:25:31,879 INFO  [                 org.perf4j.TimingLogger] (l.Server-9) start[1728638731872] time[6] tag[omero.call.success.ome.services.RawFileBean.close]
2024-10-11 09:25:31,880 DEBUG [                omero.util.ServantHolder] (l.Server-9) Removed omero.api._RawFileStoreTie@7324cf69 from omero.util.ServantHolder@149b3864 as 9f399991-5ca8-4b8f-88cc-d296c96663b6omero.api.RawFileStore
2024-10-11 09:25:31,880 INFO  [                      omero.cmd.SessionI] (l.Server-9) Unregistered servant:83be404c-1957-46d4-a36b-f9feca68dcf3/9f399991-5ca8-4b8f-88cc-d296c96663b6omero.api.RawFileStore(omero.api._RawFileStoreTie@7324cf69)
2024-10-11 09:25:31,882 INFO  [    ome.security.basic.BasicEventContext] (.Server-11)  cctx:	group=0
2024-10-11 09:25:31,886 INFO  [         ome.security.basic.EventHandler] (.Server-11)  Auth:	user=0,group=0,event=28838(User),sess=83be404c-1957-46d4-a36b-f9feca68dcf3
2024-10-11 09:25:31,889 INFO  [                 org.perf4j.TimingLogger] (.Server-11) start[1728638731880] time[9] tag[omero.call.success.ome.services.RawPixelsBean.close]
2024-10-11 09:25:31,890 DEBUG [                omero.util.ServantHolder] (.Server-11) Removed omero.api._RawPixelsStoreTie@853e14cc from omero.util.ServantHolder@149b3864 as 26f7adc6-dcce-425b-a33e-2f30f35021d9omero.api.RawPixelsStore
2024-10-11 09:25:31,890 INFO  [                      omero.cmd.SessionI] (.Server-11) Unregistered servant:83be404c-1957-46d4-a36b-f9feca68dcf3/26f7adc6-dcce-425b-a33e-2f30f35021d9omero.api.RawPixelsStore(omero.api._RawPixelsStoreTie@853e14cc)
2024-10-11 09:25:31,892 INFO  [    ome.security.basic.BasicEventContext] (.Server-14)  cctx:	group=0
2024-10-11 09:25:31,894 INFO  [         ome.security.basic.EventHandler] (.Server-14)  Auth:	user=0,group=0,event=null(User),sess=83be404c-1957-46d4-a36b-f9feca68dcf3
2024-10-11 09:25:31,894 INFO  [                 org.perf4j.TimingLogger] (.Server-14) start[1728638731891] time[3] tag[omero.call.success.ome.services.ThumbnailBean.close]
2024-10-11 09:25:31,894 DEBUG [                omero.util.ServantHolder] (.Server-14) Removed omero.api._ThumbnailStoreTie@7f0d37a7 from omero.util.ServantHolder@149b3864 as f663816c-b47c-42cf-b673-463d402e0419omero.api.ThumbnailStore
2024-10-11 09:25:31,894 INFO  [                      omero.cmd.SessionI] (.Server-14) Unregistered servant:83be404c-1957-46d4-a36b-f9feca68dcf3/f663816c-b47c-42cf-b673-463d402e0419omero.api.ThumbnailStore(omero.api._ThumbnailStoreTie@7f0d37a7)
2024-10-11 09:25:31,895 DEBUG [                omero.util.ServantHolder] (.Server-13) Removed omero.api._MetadataStoreTie@3902dc6c from omero.util.ServantHolder@149b3864 as ab76b8f0-ac78-4821-806d-c98b0283e357omero.api.MetadataStore
2024-10-11 09:25:31,895 INFO  [                      omero.cmd.SessionI] (.Server-13) Unregistered servant:83be404c-1957-46d4-a36b-f9feca68dcf3/ab76b8f0-ac78-4821-806d-c98b0283e357omero.api.MetadataStore(omero.api._MetadataStoreTie@3902dc6c)
2024-10-11 09:25:31,895 INFO  [    o.s.blitz.repo.ManagedImportRequestI] (2-thread-3) Cleaning up import.
2024-10-11 09:25:31,899 INFO  [         ome.security.basic.EventHandler] (.Server-10)  Auth:	user=0,group=0,event=null(User),sess=83be404c-1957-46d4-a36b-f9feca68dcf3
2024-10-11 09:25:31,900 INFO  [                 org.perf4j.TimingLogger] (.Server-10) start[1728638731898] time[2] tag[omero.call.success.ome.logic.QueryImpl.get]
2024-10-11 09:25:31,909 INFO  [         ome.security.basic.EventHandler] (.Server-14)  Auth:	user=0,group=0,event=28840(User),sess=83be404c-1957-46d4-a36b-f9feca68dcf3
2024-10-11 09:25:31,910 INFO  [       ome.security.basic.CurrentDetails] (.Server-14) Adding log:UPDATE,class ome.model.core.OriginalFile,3148
2024-10-11 09:25:31,915 INFO  [                 org.perf4j.TimingLogger] (.Server-14) start[1728638731903] time[12] tag[omero.call.success.ome.logic.UpdateImpl.saveObject]
