2024-10-11 09:25:09,638 INFO  [                 org.perf4j.TimingLogger] (.Server-13) start[1728638709625] time[12] tag[omero.import.process.init]
2024-10-11 09:25:09,643 INFO  [         ome.security.basic.EventHandler] (.Server-13)  Auth:	user=0,group=0,event=28265(User),sess=83be404c-1957-46d4-a36b-f9feca68dcf3
2024-10-11 09:25:09,645 INFO  [       ome.security.basic.CurrentDetails] (.Server-13) Adding log:INSERT,class ome.model.jobs.UploadJob,3128
2024-10-11 09:25:09,646 INFO  [       ome.security.basic.CurrentDetails] (.Server-13) Adding log:INSERT,class ome.model.jobs.JobOriginalFileLink,4893
2024-10-11 09:25:09,656 INFO  [       ome.security.basic.CurrentDetails] (.Server-13) Adding log:INSERT,class ome.model.jobs.MetadataImportJob,3129
2024-10-11 09:25:09,662 INFO  [       ome.security.basic.CurrentDetails] (.Server-13) Adding log:INSERT,class ome.model.jobs.PixelDataJob,3130
2024-10-11 09:25:09,666 INFO  [       ome.security.basic.CurrentDetails] (.Server-13) Adding log:INSERT,class ome.model.jobs.ThumbnailGenerationJob,3131
2024-10-11 09:25:09,673 INFO  [       ome.security.basic.CurrentDetails] (.Server-13) Adding log:INSERT,class ome.model.jobs.IndexingJob,3132
2024-10-11 09:25:09,676 INFO  [                 org.perf4j.TimingLogger] (.Server-13) start[1728638709675] time[0] tag[omero.repo.internal_register.find_repo_files]
2024-10-11 09:25:09,680 INFO  [       ome.security.basic.CurrentDetails] (.Server-13) Adding log:INSERT,class ome.model.core.OriginalFile,3095
2024-10-11 09:25:09,681 INFO  [                 org.perf4j.TimingLogger] (.Server-13) start[1728638709678] time[2] tag[omero.repo.create_original_file.save]
2024-10-11 09:25:09,681 INFO  [                 org.perf4j.TimingLogger] (.Server-13) start[1728638709681] time[0] tag[omero.repo.create_original_file.internal_mkdir]
2024-10-11 09:25:09,681 INFO  [                 org.perf4j.TimingLogger] (.Server-13) start[1728638709681] time[0] tag[omero.repo.internal_register.load]
2024-10-11 09:25:09,681 INFO  [                 org.perf4j.TimingLogger] (.Server-13) start[1728638709681] time[0] tag[omero.repo.internal_register.sort]
2024-10-11 09:25:09,681 INFO  [                 org.perf4j.TimingLogger] (.Server-13) start[1728638709675] time[5] tag[omero.repo.save_fileset.register]
2024-10-11 09:25:09,681 INFO  [                 org.perf4j.TimingLogger] (.Server-13) start[1728638709681] time[0] tag[omero.repo.save_fileset.update_fileset_entries]
2024-10-11 09:25:09,683 INFO  [       ome.security.basic.CurrentDetails] (.Server-13) Adding log:INSERT,class ome.model.fs.Fileset,219
2024-10-11 09:25:09,684 INFO  [       ome.security.basic.CurrentDetails] (.Server-13) Adding log:INSERT,class ome.model.fs.FilesetJobLink,291
2024-10-11 09:25:09,685 INFO  [       ome.security.basic.CurrentDetails] (.Server-13) Adding log:INSERT,class ome.model.fs.FilesetJobLink,292
2024-10-11 09:25:09,685 INFO  [       ome.security.basic.CurrentDetails] (.Server-13) Adding log:INSERT,class ome.model.fs.FilesetJobLink,293
2024-10-11 09:25:09,685 INFO  [       ome.security.basic.CurrentDetails] (.Server-13) Adding log:INSERT,class ome.model.fs.FilesetJobLink,294
2024-10-11 09:25:09,686 INFO  [       ome.security.basic.CurrentDetails] (.Server-13) Adding log:INSERT,class ome.model.fs.FilesetJobLink,295
2024-10-11 09:25:09,686 INFO  [       ome.security.basic.CurrentDetails] (.Server-13) Adding log:INSERT,class ome.model.fs.FilesetEntry,219
2024-10-11 09:25:09,690 INFO  [                 org.perf4j.TimingLogger] (.Server-13) start[1728638709681] time[8] tag[omero.repo.save_fileset.save]
2024-10-11 09:25:09,696 INFO  [                 org.perf4j.TimingLogger] (.Server-13) start[1728638709639] time[57] tag[omero.call.success.ome.services.blitz.repo.RepositoryDaoImpl$8.doWork]
2024-10-11 09:25:09,698 INFO  [                 org.perf4j.TimingLogger] (.Server-13) start[1728638709639] time[58] tag[omero.repo.save_fileset]
2024-10-11 09:25:09,698 INFO  [                      omero.cmd.SessionI] (.Server-13) Added servant to adapter: 83be404c-1957-46d4-a36b-f9feca68dcf3/82908579-5425-4eda-8bd8-be09e1a8a64f-ManagedImportProcessI(omero.grid._ImportProcessTie@2340d0f9)
2024-10-11 09:25:09,698 DEBUG [                omero.util.ServantHolder] (.Server-13) Added omero.grid._ImportProcessTie@2340d0f9 to omero.util.ServantHolder@149b3864 as 82908579-5425-4eda-8bd8-be09e1a8a64f-ManagedImportProcessI
2024-10-11 09:25:09,698 INFO  [                 org.perf4j.TimingLogger] (.Server-13) start[1728638709638] time[59] tag[omero.import.process.create]
2024-10-11 09:25:09,706 INFO  [         ome.security.basic.EventHandler] (l.Server-9)  Auth:	user=0,group=0,event=null(User),sess=83be404c-1957-46d4-a36b-f9feca68dcf3
2024-10-11 09:25:09,709 INFO  [                 org.perf4j.TimingLogger] (l.Server-9) start[1728638709704] time[4] tag[omero.call.success.ome.services.blitz.repo.RepositoryDaoImpl$2.doWork]
2024-10-11 09:25:09,710 INFO  [         ome.security.basic.EventHandler] (l.Server-9)  Auth:	user=0,group=0,event=null(User),sess=83be404c-1957-46d4-a36b-f9feca68dcf3
2024-10-11 09:25:09,712 INFO  [                 org.perf4j.TimingLogger] (l.Server-9) start[1728638709709] time[2] tag[omero.call.success.ome.services.blitz.repo.RepositoryDaoImpl$4.doWork]
2024-10-11 09:25:09,714 INFO  [         ome.security.basic.EventHandler] (l.Server-9)  Auth:	user=0,group=0,event=null(User),sess=83be404c-1957-46d4-a36b-f9feca68dcf3
2024-10-11 09:25:09,717 INFO  [                 org.perf4j.TimingLogger] (l.Server-9) start[1728638709712] time[4] tag[omero.call.success.ome.services.blitz.repo.RepositoryDaoImpl$6.doWork]
2024-10-11 09:25:09,718 INFO  [    ome.security.basic.BasicEventContext] (l.Server-9)  cctx:	group=0
2024-10-11 09:25:09,719 INFO  [         ome.security.basic.EventHandler] (l.Server-9)  Auth:	user=0,group=0,event=null(User),sess=83be404c-1957-46d4-a36b-f9feca68dcf3
2024-10-11 09:25:09,721 INFO  [                 org.perf4j.TimingLogger] (l.Server-9) start[1728638709717] time[3] tag[omero.call.success.ome.services.blitz.repo.RepositoryDaoImpl$1.doWork]
2024-10-11 09:25:09,721 INFO  [                      omero.cmd.SessionI] (l.Server-9) Added servant to adapter: 83be404c-1957-46d4-a36b-f9feca68dcf3/750b76d6-990c-41a4-ab44-610348379e36-RepoRawFileStoreI(omero.api._RawFileStoreTie@765af905)
2024-10-11 09:25:09,721 DEBUG [                omero.util.ServantHolder] (l.Server-9) Added omero.api._RawFileStoreTie@765af905 to omero.util.ServantHolder@149b3864 as 750b76d6-990c-41a4-ab44-610348379e36-RepoRawFileStoreI
2024-10-11 09:25:09,722 INFO  [                 org.perf4j.TimingLogger] (l.Server-9) start[1728638709704] time[17] tag[omero.import.process.opener]
2024-10-11 09:25:09,722 INFO  [                 org.perf4j.TimingLogger] (l.Server-9) start[1728638709704] time[17] tag[omero.import.process.uploader]
2024-10-11 09:25:09,726 INFO  [         ome.security.basic.EventHandler] (.Server-15)  Auth:	user=0,group=0,event=null(User),sess=83be404c-1957-46d4-a36b-f9feca68dcf3
2024-10-11 09:25:09,726 INFO  [                 org.perf4j.TimingLogger] (.Server-15) start[1728638709725] time[1] tag[omero.call.success.ome.services.RawFileBean.write]
2024-10-11 09:25:09,789 INFO  [         ome.security.basic.EventHandler] (.Server-13)  Auth:	user=0,group=0,event=null(User),sess=83be404c-1957-46d4-a36b-f9feca68dcf3
2024-10-11 09:25:09,796 INFO  [                 org.perf4j.TimingLogger] (.Server-13) start[1728638709787] time[9] tag[omero.call.success.ome.services.RawFileBean.write]
2024-10-11 09:25:09,864 INFO  [         ome.security.basic.EventHandler] (.Server-12)  Auth:	user=0,group=0,event=null(User),sess=83be404c-1957-46d4-a36b-f9feca68dcf3
2024-10-11 09:25:09,870 INFO  [                 org.perf4j.TimingLogger] (.Server-12) start[1728638709862] time[7] tag[omero.call.success.ome.services.RawFileBean.write]
2024-10-11 09:25:09,930 INFO  [         ome.security.basic.EventHandler] (l.Server-9)  Auth:	user=0,group=0,event=null(User),sess=83be404c-1957-46d4-a36b-f9feca68dcf3
2024-10-11 09:25:09,937 INFO  [                 org.perf4j.TimingLogger] (l.Server-9) start[1728638709928] time[8] tag[omero.call.success.ome.services.RawFileBean.write]
2024-10-11 09:25:09,985 INFO  [         ome.security.basic.EventHandler] (.Server-14)  Auth:	user=0,group=0,event=null(User),sess=83be404c-1957-46d4-a36b-f9feca68dcf3
2024-10-11 09:25:09,993 INFO  [                 org.perf4j.TimingLogger] (.Server-14) start[1728638709983] time[9] tag[omero.call.success.ome.services.RawFileBean.write]
2024-10-11 09:25:10,060 INFO  [         ome.security.basic.EventHandler] (l.Server-4)  Auth:	user=0,group=0,event=null(User),sess=83be404c-1957-46d4-a36b-f9feca68dcf3
2024-10-11 09:25:10,067 INFO  [                 org.perf4j.TimingLogger] (l.Server-4) start[1728638710058] time[8] tag[omero.call.success.ome.services.RawFileBean.write]
2024-10-11 09:25:10,122 INFO  [         ome.security.basic.EventHandler] (.Server-11)  Auth:	user=0,group=0,event=null(User),sess=83be404c-1957-46d4-a36b-f9feca68dcf3
2024-10-11 09:25:10,130 INFO  [                 org.perf4j.TimingLogger] (.Server-11) start[1728638710120] time[10] tag[omero.call.success.ome.services.RawFileBean.write]
2024-10-11 09:25:10,172 INFO  [         ome.security.basic.EventHandler] (.Server-10)  Auth:	user=0,group=0,event=null(User),sess=83be404c-1957-46d4-a36b-f9feca68dcf3
2024-10-11 09:25:10,178 INFO  [                 org.perf4j.TimingLogger] (.Server-10) start[1728638710170] time[7] tag[omero.call.success.ome.services.RawFileBean.write]
2024-10-11 09:25:10,187 INFO  [         ome.security.basic.EventHandler] (.Server-11)  Auth:	user=0,group=0,event=null(User),sess=83be404c-1957-46d4-a36b-f9feca68dcf3
2024-10-11 09:25:10,188 INFO  [                 org.perf4j.TimingLogger] (.Server-11) start[1728638710186] time[2] tag[omero.call.success.ome.services.RawFileBean.write]
2024-10-11 09:25:10,195 INFO  [         ome.security.basic.EventHandler] (.Server-15)  Auth:	user=0,group=0,event=28274(User),sess=83be404c-1957-46d4-a36b-f9feca68dcf3
2024-10-11 09:25:10,212 INFO  [                 org.perf4j.TimingLogger] (.Server-15) start[1728638710196] time[16] tag[omero.services.file.flush]
2024-10-11 09:25:10,240 INFO  [                 org.perf4j.TimingLogger] (.Server-15) start[1728638710212] time[27] tag[omero.services.file.checksum]
2024-10-11 09:25:10,240 INFO  [       ome.security.basic.CurrentDetails] (.Server-15) Adding log:UPDATE,class ome.model.core.OriginalFile,3095
2024-10-11 09:25:10,241 INFO  [                 org.perf4j.TimingLogger] (.Server-15) start[1728638710240] time[1] tag[omero.services.file.finalize]
2024-10-11 09:25:10,244 INFO  [                 org.perf4j.TimingLogger] (.Server-15) start[1728638710192] time[52] tag[omero.call.success.ome.services.RawFileBean.save]
2024-10-11 09:25:10,251 INFO  [         ome.security.basic.EventHandler] (.Server-12)  Auth:	user=0,group=0,event=28278(User),sess=83be404c-1957-46d4-a36b-f9feca68dcf3
2024-10-11 09:25:10,255 INFO  [                 org.perf4j.TimingLogger] (.Server-12) start[1728638710247] time[7] tag[omero.call.success.ome.services.RawFileBean.close]
2024-10-11 09:25:10,255 DEBUG [                omero.util.ServantHolder] (.Server-12) Removed omero.api._RawFileStoreTie@765af905 from omero.util.ServantHolder@149b3864 as 750b76d6-990c-41a4-ab44-610348379e36-RepoRawFileStoreI
2024-10-11 09:25:10,255 INFO  [                      omero.cmd.SessionI] (.Server-12) Unregistered servant:83be404c-1957-46d4-a36b-f9feca68dcf3/750b76d6-990c-41a4-ab44-610348379e36-RepoRawFileStoreI(omero.api._RawFileStoreTie@765af905)
2024-10-11 09:25:10,259 INFO  [         ome.security.basic.EventHandler] (l.Server-4)  Auth:	user=0,group=0,event=null(User),sess=83be404c-1957-46d4-a36b-f9feca68dcf3
2024-10-11 09:25:10,259 INFO  [                 org.perf4j.TimingLogger] (l.Server-4) start[1728638710257] time[2] tag[omero.call.success.ome.services.blitz.impl.ServiceFactoryI$3.doWork]
2024-10-11 09:25:10,265 INFO  [                 org.perf4j.TimingLogger] (l.Server-4) start[1728638710259] time[5] tag[omero.import.process.checksum]
2024-10-11 09:25:10,271 INFO  [         ome.security.basic.EventHandler] (l.Server-4)  Auth:	user=0,group=0,event=28282(User),sess=83be404c-1957-46d4-a36b-f9feca68dcf3
2024-10-11 09:25:10,291 INFO  [       ome.security.basic.CurrentDetails] (l.Server-4) Adding log:UPDATE,class ome.model.jobs.UploadJob,3128
2024-10-11 09:25:10,297 INFO  [                 org.perf4j.TimingLogger] (l.Server-4) start[1728638710265] time[32] tag[omero.call.success.ome.services.blitz.repo.RepositoryDaoImpl$12.doWork]
2024-10-11 09:25:10,300 INFO  [         ome.security.basic.EventHandler] (l.Server-4)  Auth:	user=0,group=0,event=null(User),sess=83be404c-1957-46d4-a36b-f9feca68dcf3
2024-10-11 09:25:10,302 INFO  [                 org.perf4j.TimingLogger] (l.Server-4) start[1728638710298] time[4] tag[omero.call.success.ome.services.blitz.repo.RepositoryDaoImpl$2.doWork]
2024-10-11 09:25:10,304 INFO  [         ome.security.basic.EventHandler] (l.Server-4)  Auth:	user=0,group=0,event=null(User),sess=83be404c-1957-46d4-a36b-f9feca68dcf3
2024-10-11 09:25:10,305 INFO  [                 org.perf4j.TimingLogger] (l.Server-4) start[1728638710302] time[2] tag[omero.call.success.ome.services.blitz.repo.RepositoryDaoImpl$4.doWork]
2024-10-11 09:25:10,305 INFO  [       ome.formats.importer.ImportConfig] (l.Server-4) OMERO.blitz Version: 5.7.3
2024-10-11 09:25:10,305 INFO  [       ome.formats.importer.ImportConfig] (l.Server-4) Bioformats version: 7.3.0 revision: acc4b6de79e55275b5e6c8200f8458f6d93c9ba0 date: 18 April 2024
2024-10-11 09:25:10,306 INFO  [                      omero.cmd.SessionI] (l.Server-4) Added servant to adapter: 83be404c-1957-46d4-a36b-f9feca68dcf3/IHandle65bbe680-7455-4676-9a4e-1828f99f49d1(omero.cmd._HandleTie@28549ec2)
2024-10-11 09:25:10,306 DEBUG [                omero.util.ServantHolder] (l.Server-4) Added omero.cmd._HandleTie@28549ec2 to omero.util.ServantHolder@149b3864 as IHandle65bbe680-7455-4676-9a4e-1828f99f49d1
2024-10-11 09:25:10,307 INFO  [                 org.perf4j.TimingLogger] (l.Server-4) start[1728638710307] time[0] tag[omero.background.submit]
2024-10-11 09:25:10,307 INFO  [                 org.perf4j.TimingLogger] (l.Server-4) start[1728638710265] time[41] tag[omero.import.process.submit]
2024-10-11 09:25:10,308 DEBUG [                omero.util.ServantHolder] (.Server-11) Removed omero.grid._ImportProcessTie@2340d0f9 from omero.util.ServantHolder@149b3864 as 82908579-5425-4eda-8bd8-be09e1a8a64f-ManagedImportProcessI
2024-10-11 09:25:10,309 INFO  [                      omero.cmd.SessionI] (.Server-11) Unregistered servant:83be404c-1957-46d4-a36b-f9feca68dcf3/82908579-5425-4eda-8bd8-be09e1a8a64f-ManagedImportProcessI(omero.grid._ImportProcessTie@2340d0f9)
2024-10-11 09:25:10,315 INFO  [    ome.formats.OMEROMetadataStoreClient] (-thread-10) Call context: {omero.group:0}
2024-10-11 09:25:10,315 INFO  [    ome.formats.OMEROMetadataStoreClient] (-thread-10) Call context: {omero.logfilename:root_0/2024-10/11/09-25-09.518.log}
2024-10-11 09:25:10,321 INFO  [    ome.security.basic.BasicEventContext] (.Server-12)  cctx:	group=0
2024-10-11 09:25:10,322 INFO  [         ome.security.basic.EventHandler] (.Server-12)  Auth:	user=0,group=0,event=null(User),sess=83be404c-1957-46d4-a36b-f9feca68dcf3
2024-10-11 09:25:10,326 INFO  [                 org.perf4j.TimingLogger] (.Server-12) start[1728638710320] time[6] tag[omero.call.success.ome.logic.AdminImpl.getEventContext]
2024-10-11 09:25:10,356 INFO  [    ome.formats.OMEROMetadataStoreClient] (-thread-10) Pinging session every 300s.
2024-10-11 09:25:10,372 INFO  [                loci.formats.ImageReader] (-thread-10) IonpathMIBITiffReader initializing /OMERO/ManagedRepository/root_0/2024-10/11/09-25-09.518/TA459_multipleCores2_Run-4_Point35.tiff
2024-10-11 09:25:10,372 INFO  [       loci.formats.in.MinimalTiffReader] (-thread-10) Reading IFDs
2024-10-11 09:25:10,373 INFO  [       loci.formats.in.MinimalTiffReader] (-thread-10) Populating metadata
2024-10-11 09:25:10,374 INFO  [          loci.formats.in.BaseTiffReader] (-thread-10) Populating OME metadata
2024-10-11 09:25:10,380 INFO  [    ome.security.basic.BasicEventContext] (.Server-11)  cctx:	group=0
2024-10-11 09:25:10,381 INFO  [         ome.security.basic.EventHandler] (.Server-11)  Auth:	user=0,group=0,event=null(User),sess=83be404c-1957-46d4-a36b-f9feca68dcf3
2024-10-11 09:25:10,383 INFO  [                 org.perf4j.TimingLogger] (.Server-11) start[1728638710379] time[4] tag[omero.call.success.ome.logic.QueryImpl.findAll]
2024-10-11 09:25:10,388 INFO  [    ome.security.basic.BasicEventContext] (l.Server-9)  cctx:	group=0
2024-10-11 09:25:10,389 INFO  [         ome.security.basic.EventHandler] (l.Server-9)  Auth:	user=0,group=0,event=null(User),sess=83be404c-1957-46d4-a36b-f9feca68dcf3
2024-10-11 09:25:10,390 INFO  [                 org.perf4j.TimingLogger] (l.Server-9) start[1728638710387] time[3] tag[omero.call.success.ome.logic.QueryImpl.findAll]
2024-10-11 09:25:10,392 INFO  [    ome.security.basic.BasicEventContext] (.Server-14)  cctx:	group=0
2024-10-11 09:25:10,393 INFO  [         ome.security.basic.EventHandler] (.Server-14)  Auth:	user=0,group=0,event=null(User),sess=83be404c-1957-46d4-a36b-f9feca68dcf3
2024-10-11 09:25:10,394 INFO  [                 org.perf4j.TimingLogger] (.Server-14) start[1728638710391] time[2] tag[omero.call.success.ome.logic.QueryImpl.findAll]
2024-10-11 09:25:10,395 INFO  [    ome.security.basic.BasicEventContext] (.Server-12)  cctx:	group=0
2024-10-11 09:25:10,396 INFO  [         ome.security.basic.EventHandler] (.Server-12)  Auth:	user=0,group=0,event=null(User),sess=83be404c-1957-46d4-a36b-f9feca68dcf3
2024-10-11 09:25:10,397 INFO  [                 org.perf4j.TimingLogger] (.Server-12) start[1728638710395] time[2] tag[omero.call.success.ome.logic.QueryImpl.findAll]
2024-10-11 09:25:10,413 DEBUG [                   loci.formats.Memoizer] (-thread-10) saved to temp file: /OMERO/BioFormatsCache/OMERO/ManagedRepository/root_0/2024-10/11/09-25-09.518/.TA459_multipleCores2_Run-4_Point35.tiff.bfmemo8383082455757164111
2024-10-11 09:25:10,413 DEBUG [                   loci.formats.Memoizer] (-thread-10) start[1728638710406] time[7] tag[loci.formats.Memoizer.saveMemo]
2024-10-11 09:25:10,414 DEBUG [                   loci.formats.Memoizer] (-thread-10) saved memo file: /OMERO/BioFormatsCache/OMERO/ManagedRepository/root_0/2024-10/11/09-25-09.518/.TA459_multipleCores2_Run-4_Point35.tiff.bfmemo (50741 bytes)
2024-10-11 09:25:10,414 DEBUG [                   loci.formats.Memoizer] (-thread-10) start[1728638710356] time[57] tag[loci.formats.Memoizer.setId]
2024-10-11 09:25:10,414 DEBUG [    o.s.blitz.repo.ManagedImportRequestI] (-thread-10) Image Count: 44
2024-10-11 09:25:10,414 INFO  [    o.s.blitz.repo.ManagedImportRequestI] (-thread-10) File format: Ionpath MIBI
2024-10-11 09:25:10,414 INFO  [    o.s.blitz.repo.ManagedImportRequestI] (-thread-10) Base reader: loci.formats.in.IonpathMIBITiffReader
2024-10-11 09:25:10,414 INFO  [                 org.perf4j.TimingLogger] (-thread-10) start[1728638710312] time[101] tag[omero.import.request.init]
2024-10-11 09:25:10,414 DEBUG [    o.s.blitz.repo.ManagedImportRequestI] (-thread-10) Step 0
2024-10-11 09:25:10,415 WARN  [    ome.formats.model.ReferenceProcessor] (-thread-10) Unknown target class for LSID: Image:SIMS
2024-10-11 09:25:10,415 INFO  [    ome.formats.OMEROMetadataStoreClient] (-thread-10) Handling # of containers: 91
2024-10-11 09:25:10,416 INFO  [    ome.security.basic.BasicEventContext] (.Server-10)  cctx:	group=0
2024-10-11 09:25:10,417 INFO  [         ome.security.basic.EventHandler] (.Server-10)  Auth:	user=0,group=0,event=null(User),sess=83be404c-1957-46d4-a36b-f9feca68dcf3
2024-10-11 09:25:10,418 INFO  [                 org.perf4j.TimingLogger] (.Server-10) start[1728638710416] time[1] tag[omero.call.success.ome.services.blitz.impl.MetadataStoreI$4.doWork]
2024-10-11 09:25:10,418 INFO  [    ome.formats.OMEROMetadataStoreClient] (-thread-10) Handling # of references: 1
2024-10-11 09:25:10,419 INFO  [    ome.security.basic.BasicEventContext] (.Server-13)  cctx:	group=0
2024-10-11 09:25:10,419 INFO  [         ome.security.basic.EventHandler] (.Server-13)  Auth:	user=0,group=0,event=null(User),sess=83be404c-1957-46d4-a36b-f9feca68dcf3
2024-10-11 09:25:10,420 INFO  [                 org.perf4j.TimingLogger] (.Server-13) start[1728638710418] time[1] tag[omero.call.success.ome.services.blitz.impl.MetadataStoreI$5.doWork]
2024-10-11 09:25:10,422 INFO  [    ome.security.basic.BasicEventContext] (.Server-11)  cctx:	group=0
2024-10-11 09:25:10,426 INFO  [         ome.security.basic.EventHandler] (.Server-11)  Auth:	user=0,group=0,event=28286(User),sess=83be404c-1957-46d4-a36b-f9feca68dcf3
2024-10-11 09:25:10,435 INFO  [       ome.security.basic.CurrentDetails] (.Server-11) Adding log:INSERT,class ome.model.core.Image,219
2024-10-11 09:25:10,436 INFO  [       ome.security.basic.CurrentDetails] (.Server-11) Adding log:INSERT,class ome.model.containers.DatasetImageLink,219
2024-10-11 09:25:10,436 INFO  [       ome.security.basic.CurrentDetails] (.Server-11) Adding log:INSERT,class ome.model.core.Pixels,219
2024-10-11 09:25:10,437 INFO  [       ome.security.basic.CurrentDetails] (.Server-11) Adding log:INSERT,class ome.model.core.LogicalChannel,1343
2024-10-11 09:25:10,438 INFO  [       ome.security.basic.CurrentDetails] (.Server-11) Adding log:INSERT,class ome.model.core.Channel,1343
2024-10-11 09:25:10,438 INFO  [       ome.security.basic.CurrentDetails] (.Server-11) Adding log:INSERT,class ome.model.core.LogicalChannel,1344
2024-10-11 09:25:10,439 INFO  [       ome.security.basic.CurrentDetails] (.Server-11) Adding log:INSERT,class ome.model.core.Channel,1344
2024-10-11 09:25:10,439 INFO  [       ome.security.basic.CurrentDetails] (.Server-11) Adding log:INSERT,class ome.model.core.LogicalChannel,1345
2024-10-11 09:25:10,439 INFO  [       ome.security.basic.CurrentDetails] (.Server-11) Adding log:INSERT,class ome.model.core.Channel,1345
2024-10-11 09:25:10,440 INFO  [       ome.security.basic.CurrentDetails] (.Server-11) Adding log:INSERT,class ome.model.core.LogicalChannel,1346
2024-10-11 09:25:10,440 INFO  [       ome.security.basic.CurrentDetails] (.Server-11) Adding log:INSERT,class ome.model.core.Channel,1346
2024-10-11 09:25:10,440 INFO  [       ome.security.basic.CurrentDetails] (.Server-11) Adding log:INSERT,class ome.model.core.LogicalChannel,1347
2024-10-11 09:25:10,440 INFO  [       ome.security.basic.CurrentDetails] (.Server-11) Adding log:INSERT,class ome.model.core.Channel,1347
2024-10-11 09:25:10,441 INFO  [       ome.security.basic.CurrentDetails] (.Server-11) Adding log:INSERT,class ome.model.core.LogicalChannel,1348
2024-10-11 09:25:10,441 INFO  [       ome.security.basic.CurrentDetails] (.Server-11) Adding log:INSERT,class ome.model.core.Channel,1348
2024-10-11 09:25:10,441 INFO  [       ome.security.basic.CurrentDetails] (.Server-11) Adding log:INSERT,class ome.model.core.LogicalChannel,1349
2024-10-11 09:25:10,441 INFO  [       ome.security.basic.CurrentDetails] (.Server-11) Adding log:INSERT,class ome.model.core.Channel,1349
2024-10-11 09:25:10,442 INFO  [       ome.security.basic.CurrentDetails] (.Server-11) Adding log:INSERT,class ome.model.core.LogicalChannel,1350
2024-10-11 09:25:10,442 INFO  [       ome.security.basic.CurrentDetails] (.Server-11) Adding log:INSERT,class ome.model.core.Channel,1350
2024-10-11 09:25:10,442 INFO  [       ome.security.basic.CurrentDetails] (.Server-11) Adding log:INSERT,class ome.model.core.LogicalChannel,1351
2024-10-11 09:25:10,442 INFO  [       ome.security.basic.CurrentDetails] (.Server-11) Adding log:INSERT,class ome.model.core.Channel,1351
2024-10-11 09:25:10,443 INFO  [       ome.security.basic.CurrentDetails] (.Server-11) Adding log:INSERT,class ome.model.core.LogicalChannel,1352
2024-10-11 09:25:10,443 INFO  [       ome.security.basic.CurrentDetails] (.Server-11) Adding log:INSERT,class ome.model.core.Channel,1352
2024-10-11 09:25:10,443 INFO  [       ome.security.basic.CurrentDetails] (.Server-11) Adding log:INSERT,class ome.model.core.LogicalChannel,1353
2024-10-11 09:25:10,443 INFO  [       ome.security.basic.CurrentDetails] (.Server-11) Adding log:INSERT,class ome.model.core.Channel,1353
2024-10-11 09:25:10,444 INFO  [       ome.security.basic.CurrentDetails] (.Server-11) Adding log:INSERT,class ome.model.core.LogicalChannel,1354
2024-10-11 09:25:10,444 INFO  [       ome.security.basic.CurrentDetails] (.Server-11) Adding log:INSERT,class ome.model.core.Channel,1354
2024-10-11 09:25:10,445 INFO  [       ome.security.basic.CurrentDetails] (.Server-11) Adding log:INSERT,class ome.model.core.LogicalChannel,1355
2024-10-11 09:25:10,446 INFO  [       ome.security.basic.CurrentDetails] (.Server-11) Adding log:INSERT,class ome.model.core.Channel,1355
2024-10-11 09:25:10,446 INFO  [       ome.security.basic.CurrentDetails] (.Server-11) Adding log:INSERT,class ome.model.core.LogicalChannel,1356
2024-10-11 09:25:10,446 INFO  [       ome.security.basic.CurrentDetails] (.Server-11) Adding log:INSERT,class ome.model.core.Channel,1356
2024-10-11 09:25:10,446 INFO  [       ome.security.basic.CurrentDetails] (.Server-11) Adding log:INSERT,class ome.model.core.LogicalChannel,1357
2024-10-11 09:25:10,447 INFO  [       ome.security.basic.CurrentDetails] (.Server-11) Adding log:INSERT,class ome.model.core.Channel,1357
2024-10-11 09:25:10,447 INFO  [       ome.security.basic.CurrentDetails] (.Server-11) Adding log:INSERT,class ome.model.core.LogicalChannel,1358
2024-10-11 09:25:10,447 INFO  [       ome.security.basic.CurrentDetails] (.Server-11) Adding log:INSERT,class ome.model.core.Channel,1358
2024-10-11 09:25:10,447 INFO  [       ome.security.basic.CurrentDetails] (.Server-11) Adding log:INSERT,class ome.model.core.LogicalChannel,1359
2024-10-11 09:25:10,448 INFO  [       ome.security.basic.CurrentDetails] (.Server-11) Adding log:INSERT,class ome.model.core.Channel,1359
2024-10-11 09:25:10,448 INFO  [       ome.security.basic.CurrentDetails] (.Server-11) Adding log:INSERT,class ome.model.core.LogicalChannel,1360
2024-10-11 09:25:10,448 INFO  [       ome.security.basic.CurrentDetails] (.Server-11) Adding log:INSERT,class ome.model.core.Channel,1360
2024-10-11 09:25:10,449 INFO  [       ome.security.basic.CurrentDetails] (.Server-11) Adding log:INSERT,class ome.model.core.LogicalChannel,1361
2024-10-11 09:25:10,449 INFO  [       ome.security.basic.CurrentDetails] (.Server-11) Adding log:INSERT,class ome.model.core.Channel,1361
2024-10-11 09:25:10,449 INFO  [       ome.security.basic.CurrentDetails] (.Server-11) Adding log:INSERT,class ome.model.core.LogicalChannel,1362
2024-10-11 09:25:10,449 INFO  [       ome.security.basic.CurrentDetails] (.Server-11) Adding log:INSERT,class ome.model.core.Channel,1362
2024-10-11 09:25:10,450 INFO  [       ome.security.basic.CurrentDetails] (.Server-11) Adding log:INSERT,class ome.model.core.LogicalChannel,1363
2024-10-11 09:25:10,450 INFO  [       ome.security.basic.CurrentDetails] (.Server-11) Adding log:INSERT,class ome.model.core.Channel,1363
2024-10-11 09:25:10,450 INFO  [       ome.security.basic.CurrentDetails] (.Server-11) Adding log:INSERT,class ome.model.core.LogicalChannel,1364
2024-10-11 09:25:10,450 INFO  [       ome.security.basic.CurrentDetails] (.Server-11) Adding log:INSERT,class ome.model.core.Channel,1364
2024-10-11 09:25:10,451 INFO  [       ome.security.basic.CurrentDetails] (.Server-11) Adding log:INSERT,class ome.model.core.LogicalChannel,1365
2024-10-11 09:25:10,451 INFO  [       ome.security.basic.CurrentDetails] (.Server-11) Adding log:INSERT,class ome.model.core.Channel,1365
2024-10-11 09:25:10,451 INFO  [       ome.security.basic.CurrentDetails] (.Server-11) Adding log:INSERT,class ome.model.core.LogicalChannel,1366
2024-10-11 09:25:10,452 INFO  [       ome.security.basic.CurrentDetails] (.Server-11) Adding log:INSERT,class ome.model.core.Channel,1366
2024-10-11 09:25:10,454 INFO  [       ome.security.basic.CurrentDetails] (.Server-11) Adding log:INSERT,class ome.model.core.LogicalChannel,1367
2024-10-11 09:25:10,454 INFO  [       ome.security.basic.CurrentDetails] (.Server-11) Adding log:INSERT,class ome.model.core.Channel,1367
2024-10-11 09:25:10,455 INFO  [       ome.security.basic.CurrentDetails] (.Server-11) Adding log:INSERT,class ome.model.core.LogicalChannel,1368
2024-10-11 09:25:10,455 INFO  [       ome.security.basic.CurrentDetails] (.Server-11) Adding log:INSERT,class ome.model.core.Channel,1368
2024-10-11 09:25:10,455 INFO  [       ome.security.basic.CurrentDetails] (.Server-11) Adding log:INSERT,class ome.model.core.LogicalChannel,1369
2024-10-11 09:25:10,455 INFO  [       ome.security.basic.CurrentDetails] (.Server-11) Adding log:INSERT,class ome.model.core.Channel,1369
2024-10-11 09:25:10,456 INFO  [       ome.security.basic.CurrentDetails] (.Server-11) Adding log:INSERT,class ome.model.core.LogicalChannel,1370
2024-10-11 09:25:10,456 INFO  [       ome.security.basic.CurrentDetails] (.Server-11) Adding log:INSERT,class ome.model.core.Channel,1370
2024-10-11 09:25:10,456 INFO  [       ome.security.basic.CurrentDetails] (.Server-11) Adding log:INSERT,class ome.model.core.LogicalChannel,1371
2024-10-11 09:25:10,456 INFO  [       ome.security.basic.CurrentDetails] (.Server-11) Adding log:INSERT,class ome.model.core.Channel,1371
2024-10-11 09:25:10,457 INFO  [       ome.security.basic.CurrentDetails] (.Server-11) Adding log:INSERT,class ome.model.core.LogicalChannel,1372
2024-10-11 09:25:10,457 INFO  [       ome.security.basic.CurrentDetails] (.Server-11) Adding log:INSERT,class ome.model.core.Channel,1372
2024-10-11 09:25:10,457 INFO  [       ome.security.basic.CurrentDetails] (.Server-11) Adding log:INSERT,class ome.model.core.LogicalChannel,1373
2024-10-11 09:25:10,457 INFO  [       ome.security.basic.CurrentDetails] (.Server-11) Adding log:INSERT,class ome.model.core.Channel,1373
2024-10-11 09:25:10,458 INFO  [       ome.security.basic.CurrentDetails] (.Server-11) Adding log:INSERT,class ome.model.core.LogicalChannel,1374
2024-10-11 09:25:10,458 INFO  [       ome.security.basic.CurrentDetails] (.Server-11) Adding log:INSERT,class ome.model.core.Channel,1374
2024-10-11 09:25:10,458 INFO  [       ome.security.basic.CurrentDetails] (.Server-11) Adding log:INSERT,class ome.model.core.LogicalChannel,1375
2024-10-11 09:25:10,458 INFO  [       ome.security.basic.CurrentDetails] (.Server-11) Adding log:INSERT,class ome.model.core.Channel,1375
2024-10-11 09:25:10,459 INFO  [       ome.security.basic.CurrentDetails] (.Server-11) Adding log:INSERT,class ome.model.core.LogicalChannel,1376
2024-10-11 09:25:10,459 INFO  [       ome.security.basic.CurrentDetails] (.Server-11) Adding log:INSERT,class ome.model.core.Channel,1376
2024-10-11 09:25:10,459 INFO  [       ome.security.basic.CurrentDetails] (.Server-11) Adding log:INSERT,class ome.model.core.LogicalChannel,1377
2024-10-11 09:25:10,460 INFO  [       ome.security.basic.CurrentDetails] (.Server-11) Adding log:INSERT,class ome.model.core.Channel,1377
2024-10-11 09:25:10,460 INFO  [       ome.security.basic.CurrentDetails] (.Server-11) Adding log:INSERT,class ome.model.core.LogicalChannel,1378
2024-10-11 09:25:10,460 INFO  [       ome.security.basic.CurrentDetails] (.Server-11) Adding log:INSERT,class ome.model.core.Channel,1378
2024-10-11 09:25:10,460 INFO  [       ome.security.basic.CurrentDetails] (.Server-11) Adding log:INSERT,class ome.model.core.LogicalChannel,1379
2024-10-11 09:25:10,461 INFO  [       ome.security.basic.CurrentDetails] (.Server-11) Adding log:INSERT,class ome.model.core.Channel,1379
2024-10-11 09:25:10,461 INFO  [       ome.security.basic.CurrentDetails] (.Server-11) Adding log:INSERT,class ome.model.core.LogicalChannel,1380
2024-10-11 09:25:10,461 INFO  [       ome.security.basic.CurrentDetails] (.Server-11) Adding log:INSERT,class ome.model.core.Channel,1380
2024-10-11 09:25:10,461 INFO  [       ome.security.basic.CurrentDetails] (.Server-11) Adding log:INSERT,class ome.model.core.LogicalChannel,1381
2024-10-11 09:25:10,462 INFO  [       ome.security.basic.CurrentDetails] (.Server-11) Adding log:INSERT,class ome.model.core.Channel,1381
2024-10-11 09:25:10,462 INFO  [       ome.security.basic.CurrentDetails] (.Server-11) Adding log:INSERT,class ome.model.core.LogicalChannel,1382
2024-10-11 09:25:10,462 INFO  [       ome.security.basic.CurrentDetails] (.Server-11) Adding log:INSERT,class ome.model.core.Channel,1382
2024-10-11 09:25:10,462 INFO  [       ome.security.basic.CurrentDetails] (.Server-11) Adding log:INSERT,class ome.model.core.LogicalChannel,1383
2024-10-11 09:25:10,463 INFO  [       ome.security.basic.CurrentDetails] (.Server-11) Adding log:INSERT,class ome.model.core.Channel,1383
2024-10-11 09:25:10,463 INFO  [       ome.security.basic.CurrentDetails] (.Server-11) Adding log:INSERT,class ome.model.core.LogicalChannel,1384
2024-10-11 09:25:10,463 INFO  [       ome.security.basic.CurrentDetails] (.Server-11) Adding log:INSERT,class ome.model.core.Channel,1384
2024-10-11 09:25:10,464 INFO  [       ome.security.basic.CurrentDetails] (.Server-11) Adding log:INSERT,class ome.model.core.LogicalChannel,1385
2024-10-11 09:25:10,464 INFO  [       ome.security.basic.CurrentDetails] (.Server-11) Adding log:INSERT,class ome.model.core.Channel,1385
2024-10-11 09:25:10,465 INFO  [       ome.security.basic.CurrentDetails] (.Server-11) Adding log:INSERT,class ome.model.core.LogicalChannel,1386
2024-10-11 09:25:10,466 INFO  [       ome.security.basic.CurrentDetails] (.Server-11) Adding log:INSERT,class ome.model.core.Channel,1386
2024-10-11 09:25:10,477 INFO  [                 org.perf4j.TimingLogger] (.Server-11) start[1728638710426] time[51] tag[omero.saveImportGraph]
2024-10-11 09:25:10,494 INFO  [                 org.perf4j.TimingLogger] (.Server-11) start[1728638710421] time[72] tag[omero.call.success.ome.services.blitz.impl.MetadataStoreI$3.doWork]
2024-10-11 09:25:10,497 INFO  [                 org.perf4j.TimingLogger] (-thread-10) start[1728638710414] time[82] tag[omero.import.request.metadata]
2024-10-11 09:25:10,498 INFO  [    ome.security.basic.BasicEventContext] (.Server-14)  cctx:	group=0
2024-10-11 09:25:10,499 INFO  [         ome.security.basic.EventHandler] (.Server-14)  Auth:	user=0,group=0,event=null(User),sess=83be404c-1957-46d4-a36b-f9feca68dcf3
2024-10-11 09:25:10,501 INFO  [                 org.perf4j.TimingLogger] (.Server-14) start[1728638710497] time[3] tag[omero.call.success.ome.logic.QueryImpl.get]
2024-10-11 09:25:10,502 INFO  [    ome.security.basic.BasicEventContext] (.Server-10)  cctx:	group=0
2024-10-11 09:25:10,507 INFO  [         ome.security.basic.EventHandler] (.Server-10)  Auth:	user=0,group=0,event=28291(User),sess=83be404c-1957-46d4-a36b-f9feca68dcf3
2024-10-11 09:25:10,509 INFO  [       ome.security.basic.CurrentDetails] (.Server-10) Adding log:UPDATE,class ome.model.core.OriginalFile,3094
2024-10-11 09:25:10,513 INFO  [                 org.perf4j.TimingLogger] (.Server-10) start[1728638710502] time[11] tag[omero.call.success.ome.logic.UpdateImpl.saveObject]
2024-10-11 09:25:10,513 INFO  [                 org.perf4j.TimingLogger] (-thread-10) start[1728638710414] time[99] tag[omero.import.request.step]
2024-10-11 09:25:10,514 DEBUG [    o.s.blitz.repo.ManagedImportRequestI] (-thread-10) Step 1
2024-10-11 09:25:10,514 DEBUG [    o.s.blitz.repo.ManagedImportRequestI] (-thread-10) Plane:0 X:0 Y:0 TileWidth:2048 TileHeight:2048 arrayBuf.length:8388608
2024-10-11 09:25:10,598 DEBUG [    o.s.blitz.repo.ManagedImportRequestI] (-thread-10) Plane:1 X:0 Y:0 TileWidth:2048 TileHeight:2048 arrayBuf.length:8388608
2024-10-11 09:25:10,648 DEBUG [    o.s.blitz.repo.ManagedImportRequestI] (-thread-10) Plane:2 X:0 Y:0 TileWidth:2048 TileHeight:2048 arrayBuf.length:8388608
2024-10-11 09:25:10,720 DEBUG [    o.s.blitz.repo.ManagedImportRequestI] (-thread-10) Plane:3 X:0 Y:0 TileWidth:2048 TileHeight:2048 arrayBuf.length:8388608
2024-10-11 09:25:10,831 DEBUG [    o.s.blitz.repo.ManagedImportRequestI] (-thread-10) Plane:4 X:0 Y:0 TileWidth:2048 TileHeight:2048 arrayBuf.length:8388608
2024-10-11 09:25:10,896 DEBUG [    o.s.blitz.repo.ManagedImportRequestI] (-thread-10) Plane:5 X:0 Y:0 TileWidth:2048 TileHeight:2048 arrayBuf.length:8388608
2024-10-11 09:25:10,962 DEBUG [    o.s.blitz.repo.ManagedImportRequestI] (-thread-10) Plane:6 X:0 Y:0 TileWidth:2048 TileHeight:2048 arrayBuf.length:8388608
2024-10-11 09:25:11,033 DEBUG [    o.s.blitz.repo.ManagedImportRequestI] (-thread-10) Plane:7 X:0 Y:0 TileWidth:2048 TileHeight:2048 arrayBuf.length:8388608
2024-10-11 09:25:11,095 DEBUG [    o.s.blitz.repo.ManagedImportRequestI] (-thread-10) Plane:8 X:0 Y:0 TileWidth:2048 TileHeight:2048 arrayBuf.length:8388608
2024-10-11 09:25:11,150 DEBUG [    o.s.blitz.repo.ManagedImportRequestI] (-thread-10) Plane:9 X:0 Y:0 TileWidth:2048 TileHeight:2048 arrayBuf.length:8388608
2024-10-11 09:25:11,218 DEBUG [    o.s.blitz.repo.ManagedImportRequestI] (-thread-10) Plane:10 X:0 Y:0 TileWidth:2048 TileHeight:2048 arrayBuf.length:8388608
2024-10-11 09:25:11,280 DEBUG [    o.s.blitz.repo.ManagedImportRequestI] (-thread-10) Plane:11 X:0 Y:0 TileWidth:2048 TileHeight:2048 arrayBuf.length:8388608
2024-10-11 09:25:11,337 DEBUG [    o.s.blitz.repo.ManagedImportRequestI] (-thread-10) Plane:12 X:0 Y:0 TileWidth:2048 TileHeight:2048 arrayBuf.length:8388608
2024-10-11 09:25:11,408 DEBUG [    o.s.blitz.repo.ManagedImportRequestI] (-thread-10) Plane:13 X:0 Y:0 TileWidth:2048 TileHeight:2048 arrayBuf.length:8388608
2024-10-11 09:25:11,507 DEBUG [    o.s.blitz.repo.ManagedImportRequestI] (-thread-10) Plane:14 X:0 Y:0 TileWidth:2048 TileHeight:2048 arrayBuf.length:8388608
2024-10-11 09:25:11,575 DEBUG [    o.s.blitz.repo.ManagedImportRequestI] (-thread-10) Plane:15 X:0 Y:0 TileWidth:2048 TileHeight:2048 arrayBuf.length:8388608
2024-10-11 09:25:11,640 DEBUG [    o.s.blitz.repo.ManagedImportRequestI] (-thread-10) Plane:16 X:0 Y:0 TileWidth:2048 TileHeight:2048 arrayBuf.length:8388608
2024-10-11 09:25:11,706 DEBUG [    o.s.blitz.repo.ManagedImportRequestI] (-thread-10) Plane:17 X:0 Y:0 TileWidth:2048 TileHeight:2048 arrayBuf.length:8388608
2024-10-11 09:25:11,766 DEBUG [    o.s.blitz.repo.ManagedImportRequestI] (-thread-10) Plane:18 X:0 Y:0 TileWidth:2048 TileHeight:2048 arrayBuf.length:8388608
2024-10-11 09:25:11,823 DEBUG [    o.s.blitz.repo.ManagedImportRequestI] (-thread-10) Plane:19 X:0 Y:0 TileWidth:2048 TileHeight:2048 arrayBuf.length:8388608
2024-10-11 09:25:11,917 DEBUG [    o.s.blitz.repo.ManagedImportRequestI] (-thread-10) Plane:20 X:0 Y:0 TileWidth:2048 TileHeight:2048 arrayBuf.length:8388608
2024-10-11 09:25:11,975 DEBUG [    o.s.blitz.repo.ManagedImportRequestI] (-thread-10) Plane:21 X:0 Y:0 TileWidth:2048 TileHeight:2048 arrayBuf.length:8388608
2024-10-11 09:25:12,064 DEBUG [    o.s.blitz.repo.ManagedImportRequestI] (-thread-10) Plane:22 X:0 Y:0 TileWidth:2048 TileHeight:2048 arrayBuf.length:8388608
2024-10-11 09:25:12,207 DEBUG [    o.s.blitz.repo.ManagedImportRequestI] (-thread-10) Plane:23 X:0 Y:0 TileWidth:2048 TileHeight:2048 arrayBuf.length:8388608
2024-10-11 09:25:12,289 DEBUG [    o.s.blitz.repo.ManagedImportRequestI] (-thread-10) Plane:24 X:0 Y:0 TileWidth:2048 TileHeight:2048 arrayBuf.length:8388608
2024-10-11 09:25:12,391 DEBUG [    o.s.blitz.repo.ManagedImportRequestI] (-thread-10) Plane:25 X:0 Y:0 TileWidth:2048 TileHeight:2048 arrayBuf.length:8388608
2024-10-11 09:25:12,470 DEBUG [    o.s.blitz.repo.ManagedImportRequestI] (-thread-10) Plane:26 X:0 Y:0 TileWidth:2048 TileHeight:2048 arrayBuf.length:8388608
2024-10-11 09:25:12,587 DEBUG [    o.s.blitz.repo.ManagedImportRequestI] (-thread-10) Plane:27 X:0 Y:0 TileWidth:2048 TileHeight:2048 arrayBuf.length:8388608
2024-10-11 09:25:12,663 DEBUG [    o.s.blitz.repo.ManagedImportRequestI] (-thread-10) Plane:28 X:0 Y:0 TileWidth:2048 TileHeight:2048 arrayBuf.length:8388608
2024-10-11 09:25:12,728 DEBUG [    o.s.blitz.repo.ManagedImportRequestI] (-thread-10) Plane:29 X:0 Y:0 TileWidth:2048 TileHeight:2048 arrayBuf.length:8388608
2024-10-11 09:25:12,802 DEBUG [    o.s.blitz.repo.ManagedImportRequestI] (-thread-10) Plane:30 X:0 Y:0 TileWidth:2048 TileHeight:2048 arrayBuf.length:8388608
2024-10-11 09:25:12,862 DEBUG [    o.s.blitz.repo.ManagedImportRequestI] (-thread-10) Plane:31 X:0 Y:0 TileWidth:2048 TileHeight:2048 arrayBuf.length:8388608
2024-10-11 09:25:12,925 DEBUG [    o.s.blitz.repo.ManagedImportRequestI] (-thread-10) Plane:32 X:0 Y:0 TileWidth:2048 TileHeight:2048 arrayBuf.length:8388608
2024-10-11 09:25:13,001 DEBUG [    o.s.blitz.repo.ManagedImportRequestI] (-thread-10) Plane:33 X:0 Y:0 TileWidth:2048 TileHeight:2048 arrayBuf.length:8388608
2024-10-11 09:25:13,081 DEBUG [    o.s.blitz.repo.ManagedImportRequestI] (-thread-10) Plane:34 X:0 Y:0 TileWidth:2048 TileHeight:2048 arrayBuf.length:8388608
2024-10-11 09:25:13,176 DEBUG [    o.s.blitz.repo.ManagedImportRequestI] (-thread-10) Plane:35 X:0 Y:0 TileWidth:2048 TileHeight:2048 arrayBuf.length:8388608
2024-10-11 09:25:13,239 DEBUG [    o.s.blitz.repo.ManagedImportRequestI] (-thread-10) Plane:36 X:0 Y:0 TileWidth:2048 TileHeight:2048 arrayBuf.length:8388608
2024-10-11 09:25:13,315 DEBUG [    o.s.blitz.repo.ManagedImportRequestI] (-thread-10) Plane:37 X:0 Y:0 TileWidth:2048 TileHeight:2048 arrayBuf.length:8388608
2024-10-11 09:25:13,390 DEBUG [    o.s.blitz.repo.ManagedImportRequestI] (-thread-10) Plane:38 X:0 Y:0 TileWidth:2048 TileHeight:2048 arrayBuf.length:8388608
2024-10-11 09:25:13,482 DEBUG [    o.s.blitz.repo.ManagedImportRequestI] (-thread-10) Plane:39 X:0 Y:0 TileWidth:2048 TileHeight:2048 arrayBuf.length:8388608
2024-10-11 09:25:13,581 DEBUG [    o.s.blitz.repo.ManagedImportRequestI] (-thread-10) Plane:40 X:0 Y:0 TileWidth:2048 TileHeight:2048 arrayBuf.length:8388608
2024-10-11 09:25:13,663 DEBUG [    o.s.blitz.repo.ManagedImportRequestI] (-thread-10) Plane:41 X:0 Y:0 TileWidth:2048 TileHeight:2048 arrayBuf.length:8388608
2024-10-11 09:25:13,758 DEBUG [    o.s.blitz.repo.ManagedImportRequestI] (-thread-10) Plane:42 X:0 Y:0 TileWidth:2048 TileHeight:2048 arrayBuf.length:8388608
2024-10-11 09:25:13,847 DEBUG [    o.s.blitz.repo.ManagedImportRequestI] (-thread-10) Plane:43 X:0 Y:0 TileWidth:2048 TileHeight:2048 arrayBuf.length:8388608
2024-10-11 09:25:13,926 INFO  [    ome.security.basic.BasicEventContext] (.Server-12)  cctx:	group=0
2024-10-11 09:25:13,931 INFO  [         ome.security.basic.EventHandler] (.Server-12)  Auth:	user=0,group=0,event=28374(User),sess=83be404c-1957-46d4-a36b-f9feca68dcf3
2024-10-11 09:25:13,943 INFO  [                 org.perf4j.TimingLogger] (.Server-12) start[1728638713925] time[17] tag[omero.call.success.ome.services.blitz.impl.MetadataStoreI$7.doWork]
2024-10-11 09:25:13,946 INFO  [    ome.security.basic.BasicEventContext] (l.Server-9)  cctx:	group=0
2024-10-11 09:25:13,950 INFO  [         ome.security.basic.EventHandler] (l.Server-9)  Auth:	user=0,group=0,event=28376(User),sess=83be404c-1957-46d4-a36b-f9feca68dcf3
2024-10-11 09:25:14,103 INFO  [       ome.security.basic.CurrentDetails] (l.Server-9) Adding log:UPDATE,class ome.model.core.Pixels,219
2024-10-11 09:25:14,315 INFO  [                 org.perf4j.TimingLogger] (l.Server-9) start[1728638713945] time[369] tag[omero.call.success.ome.logic.UpdateImpl.saveArray]
2024-10-11 09:25:14,318 INFO  [    ome.security.basic.BasicEventContext] (.Server-15)  cctx:	group=0
2024-10-11 09:25:14,340 INFO  [         ome.security.basic.EventHandler] (.Server-15)  Auth:	user=0,group=0,event=28384(User),sess=83be404c-1957-46d4-a36b-f9feca68dcf3
2024-10-11 09:25:14,391 INFO  [                 org.perf4j.TimingLogger] (.Server-15) start[1728638714315] time[75] tag[omero.call.success.ome.services.blitz.impl.MetadataStoreI$2.doWork]
2024-10-11 09:25:14,391 INFO  [                 org.perf4j.TimingLogger] (-thread-10) start[1728638710514] time[3876] tag[omero.import.request.pixels]
2024-10-11 09:25:14,392 INFO  [    ome.security.basic.BasicEventContext] (l.Server-4)  cctx:	group=0
2024-10-11 09:25:14,393 INFO  [         ome.security.basic.EventHandler] (l.Server-4)  Auth:	user=0,group=0,event=null(User),sess=83be404c-1957-46d4-a36b-f9feca68dcf3
2024-10-11 09:25:14,395 INFO  [                 org.perf4j.TimingLogger] (l.Server-4) start[1728638714392] time[3] tag[omero.call.success.ome.logic.QueryImpl.get]
2024-10-11 09:25:14,398 INFO  [    ome.security.basic.BasicEventContext] (.Server-12)  cctx:	group=0
2024-10-11 09:25:14,405 INFO  [         ome.security.basic.EventHandler] (.Server-12)  Auth:	user=0,group=0,event=28385(User),sess=83be404c-1957-46d4-a36b-f9feca68dcf3
2024-10-11 09:25:14,409 INFO  [       ome.security.basic.CurrentDetails] (.Server-12) Adding log:UPDATE,class ome.model.core.OriginalFile,3094
2024-10-11 09:25:14,418 INFO  [                 org.perf4j.TimingLogger] (.Server-12) start[1728638714397] time[21] tag[omero.call.success.ome.logic.UpdateImpl.saveObject]
2024-10-11 09:25:14,418 INFO  [                 org.perf4j.TimingLogger] (-thread-10) start[1728638710514] time[3904] tag[omero.import.request.step]
2024-10-11 09:25:14,418 DEBUG [    o.s.blitz.repo.ManagedImportRequestI] (-thread-10) Step 2
2024-10-11 09:25:14,420 INFO  [    ome.security.basic.BasicEventContext] (l.Server-9)  cctx:	group=0
2024-10-11 09:25:14,425 INFO  [         ome.security.basic.EventHandler] (l.Server-9)  Auth:	user=0,group=0,event=28386(User),sess=83be404c-1957-46d4-a36b-f9feca68dcf3
2024-10-11 09:25:14,432 INFO  [                 org.perf4j.TimingLogger] (l.Server-9) start[1728638714426] time[5] tag[omero.loadPixels]
2024-10-11 09:25:14,444 INFO  [                 org.perf4j.TimingLogger] (l.Server-9) start[1728638714437] time[6] tag[omero.loadRenderingSettingsByUser]
2024-10-11 09:25:14,461 DEBUG [                   loci.formats.Memoizer] (l.Server-9) start[1728638714448] time[13] tag[loci.formats.Memoizer.loadMemo]
2024-10-11 09:25:14,498 INFO  [                loci.formats.ImageReader] (l.Server-9) IonpathMIBITiffReader initializing /OMERO/ManagedRepository/root_0/2024-10/11/09-25-09.518/TA459_multipleCores2_Run-4_Point35.tiff
2024-10-11 09:25:14,498 INFO  [       loci.formats.in.MinimalTiffReader] (l.Server-9) Reading IFDs
2024-10-11 09:25:14,499 INFO  [       loci.formats.in.MinimalTiffReader] (l.Server-9) Populating metadata
2024-10-11 09:25:14,502 INFO  [          loci.formats.in.BaseTiffReader] (l.Server-9) Populating OME metadata
2024-10-11 09:25:14,510 DEBUG [                   loci.formats.Memoizer] (l.Server-9) saved to temp file: /OMERO/BioFormatsCache/OMERO/ManagedRepository/root_0/2024-10/11/09-25-09.518/.TA459_multipleCores2_Run-4_Point35.tiff.bfmemo17639812566586558616
2024-10-11 09:25:14,510 DEBUG [                   loci.formats.Memoizer] (l.Server-9) start[1728638714507] time[2] tag[loci.formats.Memoizer.saveMemo]
2024-10-11 09:25:14,510 DEBUG [                   loci.formats.Memoizer] (l.Server-9) saved memo file: /OMERO/BioFormatsCache/OMERO/ManagedRepository/root_0/2024-10/11/09-25-09.518/.TA459_multipleCores2_Run-4_Point35.tiff.bfmemo (50732 bytes)
2024-10-11 09:25:14,510 DEBUG [                   loci.formats.Memoizer] (l.Server-9) start[1728638714447] time[62] tag[loci.formats.Memoizer.setId]
2024-10-11 09:25:14,527 INFO  [       ome.security.basic.CurrentDetails] (l.Server-9) Adding log:INSERT,class ome.model.display.QuantumDef,219
2024-10-11 09:25:14,528 INFO  [       ome.security.basic.CurrentDetails] (l.Server-9) Adding log:INSERT,class ome.model.display.RenderingDef,219
2024-10-11 09:25:14,529 INFO  [       ome.security.basic.CurrentDetails] (l.Server-9) Adding log:INSERT,class ome.model.display.ChannelBinding,1343
2024-10-11 09:25:14,530 INFO  [       ome.security.basic.CurrentDetails] (l.Server-9) Adding log:INSERT,class ome.model.display.ChannelBinding,1344
2024-10-11 09:25:14,531 INFO  [       ome.security.basic.CurrentDetails] (l.Server-9) Adding log:INSERT,class ome.model.display.ChannelBinding,1345
2024-10-11 09:25:14,531 INFO  [       ome.security.basic.CurrentDetails] (l.Server-9) Adding log:INSERT,class ome.model.display.ChannelBinding,1346
2024-10-11 09:25:14,531 INFO  [       ome.security.basic.CurrentDetails] (l.Server-9) Adding log:INSERT,class ome.model.display.ChannelBinding,1347
2024-10-11 09:25:14,532 INFO  [       ome.security.basic.CurrentDetails] (l.Server-9) Adding log:INSERT,class ome.model.display.ChannelBinding,1348
2024-10-11 09:25:14,532 INFO  [       ome.security.basic.CurrentDetails] (l.Server-9) Adding log:INSERT,class ome.model.display.ChannelBinding,1349
2024-10-11 09:25:14,533 INFO  [       ome.security.basic.CurrentDetails] (l.Server-9) Adding log:INSERT,class ome.model.display.ChannelBinding,1350
2024-10-11 09:25:14,533 INFO  [       ome.security.basic.CurrentDetails] (l.Server-9) Adding log:INSERT,class ome.model.display.ChannelBinding,1351
2024-10-11 09:25:14,533 INFO  [       ome.security.basic.CurrentDetails] (l.Server-9) Adding log:INSERT,class ome.model.display.ChannelBinding,1352
2024-10-11 09:25:14,534 INFO  [       ome.security.basic.CurrentDetails] (l.Server-9) Adding log:INSERT,class ome.model.display.ChannelBinding,1353
2024-10-11 09:25:14,534 INFO  [       ome.security.basic.CurrentDetails] (l.Server-9) Adding log:INSERT,class ome.model.display.ChannelBinding,1354
2024-10-11 09:25:14,534 INFO  [       ome.security.basic.CurrentDetails] (l.Server-9) Adding log:INSERT,class ome.model.display.ChannelBinding,1355
2024-10-11 09:25:14,545 INFO  [       ome.security.basic.CurrentDetails] (l.Server-9) Adding log:INSERT,class ome.model.display.ChannelBinding,1356
2024-10-11 09:25:14,546 INFO  [       ome.security.basic.CurrentDetails] (l.Server-9) Adding log:INSERT,class ome.model.display.ChannelBinding,1357
2024-10-11 09:25:14,546 INFO  [       ome.security.basic.CurrentDetails] (l.Server-9) Adding log:INSERT,class ome.model.display.ChannelBinding,1358
2024-10-11 09:25:14,547 INFO  [       ome.security.basic.CurrentDetails] (l.Server-9) Adding log:INSERT,class ome.model.display.ChannelBinding,1359
2024-10-11 09:25:14,548 INFO  [       ome.security.basic.CurrentDetails] (l.Server-9) Adding log:INSERT,class ome.model.display.ChannelBinding,1360
2024-10-11 09:25:14,548 INFO  [       ome.security.basic.CurrentDetails] (l.Server-9) Adding log:INSERT,class ome.model.display.ChannelBinding,1361
2024-10-11 09:25:14,548 INFO  [       ome.security.basic.CurrentDetails] (l.Server-9) Adding log:INSERT,class ome.model.display.ChannelBinding,1362
2024-10-11 09:25:14,549 INFO  [       ome.security.basic.CurrentDetails] (l.Server-9) Adding log:INSERT,class ome.model.display.ChannelBinding,1363
2024-10-11 09:25:14,549 INFO  [       ome.security.basic.CurrentDetails] (l.Server-9) Adding log:INSERT,class ome.model.display.ChannelBinding,1364
2024-10-11 09:25:14,559 INFO  [       ome.security.basic.CurrentDetails] (l.Server-9) Adding log:INSERT,class ome.model.display.ChannelBinding,1365
2024-10-11 09:25:14,560 INFO  [       ome.security.basic.CurrentDetails] (l.Server-9) Adding log:INSERT,class ome.model.display.ChannelBinding,1366
2024-10-11 09:25:14,561 INFO  [       ome.security.basic.CurrentDetails] (l.Server-9) Adding log:INSERT,class ome.model.display.ChannelBinding,1367
2024-10-11 09:25:14,561 INFO  [       ome.security.basic.CurrentDetails] (l.Server-9) Adding log:INSERT,class ome.model.display.ChannelBinding,1368
2024-10-11 09:25:14,561 INFO  [       ome.security.basic.CurrentDetails] (l.Server-9) Adding log:INSERT,class ome.model.display.ChannelBinding,1369
2024-10-11 09:25:14,562 INFO  [       ome.security.basic.CurrentDetails] (l.Server-9) Adding log:INSERT,class ome.model.display.ChannelBinding,1370
2024-10-11 09:25:14,562 INFO  [       ome.security.basic.CurrentDetails] (l.Server-9) Adding log:INSERT,class ome.model.display.ChannelBinding,1371
2024-10-11 09:25:14,562 INFO  [       ome.security.basic.CurrentDetails] (l.Server-9) Adding log:INSERT,class ome.model.display.ChannelBinding,1372
2024-10-11 09:25:14,563 INFO  [       ome.security.basic.CurrentDetails] (l.Server-9) Adding log:INSERT,class ome.model.display.ChannelBinding,1373
2024-10-11 09:25:14,563 INFO  [       ome.security.basic.CurrentDetails] (l.Server-9) Adding log:INSERT,class ome.model.display.ChannelBinding,1374
2024-10-11 09:25:14,563 INFO  [       ome.security.basic.CurrentDetails] (l.Server-9) Adding log:INSERT,class ome.model.display.ChannelBinding,1375
2024-10-11 09:25:14,564 INFO  [       ome.security.basic.CurrentDetails] (l.Server-9) Adding log:INSERT,class ome.model.display.ChannelBinding,1376
2024-10-11 09:25:14,564 INFO  [       ome.security.basic.CurrentDetails] (l.Server-9) Adding log:INSERT,class ome.model.display.ChannelBinding,1377
2024-10-11 09:25:14,565 INFO  [       ome.security.basic.CurrentDetails] (l.Server-9) Adding log:INSERT,class ome.model.display.ChannelBinding,1378
2024-10-11 09:25:14,565 INFO  [       ome.security.basic.CurrentDetails] (l.Server-9) Adding log:INSERT,class ome.model.display.ChannelBinding,1379
2024-10-11 09:25:14,565 INFO  [       ome.security.basic.CurrentDetails] (l.Server-9) Adding log:INSERT,class ome.model.display.ChannelBinding,1380
2024-10-11 09:25:14,566 INFO  [       ome.security.basic.CurrentDetails] (l.Server-9) Adding log:INSERT,class ome.model.display.ChannelBinding,1381
2024-10-11 09:25:14,566 INFO  [       ome.security.basic.CurrentDetails] (l.Server-9) Adding log:INSERT,class ome.model.display.ChannelBinding,1382
2024-10-11 09:25:14,567 INFO  [       ome.security.basic.CurrentDetails] (l.Server-9) Adding log:INSERT,class ome.model.display.ChannelBinding,1383
2024-10-11 09:25:14,568 INFO  [       ome.security.basic.CurrentDetails] (l.Server-9) Adding log:INSERT,class ome.model.display.ChannelBinding,1384
2024-10-11 09:25:14,569 INFO  [       ome.security.basic.CurrentDetails] (l.Server-9) Adding log:INSERT,class ome.model.display.ChannelBinding,1385
2024-10-11 09:25:14,569 INFO  [       ome.security.basic.CurrentDetails] (l.Server-9) Adding log:INSERT,class ome.model.display.ChannelBinding,1386
2024-10-11 09:25:14,584 INFO  [                 org.perf4j.TimingLogger] (l.Server-9) start[1728638714519] time[64] tag[omero.resetDefaultsInSet.saveAndReturn]
2024-10-11 09:25:14,584 INFO  [                 org.perf4j.TimingLogger] (l.Server-9) start[1728638714426] time[158] tag[omero.resetDefaultsInSet]
2024-10-11 09:25:14,598 INFO  [                 org.perf4j.TimingLogger] (l.Server-9) start[1728638714419] time[178] tag[omero.call.success.ome.logic.RenderingSettingsImpl.resetDefaultsInSet]
2024-10-11 09:25:14,601 INFO  [    ome.security.basic.BasicEventContext] (.Server-10)  cctx:	group=0
2024-10-11 09:25:14,607 INFO  [         ome.security.basic.EventHandler] (.Server-10)  Auth:	user=0,group=0,event=28387(User),sess=83be404c-1957-46d4-a36b-f9feca68dcf3
2024-10-11 09:25:14,612 INFO  [                 org.perf4j.TimingLogger] (.Server-10) start[1728638714607] time[4] tag[omero.bulkLoadRenderingSettings]
2024-10-11 09:25:14,612 INFO  [                 org.perf4j.TimingLogger] (.Server-10) start[1728638714612] time[0] tag[omero.createAndPrepareMissingRenderingSettings]
2024-10-11 09:25:14,615 INFO  [                 org.perf4j.TimingLogger] (.Server-10) start[1728638714612] time[2] tag[omero.bulkLoadMetadata]
2024-10-11 09:25:14,618 INFO  [                 org.perf4j.TimingLogger] (.Server-10) start[1728638714612] time[5] tag[omero.loadMetadataByDimensionPool]
2024-10-11 09:25:14,621 INFO  [       ome.security.basic.CurrentDetails] (.Server-10) Adding log:INSERT,class ome.model.display.Thumbnail,219
2024-10-11 09:25:14,624 INFO  [                 org.perf4j.TimingLogger] (.Server-10) start[1728638714622] time[1] tag[omero.bulkLoadMetadata]
2024-10-11 09:25:14,624 INFO  [                 org.perf4j.TimingLogger] (.Server-10) start[1728638714622] time[2] tag[omero.loadMetadataByDimensionPool]
2024-10-11 09:25:14,624 INFO  [                 org.perf4j.TimingLogger] (.Server-10) start[1728638714618] time[5] tag[omero.createMissingThumbnailMetadata]
2024-10-11 09:25:14,625 INFO  [    ome.security.basic.BasicEventContext] (.Server-10)  cctx:	group=0
2024-10-11 09:25:14,631 INFO  [         ome.security.basic.EventHandler] (.Server-10)  Auth:	user=0,group=0,event=28388(User),sess=83be404c-1957-46d4-a36b-f9feca68dcf3
2024-10-11 09:25:14,633 INFO  [                 org.perf4j.TimingLogger] (.Server-10) start[1728638714633] time[0] tag[omero._createThumbnail(thumbMetaData)]
2024-10-11 09:25:14,661 DEBUG [                   loci.formats.Memoizer] (.Server-10) loaded memo file: /OMERO/BioFormatsCache/OMERO/ManagedRepository/root_0/2024-10/11/09-25-09.518/.TA459_multipleCores2_Run-4_Point35.tiff.bfmemo (50732 bytes)
2024-10-11 09:25:14,661 DEBUG [                   loci.formats.Memoizer] (.Server-10) start[1728638714648] time[13] tag[loci.formats.Memoizer.loadMemo]
2024-10-11 09:25:14,661 DEBUG [                   loci.formats.Memoizer] (.Server-10) start[1728638714647] time[14] tag[loci.formats.Memoizer.setId]
2024-10-11 09:25:14,770 INFO  [       ome.logic.JavaImageScalingService] (.Server-10) Scaling to: 96x96
2024-10-11 09:25:14,804 INFO  [                 org.perf4j.TimingLogger] (.Server-10) start[1728638714770] time[34] tag[java-image-scaling.resampleOp]
2024-10-11 09:25:14,806 INFO  [                 org.perf4j.TimingLogger] (.Server-10) start[1728638714633] time[172] tag[omero._createThumbnail]
2024-10-11 09:25:14,811 INFO  [                 org.perf4j.TimingLogger] (.Server-10) start[1728638714599] time[211] tag[omero.call.success.ome.services.ThumbnailBean.createThumbnailsByLongestSideSet]
2024-10-11 09:25:14,811 INFO  [                 org.perf4j.TimingLogger] (-thread-10) start[1728638714419] time[392] tag[omero.import.request.thumbs]
2024-10-11 09:25:14,813 INFO  [    ome.security.basic.BasicEventContext] (.Server-13)  cctx:	group=0
2024-10-11 09:25:14,815 INFO  [         ome.security.basic.EventHandler] (.Server-13)  Auth:	user=0,group=0,event=null(User),sess=83be404c-1957-46d4-a36b-f9feca68dcf3
2024-10-11 09:25:14,817 INFO  [                 org.perf4j.TimingLogger] (.Server-13) start[1728638714812] time[5] tag[omero.call.success.ome.logic.QueryImpl.get]
2024-10-11 09:25:14,820 INFO  [    ome.security.basic.BasicEventContext] (l.Server-9)  cctx:	group=0
2024-10-11 09:25:14,827 INFO  [         ome.security.basic.EventHandler] (l.Server-9)  Auth:	user=0,group=0,event=28391(User),sess=83be404c-1957-46d4-a36b-f9feca68dcf3
2024-10-11 09:25:14,830 INFO  [       ome.security.basic.CurrentDetails] (l.Server-9) Adding log:UPDATE,class ome.model.core.OriginalFile,3094
2024-10-11 09:25:14,835 INFO  [                 org.perf4j.TimingLogger] (l.Server-9) start[1728638714819] time[16] tag[omero.call.success.ome.logic.UpdateImpl.saveObject]
2024-10-11 09:25:14,836 INFO  [                 org.perf4j.TimingLogger] (-thread-10) start[1728638714418] time[417] tag[omero.import.request.step]
2024-10-11 09:25:14,836 DEBUG [    o.s.blitz.repo.ManagedImportRequestI] (-thread-10) Step 3
2024-10-11 09:25:14,837 INFO  [    ome.security.basic.BasicEventContext] (.Server-15)  cctx:	group=0
2024-10-11 09:25:14,839 INFO  [         ome.security.basic.EventHandler] (.Server-15)  Auth:	user=0,group=0,event=null(User),sess=83be404c-1957-46d4-a36b-f9feca68dcf3
2024-10-11 09:25:14,839 INFO  [                 org.perf4j.TimingLogger] (.Server-15) start[1728638714836] time[2] tag[omero.call.success.ome.services.blitz.impl.MetadataStoreI$6.doWork]
2024-10-11 09:25:14,841 INFO  [    ome.security.basic.BasicEventContext] (l.Server-4)  cctx:	group=0
2024-10-11 09:25:14,842 INFO  [         ome.security.basic.EventHandler] (l.Server-4)  Auth:	user=0,group=0,event=null(User),sess=83be404c-1957-46d4-a36b-f9feca68dcf3
2024-10-11 09:25:14,843 INFO  [                 org.perf4j.TimingLogger] (l.Server-4) start[1728638714840] time[3] tag[omero.call.success.ome.logic.QueryImpl.get]
2024-10-11 09:25:14,845 INFO  [    ome.security.basic.BasicEventContext] (.Server-12)  cctx:	group=0
2024-10-11 09:25:14,849 INFO  [         ome.security.basic.EventHandler] (.Server-12)  Auth:	user=0,group=0,event=28392(User),sess=83be404c-1957-46d4-a36b-f9feca68dcf3
2024-10-11 09:25:14,852 INFO  [       ome.security.basic.CurrentDetails] (.Server-12) Adding log:UPDATE,class ome.model.core.OriginalFile,3094
2024-10-11 09:25:14,858 INFO  [                 org.perf4j.TimingLogger] (.Server-12) start[1728638714844] time[14] tag[omero.call.success.ome.logic.UpdateImpl.saveObject]
2024-10-11 09:25:14,859 INFO  [                 org.perf4j.TimingLogger] (-thread-10) start[1728638714836] time[22] tag[omero.import.request.step]
2024-10-11 09:25:14,859 DEBUG [    o.s.blitz.repo.ManagedImportRequestI] (-thread-10) Step 4
2024-10-11 09:25:14,860 INFO  [    ome.security.basic.BasicEventContext] (.Server-10)  cctx:	group=0
2024-10-11 09:25:14,862 INFO  [         ome.security.basic.EventHandler] (.Server-10)  Auth:	user=0,group=0,event=null(User),sess=83be404c-1957-46d4-a36b-f9feca68dcf3
2024-10-11 09:25:14,863 INFO  [                 org.perf4j.TimingLogger] (.Server-10) start[1728638714860] time[2] tag[omero.call.success.ome.logic.QueryImpl.get]
2024-10-11 09:25:14,864 INFO  [    ome.security.basic.BasicEventContext] (.Server-13)  cctx:	group=0
2024-10-11 09:25:14,868 INFO  [         ome.security.basic.EventHandler] (.Server-13)  Auth:	user=0,group=0,event=28393(User),sess=83be404c-1957-46d4-a36b-f9feca68dcf3
2024-10-11 09:25:14,870 INFO  [       ome.security.basic.CurrentDetails] (.Server-13) Adding log:UPDATE,class ome.model.core.OriginalFile,3094
2024-10-11 09:25:14,875 INFO  [                 org.perf4j.TimingLogger] (.Server-13) start[1728638714863] time[12] tag[omero.call.success.ome.logic.UpdateImpl.saveObject]
2024-10-11 09:25:14,875 INFO  [                 org.perf4j.TimingLogger] (-thread-10) start[1728638714859] time[16] tag[omero.import.request.step]
2024-10-11 09:25:14,881 INFO  [    ome.security.basic.BasicEventContext] (l.Server-9)  cctx:	group=0
2024-10-11 09:25:14,886 INFO  [         ome.security.basic.EventHandler] (l.Server-9)  Auth:	user=0,group=0,event=28394(User),sess=83be404c-1957-46d4-a36b-f9feca68dcf3
2024-10-11 09:25:14,891 INFO  [                 org.perf4j.TimingLogger] (l.Server-9) start[1728638714880] time[10] tag[omero.call.success.ome.services.RawFileBean.close]
2024-10-11 09:25:14,891 DEBUG [                omero.util.ServantHolder] (l.Server-9) Removed omero.api._RawFileStoreTie@88674313 from omero.util.ServantHolder@149b3864 as 8e26a2a9-b597-4c15-bc39-227a3220e210omero.api.RawFileStore
2024-10-11 09:25:14,891 INFO  [                      omero.cmd.SessionI] (l.Server-9) Unregistered servant:83be404c-1957-46d4-a36b-f9feca68dcf3/8e26a2a9-b597-4c15-bc39-227a3220e210omero.api.RawFileStore(omero.api._RawFileStoreTie@88674313)
2024-10-11 09:25:14,895 INFO  [    ome.security.basic.BasicEventContext] (.Server-15)  cctx:	group=0
2024-10-11 09:25:14,899 INFO  [         ome.security.basic.EventHandler] (.Server-15)  Auth:	user=0,group=0,event=28395(User),sess=83be404c-1957-46d4-a36b-f9feca68dcf3
2024-10-11 09:25:14,906 INFO  [                 org.perf4j.TimingLogger] (.Server-15) start[1728638714892] time[14] tag[omero.call.success.ome.services.RawPixelsBean.close]
2024-10-11 09:25:14,912 DEBUG [                omero.util.ServantHolder] (.Server-15) Removed omero.api._RawPixelsStoreTie@8bb56591 from omero.util.ServantHolder@149b3864 as aa6e7317-cce5-48e5-b5ac-c6f11f9b5e6eomero.api.RawPixelsStore
2024-10-11 09:25:14,912 INFO  [                      omero.cmd.SessionI] (.Server-15) Unregistered servant:83be404c-1957-46d4-a36b-f9feca68dcf3/aa6e7317-cce5-48e5-b5ac-c6f11f9b5e6eomero.api.RawPixelsStore(omero.api._RawPixelsStoreTie@8bb56591)
2024-10-11 09:25:14,915 INFO  [    ome.security.basic.BasicEventContext] (.Server-12)  cctx:	group=0
2024-10-11 09:25:14,916 INFO  [         ome.security.basic.EventHandler] (.Server-12)  Auth:	user=0,group=0,event=null(User),sess=83be404c-1957-46d4-a36b-f9feca68dcf3
2024-10-11 09:25:14,916 INFO  [                 org.perf4j.TimingLogger] (.Server-12) start[1728638714914] time[2] tag[omero.call.success.ome.services.ThumbnailBean.close]
2024-10-11 09:25:14,917 DEBUG [                omero.util.ServantHolder] (.Server-12) Removed omero.api._ThumbnailStoreTie@77a3922c from omero.util.ServantHolder@149b3864 as db3c1bf6-ad14-4a5f-9a21-205c82066d63omero.api.ThumbnailStore
2024-10-11 09:25:14,917 INFO  [                      omero.cmd.SessionI] (.Server-12) Unregistered servant:83be404c-1957-46d4-a36b-f9feca68dcf3/db3c1bf6-ad14-4a5f-9a21-205c82066d63omero.api.ThumbnailStore(omero.api._ThumbnailStoreTie@77a3922c)
2024-10-11 09:25:14,917 DEBUG [                omero.util.ServantHolder] (.Server-10) Removed omero.api._MetadataStoreTie@5d0620c1 from omero.util.ServantHolder@149b3864 as 02f5be8a-8dad-4591-bb6d-9015619740c6omero.api.MetadataStore
2024-10-11 09:25:14,917 INFO  [                      omero.cmd.SessionI] (.Server-10) Unregistered servant:83be404c-1957-46d4-a36b-f9feca68dcf3/02f5be8a-8dad-4591-bb6d-9015619740c6omero.api.MetadataStore(omero.api._MetadataStoreTie@5d0620c1)
2024-10-11 09:25:14,917 INFO  [    o.s.blitz.repo.ManagedImportRequestI] (-thread-10) Cleaning up import.
2024-10-11 09:25:14,924 INFO  [         ome.security.basic.EventHandler] (.Server-13)  Auth:	user=0,group=0,event=null(User),sess=83be404c-1957-46d4-a36b-f9feca68dcf3
2024-10-11 09:25:14,926 INFO  [                 org.perf4j.TimingLogger] (.Server-13) start[1728638714921] time[4] tag[omero.call.success.ome.logic.QueryImpl.get]
2024-10-11 09:25:14,936 INFO  [         ome.security.basic.EventHandler] (.Server-12)  Auth:	user=0,group=0,event=28397(User),sess=83be404c-1957-46d4-a36b-f9feca68dcf3
2024-10-11 09:25:14,940 INFO  [       ome.security.basic.CurrentDetails] (.Server-12) Adding log:UPDATE,class ome.model.core.OriginalFile,3094
2024-10-11 09:25:14,946 INFO  [                 org.perf4j.TimingLogger] (.Server-12) start[1728638714930] time[16] tag[omero.call.success.ome.logic.UpdateImpl.saveObject]
