2024-10-11 09:25:23,146 INFO  [                 org.perf4j.TimingLogger] (.Server-11) start[1728638723133] time[12] tag[omero.import.process.init]
2024-10-11 09:25:23,154 INFO  [         ome.security.basic.EventHandler] (.Server-11)  Auth:	user=0,group=0,event=28608(User),sess=83be404c-1957-46d4-a36b-f9feca68dcf3
2024-10-11 09:25:23,157 INFO  [       ome.security.basic.CurrentDetails] (.Server-11) Adding log:INSERT,class ome.model.jobs.UploadJob,3193
2024-10-11 09:25:23,157 INFO  [       ome.security.basic.CurrentDetails] (.Server-11) Adding log:INSERT,class ome.model.jobs.JobOriginalFileLink,4906
2024-10-11 09:25:23,162 INFO  [       ome.security.basic.CurrentDetails] (.Server-11) Adding log:INSERT,class ome.model.jobs.MetadataImportJob,3194
2024-10-11 09:25:23,170 INFO  [       ome.security.basic.CurrentDetails] (.Server-11) Adding log:INSERT,class ome.model.jobs.PixelDataJob,3195
2024-10-11 09:25:23,175 INFO  [       ome.security.basic.CurrentDetails] (.Server-11) Adding log:INSERT,class ome.model.jobs.ThumbnailGenerationJob,3196
2024-10-11 09:25:23,179 INFO  [       ome.security.basic.CurrentDetails] (.Server-11) Adding log:INSERT,class ome.model.jobs.IndexingJob,3197
2024-10-11 09:25:23,183 INFO  [                 org.perf4j.TimingLogger] (.Server-11) start[1728638723182] time[0] tag[omero.repo.internal_register.find_repo_files]
2024-10-11 09:25:23,187 INFO  [       ome.security.basic.CurrentDetails] (.Server-11) Adding log:INSERT,class ome.model.core.OriginalFile,3134
2024-10-11 09:25:23,188 INFO  [                 org.perf4j.TimingLogger] (.Server-11) start[1728638723185] time[3] tag[omero.repo.create_original_file.save]
2024-10-11 09:25:23,188 INFO  [                 org.perf4j.TimingLogger] (.Server-11) start[1728638723188] time[0] tag[omero.repo.create_original_file.internal_mkdir]
2024-10-11 09:25:23,188 INFO  [                 org.perf4j.TimingLogger] (.Server-11) start[1728638723188] time[0] tag[omero.repo.internal_register.load]
2024-10-11 09:25:23,188 INFO  [                 org.perf4j.TimingLogger] (.Server-11) start[1728638723188] time[0] tag[omero.repo.internal_register.sort]
2024-10-11 09:25:23,188 INFO  [                 org.perf4j.TimingLogger] (.Server-11) start[1728638723182] time[5] tag[omero.repo.save_fileset.register]
2024-10-11 09:25:23,188 INFO  [                 org.perf4j.TimingLogger] (.Server-11) start[1728638723188] time[0] tag[omero.repo.save_fileset.update_fileset_entries]
2024-10-11 09:25:23,191 INFO  [       ome.security.basic.CurrentDetails] (.Server-11) Adding log:INSERT,class ome.model.fs.Fileset,232
2024-10-11 09:25:23,191 INFO  [       ome.security.basic.CurrentDetails] (.Server-11) Adding log:INSERT,class ome.model.fs.FilesetJobLink,356
2024-10-11 09:25:23,191 INFO  [       ome.security.basic.CurrentDetails] (.Server-11) Adding log:INSERT,class ome.model.fs.FilesetJobLink,357
2024-10-11 09:25:23,192 INFO  [       ome.security.basic.CurrentDetails] (.Server-11) Adding log:INSERT,class ome.model.fs.FilesetJobLink,358
2024-10-11 09:25:23,192 INFO  [       ome.security.basic.CurrentDetails] (.Server-11) Adding log:INSERT,class ome.model.fs.FilesetJobLink,359
2024-10-11 09:25:23,192 INFO  [       ome.security.basic.CurrentDetails] (.Server-11) Adding log:INSERT,class ome.model.fs.FilesetJobLink,360
2024-10-11 09:25:23,192 INFO  [       ome.security.basic.CurrentDetails] (.Server-11) Adding log:INSERT,class ome.model.fs.FilesetEntry,232
2024-10-11 09:25:23,195 INFO  [                 org.perf4j.TimingLogger] (.Server-11) start[1728638723188] time[6] tag[omero.repo.save_fileset.save]
2024-10-11 09:25:23,204 INFO  [                 org.perf4j.TimingLogger] (.Server-11) start[1728638723148] time[56] tag[omero.call.success.ome.services.blitz.repo.RepositoryDaoImpl$8.doWork]
2024-10-11 09:25:23,206 INFO  [                 org.perf4j.TimingLogger] (.Server-11) start[1728638723148] time[58] tag[omero.repo.save_fileset]
2024-10-11 09:25:23,206 INFO  [                      omero.cmd.SessionI] (.Server-11) Added servant to adapter: 83be404c-1957-46d4-a36b-f9feca68dcf3/6bad3e43-81f8-4042-a8eb-b949de29aed6-ManagedImportProcessI(omero.grid._ImportProcessTie@66ddedec)
2024-10-11 09:25:23,206 DEBUG [                omero.util.ServantHolder] (.Server-11) Added omero.grid._ImportProcessTie@66ddedec to omero.util.ServantHolder@149b3864 as 6bad3e43-81f8-4042-a8eb-b949de29aed6-ManagedImportProcessI
2024-10-11 09:25:23,206 INFO  [                 org.perf4j.TimingLogger] (.Server-11) start[1728638723147] time[58] tag[omero.import.process.create]
2024-10-11 09:25:23,214 INFO  [         ome.security.basic.EventHandler] (l.Server-9)  Auth:	user=0,group=0,event=null(User),sess=83be404c-1957-46d4-a36b-f9feca68dcf3
2024-10-11 09:25:23,219 INFO  [                 org.perf4j.TimingLogger] (l.Server-9) start[1728638723212] time[7] tag[omero.call.success.ome.services.blitz.repo.RepositoryDaoImpl$2.doWork]
2024-10-11 09:25:23,222 INFO  [         ome.security.basic.EventHandler] (l.Server-9)  Auth:	user=0,group=0,event=null(User),sess=83be404c-1957-46d4-a36b-f9feca68dcf3
2024-10-11 09:25:23,224 INFO  [                 org.perf4j.TimingLogger] (l.Server-9) start[1728638723219] time[4] tag[omero.call.success.ome.services.blitz.repo.RepositoryDaoImpl$4.doWork]
2024-10-11 09:25:23,226 INFO  [         ome.security.basic.EventHandler] (l.Server-9)  Auth:	user=0,group=0,event=null(User),sess=83be404c-1957-46d4-a36b-f9feca68dcf3
2024-10-11 09:25:23,230 INFO  [                 org.perf4j.TimingLogger] (l.Server-9) start[1728638723224] time[5] tag[omero.call.success.ome.services.blitz.repo.RepositoryDaoImpl$6.doWork]
2024-10-11 09:25:23,231 INFO  [    ome.security.basic.BasicEventContext] (l.Server-9)  cctx:	group=0
2024-10-11 09:25:23,232 INFO  [         ome.security.basic.EventHandler] (l.Server-9)  Auth:	user=0,group=0,event=null(User),sess=83be404c-1957-46d4-a36b-f9feca68dcf3
2024-10-11 09:25:23,234 INFO  [                 org.perf4j.TimingLogger] (l.Server-9) start[1728638723230] time[4] tag[omero.call.success.ome.services.blitz.repo.RepositoryDaoImpl$1.doWork]
2024-10-11 09:25:23,234 INFO  [                      omero.cmd.SessionI] (l.Server-9) Added servant to adapter: 83be404c-1957-46d4-a36b-f9feca68dcf3/ac4d9e76-1fb3-4a8f-ba48-ef5b145347f4-RepoRawFileStoreI(omero.api._RawFileStoreTie@7a2f2e7c)
2024-10-11 09:25:23,234 DEBUG [                omero.util.ServantHolder] (l.Server-9) Added omero.api._RawFileStoreTie@7a2f2e7c to omero.util.ServantHolder@149b3864 as ac4d9e76-1fb3-4a8f-ba48-ef5b145347f4-RepoRawFileStoreI
2024-10-11 09:25:23,234 INFO  [                 org.perf4j.TimingLogger] (l.Server-9) start[1728638723211] time[23] tag[omero.import.process.opener]
2024-10-11 09:25:23,235 INFO  [                 org.perf4j.TimingLogger] (l.Server-9) start[1728638723211] time[23] tag[omero.import.process.uploader]
2024-10-11 09:25:23,239 INFO  [         ome.security.basic.EventHandler] (.Server-13)  Auth:	user=0,group=0,event=null(User),sess=83be404c-1957-46d4-a36b-f9feca68dcf3
2024-10-11 09:25:23,240 INFO  [                 org.perf4j.TimingLogger] (.Server-13) start[1728638723237] time[2] tag[omero.call.success.ome.services.RawFileBean.write]
2024-10-11 09:25:23,300 INFO  [         ome.security.basic.EventHandler] (l.Server-9)  Auth:	user=0,group=0,event=null(User),sess=83be404c-1957-46d4-a36b-f9feca68dcf3
2024-10-11 09:25:23,306 INFO  [                 org.perf4j.TimingLogger] (l.Server-9) start[1728638723299] time[7] tag[omero.call.success.ome.services.RawFileBean.write]
2024-10-11 09:25:23,378 INFO  [         ome.security.basic.EventHandler] (.Server-14)  Auth:	user=0,group=0,event=null(User),sess=83be404c-1957-46d4-a36b-f9feca68dcf3
2024-10-11 09:25:23,386 INFO  [                 org.perf4j.TimingLogger] (.Server-14) start[1728638723377] time[9] tag[omero.call.success.ome.services.RawFileBean.write]
2024-10-11 09:25:23,437 INFO  [         ome.security.basic.EventHandler] (.Server-11)  Auth:	user=0,group=0,event=null(User),sess=83be404c-1957-46d4-a36b-f9feca68dcf3
2024-10-11 09:25:23,443 INFO  [                 org.perf4j.TimingLogger] (.Server-11) start[1728638723435] time[7] tag[omero.call.success.ome.services.RawFileBean.write]
2024-10-11 09:25:23,485 INFO  [         ome.security.basic.EventHandler] (.Server-13)  Auth:	user=0,group=0,event=null(User),sess=83be404c-1957-46d4-a36b-f9feca68dcf3
2024-10-11 09:25:23,492 INFO  [                 org.perf4j.TimingLogger] (.Server-13) start[1728638723484] time[7] tag[omero.call.success.ome.services.RawFileBean.write]
2024-10-11 09:25:23,545 INFO  [         ome.security.basic.EventHandler] (l.Server-9)  Auth:	user=0,group=0,event=null(User),sess=83be404c-1957-46d4-a36b-f9feca68dcf3
2024-10-11 09:25:23,551 INFO  [                 org.perf4j.TimingLogger] (l.Server-9) start[1728638723543] time[7] tag[omero.call.success.ome.services.RawFileBean.write]
2024-10-11 09:25:23,593 INFO  [         ome.security.basic.EventHandler] (.Server-12)  Auth:	user=0,group=0,event=null(User),sess=83be404c-1957-46d4-a36b-f9feca68dcf3
2024-10-11 09:25:23,597 INFO  [                 org.perf4j.TimingLogger] (.Server-12) start[1728638723592] time[5] tag[omero.call.success.ome.services.RawFileBean.write]
2024-10-11 09:25:23,606 INFO  [         ome.security.basic.EventHandler] (.Server-10)  Auth:	user=0,group=0,event=28616(User),sess=83be404c-1957-46d4-a36b-f9feca68dcf3
2024-10-11 09:25:23,618 INFO  [                 org.perf4j.TimingLogger] (.Server-10) start[1728638723606] time[12] tag[omero.services.file.flush]
2024-10-11 09:25:23,648 INFO  [                 org.perf4j.TimingLogger] (.Server-10) start[1728638723618] time[29] tag[omero.services.file.checksum]
2024-10-11 09:25:23,649 INFO  [       ome.security.basic.CurrentDetails] (.Server-10) Adding log:UPDATE,class ome.model.core.OriginalFile,3134
2024-10-11 09:25:23,650 INFO  [                 org.perf4j.TimingLogger] (.Server-10) start[1728638723648] time[1] tag[omero.services.file.finalize]
2024-10-11 09:25:23,654 INFO  [                 org.perf4j.TimingLogger] (.Server-10) start[1728638723600] time[53] tag[omero.call.success.ome.services.RawFileBean.save]
2024-10-11 09:25:23,660 INFO  [         ome.security.basic.EventHandler] (.Server-15)  Auth:	user=0,group=0,event=28618(User),sess=83be404c-1957-46d4-a36b-f9feca68dcf3
2024-10-11 09:25:23,663 INFO  [                 org.perf4j.TimingLogger] (.Server-15) start[1728638723656] time[7] tag[omero.call.success.ome.services.RawFileBean.close]
2024-10-11 09:25:23,664 DEBUG [                omero.util.ServantHolder] (.Server-15) Removed omero.api._RawFileStoreTie@7a2f2e7c from omero.util.ServantHolder@149b3864 as ac4d9e76-1fb3-4a8f-ba48-ef5b145347f4-RepoRawFileStoreI
2024-10-11 09:25:23,664 INFO  [                      omero.cmd.SessionI] (.Server-15) Unregistered servant:83be404c-1957-46d4-a36b-f9feca68dcf3/ac4d9e76-1fb3-4a8f-ba48-ef5b145347f4-RepoRawFileStoreI(omero.api._RawFileStoreTie@7a2f2e7c)
2024-10-11 09:25:23,667 INFO  [         ome.security.basic.EventHandler] (.Server-11)  Auth:	user=0,group=0,event=null(User),sess=83be404c-1957-46d4-a36b-f9feca68dcf3
2024-10-11 09:25:23,667 INFO  [                 org.perf4j.TimingLogger] (.Server-11) start[1728638723665] time[1] tag[omero.call.success.ome.services.blitz.impl.ServiceFactoryI$3.doWork]
2024-10-11 09:25:23,674 INFO  [                 org.perf4j.TimingLogger] (.Server-11) start[1728638723667] time[6] tag[omero.import.process.checksum]
2024-10-11 09:25:23,678 INFO  [         ome.security.basic.EventHandler] (.Server-11)  Auth:	user=0,group=0,event=28620(User),sess=83be404c-1957-46d4-a36b-f9feca68dcf3
2024-10-11 09:25:23,683 INFO  [       ome.security.basic.CurrentDetails] (.Server-11) Adding log:UPDATE,class ome.model.jobs.UploadJob,3193
2024-10-11 09:25:23,688 INFO  [                 org.perf4j.TimingLogger] (.Server-11) start[1728638723674] time[14] tag[omero.call.success.ome.services.blitz.repo.RepositoryDaoImpl$12.doWork]
2024-10-11 09:25:23,691 INFO  [         ome.security.basic.EventHandler] (.Server-11)  Auth:	user=0,group=0,event=null(User),sess=83be404c-1957-46d4-a36b-f9feca68dcf3
2024-10-11 09:25:23,693 INFO  [                 org.perf4j.TimingLogger] (.Server-11) start[1728638723689] time[3] tag[omero.call.success.ome.services.blitz.repo.RepositoryDaoImpl$2.doWork]
2024-10-11 09:25:23,694 INFO  [         ome.security.basic.EventHandler] (.Server-11)  Auth:	user=0,group=0,event=null(User),sess=83be404c-1957-46d4-a36b-f9feca68dcf3
2024-10-11 09:25:23,695 INFO  [                 org.perf4j.TimingLogger] (.Server-11) start[1728638723693] time[2] tag[omero.call.success.ome.services.blitz.repo.RepositoryDaoImpl$4.doWork]
2024-10-11 09:25:23,695 INFO  [       ome.formats.importer.ImportConfig] (.Server-11) OMERO.blitz Version: 5.7.3
2024-10-11 09:25:23,695 INFO  [       ome.formats.importer.ImportConfig] (.Server-11) Bioformats version: 7.3.0 revision: acc4b6de79e55275b5e6c8200f8458f6d93c9ba0 date: 18 April 2024
2024-10-11 09:25:23,697 INFO  [                      omero.cmd.SessionI] (.Server-11) Added servant to adapter: 83be404c-1957-46d4-a36b-f9feca68dcf3/IHandle3007a80a-8bab-4b59-9181-7b80daf179e1(omero.cmd._HandleTie@9694eb56)
2024-10-11 09:25:23,697 DEBUG [                omero.util.ServantHolder] (.Server-11) Added omero.cmd._HandleTie@9694eb56 to omero.util.ServantHolder@149b3864 as IHandle3007a80a-8bab-4b59-9181-7b80daf179e1
2024-10-11 09:25:23,698 INFO  [                 org.perf4j.TimingLogger] (.Server-11) start[1728638723698] time[0] tag[omero.background.submit]
2024-10-11 09:25:23,698 INFO  [                 org.perf4j.TimingLogger] (.Server-11) start[1728638723674] time[23] tag[omero.import.process.submit]
2024-10-11 09:25:23,700 DEBUG [                omero.util.ServantHolder] (.Server-12) Removed omero.grid._ImportProcessTie@66ddedec from omero.util.ServantHolder@149b3864 as 6bad3e43-81f8-4042-a8eb-b949de29aed6-ManagedImportProcessI
2024-10-11 09:25:23,700 INFO  [                      omero.cmd.SessionI] (.Server-12) Unregistered servant:83be404c-1957-46d4-a36b-f9feca68dcf3/6bad3e43-81f8-4042-a8eb-b949de29aed6-ManagedImportProcessI(omero.grid._ImportProcessTie@66ddedec)
2024-10-11 09:25:23,707 INFO  [    ome.formats.OMEROMetadataStoreClient] (2-thread-9) Call context: {omero.group:0}
2024-10-11 09:25:23,707 INFO  [    ome.formats.OMEROMetadataStoreClient] (2-thread-9) Call context: {omero.logfilename:root_0/2024-10/11/09-25-23.033.log}
2024-10-11 09:25:23,711 INFO  [    ome.security.basic.BasicEventContext] (.Server-12)  cctx:	group=0
2024-10-11 09:25:23,712 INFO  [         ome.security.basic.EventHandler] (.Server-12)  Auth:	user=0,group=0,event=null(User),sess=83be404c-1957-46d4-a36b-f9feca68dcf3
2024-10-11 09:25:23,717 INFO  [                 org.perf4j.TimingLogger] (.Server-12) start[1728638723711] time[6] tag[omero.call.success.ome.logic.AdminImpl.getEventContext]
2024-10-11 09:25:23,745 INFO  [    ome.formats.OMEROMetadataStoreClient] (2-thread-9) Pinging session every 300s.
2024-10-11 09:25:23,762 INFO  [                loci.formats.ImageReader] (2-thread-9) IonpathMIBITiffReader initializing /OMERO/ManagedRepository/root_0/2024-10/11/09-25-23.033/TA459_multipleCores2_Run-4_Point15.tiff
2024-10-11 09:25:23,762 INFO  [       loci.formats.in.MinimalTiffReader] (2-thread-9) Reading IFDs
2024-10-11 09:25:23,763 INFO  [       loci.formats.in.MinimalTiffReader] (2-thread-9) Populating metadata
2024-10-11 09:25:23,764 INFO  [          loci.formats.in.BaseTiffReader] (2-thread-9) Populating OME metadata
2024-10-11 09:25:23,769 INFO  [    ome.security.basic.BasicEventContext] (l.Server-9)  cctx:	group=0
2024-10-11 09:25:23,770 INFO  [         ome.security.basic.EventHandler] (l.Server-9)  Auth:	user=0,group=0,event=null(User),sess=83be404c-1957-46d4-a36b-f9feca68dcf3
2024-10-11 09:25:23,772 INFO  [                 org.perf4j.TimingLogger] (l.Server-9) start[1728638723769] time[3] tag[omero.call.success.ome.logic.QueryImpl.findAll]
2024-10-11 09:25:23,775 INFO  [    ome.security.basic.BasicEventContext] (.Server-13)  cctx:	group=0
2024-10-11 09:25:23,776 INFO  [         ome.security.basic.EventHandler] (.Server-13)  Auth:	user=0,group=0,event=null(User),sess=83be404c-1957-46d4-a36b-f9feca68dcf3
2024-10-11 09:25:23,778 INFO  [                 org.perf4j.TimingLogger] (.Server-13) start[1728638723774] time[3] tag[omero.call.success.ome.logic.QueryImpl.findAll]
2024-10-11 09:25:23,780 INFO  [    ome.security.basic.BasicEventContext] (l.Server-4)  cctx:	group=0
2024-10-11 09:25:23,781 INFO  [         ome.security.basic.EventHandler] (l.Server-4)  Auth:	user=0,group=0,event=null(User),sess=83be404c-1957-46d4-a36b-f9feca68dcf3
2024-10-11 09:25:23,782 INFO  [                 org.perf4j.TimingLogger] (l.Server-4) start[1728638723779] time[3] tag[omero.call.success.ome.logic.QueryImpl.findAll]
2024-10-11 09:25:23,783 INFO  [    ome.security.basic.BasicEventContext] (.Server-10)  cctx:	group=0
2024-10-11 09:25:23,784 INFO  [         ome.security.basic.EventHandler] (.Server-10)  Auth:	user=0,group=0,event=null(User),sess=83be404c-1957-46d4-a36b-f9feca68dcf3
2024-10-11 09:25:23,785 INFO  [                 org.perf4j.TimingLogger] (.Server-10) start[1728638723783] time[2] tag[omero.call.success.ome.logic.QueryImpl.findAll]
2024-10-11 09:25:23,803 DEBUG [                   loci.formats.Memoizer] (2-thread-9) saved to temp file: /OMERO/BioFormatsCache/OMERO/ManagedRepository/root_0/2024-10/11/09-25-23.033/.TA459_multipleCores2_Run-4_Point15.tiff.bfmemo7957162886993605880
2024-10-11 09:25:23,803 DEBUG [                   loci.formats.Memoizer] (2-thread-9) start[1728638723797] time[6] tag[loci.formats.Memoizer.saveMemo]
2024-10-11 09:25:23,803 DEBUG [                   loci.formats.Memoizer] (2-thread-9) saved memo file: /OMERO/BioFormatsCache/OMERO/ManagedRepository/root_0/2024-10/11/09-25-23.033/.TA459_multipleCores2_Run-4_Point15.tiff.bfmemo (50734 bytes)
2024-10-11 09:25:23,804 DEBUG [                   loci.formats.Memoizer] (2-thread-9) start[1728638723746] time[57] tag[loci.formats.Memoizer.setId]
2024-10-11 09:25:23,804 DEBUG [    o.s.blitz.repo.ManagedImportRequestI] (2-thread-9) Image Count: 44
2024-10-11 09:25:23,804 INFO  [    o.s.blitz.repo.ManagedImportRequestI] (2-thread-9) File format: Ionpath MIBI
2024-10-11 09:25:23,804 INFO  [    o.s.blitz.repo.ManagedImportRequestI] (2-thread-9) Base reader: loci.formats.in.IonpathMIBITiffReader
2024-10-11 09:25:23,804 INFO  [                 org.perf4j.TimingLogger] (2-thread-9) start[1728638723705] time[98] tag[omero.import.request.init]
2024-10-11 09:25:23,804 DEBUG [    o.s.blitz.repo.ManagedImportRequestI] (2-thread-9) Step 0
2024-10-11 09:25:23,805 WARN  [    ome.formats.model.ReferenceProcessor] (2-thread-9) Unknown target class for LSID: Image:SIMS
2024-10-11 09:25:23,805 INFO  [    ome.formats.OMEROMetadataStoreClient] (2-thread-9) Handling # of containers: 91
2024-10-11 09:25:23,806 INFO  [    ome.security.basic.BasicEventContext] (.Server-11)  cctx:	group=0
2024-10-11 09:25:23,808 INFO  [         ome.security.basic.EventHandler] (.Server-11)  Auth:	user=0,group=0,event=null(User),sess=83be404c-1957-46d4-a36b-f9feca68dcf3
2024-10-11 09:25:23,810 INFO  [                 org.perf4j.TimingLogger] (.Server-11) start[1728638723806] time[3] tag[omero.call.success.ome.services.blitz.impl.MetadataStoreI$4.doWork]
2024-10-11 09:25:23,810 INFO  [    ome.formats.OMEROMetadataStoreClient] (2-thread-9) Handling # of references: 1
2024-10-11 09:25:23,811 INFO  [    ome.security.basic.BasicEventContext] (.Server-15)  cctx:	group=0
2024-10-11 09:25:23,813 INFO  [         ome.security.basic.EventHandler] (.Server-15)  Auth:	user=0,group=0,event=null(User),sess=83be404c-1957-46d4-a36b-f9feca68dcf3
2024-10-11 09:25:23,813 INFO  [                 org.perf4j.TimingLogger] (.Server-15) start[1728638723811] time[2] tag[omero.call.success.ome.services.blitz.impl.MetadataStoreI$5.doWork]
2024-10-11 09:25:23,815 INFO  [    ome.security.basic.BasicEventContext] (.Server-13)  cctx:	group=0
2024-10-11 09:25:23,819 INFO  [         ome.security.basic.EventHandler] (.Server-13)  Auth:	user=0,group=0,event=28624(User),sess=83be404c-1957-46d4-a36b-f9feca68dcf3
2024-10-11 09:25:23,830 INFO  [       ome.security.basic.CurrentDetails] (.Server-13) Adding log:INSERT,class ome.model.core.Image,232
2024-10-11 09:25:23,831 INFO  [       ome.security.basic.CurrentDetails] (.Server-13) Adding log:INSERT,class ome.model.containers.DatasetImageLink,232
2024-10-11 09:25:23,832 INFO  [       ome.security.basic.CurrentDetails] (.Server-13) Adding log:INSERT,class ome.model.core.Pixels,232
2024-10-11 09:25:23,832 INFO  [       ome.security.basic.CurrentDetails] (.Server-13) Adding log:INSERT,class ome.model.core.LogicalChannel,1915
2024-10-11 09:25:23,832 INFO  [       ome.security.basic.CurrentDetails] (.Server-13) Adding log:INSERT,class ome.model.core.Channel,1915
2024-10-11 09:25:23,833 INFO  [       ome.security.basic.CurrentDetails] (.Server-13) Adding log:INSERT,class ome.model.core.LogicalChannel,1916
2024-10-11 09:25:23,833 INFO  [       ome.security.basic.CurrentDetails] (.Server-13) Adding log:INSERT,class ome.model.core.Channel,1916
2024-10-11 09:25:23,833 INFO  [       ome.security.basic.CurrentDetails] (.Server-13) Adding log:INSERT,class ome.model.core.LogicalChannel,1917
2024-10-11 09:25:23,834 INFO  [       ome.security.basic.CurrentDetails] (.Server-13) Adding log:INSERT,class ome.model.core.Channel,1917
2024-10-11 09:25:23,834 INFO  [       ome.security.basic.CurrentDetails] (.Server-13) Adding log:INSERT,class ome.model.core.LogicalChannel,1918
2024-10-11 09:25:23,834 INFO  [       ome.security.basic.CurrentDetails] (.Server-13) Adding log:INSERT,class ome.model.core.Channel,1918
2024-10-11 09:25:23,834 INFO  [       ome.security.basic.CurrentDetails] (.Server-13) Adding log:INSERT,class ome.model.core.LogicalChannel,1919
2024-10-11 09:25:23,835 INFO  [       ome.security.basic.CurrentDetails] (.Server-13) Adding log:INSERT,class ome.model.core.Channel,1919
2024-10-11 09:25:23,835 INFO  [       ome.security.basic.CurrentDetails] (.Server-13) Adding log:INSERT,class ome.model.core.LogicalChannel,1920
2024-10-11 09:25:23,835 INFO  [       ome.security.basic.CurrentDetails] (.Server-13) Adding log:INSERT,class ome.model.core.Channel,1920
2024-10-11 09:25:23,835 INFO  [       ome.security.basic.CurrentDetails] (.Server-13) Adding log:INSERT,class ome.model.core.LogicalChannel,1921
2024-10-11 09:25:23,836 INFO  [       ome.security.basic.CurrentDetails] (.Server-13) Adding log:INSERT,class ome.model.core.Channel,1921
2024-10-11 09:25:23,836 INFO  [       ome.security.basic.CurrentDetails] (.Server-13) Adding log:INSERT,class ome.model.core.LogicalChannel,1922
2024-10-11 09:25:23,836 INFO  [       ome.security.basic.CurrentDetails] (.Server-13) Adding log:INSERT,class ome.model.core.Channel,1922
2024-10-11 09:25:23,836 INFO  [       ome.security.basic.CurrentDetails] (.Server-13) Adding log:INSERT,class ome.model.core.LogicalChannel,1923
2024-10-11 09:25:23,836 INFO  [       ome.security.basic.CurrentDetails] (.Server-13) Adding log:INSERT,class ome.model.core.Channel,1923
2024-10-11 09:25:23,837 INFO  [       ome.security.basic.CurrentDetails] (.Server-13) Adding log:INSERT,class ome.model.core.LogicalChannel,1924
2024-10-11 09:25:23,837 INFO  [       ome.security.basic.CurrentDetails] (.Server-13) Adding log:INSERT,class ome.model.core.Channel,1924
2024-10-11 09:25:23,837 INFO  [       ome.security.basic.CurrentDetails] (.Server-13) Adding log:INSERT,class ome.model.core.LogicalChannel,1925
2024-10-11 09:25:23,837 INFO  [       ome.security.basic.CurrentDetails] (.Server-13) Adding log:INSERT,class ome.model.core.Channel,1925
2024-10-11 09:25:23,838 INFO  [       ome.security.basic.CurrentDetails] (.Server-13) Adding log:INSERT,class ome.model.core.LogicalChannel,1926
2024-10-11 09:25:23,838 INFO  [       ome.security.basic.CurrentDetails] (.Server-13) Adding log:INSERT,class ome.model.core.Channel,1926
2024-10-11 09:25:23,838 INFO  [       ome.security.basic.CurrentDetails] (.Server-13) Adding log:INSERT,class ome.model.core.LogicalChannel,1927
2024-10-11 09:25:23,839 INFO  [       ome.security.basic.CurrentDetails] (.Server-13) Adding log:INSERT,class ome.model.core.Channel,1927
2024-10-11 09:25:23,839 INFO  [       ome.security.basic.CurrentDetails] (.Server-13) Adding log:INSERT,class ome.model.core.LogicalChannel,1928
2024-10-11 09:25:23,839 INFO  [       ome.security.basic.CurrentDetails] (.Server-13) Adding log:INSERT,class ome.model.core.Channel,1928
2024-10-11 09:25:23,839 INFO  [       ome.security.basic.CurrentDetails] (.Server-13) Adding log:INSERT,class ome.model.core.LogicalChannel,1929
2024-10-11 09:25:23,840 INFO  [       ome.security.basic.CurrentDetails] (.Server-13) Adding log:INSERT,class ome.model.core.Channel,1929
2024-10-11 09:25:23,840 INFO  [       ome.security.basic.CurrentDetails] (.Server-13) Adding log:INSERT,class ome.model.core.LogicalChannel,1930
2024-10-11 09:25:23,840 INFO  [       ome.security.basic.CurrentDetails] (.Server-13) Adding log:INSERT,class ome.model.core.Channel,1930
2024-10-11 09:25:23,840 INFO  [       ome.security.basic.CurrentDetails] (.Server-13) Adding log:INSERT,class ome.model.core.LogicalChannel,1931
2024-10-11 09:25:23,840 INFO  [       ome.security.basic.CurrentDetails] (.Server-13) Adding log:INSERT,class ome.model.core.Channel,1931
2024-10-11 09:25:23,841 INFO  [       ome.security.basic.CurrentDetails] (.Server-13) Adding log:INSERT,class ome.model.core.LogicalChannel,1932
2024-10-11 09:25:23,841 INFO  [       ome.security.basic.CurrentDetails] (.Server-13) Adding log:INSERT,class ome.model.core.Channel,1932
2024-10-11 09:25:23,841 INFO  [       ome.security.basic.CurrentDetails] (.Server-13) Adding log:INSERT,class ome.model.core.LogicalChannel,1933
2024-10-11 09:25:23,841 INFO  [       ome.security.basic.CurrentDetails] (.Server-13) Adding log:INSERT,class ome.model.core.Channel,1933
2024-10-11 09:25:23,842 INFO  [       ome.security.basic.CurrentDetails] (.Server-13) Adding log:INSERT,class ome.model.core.LogicalChannel,1934
2024-10-11 09:25:23,842 INFO  [       ome.security.basic.CurrentDetails] (.Server-13) Adding log:INSERT,class ome.model.core.Channel,1934
2024-10-11 09:25:23,842 INFO  [       ome.security.basic.CurrentDetails] (.Server-13) Adding log:INSERT,class ome.model.core.LogicalChannel,1935
2024-10-11 09:25:23,843 INFO  [       ome.security.basic.CurrentDetails] (.Server-13) Adding log:INSERT,class ome.model.core.Channel,1935
2024-10-11 09:25:23,843 INFO  [       ome.security.basic.CurrentDetails] (.Server-13) Adding log:INSERT,class ome.model.core.LogicalChannel,1936
2024-10-11 09:25:23,843 INFO  [       ome.security.basic.CurrentDetails] (.Server-13) Adding log:INSERT,class ome.model.core.Channel,1936
2024-10-11 09:25:23,843 INFO  [       ome.security.basic.CurrentDetails] (.Server-13) Adding log:INSERT,class ome.model.core.LogicalChannel,1937
2024-10-11 09:25:23,844 INFO  [       ome.security.basic.CurrentDetails] (.Server-13) Adding log:INSERT,class ome.model.core.Channel,1937
2024-10-11 09:25:23,844 INFO  [       ome.security.basic.CurrentDetails] (.Server-13) Adding log:INSERT,class ome.model.core.LogicalChannel,1938
2024-10-11 09:25:23,845 INFO  [       ome.security.basic.CurrentDetails] (.Server-13) Adding log:INSERT,class ome.model.core.Channel,1938
2024-10-11 09:25:23,845 INFO  [       ome.security.basic.CurrentDetails] (.Server-13) Adding log:INSERT,class ome.model.core.LogicalChannel,1939
2024-10-11 09:25:23,845 INFO  [       ome.security.basic.CurrentDetails] (.Server-13) Adding log:INSERT,class ome.model.core.Channel,1939
2024-10-11 09:25:23,846 INFO  [       ome.security.basic.CurrentDetails] (.Server-13) Adding log:INSERT,class ome.model.core.LogicalChannel,1940
2024-10-11 09:25:23,846 INFO  [       ome.security.basic.CurrentDetails] (.Server-13) Adding log:INSERT,class ome.model.core.Channel,1940
2024-10-11 09:25:23,846 INFO  [       ome.security.basic.CurrentDetails] (.Server-13) Adding log:INSERT,class ome.model.core.LogicalChannel,1941
2024-10-11 09:25:23,847 INFO  [       ome.security.basic.CurrentDetails] (.Server-13) Adding log:INSERT,class ome.model.core.Channel,1941
2024-10-11 09:25:23,847 INFO  [       ome.security.basic.CurrentDetails] (.Server-13) Adding log:INSERT,class ome.model.core.LogicalChannel,1942
2024-10-11 09:25:23,847 INFO  [       ome.security.basic.CurrentDetails] (.Server-13) Adding log:INSERT,class ome.model.core.Channel,1942
2024-10-11 09:25:23,848 INFO  [       ome.security.basic.CurrentDetails] (.Server-13) Adding log:INSERT,class ome.model.core.LogicalChannel,1943
2024-10-11 09:25:23,848 INFO  [       ome.security.basic.CurrentDetails] (.Server-13) Adding log:INSERT,class ome.model.core.Channel,1943
2024-10-11 09:25:23,849 INFO  [       ome.security.basic.CurrentDetails] (.Server-13) Adding log:INSERT,class ome.model.core.LogicalChannel,1944
2024-10-11 09:25:23,849 INFO  [       ome.security.basic.CurrentDetails] (.Server-13) Adding log:INSERT,class ome.model.core.Channel,1944
2024-10-11 09:25:23,850 INFO  [       ome.security.basic.CurrentDetails] (.Server-13) Adding log:INSERT,class ome.model.core.LogicalChannel,1945
2024-10-11 09:25:23,850 INFO  [       ome.security.basic.CurrentDetails] (.Server-13) Adding log:INSERT,class ome.model.core.Channel,1945
2024-10-11 09:25:23,851 INFO  [       ome.security.basic.CurrentDetails] (.Server-13) Adding log:INSERT,class ome.model.core.LogicalChannel,1946
2024-10-11 09:25:23,851 INFO  [       ome.security.basic.CurrentDetails] (.Server-13) Adding log:INSERT,class ome.model.core.Channel,1946
2024-10-11 09:25:23,852 INFO  [       ome.security.basic.CurrentDetails] (.Server-13) Adding log:INSERT,class ome.model.core.LogicalChannel,1947
2024-10-11 09:25:23,852 INFO  [       ome.security.basic.CurrentDetails] (.Server-13) Adding log:INSERT,class ome.model.core.Channel,1947
2024-10-11 09:25:23,858 INFO  [       ome.security.basic.CurrentDetails] (.Server-13) Adding log:INSERT,class ome.model.core.LogicalChannel,1948
2024-10-11 09:25:23,858 INFO  [       ome.security.basic.CurrentDetails] (.Server-13) Adding log:INSERT,class ome.model.core.Channel,1948
2024-10-11 09:25:23,859 INFO  [       ome.security.basic.CurrentDetails] (.Server-13) Adding log:INSERT,class ome.model.core.LogicalChannel,1949
2024-10-11 09:25:23,859 INFO  [       ome.security.basic.CurrentDetails] (.Server-13) Adding log:INSERT,class ome.model.core.Channel,1949
2024-10-11 09:25:23,860 INFO  [       ome.security.basic.CurrentDetails] (.Server-13) Adding log:INSERT,class ome.model.core.LogicalChannel,1950
2024-10-11 09:25:23,860 INFO  [       ome.security.basic.CurrentDetails] (.Server-13) Adding log:INSERT,class ome.model.core.Channel,1950
2024-10-11 09:25:23,861 INFO  [       ome.security.basic.CurrentDetails] (.Server-13) Adding log:INSERT,class ome.model.core.LogicalChannel,1951
2024-10-11 09:25:23,861 INFO  [       ome.security.basic.CurrentDetails] (.Server-13) Adding log:INSERT,class ome.model.core.Channel,1951
2024-10-11 09:25:23,862 INFO  [       ome.security.basic.CurrentDetails] (.Server-13) Adding log:INSERT,class ome.model.core.LogicalChannel,1952
2024-10-11 09:25:23,862 INFO  [       ome.security.basic.CurrentDetails] (.Server-13) Adding log:INSERT,class ome.model.core.Channel,1952
2024-10-11 09:25:23,863 INFO  [       ome.security.basic.CurrentDetails] (.Server-13) Adding log:INSERT,class ome.model.core.LogicalChannel,1953
2024-10-11 09:25:23,863 INFO  [       ome.security.basic.CurrentDetails] (.Server-13) Adding log:INSERT,class ome.model.core.Channel,1953
2024-10-11 09:25:23,864 INFO  [       ome.security.basic.CurrentDetails] (.Server-13) Adding log:INSERT,class ome.model.core.LogicalChannel,1954
2024-10-11 09:25:23,864 INFO  [       ome.security.basic.CurrentDetails] (.Server-13) Adding log:INSERT,class ome.model.core.Channel,1954
2024-10-11 09:25:23,864 INFO  [       ome.security.basic.CurrentDetails] (.Server-13) Adding log:INSERT,class ome.model.core.LogicalChannel,1955
2024-10-11 09:25:23,865 INFO  [       ome.security.basic.CurrentDetails] (.Server-13) Adding log:INSERT,class ome.model.core.Channel,1955
2024-10-11 09:25:23,865 INFO  [       ome.security.basic.CurrentDetails] (.Server-13) Adding log:INSERT,class ome.model.core.LogicalChannel,1956
2024-10-11 09:25:23,865 INFO  [       ome.security.basic.CurrentDetails] (.Server-13) Adding log:INSERT,class ome.model.core.Channel,1956
2024-10-11 09:25:23,866 INFO  [       ome.security.basic.CurrentDetails] (.Server-13) Adding log:INSERT,class ome.model.core.LogicalChannel,1957
2024-10-11 09:25:23,866 INFO  [       ome.security.basic.CurrentDetails] (.Server-13) Adding log:INSERT,class ome.model.core.Channel,1957
2024-10-11 09:25:23,866 INFO  [       ome.security.basic.CurrentDetails] (.Server-13) Adding log:INSERT,class ome.model.core.LogicalChannel,1958
2024-10-11 09:25:23,867 INFO  [       ome.security.basic.CurrentDetails] (.Server-13) Adding log:INSERT,class ome.model.core.Channel,1958
2024-10-11 09:25:23,877 INFO  [                 org.perf4j.TimingLogger] (.Server-13) start[1728638723819] time[57] tag[omero.saveImportGraph]
2024-10-11 09:25:23,889 INFO  [                 org.perf4j.TimingLogger] (.Server-13) start[1728638723815] time[74] tag[omero.call.success.ome.services.blitz.impl.MetadataStoreI$3.doWork]
2024-10-11 09:25:23,892 INFO  [                 org.perf4j.TimingLogger] (2-thread-9) start[1728638723804] time[88] tag[omero.import.request.metadata]
2024-10-11 09:25:23,894 INFO  [    ome.security.basic.BasicEventContext] (l.Server-4)  cctx:	group=0
2024-10-11 09:25:23,894 INFO  [         ome.security.basic.EventHandler] (l.Server-4)  Auth:	user=0,group=0,event=null(User),sess=83be404c-1957-46d4-a36b-f9feca68dcf3
2024-10-11 09:25:23,895 INFO  [                 org.perf4j.TimingLogger] (l.Server-4) start[1728638723893] time[2] tag[omero.call.success.ome.logic.QueryImpl.get]
2024-10-11 09:25:23,897 INFO  [    ome.security.basic.BasicEventContext] (.Server-10)  cctx:	group=0
2024-10-11 09:25:23,900 INFO  [         ome.security.basic.EventHandler] (.Server-10)  Auth:	user=0,group=0,event=28629(User),sess=83be404c-1957-46d4-a36b-f9feca68dcf3
2024-10-11 09:25:23,901 INFO  [       ome.security.basic.CurrentDetails] (.Server-10) Adding log:UPDATE,class ome.model.core.OriginalFile,3133
2024-10-11 09:25:23,913 INFO  [                 org.perf4j.TimingLogger] (.Server-10) start[1728638723896] time[16] tag[omero.call.success.ome.logic.UpdateImpl.saveObject]
2024-10-11 09:25:23,913 INFO  [                 org.perf4j.TimingLogger] (2-thread-9) start[1728638723804] time[109] tag[omero.import.request.step]
2024-10-11 09:25:23,913 DEBUG [    o.s.blitz.repo.ManagedImportRequestI] (2-thread-9) Step 1
2024-10-11 09:25:23,913 DEBUG [    o.s.blitz.repo.ManagedImportRequestI] (2-thread-9) Plane:0 X:0 Y:0 TileWidth:2048 TileHeight:2048 arrayBuf.length:8388608
2024-10-11 09:25:24,000 DEBUG [    o.s.blitz.repo.ManagedImportRequestI] (2-thread-9) Plane:1 X:0 Y:0 TileWidth:2048 TileHeight:2048 arrayBuf.length:8388608
2024-10-11 09:25:24,065 DEBUG [    o.s.blitz.repo.ManagedImportRequestI] (2-thread-9) Plane:2 X:0 Y:0 TileWidth:2048 TileHeight:2048 arrayBuf.length:8388608
2024-10-11 09:25:24,150 DEBUG [    o.s.blitz.repo.ManagedImportRequestI] (2-thread-9) Plane:3 X:0 Y:0 TileWidth:2048 TileHeight:2048 arrayBuf.length:8388608
2024-10-11 09:25:24,235 DEBUG [    o.s.blitz.repo.ManagedImportRequestI] (2-thread-9) Plane:4 X:0 Y:0 TileWidth:2048 TileHeight:2048 arrayBuf.length:8388608
2024-10-11 09:25:24,303 DEBUG [    o.s.blitz.repo.ManagedImportRequestI] (2-thread-9) Plane:5 X:0 Y:0 TileWidth:2048 TileHeight:2048 arrayBuf.length:8388608
2024-10-11 09:25:24,369 DEBUG [    o.s.blitz.repo.ManagedImportRequestI] (2-thread-9) Plane:6 X:0 Y:0 TileWidth:2048 TileHeight:2048 arrayBuf.length:8388608
2024-10-11 09:25:24,429 DEBUG [    o.s.blitz.repo.ManagedImportRequestI] (2-thread-9) Plane:7 X:0 Y:0 TileWidth:2048 TileHeight:2048 arrayBuf.length:8388608
2024-10-11 09:25:24,487 DEBUG [    o.s.blitz.repo.ManagedImportRequestI] (2-thread-9) Plane:8 X:0 Y:0 TileWidth:2048 TileHeight:2048 arrayBuf.length:8388608
2024-10-11 09:25:24,549 DEBUG [    o.s.blitz.repo.ManagedImportRequestI] (2-thread-9) Plane:9 X:0 Y:0 TileWidth:2048 TileHeight:2048 arrayBuf.length:8388608
2024-10-11 09:25:24,632 DEBUG [    o.s.blitz.repo.ManagedImportRequestI] (2-thread-9) Plane:10 X:0 Y:0 TileWidth:2048 TileHeight:2048 arrayBuf.length:8388608
2024-10-11 09:25:24,694 DEBUG [    o.s.blitz.repo.ManagedImportRequestI] (2-thread-9) Plane:11 X:0 Y:0 TileWidth:2048 TileHeight:2048 arrayBuf.length:8388608
2024-10-11 09:25:24,742 DEBUG [    o.s.blitz.repo.ManagedImportRequestI] (2-thread-9) Plane:12 X:0 Y:0 TileWidth:2048 TileHeight:2048 arrayBuf.length:8388608
2024-10-11 09:25:24,813 DEBUG [    o.s.blitz.repo.ManagedImportRequestI] (2-thread-9) Plane:13 X:0 Y:0 TileWidth:2048 TileHeight:2048 arrayBuf.length:8388608
2024-10-11 09:25:24,880 DEBUG [    o.s.blitz.repo.ManagedImportRequestI] (2-thread-9) Plane:14 X:0 Y:0 TileWidth:2048 TileHeight:2048 arrayBuf.length:8388608
2024-10-11 09:25:24,946 DEBUG [    o.s.blitz.repo.ManagedImportRequestI] (2-thread-9) Plane:15 X:0 Y:0 TileWidth:2048 TileHeight:2048 arrayBuf.length:8388608
2024-10-11 09:25:25,027 DEBUG [    o.s.blitz.repo.ManagedImportRequestI] (2-thread-9) Plane:16 X:0 Y:0 TileWidth:2048 TileHeight:2048 arrayBuf.length:8388608
2024-10-11 09:25:25,116 DEBUG [    o.s.blitz.repo.ManagedImportRequestI] (2-thread-9) Plane:17 X:0 Y:0 TileWidth:2048 TileHeight:2048 arrayBuf.length:8388608
2024-10-11 09:25:25,177 DEBUG [    o.s.blitz.repo.ManagedImportRequestI] (2-thread-9) Plane:18 X:0 Y:0 TileWidth:2048 TileHeight:2048 arrayBuf.length:8388608
2024-10-11 09:25:25,236 DEBUG [    o.s.blitz.repo.ManagedImportRequestI] (2-thread-9) Plane:19 X:0 Y:0 TileWidth:2048 TileHeight:2048 arrayBuf.length:8388608
2024-10-11 09:25:25,316 DEBUG [    o.s.blitz.repo.ManagedImportRequestI] (2-thread-9) Plane:20 X:0 Y:0 TileWidth:2048 TileHeight:2048 arrayBuf.length:8388608
2024-10-11 09:25:25,377 DEBUG [    o.s.blitz.repo.ManagedImportRequestI] (2-thread-9) Plane:21 X:0 Y:0 TileWidth:2048 TileHeight:2048 arrayBuf.length:8388608
2024-10-11 09:25:25,448 DEBUG [    o.s.blitz.repo.ManagedImportRequestI] (2-thread-9) Plane:22 X:0 Y:0 TileWidth:2048 TileHeight:2048 arrayBuf.length:8388608
2024-10-11 09:25:25,535 DEBUG [    o.s.blitz.repo.ManagedImportRequestI] (2-thread-9) Plane:23 X:0 Y:0 TileWidth:2048 TileHeight:2048 arrayBuf.length:8388608
2024-10-11 09:25:25,601 DEBUG [    o.s.blitz.repo.ManagedImportRequestI] (2-thread-9) Plane:24 X:0 Y:0 TileWidth:2048 TileHeight:2048 arrayBuf.length:8388608
2024-10-11 09:25:25,666 DEBUG [    o.s.blitz.repo.ManagedImportRequestI] (2-thread-9) Plane:25 X:0 Y:0 TileWidth:2048 TileHeight:2048 arrayBuf.length:8388608
2024-10-11 09:25:25,743 DEBUG [    o.s.blitz.repo.ManagedImportRequestI] (2-thread-9) Plane:26 X:0 Y:0 TileWidth:2048 TileHeight:2048 arrayBuf.length:8388608
2024-10-11 09:25:25,818 DEBUG [    o.s.blitz.repo.ManagedImportRequestI] (2-thread-9) Plane:27 X:0 Y:0 TileWidth:2048 TileHeight:2048 arrayBuf.length:8388608
2024-10-11 09:25:25,876 DEBUG [    o.s.blitz.repo.ManagedImportRequestI] (2-thread-9) Plane:28 X:0 Y:0 TileWidth:2048 TileHeight:2048 arrayBuf.length:8388608
2024-10-11 09:25:25,945 DEBUG [    o.s.blitz.repo.ManagedImportRequestI] (2-thread-9) Plane:29 X:0 Y:0 TileWidth:2048 TileHeight:2048 arrayBuf.length:8388608
2024-10-11 09:25:26,017 DEBUG [    o.s.blitz.repo.ManagedImportRequestI] (2-thread-9) Plane:30 X:0 Y:0 TileWidth:2048 TileHeight:2048 arrayBuf.length:8388608
2024-10-11 09:25:26,073 DEBUG [    o.s.blitz.repo.ManagedImportRequestI] (2-thread-9) Plane:31 X:0 Y:0 TileWidth:2048 TileHeight:2048 arrayBuf.length:8388608
2024-10-11 09:25:26,138 DEBUG [    o.s.blitz.repo.ManagedImportRequestI] (2-thread-9) Plane:32 X:0 Y:0 TileWidth:2048 TileHeight:2048 arrayBuf.length:8388608
2024-10-11 09:25:26,213 DEBUG [    o.s.blitz.repo.ManagedImportRequestI] (2-thread-9) Plane:33 X:0 Y:0 TileWidth:2048 TileHeight:2048 arrayBuf.length:8388608
2024-10-11 09:25:26,328 DEBUG [    o.s.blitz.repo.ManagedImportRequestI] (2-thread-9) Plane:34 X:0 Y:0 TileWidth:2048 TileHeight:2048 arrayBuf.length:8388608
2024-10-11 09:25:26,393 DEBUG [    o.s.blitz.repo.ManagedImportRequestI] (2-thread-9) Plane:35 X:0 Y:0 TileWidth:2048 TileHeight:2048 arrayBuf.length:8388608
2024-10-11 09:25:26,455 DEBUG [    o.s.blitz.repo.ManagedImportRequestI] (2-thread-9) Plane:36 X:0 Y:0 TileWidth:2048 TileHeight:2048 arrayBuf.length:8388608
2024-10-11 09:25:26,526 DEBUG [    o.s.blitz.repo.ManagedImportRequestI] (2-thread-9) Plane:37 X:0 Y:0 TileWidth:2048 TileHeight:2048 arrayBuf.length:8388608
2024-10-11 09:25:26,605 DEBUG [    o.s.blitz.repo.ManagedImportRequestI] (2-thread-9) Plane:38 X:0 Y:0 TileWidth:2048 TileHeight:2048 arrayBuf.length:8388608
2024-10-11 09:25:26,697 DEBUG [    o.s.blitz.repo.ManagedImportRequestI] (2-thread-9) Plane:39 X:0 Y:0 TileWidth:2048 TileHeight:2048 arrayBuf.length:8388608
2024-10-11 09:25:26,765 DEBUG [    o.s.blitz.repo.ManagedImportRequestI] (2-thread-9) Plane:40 X:0 Y:0 TileWidth:2048 TileHeight:2048 arrayBuf.length:8388608
2024-10-11 09:25:26,857 DEBUG [    o.s.blitz.repo.ManagedImportRequestI] (2-thread-9) Plane:41 X:0 Y:0 TileWidth:2048 TileHeight:2048 arrayBuf.length:8388608
2024-10-11 09:25:26,939 DEBUG [    o.s.blitz.repo.ManagedImportRequestI] (2-thread-9) Plane:42 X:0 Y:0 TileWidth:2048 TileHeight:2048 arrayBuf.length:8388608
2024-10-11 09:25:27,035 DEBUG [    o.s.blitz.repo.ManagedImportRequestI] (2-thread-9) Plane:43 X:0 Y:0 TileWidth:2048 TileHeight:2048 arrayBuf.length:8388608
2024-10-11 09:25:27,109 INFO  [    ome.security.basic.BasicEventContext] (l.Server-4)  cctx:	group=0
2024-10-11 09:25:27,116 INFO  [         ome.security.basic.EventHandler] (l.Server-4)  Auth:	user=0,group=0,event=28711(User),sess=83be404c-1957-46d4-a36b-f9feca68dcf3
2024-10-11 09:25:27,122 INFO  [                 org.perf4j.TimingLogger] (l.Server-4) start[1728638727108] time[14] tag[omero.call.success.ome.services.blitz.impl.MetadataStoreI$7.doWork]
2024-10-11 09:25:27,124 INFO  [    ome.security.basic.BasicEventContext] (.Server-11)  cctx:	group=0
2024-10-11 09:25:27,127 INFO  [         ome.security.basic.EventHandler] (.Server-11)  Auth:	user=0,group=0,event=28713(User),sess=83be404c-1957-46d4-a36b-f9feca68dcf3
2024-10-11 09:25:27,293 INFO  [       ome.security.basic.CurrentDetails] (.Server-11) Adding log:UPDATE,class ome.model.core.Pixels,232
2024-10-11 09:25:27,298 INFO  [                 org.perf4j.TimingLogger] (.Server-11) start[1728638727123] time[174] tag[omero.call.success.ome.logic.UpdateImpl.saveArray]
2024-10-11 09:25:27,299 INFO  [    ome.security.basic.BasicEventContext] (.Server-15)  cctx:	group=0
2024-10-11 09:25:27,303 INFO  [         ome.security.basic.EventHandler] (.Server-15)  Auth:	user=0,group=0,event=28722(User),sess=83be404c-1957-46d4-a36b-f9feca68dcf3
2024-10-11 09:25:27,344 INFO  [                 org.perf4j.TimingLogger] (.Server-15) start[1728638727299] time[45] tag[omero.call.success.ome.services.blitz.impl.MetadataStoreI$2.doWork]
2024-10-11 09:25:27,344 INFO  [                 org.perf4j.TimingLogger] (2-thread-9) start[1728638723913] time[3431] tag[omero.import.request.pixels]
2024-10-11 09:25:27,346 INFO  [    ome.security.basic.BasicEventContext] (l.Server-9)  cctx:	group=0
2024-10-11 09:25:27,347 INFO  [         ome.security.basic.EventHandler] (l.Server-9)  Auth:	user=0,group=0,event=null(User),sess=83be404c-1957-46d4-a36b-f9feca68dcf3
2024-10-11 09:25:27,349 INFO  [                 org.perf4j.TimingLogger] (l.Server-9) start[1728638727345] time[3] tag[omero.call.success.ome.logic.QueryImpl.get]
2024-10-11 09:25:27,352 INFO  [    ome.security.basic.BasicEventContext] (.Server-12)  cctx:	group=0
2024-10-11 09:25:27,357 INFO  [         ome.security.basic.EventHandler] (.Server-12)  Auth:	user=0,group=0,event=28723(User),sess=83be404c-1957-46d4-a36b-f9feca68dcf3
2024-10-11 09:25:27,359 INFO  [       ome.security.basic.CurrentDetails] (.Server-12) Adding log:UPDATE,class ome.model.core.OriginalFile,3133
2024-10-11 09:25:27,365 INFO  [                 org.perf4j.TimingLogger] (.Server-12) start[1728638727350] time[15] tag[omero.call.success.ome.logic.UpdateImpl.saveObject]
2024-10-11 09:25:27,367 INFO  [                 org.perf4j.TimingLogger] (2-thread-9) start[1728638723913] time[3453] tag[omero.import.request.step]
2024-10-11 09:25:27,367 DEBUG [    o.s.blitz.repo.ManagedImportRequestI] (2-thread-9) Step 2
2024-10-11 09:25:27,370 INFO  [    ome.security.basic.BasicEventContext] (.Server-11)  cctx:	group=0
2024-10-11 09:25:27,376 INFO  [         ome.security.basic.EventHandler] (.Server-11)  Auth:	user=0,group=0,event=28724(User),sess=83be404c-1957-46d4-a36b-f9feca68dcf3
2024-10-11 09:25:27,382 INFO  [                 org.perf4j.TimingLogger] (.Server-11) start[1728638727377] time[4] tag[omero.loadPixels]
2024-10-11 09:25:27,392 INFO  [                 org.perf4j.TimingLogger] (.Server-11) start[1728638727386] time[5] tag[omero.loadRenderingSettingsByUser]
2024-10-11 09:25:27,419 DEBUG [                   loci.formats.Memoizer] (.Server-11) start[1728638727395] time[23] tag[loci.formats.Memoizer.loadMemo]
2024-10-11 09:25:27,438 INFO  [                loci.formats.ImageReader] (.Server-11) IonpathMIBITiffReader initializing /OMERO/ManagedRepository/root_0/2024-10/11/09-25-23.033/TA459_multipleCores2_Run-4_Point15.tiff
2024-10-11 09:25:27,438 INFO  [       loci.formats.in.MinimalTiffReader] (.Server-11) Reading IFDs
2024-10-11 09:25:27,439 INFO  [       loci.formats.in.MinimalTiffReader] (.Server-11) Populating metadata
2024-10-11 09:25:27,443 INFO  [          loci.formats.in.BaseTiffReader] (.Server-11) Populating OME metadata
2024-10-11 09:25:27,454 DEBUG [                   loci.formats.Memoizer] (.Server-11) saved to temp file: /OMERO/BioFormatsCache/OMERO/ManagedRepository/root_0/2024-10/11/09-25-23.033/.TA459_multipleCores2_Run-4_Point15.tiff.bfmemo12492020195289424171
2024-10-11 09:25:27,454 DEBUG [                   loci.formats.Memoizer] (.Server-11) start[1728638727450] time[4] tag[loci.formats.Memoizer.saveMemo]
2024-10-11 09:25:27,454 DEBUG [                   loci.formats.Memoizer] (.Server-11) saved memo file: /OMERO/BioFormatsCache/OMERO/ManagedRepository/root_0/2024-10/11/09-25-23.033/.TA459_multipleCores2_Run-4_Point15.tiff.bfmemo (50725 bytes)
2024-10-11 09:25:27,454 DEBUG [                   loci.formats.Memoizer] (.Server-11) start[1728638727395] time[59] tag[loci.formats.Memoizer.setId]
2024-10-11 09:25:27,495 INFO  [       ome.security.basic.CurrentDetails] (.Server-11) Adding log:INSERT,class ome.model.display.QuantumDef,232
2024-10-11 09:25:27,496 INFO  [       ome.security.basic.CurrentDetails] (.Server-11) Adding log:INSERT,class ome.model.display.RenderingDef,232
2024-10-11 09:25:27,497 INFO  [       ome.security.basic.CurrentDetails] (.Server-11) Adding log:INSERT,class ome.model.display.ChannelBinding,1915
2024-10-11 09:25:27,497 INFO  [       ome.security.basic.CurrentDetails] (.Server-11) Adding log:INSERT,class ome.model.display.ChannelBinding,1916
2024-10-11 09:25:27,497 INFO  [       ome.security.basic.CurrentDetails] (.Server-11) Adding log:INSERT,class ome.model.display.ChannelBinding,1917
2024-10-11 09:25:27,498 INFO  [       ome.security.basic.CurrentDetails] (.Server-11) Adding log:INSERT,class ome.model.display.ChannelBinding,1918
2024-10-11 09:25:27,498 INFO  [       ome.security.basic.CurrentDetails] (.Server-11) Adding log:INSERT,class ome.model.display.ChannelBinding,1919
2024-10-11 09:25:27,498 INFO  [       ome.security.basic.CurrentDetails] (.Server-11) Adding log:INSERT,class ome.model.display.ChannelBinding,1920
2024-10-11 09:25:27,498 INFO  [       ome.security.basic.CurrentDetails] (.Server-11) Adding log:INSERT,class ome.model.display.ChannelBinding,1921
2024-10-11 09:25:27,499 INFO  [       ome.security.basic.CurrentDetails] (.Server-11) Adding log:INSERT,class ome.model.display.ChannelBinding,1922
2024-10-11 09:25:27,499 INFO  [       ome.security.basic.CurrentDetails] (.Server-11) Adding log:INSERT,class ome.model.display.ChannelBinding,1923
2024-10-11 09:25:27,499 INFO  [       ome.security.basic.CurrentDetails] (.Server-11) Adding log:INSERT,class ome.model.display.ChannelBinding,1924
2024-10-11 09:25:27,500 INFO  [       ome.security.basic.CurrentDetails] (.Server-11) Adding log:INSERT,class ome.model.display.ChannelBinding,1925
2024-10-11 09:25:27,500 INFO  [       ome.security.basic.CurrentDetails] (.Server-11) Adding log:INSERT,class ome.model.display.ChannelBinding,1926
2024-10-11 09:25:27,500 INFO  [       ome.security.basic.CurrentDetails] (.Server-11) Adding log:INSERT,class ome.model.display.ChannelBinding,1927
2024-10-11 09:25:27,500 INFO  [       ome.security.basic.CurrentDetails] (.Server-11) Adding log:INSERT,class ome.model.display.ChannelBinding,1928
2024-10-11 09:25:27,501 INFO  [       ome.security.basic.CurrentDetails] (.Server-11) Adding log:INSERT,class ome.model.display.ChannelBinding,1929
2024-10-11 09:25:27,501 INFO  [       ome.security.basic.CurrentDetails] (.Server-11) Adding log:INSERT,class ome.model.display.ChannelBinding,1930
2024-10-11 09:25:27,501 INFO  [       ome.security.basic.CurrentDetails] (.Server-11) Adding log:INSERT,class ome.model.display.ChannelBinding,1931
2024-10-11 09:25:27,502 INFO  [       ome.security.basic.CurrentDetails] (.Server-11) Adding log:INSERT,class ome.model.display.ChannelBinding,1932
2024-10-11 09:25:27,503 INFO  [       ome.security.basic.CurrentDetails] (.Server-11) Adding log:INSERT,class ome.model.display.ChannelBinding,1933
2024-10-11 09:25:27,503 INFO  [       ome.security.basic.CurrentDetails] (.Server-11) Adding log:INSERT,class ome.model.display.ChannelBinding,1934
2024-10-11 09:25:27,504 INFO  [       ome.security.basic.CurrentDetails] (.Server-11) Adding log:INSERT,class ome.model.display.ChannelBinding,1935
2024-10-11 09:25:27,504 INFO  [       ome.security.basic.CurrentDetails] (.Server-11) Adding log:INSERT,class ome.model.display.ChannelBinding,1936
2024-10-11 09:25:27,504 INFO  [       ome.security.basic.CurrentDetails] (.Server-11) Adding log:INSERT,class ome.model.display.ChannelBinding,1937
2024-10-11 09:25:27,504 INFO  [       ome.security.basic.CurrentDetails] (.Server-11) Adding log:INSERT,class ome.model.display.ChannelBinding,1938
2024-10-11 09:25:27,505 INFO  [       ome.security.basic.CurrentDetails] (.Server-11) Adding log:INSERT,class ome.model.display.ChannelBinding,1939
2024-10-11 09:25:27,505 INFO  [       ome.security.basic.CurrentDetails] (.Server-11) Adding log:INSERT,class ome.model.display.ChannelBinding,1940
2024-10-11 09:25:27,505 INFO  [       ome.security.basic.CurrentDetails] (.Server-11) Adding log:INSERT,class ome.model.display.ChannelBinding,1941
2024-10-11 09:25:27,506 INFO  [       ome.security.basic.CurrentDetails] (.Server-11) Adding log:INSERT,class ome.model.display.ChannelBinding,1942
2024-10-11 09:25:27,506 INFO  [       ome.security.basic.CurrentDetails] (.Server-11) Adding log:INSERT,class ome.model.display.ChannelBinding,1943
2024-10-11 09:25:27,506 INFO  [       ome.security.basic.CurrentDetails] (.Server-11) Adding log:INSERT,class ome.model.display.ChannelBinding,1944
2024-10-11 09:25:27,506 INFO  [       ome.security.basic.CurrentDetails] (.Server-11) Adding log:INSERT,class ome.model.display.ChannelBinding,1945
2024-10-11 09:25:27,506 INFO  [       ome.security.basic.CurrentDetails] (.Server-11) Adding log:INSERT,class ome.model.display.ChannelBinding,1946
2024-10-11 09:25:27,507 INFO  [       ome.security.basic.CurrentDetails] (.Server-11) Adding log:INSERT,class ome.model.display.ChannelBinding,1947
2024-10-11 09:25:27,507 INFO  [       ome.security.basic.CurrentDetails] (.Server-11) Adding log:INSERT,class ome.model.display.ChannelBinding,1948
2024-10-11 09:25:27,507 INFO  [       ome.security.basic.CurrentDetails] (.Server-11) Adding log:INSERT,class ome.model.display.ChannelBinding,1949
2024-10-11 09:25:27,507 INFO  [       ome.security.basic.CurrentDetails] (.Server-11) Adding log:INSERT,class ome.model.display.ChannelBinding,1950
2024-10-11 09:25:27,507 INFO  [       ome.security.basic.CurrentDetails] (.Server-11) Adding log:INSERT,class ome.model.display.ChannelBinding,1951
2024-10-11 09:25:27,508 INFO  [       ome.security.basic.CurrentDetails] (.Server-11) Adding log:INSERT,class ome.model.display.ChannelBinding,1952
2024-10-11 09:25:27,508 INFO  [       ome.security.basic.CurrentDetails] (.Server-11) Adding log:INSERT,class ome.model.display.ChannelBinding,1953
2024-10-11 09:25:27,508 INFO  [       ome.security.basic.CurrentDetails] (.Server-11) Adding log:INSERT,class ome.model.display.ChannelBinding,1954
2024-10-11 09:25:27,508 INFO  [       ome.security.basic.CurrentDetails] (.Server-11) Adding log:INSERT,class ome.model.display.ChannelBinding,1955
2024-10-11 09:25:27,509 INFO  [       ome.security.basic.CurrentDetails] (.Server-11) Adding log:INSERT,class ome.model.display.ChannelBinding,1956
2024-10-11 09:25:27,509 INFO  [       ome.security.basic.CurrentDetails] (.Server-11) Adding log:INSERT,class ome.model.display.ChannelBinding,1957
2024-10-11 09:25:27,509 INFO  [       ome.security.basic.CurrentDetails] (.Server-11) Adding log:INSERT,class ome.model.display.ChannelBinding,1958
2024-10-11 09:25:27,527 INFO  [                 org.perf4j.TimingLogger] (.Server-11) start[1728638727490] time[36] tag[omero.resetDefaultsInSet.saveAndReturn]
2024-10-11 09:25:27,527 INFO  [                 org.perf4j.TimingLogger] (.Server-11) start[1728638727377] time[149] tag[omero.resetDefaultsInSet]
2024-10-11 09:25:27,540 INFO  [                 org.perf4j.TimingLogger] (.Server-11) start[1728638727368] time[171] tag[omero.call.success.ome.logic.RenderingSettingsImpl.resetDefaultsInSet]
2024-10-11 09:25:27,542 INFO  [    ome.security.basic.BasicEventContext] (.Server-15)  cctx:	group=0
2024-10-11 09:25:27,546 INFO  [         ome.security.basic.EventHandler] (.Server-15)  Auth:	user=0,group=0,event=28725(User),sess=83be404c-1957-46d4-a36b-f9feca68dcf3
2024-10-11 09:25:27,548 INFO  [                 org.perf4j.TimingLogger] (.Server-15) start[1728638727546] time[2] tag[omero.bulkLoadRenderingSettings]
2024-10-11 09:25:27,548 INFO  [                 org.perf4j.TimingLogger] (.Server-15) start[1728638727548] time[0] tag[omero.createAndPrepareMissingRenderingSettings]
2024-10-11 09:25:27,550 INFO  [                 org.perf4j.TimingLogger] (.Server-15) start[1728638727548] time[2] tag[omero.bulkLoadMetadata]
2024-10-11 09:25:27,552 INFO  [                 org.perf4j.TimingLogger] (.Server-15) start[1728638727548] time[3] tag[omero.loadMetadataByDimensionPool]
2024-10-11 09:25:27,554 INFO  [       ome.security.basic.CurrentDetails] (.Server-15) Adding log:INSERT,class ome.model.display.Thumbnail,232
2024-10-11 09:25:27,555 INFO  [                 org.perf4j.TimingLogger] (.Server-15) start[1728638727555] time[0] tag[omero.bulkLoadMetadata]
2024-10-11 09:25:27,556 INFO  [                 org.perf4j.TimingLogger] (.Server-15) start[1728638727555] time[0] tag[omero.loadMetadataByDimensionPool]
2024-10-11 09:25:27,556 INFO  [                 org.perf4j.TimingLogger] (.Server-15) start[1728638727552] time[3] tag[omero.createMissingThumbnailMetadata]
2024-10-11 09:25:27,556 INFO  [    ome.security.basic.BasicEventContext] (.Server-15)  cctx:	group=0
2024-10-11 09:25:27,559 INFO  [         ome.security.basic.EventHandler] (.Server-15)  Auth:	user=0,group=0,event=28726(User),sess=83be404c-1957-46d4-a36b-f9feca68dcf3
2024-10-11 09:25:27,568 INFO  [                 org.perf4j.TimingLogger] (.Server-15) start[1728638727568] time[0] tag[omero._createThumbnail(thumbMetaData)]
2024-10-11 09:25:27,614 DEBUG [                   loci.formats.Memoizer] (.Server-15) loaded memo file: /OMERO/BioFormatsCache/OMERO/ManagedRepository/root_0/2024-10/11/09-25-23.033/.TA459_multipleCores2_Run-4_Point15.tiff.bfmemo (50725 bytes)
2024-10-11 09:25:27,614 DEBUG [                   loci.formats.Memoizer] (.Server-15) start[1728638727593] time[21] tag[loci.formats.Memoizer.loadMemo]
2024-10-11 09:25:27,614 DEBUG [                   loci.formats.Memoizer] (.Server-15) start[1728638727592] time[22] tag[loci.formats.Memoizer.setId]
2024-10-11 09:25:27,713 INFO  [       ome.logic.JavaImageScalingService] (.Server-15) Scaling to: 96x96
2024-10-11 09:25:27,740 INFO  [                 org.perf4j.TimingLogger] (.Server-15) start[1728638727714] time[26] tag[java-image-scaling.resampleOp]
2024-10-11 09:25:27,743 INFO  [                 org.perf4j.TimingLogger] (.Server-15) start[1728638727568] time[175] tag[omero._createThumbnail]
2024-10-11 09:25:27,756 INFO  [                 org.perf4j.TimingLogger] (.Server-15) start[1728638727541] time[215] tag[omero.call.success.ome.services.ThumbnailBean.createThumbnailsByLongestSideSet]
2024-10-11 09:25:27,757 INFO  [                 org.perf4j.TimingLogger] (2-thread-9) start[1728638727368] time[389] tag[omero.import.request.thumbs]
2024-10-11 09:25:27,759 INFO  [    ome.security.basic.BasicEventContext] (.Server-12)  cctx:	group=0
2024-10-11 09:25:27,761 INFO  [         ome.security.basic.EventHandler] (.Server-12)  Auth:	user=0,group=0,event=null(User),sess=83be404c-1957-46d4-a36b-f9feca68dcf3
2024-10-11 09:25:27,771 INFO  [                 org.perf4j.TimingLogger] (.Server-12) start[1728638727758] time[12] tag[omero.call.success.ome.logic.QueryImpl.get]
2024-10-11 09:25:27,773 INFO  [    ome.security.basic.BasicEventContext] (.Server-10)  cctx:	group=0
2024-10-11 09:25:27,777 INFO  [         ome.security.basic.EventHandler] (.Server-10)  Auth:	user=0,group=0,event=28727(User),sess=83be404c-1957-46d4-a36b-f9feca68dcf3
2024-10-11 09:25:27,781 INFO  [       ome.security.basic.CurrentDetails] (.Server-10) Adding log:UPDATE,class ome.model.core.OriginalFile,3133
2024-10-11 09:25:27,786 INFO  [                 org.perf4j.TimingLogger] (.Server-10) start[1728638727772] time[14] tag[omero.call.success.ome.logic.UpdateImpl.saveObject]
2024-10-11 09:25:27,787 INFO  [                 org.perf4j.TimingLogger] (2-thread-9) start[1728638727367] time[419] tag[omero.import.request.step]
2024-10-11 09:25:27,787 DEBUG [    o.s.blitz.repo.ManagedImportRequestI] (2-thread-9) Step 3
2024-10-11 09:25:27,788 INFO  [    ome.security.basic.BasicEventContext] (.Server-11)  cctx:	group=0
2024-10-11 09:25:27,789 INFO  [         ome.security.basic.EventHandler] (.Server-11)  Auth:	user=0,group=0,event=null(User),sess=83be404c-1957-46d4-a36b-f9feca68dcf3
2024-10-11 09:25:27,790 INFO  [                 org.perf4j.TimingLogger] (.Server-11) start[1728638727787] time[3] tag[omero.call.success.ome.services.blitz.impl.MetadataStoreI$6.doWork]
2024-10-11 09:25:27,792 INFO  [    ome.security.basic.BasicEventContext] (l.Server-4)  cctx:	group=0
2024-10-11 09:25:27,793 INFO  [         ome.security.basic.EventHandler] (l.Server-4)  Auth:	user=0,group=0,event=null(User),sess=83be404c-1957-46d4-a36b-f9feca68dcf3
2024-10-11 09:25:27,794 INFO  [                 org.perf4j.TimingLogger] (l.Server-4) start[1728638727791] time[2] tag[omero.call.success.ome.logic.QueryImpl.get]
2024-10-11 09:25:27,796 INFO  [    ome.security.basic.BasicEventContext] (.Server-14)  cctx:	group=0
2024-10-11 09:25:27,804 INFO  [         ome.security.basic.EventHandler] (.Server-14)  Auth:	user=0,group=0,event=28728(User),sess=83be404c-1957-46d4-a36b-f9feca68dcf3
2024-10-11 09:25:27,807 INFO  [       ome.security.basic.CurrentDetails] (.Server-14) Adding log:UPDATE,class ome.model.core.OriginalFile,3133
2024-10-11 09:25:27,814 INFO  [                 org.perf4j.TimingLogger] (.Server-14) start[1728638727794] time[19] tag[omero.call.success.ome.logic.UpdateImpl.saveObject]
2024-10-11 09:25:27,814 INFO  [                 org.perf4j.TimingLogger] (2-thread-9) start[1728638727787] time[27] tag[omero.import.request.step]
2024-10-11 09:25:27,815 DEBUG [    o.s.blitz.repo.ManagedImportRequestI] (2-thread-9) Step 4
2024-10-11 09:25:27,817 INFO  [    ome.security.basic.BasicEventContext] (l.Server-9)  cctx:	group=0
2024-10-11 09:25:27,819 INFO  [         ome.security.basic.EventHandler] (l.Server-9)  Auth:	user=0,group=0,event=null(User),sess=83be404c-1957-46d4-a36b-f9feca68dcf3
2024-10-11 09:25:27,822 INFO  [                 org.perf4j.TimingLogger] (l.Server-9) start[1728638727815] time[6] tag[omero.call.success.ome.logic.QueryImpl.get]
2024-10-11 09:25:27,825 INFO  [    ome.security.basic.BasicEventContext] (.Server-15)  cctx:	group=0
2024-10-11 09:25:27,831 INFO  [         ome.security.basic.EventHandler] (.Server-15)  Auth:	user=0,group=0,event=28729(User),sess=83be404c-1957-46d4-a36b-f9feca68dcf3
2024-10-11 09:25:27,841 INFO  [       ome.security.basic.CurrentDetails] (.Server-15) Adding log:UPDATE,class ome.model.core.OriginalFile,3133
2024-10-11 09:25:27,846 INFO  [                 org.perf4j.TimingLogger] (.Server-15) start[1728638727823] time[22] tag[omero.call.success.ome.logic.UpdateImpl.saveObject]
2024-10-11 09:25:27,846 INFO  [                 org.perf4j.TimingLogger] (2-thread-9) start[1728638727815] time[31] tag[omero.import.request.step]
2024-10-11 09:25:27,855 INFO  [    ome.security.basic.BasicEventContext] (.Server-13)  cctx:	group=0
2024-10-11 09:25:27,859 INFO  [         ome.security.basic.EventHandler] (.Server-13)  Auth:	user=0,group=0,event=28730(User),sess=83be404c-1957-46d4-a36b-f9feca68dcf3
2024-10-11 09:25:27,862 INFO  [                 org.perf4j.TimingLogger] (.Server-13) start[1728638727854] time[8] tag[omero.call.success.ome.services.RawFileBean.close]
2024-10-11 09:25:27,863 DEBUG [                omero.util.ServantHolder] (.Server-13) Removed omero.api._RawFileStoreTie@73adbbe5 from omero.util.ServantHolder@149b3864 as 342991be-e2f4-4cdb-a462-aea5c249b8faomero.api.RawFileStore
2024-10-11 09:25:27,863 INFO  [                      omero.cmd.SessionI] (.Server-13) Unregistered servant:83be404c-1957-46d4-a36b-f9feca68dcf3/342991be-e2f4-4cdb-a462-aea5c249b8faomero.api.RawFileStore(omero.api._RawFileStoreTie@73adbbe5)
2024-10-11 09:25:27,865 INFO  [    ome.security.basic.BasicEventContext] (.Server-10)  cctx:	group=0
2024-10-11 09:25:27,871 INFO  [         ome.security.basic.EventHandler] (.Server-10)  Auth:	user=0,group=0,event=28731(User),sess=83be404c-1957-46d4-a36b-f9feca68dcf3
2024-10-11 09:25:27,875 INFO  [                 org.perf4j.TimingLogger] (.Server-10) start[1728638727863] time[12] tag[omero.call.success.ome.services.RawPixelsBean.close]
2024-10-11 09:25:27,876 DEBUG [                omero.util.ServantHolder] (.Server-10) Removed omero.api._RawPixelsStoreTie@6b986748 from omero.util.ServantHolder@149b3864 as 4b50b55c-75a7-470b-9291-4120806de645omero.api.RawPixelsStore
2024-10-11 09:25:27,876 INFO  [                      omero.cmd.SessionI] (.Server-10) Unregistered servant:83be404c-1957-46d4-a36b-f9feca68dcf3/4b50b55c-75a7-470b-9291-4120806de645omero.api.RawPixelsStore(omero.api._RawPixelsStoreTie@6b986748)
2024-10-11 09:25:27,877 INFO  [    ome.security.basic.BasicEventContext] (.Server-11)  cctx:	group=0
2024-10-11 09:25:27,879 INFO  [         ome.security.basic.EventHandler] (.Server-11)  Auth:	user=0,group=0,event=null(User),sess=83be404c-1957-46d4-a36b-f9feca68dcf3
2024-10-11 09:25:27,879 INFO  [                 org.perf4j.TimingLogger] (.Server-11) start[1728638727876] time[2] tag[omero.call.success.ome.services.ThumbnailBean.close]
2024-10-11 09:25:27,879 DEBUG [                omero.util.ServantHolder] (.Server-11) Removed omero.api._ThumbnailStoreTie@31ea691b from omero.util.ServantHolder@149b3864 as af062c7c-7545-4b2f-9610-b41872ba41d1omero.api.ThumbnailStore
2024-10-11 09:25:27,879 INFO  [                      omero.cmd.SessionI] (.Server-11) Unregistered servant:83be404c-1957-46d4-a36b-f9feca68dcf3/af062c7c-7545-4b2f-9610-b41872ba41d1omero.api.ThumbnailStore(omero.api._ThumbnailStoreTie@31ea691b)
2024-10-11 09:25:27,881 DEBUG [                omero.util.ServantHolder] (l.Server-4) Removed omero.api._MetadataStoreTie@34cac34b from omero.util.ServantHolder@149b3864 as ec034c92-c38f-4c15-8b42-ffdf54683d60omero.api.MetadataStore
2024-10-11 09:25:27,881 INFO  [                      omero.cmd.SessionI] (l.Server-4) Unregistered servant:83be404c-1957-46d4-a36b-f9feca68dcf3/ec034c92-c38f-4c15-8b42-ffdf54683d60omero.api.MetadataStore(omero.api._MetadataStoreTie@34cac34b)
2024-10-11 09:25:27,881 INFO  [    o.s.blitz.repo.ManagedImportRequestI] (2-thread-9) Cleaning up import.
2024-10-11 09:25:27,889 INFO  [         ome.security.basic.EventHandler] (l.Server-9)  Auth:	user=0,group=0,event=null(User),sess=83be404c-1957-46d4-a36b-f9feca68dcf3
2024-10-11 09:25:27,890 INFO  [                 org.perf4j.TimingLogger] (l.Server-9) start[1728638727886] time[4] tag[omero.call.success.ome.logic.QueryImpl.get]
2024-10-11 09:25:27,899 INFO  [         ome.security.basic.EventHandler] (.Server-12)  Auth:	user=0,group=0,event=28732(User),sess=83be404c-1957-46d4-a36b-f9feca68dcf3
2024-10-11 09:25:27,901 INFO  [       ome.security.basic.CurrentDetails] (.Server-12) Adding log:UPDATE,class ome.model.core.OriginalFile,3133
2024-10-11 09:25:27,907 INFO  [                 org.perf4j.TimingLogger] (.Server-12) start[1728638727894] time[13] tag[omero.call.success.ome.logic.UpdateImpl.saveObject]
