2024-10-11 09:24:58,021 INFO  [                 org.perf4j.TimingLogger] (.Server-10) start[1728638698010] time[11] tag[omero.import.process.init]
2024-10-11 09:24:58,039 INFO  [         ome.security.basic.EventHandler] (.Server-10)  Auth:	user=0,group=0,event=28004(User),sess=83be404c-1957-46d4-a36b-f9feca68dcf3
2024-10-11 09:24:58,042 INFO  [       ome.security.basic.CurrentDetails] (.Server-10) Adding log:INSERT,class ome.model.jobs.UploadJob,3078
2024-10-11 09:24:58,043 INFO  [       ome.security.basic.CurrentDetails] (.Server-10) Adding log:INSERT,class ome.model.jobs.JobOriginalFileLink,4883
2024-10-11 09:24:58,055 INFO  [       ome.security.basic.CurrentDetails] (.Server-10) Adding log:INSERT,class ome.model.jobs.MetadataImportJob,3079
2024-10-11 09:24:58,067 INFO  [       ome.security.basic.CurrentDetails] (.Server-10) Adding log:INSERT,class ome.model.jobs.PixelDataJob,3080
2024-10-11 09:24:58,076 INFO  [       ome.security.basic.CurrentDetails] (.Server-10) Adding log:INSERT,class ome.model.jobs.ThumbnailGenerationJob,3081
2024-10-11 09:24:58,080 INFO  [       ome.security.basic.CurrentDetails] (.Server-10) Adding log:INSERT,class ome.model.jobs.IndexingJob,3082
2024-10-11 09:24:58,084 INFO  [                 org.perf4j.TimingLogger] (.Server-10) start[1728638698084] time[0] tag[omero.repo.internal_register.find_repo_files]
2024-10-11 09:24:58,094 INFO  [       ome.security.basic.CurrentDetails] (.Server-10) Adding log:INSERT,class ome.model.core.OriginalFile,3065
2024-10-11 09:24:58,095 INFO  [                 org.perf4j.TimingLogger] (.Server-10) start[1728638698092] time[2] tag[omero.repo.create_original_file.save]
2024-10-11 09:24:58,095 INFO  [                 org.perf4j.TimingLogger] (.Server-10) start[1728638698095] time[0] tag[omero.repo.create_original_file.internal_mkdir]
2024-10-11 09:24:58,095 INFO  [                 org.perf4j.TimingLogger] (.Server-10) start[1728638698095] time[0] tag[omero.repo.internal_register.load]
2024-10-11 09:24:58,096 INFO  [                 org.perf4j.TimingLogger] (.Server-10) start[1728638698096] time[0] tag[omero.repo.internal_register.sort]
2024-10-11 09:24:58,096 INFO  [                 org.perf4j.TimingLogger] (.Server-10) start[1728638698084] time[12] tag[omero.repo.save_fileset.register]
2024-10-11 09:24:58,096 INFO  [                 org.perf4j.TimingLogger] (.Server-10) start[1728638698096] time[0] tag[omero.repo.save_fileset.update_fileset_entries]
2024-10-11 09:24:58,098 INFO  [       ome.security.basic.CurrentDetails] (.Server-10) Adding log:INSERT,class ome.model.fs.Fileset,209
2024-10-11 09:24:58,099 INFO  [       ome.security.basic.CurrentDetails] (.Server-10) Adding log:INSERT,class ome.model.fs.FilesetJobLink,241
2024-10-11 09:24:58,099 INFO  [       ome.security.basic.CurrentDetails] (.Server-10) Adding log:INSERT,class ome.model.fs.FilesetJobLink,242
2024-10-11 09:24:58,100 INFO  [       ome.security.basic.CurrentDetails] (.Server-10) Adding log:INSERT,class ome.model.fs.FilesetJobLink,243
2024-10-11 09:24:58,100 INFO  [       ome.security.basic.CurrentDetails] (.Server-10) Adding log:INSERT,class ome.model.fs.FilesetJobLink,244
2024-10-11 09:24:58,100 INFO  [       ome.security.basic.CurrentDetails] (.Server-10) Adding log:INSERT,class ome.model.fs.FilesetJobLink,245
2024-10-11 09:24:58,101 INFO  [       ome.security.basic.CurrentDetails] (.Server-10) Adding log:INSERT,class ome.model.fs.FilesetEntry,209
2024-10-11 09:24:58,104 INFO  [                 org.perf4j.TimingLogger] (.Server-10) start[1728638698096] time[8] tag[omero.repo.save_fileset.save]
2024-10-11 09:24:58,110 INFO  [                 org.perf4j.TimingLogger] (.Server-10) start[1728638698022] time[87] tag[omero.call.success.ome.services.blitz.repo.RepositoryDaoImpl$8.doWork]
2024-10-11 09:24:58,111 INFO  [                 org.perf4j.TimingLogger] (.Server-10) start[1728638698022] time[88] tag[omero.repo.save_fileset]
2024-10-11 09:24:58,111 INFO  [                      omero.cmd.SessionI] (.Server-10) Added servant to adapter: 83be404c-1957-46d4-a36b-f9feca68dcf3/053be42e-b360-47ab-ad88-51817e7c3b57-ManagedImportProcessI(omero.grid._ImportProcessTie@7bf54ddf)
2024-10-11 09:24:58,111 DEBUG [                omero.util.ServantHolder] (.Server-10) Added omero.grid._ImportProcessTie@7bf54ddf to omero.util.ServantHolder@149b3864 as 053be42e-b360-47ab-ad88-51817e7c3b57-ManagedImportProcessI
2024-10-11 09:24:58,111 INFO  [                 org.perf4j.TimingLogger] (.Server-10) start[1728638698022] time[89] tag[omero.import.process.create]
2024-10-11 09:24:58,123 INFO  [         ome.security.basic.EventHandler] (.Server-12)  Auth:	user=0,group=0,event=null(User),sess=83be404c-1957-46d4-a36b-f9feca68dcf3
2024-10-11 09:24:58,126 INFO  [                 org.perf4j.TimingLogger] (.Server-12) start[1728638698120] time[5] tag[omero.call.success.ome.services.blitz.repo.RepositoryDaoImpl$2.doWork]
2024-10-11 09:24:58,128 INFO  [         ome.security.basic.EventHandler] (.Server-12)  Auth:	user=0,group=0,event=null(User),sess=83be404c-1957-46d4-a36b-f9feca68dcf3
2024-10-11 09:24:58,130 INFO  [                 org.perf4j.TimingLogger] (.Server-12) start[1728638698126] time[3] tag[omero.call.success.ome.services.blitz.repo.RepositoryDaoImpl$4.doWork]
2024-10-11 09:24:58,132 INFO  [         ome.security.basic.EventHandler] (.Server-12)  Auth:	user=0,group=0,event=null(User),sess=83be404c-1957-46d4-a36b-f9feca68dcf3
2024-10-11 09:24:58,137 INFO  [                 org.perf4j.TimingLogger] (.Server-12) start[1728638698130] time[6] tag[omero.call.success.ome.services.blitz.repo.RepositoryDaoImpl$6.doWork]
2024-10-11 09:24:58,138 INFO  [    ome.security.basic.BasicEventContext] (.Server-12)  cctx:	group=0
2024-10-11 09:24:58,139 INFO  [         ome.security.basic.EventHandler] (.Server-12)  Auth:	user=0,group=0,event=null(User),sess=83be404c-1957-46d4-a36b-f9feca68dcf3
2024-10-11 09:24:58,141 INFO  [                 org.perf4j.TimingLogger] (.Server-12) start[1728638698137] time[3] tag[omero.call.success.ome.services.blitz.repo.RepositoryDaoImpl$1.doWork]
2024-10-11 09:24:58,141 INFO  [                      omero.cmd.SessionI] (.Server-12) Added servant to adapter: 83be404c-1957-46d4-a36b-f9feca68dcf3/a041dda8-900b-4f29-906d-8e49ba00a183-RepoRawFileStoreI(omero.api._RawFileStoreTie@64279213)
2024-10-11 09:24:58,142 DEBUG [                omero.util.ServantHolder] (.Server-12) Added omero.api._RawFileStoreTie@64279213 to omero.util.ServantHolder@149b3864 as a041dda8-900b-4f29-906d-8e49ba00a183-RepoRawFileStoreI
2024-10-11 09:24:58,142 INFO  [                 org.perf4j.TimingLogger] (.Server-12) start[1728638698119] time[22] tag[omero.import.process.opener]
2024-10-11 09:24:58,142 INFO  [                 org.perf4j.TimingLogger] (.Server-12) start[1728638698119] time[22] tag[omero.import.process.uploader]
2024-10-11 09:24:58,146 INFO  [         ome.security.basic.EventHandler] (.Server-15)  Auth:	user=0,group=0,event=null(User),sess=83be404c-1957-46d4-a36b-f9feca68dcf3
2024-10-11 09:24:58,147 INFO  [                 org.perf4j.TimingLogger] (.Server-15) start[1728638698145] time[1] tag[omero.call.success.ome.services.RawFileBean.write]
2024-10-11 09:24:58,194 INFO  [         ome.security.basic.EventHandler] (.Server-11)  Auth:	user=0,group=0,event=null(User),sess=83be404c-1957-46d4-a36b-f9feca68dcf3
2024-10-11 09:24:58,212 INFO  [                 org.perf4j.TimingLogger] (.Server-11) start[1728638698193] time[18] tag[omero.call.success.ome.services.RawFileBean.write]
2024-10-11 09:24:58,272 INFO  [         ome.security.basic.EventHandler] (.Server-13)  Auth:	user=0,group=0,event=null(User),sess=83be404c-1957-46d4-a36b-f9feca68dcf3
2024-10-11 09:24:58,282 INFO  [                 org.perf4j.TimingLogger] (.Server-13) start[1728638698271] time[10] tag[omero.call.success.ome.services.RawFileBean.write]
2024-10-11 09:24:58,344 INFO  [         ome.security.basic.EventHandler] (l.Server-9)  Auth:	user=0,group=0,event=null(User),sess=83be404c-1957-46d4-a36b-f9feca68dcf3
2024-10-11 09:24:58,351 INFO  [                 org.perf4j.TimingLogger] (l.Server-9) start[1728638698342] time[8] tag[omero.call.success.ome.services.RawFileBean.write]
2024-10-11 09:24:58,400 INFO  [         ome.security.basic.EventHandler] (l.Server-4)  Auth:	user=0,group=0,event=null(User),sess=83be404c-1957-46d4-a36b-f9feca68dcf3
2024-10-11 09:24:58,407 INFO  [                 org.perf4j.TimingLogger] (l.Server-4) start[1728638698398] time[8] tag[omero.call.success.ome.services.RawFileBean.write]
2024-10-11 09:24:58,462 INFO  [         ome.security.basic.EventHandler] (.Server-10)  Auth:	user=0,group=0,event=null(User),sess=83be404c-1957-46d4-a36b-f9feca68dcf3
2024-10-11 09:24:58,469 INFO  [                 org.perf4j.TimingLogger] (.Server-10) start[1728638698460] time[9] tag[omero.call.success.ome.services.RawFileBean.write]
2024-10-11 09:24:58,522 INFO  [         ome.security.basic.EventHandler] (.Server-14)  Auth:	user=0,group=0,event=null(User),sess=83be404c-1957-46d4-a36b-f9feca68dcf3
2024-10-11 09:24:58,528 INFO  [                 org.perf4j.TimingLogger] (.Server-14) start[1728638698521] time[7] tag[omero.call.success.ome.services.RawFileBean.write]
2024-10-11 09:24:58,591 INFO  [         ome.security.basic.EventHandler] (.Server-12)  Auth:	user=0,group=0,event=null(User),sess=83be404c-1957-46d4-a36b-f9feca68dcf3
2024-10-11 09:24:58,598 INFO  [                 org.perf4j.TimingLogger] (.Server-12) start[1728638698587] time[11] tag[omero.call.success.ome.services.RawFileBean.write]
2024-10-11 09:24:58,621 INFO  [         ome.security.basic.EventHandler] (.Server-15)  Auth:	user=0,group=0,event=null(User),sess=83be404c-1957-46d4-a36b-f9feca68dcf3
2024-10-11 09:24:58,624 INFO  [                 org.perf4j.TimingLogger] (.Server-15) start[1728638698619] time[4] tag[omero.call.success.ome.services.RawFileBean.write]
2024-10-11 09:24:58,631 INFO  [         ome.security.basic.EventHandler] (.Server-11)  Auth:	user=0,group=0,event=28005(User),sess=83be404c-1957-46d4-a36b-f9feca68dcf3
2024-10-11 09:24:58,660 INFO  [                 org.perf4j.TimingLogger] (.Server-11) start[1728638698631] time[28] tag[omero.services.file.flush]
2024-10-11 09:24:58,691 INFO  [                 org.perf4j.TimingLogger] (.Server-11) start[1728638698661] time[30] tag[omero.services.file.checksum]
2024-10-11 09:24:58,692 INFO  [       ome.security.basic.CurrentDetails] (.Server-11) Adding log:UPDATE,class ome.model.core.OriginalFile,3065
2024-10-11 09:24:58,693 INFO  [                 org.perf4j.TimingLogger] (.Server-11) start[1728638698691] time[2] tag[omero.services.file.finalize]
2024-10-11 09:24:58,701 INFO  [                 org.perf4j.TimingLogger] (.Server-11) start[1728638698627] time[74] tag[omero.call.success.ome.services.RawFileBean.save]
2024-10-11 09:24:58,711 INFO  [         ome.security.basic.EventHandler] (.Server-13)  Auth:	user=0,group=0,event=28006(User),sess=83be404c-1957-46d4-a36b-f9feca68dcf3
2024-10-11 09:24:58,714 INFO  [                 org.perf4j.TimingLogger] (.Server-13) start[1728638698706] time[8] tag[omero.call.success.ome.services.RawFileBean.close]
2024-10-11 09:24:58,715 DEBUG [                omero.util.ServantHolder] (.Server-13) Removed omero.api._RawFileStoreTie@64279213 from omero.util.ServantHolder@149b3864 as a041dda8-900b-4f29-906d-8e49ba00a183-RepoRawFileStoreI
2024-10-11 09:24:58,715 INFO  [                      omero.cmd.SessionI] (.Server-13) Unregistered servant:83be404c-1957-46d4-a36b-f9feca68dcf3/a041dda8-900b-4f29-906d-8e49ba00a183-RepoRawFileStoreI(omero.api._RawFileStoreTie@64279213)
2024-10-11 09:24:58,718 INFO  [         ome.security.basic.EventHandler] (l.Server-9)  Auth:	user=0,group=0,event=null(User),sess=83be404c-1957-46d4-a36b-f9feca68dcf3
2024-10-11 09:24:58,719 INFO  [                 org.perf4j.TimingLogger] (l.Server-9) start[1728638698716] time[2] tag[omero.call.success.ome.services.blitz.impl.ServiceFactoryI$3.doWork]
2024-10-11 09:24:58,724 INFO  [                 org.perf4j.TimingLogger] (l.Server-9) start[1728638698719] time[4] tag[omero.import.process.checksum]
2024-10-11 09:24:58,730 INFO  [         ome.security.basic.EventHandler] (l.Server-9)  Auth:	user=0,group=0,event=28007(User),sess=83be404c-1957-46d4-a36b-f9feca68dcf3
2024-10-11 09:24:58,736 INFO  [       ome.security.basic.CurrentDetails] (l.Server-9) Adding log:UPDATE,class ome.model.jobs.UploadJob,3078
2024-10-11 09:24:58,742 INFO  [                 org.perf4j.TimingLogger] (l.Server-9) start[1728638698724] time[17] tag[omero.call.success.ome.services.blitz.repo.RepositoryDaoImpl$12.doWork]
2024-10-11 09:24:58,744 INFO  [         ome.security.basic.EventHandler] (l.Server-9)  Auth:	user=0,group=0,event=null(User),sess=83be404c-1957-46d4-a36b-f9feca68dcf3
2024-10-11 09:24:58,746 INFO  [                 org.perf4j.TimingLogger] (l.Server-9) start[1728638698742] time[4] tag[omero.call.success.ome.services.blitz.repo.RepositoryDaoImpl$2.doWork]
2024-10-11 09:24:58,748 INFO  [         ome.security.basic.EventHandler] (l.Server-9)  Auth:	user=0,group=0,event=null(User),sess=83be404c-1957-46d4-a36b-f9feca68dcf3
2024-10-11 09:24:58,756 INFO  [                 org.perf4j.TimingLogger] (l.Server-9) start[1728638698747] time[9] tag[omero.call.success.ome.services.blitz.repo.RepositoryDaoImpl$4.doWork]
2024-10-11 09:24:58,756 INFO  [       ome.formats.importer.ImportConfig] (l.Server-9) OMERO.blitz Version: 5.7.3
2024-10-11 09:24:58,756 INFO  [       ome.formats.importer.ImportConfig] (l.Server-9) Bioformats version: 7.3.0 revision: acc4b6de79e55275b5e6c8200f8458f6d93c9ba0 date: 18 April 2024
2024-10-11 09:24:58,757 INFO  [                      omero.cmd.SessionI] (l.Server-9) Added servant to adapter: 83be404c-1957-46d4-a36b-f9feca68dcf3/IHandled2cd7db9-a0b2-4e1b-b051-1f197d5f6a06(omero.cmd._HandleTie@3a43e852)
2024-10-11 09:24:58,757 DEBUG [                omero.util.ServantHolder] (l.Server-9) Added omero.cmd._HandleTie@3a43e852 to omero.util.ServantHolder@149b3864 as IHandled2cd7db9-a0b2-4e1b-b051-1f197d5f6a06
2024-10-11 09:24:58,758 INFO  [                 org.perf4j.TimingLogger] (l.Server-9) start[1728638698758] time[0] tag[omero.background.submit]
2024-10-11 09:24:58,758 INFO  [                 org.perf4j.TimingLogger] (l.Server-9) start[1728638698724] time[33] tag[omero.import.process.submit]
2024-10-11 09:24:58,760 DEBUG [                omero.util.ServantHolder] (.Server-15) Removed omero.grid._ImportProcessTie@7bf54ddf from omero.util.ServantHolder@149b3864 as 053be42e-b360-47ab-ad88-51817e7c3b57-ManagedImportProcessI
2024-10-11 09:24:58,760 INFO  [                      omero.cmd.SessionI] (.Server-15) Unregistered servant:83be404c-1957-46d4-a36b-f9feca68dcf3/053be42e-b360-47ab-ad88-51817e7c3b57-ManagedImportProcessI(omero.grid._ImportProcessTie@7bf54ddf)
2024-10-11 09:24:58,772 INFO  [    ome.formats.OMEROMetadataStoreClient] (2-thread-6) Call context: {omero.group:0}
2024-10-11 09:24:58,772 INFO  [    ome.formats.OMEROMetadataStoreClient] (2-thread-6) Call context: {omero.logfilename:root_0/2024-10/11/09-24-57.906.log}
2024-10-11 09:24:58,777 INFO  [    ome.security.basic.BasicEventContext] (.Server-10)  cctx:	group=0
2024-10-11 09:24:58,778 INFO  [         ome.security.basic.EventHandler] (.Server-10)  Auth:	user=0,group=0,event=null(User),sess=83be404c-1957-46d4-a36b-f9feca68dcf3
2024-10-11 09:24:58,787 INFO  [                 org.perf4j.TimingLogger] (.Server-10) start[1728638698776] time[11] tag[omero.call.success.ome.logic.AdminImpl.getEventContext]
2024-10-11 09:24:58,819 INFO  [    ome.formats.OMEROMetadataStoreClient] (2-thread-6) Pinging session every 300s.
2024-10-11 09:24:58,845 INFO  [                loci.formats.ImageReader] (2-thread-6) IonpathMIBITiffReader initializing /OMERO/ManagedRepository/root_0/2024-10/11/09-24-57.906/TA459_multipleCores2_Run-4_Point31.tiff
2024-10-11 09:24:58,845 INFO  [       loci.formats.in.MinimalTiffReader] (2-thread-6) Reading IFDs
2024-10-11 09:24:58,847 INFO  [       loci.formats.in.MinimalTiffReader] (2-thread-6) Populating metadata
2024-10-11 09:24:58,850 INFO  [          loci.formats.in.BaseTiffReader] (2-thread-6) Populating OME metadata
2024-10-11 09:24:58,856 INFO  [    ome.security.basic.BasicEventContext] (.Server-10)  cctx:	group=0
2024-10-11 09:24:58,860 INFO  [         ome.security.basic.EventHandler] (.Server-10)  Auth:	user=0,group=0,event=null(User),sess=83be404c-1957-46d4-a36b-f9feca68dcf3
2024-10-11 09:24:58,863 INFO  [                 org.perf4j.TimingLogger] (.Server-10) start[1728638698855] time[8] tag[omero.call.success.ome.logic.QueryImpl.findAll]
2024-10-11 09:24:58,868 INFO  [    ome.security.basic.BasicEventContext] (.Server-11)  cctx:	group=0
2024-10-11 09:24:58,870 INFO  [         ome.security.basic.EventHandler] (.Server-11)  Auth:	user=0,group=0,event=null(User),sess=83be404c-1957-46d4-a36b-f9feca68dcf3
2024-10-11 09:24:58,871 INFO  [                 org.perf4j.TimingLogger] (.Server-11) start[1728638698867] time[3] tag[omero.call.success.ome.logic.QueryImpl.findAll]
2024-10-11 09:24:58,873 INFO  [    ome.security.basic.BasicEventContext] (.Server-13)  cctx:	group=0
2024-10-11 09:24:58,874 INFO  [         ome.security.basic.EventHandler] (.Server-13)  Auth:	user=0,group=0,event=null(User),sess=83be404c-1957-46d4-a36b-f9feca68dcf3
2024-10-11 09:24:58,875 INFO  [                 org.perf4j.TimingLogger] (.Server-13) start[1728638698872] time[3] tag[omero.call.success.ome.logic.QueryImpl.findAll]
2024-10-11 09:24:58,877 INFO  [    ome.security.basic.BasicEventContext] (l.Server-4)  cctx:	group=0
2024-10-11 09:24:58,878 INFO  [         ome.security.basic.EventHandler] (l.Server-4)  Auth:	user=0,group=0,event=null(User),sess=83be404c-1957-46d4-a36b-f9feca68dcf3
2024-10-11 09:24:58,880 INFO  [                 org.perf4j.TimingLogger] (l.Server-4) start[1728638698876] time[3] tag[omero.call.success.ome.logic.QueryImpl.findAll]
2024-10-11 09:24:58,920 DEBUG [                   loci.formats.Memoizer] (2-thread-6) saved to temp file: /OMERO/BioFormatsCache/OMERO/ManagedRepository/root_0/2024-10/11/09-24-57.906/.TA459_multipleCores2_Run-4_Point31.tiff.bfmemo8695646782105778282
2024-10-11 09:24:58,920 DEBUG [                   loci.formats.Memoizer] (2-thread-6) start[1728638698908] time[11] tag[loci.formats.Memoizer.saveMemo]
2024-10-11 09:24:58,920 DEBUG [                   loci.formats.Memoizer] (2-thread-6) saved memo file: /OMERO/BioFormatsCache/OMERO/ManagedRepository/root_0/2024-10/11/09-24-57.906/.TA459_multipleCores2_Run-4_Point31.tiff.bfmemo (50738 bytes)
2024-10-11 09:24:58,920 DEBUG [                   loci.formats.Memoizer] (2-thread-6) start[1728638698820] time[100] tag[loci.formats.Memoizer.setId]
2024-10-11 09:24:58,920 DEBUG [    o.s.blitz.repo.ManagedImportRequestI] (2-thread-6) Image Count: 44
2024-10-11 09:24:58,921 INFO  [    o.s.blitz.repo.ManagedImportRequestI] (2-thread-6) File format: Ionpath MIBI
2024-10-11 09:24:58,921 INFO  [    o.s.blitz.repo.ManagedImportRequestI] (2-thread-6) Base reader: loci.formats.in.IonpathMIBITiffReader
2024-10-11 09:24:58,921 INFO  [                 org.perf4j.TimingLogger] (2-thread-6) start[1728638698770] time[150] tag[omero.import.request.init]
2024-10-11 09:24:58,921 DEBUG [    o.s.blitz.repo.ManagedImportRequestI] (2-thread-6) Step 0
2024-10-11 09:24:58,923 WARN  [    ome.formats.model.ReferenceProcessor] (2-thread-6) Unknown target class for LSID: Image:SIMS
2024-10-11 09:24:58,923 INFO  [    ome.formats.OMEROMetadataStoreClient] (2-thread-6) Handling # of containers: 91
2024-10-11 09:24:58,925 INFO  [    ome.security.basic.BasicEventContext] (l.Server-9)  cctx:	group=0
2024-10-11 09:24:58,927 INFO  [         ome.security.basic.EventHandler] (l.Server-9)  Auth:	user=0,group=0,event=null(User),sess=83be404c-1957-46d4-a36b-f9feca68dcf3
2024-10-11 09:24:58,928 INFO  [                 org.perf4j.TimingLogger] (l.Server-9) start[1728638698924] time[3] tag[omero.call.success.ome.services.blitz.impl.MetadataStoreI$4.doWork]
2024-10-11 09:24:58,929 INFO  [    ome.formats.OMEROMetadataStoreClient] (2-thread-6) Handling # of references: 1
2024-10-11 09:24:58,930 INFO  [    ome.security.basic.BasicEventContext] (.Server-15)  cctx:	group=0
2024-10-11 09:24:58,931 INFO  [         ome.security.basic.EventHandler] (.Server-15)  Auth:	user=0,group=0,event=null(User),sess=83be404c-1957-46d4-a36b-f9feca68dcf3
2024-10-11 09:24:58,932 INFO  [                 org.perf4j.TimingLogger] (.Server-15) start[1728638698929] time[2] tag[omero.call.success.ome.services.blitz.impl.MetadataStoreI$5.doWork]
2024-10-11 09:24:58,934 INFO  [    ome.security.basic.BasicEventContext] (.Server-10)  cctx:	group=0
2024-10-11 09:24:58,939 INFO  [         ome.security.basic.EventHandler] (.Server-10)  Auth:	user=0,group=0,event=28014(User),sess=83be404c-1957-46d4-a36b-f9feca68dcf3
2024-10-11 09:24:58,951 INFO  [       ome.security.basic.CurrentDetails] (.Server-10) Adding log:INSERT,class ome.model.core.Image,209
2024-10-11 09:24:58,953 INFO  [       ome.security.basic.CurrentDetails] (.Server-10) Adding log:INSERT,class ome.model.containers.DatasetImageLink,209
2024-10-11 09:24:58,955 INFO  [       ome.security.basic.CurrentDetails] (.Server-10) Adding log:INSERT,class ome.model.core.Pixels,209
2024-10-11 09:24:58,957 INFO  [       ome.security.basic.CurrentDetails] (.Server-10) Adding log:INSERT,class ome.model.core.LogicalChannel,903
2024-10-11 09:24:58,965 INFO  [       ome.security.basic.CurrentDetails] (.Server-10) Adding log:INSERT,class ome.model.core.Channel,903
2024-10-11 09:24:58,966 INFO  [       ome.security.basic.CurrentDetails] (.Server-10) Adding log:INSERT,class ome.model.core.LogicalChannel,904
2024-10-11 09:24:58,966 INFO  [       ome.security.basic.CurrentDetails] (.Server-10) Adding log:INSERT,class ome.model.core.Channel,904
2024-10-11 09:24:58,967 INFO  [       ome.security.basic.CurrentDetails] (.Server-10) Adding log:INSERT,class ome.model.core.LogicalChannel,905
2024-10-11 09:24:58,968 INFO  [       ome.security.basic.CurrentDetails] (.Server-10) Adding log:INSERT,class ome.model.core.Channel,905
2024-10-11 09:24:58,968 INFO  [       ome.security.basic.CurrentDetails] (.Server-10) Adding log:INSERT,class ome.model.core.LogicalChannel,906
2024-10-11 09:24:58,969 INFO  [       ome.security.basic.CurrentDetails] (.Server-10) Adding log:INSERT,class ome.model.core.Channel,906
2024-10-11 09:24:58,970 INFO  [       ome.security.basic.CurrentDetails] (.Server-10) Adding log:INSERT,class ome.model.core.LogicalChannel,907
2024-10-11 09:24:58,970 INFO  [       ome.security.basic.CurrentDetails] (.Server-10) Adding log:INSERT,class ome.model.core.Channel,907
2024-10-11 09:24:58,971 INFO  [       ome.security.basic.CurrentDetails] (.Server-10) Adding log:INSERT,class ome.model.core.LogicalChannel,908
2024-10-11 09:24:58,972 INFO  [       ome.security.basic.CurrentDetails] (.Server-10) Adding log:INSERT,class ome.model.core.Channel,908
2024-10-11 09:24:58,972 INFO  [       ome.security.basic.CurrentDetails] (.Server-10) Adding log:INSERT,class ome.model.core.LogicalChannel,909
2024-10-11 09:24:58,973 INFO  [       ome.security.basic.CurrentDetails] (.Server-10) Adding log:INSERT,class ome.model.core.Channel,909
2024-10-11 09:24:58,973 INFO  [       ome.security.basic.CurrentDetails] (.Server-10) Adding log:INSERT,class ome.model.core.LogicalChannel,910
2024-10-11 09:24:58,974 INFO  [       ome.security.basic.CurrentDetails] (.Server-10) Adding log:INSERT,class ome.model.core.Channel,910
2024-10-11 09:24:58,974 INFO  [       ome.security.basic.CurrentDetails] (.Server-10) Adding log:INSERT,class ome.model.core.LogicalChannel,911
2024-10-11 09:24:58,975 INFO  [       ome.security.basic.CurrentDetails] (.Server-10) Adding log:INSERT,class ome.model.core.Channel,911
2024-10-11 09:24:58,975 INFO  [       ome.security.basic.CurrentDetails] (.Server-10) Adding log:INSERT,class ome.model.core.LogicalChannel,912
2024-10-11 09:24:58,976 INFO  [       ome.security.basic.CurrentDetails] (.Server-10) Adding log:INSERT,class ome.model.core.Channel,912
2024-10-11 09:24:58,976 INFO  [       ome.security.basic.CurrentDetails] (.Server-10) Adding log:INSERT,class ome.model.core.LogicalChannel,913
2024-10-11 09:24:58,976 INFO  [       ome.security.basic.CurrentDetails] (.Server-10) Adding log:INSERT,class ome.model.core.Channel,913
2024-10-11 09:24:58,977 INFO  [       ome.security.basic.CurrentDetails] (.Server-10) Adding log:INSERT,class ome.model.core.LogicalChannel,914
2024-10-11 09:24:58,977 INFO  [       ome.security.basic.CurrentDetails] (.Server-10) Adding log:INSERT,class ome.model.core.Channel,914
2024-10-11 09:24:58,978 INFO  [       ome.security.basic.CurrentDetails] (.Server-10) Adding log:INSERT,class ome.model.core.LogicalChannel,915
2024-10-11 09:24:58,978 INFO  [       ome.security.basic.CurrentDetails] (.Server-10) Adding log:INSERT,class ome.model.core.Channel,915
2024-10-11 09:24:58,979 INFO  [       ome.security.basic.CurrentDetails] (.Server-10) Adding log:INSERT,class ome.model.core.LogicalChannel,916
2024-10-11 09:24:58,979 INFO  [       ome.security.basic.CurrentDetails] (.Server-10) Adding log:INSERT,class ome.model.core.Channel,916
2024-10-11 09:24:58,979 INFO  [       ome.security.basic.CurrentDetails] (.Server-10) Adding log:INSERT,class ome.model.core.LogicalChannel,917
2024-10-11 09:24:58,980 INFO  [       ome.security.basic.CurrentDetails] (.Server-10) Adding log:INSERT,class ome.model.core.Channel,917
2024-10-11 09:24:58,981 INFO  [       ome.security.basic.CurrentDetails] (.Server-10) Adding log:INSERT,class ome.model.core.LogicalChannel,918
2024-10-11 09:24:58,981 INFO  [       ome.security.basic.CurrentDetails] (.Server-10) Adding log:INSERT,class ome.model.core.Channel,918
2024-10-11 09:24:58,982 INFO  [       ome.security.basic.CurrentDetails] (.Server-10) Adding log:INSERT,class ome.model.core.LogicalChannel,919
2024-10-11 09:24:58,982 INFO  [       ome.security.basic.CurrentDetails] (.Server-10) Adding log:INSERT,class ome.model.core.Channel,919
2024-10-11 09:24:58,983 INFO  [       ome.security.basic.CurrentDetails] (.Server-10) Adding log:INSERT,class ome.model.core.LogicalChannel,920
2024-10-11 09:24:58,983 INFO  [       ome.security.basic.CurrentDetails] (.Server-10) Adding log:INSERT,class ome.model.core.Channel,920
2024-10-11 09:24:58,984 INFO  [       ome.security.basic.CurrentDetails] (.Server-10) Adding log:INSERT,class ome.model.core.LogicalChannel,921
2024-10-11 09:24:58,984 INFO  [       ome.security.basic.CurrentDetails] (.Server-10) Adding log:INSERT,class ome.model.core.Channel,921
2024-10-11 09:24:58,985 INFO  [       ome.security.basic.CurrentDetails] (.Server-10) Adding log:INSERT,class ome.model.core.LogicalChannel,922
2024-10-11 09:24:58,985 INFO  [       ome.security.basic.CurrentDetails] (.Server-10) Adding log:INSERT,class ome.model.core.Channel,922
2024-10-11 09:24:58,986 INFO  [       ome.security.basic.CurrentDetails] (.Server-10) Adding log:INSERT,class ome.model.core.LogicalChannel,923
2024-10-11 09:24:58,987 INFO  [       ome.security.basic.CurrentDetails] (.Server-10) Adding log:INSERT,class ome.model.core.Channel,923
2024-10-11 09:24:58,987 INFO  [       ome.security.basic.CurrentDetails] (.Server-10) Adding log:INSERT,class ome.model.core.LogicalChannel,924
2024-10-11 09:24:58,988 INFO  [       ome.security.basic.CurrentDetails] (.Server-10) Adding log:INSERT,class ome.model.core.Channel,924
2024-10-11 09:24:58,988 INFO  [       ome.security.basic.CurrentDetails] (.Server-10) Adding log:INSERT,class ome.model.core.LogicalChannel,925
2024-10-11 09:24:58,988 INFO  [       ome.security.basic.CurrentDetails] (.Server-10) Adding log:INSERT,class ome.model.core.Channel,925
2024-10-11 09:24:58,989 INFO  [       ome.security.basic.CurrentDetails] (.Server-10) Adding log:INSERT,class ome.model.core.LogicalChannel,926
2024-10-11 09:24:58,989 INFO  [       ome.security.basic.CurrentDetails] (.Server-10) Adding log:INSERT,class ome.model.core.Channel,926
2024-10-11 09:24:58,989 INFO  [       ome.security.basic.CurrentDetails] (.Server-10) Adding log:INSERT,class ome.model.core.LogicalChannel,927
2024-10-11 09:24:58,990 INFO  [       ome.security.basic.CurrentDetails] (.Server-10) Adding log:INSERT,class ome.model.core.Channel,927
2024-10-11 09:24:58,991 INFO  [       ome.security.basic.CurrentDetails] (.Server-10) Adding log:INSERT,class ome.model.core.LogicalChannel,928
2024-10-11 09:24:58,991 INFO  [       ome.security.basic.CurrentDetails] (.Server-10) Adding log:INSERT,class ome.model.core.Channel,928
2024-10-11 09:24:58,992 INFO  [       ome.security.basic.CurrentDetails] (.Server-10) Adding log:INSERT,class ome.model.core.LogicalChannel,929
2024-10-11 09:24:58,992 INFO  [       ome.security.basic.CurrentDetails] (.Server-10) Adding log:INSERT,class ome.model.core.Channel,929
2024-10-11 09:24:58,993 INFO  [       ome.security.basic.CurrentDetails] (.Server-10) Adding log:INSERT,class ome.model.core.LogicalChannel,930
2024-10-11 09:24:58,993 INFO  [       ome.security.basic.CurrentDetails] (.Server-10) Adding log:INSERT,class ome.model.core.Channel,930
2024-10-11 09:24:58,993 INFO  [       ome.security.basic.CurrentDetails] (.Server-10) Adding log:INSERT,class ome.model.core.LogicalChannel,931
2024-10-11 09:24:58,994 INFO  [       ome.security.basic.CurrentDetails] (.Server-10) Adding log:INSERT,class ome.model.core.Channel,931
2024-10-11 09:24:58,994 INFO  [       ome.security.basic.CurrentDetails] (.Server-10) Adding log:INSERT,class ome.model.core.LogicalChannel,932
2024-10-11 09:24:58,994 INFO  [       ome.security.basic.CurrentDetails] (.Server-10) Adding log:INSERT,class ome.model.core.Channel,932
2024-10-11 09:24:58,995 INFO  [       ome.security.basic.CurrentDetails] (.Server-10) Adding log:INSERT,class ome.model.core.LogicalChannel,933
2024-10-11 09:24:58,995 INFO  [       ome.security.basic.CurrentDetails] (.Server-10) Adding log:INSERT,class ome.model.core.Channel,933
2024-10-11 09:24:58,996 INFO  [       ome.security.basic.CurrentDetails] (.Server-10) Adding log:INSERT,class ome.model.core.LogicalChannel,934
2024-10-11 09:24:58,996 INFO  [       ome.security.basic.CurrentDetails] (.Server-10) Adding log:INSERT,class ome.model.core.Channel,934
2024-10-11 09:24:58,997 INFO  [       ome.security.basic.CurrentDetails] (.Server-10) Adding log:INSERT,class ome.model.core.LogicalChannel,935
2024-10-11 09:24:58,997 INFO  [       ome.security.basic.CurrentDetails] (.Server-10) Adding log:INSERT,class ome.model.core.Channel,935
2024-10-11 09:24:58,997 INFO  [       ome.security.basic.CurrentDetails] (.Server-10) Adding log:INSERT,class ome.model.core.LogicalChannel,936
2024-10-11 09:24:58,998 INFO  [       ome.security.basic.CurrentDetails] (.Server-10) Adding log:INSERT,class ome.model.core.Channel,936
2024-10-11 09:24:58,998 INFO  [       ome.security.basic.CurrentDetails] (.Server-10) Adding log:INSERT,class ome.model.core.LogicalChannel,937
2024-10-11 09:24:58,998 INFO  [       ome.security.basic.CurrentDetails] (.Server-10) Adding log:INSERT,class ome.model.core.Channel,937
2024-10-11 09:24:58,999 INFO  [       ome.security.basic.CurrentDetails] (.Server-10) Adding log:INSERT,class ome.model.core.LogicalChannel,938
2024-10-11 09:24:58,999 INFO  [       ome.security.basic.CurrentDetails] (.Server-10) Adding log:INSERT,class ome.model.core.Channel,938
2024-10-11 09:24:58,999 INFO  [       ome.security.basic.CurrentDetails] (.Server-10) Adding log:INSERT,class ome.model.core.LogicalChannel,939
2024-10-11 09:24:59,000 INFO  [       ome.security.basic.CurrentDetails] (.Server-10) Adding log:INSERT,class ome.model.core.Channel,939
2024-10-11 09:24:59,000 INFO  [       ome.security.basic.CurrentDetails] (.Server-10) Adding log:INSERT,class ome.model.core.LogicalChannel,940
2024-10-11 09:24:59,001 INFO  [       ome.security.basic.CurrentDetails] (.Server-10) Adding log:INSERT,class ome.model.core.Channel,940
2024-10-11 09:24:59,001 INFO  [       ome.security.basic.CurrentDetails] (.Server-10) Adding log:INSERT,class ome.model.core.LogicalChannel,941
2024-10-11 09:24:59,002 INFO  [       ome.security.basic.CurrentDetails] (.Server-10) Adding log:INSERT,class ome.model.core.Channel,941
2024-10-11 09:24:59,002 INFO  [       ome.security.basic.CurrentDetails] (.Server-10) Adding log:INSERT,class ome.model.core.LogicalChannel,942
2024-10-11 09:24:59,003 INFO  [       ome.security.basic.CurrentDetails] (.Server-10) Adding log:INSERT,class ome.model.core.Channel,942
2024-10-11 09:24:59,004 INFO  [       ome.security.basic.CurrentDetails] (.Server-10) Adding log:INSERT,class ome.model.core.LogicalChannel,943
2024-10-11 09:24:59,004 INFO  [       ome.security.basic.CurrentDetails] (.Server-10) Adding log:INSERT,class ome.model.core.Channel,943
2024-10-11 09:24:59,005 INFO  [       ome.security.basic.CurrentDetails] (.Server-10) Adding log:INSERT,class ome.model.core.LogicalChannel,944
2024-10-11 09:24:59,005 INFO  [       ome.security.basic.CurrentDetails] (.Server-10) Adding log:INSERT,class ome.model.core.Channel,944
2024-10-11 09:24:59,006 INFO  [       ome.security.basic.CurrentDetails] (.Server-10) Adding log:INSERT,class ome.model.core.LogicalChannel,945
2024-10-11 09:24:59,006 INFO  [       ome.security.basic.CurrentDetails] (.Server-10) Adding log:INSERT,class ome.model.core.Channel,945
2024-10-11 09:24:59,006 INFO  [       ome.security.basic.CurrentDetails] (.Server-10) Adding log:INSERT,class ome.model.core.LogicalChannel,946
2024-10-11 09:24:59,007 INFO  [       ome.security.basic.CurrentDetails] (.Server-10) Adding log:INSERT,class ome.model.core.Channel,946
2024-10-11 09:24:59,019 INFO  [                 org.perf4j.TimingLogger] (.Server-10) start[1728638698939] time[79] tag[omero.saveImportGraph]
2024-10-11 09:24:59,034 INFO  [                 org.perf4j.TimingLogger] (.Server-10) start[1728638698933] time[101] tag[omero.call.success.ome.services.blitz.impl.MetadataStoreI$3.doWork]
2024-10-11 09:24:59,038 INFO  [                 org.perf4j.TimingLogger] (2-thread-6) start[1728638698921] time[117] tag[omero.import.request.metadata]
2024-10-11 09:24:59,040 INFO  [    ome.security.basic.BasicEventContext] (.Server-15)  cctx:	group=0
2024-10-11 09:24:59,041 INFO  [         ome.security.basic.EventHandler] (.Server-15)  Auth:	user=0,group=0,event=null(User),sess=83be404c-1957-46d4-a36b-f9feca68dcf3
2024-10-11 09:24:59,043 INFO  [                 org.perf4j.TimingLogger] (.Server-15) start[1728638699040] time[3] tag[omero.call.success.ome.logic.QueryImpl.get]
2024-10-11 09:24:59,044 INFO  [    ome.security.basic.BasicEventContext] (.Server-14)  cctx:	group=0
2024-10-11 09:24:59,048 INFO  [         ome.security.basic.EventHandler] (.Server-14)  Auth:	user=0,group=0,event=28022(User),sess=83be404c-1957-46d4-a36b-f9feca68dcf3
2024-10-11 09:24:59,051 INFO  [       ome.security.basic.CurrentDetails] (.Server-14) Adding log:UPDATE,class ome.model.core.OriginalFile,3064
2024-10-11 09:24:59,968 INFO  [                 org.perf4j.TimingLogger] (.Server-14) start[1728638699044] time[924] tag[omero.call.success.ome.logic.UpdateImpl.saveObject]
2024-10-11 09:24:59,968 INFO  [                 org.perf4j.TimingLogger] (2-thread-6) start[1728638698921] time[1047] tag[omero.import.request.step]
2024-10-11 09:24:59,969 DEBUG [    o.s.blitz.repo.ManagedImportRequestI] (2-thread-6) Step 1
2024-10-11 09:24:59,969 DEBUG [    o.s.blitz.repo.ManagedImportRequestI] (2-thread-6) Plane:0 X:0 Y:0 TileWidth:2048 TileHeight:2048 arrayBuf.length:8388608
2024-10-11 09:25:00,109 DEBUG [    o.s.blitz.repo.ManagedImportRequestI] (2-thread-6) Plane:1 X:0 Y:0 TileWidth:2048 TileHeight:2048 arrayBuf.length:8388608
2024-10-11 09:25:00,192 DEBUG [    o.s.blitz.repo.ManagedImportRequestI] (2-thread-6) Plane:2 X:0 Y:0 TileWidth:2048 TileHeight:2048 arrayBuf.length:8388608
2024-10-11 09:25:00,263 DEBUG [    o.s.blitz.repo.ManagedImportRequestI] (2-thread-6) Plane:3 X:0 Y:0 TileWidth:2048 TileHeight:2048 arrayBuf.length:8388608
2024-10-11 09:25:00,393 DEBUG [    o.s.blitz.repo.ManagedImportRequestI] (2-thread-6) Plane:4 X:0 Y:0 TileWidth:2048 TileHeight:2048 arrayBuf.length:8388608
2024-10-11 09:25:00,460 DEBUG [    o.s.blitz.repo.ManagedImportRequestI] (2-thread-6) Plane:5 X:0 Y:0 TileWidth:2048 TileHeight:2048 arrayBuf.length:8388608
2024-10-11 09:25:00,518 DEBUG [    o.s.blitz.repo.ManagedImportRequestI] (2-thread-6) Plane:6 X:0 Y:0 TileWidth:2048 TileHeight:2048 arrayBuf.length:8388608
2024-10-11 09:25:00,578 DEBUG [    o.s.blitz.repo.ManagedImportRequestI] (2-thread-6) Plane:7 X:0 Y:0 TileWidth:2048 TileHeight:2048 arrayBuf.length:8388608
2024-10-11 09:25:00,667 DEBUG [    o.s.blitz.repo.ManagedImportRequestI] (2-thread-6) Plane:8 X:0 Y:0 TileWidth:2048 TileHeight:2048 arrayBuf.length:8388608
2024-10-11 09:25:00,728 DEBUG [    o.s.blitz.repo.ManagedImportRequestI] (2-thread-6) Plane:9 X:0 Y:0 TileWidth:2048 TileHeight:2048 arrayBuf.length:8388608
2024-10-11 09:25:00,788 DEBUG [    o.s.blitz.repo.ManagedImportRequestI] (2-thread-6) Plane:10 X:0 Y:0 TileWidth:2048 TileHeight:2048 arrayBuf.length:8388608
2024-10-11 09:25:00,856 DEBUG [    o.s.blitz.repo.ManagedImportRequestI] (2-thread-6) Plane:11 X:0 Y:0 TileWidth:2048 TileHeight:2048 arrayBuf.length:8388608
2024-10-11 09:25:00,919 DEBUG [    o.s.blitz.repo.ManagedImportRequestI] (2-thread-6) Plane:12 X:0 Y:0 TileWidth:2048 TileHeight:2048 arrayBuf.length:8388608
2024-10-11 09:25:00,980 DEBUG [    o.s.blitz.repo.ManagedImportRequestI] (2-thread-6) Plane:13 X:0 Y:0 TileWidth:2048 TileHeight:2048 arrayBuf.length:8388608
2024-10-11 09:25:01,039 DEBUG [    o.s.blitz.repo.ManagedImportRequestI] (2-thread-6) Plane:14 X:0 Y:0 TileWidth:2048 TileHeight:2048 arrayBuf.length:8388608
2024-10-11 09:25:01,151 DEBUG [    o.s.blitz.repo.ManagedImportRequestI] (2-thread-6) Plane:15 X:0 Y:0 TileWidth:2048 TileHeight:2048 arrayBuf.length:8388608
2024-10-11 09:25:01,221 DEBUG [    o.s.blitz.repo.ManagedImportRequestI] (2-thread-6) Plane:16 X:0 Y:0 TileWidth:2048 TileHeight:2048 arrayBuf.length:8388608
2024-10-11 09:25:01,282 DEBUG [    o.s.blitz.repo.ManagedImportRequestI] (2-thread-6) Plane:17 X:0 Y:0 TileWidth:2048 TileHeight:2048 arrayBuf.length:8388608
2024-10-11 09:25:01,342 DEBUG [    o.s.blitz.repo.ManagedImportRequestI] (2-thread-6) Plane:18 X:0 Y:0 TileWidth:2048 TileHeight:2048 arrayBuf.length:8388608
2024-10-11 09:25:01,395 DEBUG [    o.s.blitz.repo.ManagedImportRequestI] (2-thread-6) Plane:19 X:0 Y:0 TileWidth:2048 TileHeight:2048 arrayBuf.length:8388608
2024-10-11 09:25:01,480 DEBUG [    o.s.blitz.repo.ManagedImportRequestI] (2-thread-6) Plane:20 X:0 Y:0 TileWidth:2048 TileHeight:2048 arrayBuf.length:8388608
2024-10-11 09:25:01,548 DEBUG [    o.s.blitz.repo.ManagedImportRequestI] (2-thread-6) Plane:21 X:0 Y:0 TileWidth:2048 TileHeight:2048 arrayBuf.length:8388608
2024-10-11 09:25:01,608 DEBUG [    o.s.blitz.repo.ManagedImportRequestI] (2-thread-6) Plane:22 X:0 Y:0 TileWidth:2048 TileHeight:2048 arrayBuf.length:8388608
2024-10-11 09:25:01,668 DEBUG [    o.s.blitz.repo.ManagedImportRequestI] (2-thread-6) Plane:23 X:0 Y:0 TileWidth:2048 TileHeight:2048 arrayBuf.length:8388608
2024-10-11 09:25:01,723 DEBUG [    o.s.blitz.repo.ManagedImportRequestI] (2-thread-6) Plane:24 X:0 Y:0 TileWidth:2048 TileHeight:2048 arrayBuf.length:8388608
2024-10-11 09:25:01,803 DEBUG [    o.s.blitz.repo.ManagedImportRequestI] (2-thread-6) Plane:25 X:0 Y:0 TileWidth:2048 TileHeight:2048 arrayBuf.length:8388608
2024-10-11 09:25:01,855 DEBUG [    o.s.blitz.repo.ManagedImportRequestI] (2-thread-6) Plane:26 X:0 Y:0 TileWidth:2048 TileHeight:2048 arrayBuf.length:8388608
2024-10-11 09:25:01,913 DEBUG [    o.s.blitz.repo.ManagedImportRequestI] (2-thread-6) Plane:27 X:0 Y:0 TileWidth:2048 TileHeight:2048 arrayBuf.length:8388608
2024-10-11 09:25:01,965 DEBUG [    o.s.blitz.repo.ManagedImportRequestI] (2-thread-6) Plane:28 X:0 Y:0 TileWidth:2048 TileHeight:2048 arrayBuf.length:8388608
2024-10-11 09:25:02,023 DEBUG [    o.s.blitz.repo.ManagedImportRequestI] (2-thread-6) Plane:29 X:0 Y:0 TileWidth:2048 TileHeight:2048 arrayBuf.length:8388608
2024-10-11 09:25:02,081 DEBUG [    o.s.blitz.repo.ManagedImportRequestI] (2-thread-6) Plane:30 X:0 Y:0 TileWidth:2048 TileHeight:2048 arrayBuf.length:8388608
2024-10-11 09:25:02,144 DEBUG [    o.s.blitz.repo.ManagedImportRequestI] (2-thread-6) Plane:31 X:0 Y:0 TileWidth:2048 TileHeight:2048 arrayBuf.length:8388608
2024-10-11 09:25:02,211 DEBUG [    o.s.blitz.repo.ManagedImportRequestI] (2-thread-6) Plane:32 X:0 Y:0 TileWidth:2048 TileHeight:2048 arrayBuf.length:8388608
2024-10-11 09:25:02,266 DEBUG [    o.s.blitz.repo.ManagedImportRequestI] (2-thread-6) Plane:33 X:0 Y:0 TileWidth:2048 TileHeight:2048 arrayBuf.length:8388608
2024-10-11 09:25:02,357 DEBUG [    o.s.blitz.repo.ManagedImportRequestI] (2-thread-6) Plane:34 X:0 Y:0 TileWidth:2048 TileHeight:2048 arrayBuf.length:8388608
2024-10-11 09:25:02,417 DEBUG [    o.s.blitz.repo.ManagedImportRequestI] (2-thread-6) Plane:35 X:0 Y:0 TileWidth:2048 TileHeight:2048 arrayBuf.length:8388608
2024-10-11 09:25:02,477 DEBUG [    o.s.blitz.repo.ManagedImportRequestI] (2-thread-6) Plane:36 X:0 Y:0 TileWidth:2048 TileHeight:2048 arrayBuf.length:8388608
2024-10-11 09:25:02,561 DEBUG [    o.s.blitz.repo.ManagedImportRequestI] (2-thread-6) Plane:37 X:0 Y:0 TileWidth:2048 TileHeight:2048 arrayBuf.length:8388608
2024-10-11 09:25:02,620 DEBUG [    o.s.blitz.repo.ManagedImportRequestI] (2-thread-6) Plane:38 X:0 Y:0 TileWidth:2048 TileHeight:2048 arrayBuf.length:8388608
2024-10-11 09:25:02,699 DEBUG [    o.s.blitz.repo.ManagedImportRequestI] (2-thread-6) Plane:39 X:0 Y:0 TileWidth:2048 TileHeight:2048 arrayBuf.length:8388608
2024-10-11 09:25:02,755 DEBUG [    o.s.blitz.repo.ManagedImportRequestI] (2-thread-6) Plane:40 X:0 Y:0 TileWidth:2048 TileHeight:2048 arrayBuf.length:8388608
2024-10-11 09:25:02,861 DEBUG [    o.s.blitz.repo.ManagedImportRequestI] (2-thread-6) Plane:41 X:0 Y:0 TileWidth:2048 TileHeight:2048 arrayBuf.length:8388608
2024-10-11 09:25:02,919 DEBUG [    o.s.blitz.repo.ManagedImportRequestI] (2-thread-6) Plane:42 X:0 Y:0 TileWidth:2048 TileHeight:2048 arrayBuf.length:8388608
2024-10-11 09:25:02,998 DEBUG [    o.s.blitz.repo.ManagedImportRequestI] (2-thread-6) Plane:43 X:0 Y:0 TileWidth:2048 TileHeight:2048 arrayBuf.length:8388608
2024-10-11 09:25:03,063 INFO  [    ome.security.basic.BasicEventContext] (.Server-11)  cctx:	group=0
2024-10-11 09:25:03,070 INFO  [         ome.security.basic.EventHandler] (.Server-11)  Auth:	user=0,group=0,event=28099(User),sess=83be404c-1957-46d4-a36b-f9feca68dcf3
2024-10-11 09:25:03,077 INFO  [                 org.perf4j.TimingLogger] (.Server-11) start[1728638703053] time[23] tag[omero.call.success.ome.services.blitz.impl.MetadataStoreI$7.doWork]
2024-10-11 09:25:03,081 INFO  [    ome.security.basic.BasicEventContext] (l.Server-4)  cctx:	group=0
2024-10-11 09:25:03,086 INFO  [         ome.security.basic.EventHandler] (l.Server-4)  Auth:	user=0,group=0,event=28101(User),sess=83be404c-1957-46d4-a36b-f9feca68dcf3
2024-10-11 09:25:03,275 INFO  [       ome.security.basic.CurrentDetails] (l.Server-4) Adding log:UPDATE,class ome.model.core.Pixels,209
2024-10-11 09:25:03,284 INFO  [                 org.perf4j.TimingLogger] (l.Server-4) start[1728638703080] time[203] tag[omero.call.success.ome.logic.UpdateImpl.saveArray]
2024-10-11 09:25:03,285 INFO  [    ome.security.basic.BasicEventContext] (.Server-10)  cctx:	group=0
2024-10-11 09:25:03,290 INFO  [         ome.security.basic.EventHandler] (.Server-10)  Auth:	user=0,group=0,event=28108(User),sess=83be404c-1957-46d4-a36b-f9feca68dcf3
2024-10-11 09:25:03,325 INFO  [                 org.perf4j.TimingLogger] (.Server-10) start[1728638703284] time[41] tag[omero.call.success.ome.services.blitz.impl.MetadataStoreI$2.doWork]
2024-10-11 09:25:03,325 INFO  [                 org.perf4j.TimingLogger] (2-thread-6) start[1728638699969] time[3356] tag[omero.import.request.pixels]
2024-10-11 09:25:03,326 INFO  [    ome.security.basic.BasicEventContext] (l.Server-9)  cctx:	group=0
2024-10-11 09:25:03,327 INFO  [         ome.security.basic.EventHandler] (l.Server-9)  Auth:	user=0,group=0,event=null(User),sess=83be404c-1957-46d4-a36b-f9feca68dcf3
2024-10-11 09:25:03,329 INFO  [                 org.perf4j.TimingLogger] (l.Server-9) start[1728638703326] time[3] tag[omero.call.success.ome.logic.QueryImpl.get]
2024-10-11 09:25:03,331 INFO  [    ome.security.basic.BasicEventContext] (.Server-12)  cctx:	group=0
2024-10-11 09:25:03,337 INFO  [         ome.security.basic.EventHandler] (.Server-12)  Auth:	user=0,group=0,event=28112(User),sess=83be404c-1957-46d4-a36b-f9feca68dcf3
2024-10-11 09:25:03,339 INFO  [       ome.security.basic.CurrentDetails] (.Server-12) Adding log:UPDATE,class ome.model.core.OriginalFile,3064
2024-10-11 09:25:03,343 INFO  [                 org.perf4j.TimingLogger] (.Server-12) start[1728638703330] time[13] tag[omero.call.success.ome.logic.UpdateImpl.saveObject]
2024-10-11 09:25:03,344 INFO  [                 org.perf4j.TimingLogger] (2-thread-6) start[1728638699969] time[3374] tag[omero.import.request.step]
2024-10-11 09:25:03,344 DEBUG [    o.s.blitz.repo.ManagedImportRequestI] (2-thread-6) Step 2
2024-10-11 09:25:03,347 INFO  [    ome.security.basic.BasicEventContext] (l.Server-4)  cctx:	group=0
2024-10-11 09:25:03,357 INFO  [         ome.security.basic.EventHandler] (l.Server-4)  Auth:	user=0,group=0,event=28113(User),sess=83be404c-1957-46d4-a36b-f9feca68dcf3
2024-10-11 09:25:03,363 INFO  [                 org.perf4j.TimingLogger] (l.Server-4) start[1728638703357] time[5] tag[omero.loadPixels]
2024-10-11 09:25:03,371 INFO  [                 org.perf4j.TimingLogger] (l.Server-4) start[1728638703366] time[4] tag[omero.loadRenderingSettingsByUser]
2024-10-11 09:25:03,394 DEBUG [                   loci.formats.Memoizer] (l.Server-4) start[1728638703375] time[19] tag[loci.formats.Memoizer.loadMemo]
2024-10-11 09:25:03,423 INFO  [                loci.formats.ImageReader] (l.Server-4) IonpathMIBITiffReader initializing /OMERO/ManagedRepository/root_0/2024-10/11/09-24-57.906/TA459_multipleCores2_Run-4_Point31.tiff
2024-10-11 09:25:03,423 INFO  [       loci.formats.in.MinimalTiffReader] (l.Server-4) Reading IFDs
2024-10-11 09:25:03,424 INFO  [       loci.formats.in.MinimalTiffReader] (l.Server-4) Populating metadata
2024-10-11 09:25:03,427 INFO  [          loci.formats.in.BaseTiffReader] (l.Server-4) Populating OME metadata
2024-10-11 09:25:03,436 DEBUG [                   loci.formats.Memoizer] (l.Server-4) saved to temp file: /OMERO/BioFormatsCache/OMERO/ManagedRepository/root_0/2024-10/11/09-24-57.906/.TA459_multipleCores2_Run-4_Point31.tiff.bfmemo11326851671528920948
2024-10-11 09:25:03,436 DEBUG [                   loci.formats.Memoizer] (l.Server-4) start[1728638703433] time[3] tag[loci.formats.Memoizer.saveMemo]
2024-10-11 09:25:03,436 DEBUG [                   loci.formats.Memoizer] (l.Server-4) saved memo file: /OMERO/BioFormatsCache/OMERO/ManagedRepository/root_0/2024-10/11/09-24-57.906/.TA459_multipleCores2_Run-4_Point31.tiff.bfmemo (50729 bytes)
2024-10-11 09:25:03,436 DEBUG [                   loci.formats.Memoizer] (l.Server-4) start[1728638703374] time[62] tag[loci.formats.Memoizer.setId]
2024-10-11 09:25:03,455 INFO  [       ome.security.basic.CurrentDetails] (l.Server-4) Adding log:INSERT,class ome.model.display.QuantumDef,209
2024-10-11 09:25:03,456 INFO  [       ome.security.basic.CurrentDetails] (l.Server-4) Adding log:INSERT,class ome.model.display.RenderingDef,209
2024-10-11 09:25:03,456 INFO  [       ome.security.basic.CurrentDetails] (l.Server-4) Adding log:INSERT,class ome.model.display.ChannelBinding,903
2024-10-11 09:25:03,457 INFO  [       ome.security.basic.CurrentDetails] (l.Server-4) Adding log:INSERT,class ome.model.display.ChannelBinding,904
2024-10-11 09:25:03,458 INFO  [       ome.security.basic.CurrentDetails] (l.Server-4) Adding log:INSERT,class ome.model.display.ChannelBinding,905
2024-10-11 09:25:03,458 INFO  [       ome.security.basic.CurrentDetails] (l.Server-4) Adding log:INSERT,class ome.model.display.ChannelBinding,906
2024-10-11 09:25:03,458 INFO  [       ome.security.basic.CurrentDetails] (l.Server-4) Adding log:INSERT,class ome.model.display.ChannelBinding,907
2024-10-11 09:25:03,459 INFO  [       ome.security.basic.CurrentDetails] (l.Server-4) Adding log:INSERT,class ome.model.display.ChannelBinding,908
2024-10-11 09:25:03,459 INFO  [       ome.security.basic.CurrentDetails] (l.Server-4) Adding log:INSERT,class ome.model.display.ChannelBinding,909
2024-10-11 09:25:03,459 INFO  [       ome.security.basic.CurrentDetails] (l.Server-4) Adding log:INSERT,class ome.model.display.ChannelBinding,910
2024-10-11 09:25:03,460 INFO  [       ome.security.basic.CurrentDetails] (l.Server-4) Adding log:INSERT,class ome.model.display.ChannelBinding,911
2024-10-11 09:25:03,460 INFO  [       ome.security.basic.CurrentDetails] (l.Server-4) Adding log:INSERT,class ome.model.display.ChannelBinding,912
2024-10-11 09:25:03,460 INFO  [       ome.security.basic.CurrentDetails] (l.Server-4) Adding log:INSERT,class ome.model.display.ChannelBinding,913
2024-10-11 09:25:03,460 INFO  [       ome.security.basic.CurrentDetails] (l.Server-4) Adding log:INSERT,class ome.model.display.ChannelBinding,914
2024-10-11 09:25:03,461 INFO  [       ome.security.basic.CurrentDetails] (l.Server-4) Adding log:INSERT,class ome.model.display.ChannelBinding,915
2024-10-11 09:25:03,461 INFO  [       ome.security.basic.CurrentDetails] (l.Server-4) Adding log:INSERT,class ome.model.display.ChannelBinding,916
2024-10-11 09:25:03,461 INFO  [       ome.security.basic.CurrentDetails] (l.Server-4) Adding log:INSERT,class ome.model.display.ChannelBinding,917
2024-10-11 09:25:03,461 INFO  [       ome.security.basic.CurrentDetails] (l.Server-4) Adding log:INSERT,class ome.model.display.ChannelBinding,918
2024-10-11 09:25:03,462 INFO  [       ome.security.basic.CurrentDetails] (l.Server-4) Adding log:INSERT,class ome.model.display.ChannelBinding,919
2024-10-11 09:25:03,462 INFO  [       ome.security.basic.CurrentDetails] (l.Server-4) Adding log:INSERT,class ome.model.display.ChannelBinding,920
2024-10-11 09:25:03,467 INFO  [       ome.security.basic.CurrentDetails] (l.Server-4) Adding log:INSERT,class ome.model.display.ChannelBinding,921
2024-10-11 09:25:03,469 INFO  [       ome.security.basic.CurrentDetails] (l.Server-4) Adding log:INSERT,class ome.model.display.ChannelBinding,922
2024-10-11 09:25:03,470 INFO  [       ome.security.basic.CurrentDetails] (l.Server-4) Adding log:INSERT,class ome.model.display.ChannelBinding,923
2024-10-11 09:25:03,470 INFO  [       ome.security.basic.CurrentDetails] (l.Server-4) Adding log:INSERT,class ome.model.display.ChannelBinding,924
2024-10-11 09:25:03,470 INFO  [       ome.security.basic.CurrentDetails] (l.Server-4) Adding log:INSERT,class ome.model.display.ChannelBinding,925
2024-10-11 09:25:03,470 INFO  [       ome.security.basic.CurrentDetails] (l.Server-4) Adding log:INSERT,class ome.model.display.ChannelBinding,926
2024-10-11 09:25:03,471 INFO  [       ome.security.basic.CurrentDetails] (l.Server-4) Adding log:INSERT,class ome.model.display.ChannelBinding,927
2024-10-11 09:25:03,471 INFO  [       ome.security.basic.CurrentDetails] (l.Server-4) Adding log:INSERT,class ome.model.display.ChannelBinding,928
2024-10-11 09:25:03,471 INFO  [       ome.security.basic.CurrentDetails] (l.Server-4) Adding log:INSERT,class ome.model.display.ChannelBinding,929
2024-10-11 09:25:03,471 INFO  [       ome.security.basic.CurrentDetails] (l.Server-4) Adding log:INSERT,class ome.model.display.ChannelBinding,930
2024-10-11 09:25:03,472 INFO  [       ome.security.basic.CurrentDetails] (l.Server-4) Adding log:INSERT,class ome.model.display.ChannelBinding,931
2024-10-11 09:25:03,472 INFO  [       ome.security.basic.CurrentDetails] (l.Server-4) Adding log:INSERT,class ome.model.display.ChannelBinding,932
2024-10-11 09:25:03,473 INFO  [       ome.security.basic.CurrentDetails] (l.Server-4) Adding log:INSERT,class ome.model.display.ChannelBinding,933
2024-10-11 09:25:03,473 INFO  [       ome.security.basic.CurrentDetails] (l.Server-4) Adding log:INSERT,class ome.model.display.ChannelBinding,934
2024-10-11 09:25:03,473 INFO  [       ome.security.basic.CurrentDetails] (l.Server-4) Adding log:INSERT,class ome.model.display.ChannelBinding,935
2024-10-11 09:25:03,474 INFO  [       ome.security.basic.CurrentDetails] (l.Server-4) Adding log:INSERT,class ome.model.display.ChannelBinding,936
2024-10-11 09:25:03,474 INFO  [       ome.security.basic.CurrentDetails] (l.Server-4) Adding log:INSERT,class ome.model.display.ChannelBinding,937
2024-10-11 09:25:03,474 INFO  [       ome.security.basic.CurrentDetails] (l.Server-4) Adding log:INSERT,class ome.model.display.ChannelBinding,938
2024-10-11 09:25:03,475 INFO  [       ome.security.basic.CurrentDetails] (l.Server-4) Adding log:INSERT,class ome.model.display.ChannelBinding,939
2024-10-11 09:25:03,475 INFO  [       ome.security.basic.CurrentDetails] (l.Server-4) Adding log:INSERT,class ome.model.display.ChannelBinding,940
2024-10-11 09:25:03,476 INFO  [       ome.security.basic.CurrentDetails] (l.Server-4) Adding log:INSERT,class ome.model.display.ChannelBinding,941
2024-10-11 09:25:03,476 INFO  [       ome.security.basic.CurrentDetails] (l.Server-4) Adding log:INSERT,class ome.model.display.ChannelBinding,942
2024-10-11 09:25:03,476 INFO  [       ome.security.basic.CurrentDetails] (l.Server-4) Adding log:INSERT,class ome.model.display.ChannelBinding,943
2024-10-11 09:25:03,477 INFO  [       ome.security.basic.CurrentDetails] (l.Server-4) Adding log:INSERT,class ome.model.display.ChannelBinding,944
2024-10-11 09:25:03,477 INFO  [       ome.security.basic.CurrentDetails] (l.Server-4) Adding log:INSERT,class ome.model.display.ChannelBinding,945
2024-10-11 09:25:03,477 INFO  [       ome.security.basic.CurrentDetails] (l.Server-4) Adding log:INSERT,class ome.model.display.ChannelBinding,946
2024-10-11 09:25:03,497 INFO  [                 org.perf4j.TimingLogger] (l.Server-4) start[1728638703447] time[49] tag[omero.resetDefaultsInSet.saveAndReturn]
2024-10-11 09:25:03,497 INFO  [                 org.perf4j.TimingLogger] (l.Server-4) start[1728638703357] time[139] tag[omero.resetDefaultsInSet]
2024-10-11 09:25:03,507 INFO  [                 org.perf4j.TimingLogger] (l.Server-4) start[1728638703345] time[161] tag[omero.call.success.ome.logic.RenderingSettingsImpl.resetDefaultsInSet]
2024-10-11 09:25:03,509 INFO  [    ome.security.basic.BasicEventContext] (l.Server-9)  cctx:	group=0
2024-10-11 09:25:03,513 INFO  [         ome.security.basic.EventHandler] (l.Server-9)  Auth:	user=0,group=0,event=28114(User),sess=83be404c-1957-46d4-a36b-f9feca68dcf3
2024-10-11 09:25:03,514 INFO  [                 org.perf4j.TimingLogger] (l.Server-9) start[1728638703513] time[1] tag[omero.bulkLoadRenderingSettings]
2024-10-11 09:25:03,515 INFO  [                 org.perf4j.TimingLogger] (l.Server-9) start[1728638703515] time[0] tag[omero.createAndPrepareMissingRenderingSettings]
2024-10-11 09:25:03,517 INFO  [                 org.perf4j.TimingLogger] (l.Server-9) start[1728638703515] time[1] tag[omero.bulkLoadMetadata]
2024-10-11 09:25:03,517 INFO  [                 org.perf4j.TimingLogger] (l.Server-9) start[1728638703515] time[2] tag[omero.loadMetadataByDimensionPool]
2024-10-11 09:25:03,519 INFO  [       ome.security.basic.CurrentDetails] (l.Server-9) Adding log:INSERT,class ome.model.display.Thumbnail,209
2024-10-11 09:25:03,520 INFO  [                 org.perf4j.TimingLogger] (l.Server-9) start[1728638703519] time[0] tag[omero.bulkLoadMetadata]
2024-10-11 09:25:03,520 INFO  [                 org.perf4j.TimingLogger] (l.Server-9) start[1728638703519] time[0] tag[omero.loadMetadataByDimensionPool]
2024-10-11 09:25:03,520 INFO  [                 org.perf4j.TimingLogger] (l.Server-9) start[1728638703517] time[2] tag[omero.createMissingThumbnailMetadata]
2024-10-11 09:25:03,521 INFO  [    ome.security.basic.BasicEventContext] (l.Server-9)  cctx:	group=0
2024-10-11 09:25:03,525 INFO  [         ome.security.basic.EventHandler] (l.Server-9)  Auth:	user=0,group=0,event=28115(User),sess=83be404c-1957-46d4-a36b-f9feca68dcf3
2024-10-11 09:25:03,526 INFO  [                 org.perf4j.TimingLogger] (l.Server-9) start[1728638703526] time[0] tag[omero._createThumbnail(thumbMetaData)]
2024-10-11 09:25:03,584 DEBUG [                   loci.formats.Memoizer] (l.Server-9) loaded memo file: /OMERO/BioFormatsCache/OMERO/ManagedRepository/root_0/2024-10/11/09-24-57.906/.TA459_multipleCores2_Run-4_Point31.tiff.bfmemo (50729 bytes)
2024-10-11 09:25:03,584 DEBUG [                   loci.formats.Memoizer] (l.Server-9) start[1728638703550] time[34] tag[loci.formats.Memoizer.loadMemo]
2024-10-11 09:25:03,584 DEBUG [                   loci.formats.Memoizer] (l.Server-9) start[1728638703549] time[34] tag[loci.formats.Memoizer.setId]
2024-10-11 09:25:03,677 INFO  [       ome.logic.JavaImageScalingService] (l.Server-9) Scaling to: 96x96
2024-10-11 09:25:03,722 INFO  [                 org.perf4j.TimingLogger] (l.Server-9) start[1728638703677] time[45] tag[java-image-scaling.resampleOp]
2024-10-11 09:25:03,723 INFO  [                 org.perf4j.TimingLogger] (l.Server-9) start[1728638703526] time[197] tag[omero._createThumbnail]
2024-10-11 09:25:03,730 INFO  [                 org.perf4j.TimingLogger] (l.Server-9) start[1728638703508] time[222] tag[omero.call.success.ome.services.ThumbnailBean.createThumbnailsByLongestSideSet]
2024-10-11 09:25:03,730 INFO  [                 org.perf4j.TimingLogger] (2-thread-6) start[1728638703344] time[386] tag[omero.import.request.thumbs]
2024-10-11 09:25:03,732 INFO  [    ome.security.basic.BasicEventContext] (.Server-11)  cctx:	group=0
2024-10-11 09:25:03,733 INFO  [         ome.security.basic.EventHandler] (.Server-11)  Auth:	user=0,group=0,event=null(User),sess=83be404c-1957-46d4-a36b-f9feca68dcf3
2024-10-11 09:25:03,734 INFO  [                 org.perf4j.TimingLogger] (.Server-11) start[1728638703731] time[3] tag[omero.call.success.ome.logic.QueryImpl.get]
2024-10-11 09:25:03,737 INFO  [    ome.security.basic.BasicEventContext] (.Server-10)  cctx:	group=0
2024-10-11 09:25:03,742 INFO  [         ome.security.basic.EventHandler] (.Server-10)  Auth:	user=0,group=0,event=28116(User),sess=83be404c-1957-46d4-a36b-f9feca68dcf3
2024-10-11 09:25:03,745 INFO  [       ome.security.basic.CurrentDetails] (.Server-10) Adding log:UPDATE,class ome.model.core.OriginalFile,3064
2024-10-11 09:25:03,751 INFO  [                 org.perf4j.TimingLogger] (.Server-10) start[1728638703736] time[15] tag[omero.call.success.ome.logic.UpdateImpl.saveObject]
2024-10-11 09:25:03,752 INFO  [                 org.perf4j.TimingLogger] (2-thread-6) start[1728638703344] time[407] tag[omero.import.request.step]
2024-10-11 09:25:03,752 DEBUG [    o.s.blitz.repo.ManagedImportRequestI] (2-thread-6) Step 3
2024-10-11 09:25:03,754 INFO  [    ome.security.basic.BasicEventContext] (.Server-15)  cctx:	group=0
2024-10-11 09:25:03,756 INFO  [         ome.security.basic.EventHandler] (.Server-15)  Auth:	user=0,group=0,event=null(User),sess=83be404c-1957-46d4-a36b-f9feca68dcf3
2024-10-11 09:25:03,756 INFO  [                 org.perf4j.TimingLogger] (.Server-15) start[1728638703752] time[4] tag[omero.call.success.ome.services.blitz.impl.MetadataStoreI$6.doWork]
2024-10-11 09:25:03,758 INFO  [    ome.security.basic.BasicEventContext] (l.Server-4)  cctx:	group=0
2024-10-11 09:25:03,761 INFO  [         ome.security.basic.EventHandler] (l.Server-4)  Auth:	user=0,group=0,event=null(User),sess=83be404c-1957-46d4-a36b-f9feca68dcf3
2024-10-11 09:25:03,773 INFO  [                 org.perf4j.TimingLogger] (l.Server-4) start[1728638703757] time[15] tag[omero.call.success.ome.logic.QueryImpl.get]
2024-10-11 09:25:03,776 INFO  [    ome.security.basic.BasicEventContext] (.Server-12)  cctx:	group=0
2024-10-11 09:25:03,783 INFO  [         ome.security.basic.EventHandler] (.Server-12)  Auth:	user=0,group=0,event=28117(User),sess=83be404c-1957-46d4-a36b-f9feca68dcf3
2024-10-11 09:25:03,785 INFO  [       ome.security.basic.CurrentDetails] (.Server-12) Adding log:UPDATE,class ome.model.core.OriginalFile,3064
2024-10-11 09:25:03,792 INFO  [                 org.perf4j.TimingLogger] (.Server-12) start[1728638703775] time[17] tag[omero.call.success.ome.logic.UpdateImpl.saveObject]
2024-10-11 09:25:03,792 INFO  [                 org.perf4j.TimingLogger] (2-thread-6) start[1728638703752] time[40] tag[omero.import.request.step]
2024-10-11 09:25:03,792 DEBUG [    o.s.blitz.repo.ManagedImportRequestI] (2-thread-6) Step 4
2024-10-11 09:25:03,794 INFO  [    ome.security.basic.BasicEventContext] (.Server-14)  cctx:	group=0
2024-10-11 09:25:03,795 INFO  [         ome.security.basic.EventHandler] (.Server-14)  Auth:	user=0,group=0,event=null(User),sess=83be404c-1957-46d4-a36b-f9feca68dcf3
2024-10-11 09:25:03,796 INFO  [                 org.perf4j.TimingLogger] (.Server-14) start[1728638703793] time[3] tag[omero.call.success.ome.logic.QueryImpl.get]
2024-10-11 09:25:03,798 INFO  [    ome.security.basic.BasicEventContext] (l.Server-9)  cctx:	group=0
2024-10-11 09:25:03,803 INFO  [         ome.security.basic.EventHandler] (l.Server-9)  Auth:	user=0,group=0,event=28118(User),sess=83be404c-1957-46d4-a36b-f9feca68dcf3
2024-10-11 09:25:03,805 INFO  [       ome.security.basic.CurrentDetails] (l.Server-9) Adding log:UPDATE,class ome.model.core.OriginalFile,3064
2024-10-11 09:25:03,812 INFO  [                 org.perf4j.TimingLogger] (l.Server-9) start[1728638703797] time[14] tag[omero.call.success.ome.logic.UpdateImpl.saveObject]
2024-10-11 09:25:03,812 INFO  [                 org.perf4j.TimingLogger] (2-thread-6) start[1728638703792] time[19] tag[omero.import.request.step]
2024-10-11 09:25:03,821 INFO  [    ome.security.basic.BasicEventContext] (.Server-11)  cctx:	group=0
2024-10-11 09:25:03,826 INFO  [         ome.security.basic.EventHandler] (.Server-11)  Auth:	user=0,group=0,event=28119(User),sess=83be404c-1957-46d4-a36b-f9feca68dcf3
2024-10-11 09:25:03,830 INFO  [                 org.perf4j.TimingLogger] (.Server-11) start[1728638703819] time[11] tag[omero.call.success.ome.services.RawFileBean.close]
2024-10-11 09:25:03,830 DEBUG [                omero.util.ServantHolder] (.Server-11) Removed omero.api._RawFileStoreTie@3588f86e from omero.util.ServantHolder@149b3864 as 93d5e13f-da59-4bc0-bab1-6b08f5f1c2eaomero.api.RawFileStore
2024-10-11 09:25:03,830 INFO  [                      omero.cmd.SessionI] (.Server-11) Unregistered servant:83be404c-1957-46d4-a36b-f9feca68dcf3/93d5e13f-da59-4bc0-bab1-6b08f5f1c2eaomero.api.RawFileStore(omero.api._RawFileStoreTie@3588f86e)
2024-10-11 09:25:03,833 INFO  [    ome.security.basic.BasicEventContext] (.Server-15)  cctx:	group=0
2024-10-11 09:25:03,837 INFO  [         ome.security.basic.EventHandler] (.Server-15)  Auth:	user=0,group=0,event=28120(User),sess=83be404c-1957-46d4-a36b-f9feca68dcf3
2024-10-11 09:25:03,841 INFO  [                 org.perf4j.TimingLogger] (.Server-15) start[1728638703831] time[9] tag[omero.call.success.ome.services.RawPixelsBean.close]
2024-10-11 09:25:03,841 DEBUG [                omero.util.ServantHolder] (.Server-15) Removed omero.api._RawPixelsStoreTie@4c8b9456 from omero.util.ServantHolder@149b3864 as 0d44eaf0-9c82-416e-bfb2-63a9ac95b8b3omero.api.RawPixelsStore
2024-10-11 09:25:03,841 INFO  [                      omero.cmd.SessionI] (.Server-15) Unregistered servant:83be404c-1957-46d4-a36b-f9feca68dcf3/0d44eaf0-9c82-416e-bfb2-63a9ac95b8b3omero.api.RawPixelsStore(omero.api._RawPixelsStoreTie@4c8b9456)
2024-10-11 09:25:03,842 INFO  [    ome.security.basic.BasicEventContext] (l.Server-4)  cctx:	group=0
2024-10-11 09:25:03,849 INFO  [         ome.security.basic.EventHandler] (l.Server-4)  Auth:	user=0,group=0,event=null(User),sess=83be404c-1957-46d4-a36b-f9feca68dcf3
2024-10-11 09:25:03,850 INFO  [                 org.perf4j.TimingLogger] (l.Server-4) start[1728638703842] time[8] tag[omero.call.success.ome.services.ThumbnailBean.close]
2024-10-11 09:25:03,851 DEBUG [                omero.util.ServantHolder] (l.Server-4) Removed omero.api._ThumbnailStoreTie@6ee4e119 from omero.util.ServantHolder@149b3864 as e78c6e67-dfa7-40d9-83f2-2acc250f38c0omero.api.ThumbnailStore
2024-10-11 09:25:03,851 INFO  [                      omero.cmd.SessionI] (l.Server-4) Unregistered servant:83be404c-1957-46d4-a36b-f9feca68dcf3/e78c6e67-dfa7-40d9-83f2-2acc250f38c0omero.api.ThumbnailStore(omero.api._ThumbnailStoreTie@6ee4e119)
2024-10-11 09:25:03,851 DEBUG [                omero.util.ServantHolder] (.Server-13) Removed omero.api._MetadataStoreTie@3a8c301b from omero.util.ServantHolder@149b3864 as 16572ce1-cffd-4603-bcfc-dff575297681omero.api.MetadataStore
2024-10-11 09:25:03,851 INFO  [                      omero.cmd.SessionI] (.Server-13) Unregistered servant:83be404c-1957-46d4-a36b-f9feca68dcf3/16572ce1-cffd-4603-bcfc-dff575297681omero.api.MetadataStore(omero.api._MetadataStoreTie@3a8c301b)
2024-10-11 09:25:03,852 INFO  [    o.s.blitz.repo.ManagedImportRequestI] (2-thread-6) Cleaning up import.
2024-10-11 09:25:03,860 INFO  [         ome.security.basic.EventHandler] (.Server-14)  Auth:	user=0,group=0,event=null(User),sess=83be404c-1957-46d4-a36b-f9feca68dcf3
2024-10-11 09:25:03,863 INFO  [                 org.perf4j.TimingLogger] (.Server-14) start[1728638703857] time[5] tag[omero.call.success.ome.logic.QueryImpl.get]
2024-10-11 09:25:03,874 INFO  [         ome.security.basic.EventHandler] (.Server-11)  Auth:	user=0,group=0,event=28121(User),sess=83be404c-1957-46d4-a36b-f9feca68dcf3
2024-10-11 09:25:03,877 INFO  [       ome.security.basic.CurrentDetails] (.Server-11) Adding log:UPDATE,class ome.model.core.OriginalFile,3064
2024-10-11 09:25:03,887 INFO  [                 org.perf4j.TimingLogger] (.Server-11) start[1728638703867] time[19] tag[omero.call.success.ome.logic.UpdateImpl.saveObject]
