2024-10-11 09:25:26,410 INFO  [                 org.perf4j.TimingLogger] (.Server-14) start[1728638726398] time[12] tag[omero.import.process.init]
2024-10-11 09:25:26,416 INFO  [         ome.security.basic.EventHandler] (.Server-14)  Auth:	user=0,group=0,event=28695(User),sess=83be404c-1957-46d4-a36b-f9feca68dcf3
2024-10-11 09:25:26,421 INFO  [       ome.security.basic.CurrentDetails] (.Server-14) Adding log:INSERT,class ome.model.jobs.UploadJob,3213
2024-10-11 09:25:26,421 INFO  [       ome.security.basic.CurrentDetails] (.Server-14) Adding log:INSERT,class ome.model.jobs.JobOriginalFileLink,4910
2024-10-11 09:25:26,427 INFO  [       ome.security.basic.CurrentDetails] (.Server-14) Adding log:INSERT,class ome.model.jobs.MetadataImportJob,3214
2024-10-11 09:25:26,435 INFO  [       ome.security.basic.CurrentDetails] (.Server-14) Adding log:INSERT,class ome.model.jobs.PixelDataJob,3215
2024-10-11 09:25:26,442 INFO  [       ome.security.basic.CurrentDetails] (.Server-14) Adding log:INSERT,class ome.model.jobs.ThumbnailGenerationJob,3216
2024-10-11 09:25:26,450 INFO  [       ome.security.basic.CurrentDetails] (.Server-14) Adding log:INSERT,class ome.model.jobs.IndexingJob,3217
2024-10-11 09:25:26,454 INFO  [                 org.perf4j.TimingLogger] (.Server-14) start[1728638726454] time[0] tag[omero.repo.internal_register.find_repo_files]
2024-10-11 09:25:26,458 INFO  [       ome.security.basic.CurrentDetails] (.Server-14) Adding log:INSERT,class ome.model.core.OriginalFile,3146
2024-10-11 09:25:26,459 INFO  [                 org.perf4j.TimingLogger] (.Server-14) start[1728638726457] time[2] tag[omero.repo.create_original_file.save]
2024-10-11 09:25:26,459 INFO  [                 org.perf4j.TimingLogger] (.Server-14) start[1728638726459] time[0] tag[omero.repo.create_original_file.internal_mkdir]
2024-10-11 09:25:26,459 INFO  [                 org.perf4j.TimingLogger] (.Server-14) start[1728638726459] time[0] tag[omero.repo.internal_register.load]
2024-10-11 09:25:26,459 INFO  [                 org.perf4j.TimingLogger] (.Server-14) start[1728638726459] time[0] tag[omero.repo.internal_register.sort]
2024-10-11 09:25:26,459 INFO  [                 org.perf4j.TimingLogger] (.Server-14) start[1728638726454] time[5] tag[omero.repo.save_fileset.register]
2024-10-11 09:25:26,459 INFO  [                 org.perf4j.TimingLogger] (.Server-14) start[1728638726459] time[0] tag[omero.repo.save_fileset.update_fileset_entries]
2024-10-11 09:25:26,461 INFO  [       ome.security.basic.CurrentDetails] (.Server-14) Adding log:INSERT,class ome.model.fs.Fileset,236
2024-10-11 09:25:26,461 INFO  [       ome.security.basic.CurrentDetails] (.Server-14) Adding log:INSERT,class ome.model.fs.FilesetJobLink,376
2024-10-11 09:25:26,461 INFO  [       ome.security.basic.CurrentDetails] (.Server-14) Adding log:INSERT,class ome.model.fs.FilesetJobLink,377
2024-10-11 09:25:26,462 INFO  [       ome.security.basic.CurrentDetails] (.Server-14) Adding log:INSERT,class ome.model.fs.FilesetJobLink,378
2024-10-11 09:25:26,467 INFO  [       ome.security.basic.CurrentDetails] (.Server-14) Adding log:INSERT,class ome.model.fs.FilesetJobLink,379
2024-10-11 09:25:26,469 INFO  [       ome.security.basic.CurrentDetails] (.Server-14) Adding log:INSERT,class ome.model.fs.FilesetJobLink,380
2024-10-11 09:25:26,470 INFO  [       ome.security.basic.CurrentDetails] (.Server-14) Adding log:INSERT,class ome.model.fs.FilesetEntry,236
2024-10-11 09:25:26,473 INFO  [                 org.perf4j.TimingLogger] (.Server-14) start[1728638726459] time[13] tag[omero.repo.save_fileset.save]
2024-10-11 09:25:26,479 INFO  [                 org.perf4j.TimingLogger] (.Server-14) start[1728638726412] time[67] tag[omero.call.success.ome.services.blitz.repo.RepositoryDaoImpl$8.doWork]
2024-10-11 09:25:26,480 INFO  [                 org.perf4j.TimingLogger] (.Server-14) start[1728638726411] time[68] tag[omero.repo.save_fileset]
2024-10-11 09:25:26,480 INFO  [                      omero.cmd.SessionI] (.Server-14) Added servant to adapter: 83be404c-1957-46d4-a36b-f9feca68dcf3/5f1e1f06-dca4-4734-af53-10deb5d5bbae-ManagedImportProcessI(omero.grid._ImportProcessTie@2954d1c2)
2024-10-11 09:25:26,480 DEBUG [                omero.util.ServantHolder] (.Server-14) Added omero.grid._ImportProcessTie@2954d1c2 to omero.util.ServantHolder@149b3864 as 5f1e1f06-dca4-4734-af53-10deb5d5bbae-ManagedImportProcessI
2024-10-11 09:25:26,480 INFO  [                 org.perf4j.TimingLogger] (.Server-14) start[1728638726411] time[68] tag[omero.import.process.create]
2024-10-11 09:25:26,488 INFO  [         ome.security.basic.EventHandler] (l.Server-9)  Auth:	user=0,group=0,event=null(User),sess=83be404c-1957-46d4-a36b-f9feca68dcf3
2024-10-11 09:25:26,491 INFO  [                 org.perf4j.TimingLogger] (l.Server-9) start[1728638726486] time[4] tag[omero.call.success.ome.services.blitz.repo.RepositoryDaoImpl$2.doWork]
2024-10-11 09:25:26,494 INFO  [         ome.security.basic.EventHandler] (l.Server-9)  Auth:	user=0,group=0,event=null(User),sess=83be404c-1957-46d4-a36b-f9feca68dcf3
2024-10-11 09:25:26,496 INFO  [                 org.perf4j.TimingLogger] (l.Server-9) start[1728638726491] time[4] tag[omero.call.success.ome.services.blitz.repo.RepositoryDaoImpl$4.doWork]
2024-10-11 09:25:26,497 INFO  [         ome.security.basic.EventHandler] (l.Server-9)  Auth:	user=0,group=0,event=null(User),sess=83be404c-1957-46d4-a36b-f9feca68dcf3
2024-10-11 09:25:26,500 INFO  [                 org.perf4j.TimingLogger] (l.Server-9) start[1728638726496] time[3] tag[omero.call.success.ome.services.blitz.repo.RepositoryDaoImpl$6.doWork]
2024-10-11 09:25:26,501 INFO  [    ome.security.basic.BasicEventContext] (l.Server-9)  cctx:	group=0
2024-10-11 09:25:26,502 INFO  [         ome.security.basic.EventHandler] (l.Server-9)  Auth:	user=0,group=0,event=null(User),sess=83be404c-1957-46d4-a36b-f9feca68dcf3
2024-10-11 09:25:26,505 INFO  [                 org.perf4j.TimingLogger] (l.Server-9) start[1728638726500] time[4] tag[omero.call.success.ome.services.blitz.repo.RepositoryDaoImpl$1.doWork]
2024-10-11 09:25:26,505 INFO  [                      omero.cmd.SessionI] (l.Server-9) Added servant to adapter: 83be404c-1957-46d4-a36b-f9feca68dcf3/ef852274-9e5c-4e5f-8d56-47a12bf32be3-RepoRawFileStoreI(omero.api._RawFileStoreTie@1b0d9d4f)
2024-10-11 09:25:26,505 DEBUG [                omero.util.ServantHolder] (l.Server-9) Added omero.api._RawFileStoreTie@1b0d9d4f to omero.util.ServantHolder@149b3864 as ef852274-9e5c-4e5f-8d56-47a12bf32be3-RepoRawFileStoreI
2024-10-11 09:25:26,505 INFO  [                 org.perf4j.TimingLogger] (l.Server-9) start[1728638726486] time[19] tag[omero.import.process.opener]
2024-10-11 09:25:26,505 INFO  [                 org.perf4j.TimingLogger] (l.Server-9) start[1728638726486] time[19] tag[omero.import.process.uploader]
2024-10-11 09:25:26,510 INFO  [         ome.security.basic.EventHandler] (.Server-13)  Auth:	user=0,group=0,event=null(User),sess=83be404c-1957-46d4-a36b-f9feca68dcf3
2024-10-11 09:25:26,510 INFO  [                 org.perf4j.TimingLogger] (.Server-13) start[1728638726508] time[1] tag[omero.call.success.ome.services.RawFileBean.write]
2024-10-11 09:25:26,568 INFO  [         ome.security.basic.EventHandler] (.Server-14)  Auth:	user=0,group=0,event=null(User),sess=83be404c-1957-46d4-a36b-f9feca68dcf3
2024-10-11 09:25:26,574 INFO  [                 org.perf4j.TimingLogger] (.Server-14) start[1728638726567] time[7] tag[omero.call.success.ome.services.RawFileBean.write]
2024-10-11 09:25:26,623 INFO  [         ome.security.basic.EventHandler] (.Server-11)  Auth:	user=0,group=0,event=null(User),sess=83be404c-1957-46d4-a36b-f9feca68dcf3
2024-10-11 09:25:26,629 INFO  [                 org.perf4j.TimingLogger] (.Server-11) start[1728638726620] time[8] tag[omero.call.success.ome.services.RawFileBean.write]
2024-10-11 09:25:26,696 INFO  [         ome.security.basic.EventHandler] (l.Server-9)  Auth:	user=0,group=0,event=null(User),sess=83be404c-1957-46d4-a36b-f9feca68dcf3
2024-10-11 09:25:26,703 INFO  [                 org.perf4j.TimingLogger] (l.Server-9) start[1728638726694] time[9] tag[omero.call.success.ome.services.RawFileBean.write]
2024-10-11 09:25:26,757 INFO  [         ome.security.basic.EventHandler] (.Server-10)  Auth:	user=0,group=0,event=null(User),sess=83be404c-1957-46d4-a36b-f9feca68dcf3
2024-10-11 09:25:26,764 INFO  [                 org.perf4j.TimingLogger] (.Server-10) start[1728638726756] time[8] tag[omero.call.success.ome.services.RawFileBean.write]
2024-10-11 09:25:26,825 INFO  [         ome.security.basic.EventHandler] (.Server-15)  Auth:	user=0,group=0,event=null(User),sess=83be404c-1957-46d4-a36b-f9feca68dcf3
2024-10-11 09:25:26,834 INFO  [                 org.perf4j.TimingLogger] (.Server-15) start[1728638726824] time[9] tag[omero.call.success.ome.services.RawFileBean.write]
2024-10-11 09:25:26,897 INFO  [         ome.security.basic.EventHandler] (l.Server-4)  Auth:	user=0,group=0,event=null(User),sess=83be404c-1957-46d4-a36b-f9feca68dcf3
2024-10-11 09:25:26,904 INFO  [                 org.perf4j.TimingLogger] (l.Server-4) start[1728638726895] time[9] tag[omero.call.success.ome.services.RawFileBean.write]
2024-10-11 09:25:26,910 INFO  [         ome.security.basic.EventHandler] (l.Server-9)  Auth:	user=0,group=0,event=28702(User),sess=83be404c-1957-46d4-a36b-f9feca68dcf3
2024-10-11 09:25:26,924 INFO  [                 org.perf4j.TimingLogger] (l.Server-9) start[1728638726910] time[13] tag[omero.services.file.flush]
2024-10-11 09:25:26,945 INFO  [                 org.perf4j.TimingLogger] (l.Server-9) start[1728638726924] time[20] tag[omero.services.file.checksum]
2024-10-11 09:25:26,946 INFO  [       ome.security.basic.CurrentDetails] (l.Server-9) Adding log:UPDATE,class ome.model.core.OriginalFile,3146
2024-10-11 09:25:26,946 INFO  [                 org.perf4j.TimingLogger] (l.Server-9) start[1728638726945] time[1] tag[omero.services.file.finalize]
2024-10-11 09:25:26,950 INFO  [                 org.perf4j.TimingLogger] (l.Server-9) start[1728638726906] time[43] tag[omero.call.success.ome.services.RawFileBean.save]
2024-10-11 09:25:26,957 INFO  [         ome.security.basic.EventHandler] (l.Server-4)  Auth:	user=0,group=0,event=28705(User),sess=83be404c-1957-46d4-a36b-f9feca68dcf3
2024-10-11 09:25:26,963 INFO  [                 org.perf4j.TimingLogger] (l.Server-4) start[1728638726954] time[9] tag[omero.call.success.ome.services.RawFileBean.close]
2024-10-11 09:25:26,963 DEBUG [                omero.util.ServantHolder] (l.Server-4) Removed omero.api._RawFileStoreTie@1b0d9d4f from omero.util.ServantHolder@149b3864 as ef852274-9e5c-4e5f-8d56-47a12bf32be3-RepoRawFileStoreI
2024-10-11 09:25:26,963 INFO  [                      omero.cmd.SessionI] (l.Server-4) Unregistered servant:83be404c-1957-46d4-a36b-f9feca68dcf3/ef852274-9e5c-4e5f-8d56-47a12bf32be3-RepoRawFileStoreI(omero.api._RawFileStoreTie@1b0d9d4f)
2024-10-11 09:25:26,967 INFO  [         ome.security.basic.EventHandler] (.Server-11)  Auth:	user=0,group=0,event=null(User),sess=83be404c-1957-46d4-a36b-f9feca68dcf3
2024-10-11 09:25:26,967 INFO  [                 org.perf4j.TimingLogger] (.Server-11) start[1728638726965] time[2] tag[omero.call.success.ome.services.blitz.impl.ServiceFactoryI$3.doWork]
2024-10-11 09:25:26,972 INFO  [                 org.perf4j.TimingLogger] (.Server-11) start[1728638726967] time[4] tag[omero.import.process.checksum]
2024-10-11 09:25:26,978 INFO  [         ome.security.basic.EventHandler] (.Server-11)  Auth:	user=0,group=0,event=28707(User),sess=83be404c-1957-46d4-a36b-f9feca68dcf3
2024-10-11 09:25:26,988 INFO  [       ome.security.basic.CurrentDetails] (.Server-11) Adding log:UPDATE,class ome.model.jobs.UploadJob,3213
2024-10-11 09:25:26,994 INFO  [                 org.perf4j.TimingLogger] (.Server-11) start[1728638726973] time[21] tag[omero.call.success.ome.services.blitz.repo.RepositoryDaoImpl$12.doWork]
2024-10-11 09:25:26,996 INFO  [         ome.security.basic.EventHandler] (.Server-11)  Auth:	user=0,group=0,event=null(User),sess=83be404c-1957-46d4-a36b-f9feca68dcf3
2024-10-11 09:25:26,998 INFO  [                 org.perf4j.TimingLogger] (.Server-11) start[1728638726994] time[3] tag[omero.call.success.ome.services.blitz.repo.RepositoryDaoImpl$2.doWork]
2024-10-11 09:25:27,000 INFO  [         ome.security.basic.EventHandler] (.Server-11)  Auth:	user=0,group=0,event=null(User),sess=83be404c-1957-46d4-a36b-f9feca68dcf3
2024-10-11 09:25:27,007 INFO  [                 org.perf4j.TimingLogger] (.Server-11) start[1728638726998] time[9] tag[omero.call.success.ome.services.blitz.repo.RepositoryDaoImpl$4.doWork]
2024-10-11 09:25:27,007 INFO  [       ome.formats.importer.ImportConfig] (.Server-11) OMERO.blitz Version: 5.7.3
2024-10-11 09:25:27,007 INFO  [       ome.formats.importer.ImportConfig] (.Server-11) Bioformats version: 7.3.0 revision: acc4b6de79e55275b5e6c8200f8458f6d93c9ba0 date: 18 April 2024
2024-10-11 09:25:27,009 INFO  [                      omero.cmd.SessionI] (.Server-11) Added servant to adapter: 83be404c-1957-46d4-a36b-f9feca68dcf3/IHandle66e7c62b-8b53-4c42-a6db-5920df89a6f1(omero.cmd._HandleTie@33b77a17)
2024-10-11 09:25:27,009 DEBUG [                omero.util.ServantHolder] (.Server-11) Added omero.cmd._HandleTie@33b77a17 to omero.util.ServantHolder@149b3864 as IHandle66e7c62b-8b53-4c42-a6db-5920df89a6f1
2024-10-11 09:25:27,022 INFO  [                 org.perf4j.TimingLogger] (.Server-11) start[1728638727010] time[12] tag[omero.background.submit]
2024-10-11 09:25:27,023 INFO  [                 org.perf4j.TimingLogger] (.Server-11) start[1728638726972] time[50] tag[omero.import.process.submit]
2024-10-11 09:25:27,024 DEBUG [                omero.util.ServantHolder] (l.Server-9) Removed omero.grid._ImportProcessTie@2954d1c2 from omero.util.ServantHolder@149b3864 as 5f1e1f06-dca4-4734-af53-10deb5d5bbae-ManagedImportProcessI
2024-10-11 09:25:27,024 INFO  [                      omero.cmd.SessionI] (l.Server-9) Unregistered servant:83be404c-1957-46d4-a36b-f9feca68dcf3/5f1e1f06-dca4-4734-af53-10deb5d5bbae-ManagedImportProcessI(omero.grid._ImportProcessTie@2954d1c2)
2024-10-11 09:25:27,038 INFO  [    ome.formats.OMEROMetadataStoreClient] (2-thread-6) Call context: {omero.group:0}
2024-10-11 09:25:27,038 INFO  [    ome.formats.OMEROMetadataStoreClient] (2-thread-6) Call context: {omero.logfilename:root_0/2024-10/11/09-25-26.291.log}
2024-10-11 09:25:27,044 INFO  [    ome.security.basic.BasicEventContext] (.Server-13)  cctx:	group=0
2024-10-11 09:25:27,045 INFO  [         ome.security.basic.EventHandler] (.Server-13)  Auth:	user=0,group=0,event=null(User),sess=83be404c-1957-46d4-a36b-f9feca68dcf3
2024-10-11 09:25:27,052 INFO  [                 org.perf4j.TimingLogger] (.Server-13) start[1728638727043] time[8] tag[omero.call.success.ome.logic.AdminImpl.getEventContext]
2024-10-11 09:25:27,096 INFO  [    ome.formats.OMEROMetadataStoreClient] (2-thread-6) Pinging session every 300s.
2024-10-11 09:25:27,117 INFO  [                loci.formats.ImageReader] (2-thread-6) IonpathMIBITiffReader initializing /OMERO/ManagedRepository/root_0/2024-10/11/09-25-26.291/TA459_multipleCores2_Run-4_Point3.tiff
2024-10-11 09:25:27,117 INFO  [       loci.formats.in.MinimalTiffReader] (2-thread-6) Reading IFDs
2024-10-11 09:25:27,118 INFO  [       loci.formats.in.MinimalTiffReader] (2-thread-6) Populating metadata
2024-10-11 09:25:27,120 INFO  [          loci.formats.in.BaseTiffReader] (2-thread-6) Populating OME metadata
2024-10-11 09:25:27,123 INFO  [    ome.security.basic.BasicEventContext] (.Server-14)  cctx:	group=0
2024-10-11 09:25:27,124 INFO  [         ome.security.basic.EventHandler] (.Server-14)  Auth:	user=0,group=0,event=null(User),sess=83be404c-1957-46d4-a36b-f9feca68dcf3
2024-10-11 09:25:27,126 INFO  [                 org.perf4j.TimingLogger] (.Server-14) start[1728638727123] time[2] tag[omero.call.success.ome.logic.QueryImpl.findAll]
2024-10-11 09:25:27,129 INFO  [    ome.security.basic.BasicEventContext] (l.Server-9)  cctx:	group=0
2024-10-11 09:25:27,130 INFO  [         ome.security.basic.EventHandler] (l.Server-9)  Auth:	user=0,group=0,event=null(User),sess=83be404c-1957-46d4-a36b-f9feca68dcf3
2024-10-11 09:25:27,131 INFO  [                 org.perf4j.TimingLogger] (l.Server-9) start[1728638727129] time[1] tag[omero.call.success.ome.logic.QueryImpl.findAll]
2024-10-11 09:25:27,132 INFO  [    ome.security.basic.BasicEventContext] (.Server-12)  cctx:	group=0
2024-10-11 09:25:27,133 INFO  [         ome.security.basic.EventHandler] (.Server-12)  Auth:	user=0,group=0,event=null(User),sess=83be404c-1957-46d4-a36b-f9feca68dcf3
2024-10-11 09:25:27,134 INFO  [                 org.perf4j.TimingLogger] (.Server-12) start[1728638727131] time[2] tag[omero.call.success.ome.logic.QueryImpl.findAll]
2024-10-11 09:25:27,135 INFO  [    ome.security.basic.BasicEventContext] (.Server-15)  cctx:	group=0
2024-10-11 09:25:27,136 INFO  [         ome.security.basic.EventHandler] (.Server-15)  Auth:	user=0,group=0,event=null(User),sess=83be404c-1957-46d4-a36b-f9feca68dcf3
2024-10-11 09:25:27,137 INFO  [                 org.perf4j.TimingLogger] (.Server-15) start[1728638727135] time[2] tag[omero.call.success.ome.logic.QueryImpl.findAll]
2024-10-11 09:25:27,159 DEBUG [                   loci.formats.Memoizer] (2-thread-6) saved to temp file: /OMERO/BioFormatsCache/OMERO/ManagedRepository/root_0/2024-10/11/09-25-26.291/.TA459_multipleCores2_Run-4_Point3.tiff.bfmemo6258700794547777283
2024-10-11 09:25:27,159 DEBUG [                   loci.formats.Memoizer] (2-thread-6) start[1728638727150] time[9] tag[loci.formats.Memoizer.saveMemo]
2024-10-11 09:25:27,159 DEBUG [                   loci.formats.Memoizer] (2-thread-6) saved memo file: /OMERO/BioFormatsCache/OMERO/ManagedRepository/root_0/2024-10/11/09-25-26.291/.TA459_multipleCores2_Run-4_Point3.tiff.bfmemo (50729 bytes)
2024-10-11 09:25:27,159 DEBUG [                   loci.formats.Memoizer] (2-thread-6) start[1728638727096] time[63] tag[loci.formats.Memoizer.setId]
2024-10-11 09:25:27,159 DEBUG [    o.s.blitz.repo.ManagedImportRequestI] (2-thread-6) Image Count: 44
2024-10-11 09:25:27,159 INFO  [    o.s.blitz.repo.ManagedImportRequestI] (2-thread-6) File format: Ionpath MIBI
2024-10-11 09:25:27,159 INFO  [    o.s.blitz.repo.ManagedImportRequestI] (2-thread-6) Base reader: loci.formats.in.IonpathMIBITiffReader
2024-10-11 09:25:27,159 INFO  [                 org.perf4j.TimingLogger] (2-thread-6) start[1728638727036] time[122] tag[omero.import.request.init]
2024-10-11 09:25:27,159 DEBUG [    o.s.blitz.repo.ManagedImportRequestI] (2-thread-6) Step 0
2024-10-11 09:25:27,160 WARN  [    ome.formats.model.ReferenceProcessor] (2-thread-6) Unknown target class for LSID: Image:SIMS
2024-10-11 09:25:27,161 INFO  [    ome.formats.OMEROMetadataStoreClient] (2-thread-6) Handling # of containers: 91
2024-10-11 09:25:27,162 INFO  [    ome.security.basic.BasicEventContext] (.Server-10)  cctx:	group=0
2024-10-11 09:25:27,164 INFO  [         ome.security.basic.EventHandler] (.Server-10)  Auth:	user=0,group=0,event=null(User),sess=83be404c-1957-46d4-a36b-f9feca68dcf3
2024-10-11 09:25:27,164 INFO  [                 org.perf4j.TimingLogger] (.Server-10) start[1728638727162] time[2] tag[omero.call.success.ome.services.blitz.impl.MetadataStoreI$4.doWork]
2024-10-11 09:25:27,165 INFO  [    ome.formats.OMEROMetadataStoreClient] (2-thread-6) Handling # of references: 1
2024-10-11 09:25:27,166 INFO  [    ome.security.basic.BasicEventContext] (l.Server-4)  cctx:	group=0
2024-10-11 09:25:27,167 INFO  [         ome.security.basic.EventHandler] (l.Server-4)  Auth:	user=0,group=0,event=null(User),sess=83be404c-1957-46d4-a36b-f9feca68dcf3
2024-10-11 09:25:27,168 INFO  [                 org.perf4j.TimingLogger] (l.Server-4) start[1728638727166] time[2] tag[omero.call.success.ome.services.blitz.impl.MetadataStoreI$5.doWork]
2024-10-11 09:25:27,170 INFO  [    ome.security.basic.BasicEventContext] (.Server-14)  cctx:	group=0
2024-10-11 09:25:27,180 INFO  [         ome.security.basic.EventHandler] (.Server-14)  Auth:	user=0,group=0,event=28716(User),sess=83be404c-1957-46d4-a36b-f9feca68dcf3
2024-10-11 09:25:27,188 INFO  [       ome.security.basic.CurrentDetails] (.Server-14) Adding log:INSERT,class ome.model.core.Image,236
2024-10-11 09:25:27,189 INFO  [       ome.security.basic.CurrentDetails] (.Server-14) Adding log:INSERT,class ome.model.containers.DatasetImageLink,236
2024-10-11 09:25:27,189 INFO  [       ome.security.basic.CurrentDetails] (.Server-14) Adding log:INSERT,class ome.model.core.Pixels,236
2024-10-11 09:25:27,190 INFO  [       ome.security.basic.CurrentDetails] (.Server-14) Adding log:INSERT,class ome.model.core.LogicalChannel,2091
2024-10-11 09:25:27,190 INFO  [       ome.security.basic.CurrentDetails] (.Server-14) Adding log:INSERT,class ome.model.core.Channel,2091
2024-10-11 09:25:27,191 INFO  [       ome.security.basic.CurrentDetails] (.Server-14) Adding log:INSERT,class ome.model.core.LogicalChannel,2092
2024-10-11 09:25:27,191 INFO  [       ome.security.basic.CurrentDetails] (.Server-14) Adding log:INSERT,class ome.model.core.Channel,2092
2024-10-11 09:25:27,191 INFO  [       ome.security.basic.CurrentDetails] (.Server-14) Adding log:INSERT,class ome.model.core.LogicalChannel,2093
2024-10-11 09:25:27,191 INFO  [       ome.security.basic.CurrentDetails] (.Server-14) Adding log:INSERT,class ome.model.core.Channel,2093
2024-10-11 09:25:27,192 INFO  [       ome.security.basic.CurrentDetails] (.Server-14) Adding log:INSERT,class ome.model.core.LogicalChannel,2094
2024-10-11 09:25:27,192 INFO  [       ome.security.basic.CurrentDetails] (.Server-14) Adding log:INSERT,class ome.model.core.Channel,2094
2024-10-11 09:25:27,192 INFO  [       ome.security.basic.CurrentDetails] (.Server-14) Adding log:INSERT,class ome.model.core.LogicalChannel,2095
2024-10-11 09:25:27,193 INFO  [       ome.security.basic.CurrentDetails] (.Server-14) Adding log:INSERT,class ome.model.core.Channel,2095
2024-10-11 09:25:27,193 INFO  [       ome.security.basic.CurrentDetails] (.Server-14) Adding log:INSERT,class ome.model.core.LogicalChannel,2096
2024-10-11 09:25:27,193 INFO  [       ome.security.basic.CurrentDetails] (.Server-14) Adding log:INSERT,class ome.model.core.Channel,2096
2024-10-11 09:25:27,194 INFO  [       ome.security.basic.CurrentDetails] (.Server-14) Adding log:INSERT,class ome.model.core.LogicalChannel,2097
2024-10-11 09:25:27,194 INFO  [       ome.security.basic.CurrentDetails] (.Server-14) Adding log:INSERT,class ome.model.core.Channel,2097
2024-10-11 09:25:27,194 INFO  [       ome.security.basic.CurrentDetails] (.Server-14) Adding log:INSERT,class ome.model.core.LogicalChannel,2098
2024-10-11 09:25:27,195 INFO  [       ome.security.basic.CurrentDetails] (.Server-14) Adding log:INSERT,class ome.model.core.Channel,2098
2024-10-11 09:25:27,196 INFO  [       ome.security.basic.CurrentDetails] (.Server-14) Adding log:INSERT,class ome.model.core.LogicalChannel,2099
2024-10-11 09:25:27,196 INFO  [       ome.security.basic.CurrentDetails] (.Server-14) Adding log:INSERT,class ome.model.core.Channel,2099
2024-10-11 09:25:27,196 INFO  [       ome.security.basic.CurrentDetails] (.Server-14) Adding log:INSERT,class ome.model.core.LogicalChannel,2100
2024-10-11 09:25:27,197 INFO  [       ome.security.basic.CurrentDetails] (.Server-14) Adding log:INSERT,class ome.model.core.Channel,2100
2024-10-11 09:25:27,197 INFO  [       ome.security.basic.CurrentDetails] (.Server-14) Adding log:INSERT,class ome.model.core.LogicalChannel,2101
2024-10-11 09:25:27,198 INFO  [       ome.security.basic.CurrentDetails] (.Server-14) Adding log:INSERT,class ome.model.core.Channel,2101
2024-10-11 09:25:27,198 INFO  [       ome.security.basic.CurrentDetails] (.Server-14) Adding log:INSERT,class ome.model.core.LogicalChannel,2102
2024-10-11 09:25:27,198 INFO  [       ome.security.basic.CurrentDetails] (.Server-14) Adding log:INSERT,class ome.model.core.Channel,2102
2024-10-11 09:25:27,199 INFO  [       ome.security.basic.CurrentDetails] (.Server-14) Adding log:INSERT,class ome.model.core.LogicalChannel,2103
2024-10-11 09:25:27,199 INFO  [       ome.security.basic.CurrentDetails] (.Server-14) Adding log:INSERT,class ome.model.core.Channel,2103
2024-10-11 09:25:27,200 INFO  [       ome.security.basic.CurrentDetails] (.Server-14) Adding log:INSERT,class ome.model.core.LogicalChannel,2104
2024-10-11 09:25:27,200 INFO  [       ome.security.basic.CurrentDetails] (.Server-14) Adding log:INSERT,class ome.model.core.Channel,2104
2024-10-11 09:25:27,200 INFO  [       ome.security.basic.CurrentDetails] (.Server-14) Adding log:INSERT,class ome.model.core.LogicalChannel,2105
2024-10-11 09:25:27,201 INFO  [       ome.security.basic.CurrentDetails] (.Server-14) Adding log:INSERT,class ome.model.core.Channel,2105
2024-10-11 09:25:27,201 INFO  [       ome.security.basic.CurrentDetails] (.Server-14) Adding log:INSERT,class ome.model.core.LogicalChannel,2106
2024-10-11 09:25:27,202 INFO  [       ome.security.basic.CurrentDetails] (.Server-14) Adding log:INSERT,class ome.model.core.Channel,2106
2024-10-11 09:25:27,202 INFO  [       ome.security.basic.CurrentDetails] (.Server-14) Adding log:INSERT,class ome.model.core.LogicalChannel,2107
2024-10-11 09:25:27,203 INFO  [       ome.security.basic.CurrentDetails] (.Server-14) Adding log:INSERT,class ome.model.core.Channel,2107
2024-10-11 09:25:27,204 INFO  [       ome.security.basic.CurrentDetails] (.Server-14) Adding log:INSERT,class ome.model.core.LogicalChannel,2108
2024-10-11 09:25:27,204 INFO  [       ome.security.basic.CurrentDetails] (.Server-14) Adding log:INSERT,class ome.model.core.Channel,2108
2024-10-11 09:25:27,205 INFO  [       ome.security.basic.CurrentDetails] (.Server-14) Adding log:INSERT,class ome.model.core.LogicalChannel,2109
2024-10-11 09:25:27,206 INFO  [       ome.security.basic.CurrentDetails] (.Server-14) Adding log:INSERT,class ome.model.core.Channel,2109
2024-10-11 09:25:27,207 INFO  [       ome.security.basic.CurrentDetails] (.Server-14) Adding log:INSERT,class ome.model.core.LogicalChannel,2110
2024-10-11 09:25:27,207 INFO  [       ome.security.basic.CurrentDetails] (.Server-14) Adding log:INSERT,class ome.model.core.Channel,2110
2024-10-11 09:25:27,208 INFO  [       ome.security.basic.CurrentDetails] (.Server-14) Adding log:INSERT,class ome.model.core.LogicalChannel,2111
2024-10-11 09:25:27,208 INFO  [       ome.security.basic.CurrentDetails] (.Server-14) Adding log:INSERT,class ome.model.core.Channel,2111
2024-10-11 09:25:27,208 INFO  [       ome.security.basic.CurrentDetails] (.Server-14) Adding log:INSERT,class ome.model.core.LogicalChannel,2112
2024-10-11 09:25:27,209 INFO  [       ome.security.basic.CurrentDetails] (.Server-14) Adding log:INSERT,class ome.model.core.Channel,2112
2024-10-11 09:25:27,209 INFO  [       ome.security.basic.CurrentDetails] (.Server-14) Adding log:INSERT,class ome.model.core.LogicalChannel,2113
2024-10-11 09:25:27,210 INFO  [       ome.security.basic.CurrentDetails] (.Server-14) Adding log:INSERT,class ome.model.core.Channel,2113
2024-10-11 09:25:27,210 INFO  [       ome.security.basic.CurrentDetails] (.Server-14) Adding log:INSERT,class ome.model.core.LogicalChannel,2114
2024-10-11 09:25:27,210 INFO  [       ome.security.basic.CurrentDetails] (.Server-14) Adding log:INSERT,class ome.model.core.Channel,2114
2024-10-11 09:25:27,211 INFO  [       ome.security.basic.CurrentDetails] (.Server-14) Adding log:INSERT,class ome.model.core.LogicalChannel,2115
2024-10-11 09:25:27,211 INFO  [       ome.security.basic.CurrentDetails] (.Server-14) Adding log:INSERT,class ome.model.core.Channel,2115
2024-10-11 09:25:27,211 INFO  [       ome.security.basic.CurrentDetails] (.Server-14) Adding log:INSERT,class ome.model.core.LogicalChannel,2116
2024-10-11 09:25:27,212 INFO  [       ome.security.basic.CurrentDetails] (.Server-14) Adding log:INSERT,class ome.model.core.Channel,2116
2024-10-11 09:25:27,212 INFO  [       ome.security.basic.CurrentDetails] (.Server-14) Adding log:INSERT,class ome.model.core.LogicalChannel,2117
2024-10-11 09:25:27,212 INFO  [       ome.security.basic.CurrentDetails] (.Server-14) Adding log:INSERT,class ome.model.core.Channel,2117
2024-10-11 09:25:27,213 INFO  [       ome.security.basic.CurrentDetails] (.Server-14) Adding log:INSERT,class ome.model.core.LogicalChannel,2118
2024-10-11 09:25:27,213 INFO  [       ome.security.basic.CurrentDetails] (.Server-14) Adding log:INSERT,class ome.model.core.Channel,2118
2024-10-11 09:25:27,213 INFO  [       ome.security.basic.CurrentDetails] (.Server-14) Adding log:INSERT,class ome.model.core.LogicalChannel,2119
2024-10-11 09:25:27,214 INFO  [       ome.security.basic.CurrentDetails] (.Server-14) Adding log:INSERT,class ome.model.core.Channel,2119
2024-10-11 09:25:27,214 INFO  [       ome.security.basic.CurrentDetails] (.Server-14) Adding log:INSERT,class ome.model.core.LogicalChannel,2120
2024-10-11 09:25:27,214 INFO  [       ome.security.basic.CurrentDetails] (.Server-14) Adding log:INSERT,class ome.model.core.Channel,2120
2024-10-11 09:25:27,215 INFO  [       ome.security.basic.CurrentDetails] (.Server-14) Adding log:INSERT,class ome.model.core.LogicalChannel,2121
2024-10-11 09:25:27,215 INFO  [       ome.security.basic.CurrentDetails] (.Server-14) Adding log:INSERT,class ome.model.core.Channel,2121
2024-10-11 09:25:27,216 INFO  [       ome.security.basic.CurrentDetails] (.Server-14) Adding log:INSERT,class ome.model.core.LogicalChannel,2122
2024-10-11 09:25:27,216 INFO  [       ome.security.basic.CurrentDetails] (.Server-14) Adding log:INSERT,class ome.model.core.Channel,2122
2024-10-11 09:25:27,216 INFO  [       ome.security.basic.CurrentDetails] (.Server-14) Adding log:INSERT,class ome.model.core.LogicalChannel,2123
2024-10-11 09:25:27,217 INFO  [       ome.security.basic.CurrentDetails] (.Server-14) Adding log:INSERT,class ome.model.core.Channel,2123
2024-10-11 09:25:27,217 INFO  [       ome.security.basic.CurrentDetails] (.Server-14) Adding log:INSERT,class ome.model.core.LogicalChannel,2124
2024-10-11 09:25:27,217 INFO  [       ome.security.basic.CurrentDetails] (.Server-14) Adding log:INSERT,class ome.model.core.Channel,2124
2024-10-11 09:25:27,218 INFO  [       ome.security.basic.CurrentDetails] (.Server-14) Adding log:INSERT,class ome.model.core.LogicalChannel,2125
2024-10-11 09:25:27,218 INFO  [       ome.security.basic.CurrentDetails] (.Server-14) Adding log:INSERT,class ome.model.core.Channel,2125
2024-10-11 09:25:27,219 INFO  [       ome.security.basic.CurrentDetails] (.Server-14) Adding log:INSERT,class ome.model.core.LogicalChannel,2126
2024-10-11 09:25:27,219 INFO  [       ome.security.basic.CurrentDetails] (.Server-14) Adding log:INSERT,class ome.model.core.Channel,2126
2024-10-11 09:25:27,220 INFO  [       ome.security.basic.CurrentDetails] (.Server-14) Adding log:INSERT,class ome.model.core.LogicalChannel,2127
2024-10-11 09:25:27,220 INFO  [       ome.security.basic.CurrentDetails] (.Server-14) Adding log:INSERT,class ome.model.core.Channel,2127
2024-10-11 09:25:27,220 INFO  [       ome.security.basic.CurrentDetails] (.Server-14) Adding log:INSERT,class ome.model.core.LogicalChannel,2128
2024-10-11 09:25:27,221 INFO  [       ome.security.basic.CurrentDetails] (.Server-14) Adding log:INSERT,class ome.model.core.Channel,2128
2024-10-11 09:25:27,221 INFO  [       ome.security.basic.CurrentDetails] (.Server-14) Adding log:INSERT,class ome.model.core.LogicalChannel,2129
2024-10-11 09:25:27,222 INFO  [       ome.security.basic.CurrentDetails] (.Server-14) Adding log:INSERT,class ome.model.core.Channel,2129
2024-10-11 09:25:27,223 INFO  [       ome.security.basic.CurrentDetails] (.Server-14) Adding log:INSERT,class ome.model.core.LogicalChannel,2130
2024-10-11 09:25:27,223 INFO  [       ome.security.basic.CurrentDetails] (.Server-14) Adding log:INSERT,class ome.model.core.Channel,2130
2024-10-11 09:25:27,224 INFO  [       ome.security.basic.CurrentDetails] (.Server-14) Adding log:INSERT,class ome.model.core.LogicalChannel,2131
2024-10-11 09:25:27,224 INFO  [       ome.security.basic.CurrentDetails] (.Server-14) Adding log:INSERT,class ome.model.core.Channel,2131
2024-10-11 09:25:27,231 INFO  [       ome.security.basic.CurrentDetails] (.Server-14) Adding log:INSERT,class ome.model.core.LogicalChannel,2132
2024-10-11 09:25:27,231 INFO  [       ome.security.basic.CurrentDetails] (.Server-14) Adding log:INSERT,class ome.model.core.Channel,2132
2024-10-11 09:25:27,232 INFO  [       ome.security.basic.CurrentDetails] (.Server-14) Adding log:INSERT,class ome.model.core.LogicalChannel,2133
2024-10-11 09:25:27,232 INFO  [       ome.security.basic.CurrentDetails] (.Server-14) Adding log:INSERT,class ome.model.core.Channel,2133
2024-10-11 09:25:27,233 INFO  [       ome.security.basic.CurrentDetails] (.Server-14) Adding log:INSERT,class ome.model.core.LogicalChannel,2134
2024-10-11 09:25:27,233 INFO  [       ome.security.basic.CurrentDetails] (.Server-14) Adding log:INSERT,class ome.model.core.Channel,2134
2024-10-11 09:25:27,247 INFO  [                 org.perf4j.TimingLogger] (.Server-14) start[1728638727180] time[66] tag[omero.saveImportGraph]
2024-10-11 09:25:27,261 INFO  [                 org.perf4j.TimingLogger] (.Server-14) start[1728638727169] time[92] tag[omero.call.success.ome.services.blitz.impl.MetadataStoreI$3.doWork]
2024-10-11 09:25:27,264 INFO  [                 org.perf4j.TimingLogger] (2-thread-6) start[1728638727159] time[104] tag[omero.import.request.metadata]
2024-10-11 09:25:27,265 INFO  [    ome.security.basic.BasicEventContext] (l.Server-9)  cctx:	group=0
2024-10-11 09:25:27,266 INFO  [         ome.security.basic.EventHandler] (l.Server-9)  Auth:	user=0,group=0,event=null(User),sess=83be404c-1957-46d4-a36b-f9feca68dcf3
2024-10-11 09:25:27,268 INFO  [                 org.perf4j.TimingLogger] (l.Server-9) start[1728638727264] time[3] tag[omero.call.success.ome.logic.QueryImpl.get]
2024-10-11 09:25:27,270 INFO  [    ome.security.basic.BasicEventContext] (.Server-12)  cctx:	group=0
2024-10-11 09:25:27,274 INFO  [         ome.security.basic.EventHandler] (.Server-12)  Auth:	user=0,group=0,event=28721(User),sess=83be404c-1957-46d4-a36b-f9feca68dcf3
2024-10-11 09:25:27,276 INFO  [       ome.security.basic.CurrentDetails] (.Server-12) Adding log:UPDATE,class ome.model.core.OriginalFile,3145
2024-10-11 09:25:27,280 INFO  [                 org.perf4j.TimingLogger] (.Server-12) start[1728638727269] time[11] tag[omero.call.success.ome.logic.UpdateImpl.saveObject]
2024-10-11 09:25:27,281 INFO  [                 org.perf4j.TimingLogger] (2-thread-6) start[1728638727159] time[121] tag[omero.import.request.step]
2024-10-11 09:25:27,281 DEBUG [    o.s.blitz.repo.ManagedImportRequestI] (2-thread-6) Step 1
2024-10-11 09:25:27,281 DEBUG [    o.s.blitz.repo.ManagedImportRequestI] (2-thread-6) Plane:0 X:0 Y:0 TileWidth:2048 TileHeight:2048 arrayBuf.length:8388608
2024-10-11 09:25:27,355 DEBUG [    o.s.blitz.repo.ManagedImportRequestI] (2-thread-6) Plane:1 X:0 Y:0 TileWidth:2048 TileHeight:2048 arrayBuf.length:8388608
2024-10-11 09:25:27,422 DEBUG [    o.s.blitz.repo.ManagedImportRequestI] (2-thread-6) Plane:2 X:0 Y:0 TileWidth:2048 TileHeight:2048 arrayBuf.length:8388608
2024-10-11 09:25:27,517 DEBUG [    o.s.blitz.repo.ManagedImportRequestI] (2-thread-6) Plane:3 X:0 Y:0 TileWidth:2048 TileHeight:2048 arrayBuf.length:8388608
2024-10-11 09:25:27,625 DEBUG [    o.s.blitz.repo.ManagedImportRequestI] (2-thread-6) Plane:4 X:0 Y:0 TileWidth:2048 TileHeight:2048 arrayBuf.length:8388608
2024-10-11 09:25:27,721 DEBUG [    o.s.blitz.repo.ManagedImportRequestI] (2-thread-6) Plane:5 X:0 Y:0 TileWidth:2048 TileHeight:2048 arrayBuf.length:8388608
2024-10-11 09:25:27,800 DEBUG [    o.s.blitz.repo.ManagedImportRequestI] (2-thread-6) Plane:6 X:0 Y:0 TileWidth:2048 TileHeight:2048 arrayBuf.length:8388608
2024-10-11 09:25:27,883 DEBUG [    o.s.blitz.repo.ManagedImportRequestI] (2-thread-6) Plane:7 X:0 Y:0 TileWidth:2048 TileHeight:2048 arrayBuf.length:8388608
2024-10-11 09:25:27,939 DEBUG [    o.s.blitz.repo.ManagedImportRequestI] (2-thread-6) Plane:8 X:0 Y:0 TileWidth:2048 TileHeight:2048 arrayBuf.length:8388608
2024-10-11 09:25:28,001 DEBUG [    o.s.blitz.repo.ManagedImportRequestI] (2-thread-6) Plane:9 X:0 Y:0 TileWidth:2048 TileHeight:2048 arrayBuf.length:8388608
2024-10-11 09:25:28,075 DEBUG [    o.s.blitz.repo.ManagedImportRequestI] (2-thread-6) Plane:10 X:0 Y:0 TileWidth:2048 TileHeight:2048 arrayBuf.length:8388608
2024-10-11 09:25:28,133 DEBUG [    o.s.blitz.repo.ManagedImportRequestI] (2-thread-6) Plane:11 X:0 Y:0 TileWidth:2048 TileHeight:2048 arrayBuf.length:8388608
2024-10-11 09:25:28,205 DEBUG [    o.s.blitz.repo.ManagedImportRequestI] (2-thread-6) Plane:12 X:0 Y:0 TileWidth:2048 TileHeight:2048 arrayBuf.length:8388608
2024-10-11 09:25:28,270 DEBUG [    o.s.blitz.repo.ManagedImportRequestI] (2-thread-6) Plane:13 X:0 Y:0 TileWidth:2048 TileHeight:2048 arrayBuf.length:8388608
2024-10-11 09:25:28,335 DEBUG [    o.s.blitz.repo.ManagedImportRequestI] (2-thread-6) Plane:14 X:0 Y:0 TileWidth:2048 TileHeight:2048 arrayBuf.length:8388608
2024-10-11 09:25:28,400 DEBUG [    o.s.blitz.repo.ManagedImportRequestI] (2-thread-6) Plane:15 X:0 Y:0 TileWidth:2048 TileHeight:2048 arrayBuf.length:8388608
2024-10-11 09:25:28,476 DEBUG [    o.s.blitz.repo.ManagedImportRequestI] (2-thread-6) Plane:16 X:0 Y:0 TileWidth:2048 TileHeight:2048 arrayBuf.length:8388608
2024-10-11 09:25:28,541 DEBUG [    o.s.blitz.repo.ManagedImportRequestI] (2-thread-6) Plane:17 X:0 Y:0 TileWidth:2048 TileHeight:2048 arrayBuf.length:8388608
2024-10-11 09:25:28,625 DEBUG [    o.s.blitz.repo.ManagedImportRequestI] (2-thread-6) Plane:18 X:0 Y:0 TileWidth:2048 TileHeight:2048 arrayBuf.length:8388608
2024-10-11 09:25:28,692 DEBUG [    o.s.blitz.repo.ManagedImportRequestI] (2-thread-6) Plane:19 X:0 Y:0 TileWidth:2048 TileHeight:2048 arrayBuf.length:8388608
2024-10-11 09:25:28,787 DEBUG [    o.s.blitz.repo.ManagedImportRequestI] (2-thread-6) Plane:20 X:0 Y:0 TileWidth:2048 TileHeight:2048 arrayBuf.length:8388608
2024-10-11 09:25:28,845 DEBUG [    o.s.blitz.repo.ManagedImportRequestI] (2-thread-6) Plane:21 X:0 Y:0 TileWidth:2048 TileHeight:2048 arrayBuf.length:8388608
2024-10-11 09:25:28,946 DEBUG [    o.s.blitz.repo.ManagedImportRequestI] (2-thread-6) Plane:22 X:0 Y:0 TileWidth:2048 TileHeight:2048 arrayBuf.length:8388608
2024-10-11 09:25:29,011 DEBUG [    o.s.blitz.repo.ManagedImportRequestI] (2-thread-6) Plane:23 X:0 Y:0 TileWidth:2048 TileHeight:2048 arrayBuf.length:8388608
2024-10-11 09:25:29,073 DEBUG [    o.s.blitz.repo.ManagedImportRequestI] (2-thread-6) Plane:24 X:0 Y:0 TileWidth:2048 TileHeight:2048 arrayBuf.length:8388608
2024-10-11 09:25:29,131 DEBUG [    o.s.blitz.repo.ManagedImportRequestI] (2-thread-6) Plane:25 X:0 Y:0 TileWidth:2048 TileHeight:2048 arrayBuf.length:8388608
2024-10-11 09:25:29,205 DEBUG [    o.s.blitz.repo.ManagedImportRequestI] (2-thread-6) Plane:26 X:0 Y:0 TileWidth:2048 TileHeight:2048 arrayBuf.length:8388608
2024-10-11 09:25:29,265 DEBUG [    o.s.blitz.repo.ManagedImportRequestI] (2-thread-6) Plane:27 X:0 Y:0 TileWidth:2048 TileHeight:2048 arrayBuf.length:8388608
2024-10-11 09:25:29,322 DEBUG [    o.s.blitz.repo.ManagedImportRequestI] (2-thread-6) Plane:28 X:0 Y:0 TileWidth:2048 TileHeight:2048 arrayBuf.length:8388608
2024-10-11 09:25:29,380 DEBUG [    o.s.blitz.repo.ManagedImportRequestI] (2-thread-6) Plane:29 X:0 Y:0 TileWidth:2048 TileHeight:2048 arrayBuf.length:8388608
2024-10-11 09:25:29,453 DEBUG [    o.s.blitz.repo.ManagedImportRequestI] (2-thread-6) Plane:30 X:0 Y:0 TileWidth:2048 TileHeight:2048 arrayBuf.length:8388608
2024-10-11 09:25:29,509 DEBUG [    o.s.blitz.repo.ManagedImportRequestI] (2-thread-6) Plane:31 X:0 Y:0 TileWidth:2048 TileHeight:2048 arrayBuf.length:8388608
2024-10-11 09:25:29,566 DEBUG [    o.s.blitz.repo.ManagedImportRequestI] (2-thread-6) Plane:32 X:0 Y:0 TileWidth:2048 TileHeight:2048 arrayBuf.length:8388608
2024-10-11 09:25:29,619 DEBUG [    o.s.blitz.repo.ManagedImportRequestI] (2-thread-6) Plane:33 X:0 Y:0 TileWidth:2048 TileHeight:2048 arrayBuf.length:8388608
2024-10-11 09:25:29,700 DEBUG [    o.s.blitz.repo.ManagedImportRequestI] (2-thread-6) Plane:34 X:0 Y:0 TileWidth:2048 TileHeight:2048 arrayBuf.length:8388608
2024-10-11 09:25:29,772 DEBUG [    o.s.blitz.repo.ManagedImportRequestI] (2-thread-6) Plane:35 X:0 Y:0 TileWidth:2048 TileHeight:2048 arrayBuf.length:8388608
2024-10-11 09:25:29,829 DEBUG [    o.s.blitz.repo.ManagedImportRequestI] (2-thread-6) Plane:36 X:0 Y:0 TileWidth:2048 TileHeight:2048 arrayBuf.length:8388608
2024-10-11 09:25:29,887 DEBUG [    o.s.blitz.repo.ManagedImportRequestI] (2-thread-6) Plane:37 X:0 Y:0 TileWidth:2048 TileHeight:2048 arrayBuf.length:8388608
2024-10-11 09:25:29,949 DEBUG [    o.s.blitz.repo.ManagedImportRequestI] (2-thread-6) Plane:38 X:0 Y:0 TileWidth:2048 TileHeight:2048 arrayBuf.length:8388608
2024-10-11 09:25:30,034 DEBUG [    o.s.blitz.repo.ManagedImportRequestI] (2-thread-6) Plane:39 X:0 Y:0 TileWidth:2048 TileHeight:2048 arrayBuf.length:8388608
2024-10-11 09:25:30,110 DEBUG [    o.s.blitz.repo.ManagedImportRequestI] (2-thread-6) Plane:40 X:0 Y:0 TileWidth:2048 TileHeight:2048 arrayBuf.length:8388608
2024-10-11 09:25:30,177 DEBUG [    o.s.blitz.repo.ManagedImportRequestI] (2-thread-6) Plane:41 X:0 Y:0 TileWidth:2048 TileHeight:2048 arrayBuf.length:8388608
2024-10-11 09:25:30,261 DEBUG [    o.s.blitz.repo.ManagedImportRequestI] (2-thread-6) Plane:42 X:0 Y:0 TileWidth:2048 TileHeight:2048 arrayBuf.length:8388608
2024-10-11 09:25:30,326 DEBUG [    o.s.blitz.repo.ManagedImportRequestI] (2-thread-6) Plane:43 X:0 Y:0 TileWidth:2048 TileHeight:2048 arrayBuf.length:8388608
2024-10-11 09:25:30,384 INFO  [    ome.security.basic.BasicEventContext] (.Server-11)  cctx:	group=0
2024-10-11 09:25:30,388 INFO  [         ome.security.basic.EventHandler] (.Server-11)  Auth:	user=0,group=0,event=28782(User),sess=83be404c-1957-46d4-a36b-f9feca68dcf3
2024-10-11 09:25:30,392 INFO  [                 org.perf4j.TimingLogger] (.Server-11) start[1728638730383] time[8] tag[omero.call.success.ome.services.blitz.impl.MetadataStoreI$7.doWork]
2024-10-11 09:25:30,394 INFO  [    ome.security.basic.BasicEventContext] (.Server-15)  cctx:	group=0
2024-10-11 09:25:30,399 INFO  [         ome.security.basic.EventHandler] (.Server-15)  Auth:	user=0,group=0,event=28784(User),sess=83be404c-1957-46d4-a36b-f9feca68dcf3
2024-10-11 09:25:30,565 INFO  [       ome.security.basic.CurrentDetails] (.Server-15) Adding log:UPDATE,class ome.model.core.Pixels,236
2024-10-11 09:25:30,573 INFO  [                 org.perf4j.TimingLogger] (.Server-15) start[1728638730393] time[179] tag[omero.call.success.ome.logic.UpdateImpl.saveArray]
2024-10-11 09:25:30,574 INFO  [    ome.security.basic.BasicEventContext] (.Server-13)  cctx:	group=0
2024-10-11 09:25:30,578 INFO  [         ome.security.basic.EventHandler] (.Server-13)  Auth:	user=0,group=0,event=28795(User),sess=83be404c-1957-46d4-a36b-f9feca68dcf3
2024-10-11 09:25:30,610 INFO  [                 org.perf4j.TimingLogger] (.Server-13) start[1728638730573] time[36] tag[omero.call.success.ome.services.blitz.impl.MetadataStoreI$2.doWork]
2024-10-11 09:25:30,610 INFO  [                 org.perf4j.TimingLogger] (2-thread-6) start[1728638727281] time[3329] tag[omero.import.request.pixels]
2024-10-11 09:25:30,611 INFO  [    ome.security.basic.BasicEventContext] (.Server-10)  cctx:	group=0
2024-10-11 09:25:30,612 INFO  [         ome.security.basic.EventHandler] (.Server-10)  Auth:	user=0,group=0,event=null(User),sess=83be404c-1957-46d4-a36b-f9feca68dcf3
2024-10-11 09:25:30,614 INFO  [                 org.perf4j.TimingLogger] (.Server-10) start[1728638730611] time[2] tag[omero.call.success.ome.logic.QueryImpl.get]
2024-10-11 09:25:30,615 INFO  [    ome.security.basic.BasicEventContext] (l.Server-4)  cctx:	group=0
2024-10-11 09:25:30,620 INFO  [         ome.security.basic.EventHandler] (l.Server-4)  Auth:	user=0,group=0,event=28798(User),sess=83be404c-1957-46d4-a36b-f9feca68dcf3
2024-10-11 09:25:30,622 INFO  [       ome.security.basic.CurrentDetails] (l.Server-4) Adding log:UPDATE,class ome.model.core.OriginalFile,3145
2024-10-11 09:25:30,626 INFO  [                 org.perf4j.TimingLogger] (l.Server-4) start[1728638730614] time[11] tag[omero.call.success.ome.logic.UpdateImpl.saveObject]
2024-10-11 09:25:30,626 INFO  [                 org.perf4j.TimingLogger] (2-thread-6) start[1728638727281] time[3345] tag[omero.import.request.step]
2024-10-11 09:25:30,626 DEBUG [    o.s.blitz.repo.ManagedImportRequestI] (2-thread-6) Step 2
2024-10-11 09:25:30,628 INFO  [    ome.security.basic.BasicEventContext] (.Server-14)  cctx:	group=0
2024-10-11 09:25:30,631 INFO  [         ome.security.basic.EventHandler] (.Server-14)  Auth:	user=0,group=0,event=28799(User),sess=83be404c-1957-46d4-a36b-f9feca68dcf3
2024-10-11 09:25:30,635 INFO  [                 org.perf4j.TimingLogger] (.Server-14) start[1728638730631] time[3] tag[omero.loadPixels]
2024-10-11 09:25:30,641 INFO  [                 org.perf4j.TimingLogger] (.Server-14) start[1728638730638] time[3] tag[omero.loadRenderingSettingsByUser]
2024-10-11 09:25:30,655 DEBUG [                   loci.formats.Memoizer] (.Server-14) start[1728638730644] time[11] tag[loci.formats.Memoizer.loadMemo]
2024-10-11 09:25:30,673 INFO  [                loci.formats.ImageReader] (.Server-14) IonpathMIBITiffReader initializing /OMERO/ManagedRepository/root_0/2024-10/11/09-25-26.291/TA459_multipleCores2_Run-4_Point3.tiff
2024-10-11 09:25:30,673 INFO  [       loci.formats.in.MinimalTiffReader] (.Server-14) Reading IFDs
2024-10-11 09:25:30,674 INFO  [       loci.formats.in.MinimalTiffReader] (.Server-14) Populating metadata
2024-10-11 09:25:30,676 INFO  [          loci.formats.in.BaseTiffReader] (.Server-14) Populating OME metadata
2024-10-11 09:25:30,681 DEBUG [                   loci.formats.Memoizer] (.Server-14) saved to temp file: /OMERO/BioFormatsCache/OMERO/ManagedRepository/root_0/2024-10/11/09-25-26.291/.TA459_multipleCores2_Run-4_Point3.tiff.bfmemo3299165281472813273
2024-10-11 09:25:30,681 DEBUG [                   loci.formats.Memoizer] (.Server-14) start[1728638730679] time[1] tag[loci.formats.Memoizer.saveMemo]
2024-10-11 09:25:30,681 DEBUG [                   loci.formats.Memoizer] (.Server-14) saved memo file: /OMERO/BioFormatsCache/OMERO/ManagedRepository/root_0/2024-10/11/09-25-26.291/.TA459_multipleCores2_Run-4_Point3.tiff.bfmemo (50720 bytes)
2024-10-11 09:25:30,681 DEBUG [                   loci.formats.Memoizer] (.Server-14) start[1728638730644] time[37] tag[loci.formats.Memoizer.setId]
2024-10-11 09:25:30,693 INFO  [       ome.security.basic.CurrentDetails] (.Server-14) Adding log:INSERT,class ome.model.display.QuantumDef,236
2024-10-11 09:25:30,695 INFO  [       ome.security.basic.CurrentDetails] (.Server-14) Adding log:INSERT,class ome.model.display.RenderingDef,236
2024-10-11 09:25:30,695 INFO  [       ome.security.basic.CurrentDetails] (.Server-14) Adding log:INSERT,class ome.model.display.ChannelBinding,2091
2024-10-11 09:25:30,696 INFO  [       ome.security.basic.CurrentDetails] (.Server-14) Adding log:INSERT,class ome.model.display.ChannelBinding,2092
2024-10-11 09:25:30,696 INFO  [       ome.security.basic.CurrentDetails] (.Server-14) Adding log:INSERT,class ome.model.display.ChannelBinding,2093
2024-10-11 09:25:30,697 INFO  [       ome.security.basic.CurrentDetails] (.Server-14) Adding log:INSERT,class ome.model.display.ChannelBinding,2094
2024-10-11 09:25:30,697 INFO  [       ome.security.basic.CurrentDetails] (.Server-14) Adding log:INSERT,class ome.model.display.ChannelBinding,2095
2024-10-11 09:25:30,697 INFO  [       ome.security.basic.CurrentDetails] (.Server-14) Adding log:INSERT,class ome.model.display.ChannelBinding,2096
2024-10-11 09:25:30,698 INFO  [       ome.security.basic.CurrentDetails] (.Server-14) Adding log:INSERT,class ome.model.display.ChannelBinding,2097
2024-10-11 09:25:30,698 INFO  [       ome.security.basic.CurrentDetails] (.Server-14) Adding log:INSERT,class ome.model.display.ChannelBinding,2098
2024-10-11 09:25:30,698 INFO  [       ome.security.basic.CurrentDetails] (.Server-14) Adding log:INSERT,class ome.model.display.ChannelBinding,2099
2024-10-11 09:25:30,699 INFO  [       ome.security.basic.CurrentDetails] (.Server-14) Adding log:INSERT,class ome.model.display.ChannelBinding,2100
2024-10-11 09:25:30,699 INFO  [       ome.security.basic.CurrentDetails] (.Server-14) Adding log:INSERT,class ome.model.display.ChannelBinding,2101
2024-10-11 09:25:30,699 INFO  [       ome.security.basic.CurrentDetails] (.Server-14) Adding log:INSERT,class ome.model.display.ChannelBinding,2102
2024-10-11 09:25:30,700 INFO  [       ome.security.basic.CurrentDetails] (.Server-14) Adding log:INSERT,class ome.model.display.ChannelBinding,2103
2024-10-11 09:25:30,700 INFO  [       ome.security.basic.CurrentDetails] (.Server-14) Adding log:INSERT,class ome.model.display.ChannelBinding,2104
2024-10-11 09:25:30,700 INFO  [       ome.security.basic.CurrentDetails] (.Server-14) Adding log:INSERT,class ome.model.display.ChannelBinding,2105
2024-10-11 09:25:30,701 INFO  [       ome.security.basic.CurrentDetails] (.Server-14) Adding log:INSERT,class ome.model.display.ChannelBinding,2106
2024-10-11 09:25:30,701 INFO  [       ome.security.basic.CurrentDetails] (.Server-14) Adding log:INSERT,class ome.model.display.ChannelBinding,2107
2024-10-11 09:25:30,701 INFO  [       ome.security.basic.CurrentDetails] (.Server-14) Adding log:INSERT,class ome.model.display.ChannelBinding,2108
2024-10-11 09:25:30,702 INFO  [       ome.security.basic.CurrentDetails] (.Server-14) Adding log:INSERT,class ome.model.display.ChannelBinding,2109
2024-10-11 09:25:30,702 INFO  [       ome.security.basic.CurrentDetails] (.Server-14) Adding log:INSERT,class ome.model.display.ChannelBinding,2110
2024-10-11 09:25:30,703 INFO  [       ome.security.basic.CurrentDetails] (.Server-14) Adding log:INSERT,class ome.model.display.ChannelBinding,2111
2024-10-11 09:25:30,703 INFO  [       ome.security.basic.CurrentDetails] (.Server-14) Adding log:INSERT,class ome.model.display.ChannelBinding,2112
2024-10-11 09:25:30,703 INFO  [       ome.security.basic.CurrentDetails] (.Server-14) Adding log:INSERT,class ome.model.display.ChannelBinding,2113
2024-10-11 09:25:30,704 INFO  [       ome.security.basic.CurrentDetails] (.Server-14) Adding log:INSERT,class ome.model.display.ChannelBinding,2114
2024-10-11 09:25:30,704 INFO  [       ome.security.basic.CurrentDetails] (.Server-14) Adding log:INSERT,class ome.model.display.ChannelBinding,2115
2024-10-11 09:25:30,704 INFO  [       ome.security.basic.CurrentDetails] (.Server-14) Adding log:INSERT,class ome.model.display.ChannelBinding,2116
2024-10-11 09:25:30,704 INFO  [       ome.security.basic.CurrentDetails] (.Server-14) Adding log:INSERT,class ome.model.display.ChannelBinding,2117
2024-10-11 09:25:30,705 INFO  [       ome.security.basic.CurrentDetails] (.Server-14) Adding log:INSERT,class ome.model.display.ChannelBinding,2118
2024-10-11 09:25:30,705 INFO  [       ome.security.basic.CurrentDetails] (.Server-14) Adding log:INSERT,class ome.model.display.ChannelBinding,2119
2024-10-11 09:25:30,705 INFO  [       ome.security.basic.CurrentDetails] (.Server-14) Adding log:INSERT,class ome.model.display.ChannelBinding,2120
2024-10-11 09:25:30,705 INFO  [       ome.security.basic.CurrentDetails] (.Server-14) Adding log:INSERT,class ome.model.display.ChannelBinding,2121
2024-10-11 09:25:30,705 INFO  [       ome.security.basic.CurrentDetails] (.Server-14) Adding log:INSERT,class ome.model.display.ChannelBinding,2122
2024-10-11 09:25:30,706 INFO  [       ome.security.basic.CurrentDetails] (.Server-14) Adding log:INSERT,class ome.model.display.ChannelBinding,2123
2024-10-11 09:25:30,706 INFO  [       ome.security.basic.CurrentDetails] (.Server-14) Adding log:INSERT,class ome.model.display.ChannelBinding,2124
2024-10-11 09:25:30,706 INFO  [       ome.security.basic.CurrentDetails] (.Server-14) Adding log:INSERT,class ome.model.display.ChannelBinding,2125
2024-10-11 09:25:30,706 INFO  [       ome.security.basic.CurrentDetails] (.Server-14) Adding log:INSERT,class ome.model.display.ChannelBinding,2126
2024-10-11 09:25:30,707 INFO  [       ome.security.basic.CurrentDetails] (.Server-14) Adding log:INSERT,class ome.model.display.ChannelBinding,2127
2024-10-11 09:25:30,707 INFO  [       ome.security.basic.CurrentDetails] (.Server-14) Adding log:INSERT,class ome.model.display.ChannelBinding,2128
2024-10-11 09:25:30,707 INFO  [       ome.security.basic.CurrentDetails] (.Server-14) Adding log:INSERT,class ome.model.display.ChannelBinding,2129
2024-10-11 09:25:30,707 INFO  [       ome.security.basic.CurrentDetails] (.Server-14) Adding log:INSERT,class ome.model.display.ChannelBinding,2130
2024-10-11 09:25:30,708 INFO  [       ome.security.basic.CurrentDetails] (.Server-14) Adding log:INSERT,class ome.model.display.ChannelBinding,2131
2024-10-11 09:25:30,709 INFO  [       ome.security.basic.CurrentDetails] (.Server-14) Adding log:INSERT,class ome.model.display.ChannelBinding,2132
2024-10-11 09:25:30,709 INFO  [       ome.security.basic.CurrentDetails] (.Server-14) Adding log:INSERT,class ome.model.display.ChannelBinding,2133
2024-10-11 09:25:30,709 INFO  [       ome.security.basic.CurrentDetails] (.Server-14) Adding log:INSERT,class ome.model.display.ChannelBinding,2134
2024-10-11 09:25:30,721 INFO  [                 org.perf4j.TimingLogger] (.Server-14) start[1728638730690] time[31] tag[omero.resetDefaultsInSet.saveAndReturn]
2024-10-11 09:25:30,721 INFO  [                 org.perf4j.TimingLogger] (.Server-14) start[1728638730631] time[89] tag[omero.resetDefaultsInSet]
2024-10-11 09:25:30,729 INFO  [                 org.perf4j.TimingLogger] (.Server-14) start[1728638730627] time[101] tag[omero.call.success.ome.logic.RenderingSettingsImpl.resetDefaultsInSet]
2024-10-11 09:25:30,731 INFO  [    ome.security.basic.BasicEventContext] (.Server-12)  cctx:	group=0
2024-10-11 09:25:30,736 INFO  [         ome.security.basic.EventHandler] (.Server-12)  Auth:	user=0,group=0,event=28803(User),sess=83be404c-1957-46d4-a36b-f9feca68dcf3
2024-10-11 09:25:30,739 INFO  [                 org.perf4j.TimingLogger] (.Server-12) start[1728638730736] time[2] tag[omero.bulkLoadRenderingSettings]
2024-10-11 09:25:30,739 INFO  [                 org.perf4j.TimingLogger] (.Server-12) start[1728638730739] time[0] tag[omero.createAndPrepareMissingRenderingSettings]
2024-10-11 09:25:30,741 INFO  [                 org.perf4j.TimingLogger] (.Server-12) start[1728638730739] time[1] tag[omero.bulkLoadMetadata]
2024-10-11 09:25:30,741 INFO  [                 org.perf4j.TimingLogger] (.Server-12) start[1728638730739] time[2] tag[omero.loadMetadataByDimensionPool]
2024-10-11 09:25:30,743 INFO  [       ome.security.basic.CurrentDetails] (.Server-12) Adding log:INSERT,class ome.model.display.Thumbnail,236
2024-10-11 09:25:30,745 INFO  [                 org.perf4j.TimingLogger] (.Server-12) start[1728638730744] time[0] tag[omero.bulkLoadMetadata]
2024-10-11 09:25:30,745 INFO  [                 org.perf4j.TimingLogger] (.Server-12) start[1728638730744] time[1] tag[omero.loadMetadataByDimensionPool]
2024-10-11 09:25:30,745 INFO  [                 org.perf4j.TimingLogger] (.Server-12) start[1728638730742] time[3] tag[omero.createMissingThumbnailMetadata]
2024-10-11 09:25:30,746 INFO  [    ome.security.basic.BasicEventContext] (.Server-12)  cctx:	group=0
2024-10-11 09:25:30,753 INFO  [         ome.security.basic.EventHandler] (.Server-12)  Auth:	user=0,group=0,event=28804(User),sess=83be404c-1957-46d4-a36b-f9feca68dcf3
2024-10-11 09:25:30,754 INFO  [                 org.perf4j.TimingLogger] (.Server-12) start[1728638730754] time[0] tag[omero._createThumbnail(thumbMetaData)]
2024-10-11 09:25:30,793 DEBUG [                   loci.formats.Memoizer] (.Server-12) loaded memo file: /OMERO/BioFormatsCache/OMERO/ManagedRepository/root_0/2024-10/11/09-25-26.291/.TA459_multipleCores2_Run-4_Point3.tiff.bfmemo (50720 bytes)
2024-10-11 09:25:30,793 DEBUG [                   loci.formats.Memoizer] (.Server-12) start[1728638730777] time[15] tag[loci.formats.Memoizer.loadMemo]
2024-10-11 09:25:30,793 DEBUG [                   loci.formats.Memoizer] (.Server-12) start[1728638730776] time[16] tag[loci.formats.Memoizer.setId]
2024-10-11 09:25:30,849 INFO  [       ome.logic.JavaImageScalingService] (.Server-12) Scaling to: 96x96
2024-10-11 09:25:30,876 INFO  [                 org.perf4j.TimingLogger] (.Server-12) start[1728638730849] time[27] tag[java-image-scaling.resampleOp]
2024-10-11 09:25:30,878 INFO  [                 org.perf4j.TimingLogger] (.Server-12) start[1728638730754] time[124] tag[omero._createThumbnail]
2024-10-11 09:25:30,886 INFO  [                 org.perf4j.TimingLogger] (.Server-12) start[1728638730730] time[156] tag[omero.call.success.ome.services.ThumbnailBean.createThumbnailsByLongestSideSet]
2024-10-11 09:25:30,886 INFO  [                 org.perf4j.TimingLogger] (2-thread-6) start[1728638730626] time[259] tag[omero.import.request.thumbs]
2024-10-11 09:25:30,889 INFO  [    ome.security.basic.BasicEventContext] (.Server-11)  cctx:	group=0
2024-10-11 09:25:30,890 INFO  [         ome.security.basic.EventHandler] (.Server-11)  Auth:	user=0,group=0,event=null(User),sess=83be404c-1957-46d4-a36b-f9feca68dcf3
2024-10-11 09:25:30,891 INFO  [                 org.perf4j.TimingLogger] (.Server-11) start[1728638730887] time[3] tag[omero.call.success.ome.logic.QueryImpl.get]
2024-10-11 09:25:30,893 INFO  [    ome.security.basic.BasicEventContext] (.Server-13)  cctx:	group=0
2024-10-11 09:25:30,897 INFO  [         ome.security.basic.EventHandler] (.Server-13)  Auth:	user=0,group=0,event=28805(User),sess=83be404c-1957-46d4-a36b-f9feca68dcf3
2024-10-11 09:25:30,898 INFO  [       ome.security.basic.CurrentDetails] (.Server-13) Adding log:UPDATE,class ome.model.core.OriginalFile,3145
2024-10-11 09:25:30,903 INFO  [                 org.perf4j.TimingLogger] (.Server-13) start[1728638730892] time[10] tag[omero.call.success.ome.logic.UpdateImpl.saveObject]
2024-10-11 09:25:30,903 INFO  [                 org.perf4j.TimingLogger] (2-thread-6) start[1728638730626] time[277] tag[omero.import.request.step]
2024-10-11 09:25:30,903 DEBUG [    o.s.blitz.repo.ManagedImportRequestI] (2-thread-6) Step 3
2024-10-11 09:25:30,905 INFO  [    ome.security.basic.BasicEventContext] (l.Server-4)  cctx:	group=0
2024-10-11 09:25:30,906 INFO  [         ome.security.basic.EventHandler] (l.Server-4)  Auth:	user=0,group=0,event=null(User),sess=83be404c-1957-46d4-a36b-f9feca68dcf3
2024-10-11 09:25:30,906 INFO  [                 org.perf4j.TimingLogger] (l.Server-4) start[1728638730904] time[2] tag[omero.call.success.ome.services.blitz.impl.MetadataStoreI$6.doWork]
2024-10-11 09:25:30,908 INFO  [    ome.security.basic.BasicEventContext] (.Server-14)  cctx:	group=0
2024-10-11 09:25:30,909 INFO  [         ome.security.basic.EventHandler] (.Server-14)  Auth:	user=0,group=0,event=null(User),sess=83be404c-1957-46d4-a36b-f9feca68dcf3
2024-10-11 09:25:30,910 INFO  [                 org.perf4j.TimingLogger] (.Server-14) start[1728638730907] time[2] tag[omero.call.success.ome.logic.QueryImpl.get]
2024-10-11 09:25:30,911 INFO  [    ome.security.basic.BasicEventContext] (l.Server-9)  cctx:	group=0
2024-10-11 09:25:30,917 INFO  [         ome.security.basic.EventHandler] (l.Server-9)  Auth:	user=0,group=0,event=28806(User),sess=83be404c-1957-46d4-a36b-f9feca68dcf3
2024-10-11 09:25:30,919 INFO  [       ome.security.basic.CurrentDetails] (l.Server-9) Adding log:UPDATE,class ome.model.core.OriginalFile,3145
2024-10-11 09:25:30,927 INFO  [                 org.perf4j.TimingLogger] (l.Server-9) start[1728638730911] time[16] tag[omero.call.success.ome.logic.UpdateImpl.saveObject]
2024-10-11 09:25:30,927 INFO  [                 org.perf4j.TimingLogger] (2-thread-6) start[1728638730903] time[23] tag[omero.import.request.step]
2024-10-11 09:25:30,927 DEBUG [    o.s.blitz.repo.ManagedImportRequestI] (2-thread-6) Step 4
2024-10-11 09:25:30,929 INFO  [    ome.security.basic.BasicEventContext] (.Server-15)  cctx:	group=0
2024-10-11 09:25:30,930 INFO  [         ome.security.basic.EventHandler] (.Server-15)  Auth:	user=0,group=0,event=null(User),sess=83be404c-1957-46d4-a36b-f9feca68dcf3
2024-10-11 09:25:30,931 INFO  [                 org.perf4j.TimingLogger] (.Server-15) start[1728638730928] time[3] tag[omero.call.success.ome.logic.QueryImpl.get]
2024-10-11 09:25:30,933 INFO  [    ome.security.basic.BasicEventContext] (.Server-12)  cctx:	group=0
2024-10-11 09:25:30,938 INFO  [         ome.security.basic.EventHandler] (.Server-12)  Auth:	user=0,group=0,event=28807(User),sess=83be404c-1957-46d4-a36b-f9feca68dcf3
2024-10-11 09:25:30,942 INFO  [       ome.security.basic.CurrentDetails] (.Server-12) Adding log:UPDATE,class ome.model.core.OriginalFile,3145
2024-10-11 09:25:30,948 INFO  [                 org.perf4j.TimingLogger] (.Server-12) start[1728638730932] time[16] tag[omero.call.success.ome.logic.UpdateImpl.saveObject]
2024-10-11 09:25:30,949 INFO  [                 org.perf4j.TimingLogger] (2-thread-6) start[1728638730927] time[21] tag[omero.import.request.step]
2024-10-11 09:25:30,955 INFO  [    ome.security.basic.BasicEventContext] (.Server-10)  cctx:	group=0
2024-10-11 09:25:30,959 INFO  [         ome.security.basic.EventHandler] (.Server-10)  Auth:	user=0,group=0,event=28808(User),sess=83be404c-1957-46d4-a36b-f9feca68dcf3
2024-10-11 09:25:30,962 INFO  [                 org.perf4j.TimingLogger] (.Server-10) start[1728638730954] time[7] tag[omero.call.success.ome.services.RawFileBean.close]
2024-10-11 09:25:30,962 DEBUG [                omero.util.ServantHolder] (.Server-10) Removed omero.api._RawFileStoreTie@7223a541 from omero.util.ServantHolder@149b3864 as 0ca6d8f3-b569-4a98-95c4-bed97f51a4aaomero.api.RawFileStore
2024-10-11 09:25:30,962 INFO  [                      omero.cmd.SessionI] (.Server-10) Unregistered servant:83be404c-1957-46d4-a36b-f9feca68dcf3/0ca6d8f3-b569-4a98-95c4-bed97f51a4aaomero.api.RawFileStore(omero.api._RawFileStoreTie@7223a541)
2024-10-11 09:25:30,964 INFO  [    ome.security.basic.BasicEventContext] (.Server-13)  cctx:	group=0
2024-10-11 09:25:30,968 INFO  [         ome.security.basic.EventHandler] (.Server-13)  Auth:	user=0,group=0,event=28809(User),sess=83be404c-1957-46d4-a36b-f9feca68dcf3
2024-10-11 09:25:30,972 INFO  [                 org.perf4j.TimingLogger] (.Server-13) start[1728638730963] time[9] tag[omero.call.success.ome.services.RawPixelsBean.close]
2024-10-11 09:25:30,972 DEBUG [                omero.util.ServantHolder] (.Server-13) Removed omero.api._RawPixelsStoreTie@20282cf2 from omero.util.ServantHolder@149b3864 as 61220b37-4ac6-47c1-9e2d-414512883039omero.api.RawPixelsStore
2024-10-11 09:25:30,972 INFO  [                      omero.cmd.SessionI] (.Server-13) Unregistered servant:83be404c-1957-46d4-a36b-f9feca68dcf3/61220b37-4ac6-47c1-9e2d-414512883039omero.api.RawPixelsStore(omero.api._RawPixelsStoreTie@20282cf2)
2024-10-11 09:25:30,973 INFO  [    ome.security.basic.BasicEventContext] (l.Server-4)  cctx:	group=0
2024-10-11 09:25:30,975 INFO  [         ome.security.basic.EventHandler] (l.Server-4)  Auth:	user=0,group=0,event=null(User),sess=83be404c-1957-46d4-a36b-f9feca68dcf3
2024-10-11 09:25:30,975 INFO  [                 org.perf4j.TimingLogger] (l.Server-4) start[1728638730973] time[2] tag[omero.call.success.ome.services.ThumbnailBean.close]
2024-10-11 09:25:30,975 DEBUG [                omero.util.ServantHolder] (l.Server-4) Removed omero.api._ThumbnailStoreTie@39713bf8 from omero.util.ServantHolder@149b3864 as 6007530e-fabb-4caa-a67f-96336867a691omero.api.ThumbnailStore
2024-10-11 09:25:30,975 INFO  [                      omero.cmd.SessionI] (l.Server-4) Unregistered servant:83be404c-1957-46d4-a36b-f9feca68dcf3/6007530e-fabb-4caa-a67f-96336867a691omero.api.ThumbnailStore(omero.api._ThumbnailStoreTie@39713bf8)
2024-10-11 09:25:30,976 DEBUG [                omero.util.ServantHolder] (.Server-14) Removed omero.api._MetadataStoreTie@7beea8ec from omero.util.ServantHolder@149b3864 as 5e878fb0-23cf-47c7-aff2-543e88efacd2omero.api.MetadataStore
2024-10-11 09:25:30,976 INFO  [                      omero.cmd.SessionI] (.Server-14) Unregistered servant:83be404c-1957-46d4-a36b-f9feca68dcf3/5e878fb0-23cf-47c7-aff2-543e88efacd2omero.api.MetadataStore(omero.api._MetadataStoreTie@7beea8ec)
2024-10-11 09:25:30,976 INFO  [    o.s.blitz.repo.ManagedImportRequestI] (2-thread-6) Cleaning up import.
2024-10-11 09:25:30,983 INFO  [         ome.security.basic.EventHandler] (.Server-15)  Auth:	user=0,group=0,event=null(User),sess=83be404c-1957-46d4-a36b-f9feca68dcf3
2024-10-11 09:25:30,984 INFO  [                 org.perf4j.TimingLogger] (.Server-15) start[1728638730980] time[3] tag[omero.call.success.ome.logic.QueryImpl.get]
2024-10-11 09:25:30,996 INFO  [         ome.security.basic.EventHandler] (.Server-11)  Auth:	user=0,group=0,event=28810(User),sess=83be404c-1957-46d4-a36b-f9feca68dcf3
2024-10-11 09:25:30,998 INFO  [       ome.security.basic.CurrentDetails] (.Server-11) Adding log:UPDATE,class ome.model.core.OriginalFile,3145
2024-10-11 09:25:31,003 INFO  [                 org.perf4j.TimingLogger] (.Server-11) start[1728638730989] time[13] tag[omero.call.success.ome.logic.UpdateImpl.saveObject]
