2024-10-11 09:25:08,040 INFO  [                 org.perf4j.TimingLogger] (.Server-15) start[1728638708025] time[15] tag[omero.import.process.init]
2024-10-11 09:25:08,046 INFO  [         ome.security.basic.EventHandler] (.Server-15)  Auth:	user=0,group=0,event=28217(User),sess=83be404c-1957-46d4-a36b-f9feca68dcf3
2024-10-11 09:25:08,051 INFO  [       ome.security.basic.CurrentDetails] (.Server-15) Adding log:INSERT,class ome.model.jobs.UploadJob,3118
2024-10-11 09:25:08,052 INFO  [       ome.security.basic.CurrentDetails] (.Server-15) Adding log:INSERT,class ome.model.jobs.JobOriginalFileLink,4891
2024-10-11 09:25:08,070 INFO  [       ome.security.basic.CurrentDetails] (.Server-15) Adding log:INSERT,class ome.model.jobs.MetadataImportJob,3119
2024-10-11 09:25:08,082 INFO  [       ome.security.basic.CurrentDetails] (.Server-15) Adding log:INSERT,class ome.model.jobs.PixelDataJob,3120
2024-10-11 09:25:08,094 INFO  [       ome.security.basic.CurrentDetails] (.Server-15) Adding log:INSERT,class ome.model.jobs.ThumbnailGenerationJob,3121
2024-10-11 09:25:08,102 INFO  [       ome.security.basic.CurrentDetails] (.Server-15) Adding log:INSERT,class ome.model.jobs.IndexingJob,3122
2024-10-11 09:25:08,106 INFO  [                 org.perf4j.TimingLogger] (.Server-15) start[1728638708106] time[0] tag[omero.repo.internal_register.find_repo_files]
2024-10-11 09:25:08,110 INFO  [       ome.security.basic.CurrentDetails] (.Server-15) Adding log:INSERT,class ome.model.core.OriginalFile,3089
2024-10-11 09:25:08,111 INFO  [                 org.perf4j.TimingLogger] (.Server-15) start[1728638708108] time[2] tag[omero.repo.create_original_file.save]
2024-10-11 09:25:08,111 INFO  [                 org.perf4j.TimingLogger] (.Server-15) start[1728638708111] time[0] tag[omero.repo.create_original_file.internal_mkdir]
2024-10-11 09:25:08,111 INFO  [                 org.perf4j.TimingLogger] (.Server-15) start[1728638708111] time[0] tag[omero.repo.internal_register.load]
2024-10-11 09:25:08,111 INFO  [                 org.perf4j.TimingLogger] (.Server-15) start[1728638708111] time[0] tag[omero.repo.internal_register.sort]
2024-10-11 09:25:08,111 INFO  [                 org.perf4j.TimingLogger] (.Server-15) start[1728638708106] time[4] tag[omero.repo.save_fileset.register]
2024-10-11 09:25:08,111 INFO  [                 org.perf4j.TimingLogger] (.Server-15) start[1728638708111] time[0] tag[omero.repo.save_fileset.update_fileset_entries]
2024-10-11 09:25:08,114 INFO  [       ome.security.basic.CurrentDetails] (.Server-15) Adding log:INSERT,class ome.model.fs.Fileset,217
2024-10-11 09:25:08,115 INFO  [       ome.security.basic.CurrentDetails] (.Server-15) Adding log:INSERT,class ome.model.fs.FilesetJobLink,281
2024-10-11 09:25:08,116 INFO  [       ome.security.basic.CurrentDetails] (.Server-15) Adding log:INSERT,class ome.model.fs.FilesetJobLink,282
2024-10-11 09:25:08,116 INFO  [       ome.security.basic.CurrentDetails] (.Server-15) Adding log:INSERT,class ome.model.fs.FilesetJobLink,283
2024-10-11 09:25:08,117 INFO  [       ome.security.basic.CurrentDetails] (.Server-15) Adding log:INSERT,class ome.model.fs.FilesetJobLink,284
2024-10-11 09:25:08,117 INFO  [       ome.security.basic.CurrentDetails] (.Server-15) Adding log:INSERT,class ome.model.fs.FilesetJobLink,285
2024-10-11 09:25:08,118 INFO  [       ome.security.basic.CurrentDetails] (.Server-15) Adding log:INSERT,class ome.model.fs.FilesetEntry,217
2024-10-11 09:25:08,122 INFO  [                 org.perf4j.TimingLogger] (.Server-15) start[1728638708111] time[11] tag[omero.repo.save_fileset.save]
2024-10-11 09:25:08,129 INFO  [                 org.perf4j.TimingLogger] (.Server-15) start[1728638708042] time[87] tag[omero.call.success.ome.services.blitz.repo.RepositoryDaoImpl$8.doWork]
2024-10-11 09:25:08,130 INFO  [                 org.perf4j.TimingLogger] (.Server-15) start[1728638708042] time[88] tag[omero.repo.save_fileset]
2024-10-11 09:25:08,131 INFO  [                      omero.cmd.SessionI] (.Server-15) Added servant to adapter: 83be404c-1957-46d4-a36b-f9feca68dcf3/58d1dedf-e56c-4916-af28-7727f9c34b7d-ManagedImportProcessI(omero.grid._ImportProcessTie@4b28b7cd)
2024-10-11 09:25:08,131 DEBUG [                omero.util.ServantHolder] (.Server-15) Added omero.grid._ImportProcessTie@4b28b7cd to omero.util.ServantHolder@149b3864 as 58d1dedf-e56c-4916-af28-7727f9c34b7d-ManagedImportProcessI
2024-10-11 09:25:08,131 INFO  [                 org.perf4j.TimingLogger] (.Server-15) start[1728638708041] time[89] tag[omero.import.process.create]
2024-10-11 09:25:08,138 INFO  [         ome.security.basic.EventHandler] (.Server-12)  Auth:	user=0,group=0,event=null(User),sess=83be404c-1957-46d4-a36b-f9feca68dcf3
2024-10-11 09:25:08,142 INFO  [                 org.perf4j.TimingLogger] (.Server-12) start[1728638708137] time[5] tag[omero.call.success.ome.services.blitz.repo.RepositoryDaoImpl$2.doWork]
2024-10-11 09:25:08,144 INFO  [         ome.security.basic.EventHandler] (.Server-12)  Auth:	user=0,group=0,event=null(User),sess=83be404c-1957-46d4-a36b-f9feca68dcf3
2024-10-11 09:25:08,146 INFO  [                 org.perf4j.TimingLogger] (.Server-12) start[1728638708143] time[3] tag[omero.call.success.ome.services.blitz.repo.RepositoryDaoImpl$4.doWork]
2024-10-11 09:25:08,148 INFO  [         ome.security.basic.EventHandler] (.Server-12)  Auth:	user=0,group=0,event=null(User),sess=83be404c-1957-46d4-a36b-f9feca68dcf3
2024-10-11 09:25:08,153 INFO  [                 org.perf4j.TimingLogger] (.Server-12) start[1728638708147] time[6] tag[omero.call.success.ome.services.blitz.repo.RepositoryDaoImpl$6.doWork]
2024-10-11 09:25:08,154 INFO  [    ome.security.basic.BasicEventContext] (.Server-12)  cctx:	group=0
2024-10-11 09:25:08,155 INFO  [         ome.security.basic.EventHandler] (.Server-12)  Auth:	user=0,group=0,event=null(User),sess=83be404c-1957-46d4-a36b-f9feca68dcf3
2024-10-11 09:25:08,158 INFO  [                 org.perf4j.TimingLogger] (.Server-12) start[1728638708154] time[4] tag[omero.call.success.ome.services.blitz.repo.RepositoryDaoImpl$1.doWork]
2024-10-11 09:25:08,158 INFO  [                      omero.cmd.SessionI] (.Server-12) Added servant to adapter: 83be404c-1957-46d4-a36b-f9feca68dcf3/4d70dbdc-47ff-4341-9268-f5a62a056f13-RepoRawFileStoreI(omero.api._RawFileStoreTie@71b06ec4)
2024-10-11 09:25:08,158 DEBUG [                omero.util.ServantHolder] (.Server-12) Added omero.api._RawFileStoreTie@71b06ec4 to omero.util.ServantHolder@149b3864 as 4d70dbdc-47ff-4341-9268-f5a62a056f13-RepoRawFileStoreI
2024-10-11 09:25:08,158 INFO  [                 org.perf4j.TimingLogger] (.Server-12) start[1728638708137] time[21] tag[omero.import.process.opener]
2024-10-11 09:25:08,158 INFO  [                 org.perf4j.TimingLogger] (.Server-12) start[1728638708137] time[21] tag[omero.import.process.uploader]
2024-10-11 09:25:08,166 INFO  [         ome.security.basic.EventHandler] (l.Server-9)  Auth:	user=0,group=0,event=null(User),sess=83be404c-1957-46d4-a36b-f9feca68dcf3
2024-10-11 09:25:08,167 INFO  [                 org.perf4j.TimingLogger] (l.Server-9) start[1728638708162] time[4] tag[omero.call.success.ome.services.RawFileBean.write]
2024-10-11 09:25:08,229 INFO  [         ome.security.basic.EventHandler] (.Server-14)  Auth:	user=0,group=0,event=null(User),sess=83be404c-1957-46d4-a36b-f9feca68dcf3
2024-10-11 09:25:08,236 INFO  [                 org.perf4j.TimingLogger] (.Server-14) start[1728638708227] time[8] tag[omero.call.success.ome.services.RawFileBean.write]
2024-10-11 09:25:08,301 INFO  [         ome.security.basic.EventHandler] (l.Server-4)  Auth:	user=0,group=0,event=null(User),sess=83be404c-1957-46d4-a36b-f9feca68dcf3
2024-10-11 09:25:08,306 INFO  [                 org.perf4j.TimingLogger] (l.Server-4) start[1728638708300] time[6] tag[omero.call.success.ome.services.RawFileBean.write]
2024-10-11 09:25:08,356 INFO  [         ome.security.basic.EventHandler] (.Server-11)  Auth:	user=0,group=0,event=null(User),sess=83be404c-1957-46d4-a36b-f9feca68dcf3
2024-10-11 09:25:08,361 INFO  [                 org.perf4j.TimingLogger] (.Server-11) start[1728638708354] time[6] tag[omero.call.success.ome.services.RawFileBean.write]
2024-10-11 09:25:08,390 INFO  [         ome.security.basic.EventHandler] (.Server-10)  Auth:	user=0,group=0,event=null(User),sess=83be404c-1957-46d4-a36b-f9feca68dcf3
2024-10-11 09:25:08,393 INFO  [                 org.perf4j.TimingLogger] (.Server-10) start[1728638708388] time[5] tag[omero.call.success.ome.services.RawFileBean.write]
2024-10-11 09:25:08,400 INFO  [         ome.security.basic.EventHandler] (.Server-15)  Auth:	user=0,group=0,event=28226(User),sess=83be404c-1957-46d4-a36b-f9feca68dcf3
2024-10-11 09:25:08,412 INFO  [                 org.perf4j.TimingLogger] (.Server-15) start[1728638708401] time[11] tag[omero.services.file.flush]
2024-10-11 09:25:08,425 INFO  [                 org.perf4j.TimingLogger] (.Server-15) start[1728638708412] time[12] tag[omero.services.file.checksum]
2024-10-11 09:25:08,426 INFO  [       ome.security.basic.CurrentDetails] (.Server-15) Adding log:UPDATE,class ome.model.core.OriginalFile,3089
2024-10-11 09:25:08,427 INFO  [                 org.perf4j.TimingLogger] (.Server-15) start[1728638708425] time[1] tag[omero.services.file.finalize]
2024-10-11 09:25:08,431 INFO  [                 org.perf4j.TimingLogger] (.Server-15) start[1728638708395] time[35] tag[omero.call.success.ome.services.RawFileBean.save]
2024-10-11 09:25:08,439 INFO  [         ome.security.basic.EventHandler] (.Server-14)  Auth:	user=0,group=0,event=28227(User),sess=83be404c-1957-46d4-a36b-f9feca68dcf3
2024-10-11 09:25:08,443 INFO  [                 org.perf4j.TimingLogger] (.Server-14) start[1728638708434] time[8] tag[omero.call.success.ome.services.RawFileBean.close]
2024-10-11 09:25:08,443 DEBUG [                omero.util.ServantHolder] (.Server-14) Removed omero.api._RawFileStoreTie@71b06ec4 from omero.util.ServantHolder@149b3864 as 4d70dbdc-47ff-4341-9268-f5a62a056f13-RepoRawFileStoreI
2024-10-11 09:25:08,443 INFO  [                      omero.cmd.SessionI] (.Server-14) Unregistered servant:83be404c-1957-46d4-a36b-f9feca68dcf3/4d70dbdc-47ff-4341-9268-f5a62a056f13-RepoRawFileStoreI(omero.api._RawFileStoreTie@71b06ec4)
2024-10-11 09:25:08,450 INFO  [         ome.security.basic.EventHandler] (.Server-13)  Auth:	user=0,group=0,event=null(User),sess=83be404c-1957-46d4-a36b-f9feca68dcf3
2024-10-11 09:25:08,451 INFO  [                 org.perf4j.TimingLogger] (.Server-13) start[1728638708446] time[5] tag[omero.call.success.ome.services.blitz.impl.ServiceFactoryI$3.doWork]
2024-10-11 09:25:08,461 INFO  [                 org.perf4j.TimingLogger] (.Server-13) start[1728638708451] time[10] tag[omero.import.process.checksum]
2024-10-11 09:25:08,466 INFO  [         ome.security.basic.EventHandler] (.Server-13)  Auth:	user=0,group=0,event=28228(User),sess=83be404c-1957-46d4-a36b-f9feca68dcf3
2024-10-11 09:25:08,472 INFO  [       ome.security.basic.CurrentDetails] (.Server-13) Adding log:UPDATE,class ome.model.jobs.UploadJob,3118
2024-10-11 09:25:08,477 INFO  [                 org.perf4j.TimingLogger] (.Server-13) start[1728638708462] time[15] tag[omero.call.success.ome.services.blitz.repo.RepositoryDaoImpl$12.doWork]
2024-10-11 09:25:08,479 INFO  [         ome.security.basic.EventHandler] (.Server-13)  Auth:	user=0,group=0,event=null(User),sess=83be404c-1957-46d4-a36b-f9feca68dcf3
2024-10-11 09:25:08,494 INFO  [                 org.perf4j.TimingLogger] (.Server-13) start[1728638708477] time[17] tag[omero.call.success.ome.services.blitz.repo.RepositoryDaoImpl$2.doWork]
2024-10-11 09:25:08,496 INFO  [         ome.security.basic.EventHandler] (.Server-13)  Auth:	user=0,group=0,event=null(User),sess=83be404c-1957-46d4-a36b-f9feca68dcf3
2024-10-11 09:25:08,497 INFO  [                 org.perf4j.TimingLogger] (.Server-13) start[1728638708494] time[2] tag[omero.call.success.ome.services.blitz.repo.RepositoryDaoImpl$4.doWork]
2024-10-11 09:25:08,498 INFO  [       ome.formats.importer.ImportConfig] (.Server-13) OMERO.blitz Version: 5.7.3
2024-10-11 09:25:08,498 INFO  [       ome.formats.importer.ImportConfig] (.Server-13) Bioformats version: 7.3.0 revision: acc4b6de79e55275b5e6c8200f8458f6d93c9ba0 date: 18 April 2024
2024-10-11 09:25:08,500 INFO  [                      omero.cmd.SessionI] (.Server-13) Added servant to adapter: 83be404c-1957-46d4-a36b-f9feca68dcf3/IHandle5251457c-0d83-407a-8ec0-3326243a4598(omero.cmd._HandleTie@8221d2a9)
2024-10-11 09:25:08,500 DEBUG [                omero.util.ServantHolder] (.Server-13) Added omero.cmd._HandleTie@8221d2a9 to omero.util.ServantHolder@149b3864 as IHandle5251457c-0d83-407a-8ec0-3326243a4598
2024-10-11 09:25:08,501 INFO  [                 org.perf4j.TimingLogger] (.Server-13) start[1728638708501] time[0] tag[omero.background.submit]
2024-10-11 09:25:08,501 INFO  [                 org.perf4j.TimingLogger] (.Server-13) start[1728638708461] time[39] tag[omero.import.process.submit]
2024-10-11 09:25:08,503 DEBUG [                omero.util.ServantHolder] (.Server-12) Removed omero.grid._ImportProcessTie@4b28b7cd from omero.util.ServantHolder@149b3864 as 58d1dedf-e56c-4916-af28-7727f9c34b7d-ManagedImportProcessI
2024-10-11 09:25:08,503 INFO  [                      omero.cmd.SessionI] (.Server-12) Unregistered servant:83be404c-1957-46d4-a36b-f9feca68dcf3/58d1dedf-e56c-4916-af28-7727f9c34b7d-ManagedImportProcessI(omero.grid._ImportProcessTie@4b28b7cd)
2024-10-11 09:25:08,510 INFO  [    ome.formats.OMEROMetadataStoreClient] (2-thread-8) Call context: {omero.group:0}
2024-10-11 09:25:08,510 INFO  [    ome.formats.OMEROMetadataStoreClient] (2-thread-8) Call context: {omero.logfilename:root_0/2024-10/11/09-25-07.913.log}
2024-10-11 09:25:08,529 INFO  [    ome.security.basic.BasicEventContext] (.Server-15)  cctx:	group=0
2024-10-11 09:25:08,531 INFO  [         ome.security.basic.EventHandler] (.Server-15)  Auth:	user=0,group=0,event=null(User),sess=83be404c-1957-46d4-a36b-f9feca68dcf3
2024-10-11 09:25:08,538 INFO  [                 org.perf4j.TimingLogger] (.Server-15) start[1728638708528] time[9] tag[omero.call.success.ome.logic.AdminImpl.getEventContext]
2024-10-11 09:25:08,572 INFO  [    ome.formats.OMEROMetadataStoreClient] (2-thread-8) Pinging session every 300s.
2024-10-11 09:25:08,588 INFO  [                loci.formats.ImageReader] (2-thread-8) IonpathMIBITiffReader initializing /OMERO/ManagedRepository/root_0/2024-10/11/09-25-07.913/TA459_multipleCores2_Run-4_Point8.tiff
2024-10-11 09:25:08,588 INFO  [       loci.formats.in.MinimalTiffReader] (2-thread-8) Reading IFDs
2024-10-11 09:25:08,589 INFO  [       loci.formats.in.MinimalTiffReader] (2-thread-8) Populating metadata
2024-10-11 09:25:08,592 INFO  [          loci.formats.in.BaseTiffReader] (2-thread-8) Populating OME metadata
2024-10-11 09:25:08,596 INFO  [    ome.security.basic.BasicEventContext] (.Server-10)  cctx:	group=0
2024-10-11 09:25:08,597 INFO  [         ome.security.basic.EventHandler] (.Server-10)  Auth:	user=0,group=0,event=null(User),sess=83be404c-1957-46d4-a36b-f9feca68dcf3
2024-10-11 09:25:08,599 INFO  [                 org.perf4j.TimingLogger] (.Server-10) start[1728638708596] time[3] tag[omero.call.success.ome.logic.QueryImpl.findAll]
2024-10-11 09:25:08,603 INFO  [    ome.security.basic.BasicEventContext] (.Server-11)  cctx:	group=0
2024-10-11 09:25:08,604 INFO  [         ome.security.basic.EventHandler] (.Server-11)  Auth:	user=0,group=0,event=null(User),sess=83be404c-1957-46d4-a36b-f9feca68dcf3
2024-10-11 09:25:08,605 INFO  [                 org.perf4j.TimingLogger] (.Server-11) start[1728638708602] time[3] tag[omero.call.success.ome.logic.QueryImpl.findAll]
2024-10-11 09:25:08,607 INFO  [    ome.security.basic.BasicEventContext] (l.Server-4)  cctx:	group=0
2024-10-11 09:25:08,609 INFO  [         ome.security.basic.EventHandler] (l.Server-4)  Auth:	user=0,group=0,event=null(User),sess=83be404c-1957-46d4-a36b-f9feca68dcf3
2024-10-11 09:25:08,609 INFO  [                 org.perf4j.TimingLogger] (l.Server-4) start[1728638708606] time[3] tag[omero.call.success.ome.logic.QueryImpl.findAll]
2024-10-11 09:25:08,611 INFO  [    ome.security.basic.BasicEventContext] (l.Server-9)  cctx:	group=0
2024-10-11 09:25:08,612 INFO  [         ome.security.basic.EventHandler] (l.Server-9)  Auth:	user=0,group=0,event=null(User),sess=83be404c-1957-46d4-a36b-f9feca68dcf3
2024-10-11 09:25:08,613 INFO  [                 org.perf4j.TimingLogger] (l.Server-9) start[1728638708610] time[2] tag[omero.call.success.ome.logic.QueryImpl.findAll]
2024-10-11 09:25:08,634 DEBUG [                   loci.formats.Memoizer] (2-thread-8) saved to temp file: /OMERO/BioFormatsCache/OMERO/ManagedRepository/root_0/2024-10/11/09-25-07.913/.TA459_multipleCores2_Run-4_Point8.tiff.bfmemo1147878923728966961
2024-10-11 09:25:08,634 DEBUG [                   loci.formats.Memoizer] (2-thread-8) start[1728638708625] time[9] tag[loci.formats.Memoizer.saveMemo]
2024-10-11 09:25:08,634 DEBUG [                   loci.formats.Memoizer] (2-thread-8) saved memo file: /OMERO/BioFormatsCache/OMERO/ManagedRepository/root_0/2024-10/11/09-25-07.913/.TA459_multipleCores2_Run-4_Point8.tiff.bfmemo (50717 bytes)
2024-10-11 09:25:08,635 DEBUG [                   loci.formats.Memoizer] (2-thread-8) start[1728638708572] time[62] tag[loci.formats.Memoizer.setId]
2024-10-11 09:25:08,635 DEBUG [    o.s.blitz.repo.ManagedImportRequestI] (2-thread-8) Image Count: 44
2024-10-11 09:25:08,635 INFO  [    o.s.blitz.repo.ManagedImportRequestI] (2-thread-8) File format: Ionpath MIBI
2024-10-11 09:25:08,635 INFO  [    o.s.blitz.repo.ManagedImportRequestI] (2-thread-8) Base reader: loci.formats.in.IonpathMIBITiffReader
2024-10-11 09:25:08,635 INFO  [                 org.perf4j.TimingLogger] (2-thread-8) start[1728638708507] time[127] tag[omero.import.request.init]
2024-10-11 09:25:08,635 DEBUG [    o.s.blitz.repo.ManagedImportRequestI] (2-thread-8) Step 0
2024-10-11 09:25:08,636 WARN  [    ome.formats.model.ReferenceProcessor] (2-thread-8) Unknown target class for LSID: Image:SIMS
2024-10-11 09:25:08,636 INFO  [    ome.formats.OMEROMetadataStoreClient] (2-thread-8) Handling # of containers: 91
2024-10-11 09:25:08,637 INFO  [    ome.security.basic.BasicEventContext] (.Server-13)  cctx:	group=0
2024-10-11 09:25:08,638 INFO  [         ome.security.basic.EventHandler] (.Server-13)  Auth:	user=0,group=0,event=null(User),sess=83be404c-1957-46d4-a36b-f9feca68dcf3
2024-10-11 09:25:08,639 INFO  [                 org.perf4j.TimingLogger] (.Server-13) start[1728638708637] time[2] tag[omero.call.success.ome.services.blitz.impl.MetadataStoreI$4.doWork]
2024-10-11 09:25:08,639 INFO  [    ome.formats.OMEROMetadataStoreClient] (2-thread-8) Handling # of references: 1
2024-10-11 09:25:08,640 INFO  [    ome.security.basic.BasicEventContext] (.Server-15)  cctx:	group=0
2024-10-11 09:25:08,641 INFO  [         ome.security.basic.EventHandler] (.Server-15)  Auth:	user=0,group=0,event=null(User),sess=83be404c-1957-46d4-a36b-f9feca68dcf3
2024-10-11 09:25:08,642 INFO  [                 org.perf4j.TimingLogger] (.Server-15) start[1728638708639] time[2] tag[omero.call.success.ome.services.blitz.impl.MetadataStoreI$5.doWork]
2024-10-11 09:25:08,644 INFO  [    ome.security.basic.BasicEventContext] (.Server-10)  cctx:	group=0
2024-10-11 09:25:08,647 INFO  [         ome.security.basic.EventHandler] (.Server-10)  Auth:	user=0,group=0,event=28235(User),sess=83be404c-1957-46d4-a36b-f9feca68dcf3
2024-10-11 09:25:08,657 INFO  [       ome.security.basic.CurrentDetails] (.Server-10) Adding log:INSERT,class ome.model.core.Image,217
2024-10-11 09:25:08,658 INFO  [       ome.security.basic.CurrentDetails] (.Server-10) Adding log:INSERT,class ome.model.containers.DatasetImageLink,217
2024-10-11 09:25:08,659 INFO  [       ome.security.basic.CurrentDetails] (.Server-10) Adding log:INSERT,class ome.model.core.Pixels,217
2024-10-11 09:25:08,659 INFO  [       ome.security.basic.CurrentDetails] (.Server-10) Adding log:INSERT,class ome.model.core.LogicalChannel,1255
2024-10-11 09:25:08,660 INFO  [       ome.security.basic.CurrentDetails] (.Server-10) Adding log:INSERT,class ome.model.core.Channel,1255
2024-10-11 09:25:08,660 INFO  [       ome.security.basic.CurrentDetails] (.Server-10) Adding log:INSERT,class ome.model.core.LogicalChannel,1256
2024-10-11 09:25:08,661 INFO  [       ome.security.basic.CurrentDetails] (.Server-10) Adding log:INSERT,class ome.model.core.Channel,1256
2024-10-11 09:25:08,662 INFO  [       ome.security.basic.CurrentDetails] (.Server-10) Adding log:INSERT,class ome.model.core.LogicalChannel,1257
2024-10-11 09:25:08,662 INFO  [       ome.security.basic.CurrentDetails] (.Server-10) Adding log:INSERT,class ome.model.core.Channel,1257
2024-10-11 09:25:08,663 INFO  [       ome.security.basic.CurrentDetails] (.Server-10) Adding log:INSERT,class ome.model.core.LogicalChannel,1258
2024-10-11 09:25:08,664 INFO  [       ome.security.basic.CurrentDetails] (.Server-10) Adding log:INSERT,class ome.model.core.Channel,1258
2024-10-11 09:25:08,664 INFO  [       ome.security.basic.CurrentDetails] (.Server-10) Adding log:INSERT,class ome.model.core.LogicalChannel,1259
2024-10-11 09:25:08,665 INFO  [       ome.security.basic.CurrentDetails] (.Server-10) Adding log:INSERT,class ome.model.core.Channel,1259
2024-10-11 09:25:08,665 INFO  [       ome.security.basic.CurrentDetails] (.Server-10) Adding log:INSERT,class ome.model.core.LogicalChannel,1260
2024-10-11 09:25:08,666 INFO  [       ome.security.basic.CurrentDetails] (.Server-10) Adding log:INSERT,class ome.model.core.Channel,1260
2024-10-11 09:25:08,666 INFO  [       ome.security.basic.CurrentDetails] (.Server-10) Adding log:INSERT,class ome.model.core.LogicalChannel,1261
2024-10-11 09:25:08,666 INFO  [       ome.security.basic.CurrentDetails] (.Server-10) Adding log:INSERT,class ome.model.core.Channel,1261
2024-10-11 09:25:08,667 INFO  [       ome.security.basic.CurrentDetails] (.Server-10) Adding log:INSERT,class ome.model.core.LogicalChannel,1262
2024-10-11 09:25:08,667 INFO  [       ome.security.basic.CurrentDetails] (.Server-10) Adding log:INSERT,class ome.model.core.Channel,1262
2024-10-11 09:25:08,667 INFO  [       ome.security.basic.CurrentDetails] (.Server-10) Adding log:INSERT,class ome.model.core.LogicalChannel,1263
2024-10-11 09:25:08,668 INFO  [       ome.security.basic.CurrentDetails] (.Server-10) Adding log:INSERT,class ome.model.core.Channel,1263
2024-10-11 09:25:08,668 INFO  [       ome.security.basic.CurrentDetails] (.Server-10) Adding log:INSERT,class ome.model.core.LogicalChannel,1264
2024-10-11 09:25:08,668 INFO  [       ome.security.basic.CurrentDetails] (.Server-10) Adding log:INSERT,class ome.model.core.Channel,1264
2024-10-11 09:25:08,668 INFO  [       ome.security.basic.CurrentDetails] (.Server-10) Adding log:INSERT,class ome.model.core.LogicalChannel,1265
2024-10-11 09:25:08,669 INFO  [       ome.security.basic.CurrentDetails] (.Server-10) Adding log:INSERT,class ome.model.core.Channel,1265
2024-10-11 09:25:08,669 INFO  [       ome.security.basic.CurrentDetails] (.Server-10) Adding log:INSERT,class ome.model.core.LogicalChannel,1266
2024-10-11 09:25:08,669 INFO  [       ome.security.basic.CurrentDetails] (.Server-10) Adding log:INSERT,class ome.model.core.Channel,1266
2024-10-11 09:25:08,670 INFO  [       ome.security.basic.CurrentDetails] (.Server-10) Adding log:INSERT,class ome.model.core.LogicalChannel,1267
2024-10-11 09:25:08,670 INFO  [       ome.security.basic.CurrentDetails] (.Server-10) Adding log:INSERT,class ome.model.core.Channel,1267
2024-10-11 09:25:08,671 INFO  [       ome.security.basic.CurrentDetails] (.Server-10) Adding log:INSERT,class ome.model.core.LogicalChannel,1268
2024-10-11 09:25:08,671 INFO  [       ome.security.basic.CurrentDetails] (.Server-10) Adding log:INSERT,class ome.model.core.Channel,1268
2024-10-11 09:25:08,672 INFO  [       ome.security.basic.CurrentDetails] (.Server-10) Adding log:INSERT,class ome.model.core.LogicalChannel,1269
2024-10-11 09:25:08,672 INFO  [       ome.security.basic.CurrentDetails] (.Server-10) Adding log:INSERT,class ome.model.core.Channel,1269
2024-10-11 09:25:08,672 INFO  [       ome.security.basic.CurrentDetails] (.Server-10) Adding log:INSERT,class ome.model.core.LogicalChannel,1270
2024-10-11 09:25:08,673 INFO  [       ome.security.basic.CurrentDetails] (.Server-10) Adding log:INSERT,class ome.model.core.Channel,1270
2024-10-11 09:25:08,673 INFO  [       ome.security.basic.CurrentDetails] (.Server-10) Adding log:INSERT,class ome.model.core.LogicalChannel,1271
2024-10-11 09:25:08,673 INFO  [       ome.security.basic.CurrentDetails] (.Server-10) Adding log:INSERT,class ome.model.core.Channel,1271
2024-10-11 09:25:08,674 INFO  [       ome.security.basic.CurrentDetails] (.Server-10) Adding log:INSERT,class ome.model.core.LogicalChannel,1272
2024-10-11 09:25:08,674 INFO  [       ome.security.basic.CurrentDetails] (.Server-10) Adding log:INSERT,class ome.model.core.Channel,1272
2024-10-11 09:25:08,675 INFO  [       ome.security.basic.CurrentDetails] (.Server-10) Adding log:INSERT,class ome.model.core.LogicalChannel,1273
2024-10-11 09:25:08,675 INFO  [       ome.security.basic.CurrentDetails] (.Server-10) Adding log:INSERT,class ome.model.core.Channel,1273
2024-10-11 09:25:08,676 INFO  [       ome.security.basic.CurrentDetails] (.Server-10) Adding log:INSERT,class ome.model.core.LogicalChannel,1274
2024-10-11 09:25:08,676 INFO  [       ome.security.basic.CurrentDetails] (.Server-10) Adding log:INSERT,class ome.model.core.Channel,1274
2024-10-11 09:25:08,676 INFO  [       ome.security.basic.CurrentDetails] (.Server-10) Adding log:INSERT,class ome.model.core.LogicalChannel,1275
2024-10-11 09:25:08,677 INFO  [       ome.security.basic.CurrentDetails] (.Server-10) Adding log:INSERT,class ome.model.core.Channel,1275
2024-10-11 09:25:08,677 INFO  [       ome.security.basic.CurrentDetails] (.Server-10) Adding log:INSERT,class ome.model.core.LogicalChannel,1276
2024-10-11 09:25:08,677 INFO  [       ome.security.basic.CurrentDetails] (.Server-10) Adding log:INSERT,class ome.model.core.Channel,1276
2024-10-11 09:25:08,677 INFO  [       ome.security.basic.CurrentDetails] (.Server-10) Adding log:INSERT,class ome.model.core.LogicalChannel,1277
2024-10-11 09:25:08,678 INFO  [       ome.security.basic.CurrentDetails] (.Server-10) Adding log:INSERT,class ome.model.core.Channel,1277
2024-10-11 09:25:08,678 INFO  [       ome.security.basic.CurrentDetails] (.Server-10) Adding log:INSERT,class ome.model.core.LogicalChannel,1278
2024-10-11 09:25:08,678 INFO  [       ome.security.basic.CurrentDetails] (.Server-10) Adding log:INSERT,class ome.model.core.Channel,1278
2024-10-11 09:25:08,679 INFO  [       ome.security.basic.CurrentDetails] (.Server-10) Adding log:INSERT,class ome.model.core.LogicalChannel,1279
2024-10-11 09:25:08,679 INFO  [       ome.security.basic.CurrentDetails] (.Server-10) Adding log:INSERT,class ome.model.core.Channel,1279
2024-10-11 09:25:08,680 INFO  [       ome.security.basic.CurrentDetails] (.Server-10) Adding log:INSERT,class ome.model.core.LogicalChannel,1280
2024-10-11 09:25:08,680 INFO  [       ome.security.basic.CurrentDetails] (.Server-10) Adding log:INSERT,class ome.model.core.Channel,1280
2024-10-11 09:25:08,681 INFO  [       ome.security.basic.CurrentDetails] (.Server-10) Adding log:INSERT,class ome.model.core.LogicalChannel,1281
2024-10-11 09:25:08,681 INFO  [       ome.security.basic.CurrentDetails] (.Server-10) Adding log:INSERT,class ome.model.core.Channel,1281
2024-10-11 09:25:08,681 INFO  [       ome.security.basic.CurrentDetails] (.Server-10) Adding log:INSERT,class ome.model.core.LogicalChannel,1282
2024-10-11 09:25:08,681 INFO  [       ome.security.basic.CurrentDetails] (.Server-10) Adding log:INSERT,class ome.model.core.Channel,1282
2024-10-11 09:25:08,682 INFO  [       ome.security.basic.CurrentDetails] (.Server-10) Adding log:INSERT,class ome.model.core.LogicalChannel,1283
2024-10-11 09:25:08,682 INFO  [       ome.security.basic.CurrentDetails] (.Server-10) Adding log:INSERT,class ome.model.core.Channel,1283
2024-10-11 09:25:08,682 INFO  [       ome.security.basic.CurrentDetails] (.Server-10) Adding log:INSERT,class ome.model.core.LogicalChannel,1284
2024-10-11 09:25:08,683 INFO  [       ome.security.basic.CurrentDetails] (.Server-10) Adding log:INSERT,class ome.model.core.Channel,1284
2024-10-11 09:25:08,683 INFO  [       ome.security.basic.CurrentDetails] (.Server-10) Adding log:INSERT,class ome.model.core.LogicalChannel,1285
2024-10-11 09:25:08,684 INFO  [       ome.security.basic.CurrentDetails] (.Server-10) Adding log:INSERT,class ome.model.core.Channel,1285
2024-10-11 09:25:08,684 INFO  [       ome.security.basic.CurrentDetails] (.Server-10) Adding log:INSERT,class ome.model.core.LogicalChannel,1286
2024-10-11 09:25:08,684 INFO  [       ome.security.basic.CurrentDetails] (.Server-10) Adding log:INSERT,class ome.model.core.Channel,1286
2024-10-11 09:25:08,685 INFO  [       ome.security.basic.CurrentDetails] (.Server-10) Adding log:INSERT,class ome.model.core.LogicalChannel,1287
2024-10-11 09:25:08,685 INFO  [       ome.security.basic.CurrentDetails] (.Server-10) Adding log:INSERT,class ome.model.core.Channel,1287
2024-10-11 09:25:08,685 INFO  [       ome.security.basic.CurrentDetails] (.Server-10) Adding log:INSERT,class ome.model.core.LogicalChannel,1288
2024-10-11 09:25:08,685 INFO  [       ome.security.basic.CurrentDetails] (.Server-10) Adding log:INSERT,class ome.model.core.Channel,1288
2024-10-11 09:25:08,686 INFO  [       ome.security.basic.CurrentDetails] (.Server-10) Adding log:INSERT,class ome.model.core.LogicalChannel,1289
2024-10-11 09:25:08,686 INFO  [       ome.security.basic.CurrentDetails] (.Server-10) Adding log:INSERT,class ome.model.core.Channel,1289
2024-10-11 09:25:08,687 INFO  [       ome.security.basic.CurrentDetails] (.Server-10) Adding log:INSERT,class ome.model.core.LogicalChannel,1290
2024-10-11 09:25:08,687 INFO  [       ome.security.basic.CurrentDetails] (.Server-10) Adding log:INSERT,class ome.model.core.Channel,1290
2024-10-11 09:25:08,687 INFO  [       ome.security.basic.CurrentDetails] (.Server-10) Adding log:INSERT,class ome.model.core.LogicalChannel,1291
2024-10-11 09:25:08,687 INFO  [       ome.security.basic.CurrentDetails] (.Server-10) Adding log:INSERT,class ome.model.core.Channel,1291
2024-10-11 09:25:08,688 INFO  [       ome.security.basic.CurrentDetails] (.Server-10) Adding log:INSERT,class ome.model.core.LogicalChannel,1292
2024-10-11 09:25:08,688 INFO  [       ome.security.basic.CurrentDetails] (.Server-10) Adding log:INSERT,class ome.model.core.Channel,1292
2024-10-11 09:25:08,688 INFO  [       ome.security.basic.CurrentDetails] (.Server-10) Adding log:INSERT,class ome.model.core.LogicalChannel,1293
2024-10-11 09:25:08,689 INFO  [       ome.security.basic.CurrentDetails] (.Server-10) Adding log:INSERT,class ome.model.core.Channel,1293
2024-10-11 09:25:08,689 INFO  [       ome.security.basic.CurrentDetails] (.Server-10) Adding log:INSERT,class ome.model.core.LogicalChannel,1294
2024-10-11 09:25:08,689 INFO  [       ome.security.basic.CurrentDetails] (.Server-10) Adding log:INSERT,class ome.model.core.Channel,1294
2024-10-11 09:25:08,689 INFO  [       ome.security.basic.CurrentDetails] (.Server-10) Adding log:INSERT,class ome.model.core.LogicalChannel,1295
2024-10-11 09:25:08,690 INFO  [       ome.security.basic.CurrentDetails] (.Server-10) Adding log:INSERT,class ome.model.core.Channel,1295
2024-10-11 09:25:08,690 INFO  [       ome.security.basic.CurrentDetails] (.Server-10) Adding log:INSERT,class ome.model.core.LogicalChannel,1296
2024-10-11 09:25:08,690 INFO  [       ome.security.basic.CurrentDetails] (.Server-10) Adding log:INSERT,class ome.model.core.Channel,1296
2024-10-11 09:25:08,691 INFO  [       ome.security.basic.CurrentDetails] (.Server-10) Adding log:INSERT,class ome.model.core.LogicalChannel,1297
2024-10-11 09:25:08,691 INFO  [       ome.security.basic.CurrentDetails] (.Server-10) Adding log:INSERT,class ome.model.core.Channel,1297
2024-10-11 09:25:08,691 INFO  [       ome.security.basic.CurrentDetails] (.Server-10) Adding log:INSERT,class ome.model.core.LogicalChannel,1298
2024-10-11 09:25:08,691 INFO  [       ome.security.basic.CurrentDetails] (.Server-10) Adding log:INSERT,class ome.model.core.Channel,1298
2024-10-11 09:25:08,705 INFO  [                 org.perf4j.TimingLogger] (.Server-10) start[1728638708647] time[57] tag[omero.saveImportGraph]
2024-10-11 09:25:08,718 INFO  [                 org.perf4j.TimingLogger] (.Server-10) start[1728638708643] time[74] tag[omero.call.success.ome.services.blitz.impl.MetadataStoreI$3.doWork]
2024-10-11 09:25:08,721 INFO  [                 org.perf4j.TimingLogger] (2-thread-8) start[1728638708635] time[86] tag[omero.import.request.metadata]
2024-10-11 09:25:08,722 INFO  [    ome.security.basic.BasicEventContext] (.Server-11)  cctx:	group=0
2024-10-11 09:25:08,723 INFO  [         ome.security.basic.EventHandler] (.Server-11)  Auth:	user=0,group=0,event=null(User),sess=83be404c-1957-46d4-a36b-f9feca68dcf3
2024-10-11 09:25:08,724 INFO  [                 org.perf4j.TimingLogger] (.Server-11) start[1728638708722] time[2] tag[omero.call.success.ome.logic.QueryImpl.get]
2024-10-11 09:25:08,727 INFO  [    ome.security.basic.BasicEventContext] (l.Server-4)  cctx:	group=0
2024-10-11 09:25:08,732 INFO  [         ome.security.basic.EventHandler] (l.Server-4)  Auth:	user=0,group=0,event=28239(User),sess=83be404c-1957-46d4-a36b-f9feca68dcf3
2024-10-11 09:25:08,733 INFO  [       ome.security.basic.CurrentDetails] (l.Server-4) Adding log:UPDATE,class ome.model.core.OriginalFile,3088
2024-10-11 09:25:08,738 INFO  [                 org.perf4j.TimingLogger] (l.Server-4) start[1728638708725] time[12] tag[omero.call.success.ome.logic.UpdateImpl.saveObject]
2024-10-11 09:25:08,738 INFO  [                 org.perf4j.TimingLogger] (2-thread-8) start[1728638708635] time[103] tag[omero.import.request.step]
2024-10-11 09:25:08,738 DEBUG [    o.s.blitz.repo.ManagedImportRequestI] (2-thread-8) Step 1
2024-10-11 09:25:08,744 DEBUG [    o.s.blitz.repo.ManagedImportRequestI] (2-thread-8) Plane:0 X:0 Y:0 TileWidth:2048 TileHeight:2048 arrayBuf.length:8388608
2024-10-11 09:25:08,828 DEBUG [    o.s.blitz.repo.ManagedImportRequestI] (2-thread-8) Plane:1 X:0 Y:0 TileWidth:2048 TileHeight:2048 arrayBuf.length:8388608
2024-10-11 09:25:08,897 DEBUG [    o.s.blitz.repo.ManagedImportRequestI] (2-thread-8) Plane:2 X:0 Y:0 TileWidth:2048 TileHeight:2048 arrayBuf.length:8388608
2024-10-11 09:25:08,968 DEBUG [    o.s.blitz.repo.ManagedImportRequestI] (2-thread-8) Plane:3 X:0 Y:0 TileWidth:2048 TileHeight:2048 arrayBuf.length:8388608
2024-10-11 09:25:09,068 DEBUG [    o.s.blitz.repo.ManagedImportRequestI] (2-thread-8) Plane:4 X:0 Y:0 TileWidth:2048 TileHeight:2048 arrayBuf.length:8388608
2024-10-11 09:25:09,129 DEBUG [    o.s.blitz.repo.ManagedImportRequestI] (2-thread-8) Plane:5 X:0 Y:0 TileWidth:2048 TileHeight:2048 arrayBuf.length:8388608
2024-10-11 09:25:09,192 DEBUG [    o.s.blitz.repo.ManagedImportRequestI] (2-thread-8) Plane:6 X:0 Y:0 TileWidth:2048 TileHeight:2048 arrayBuf.length:8388608
2024-10-11 09:25:09,261 DEBUG [    o.s.blitz.repo.ManagedImportRequestI] (2-thread-8) Plane:7 X:0 Y:0 TileWidth:2048 TileHeight:2048 arrayBuf.length:8388608
2024-10-11 09:25:09,330 DEBUG [    o.s.blitz.repo.ManagedImportRequestI] (2-thread-8) Plane:8 X:0 Y:0 TileWidth:2048 TileHeight:2048 arrayBuf.length:8388608
2024-10-11 09:25:09,392 DEBUG [    o.s.blitz.repo.ManagedImportRequestI] (2-thread-8) Plane:9 X:0 Y:0 TileWidth:2048 TileHeight:2048 arrayBuf.length:8388608
2024-10-11 09:25:09,456 DEBUG [    o.s.blitz.repo.ManagedImportRequestI] (2-thread-8) Plane:10 X:0 Y:0 TileWidth:2048 TileHeight:2048 arrayBuf.length:8388608
2024-10-11 09:25:09,546 DEBUG [    o.s.blitz.repo.ManagedImportRequestI] (2-thread-8) Plane:11 X:0 Y:0 TileWidth:2048 TileHeight:2048 arrayBuf.length:8388608
2024-10-11 09:25:09,609 DEBUG [    o.s.blitz.repo.ManagedImportRequestI] (2-thread-8) Plane:12 X:0 Y:0 TileWidth:2048 TileHeight:2048 arrayBuf.length:8388608
2024-10-11 09:25:09,670 DEBUG [    o.s.blitz.repo.ManagedImportRequestI] (2-thread-8) Plane:13 X:0 Y:0 TileWidth:2048 TileHeight:2048 arrayBuf.length:8388608
2024-10-11 09:25:09,727 DEBUG [    o.s.blitz.repo.ManagedImportRequestI] (2-thread-8) Plane:14 X:0 Y:0 TileWidth:2048 TileHeight:2048 arrayBuf.length:8388608
2024-10-11 09:25:09,816 DEBUG [    o.s.blitz.repo.ManagedImportRequestI] (2-thread-8) Plane:15 X:0 Y:0 TileWidth:2048 TileHeight:2048 arrayBuf.length:8388608
2024-10-11 09:25:09,893 DEBUG [    o.s.blitz.repo.ManagedImportRequestI] (2-thread-8) Plane:16 X:0 Y:0 TileWidth:2048 TileHeight:2048 arrayBuf.length:8388608
2024-10-11 09:25:09,956 DEBUG [    o.s.blitz.repo.ManagedImportRequestI] (2-thread-8) Plane:17 X:0 Y:0 TileWidth:2048 TileHeight:2048 arrayBuf.length:8388608
2024-10-11 09:25:10,084 DEBUG [    o.s.blitz.repo.ManagedImportRequestI] (2-thread-8) Plane:18 X:0 Y:0 TileWidth:2048 TileHeight:2048 arrayBuf.length:8388608
2024-10-11 09:25:10,164 DEBUG [    o.s.blitz.repo.ManagedImportRequestI] (2-thread-8) Plane:19 X:0 Y:0 TileWidth:2048 TileHeight:2048 arrayBuf.length:8388608
2024-10-11 09:25:10,245 DEBUG [    o.s.blitz.repo.ManagedImportRequestI] (2-thread-8) Plane:20 X:0 Y:0 TileWidth:2048 TileHeight:2048 arrayBuf.length:8388608
2024-10-11 09:25:10,304 DEBUG [    o.s.blitz.repo.ManagedImportRequestI] (2-thread-8) Plane:21 X:0 Y:0 TileWidth:2048 TileHeight:2048 arrayBuf.length:8388608
2024-10-11 09:25:10,372 DEBUG [    o.s.blitz.repo.ManagedImportRequestI] (2-thread-8) Plane:22 X:0 Y:0 TileWidth:2048 TileHeight:2048 arrayBuf.length:8388608
2024-10-11 09:25:10,420 DEBUG [    o.s.blitz.repo.ManagedImportRequestI] (2-thread-8) Plane:23 X:0 Y:0 TileWidth:2048 TileHeight:2048 arrayBuf.length:8388608
2024-10-11 09:25:10,478 DEBUG [    o.s.blitz.repo.ManagedImportRequestI] (2-thread-8) Plane:24 X:0 Y:0 TileWidth:2048 TileHeight:2048 arrayBuf.length:8388608
2024-10-11 09:25:10,537 DEBUG [    o.s.blitz.repo.ManagedImportRequestI] (2-thread-8) Plane:25 X:0 Y:0 TileWidth:2048 TileHeight:2048 arrayBuf.length:8388608
2024-10-11 09:25:10,603 DEBUG [    o.s.blitz.repo.ManagedImportRequestI] (2-thread-8) Plane:26 X:0 Y:0 TileWidth:2048 TileHeight:2048 arrayBuf.length:8388608
2024-10-11 09:25:10,656 DEBUG [    o.s.blitz.repo.ManagedImportRequestI] (2-thread-8) Plane:27 X:0 Y:0 TileWidth:2048 TileHeight:2048 arrayBuf.length:8388608
2024-10-11 09:25:10,727 DEBUG [    o.s.blitz.repo.ManagedImportRequestI] (2-thread-8) Plane:28 X:0 Y:0 TileWidth:2048 TileHeight:2048 arrayBuf.length:8388608
2024-10-11 09:25:10,811 DEBUG [    o.s.blitz.repo.ManagedImportRequestI] (2-thread-8) Plane:29 X:0 Y:0 TileWidth:2048 TileHeight:2048 arrayBuf.length:8388608
2024-10-11 09:25:10,873 DEBUG [    o.s.blitz.repo.ManagedImportRequestI] (2-thread-8) Plane:30 X:0 Y:0 TileWidth:2048 TileHeight:2048 arrayBuf.length:8388608
2024-10-11 09:25:10,937 DEBUG [    o.s.blitz.repo.ManagedImportRequestI] (2-thread-8) Plane:31 X:0 Y:0 TileWidth:2048 TileHeight:2048 arrayBuf.length:8388608
2024-10-11 09:25:11,028 DEBUG [    o.s.blitz.repo.ManagedImportRequestI] (2-thread-8) Plane:32 X:0 Y:0 TileWidth:2048 TileHeight:2048 arrayBuf.length:8388608
2024-10-11 09:25:11,094 DEBUG [    o.s.blitz.repo.ManagedImportRequestI] (2-thread-8) Plane:33 X:0 Y:0 TileWidth:2048 TileHeight:2048 arrayBuf.length:8388608
2024-10-11 09:25:11,163 DEBUG [    o.s.blitz.repo.ManagedImportRequestI] (2-thread-8) Plane:34 X:0 Y:0 TileWidth:2048 TileHeight:2048 arrayBuf.length:8388608
2024-10-11 09:25:11,236 DEBUG [    o.s.blitz.repo.ManagedImportRequestI] (2-thread-8) Plane:35 X:0 Y:0 TileWidth:2048 TileHeight:2048 arrayBuf.length:8388608
2024-10-11 09:25:11,291 DEBUG [    o.s.blitz.repo.ManagedImportRequestI] (2-thread-8) Plane:36 X:0 Y:0 TileWidth:2048 TileHeight:2048 arrayBuf.length:8388608
2024-10-11 09:25:11,344 DEBUG [    o.s.blitz.repo.ManagedImportRequestI] (2-thread-8) Plane:37 X:0 Y:0 TileWidth:2048 TileHeight:2048 arrayBuf.length:8388608
2024-10-11 09:25:11,418 DEBUG [    o.s.blitz.repo.ManagedImportRequestI] (2-thread-8) Plane:38 X:0 Y:0 TileWidth:2048 TileHeight:2048 arrayBuf.length:8388608
2024-10-11 09:25:11,497 DEBUG [    o.s.blitz.repo.ManagedImportRequestI] (2-thread-8) Plane:39 X:0 Y:0 TileWidth:2048 TileHeight:2048 arrayBuf.length:8388608
2024-10-11 09:25:11,559 DEBUG [    o.s.blitz.repo.ManagedImportRequestI] (2-thread-8) Plane:40 X:0 Y:0 TileWidth:2048 TileHeight:2048 arrayBuf.length:8388608
2024-10-11 09:25:11,625 DEBUG [    o.s.blitz.repo.ManagedImportRequestI] (2-thread-8) Plane:41 X:0 Y:0 TileWidth:2048 TileHeight:2048 arrayBuf.length:8388608
2024-10-11 09:25:11,705 DEBUG [    o.s.blitz.repo.ManagedImportRequestI] (2-thread-8) Plane:42 X:0 Y:0 TileWidth:2048 TileHeight:2048 arrayBuf.length:8388608
2024-10-11 09:25:11,768 DEBUG [    o.s.blitz.repo.ManagedImportRequestI] (2-thread-8) Plane:43 X:0 Y:0 TileWidth:2048 TileHeight:2048 arrayBuf.length:8388608
2024-10-11 09:25:11,839 INFO  [    ome.security.basic.BasicEventContext] (.Server-10)  cctx:	group=0
2024-10-11 09:25:11,842 INFO  [         ome.security.basic.EventHandler] (.Server-10)  Auth:	user=0,group=0,event=28319(User),sess=83be404c-1957-46d4-a36b-f9feca68dcf3
2024-10-11 09:25:11,847 INFO  [                 org.perf4j.TimingLogger] (.Server-10) start[1728638711838] time[8] tag[omero.call.success.ome.services.blitz.impl.MetadataStoreI$7.doWork]
2024-10-11 09:25:11,850 INFO  [    ome.security.basic.BasicEventContext] (.Server-14)  cctx:	group=0
2024-10-11 09:25:11,854 INFO  [         ome.security.basic.EventHandler] (.Server-14)  Auth:	user=0,group=0,event=28321(User),sess=83be404c-1957-46d4-a36b-f9feca68dcf3
2024-10-11 09:25:12,050 INFO  [       ome.security.basic.CurrentDetails] (.Server-14) Adding log:UPDATE,class ome.model.core.Pixels,217
2024-10-11 09:25:12,060 INFO  [                 org.perf4j.TimingLogger] (.Server-14) start[1728638711849] time[210] tag[omero.call.success.ome.logic.UpdateImpl.saveArray]
2024-10-11 09:25:12,063 INFO  [    ome.security.basic.BasicEventContext] (.Server-11)  cctx:	group=0
2024-10-11 09:25:12,100 INFO  [         ome.security.basic.EventHandler] (.Server-11)  Auth:	user=0,group=0,event=28328(User),sess=83be404c-1957-46d4-a36b-f9feca68dcf3
2024-10-11 09:25:12,184 INFO  [                 org.perf4j.TimingLogger] (.Server-11) start[1728638712061] time[123] tag[omero.call.success.ome.services.blitz.impl.MetadataStoreI$2.doWork]
2024-10-11 09:25:12,185 INFO  [                 org.perf4j.TimingLogger] (2-thread-8) start[1728638708738] time[3446] tag[omero.import.request.pixels]
2024-10-11 09:25:12,187 INFO  [    ome.security.basic.BasicEventContext] (l.Server-4)  cctx:	group=0
2024-10-11 09:25:12,188 INFO  [         ome.security.basic.EventHandler] (l.Server-4)  Auth:	user=0,group=0,event=null(User),sess=83be404c-1957-46d4-a36b-f9feca68dcf3
2024-10-11 09:25:12,189 INFO  [                 org.perf4j.TimingLogger] (l.Server-4) start[1728638712185] time[3] tag[omero.call.success.ome.logic.QueryImpl.get]
2024-10-11 09:25:12,192 INFO  [    ome.security.basic.BasicEventContext] (.Server-10)  cctx:	group=0
2024-10-11 09:25:12,197 INFO  [         ome.security.basic.EventHandler] (.Server-10)  Auth:	user=0,group=0,event=28333(User),sess=83be404c-1957-46d4-a36b-f9feca68dcf3
2024-10-11 09:25:12,199 INFO  [       ome.security.basic.CurrentDetails] (.Server-10) Adding log:UPDATE,class ome.model.core.OriginalFile,3088
2024-10-11 09:25:12,204 INFO  [                 org.perf4j.TimingLogger] (.Server-10) start[1728638712191] time[13] tag[omero.call.success.ome.logic.UpdateImpl.saveObject]
2024-10-11 09:25:12,204 INFO  [                 org.perf4j.TimingLogger] (2-thread-8) start[1728638708738] time[3465] tag[omero.import.request.step]
2024-10-11 09:25:12,204 DEBUG [    o.s.blitz.repo.ManagedImportRequestI] (2-thread-8) Step 2
2024-10-11 09:25:12,206 INFO  [    ome.security.basic.BasicEventContext] (.Server-14)  cctx:	group=0
2024-10-11 09:25:12,210 INFO  [         ome.security.basic.EventHandler] (.Server-14)  Auth:	user=0,group=0,event=28334(User),sess=83be404c-1957-46d4-a36b-f9feca68dcf3
2024-10-11 09:25:12,216 INFO  [                 org.perf4j.TimingLogger] (.Server-14) start[1728638712210] time[6] tag[omero.loadPixels]
2024-10-11 09:25:12,226 INFO  [                 org.perf4j.TimingLogger] (.Server-14) start[1728638712220] time[5] tag[omero.loadRenderingSettingsByUser]
2024-10-11 09:25:12,245 DEBUG [                   loci.formats.Memoizer] (.Server-14) start[1728638712231] time[14] tag[loci.formats.Memoizer.loadMemo]
2024-10-11 09:25:12,264 INFO  [                loci.formats.ImageReader] (.Server-14) IonpathMIBITiffReader initializing /OMERO/ManagedRepository/root_0/2024-10/11/09-25-07.913/TA459_multipleCores2_Run-4_Point8.tiff
2024-10-11 09:25:12,264 INFO  [       loci.formats.in.MinimalTiffReader] (.Server-14) Reading IFDs
2024-10-11 09:25:12,267 INFO  [       loci.formats.in.MinimalTiffReader] (.Server-14) Populating metadata
2024-10-11 09:25:12,270 INFO  [          loci.formats.in.BaseTiffReader] (.Server-14) Populating OME metadata
2024-10-11 09:25:12,278 DEBUG [                   loci.formats.Memoizer] (.Server-14) saved to temp file: /OMERO/BioFormatsCache/OMERO/ManagedRepository/root_0/2024-10/11/09-25-07.913/.TA459_multipleCores2_Run-4_Point8.tiff.bfmemo13531345397393187125
2024-10-11 09:25:12,278 DEBUG [                   loci.formats.Memoizer] (.Server-14) start[1728638712276] time[2] tag[loci.formats.Memoizer.saveMemo]
2024-10-11 09:25:12,279 DEBUG [                   loci.formats.Memoizer] (.Server-14) saved memo file: /OMERO/BioFormatsCache/OMERO/ManagedRepository/root_0/2024-10/11/09-25-07.913/.TA459_multipleCores2_Run-4_Point8.tiff.bfmemo (50708 bytes)
2024-10-11 09:25:12,279 DEBUG [                   loci.formats.Memoizer] (.Server-14) start[1728638712230] time[48] tag[loci.formats.Memoizer.setId]
2024-10-11 09:25:12,298 INFO  [       ome.security.basic.CurrentDetails] (.Server-14) Adding log:INSERT,class ome.model.display.QuantumDef,217
2024-10-11 09:25:12,300 INFO  [       ome.security.basic.CurrentDetails] (.Server-14) Adding log:INSERT,class ome.model.display.RenderingDef,217
2024-10-11 09:25:12,300 INFO  [       ome.security.basic.CurrentDetails] (.Server-14) Adding log:INSERT,class ome.model.display.ChannelBinding,1255
2024-10-11 09:25:12,300 INFO  [       ome.security.basic.CurrentDetails] (.Server-14) Adding log:INSERT,class ome.model.display.ChannelBinding,1256
2024-10-11 09:25:12,301 INFO  [       ome.security.basic.CurrentDetails] (.Server-14) Adding log:INSERT,class ome.model.display.ChannelBinding,1257
2024-10-11 09:25:12,301 INFO  [       ome.security.basic.CurrentDetails] (.Server-14) Adding log:INSERT,class ome.model.display.ChannelBinding,1258
2024-10-11 09:25:12,302 INFO  [       ome.security.basic.CurrentDetails] (.Server-14) Adding log:INSERT,class ome.model.display.ChannelBinding,1259
2024-10-11 09:25:12,302 INFO  [       ome.security.basic.CurrentDetails] (.Server-14) Adding log:INSERT,class ome.model.display.ChannelBinding,1260
2024-10-11 09:25:12,302 INFO  [       ome.security.basic.CurrentDetails] (.Server-14) Adding log:INSERT,class ome.model.display.ChannelBinding,1261
2024-10-11 09:25:12,303 INFO  [       ome.security.basic.CurrentDetails] (.Server-14) Adding log:INSERT,class ome.model.display.ChannelBinding,1262
2024-10-11 09:25:12,303 INFO  [       ome.security.basic.CurrentDetails] (.Server-14) Adding log:INSERT,class ome.model.display.ChannelBinding,1263
2024-10-11 09:25:12,303 INFO  [       ome.security.basic.CurrentDetails] (.Server-14) Adding log:INSERT,class ome.model.display.ChannelBinding,1264
2024-10-11 09:25:12,304 INFO  [       ome.security.basic.CurrentDetails] (.Server-14) Adding log:INSERT,class ome.model.display.ChannelBinding,1265
2024-10-11 09:25:12,304 INFO  [       ome.security.basic.CurrentDetails] (.Server-14) Adding log:INSERT,class ome.model.display.ChannelBinding,1266
2024-10-11 09:25:12,305 INFO  [       ome.security.basic.CurrentDetails] (.Server-14) Adding log:INSERT,class ome.model.display.ChannelBinding,1267
2024-10-11 09:25:12,306 INFO  [       ome.security.basic.CurrentDetails] (.Server-14) Adding log:INSERT,class ome.model.display.ChannelBinding,1268
2024-10-11 09:25:12,307 INFO  [       ome.security.basic.CurrentDetails] (.Server-14) Adding log:INSERT,class ome.model.display.ChannelBinding,1269
2024-10-11 09:25:12,307 INFO  [       ome.security.basic.CurrentDetails] (.Server-14) Adding log:INSERT,class ome.model.display.ChannelBinding,1270
2024-10-11 09:25:12,308 INFO  [       ome.security.basic.CurrentDetails] (.Server-14) Adding log:INSERT,class ome.model.display.ChannelBinding,1271
2024-10-11 09:25:12,308 INFO  [       ome.security.basic.CurrentDetails] (.Server-14) Adding log:INSERT,class ome.model.display.ChannelBinding,1272
2024-10-11 09:25:12,309 INFO  [       ome.security.basic.CurrentDetails] (.Server-14) Adding log:INSERT,class ome.model.display.ChannelBinding,1273
2024-10-11 09:25:12,309 INFO  [       ome.security.basic.CurrentDetails] (.Server-14) Adding log:INSERT,class ome.model.display.ChannelBinding,1274
2024-10-11 09:25:12,309 INFO  [       ome.security.basic.CurrentDetails] (.Server-14) Adding log:INSERT,class ome.model.display.ChannelBinding,1275
2024-10-11 09:25:12,310 INFO  [       ome.security.basic.CurrentDetails] (.Server-14) Adding log:INSERT,class ome.model.display.ChannelBinding,1276
2024-10-11 09:25:12,310 INFO  [       ome.security.basic.CurrentDetails] (.Server-14) Adding log:INSERT,class ome.model.display.ChannelBinding,1277
2024-10-11 09:25:12,310 INFO  [       ome.security.basic.CurrentDetails] (.Server-14) Adding log:INSERT,class ome.model.display.ChannelBinding,1278
2024-10-11 09:25:12,311 INFO  [       ome.security.basic.CurrentDetails] (.Server-14) Adding log:INSERT,class ome.model.display.ChannelBinding,1279
2024-10-11 09:25:12,311 INFO  [       ome.security.basic.CurrentDetails] (.Server-14) Adding log:INSERT,class ome.model.display.ChannelBinding,1280
2024-10-11 09:25:12,311 INFO  [       ome.security.basic.CurrentDetails] (.Server-14) Adding log:INSERT,class ome.model.display.ChannelBinding,1281
2024-10-11 09:25:12,312 INFO  [       ome.security.basic.CurrentDetails] (.Server-14) Adding log:INSERT,class ome.model.display.ChannelBinding,1282
2024-10-11 09:25:12,312 INFO  [       ome.security.basic.CurrentDetails] (.Server-14) Adding log:INSERT,class ome.model.display.ChannelBinding,1283
2024-10-11 09:25:12,312 INFO  [       ome.security.basic.CurrentDetails] (.Server-14) Adding log:INSERT,class ome.model.display.ChannelBinding,1284
2024-10-11 09:25:12,313 INFO  [       ome.security.basic.CurrentDetails] (.Server-14) Adding log:INSERT,class ome.model.display.ChannelBinding,1285
2024-10-11 09:25:12,313 INFO  [       ome.security.basic.CurrentDetails] (.Server-14) Adding log:INSERT,class ome.model.display.ChannelBinding,1286
2024-10-11 09:25:12,314 INFO  [       ome.security.basic.CurrentDetails] (.Server-14) Adding log:INSERT,class ome.model.display.ChannelBinding,1287
2024-10-11 09:25:12,315 INFO  [       ome.security.basic.CurrentDetails] (.Server-14) Adding log:INSERT,class ome.model.display.ChannelBinding,1288
2024-10-11 09:25:12,316 INFO  [       ome.security.basic.CurrentDetails] (.Server-14) Adding log:INSERT,class ome.model.display.ChannelBinding,1289
2024-10-11 09:25:12,317 INFO  [       ome.security.basic.CurrentDetails] (.Server-14) Adding log:INSERT,class ome.model.display.ChannelBinding,1290
2024-10-11 09:25:12,317 INFO  [       ome.security.basic.CurrentDetails] (.Server-14) Adding log:INSERT,class ome.model.display.ChannelBinding,1291
2024-10-11 09:25:12,318 INFO  [       ome.security.basic.CurrentDetails] (.Server-14) Adding log:INSERT,class ome.model.display.ChannelBinding,1292
2024-10-11 09:25:12,319 INFO  [       ome.security.basic.CurrentDetails] (.Server-14) Adding log:INSERT,class ome.model.display.ChannelBinding,1293
2024-10-11 09:25:12,319 INFO  [       ome.security.basic.CurrentDetails] (.Server-14) Adding log:INSERT,class ome.model.display.ChannelBinding,1294
2024-10-11 09:25:12,323 INFO  [       ome.security.basic.CurrentDetails] (.Server-14) Adding log:INSERT,class ome.model.display.ChannelBinding,1295
2024-10-11 09:25:12,324 INFO  [       ome.security.basic.CurrentDetails] (.Server-14) Adding log:INSERT,class ome.model.display.ChannelBinding,1296
2024-10-11 09:25:12,325 INFO  [       ome.security.basic.CurrentDetails] (.Server-14) Adding log:INSERT,class ome.model.display.ChannelBinding,1297
2024-10-11 09:25:12,325 INFO  [       ome.security.basic.CurrentDetails] (.Server-14) Adding log:INSERT,class ome.model.display.ChannelBinding,1298
2024-10-11 09:25:12,343 INFO  [                 org.perf4j.TimingLogger] (.Server-14) start[1728638712289] time[53] tag[omero.resetDefaultsInSet.saveAndReturn]
2024-10-11 09:25:12,343 INFO  [                 org.perf4j.TimingLogger] (.Server-14) start[1728638712210] time[133] tag[omero.resetDefaultsInSet]
2024-10-11 09:25:12,358 INFO  [                 org.perf4j.TimingLogger] (.Server-14) start[1728638712205] time[152] tag[omero.call.success.ome.logic.RenderingSettingsImpl.resetDefaultsInSet]
2024-10-11 09:25:12,359 INFO  [    ome.security.basic.BasicEventContext] (.Server-10)  cctx:	group=0
2024-10-11 09:25:12,372 INFO  [         ome.security.basic.EventHandler] (.Server-10)  Auth:	user=0,group=0,event=28335(User),sess=83be404c-1957-46d4-a36b-f9feca68dcf3
2024-10-11 09:25:12,375 INFO  [                 org.perf4j.TimingLogger] (.Server-10) start[1728638712372] time[2] tag[omero.bulkLoadRenderingSettings]
2024-10-11 09:25:12,375 INFO  [                 org.perf4j.TimingLogger] (.Server-10) start[1728638712375] time[0] tag[omero.createAndPrepareMissingRenderingSettings]
2024-10-11 09:25:12,378 INFO  [                 org.perf4j.TimingLogger] (.Server-10) start[1728638712375] time[2] tag[omero.bulkLoadMetadata]
2024-10-11 09:25:12,379 INFO  [                 org.perf4j.TimingLogger] (.Server-10) start[1728638712375] time[3] tag[omero.loadMetadataByDimensionPool]
2024-10-11 09:25:12,381 INFO  [       ome.security.basic.CurrentDetails] (.Server-10) Adding log:INSERT,class ome.model.display.Thumbnail,217
2024-10-11 09:25:12,382 INFO  [                 org.perf4j.TimingLogger] (.Server-10) start[1728638712381] time[1] tag[omero.bulkLoadMetadata]
2024-10-11 09:25:12,382 INFO  [                 org.perf4j.TimingLogger] (.Server-10) start[1728638712381] time[1] tag[omero.loadMetadataByDimensionPool]
2024-10-11 09:25:12,382 INFO  [                 org.perf4j.TimingLogger] (.Server-10) start[1728638712379] time[3] tag[omero.createMissingThumbnailMetadata]
2024-10-11 09:25:12,384 INFO  [    ome.security.basic.BasicEventContext] (.Server-10)  cctx:	group=0
2024-10-11 09:25:12,390 INFO  [         ome.security.basic.EventHandler] (.Server-10)  Auth:	user=0,group=0,event=28336(User),sess=83be404c-1957-46d4-a36b-f9feca68dcf3
2024-10-11 09:25:12,392 INFO  [                 org.perf4j.TimingLogger] (.Server-10) start[1728638712392] time[0] tag[omero._createThumbnail(thumbMetaData)]
2024-10-11 09:25:12,427 DEBUG [                   loci.formats.Memoizer] (.Server-10) loaded memo file: /OMERO/BioFormatsCache/OMERO/ManagedRepository/root_0/2024-10/11/09-25-07.913/.TA459_multipleCores2_Run-4_Point8.tiff.bfmemo (50708 bytes)
2024-10-11 09:25:12,427 DEBUG [                   loci.formats.Memoizer] (.Server-10) start[1728638712415] time[12] tag[loci.formats.Memoizer.loadMemo]
2024-10-11 09:25:12,427 DEBUG [                   loci.formats.Memoizer] (.Server-10) start[1728638712415] time[12] tag[loci.formats.Memoizer.setId]
2024-10-11 09:25:12,477 INFO  [       ome.logic.JavaImageScalingService] (.Server-10) Scaling to: 96x96
2024-10-11 09:25:12,505 INFO  [                 org.perf4j.TimingLogger] (.Server-10) start[1728638712477] time[27] tag[java-image-scaling.resampleOp]
2024-10-11 09:25:12,506 INFO  [                 org.perf4j.TimingLogger] (.Server-10) start[1728638712392] time[114] tag[omero._createThumbnail]
2024-10-11 09:25:12,514 INFO  [                 org.perf4j.TimingLogger] (.Server-10) start[1728638712359] time[154] tag[omero.call.success.ome.services.ThumbnailBean.createThumbnailsByLongestSideSet]
2024-10-11 09:25:12,514 INFO  [                 org.perf4j.TimingLogger] (2-thread-8) start[1728638712204] time[309] tag[omero.import.request.thumbs]
2024-10-11 09:25:12,516 INFO  [    ome.security.basic.BasicEventContext] (.Server-11)  cctx:	group=0
2024-10-11 09:25:12,517 INFO  [         ome.security.basic.EventHandler] (.Server-11)  Auth:	user=0,group=0,event=null(User),sess=83be404c-1957-46d4-a36b-f9feca68dcf3
2024-10-11 09:25:12,519 INFO  [                 org.perf4j.TimingLogger] (.Server-11) start[1728638712515] time[3] tag[omero.call.success.ome.logic.QueryImpl.get]
2024-10-11 09:25:12,523 INFO  [    ome.security.basic.BasicEventContext] (.Server-13)  cctx:	group=0
2024-10-11 09:25:12,528 INFO  [         ome.security.basic.EventHandler] (.Server-13)  Auth:	user=0,group=0,event=28337(User),sess=83be404c-1957-46d4-a36b-f9feca68dcf3
2024-10-11 09:25:12,530 INFO  [       ome.security.basic.CurrentDetails] (.Server-13) Adding log:UPDATE,class ome.model.core.OriginalFile,3088
2024-10-11 09:25:12,536 INFO  [                 org.perf4j.TimingLogger] (.Server-13) start[1728638712520] time[16] tag[omero.call.success.ome.logic.UpdateImpl.saveObject]
2024-10-11 09:25:12,537 INFO  [                 org.perf4j.TimingLogger] (2-thread-8) start[1728638712204] time[332] tag[omero.import.request.step]
2024-10-11 09:25:12,537 DEBUG [    o.s.blitz.repo.ManagedImportRequestI] (2-thread-8) Step 3
2024-10-11 09:25:12,540 INFO  [    ome.security.basic.BasicEventContext] (l.Server-4)  cctx:	group=0
2024-10-11 09:25:12,542 INFO  [         ome.security.basic.EventHandler] (l.Server-4)  Auth:	user=0,group=0,event=null(User),sess=83be404c-1957-46d4-a36b-f9feca68dcf3
2024-10-11 09:25:12,543 INFO  [                 org.perf4j.TimingLogger] (l.Server-4) start[1728638712538] time[4] tag[omero.call.success.ome.services.blitz.impl.MetadataStoreI$6.doWork]
2024-10-11 09:25:12,544 INFO  [    ome.security.basic.BasicEventContext] (.Server-12)  cctx:	group=0
2024-10-11 09:25:12,545 INFO  [         ome.security.basic.EventHandler] (.Server-12)  Auth:	user=0,group=0,event=null(User),sess=83be404c-1957-46d4-a36b-f9feca68dcf3
2024-10-11 09:25:12,546 INFO  [                 org.perf4j.TimingLogger] (.Server-12) start[1728638712543] time[2] tag[omero.call.success.ome.logic.QueryImpl.get]
2024-10-11 09:25:12,548 INFO  [    ome.security.basic.BasicEventContext] (l.Server-9)  cctx:	group=0
2024-10-11 09:25:12,560 INFO  [         ome.security.basic.EventHandler] (l.Server-9)  Auth:	user=0,group=0,event=28338(User),sess=83be404c-1957-46d4-a36b-f9feca68dcf3
2024-10-11 09:25:12,561 INFO  [       ome.security.basic.CurrentDetails] (l.Server-9) Adding log:UPDATE,class ome.model.core.OriginalFile,3088
2024-10-11 09:25:12,566 INFO  [                 org.perf4j.TimingLogger] (l.Server-9) start[1728638712547] time[19] tag[omero.call.success.ome.logic.UpdateImpl.saveObject]
2024-10-11 09:25:12,567 INFO  [                 org.perf4j.TimingLogger] (2-thread-8) start[1728638712537] time[29] tag[omero.import.request.step]
2024-10-11 09:25:12,567 DEBUG [    o.s.blitz.repo.ManagedImportRequestI] (2-thread-8) Step 4
2024-10-11 09:25:12,569 INFO  [    ome.security.basic.BasicEventContext] (.Server-15)  cctx:	group=0
2024-10-11 09:25:12,571 INFO  [         ome.security.basic.EventHandler] (.Server-15)  Auth:	user=0,group=0,event=null(User),sess=83be404c-1957-46d4-a36b-f9feca68dcf3
2024-10-11 09:25:12,572 INFO  [                 org.perf4j.TimingLogger] (.Server-15) start[1728638712568] time[4] tag[omero.call.success.ome.logic.QueryImpl.get]
2024-10-11 09:25:12,575 INFO  [    ome.security.basic.BasicEventContext] (.Server-10)  cctx:	group=0
2024-10-11 09:25:12,581 INFO  [         ome.security.basic.EventHandler] (.Server-10)  Auth:	user=0,group=0,event=28339(User),sess=83be404c-1957-46d4-a36b-f9feca68dcf3
2024-10-11 09:25:12,584 INFO  [       ome.security.basic.CurrentDetails] (.Server-10) Adding log:UPDATE,class ome.model.core.OriginalFile,3088
2024-10-11 09:25:12,591 INFO  [                 org.perf4j.TimingLogger] (.Server-10) start[1728638712573] time[17] tag[omero.call.success.ome.logic.UpdateImpl.saveObject]
2024-10-11 09:25:12,591 INFO  [                 org.perf4j.TimingLogger] (2-thread-8) start[1728638712567] time[24] tag[omero.import.request.step]
2024-10-11 09:25:12,601 INFO  [    ome.security.basic.BasicEventContext] (.Server-13)  cctx:	group=0
2024-10-11 09:25:12,607 INFO  [         ome.security.basic.EventHandler] (.Server-13)  Auth:	user=0,group=0,event=28340(User),sess=83be404c-1957-46d4-a36b-f9feca68dcf3
2024-10-11 09:25:12,611 INFO  [                 org.perf4j.TimingLogger] (.Server-13) start[1728638712600] time[10] tag[omero.call.success.ome.services.RawFileBean.close]
2024-10-11 09:25:12,611 DEBUG [                omero.util.ServantHolder] (.Server-13) Removed omero.api._RawFileStoreTie@4efa616e from omero.util.ServantHolder@149b3864 as ea7d6d04-bffc-404c-8336-052686a55f92omero.api.RawFileStore
2024-10-11 09:25:12,611 INFO  [                      omero.cmd.SessionI] (.Server-13) Unregistered servant:83be404c-1957-46d4-a36b-f9feca68dcf3/ea7d6d04-bffc-404c-8336-052686a55f92omero.api.RawFileStore(omero.api._RawFileStoreTie@4efa616e)
2024-10-11 09:25:12,615 INFO  [    ome.security.basic.BasicEventContext] (l.Server-4)  cctx:	group=0
2024-10-11 09:25:12,620 INFO  [         ome.security.basic.EventHandler] (l.Server-4)  Auth:	user=0,group=0,event=28341(User),sess=83be404c-1957-46d4-a36b-f9feca68dcf3
2024-10-11 09:25:12,623 INFO  [                 org.perf4j.TimingLogger] (l.Server-4) start[1728638712612] time[10] tag[omero.call.success.ome.services.RawPixelsBean.close]
2024-10-11 09:25:12,623 DEBUG [                omero.util.ServantHolder] (l.Server-4) Removed omero.api._RawPixelsStoreTie@956ababe from omero.util.ServantHolder@149b3864 as 1e758804-9bf7-4b66-ad32-476848c0af4domero.api.RawPixelsStore
2024-10-11 09:25:12,623 INFO  [                      omero.cmd.SessionI] (l.Server-4) Unregistered servant:83be404c-1957-46d4-a36b-f9feca68dcf3/1e758804-9bf7-4b66-ad32-476848c0af4domero.api.RawPixelsStore(omero.api._RawPixelsStoreTie@956ababe)
2024-10-11 09:25:12,625 INFO  [    ome.security.basic.BasicEventContext] (.Server-12)  cctx:	group=0
2024-10-11 09:25:12,627 INFO  [         ome.security.basic.EventHandler] (.Server-12)  Auth:	user=0,group=0,event=null(User),sess=83be404c-1957-46d4-a36b-f9feca68dcf3
2024-10-11 09:25:12,628 INFO  [                 org.perf4j.TimingLogger] (.Server-12) start[1728638712624] time[3] tag[omero.call.success.ome.services.ThumbnailBean.close]
2024-10-11 09:25:12,628 DEBUG [                omero.util.ServantHolder] (.Server-12) Removed omero.api._ThumbnailStoreTie@95aa3e65 from omero.util.ServantHolder@149b3864 as 347050ba-ae4c-4313-ae55-137d51c50d5aomero.api.ThumbnailStore
2024-10-11 09:25:12,628 INFO  [                      omero.cmd.SessionI] (.Server-12) Unregistered servant:83be404c-1957-46d4-a36b-f9feca68dcf3/347050ba-ae4c-4313-ae55-137d51c50d5aomero.api.ThumbnailStore(omero.api._ThumbnailStoreTie@95aa3e65)
2024-10-11 09:25:12,628 DEBUG [                omero.util.ServantHolder] (.Server-14) Removed omero.api._MetadataStoreTie@79c83fec from omero.util.ServantHolder@149b3864 as e3f719ec-b248-4dab-8990-ed492153dbf7omero.api.MetadataStore
2024-10-11 09:25:12,628 INFO  [                      omero.cmd.SessionI] (.Server-14) Unregistered servant:83be404c-1957-46d4-a36b-f9feca68dcf3/e3f719ec-b248-4dab-8990-ed492153dbf7omero.api.MetadataStore(omero.api._MetadataStoreTie@79c83fec)
2024-10-11 09:25:12,628 INFO  [    o.s.blitz.repo.ManagedImportRequestI] (2-thread-8) Cleaning up import.
2024-10-11 09:25:12,635 INFO  [         ome.security.basic.EventHandler] (.Server-15)  Auth:	user=0,group=0,event=null(User),sess=83be404c-1957-46d4-a36b-f9feca68dcf3
2024-10-11 09:25:12,637 INFO  [                 org.perf4j.TimingLogger] (.Server-15) start[1728638712633] time[4] tag[omero.call.success.ome.logic.QueryImpl.get]
2024-10-11 09:25:12,649 INFO  [         ome.security.basic.EventHandler] (.Server-11)  Auth:	user=0,group=0,event=28342(User),sess=83be404c-1957-46d4-a36b-f9feca68dcf3
2024-10-11 09:25:12,652 INFO  [       ome.security.basic.CurrentDetails] (.Server-11) Adding log:UPDATE,class ome.model.core.OriginalFile,3088
2024-10-11 09:25:12,657 INFO  [                 org.perf4j.TimingLogger] (.Server-11) start[1728638712641] time[16] tag[omero.call.success.ome.logic.UpdateImpl.saveObject]
