2024-10-11 09:25:19,698 INFO  [                 org.perf4j.TimingLogger] (.Server-15) start[1728638719687] time[11] tag[omero.import.process.init]
2024-10-11 09:25:19,706 INFO  [         ome.security.basic.EventHandler] (.Server-15)  Auth:	user=0,group=0,event=28524(User),sess=83be404c-1957-46d4-a36b-f9feca68dcf3
2024-10-11 09:25:19,711 INFO  [       ome.security.basic.CurrentDetails] (.Server-15) Adding log:INSERT,class ome.model.jobs.UploadJob,3178
2024-10-11 09:25:19,712 INFO  [       ome.security.basic.CurrentDetails] (.Server-15) Adding log:INSERT,class ome.model.jobs.JobOriginalFileLink,4903
2024-10-11 09:25:19,721 INFO  [       ome.security.basic.CurrentDetails] (.Server-15) Adding log:INSERT,class ome.model.jobs.MetadataImportJob,3179
2024-10-11 09:25:19,737 INFO  [       ome.security.basic.CurrentDetails] (.Server-15) Adding log:INSERT,class ome.model.jobs.PixelDataJob,3180
2024-10-11 09:25:19,741 INFO  [       ome.security.basic.CurrentDetails] (.Server-15) Adding log:INSERT,class ome.model.jobs.ThumbnailGenerationJob,3181
2024-10-11 09:25:19,745 INFO  [       ome.security.basic.CurrentDetails] (.Server-15) Adding log:INSERT,class ome.model.jobs.IndexingJob,3182
2024-10-11 09:25:19,748 INFO  [                 org.perf4j.TimingLogger] (.Server-15) start[1728638719748] time[0] tag[omero.repo.internal_register.find_repo_files]
2024-10-11 09:25:19,752 INFO  [       ome.security.basic.CurrentDetails] (.Server-15) Adding log:INSERT,class ome.model.core.OriginalFile,3125
2024-10-11 09:25:19,753 INFO  [                 org.perf4j.TimingLogger] (.Server-15) start[1728638719749] time[3] tag[omero.repo.create_original_file.save]
2024-10-11 09:25:19,753 INFO  [                 org.perf4j.TimingLogger] (.Server-15) start[1728638719753] time[0] tag[omero.repo.create_original_file.internal_mkdir]
2024-10-11 09:25:19,753 INFO  [                 org.perf4j.TimingLogger] (.Server-15) start[1728638719753] time[0] tag[omero.repo.internal_register.load]
2024-10-11 09:25:19,753 INFO  [                 org.perf4j.TimingLogger] (.Server-15) start[1728638719753] time[0] tag[omero.repo.internal_register.sort]
2024-10-11 09:25:19,753 INFO  [                 org.perf4j.TimingLogger] (.Server-15) start[1728638719748] time[5] tag[omero.repo.save_fileset.register]
2024-10-11 09:25:19,753 INFO  [                 org.perf4j.TimingLogger] (.Server-15) start[1728638719753] time[0] tag[omero.repo.save_fileset.update_fileset_entries]
2024-10-11 09:25:19,755 INFO  [       ome.security.basic.CurrentDetails] (.Server-15) Adding log:INSERT,class ome.model.fs.Fileset,229
2024-10-11 09:25:19,755 INFO  [       ome.security.basic.CurrentDetails] (.Server-15) Adding log:INSERT,class ome.model.fs.FilesetJobLink,341
2024-10-11 09:25:19,755 INFO  [       ome.security.basic.CurrentDetails] (.Server-15) Adding log:INSERT,class ome.model.fs.FilesetJobLink,342
2024-10-11 09:25:19,756 INFO  [       ome.security.basic.CurrentDetails] (.Server-15) Adding log:INSERT,class ome.model.fs.FilesetJobLink,343
2024-10-11 09:25:19,756 INFO  [       ome.security.basic.CurrentDetails] (.Server-15) Adding log:INSERT,class ome.model.fs.FilesetJobLink,344
2024-10-11 09:25:19,756 INFO  [       ome.security.basic.CurrentDetails] (.Server-15) Adding log:INSERT,class ome.model.fs.FilesetJobLink,345
2024-10-11 09:25:19,756 INFO  [       ome.security.basic.CurrentDetails] (.Server-15) Adding log:INSERT,class ome.model.fs.FilesetEntry,229
2024-10-11 09:25:19,759 INFO  [                 org.perf4j.TimingLogger] (.Server-15) start[1728638719753] time[5] tag[omero.repo.save_fileset.save]
2024-10-11 09:25:19,768 INFO  [                 org.perf4j.TimingLogger] (.Server-15) start[1728638719700] time[68] tag[omero.call.success.ome.services.blitz.repo.RepositoryDaoImpl$8.doWork]
2024-10-11 09:25:19,769 INFO  [                 org.perf4j.TimingLogger] (.Server-15) start[1728638719700] time[69] tag[omero.repo.save_fileset]
2024-10-11 09:25:19,769 INFO  [                      omero.cmd.SessionI] (.Server-15) Added servant to adapter: 83be404c-1957-46d4-a36b-f9feca68dcf3/bfca5185-2889-4925-8ff4-4f865fb4a2e7-ManagedImportProcessI(omero.grid._ImportProcessTie@178c792b)
2024-10-11 09:25:19,769 DEBUG [                omero.util.ServantHolder] (.Server-15) Added omero.grid._ImportProcessTie@178c792b to omero.util.ServantHolder@149b3864 as bfca5185-2889-4925-8ff4-4f865fb4a2e7-ManagedImportProcessI
2024-10-11 09:25:19,770 INFO  [                 org.perf4j.TimingLogger] (.Server-15) start[1728638719699] time[70] tag[omero.import.process.create]
2024-10-11 09:25:19,776 INFO  [         ome.security.basic.EventHandler] (.Server-14)  Auth:	user=0,group=0,event=null(User),sess=83be404c-1957-46d4-a36b-f9feca68dcf3
2024-10-11 09:25:19,792 INFO  [                 org.perf4j.TimingLogger] (.Server-14) start[1728638719774] time[18] tag[omero.call.success.ome.services.blitz.repo.RepositoryDaoImpl$2.doWork]
2024-10-11 09:25:19,795 INFO  [         ome.security.basic.EventHandler] (.Server-14)  Auth:	user=0,group=0,event=null(User),sess=83be404c-1957-46d4-a36b-f9feca68dcf3
2024-10-11 09:25:19,796 INFO  [                 org.perf4j.TimingLogger] (.Server-14) start[1728638719793] time[3] tag[omero.call.success.ome.services.blitz.repo.RepositoryDaoImpl$4.doWork]
2024-10-11 09:25:19,799 INFO  [         ome.security.basic.EventHandler] (.Server-14)  Auth:	user=0,group=0,event=null(User),sess=83be404c-1957-46d4-a36b-f9feca68dcf3
2024-10-11 09:25:19,804 INFO  [                 org.perf4j.TimingLogger] (.Server-14) start[1728638719797] time[7] tag[omero.call.success.ome.services.blitz.repo.RepositoryDaoImpl$6.doWork]
2024-10-11 09:25:19,805 INFO  [    ome.security.basic.BasicEventContext] (.Server-14)  cctx:	group=0
2024-10-11 09:25:19,806 INFO  [         ome.security.basic.EventHandler] (.Server-14)  Auth:	user=0,group=0,event=null(User),sess=83be404c-1957-46d4-a36b-f9feca68dcf3
2024-10-11 09:25:19,808 INFO  [                 org.perf4j.TimingLogger] (.Server-14) start[1728638719804] time[4] tag[omero.call.success.ome.services.blitz.repo.RepositoryDaoImpl$1.doWork]
2024-10-11 09:25:19,809 INFO  [                      omero.cmd.SessionI] (.Server-14) Added servant to adapter: 83be404c-1957-46d4-a36b-f9feca68dcf3/54c8bbc0-c298-43cf-8ea9-e82050bcd882-RepoRawFileStoreI(omero.api._RawFileStoreTie@386a5fb3)
2024-10-11 09:25:19,809 DEBUG [                omero.util.ServantHolder] (.Server-14) Added omero.api._RawFileStoreTie@386a5fb3 to omero.util.ServantHolder@149b3864 as 54c8bbc0-c298-43cf-8ea9-e82050bcd882-RepoRawFileStoreI
2024-10-11 09:25:19,809 INFO  [                 org.perf4j.TimingLogger] (.Server-14) start[1728638719774] time[34] tag[omero.import.process.opener]
2024-10-11 09:25:19,809 INFO  [                 org.perf4j.TimingLogger] (.Server-14) start[1728638719774] time[35] tag[omero.import.process.uploader]
2024-10-11 09:25:19,813 INFO  [         ome.security.basic.EventHandler] (.Server-11)  Auth:	user=0,group=0,event=null(User),sess=83be404c-1957-46d4-a36b-f9feca68dcf3
2024-10-11 09:25:19,814 INFO  [                 org.perf4j.TimingLogger] (.Server-11) start[1728638719812] time[1] tag[omero.call.success.ome.services.RawFileBean.write]
2024-10-11 09:25:19,860 INFO  [         ome.security.basic.EventHandler] (.Server-13)  Auth:	user=0,group=0,event=null(User),sess=83be404c-1957-46d4-a36b-f9feca68dcf3
2024-10-11 09:25:19,867 INFO  [                 org.perf4j.TimingLogger] (.Server-13) start[1728638719858] time[8] tag[omero.call.success.ome.services.RawFileBean.write]
2024-10-11 09:25:19,924 INFO  [         ome.security.basic.EventHandler] (l.Server-9)  Auth:	user=0,group=0,event=null(User),sess=83be404c-1957-46d4-a36b-f9feca68dcf3
2024-10-11 09:25:19,934 INFO  [                 org.perf4j.TimingLogger] (l.Server-9) start[1728638719921] time[13] tag[omero.call.success.ome.services.RawFileBean.write]
2024-10-11 09:25:19,991 INFO  [         ome.security.basic.EventHandler] (l.Server-4)  Auth:	user=0,group=0,event=null(User),sess=83be404c-1957-46d4-a36b-f9feca68dcf3
2024-10-11 09:25:20,012 INFO  [                 org.perf4j.TimingLogger] (l.Server-4) start[1728638719990] time[21] tag[omero.call.success.ome.services.RawFileBean.write]
2024-10-11 09:25:20,069 INFO  [         ome.security.basic.EventHandler] (.Server-12)  Auth:	user=0,group=0,event=null(User),sess=83be404c-1957-46d4-a36b-f9feca68dcf3
2024-10-11 09:25:20,076 INFO  [                 org.perf4j.TimingLogger] (.Server-12) start[1728638720066] time[9] tag[omero.call.success.ome.services.RawFileBean.write]
2024-10-11 09:25:20,120 INFO  [         ome.security.basic.EventHandler] (.Server-14)  Auth:	user=0,group=0,event=null(User),sess=83be404c-1957-46d4-a36b-f9feca68dcf3
2024-10-11 09:25:20,126 INFO  [                 org.perf4j.TimingLogger] (.Server-14) start[1728638720119] time[7] tag[omero.call.success.ome.services.RawFileBean.write]
2024-10-11 09:25:20,180 INFO  [         ome.security.basic.EventHandler] (.Server-11)  Auth:	user=0,group=0,event=null(User),sess=83be404c-1957-46d4-a36b-f9feca68dcf3
2024-10-11 09:25:20,187 INFO  [                 org.perf4j.TimingLogger] (.Server-11) start[1728638720179] time[8] tag[omero.call.success.ome.services.RawFileBean.write]
2024-10-11 09:25:20,246 INFO  [         ome.security.basic.EventHandler] (.Server-13)  Auth:	user=0,group=0,event=null(User),sess=83be404c-1957-46d4-a36b-f9feca68dcf3
2024-10-11 09:25:20,252 INFO  [                 org.perf4j.TimingLogger] (.Server-13) start[1728638720232] time[20] tag[omero.call.success.ome.services.RawFileBean.write]
2024-10-11 09:25:20,261 INFO  [         ome.security.basic.EventHandler] (l.Server-9)  Auth:	user=0,group=0,event=28527(User),sess=83be404c-1957-46d4-a36b-f9feca68dcf3
2024-10-11 09:25:20,276 INFO  [                 org.perf4j.TimingLogger] (l.Server-9) start[1728638720261] time[15] tag[omero.services.file.flush]
2024-10-11 09:25:20,299 INFO  [                 org.perf4j.TimingLogger] (l.Server-9) start[1728638720276] time[22] tag[omero.services.file.checksum]
2024-10-11 09:25:20,300 INFO  [       ome.security.basic.CurrentDetails] (l.Server-9) Adding log:UPDATE,class ome.model.core.OriginalFile,3125
2024-10-11 09:25:20,301 INFO  [                 org.perf4j.TimingLogger] (l.Server-9) start[1728638720299] time[2] tag[omero.services.file.finalize]
2024-10-11 09:25:20,305 INFO  [                 org.perf4j.TimingLogger] (l.Server-9) start[1728638720255] time[50] tag[omero.call.success.ome.services.RawFileBean.save]
2024-10-11 09:25:20,312 INFO  [         ome.security.basic.EventHandler] (l.Server-4)  Auth:	user=0,group=0,event=28528(User),sess=83be404c-1957-46d4-a36b-f9feca68dcf3
2024-10-11 09:25:20,316 INFO  [                 org.perf4j.TimingLogger] (l.Server-4) start[1728638720308] time[8] tag[omero.call.success.ome.services.RawFileBean.close]
2024-10-11 09:25:20,317 DEBUG [                omero.util.ServantHolder] (l.Server-4) Removed omero.api._RawFileStoreTie@386a5fb3 from omero.util.ServantHolder@149b3864 as 54c8bbc0-c298-43cf-8ea9-e82050bcd882-RepoRawFileStoreI
2024-10-11 09:25:20,317 INFO  [                      omero.cmd.SessionI] (l.Server-4) Unregistered servant:83be404c-1957-46d4-a36b-f9feca68dcf3/54c8bbc0-c298-43cf-8ea9-e82050bcd882-RepoRawFileStoreI(omero.api._RawFileStoreTie@386a5fb3)
2024-10-11 09:25:20,324 INFO  [         ome.security.basic.EventHandler] (.Server-12)  Auth:	user=0,group=0,event=null(User),sess=83be404c-1957-46d4-a36b-f9feca68dcf3
2024-10-11 09:25:20,326 INFO  [                 org.perf4j.TimingLogger] (.Server-12) start[1728638720320] time[5] tag[omero.call.success.ome.services.blitz.impl.ServiceFactoryI$3.doWork]
2024-10-11 09:25:20,331 INFO  [                 org.perf4j.TimingLogger] (.Server-12) start[1728638720326] time[5] tag[omero.import.process.checksum]
2024-10-11 09:25:20,337 INFO  [         ome.security.basic.EventHandler] (.Server-12)  Auth:	user=0,group=0,event=28530(User),sess=83be404c-1957-46d4-a36b-f9feca68dcf3
2024-10-11 09:25:20,345 INFO  [       ome.security.basic.CurrentDetails] (.Server-12) Adding log:UPDATE,class ome.model.jobs.UploadJob,3178
2024-10-11 09:25:20,352 INFO  [                 org.perf4j.TimingLogger] (.Server-12) start[1728638720332] time[19] tag[omero.call.success.ome.services.blitz.repo.RepositoryDaoImpl$12.doWork]
2024-10-11 09:25:20,354 INFO  [         ome.security.basic.EventHandler] (.Server-12)  Auth:	user=0,group=0,event=null(User),sess=83be404c-1957-46d4-a36b-f9feca68dcf3
2024-10-11 09:25:20,357 INFO  [                 org.perf4j.TimingLogger] (.Server-12) start[1728638720352] time[4] tag[omero.call.success.ome.services.blitz.repo.RepositoryDaoImpl$2.doWork]
2024-10-11 09:25:20,359 INFO  [         ome.security.basic.EventHandler] (.Server-12)  Auth:	user=0,group=0,event=null(User),sess=83be404c-1957-46d4-a36b-f9feca68dcf3
2024-10-11 09:25:20,360 INFO  [                 org.perf4j.TimingLogger] (.Server-12) start[1728638720357] time[2] tag[omero.call.success.ome.services.blitz.repo.RepositoryDaoImpl$4.doWork]
2024-10-11 09:25:20,361 INFO  [       ome.formats.importer.ImportConfig] (.Server-12) OMERO.blitz Version: 5.7.3
2024-10-11 09:25:20,361 INFO  [       ome.formats.importer.ImportConfig] (.Server-12) Bioformats version: 7.3.0 revision: acc4b6de79e55275b5e6c8200f8458f6d93c9ba0 date: 18 April 2024
2024-10-11 09:25:20,362 INFO  [                      omero.cmd.SessionI] (.Server-12) Added servant to adapter: 83be404c-1957-46d4-a36b-f9feca68dcf3/IHandlea13bd7f2-d34c-48b8-9314-f16d2ed2df57(omero.cmd._HandleTie@94c14a9c)
2024-10-11 09:25:20,363 DEBUG [                omero.util.ServantHolder] (.Server-12) Added omero.cmd._HandleTie@94c14a9c to omero.util.ServantHolder@149b3864 as IHandlea13bd7f2-d34c-48b8-9314-f16d2ed2df57
2024-10-11 09:25:20,364 INFO  [                 org.perf4j.TimingLogger] (.Server-12) start[1728638720364] time[0] tag[omero.background.submit]
2024-10-11 09:25:20,364 INFO  [                 org.perf4j.TimingLogger] (.Server-12) start[1728638720332] time[32] tag[omero.import.process.submit]
2024-10-11 09:25:20,366 DEBUG [                omero.util.ServantHolder] (.Server-13) Removed omero.grid._ImportProcessTie@178c792b from omero.util.ServantHolder@149b3864 as bfca5185-2889-4925-8ff4-4f865fb4a2e7-ManagedImportProcessI
2024-10-11 09:25:20,366 INFO  [                      omero.cmd.SessionI] (.Server-13) Unregistered servant:83be404c-1957-46d4-a36b-f9feca68dcf3/bfca5185-2889-4925-8ff4-4f865fb4a2e7-ManagedImportProcessI(omero.grid._ImportProcessTie@178c792b)
2024-10-11 09:25:20,374 INFO  [    ome.formats.OMEROMetadataStoreClient] (2-thread-6) Call context: {omero.group:0}
2024-10-11 09:25:20,374 INFO  [    ome.formats.OMEROMetadataStoreClient] (2-thread-6) Call context: {omero.logfilename:root_0/2024-10/11/09-25-19.597.log}
2024-10-11 09:25:20,379 INFO  [    ome.security.basic.BasicEventContext] (.Server-12)  cctx:	group=0
2024-10-11 09:25:20,380 INFO  [         ome.security.basic.EventHandler] (.Server-12)  Auth:	user=0,group=0,event=null(User),sess=83be404c-1957-46d4-a36b-f9feca68dcf3
2024-10-11 09:25:20,386 INFO  [                 org.perf4j.TimingLogger] (.Server-12) start[1728638720377] time[8] tag[omero.call.success.ome.logic.AdminImpl.getEventContext]
2024-10-11 09:25:20,411 INFO  [    ome.formats.OMEROMetadataStoreClient] (2-thread-6) Pinging session every 300s.
2024-10-11 09:25:20,439 INFO  [                loci.formats.ImageReader] (2-thread-6) IonpathMIBITiffReader initializing /OMERO/ManagedRepository/root_0/2024-10/11/09-25-19.597/TA459_multipleCores2_Run-4_Point10.tiff
2024-10-11 09:25:20,439 INFO  [       loci.formats.in.MinimalTiffReader] (2-thread-6) Reading IFDs
2024-10-11 09:25:20,441 INFO  [       loci.formats.in.MinimalTiffReader] (2-thread-6) Populating metadata
2024-10-11 09:25:20,444 INFO  [          loci.formats.in.BaseTiffReader] (2-thread-6) Populating OME metadata
2024-10-11 09:25:20,450 INFO  [    ome.security.basic.BasicEventContext] (.Server-12)  cctx:	group=0
2024-10-11 09:25:20,452 INFO  [         ome.security.basic.EventHandler] (.Server-12)  Auth:	user=0,group=0,event=null(User),sess=83be404c-1957-46d4-a36b-f9feca68dcf3
2024-10-11 09:25:20,455 INFO  [                 org.perf4j.TimingLogger] (.Server-12) start[1728638720449] time[6] tag[omero.call.success.ome.logic.QueryImpl.findAll]
2024-10-11 09:25:20,459 INFO  [    ome.security.basic.BasicEventContext] (.Server-11)  cctx:	group=0
2024-10-11 09:25:20,460 INFO  [         ome.security.basic.EventHandler] (.Server-11)  Auth:	user=0,group=0,event=null(User),sess=83be404c-1957-46d4-a36b-f9feca68dcf3
2024-10-11 09:25:20,461 INFO  [                 org.perf4j.TimingLogger] (.Server-11) start[1728638720459] time[2] tag[omero.call.success.ome.logic.QueryImpl.findAll]
2024-10-11 09:25:20,462 INFO  [    ome.security.basic.BasicEventContext] (.Server-15)  cctx:	group=0
2024-10-11 09:25:20,463 INFO  [         ome.security.basic.EventHandler] (.Server-15)  Auth:	user=0,group=0,event=null(User),sess=83be404c-1957-46d4-a36b-f9feca68dcf3
2024-10-11 09:25:20,464 INFO  [                 org.perf4j.TimingLogger] (.Server-15) start[1728638720461] time[2] tag[omero.call.success.ome.logic.QueryImpl.findAll]
2024-10-11 09:25:20,465 INFO  [    ome.security.basic.BasicEventContext] (.Server-10)  cctx:	group=0
2024-10-11 09:25:20,466 INFO  [         ome.security.basic.EventHandler] (.Server-10)  Auth:	user=0,group=0,event=null(User),sess=83be404c-1957-46d4-a36b-f9feca68dcf3
2024-10-11 09:25:20,467 INFO  [                 org.perf4j.TimingLogger] (.Server-10) start[1728638720465] time[2] tag[omero.call.success.ome.logic.QueryImpl.findAll]
2024-10-11 09:25:20,494 DEBUG [                   loci.formats.Memoizer] (2-thread-6) saved to temp file: /OMERO/BioFormatsCache/OMERO/ManagedRepository/root_0/2024-10/11/09-25-19.597/.TA459_multipleCores2_Run-4_Point10.tiff.bfmemo11100294018838514769
2024-10-11 09:25:20,494 DEBUG [                   loci.formats.Memoizer] (2-thread-6) start[1728638720488] time[5] tag[loci.formats.Memoizer.saveMemo]
2024-10-11 09:25:20,494 DEBUG [                   loci.formats.Memoizer] (2-thread-6) saved memo file: /OMERO/BioFormatsCache/OMERO/ManagedRepository/root_0/2024-10/11/09-25-19.597/.TA459_multipleCores2_Run-4_Point10.tiff.bfmemo (50741 bytes)
2024-10-11 09:25:20,494 DEBUG [                   loci.formats.Memoizer] (2-thread-6) start[1728638720411] time[82] tag[loci.formats.Memoizer.setId]
2024-10-11 09:25:20,494 DEBUG [    o.s.blitz.repo.ManagedImportRequestI] (2-thread-6) Image Count: 44
2024-10-11 09:25:20,494 INFO  [    o.s.blitz.repo.ManagedImportRequestI] (2-thread-6) File format: Ionpath MIBI
2024-10-11 09:25:20,494 INFO  [    o.s.blitz.repo.ManagedImportRequestI] (2-thread-6) Base reader: loci.formats.in.IonpathMIBITiffReader
2024-10-11 09:25:20,494 INFO  [                 org.perf4j.TimingLogger] (2-thread-6) start[1728638720372] time[122] tag[omero.import.request.init]
2024-10-11 09:25:20,494 DEBUG [    o.s.blitz.repo.ManagedImportRequestI] (2-thread-6) Step 0
2024-10-11 09:25:20,496 WARN  [    ome.formats.model.ReferenceProcessor] (2-thread-6) Unknown target class for LSID: Image:SIMS
2024-10-11 09:25:20,496 INFO  [    ome.formats.OMEROMetadataStoreClient] (2-thread-6) Handling # of containers: 91
2024-10-11 09:25:20,498 INFO  [    ome.security.basic.BasicEventContext] (l.Server-4)  cctx:	group=0
2024-10-11 09:25:20,499 INFO  [         ome.security.basic.EventHandler] (l.Server-4)  Auth:	user=0,group=0,event=null(User),sess=83be404c-1957-46d4-a36b-f9feca68dcf3
2024-10-11 09:25:20,500 INFO  [                 org.perf4j.TimingLogger] (l.Server-4) start[1728638720497] time[3] tag[omero.call.success.ome.services.blitz.impl.MetadataStoreI$4.doWork]
2024-10-11 09:25:20,500 INFO  [    ome.formats.OMEROMetadataStoreClient] (2-thread-6) Handling # of references: 1
2024-10-11 09:25:20,501 INFO  [    ome.security.basic.BasicEventContext] (.Server-14)  cctx:	group=0
2024-10-11 09:25:20,503 INFO  [         ome.security.basic.EventHandler] (.Server-14)  Auth:	user=0,group=0,event=null(User),sess=83be404c-1957-46d4-a36b-f9feca68dcf3
2024-10-11 09:25:20,505 INFO  [                 org.perf4j.TimingLogger] (.Server-14) start[1728638720501] time[4] tag[omero.call.success.ome.services.blitz.impl.MetadataStoreI$5.doWork]
2024-10-11 09:25:20,507 INFO  [    ome.security.basic.BasicEventContext] (.Server-12)  cctx:	group=0
2024-10-11 09:25:20,513 INFO  [         ome.security.basic.EventHandler] (.Server-12)  Auth:	user=0,group=0,event=28537(User),sess=83be404c-1957-46d4-a36b-f9feca68dcf3
2024-10-11 09:25:20,524 INFO  [       ome.security.basic.CurrentDetails] (.Server-12) Adding log:INSERT,class ome.model.core.Image,229
2024-10-11 09:25:20,525 INFO  [       ome.security.basic.CurrentDetails] (.Server-12) Adding log:INSERT,class ome.model.containers.DatasetImageLink,229
2024-10-11 09:25:20,525 INFO  [       ome.security.basic.CurrentDetails] (.Server-12) Adding log:INSERT,class ome.model.core.Pixels,229
2024-10-11 09:25:20,526 INFO  [       ome.security.basic.CurrentDetails] (.Server-12) Adding log:INSERT,class ome.model.core.LogicalChannel,1783
2024-10-11 09:25:20,527 INFO  [       ome.security.basic.CurrentDetails] (.Server-12) Adding log:INSERT,class ome.model.core.Channel,1783
2024-10-11 09:25:20,527 INFO  [       ome.security.basic.CurrentDetails] (.Server-12) Adding log:INSERT,class ome.model.core.LogicalChannel,1784
2024-10-11 09:25:20,527 INFO  [       ome.security.basic.CurrentDetails] (.Server-12) Adding log:INSERT,class ome.model.core.Channel,1784
2024-10-11 09:25:20,527 INFO  [       ome.security.basic.CurrentDetails] (.Server-12) Adding log:INSERT,class ome.model.core.LogicalChannel,1785
2024-10-11 09:25:20,528 INFO  [       ome.security.basic.CurrentDetails] (.Server-12) Adding log:INSERT,class ome.model.core.Channel,1785
2024-10-11 09:25:20,528 INFO  [       ome.security.basic.CurrentDetails] (.Server-12) Adding log:INSERT,class ome.model.core.LogicalChannel,1786
2024-10-11 09:25:20,528 INFO  [       ome.security.basic.CurrentDetails] (.Server-12) Adding log:INSERT,class ome.model.core.Channel,1786
2024-10-11 09:25:20,529 INFO  [       ome.security.basic.CurrentDetails] (.Server-12) Adding log:INSERT,class ome.model.core.LogicalChannel,1787
2024-10-11 09:25:20,529 INFO  [       ome.security.basic.CurrentDetails] (.Server-12) Adding log:INSERT,class ome.model.core.Channel,1787
2024-10-11 09:25:20,529 INFO  [       ome.security.basic.CurrentDetails] (.Server-12) Adding log:INSERT,class ome.model.core.LogicalChannel,1788
2024-10-11 09:25:20,530 INFO  [       ome.security.basic.CurrentDetails] (.Server-12) Adding log:INSERT,class ome.model.core.Channel,1788
2024-10-11 09:25:20,530 INFO  [       ome.security.basic.CurrentDetails] (.Server-12) Adding log:INSERT,class ome.model.core.LogicalChannel,1789
2024-10-11 09:25:20,530 INFO  [       ome.security.basic.CurrentDetails] (.Server-12) Adding log:INSERT,class ome.model.core.Channel,1789
2024-10-11 09:25:20,530 INFO  [       ome.security.basic.CurrentDetails] (.Server-12) Adding log:INSERT,class ome.model.core.LogicalChannel,1790
2024-10-11 09:25:20,531 INFO  [       ome.security.basic.CurrentDetails] (.Server-12) Adding log:INSERT,class ome.model.core.Channel,1790
2024-10-11 09:25:20,531 INFO  [       ome.security.basic.CurrentDetails] (.Server-12) Adding log:INSERT,class ome.model.core.LogicalChannel,1791
2024-10-11 09:25:20,531 INFO  [       ome.security.basic.CurrentDetails] (.Server-12) Adding log:INSERT,class ome.model.core.Channel,1791
2024-10-11 09:25:20,532 INFO  [       ome.security.basic.CurrentDetails] (.Server-12) Adding log:INSERT,class ome.model.core.LogicalChannel,1792
2024-10-11 09:25:20,532 INFO  [       ome.security.basic.CurrentDetails] (.Server-12) Adding log:INSERT,class ome.model.core.Channel,1792
2024-10-11 09:25:20,532 INFO  [       ome.security.basic.CurrentDetails] (.Server-12) Adding log:INSERT,class ome.model.core.LogicalChannel,1793
2024-10-11 09:25:20,532 INFO  [       ome.security.basic.CurrentDetails] (.Server-12) Adding log:INSERT,class ome.model.core.Channel,1793
2024-10-11 09:25:20,533 INFO  [       ome.security.basic.CurrentDetails] (.Server-12) Adding log:INSERT,class ome.model.core.LogicalChannel,1794
2024-10-11 09:25:20,533 INFO  [       ome.security.basic.CurrentDetails] (.Server-12) Adding log:INSERT,class ome.model.core.Channel,1794
2024-10-11 09:25:20,533 INFO  [       ome.security.basic.CurrentDetails] (.Server-12) Adding log:INSERT,class ome.model.core.LogicalChannel,1795
2024-10-11 09:25:20,534 INFO  [       ome.security.basic.CurrentDetails] (.Server-12) Adding log:INSERT,class ome.model.core.Channel,1795
2024-10-11 09:25:20,534 INFO  [       ome.security.basic.CurrentDetails] (.Server-12) Adding log:INSERT,class ome.model.core.LogicalChannel,1796
2024-10-11 09:25:20,534 INFO  [       ome.security.basic.CurrentDetails] (.Server-12) Adding log:INSERT,class ome.model.core.Channel,1796
2024-10-11 09:25:20,535 INFO  [       ome.security.basic.CurrentDetails] (.Server-12) Adding log:INSERT,class ome.model.core.LogicalChannel,1797
2024-10-11 09:25:20,535 INFO  [       ome.security.basic.CurrentDetails] (.Server-12) Adding log:INSERT,class ome.model.core.Channel,1797
2024-10-11 09:25:20,535 INFO  [       ome.security.basic.CurrentDetails] (.Server-12) Adding log:INSERT,class ome.model.core.LogicalChannel,1798
2024-10-11 09:25:20,536 INFO  [       ome.security.basic.CurrentDetails] (.Server-12) Adding log:INSERT,class ome.model.core.Channel,1798
2024-10-11 09:25:20,536 INFO  [       ome.security.basic.CurrentDetails] (.Server-12) Adding log:INSERT,class ome.model.core.LogicalChannel,1799
2024-10-11 09:25:20,536 INFO  [       ome.security.basic.CurrentDetails] (.Server-12) Adding log:INSERT,class ome.model.core.Channel,1799
2024-10-11 09:25:20,536 INFO  [       ome.security.basic.CurrentDetails] (.Server-12) Adding log:INSERT,class ome.model.core.LogicalChannel,1800
2024-10-11 09:25:20,537 INFO  [       ome.security.basic.CurrentDetails] (.Server-12) Adding log:INSERT,class ome.model.core.Channel,1800
2024-10-11 09:25:20,537 INFO  [       ome.security.basic.CurrentDetails] (.Server-12) Adding log:INSERT,class ome.model.core.LogicalChannel,1801
2024-10-11 09:25:20,537 INFO  [       ome.security.basic.CurrentDetails] (.Server-12) Adding log:INSERT,class ome.model.core.Channel,1801
2024-10-11 09:25:20,537 INFO  [       ome.security.basic.CurrentDetails] (.Server-12) Adding log:INSERT,class ome.model.core.LogicalChannel,1802
2024-10-11 09:25:20,538 INFO  [       ome.security.basic.CurrentDetails] (.Server-12) Adding log:INSERT,class ome.model.core.Channel,1802
2024-10-11 09:25:20,538 INFO  [       ome.security.basic.CurrentDetails] (.Server-12) Adding log:INSERT,class ome.model.core.LogicalChannel,1803
2024-10-11 09:25:20,538 INFO  [       ome.security.basic.CurrentDetails] (.Server-12) Adding log:INSERT,class ome.model.core.Channel,1803
2024-10-11 09:25:20,538 INFO  [       ome.security.basic.CurrentDetails] (.Server-12) Adding log:INSERT,class ome.model.core.LogicalChannel,1804
2024-10-11 09:25:20,539 INFO  [       ome.security.basic.CurrentDetails] (.Server-12) Adding log:INSERT,class ome.model.core.Channel,1804
2024-10-11 09:25:20,539 INFO  [       ome.security.basic.CurrentDetails] (.Server-12) Adding log:INSERT,class ome.model.core.LogicalChannel,1805
2024-10-11 09:25:20,539 INFO  [       ome.security.basic.CurrentDetails] (.Server-12) Adding log:INSERT,class ome.model.core.Channel,1805
2024-10-11 09:25:20,539 INFO  [       ome.security.basic.CurrentDetails] (.Server-12) Adding log:INSERT,class ome.model.core.LogicalChannel,1806
2024-10-11 09:25:20,540 INFO  [       ome.security.basic.CurrentDetails] (.Server-12) Adding log:INSERT,class ome.model.core.Channel,1806
2024-10-11 09:25:20,540 INFO  [       ome.security.basic.CurrentDetails] (.Server-12) Adding log:INSERT,class ome.model.core.LogicalChannel,1807
2024-10-11 09:25:20,540 INFO  [       ome.security.basic.CurrentDetails] (.Server-12) Adding log:INSERT,class ome.model.core.Channel,1807
2024-10-11 09:25:20,541 INFO  [       ome.security.basic.CurrentDetails] (.Server-12) Adding log:INSERT,class ome.model.core.LogicalChannel,1808
2024-10-11 09:25:20,541 INFO  [       ome.security.basic.CurrentDetails] (.Server-12) Adding log:INSERT,class ome.model.core.Channel,1808
2024-10-11 09:25:20,541 INFO  [       ome.security.basic.CurrentDetails] (.Server-12) Adding log:INSERT,class ome.model.core.LogicalChannel,1809
2024-10-11 09:25:20,542 INFO  [       ome.security.basic.CurrentDetails] (.Server-12) Adding log:INSERT,class ome.model.core.Channel,1809
2024-10-11 09:25:20,542 INFO  [       ome.security.basic.CurrentDetails] (.Server-12) Adding log:INSERT,class ome.model.core.LogicalChannel,1810
2024-10-11 09:25:20,542 INFO  [       ome.security.basic.CurrentDetails] (.Server-12) Adding log:INSERT,class ome.model.core.Channel,1810
2024-10-11 09:25:20,543 INFO  [       ome.security.basic.CurrentDetails] (.Server-12) Adding log:INSERT,class ome.model.core.LogicalChannel,1811
2024-10-11 09:25:20,543 INFO  [       ome.security.basic.CurrentDetails] (.Server-12) Adding log:INSERT,class ome.model.core.Channel,1811
2024-10-11 09:25:20,543 INFO  [       ome.security.basic.CurrentDetails] (.Server-12) Adding log:INSERT,class ome.model.core.LogicalChannel,1812
2024-10-11 09:25:20,543 INFO  [       ome.security.basic.CurrentDetails] (.Server-12) Adding log:INSERT,class ome.model.core.Channel,1812
2024-10-11 09:25:20,544 INFO  [       ome.security.basic.CurrentDetails] (.Server-12) Adding log:INSERT,class ome.model.core.LogicalChannel,1813
2024-10-11 09:25:20,544 INFO  [       ome.security.basic.CurrentDetails] (.Server-12) Adding log:INSERT,class ome.model.core.Channel,1813
2024-10-11 09:25:20,544 INFO  [       ome.security.basic.CurrentDetails] (.Server-12) Adding log:INSERT,class ome.model.core.LogicalChannel,1814
2024-10-11 09:25:20,545 INFO  [       ome.security.basic.CurrentDetails] (.Server-12) Adding log:INSERT,class ome.model.core.Channel,1814
2024-10-11 09:25:20,552 INFO  [       ome.security.basic.CurrentDetails] (.Server-12) Adding log:INSERT,class ome.model.core.LogicalChannel,1815
2024-10-11 09:25:20,553 INFO  [       ome.security.basic.CurrentDetails] (.Server-12) Adding log:INSERT,class ome.model.core.Channel,1815
2024-10-11 09:25:20,553 INFO  [       ome.security.basic.CurrentDetails] (.Server-12) Adding log:INSERT,class ome.model.core.LogicalChannel,1816
2024-10-11 09:25:20,554 INFO  [       ome.security.basic.CurrentDetails] (.Server-12) Adding log:INSERT,class ome.model.core.Channel,1816
2024-10-11 09:25:20,554 INFO  [       ome.security.basic.CurrentDetails] (.Server-12) Adding log:INSERT,class ome.model.core.LogicalChannel,1817
2024-10-11 09:25:20,555 INFO  [       ome.security.basic.CurrentDetails] (.Server-12) Adding log:INSERT,class ome.model.core.Channel,1817
2024-10-11 09:25:20,555 INFO  [       ome.security.basic.CurrentDetails] (.Server-12) Adding log:INSERT,class ome.model.core.LogicalChannel,1818
2024-10-11 09:25:20,555 INFO  [       ome.security.basic.CurrentDetails] (.Server-12) Adding log:INSERT,class ome.model.core.Channel,1818
2024-10-11 09:25:20,556 INFO  [       ome.security.basic.CurrentDetails] (.Server-12) Adding log:INSERT,class ome.model.core.LogicalChannel,1819
2024-10-11 09:25:20,556 INFO  [       ome.security.basic.CurrentDetails] (.Server-12) Adding log:INSERT,class ome.model.core.Channel,1819
2024-10-11 09:25:20,556 INFO  [       ome.security.basic.CurrentDetails] (.Server-12) Adding log:INSERT,class ome.model.core.LogicalChannel,1820
2024-10-11 09:25:20,557 INFO  [       ome.security.basic.CurrentDetails] (.Server-12) Adding log:INSERT,class ome.model.core.Channel,1820
2024-10-11 09:25:20,557 INFO  [       ome.security.basic.CurrentDetails] (.Server-12) Adding log:INSERT,class ome.model.core.LogicalChannel,1821
2024-10-11 09:25:20,557 INFO  [       ome.security.basic.CurrentDetails] (.Server-12) Adding log:INSERT,class ome.model.core.Channel,1821
2024-10-11 09:25:20,558 INFO  [       ome.security.basic.CurrentDetails] (.Server-12) Adding log:INSERT,class ome.model.core.LogicalChannel,1822
2024-10-11 09:25:20,558 INFO  [       ome.security.basic.CurrentDetails] (.Server-12) Adding log:INSERT,class ome.model.core.Channel,1822
2024-10-11 09:25:20,559 INFO  [       ome.security.basic.CurrentDetails] (.Server-12) Adding log:INSERT,class ome.model.core.LogicalChannel,1823
2024-10-11 09:25:20,559 INFO  [       ome.security.basic.CurrentDetails] (.Server-12) Adding log:INSERT,class ome.model.core.Channel,1823
2024-10-11 09:25:20,560 INFO  [       ome.security.basic.CurrentDetails] (.Server-12) Adding log:INSERT,class ome.model.core.LogicalChannel,1824
2024-10-11 09:25:20,560 INFO  [       ome.security.basic.CurrentDetails] (.Server-12) Adding log:INSERT,class ome.model.core.Channel,1824
2024-10-11 09:25:20,561 INFO  [       ome.security.basic.CurrentDetails] (.Server-12) Adding log:INSERT,class ome.model.core.LogicalChannel,1825
2024-10-11 09:25:20,561 INFO  [       ome.security.basic.CurrentDetails] (.Server-12) Adding log:INSERT,class ome.model.core.Channel,1825
2024-10-11 09:25:20,562 INFO  [       ome.security.basic.CurrentDetails] (.Server-12) Adding log:INSERT,class ome.model.core.LogicalChannel,1826
2024-10-11 09:25:20,562 INFO  [       ome.security.basic.CurrentDetails] (.Server-12) Adding log:INSERT,class ome.model.core.Channel,1826
2024-10-11 09:25:20,576 INFO  [                 org.perf4j.TimingLogger] (.Server-12) start[1728638720514] time[62] tag[omero.saveImportGraph]
2024-10-11 09:25:20,591 INFO  [                 org.perf4j.TimingLogger] (.Server-12) start[1728638720506] time[85] tag[omero.call.success.ome.services.blitz.impl.MetadataStoreI$3.doWork]
2024-10-11 09:25:20,594 INFO  [                 org.perf4j.TimingLogger] (2-thread-6) start[1728638720494] time[100] tag[omero.import.request.metadata]
2024-10-11 09:25:20,596 INFO  [    ome.security.basic.BasicEventContext] (.Server-15)  cctx:	group=0
2024-10-11 09:25:20,597 INFO  [         ome.security.basic.EventHandler] (.Server-15)  Auth:	user=0,group=0,event=null(User),sess=83be404c-1957-46d4-a36b-f9feca68dcf3
2024-10-11 09:25:20,598 INFO  [                 org.perf4j.TimingLogger] (.Server-15) start[1728638720595] time[3] tag[omero.call.success.ome.logic.QueryImpl.get]
2024-10-11 09:25:20,600 INFO  [    ome.security.basic.BasicEventContext] (.Server-10)  cctx:	group=0
2024-10-11 09:25:20,617 INFO  [         ome.security.basic.EventHandler] (.Server-10)  Auth:	user=0,group=0,event=28543(User),sess=83be404c-1957-46d4-a36b-f9feca68dcf3
2024-10-11 09:25:20,619 INFO  [       ome.security.basic.CurrentDetails] (.Server-10) Adding log:UPDATE,class ome.model.core.OriginalFile,3124
2024-10-11 09:25:20,624 INFO  [                 org.perf4j.TimingLogger] (.Server-10) start[1728638720599] time[24] tag[omero.call.success.ome.logic.UpdateImpl.saveObject]
2024-10-11 09:25:20,624 INFO  [                 org.perf4j.TimingLogger] (2-thread-6) start[1728638720494] time[130] tag[omero.import.request.step]
2024-10-11 09:25:20,625 DEBUG [    o.s.blitz.repo.ManagedImportRequestI] (2-thread-6) Step 1
2024-10-11 09:25:20,625 DEBUG [    o.s.blitz.repo.ManagedImportRequestI] (2-thread-6) Plane:0 X:0 Y:0 TileWidth:2048 TileHeight:2048 arrayBuf.length:8388608
2024-10-11 09:25:20,705 DEBUG [    o.s.blitz.repo.ManagedImportRequestI] (2-thread-6) Plane:1 X:0 Y:0 TileWidth:2048 TileHeight:2048 arrayBuf.length:8388608
2024-10-11 09:25:20,775 DEBUG [    o.s.blitz.repo.ManagedImportRequestI] (2-thread-6) Plane:2 X:0 Y:0 TileWidth:2048 TileHeight:2048 arrayBuf.length:8388608
2024-10-11 09:25:20,864 DEBUG [    o.s.blitz.repo.ManagedImportRequestI] (2-thread-6) Plane:3 X:0 Y:0 TileWidth:2048 TileHeight:2048 arrayBuf.length:8388608
2024-10-11 09:25:20,942 DEBUG [    o.s.blitz.repo.ManagedImportRequestI] (2-thread-6) Plane:4 X:0 Y:0 TileWidth:2048 TileHeight:2048 arrayBuf.length:8388608
2024-10-11 09:25:21,014 DEBUG [    o.s.blitz.repo.ManagedImportRequestI] (2-thread-6) Plane:5 X:0 Y:0 TileWidth:2048 TileHeight:2048 arrayBuf.length:8388608
2024-10-11 09:25:21,107 DEBUG [    o.s.blitz.repo.ManagedImportRequestI] (2-thread-6) Plane:6 X:0 Y:0 TileWidth:2048 TileHeight:2048 arrayBuf.length:8388608
2024-10-11 09:25:21,164 DEBUG [    o.s.blitz.repo.ManagedImportRequestI] (2-thread-6) Plane:7 X:0 Y:0 TileWidth:2048 TileHeight:2048 arrayBuf.length:8388608
2024-10-11 09:25:21,222 DEBUG [    o.s.blitz.repo.ManagedImportRequestI] (2-thread-6) Plane:8 X:0 Y:0 TileWidth:2048 TileHeight:2048 arrayBuf.length:8388608
2024-10-11 09:25:21,296 DEBUG [    o.s.blitz.repo.ManagedImportRequestI] (2-thread-6) Plane:9 X:0 Y:0 TileWidth:2048 TileHeight:2048 arrayBuf.length:8388608
2024-10-11 09:25:21,370 DEBUG [    o.s.blitz.repo.ManagedImportRequestI] (2-thread-6) Plane:10 X:0 Y:0 TileWidth:2048 TileHeight:2048 arrayBuf.length:8388608
2024-10-11 09:25:21,426 DEBUG [    o.s.blitz.repo.ManagedImportRequestI] (2-thread-6) Plane:11 X:0 Y:0 TileWidth:2048 TileHeight:2048 arrayBuf.length:8388608
2024-10-11 09:25:21,496 DEBUG [    o.s.blitz.repo.ManagedImportRequestI] (2-thread-6) Plane:12 X:0 Y:0 TileWidth:2048 TileHeight:2048 arrayBuf.length:8388608
2024-10-11 09:25:21,566 DEBUG [    o.s.blitz.repo.ManagedImportRequestI] (2-thread-6) Plane:13 X:0 Y:0 TileWidth:2048 TileHeight:2048 arrayBuf.length:8388608
2024-10-11 09:25:21,636 DEBUG [    o.s.blitz.repo.ManagedImportRequestI] (2-thread-6) Plane:14 X:0 Y:0 TileWidth:2048 TileHeight:2048 arrayBuf.length:8388608
2024-10-11 09:25:21,712 DEBUG [    o.s.blitz.repo.ManagedImportRequestI] (2-thread-6) Plane:15 X:0 Y:0 TileWidth:2048 TileHeight:2048 arrayBuf.length:8388608
2024-10-11 09:25:21,766 DEBUG [    o.s.blitz.repo.ManagedImportRequestI] (2-thread-6) Plane:16 X:0 Y:0 TileWidth:2048 TileHeight:2048 arrayBuf.length:8388608
2024-10-11 09:25:21,815 DEBUG [    o.s.blitz.repo.ManagedImportRequestI] (2-thread-6) Plane:17 X:0 Y:0 TileWidth:2048 TileHeight:2048 arrayBuf.length:8388608
2024-10-11 09:25:21,871 DEBUG [    o.s.blitz.repo.ManagedImportRequestI] (2-thread-6) Plane:18 X:0 Y:0 TileWidth:2048 TileHeight:2048 arrayBuf.length:8388608
2024-10-11 09:25:21,930 DEBUG [    o.s.blitz.repo.ManagedImportRequestI] (2-thread-6) Plane:19 X:0 Y:0 TileWidth:2048 TileHeight:2048 arrayBuf.length:8388608
2024-10-11 09:25:21,995 DEBUG [    o.s.blitz.repo.ManagedImportRequestI] (2-thread-6) Plane:20 X:0 Y:0 TileWidth:2048 TileHeight:2048 arrayBuf.length:8388608
2024-10-11 09:25:22,061 DEBUG [    o.s.blitz.repo.ManagedImportRequestI] (2-thread-6) Plane:21 X:0 Y:0 TileWidth:2048 TileHeight:2048 arrayBuf.length:8388608
2024-10-11 09:25:22,145 DEBUG [    o.s.blitz.repo.ManagedImportRequestI] (2-thread-6) Plane:22 X:0 Y:0 TileWidth:2048 TileHeight:2048 arrayBuf.length:8388608
2024-10-11 09:25:22,197 DEBUG [    o.s.blitz.repo.ManagedImportRequestI] (2-thread-6) Plane:23 X:0 Y:0 TileWidth:2048 TileHeight:2048 arrayBuf.length:8388608
2024-10-11 09:25:22,262 DEBUG [    o.s.blitz.repo.ManagedImportRequestI] (2-thread-6) Plane:24 X:0 Y:0 TileWidth:2048 TileHeight:2048 arrayBuf.length:8388608
2024-10-11 09:25:22,324 DEBUG [    o.s.blitz.repo.ManagedImportRequestI] (2-thread-6) Plane:25 X:0 Y:0 TileWidth:2048 TileHeight:2048 arrayBuf.length:8388608
2024-10-11 09:25:22,399 DEBUG [    o.s.blitz.repo.ManagedImportRequestI] (2-thread-6) Plane:26 X:0 Y:0 TileWidth:2048 TileHeight:2048 arrayBuf.length:8388608
2024-10-11 09:25:22,475 DEBUG [    o.s.blitz.repo.ManagedImportRequestI] (2-thread-6) Plane:27 X:0 Y:0 TileWidth:2048 TileHeight:2048 arrayBuf.length:8388608
2024-10-11 09:25:22,535 DEBUG [    o.s.blitz.repo.ManagedImportRequestI] (2-thread-6) Plane:28 X:0 Y:0 TileWidth:2048 TileHeight:2048 arrayBuf.length:8388608
2024-10-11 09:25:22,614 DEBUG [    o.s.blitz.repo.ManagedImportRequestI] (2-thread-6) Plane:29 X:0 Y:0 TileWidth:2048 TileHeight:2048 arrayBuf.length:8388608
2024-10-11 09:25:22,686 DEBUG [    o.s.blitz.repo.ManagedImportRequestI] (2-thread-6) Plane:30 X:0 Y:0 TileWidth:2048 TileHeight:2048 arrayBuf.length:8388608
2024-10-11 09:25:22,742 DEBUG [    o.s.blitz.repo.ManagedImportRequestI] (2-thread-6) Plane:31 X:0 Y:0 TileWidth:2048 TileHeight:2048 arrayBuf.length:8388608
2024-10-11 09:25:22,800 DEBUG [    o.s.blitz.repo.ManagedImportRequestI] (2-thread-6) Plane:32 X:0 Y:0 TileWidth:2048 TileHeight:2048 arrayBuf.length:8388608
2024-10-11 09:25:22,850 DEBUG [    o.s.blitz.repo.ManagedImportRequestI] (2-thread-6) Plane:33 X:0 Y:0 TileWidth:2048 TileHeight:2048 arrayBuf.length:8388608
2024-10-11 09:25:22,938 DEBUG [    o.s.blitz.repo.ManagedImportRequestI] (2-thread-6) Plane:34 X:0 Y:0 TileWidth:2048 TileHeight:2048 arrayBuf.length:8388608
2024-10-11 09:25:22,997 DEBUG [    o.s.blitz.repo.ManagedImportRequestI] (2-thread-6) Plane:35 X:0 Y:0 TileWidth:2048 TileHeight:2048 arrayBuf.length:8388608
2024-10-11 09:25:23,056 DEBUG [    o.s.blitz.repo.ManagedImportRequestI] (2-thread-6) Plane:36 X:0 Y:0 TileWidth:2048 TileHeight:2048 arrayBuf.length:8388608
2024-10-11 09:25:23,128 DEBUG [    o.s.blitz.repo.ManagedImportRequestI] (2-thread-6) Plane:37 X:0 Y:0 TileWidth:2048 TileHeight:2048 arrayBuf.length:8388608
2024-10-11 09:25:23,176 DEBUG [    o.s.blitz.repo.ManagedImportRequestI] (2-thread-6) Plane:38 X:0 Y:0 TileWidth:2048 TileHeight:2048 arrayBuf.length:8388608
2024-10-11 09:25:23,237 DEBUG [    o.s.blitz.repo.ManagedImportRequestI] (2-thread-6) Plane:39 X:0 Y:0 TileWidth:2048 TileHeight:2048 arrayBuf.length:8388608
2024-10-11 09:25:23,315 DEBUG [    o.s.blitz.repo.ManagedImportRequestI] (2-thread-6) Plane:40 X:0 Y:0 TileWidth:2048 TileHeight:2048 arrayBuf.length:8388608
2024-10-11 09:25:23,427 DEBUG [    o.s.blitz.repo.ManagedImportRequestI] (2-thread-6) Plane:41 X:0 Y:0 TileWidth:2048 TileHeight:2048 arrayBuf.length:8388608
2024-10-11 09:25:23,490 DEBUG [    o.s.blitz.repo.ManagedImportRequestI] (2-thread-6) Plane:42 X:0 Y:0 TileWidth:2048 TileHeight:2048 arrayBuf.length:8388608
2024-10-11 09:25:23,559 DEBUG [    o.s.blitz.repo.ManagedImportRequestI] (2-thread-6) Plane:43 X:0 Y:0 TileWidth:2048 TileHeight:2048 arrayBuf.length:8388608
2024-10-11 09:25:23,636 INFO  [    ome.security.basic.BasicEventContext] (l.Server-4)  cctx:	group=0
2024-10-11 09:25:23,649 INFO  [         ome.security.basic.EventHandler] (l.Server-4)  Auth:	user=0,group=0,event=28617(User),sess=83be404c-1957-46d4-a36b-f9feca68dcf3
2024-10-11 09:25:23,656 INFO  [                 org.perf4j.TimingLogger] (l.Server-4) start[1728638723635] time[21] tag[omero.call.success.ome.services.blitz.impl.MetadataStoreI$7.doWork]
2024-10-11 09:25:23,659 INFO  [    ome.security.basic.BasicEventContext] (.Server-14)  cctx:	group=0
2024-10-11 09:25:23,664 INFO  [         ome.security.basic.EventHandler] (.Server-14)  Auth:	user=0,group=0,event=28619(User),sess=83be404c-1957-46d4-a36b-f9feca68dcf3
2024-10-11 09:25:23,864 INFO  [       ome.security.basic.CurrentDetails] (.Server-14) Adding log:UPDATE,class ome.model.core.Pixels,229
2024-10-11 09:25:23,872 INFO  [                 org.perf4j.TimingLogger] (.Server-14) start[1728638723658] time[213] tag[omero.call.success.ome.logic.UpdateImpl.saveArray]
2024-10-11 09:25:23,873 INFO  [    ome.security.basic.BasicEventContext] (.Server-12)  cctx:	group=0
2024-10-11 09:25:23,877 INFO  [         ome.security.basic.EventHandler] (.Server-12)  Auth:	user=0,group=0,event=28628(User),sess=83be404c-1957-46d4-a36b-f9feca68dcf3
2024-10-11 09:25:23,922 INFO  [                 org.perf4j.TimingLogger] (.Server-12) start[1728638723873] time[48] tag[omero.call.success.ome.services.blitz.impl.MetadataStoreI$2.doWork]
2024-10-11 09:25:23,922 INFO  [                 org.perf4j.TimingLogger] (2-thread-6) start[1728638720625] time[3297] tag[omero.import.request.pixels]
2024-10-11 09:25:23,923 INFO  [    ome.security.basic.BasicEventContext] (.Server-11)  cctx:	group=0
2024-10-11 09:25:23,925 INFO  [         ome.security.basic.EventHandler] (.Server-11)  Auth:	user=0,group=0,event=null(User),sess=83be404c-1957-46d4-a36b-f9feca68dcf3
2024-10-11 09:25:23,926 INFO  [                 org.perf4j.TimingLogger] (.Server-11) start[1728638723923] time[2] tag[omero.call.success.ome.logic.QueryImpl.get]
2024-10-11 09:25:23,927 INFO  [    ome.security.basic.BasicEventContext] (.Server-15)  cctx:	group=0
2024-10-11 09:25:23,931 INFO  [         ome.security.basic.EventHandler] (.Server-15)  Auth:	user=0,group=0,event=28632(User),sess=83be404c-1957-46d4-a36b-f9feca68dcf3
2024-10-11 09:25:23,934 INFO  [       ome.security.basic.CurrentDetails] (.Server-15) Adding log:UPDATE,class ome.model.core.OriginalFile,3124
2024-10-11 09:25:23,939 INFO  [                 org.perf4j.TimingLogger] (.Server-15) start[1728638723926] time[12] tag[omero.call.success.ome.logic.UpdateImpl.saveObject]
2024-10-11 09:25:23,939 INFO  [                 org.perf4j.TimingLogger] (2-thread-6) start[1728638720625] time[3314] tag[omero.import.request.step]
2024-10-11 09:25:23,940 DEBUG [    o.s.blitz.repo.ManagedImportRequestI] (2-thread-6) Step 2
2024-10-11 09:25:23,941 INFO  [    ome.security.basic.BasicEventContext] (.Server-14)  cctx:	group=0
2024-10-11 09:25:23,944 INFO  [         ome.security.basic.EventHandler] (.Server-14)  Auth:	user=0,group=0,event=28633(User),sess=83be404c-1957-46d4-a36b-f9feca68dcf3
2024-10-11 09:25:23,949 INFO  [                 org.perf4j.TimingLogger] (.Server-14) start[1728638723944] time[4] tag[omero.loadPixels]
2024-10-11 09:25:23,956 INFO  [                 org.perf4j.TimingLogger] (.Server-14) start[1728638723951] time[4] tag[omero.loadRenderingSettingsByUser]
2024-10-11 09:25:23,972 DEBUG [                   loci.formats.Memoizer] (.Server-14) start[1728638723960] time[11] tag[loci.formats.Memoizer.loadMemo]
2024-10-11 09:25:23,990 INFO  [                loci.formats.ImageReader] (.Server-14) IonpathMIBITiffReader initializing /OMERO/ManagedRepository/root_0/2024-10/11/09-25-19.597/TA459_multipleCores2_Run-4_Point10.tiff
2024-10-11 09:25:23,990 INFO  [       loci.formats.in.MinimalTiffReader] (.Server-14) Reading IFDs
2024-10-11 09:25:23,991 INFO  [       loci.formats.in.MinimalTiffReader] (.Server-14) Populating metadata
2024-10-11 09:25:23,993 INFO  [          loci.formats.in.BaseTiffReader] (.Server-14) Populating OME metadata
2024-10-11 09:25:24,001 DEBUG [                   loci.formats.Memoizer] (.Server-14) saved to temp file: /OMERO/BioFormatsCache/OMERO/ManagedRepository/root_0/2024-10/11/09-25-19.597/.TA459_multipleCores2_Run-4_Point10.tiff.bfmemo9836191828398773240
2024-10-11 09:25:24,001 DEBUG [                   loci.formats.Memoizer] (.Server-14) start[1728638723997] time[3] tag[loci.formats.Memoizer.saveMemo]
2024-10-11 09:25:24,001 DEBUG [                   loci.formats.Memoizer] (.Server-14) saved memo file: /OMERO/BioFormatsCache/OMERO/ManagedRepository/root_0/2024-10/11/09-25-19.597/.TA459_multipleCores2_Run-4_Point10.tiff.bfmemo (50732 bytes)
2024-10-11 09:25:24,002 DEBUG [                   loci.formats.Memoizer] (.Server-14) start[1728638723960] time[41] tag[loci.formats.Memoizer.setId]
2024-10-11 09:25:24,017 INFO  [       ome.security.basic.CurrentDetails] (.Server-14) Adding log:INSERT,class ome.model.display.QuantumDef,229
2024-10-11 09:25:24,018 INFO  [       ome.security.basic.CurrentDetails] (.Server-14) Adding log:INSERT,class ome.model.display.RenderingDef,229
2024-10-11 09:25:24,019 INFO  [       ome.security.basic.CurrentDetails] (.Server-14) Adding log:INSERT,class ome.model.display.ChannelBinding,1783
2024-10-11 09:25:24,020 INFO  [       ome.security.basic.CurrentDetails] (.Server-14) Adding log:INSERT,class ome.model.display.ChannelBinding,1784
2024-10-11 09:25:24,020 INFO  [       ome.security.basic.CurrentDetails] (.Server-14) Adding log:INSERT,class ome.model.display.ChannelBinding,1785
2024-10-11 09:25:24,021 INFO  [       ome.security.basic.CurrentDetails] (.Server-14) Adding log:INSERT,class ome.model.display.ChannelBinding,1786
2024-10-11 09:25:24,021 INFO  [       ome.security.basic.CurrentDetails] (.Server-14) Adding log:INSERT,class ome.model.display.ChannelBinding,1787
2024-10-11 09:25:24,021 INFO  [       ome.security.basic.CurrentDetails] (.Server-14) Adding log:INSERT,class ome.model.display.ChannelBinding,1788
2024-10-11 09:25:24,021 INFO  [       ome.security.basic.CurrentDetails] (.Server-14) Adding log:INSERT,class ome.model.display.ChannelBinding,1789
2024-10-11 09:25:24,022 INFO  [       ome.security.basic.CurrentDetails] (.Server-14) Adding log:INSERT,class ome.model.display.ChannelBinding,1790
2024-10-11 09:25:24,022 INFO  [       ome.security.basic.CurrentDetails] (.Server-14) Adding log:INSERT,class ome.model.display.ChannelBinding,1791
2024-10-11 09:25:24,022 INFO  [       ome.security.basic.CurrentDetails] (.Server-14) Adding log:INSERT,class ome.model.display.ChannelBinding,1792
2024-10-11 09:25:24,022 INFO  [       ome.security.basic.CurrentDetails] (.Server-14) Adding log:INSERT,class ome.model.display.ChannelBinding,1793
2024-10-11 09:25:24,022 INFO  [       ome.security.basic.CurrentDetails] (.Server-14) Adding log:INSERT,class ome.model.display.ChannelBinding,1794
2024-10-11 09:25:24,023 INFO  [       ome.security.basic.CurrentDetails] (.Server-14) Adding log:INSERT,class ome.model.display.ChannelBinding,1795
2024-10-11 09:25:24,023 INFO  [       ome.security.basic.CurrentDetails] (.Server-14) Adding log:INSERT,class ome.model.display.ChannelBinding,1796
2024-10-11 09:25:24,023 INFO  [       ome.security.basic.CurrentDetails] (.Server-14) Adding log:INSERT,class ome.model.display.ChannelBinding,1797
2024-10-11 09:25:24,023 INFO  [       ome.security.basic.CurrentDetails] (.Server-14) Adding log:INSERT,class ome.model.display.ChannelBinding,1798
2024-10-11 09:25:24,023 INFO  [       ome.security.basic.CurrentDetails] (.Server-14) Adding log:INSERT,class ome.model.display.ChannelBinding,1799
2024-10-11 09:25:24,024 INFO  [       ome.security.basic.CurrentDetails] (.Server-14) Adding log:INSERT,class ome.model.display.ChannelBinding,1800
2024-10-11 09:25:24,024 INFO  [       ome.security.basic.CurrentDetails] (.Server-14) Adding log:INSERT,class ome.model.display.ChannelBinding,1801
2024-10-11 09:25:24,024 INFO  [       ome.security.basic.CurrentDetails] (.Server-14) Adding log:INSERT,class ome.model.display.ChannelBinding,1802
2024-10-11 09:25:24,025 INFO  [       ome.security.basic.CurrentDetails] (.Server-14) Adding log:INSERT,class ome.model.display.ChannelBinding,1803
2024-10-11 09:25:24,025 INFO  [       ome.security.basic.CurrentDetails] (.Server-14) Adding log:INSERT,class ome.model.display.ChannelBinding,1804
2024-10-11 09:25:24,026 INFO  [       ome.security.basic.CurrentDetails] (.Server-14) Adding log:INSERT,class ome.model.display.ChannelBinding,1805
2024-10-11 09:25:24,026 INFO  [       ome.security.basic.CurrentDetails] (.Server-14) Adding log:INSERT,class ome.model.display.ChannelBinding,1806
2024-10-11 09:25:24,026 INFO  [       ome.security.basic.CurrentDetails] (.Server-14) Adding log:INSERT,class ome.model.display.ChannelBinding,1807
2024-10-11 09:25:24,027 INFO  [       ome.security.basic.CurrentDetails] (.Server-14) Adding log:INSERT,class ome.model.display.ChannelBinding,1808
2024-10-11 09:25:24,027 INFO  [       ome.security.basic.CurrentDetails] (.Server-14) Adding log:INSERT,class ome.model.display.ChannelBinding,1809
2024-10-11 09:25:24,028 INFO  [       ome.security.basic.CurrentDetails] (.Server-14) Adding log:INSERT,class ome.model.display.ChannelBinding,1810
2024-10-11 09:25:24,028 INFO  [       ome.security.basic.CurrentDetails] (.Server-14) Adding log:INSERT,class ome.model.display.ChannelBinding,1811
2024-10-11 09:25:24,028 INFO  [       ome.security.basic.CurrentDetails] (.Server-14) Adding log:INSERT,class ome.model.display.ChannelBinding,1812
2024-10-11 09:25:24,029 INFO  [       ome.security.basic.CurrentDetails] (.Server-14) Adding log:INSERT,class ome.model.display.ChannelBinding,1813
2024-10-11 09:25:24,029 INFO  [       ome.security.basic.CurrentDetails] (.Server-14) Adding log:INSERT,class ome.model.display.ChannelBinding,1814
2024-10-11 09:25:24,029 INFO  [       ome.security.basic.CurrentDetails] (.Server-14) Adding log:INSERT,class ome.model.display.ChannelBinding,1815
2024-10-11 09:25:24,030 INFO  [       ome.security.basic.CurrentDetails] (.Server-14) Adding log:INSERT,class ome.model.display.ChannelBinding,1816
2024-10-11 09:25:24,030 INFO  [       ome.security.basic.CurrentDetails] (.Server-14) Adding log:INSERT,class ome.model.display.ChannelBinding,1817
2024-10-11 09:25:24,031 INFO  [       ome.security.basic.CurrentDetails] (.Server-14) Adding log:INSERT,class ome.model.display.ChannelBinding,1818
2024-10-11 09:25:24,032 INFO  [       ome.security.basic.CurrentDetails] (.Server-14) Adding log:INSERT,class ome.model.display.ChannelBinding,1819
2024-10-11 09:25:24,033 INFO  [       ome.security.basic.CurrentDetails] (.Server-14) Adding log:INSERT,class ome.model.display.ChannelBinding,1820
2024-10-11 09:25:24,033 INFO  [       ome.security.basic.CurrentDetails] (.Server-14) Adding log:INSERT,class ome.model.display.ChannelBinding,1821
2024-10-11 09:25:24,033 INFO  [       ome.security.basic.CurrentDetails] (.Server-14) Adding log:INSERT,class ome.model.display.ChannelBinding,1822
2024-10-11 09:25:24,034 INFO  [       ome.security.basic.CurrentDetails] (.Server-14) Adding log:INSERT,class ome.model.display.ChannelBinding,1823
2024-10-11 09:25:24,034 INFO  [       ome.security.basic.CurrentDetails] (.Server-14) Adding log:INSERT,class ome.model.display.ChannelBinding,1824
2024-10-11 09:25:24,035 INFO  [       ome.security.basic.CurrentDetails] (.Server-14) Adding log:INSERT,class ome.model.display.ChannelBinding,1825
2024-10-11 09:25:24,035 INFO  [       ome.security.basic.CurrentDetails] (.Server-14) Adding log:INSERT,class ome.model.display.ChannelBinding,1826
2024-10-11 09:25:24,049 INFO  [                 org.perf4j.TimingLogger] (.Server-14) start[1728638724012] time[37] tag[omero.resetDefaultsInSet.saveAndReturn]
2024-10-11 09:25:24,049 INFO  [                 org.perf4j.TimingLogger] (.Server-14) start[1728638723944] time[104] tag[omero.resetDefaultsInSet]
2024-10-11 09:25:24,065 INFO  [                 org.perf4j.TimingLogger] (.Server-14) start[1728638723940] time[124] tag[omero.call.success.ome.logic.RenderingSettingsImpl.resetDefaultsInSet]
2024-10-11 09:25:24,067 INFO  [    ome.security.basic.BasicEventContext] (.Server-11)  cctx:	group=0
2024-10-11 09:25:24,072 INFO  [         ome.security.basic.EventHandler] (.Server-11)  Auth:	user=0,group=0,event=28634(User),sess=83be404c-1957-46d4-a36b-f9feca68dcf3
2024-10-11 09:25:24,074 INFO  [                 org.perf4j.TimingLogger] (.Server-11) start[1728638724072] time[1] tag[omero.bulkLoadRenderingSettings]
2024-10-11 09:25:24,074 INFO  [                 org.perf4j.TimingLogger] (.Server-11) start[1728638724074] time[0] tag[omero.createAndPrepareMissingRenderingSettings]
2024-10-11 09:25:24,076 INFO  [                 org.perf4j.TimingLogger] (.Server-11) start[1728638724074] time[1] tag[omero.bulkLoadMetadata]
2024-10-11 09:25:24,076 INFO  [                 org.perf4j.TimingLogger] (.Server-11) start[1728638724074] time[1] tag[omero.loadMetadataByDimensionPool]
2024-10-11 09:25:24,078 INFO  [       ome.security.basic.CurrentDetails] (.Server-11) Adding log:INSERT,class ome.model.display.Thumbnail,229
2024-10-11 09:25:24,080 INFO  [                 org.perf4j.TimingLogger] (.Server-11) start[1728638724079] time[0] tag[omero.bulkLoadMetadata]
2024-10-11 09:25:24,080 INFO  [                 org.perf4j.TimingLogger] (.Server-11) start[1728638724079] time[0] tag[omero.loadMetadataByDimensionPool]
2024-10-11 09:25:24,080 INFO  [                 org.perf4j.TimingLogger] (.Server-11) start[1728638724076] time[3] tag[omero.createMissingThumbnailMetadata]
2024-10-11 09:25:24,080 INFO  [    ome.security.basic.BasicEventContext] (.Server-11)  cctx:	group=0
2024-10-11 09:25:24,084 INFO  [         ome.security.basic.EventHandler] (.Server-11)  Auth:	user=0,group=0,event=28635(User),sess=83be404c-1957-46d4-a36b-f9feca68dcf3
2024-10-11 09:25:24,087 INFO  [                 org.perf4j.TimingLogger] (.Server-11) start[1728638724087] time[0] tag[omero._createThumbnail(thumbMetaData)]
2024-10-11 09:25:24,142 DEBUG [                   loci.formats.Memoizer] (.Server-11) loaded memo file: /OMERO/BioFormatsCache/OMERO/ManagedRepository/root_0/2024-10/11/09-25-19.597/.TA459_multipleCores2_Run-4_Point10.tiff.bfmemo (50732 bytes)
2024-10-11 09:25:24,143 DEBUG [                   loci.formats.Memoizer] (.Server-11) start[1728638724107] time[35] tag[loci.formats.Memoizer.loadMemo]
2024-10-11 09:25:24,143 DEBUG [                   loci.formats.Memoizer] (.Server-11) start[1728638724106] time[36] tag[loci.formats.Memoizer.setId]
2024-10-11 09:25:24,205 INFO  [       ome.logic.JavaImageScalingService] (.Server-11) Scaling to: 96x96
2024-10-11 09:25:24,223 INFO  [                 org.perf4j.TimingLogger] (.Server-11) start[1728638724205] time[17] tag[java-image-scaling.resampleOp]
2024-10-11 09:25:24,225 INFO  [                 org.perf4j.TimingLogger] (.Server-11) start[1728638724087] time[137] tag[omero._createThumbnail]
2024-10-11 09:25:24,427 INFO  [                 org.perf4j.TimingLogger] (.Server-11) start[1728638724066] time[361] tag[omero.call.success.ome.services.ThumbnailBean.createThumbnailsByLongestSideSet]
2024-10-11 09:25:24,428 INFO  [                 org.perf4j.TimingLogger] (2-thread-6) start[1728638723940] time[488] tag[omero.import.request.thumbs]
2024-10-11 09:25:24,431 INFO  [    ome.security.basic.BasicEventContext] (.Server-12)  cctx:	group=0
2024-10-11 09:25:24,433 INFO  [         ome.security.basic.EventHandler] (.Server-12)  Auth:	user=0,group=0,event=null(User),sess=83be404c-1957-46d4-a36b-f9feca68dcf3
2024-10-11 09:25:24,436 INFO  [                 org.perf4j.TimingLogger] (.Server-12) start[1728638724429] time[6] tag[omero.call.success.ome.logic.QueryImpl.get]
2024-10-11 09:25:24,439 INFO  [    ome.security.basic.BasicEventContext] (.Server-15)  cctx:	group=0
2024-10-11 09:25:24,446 INFO  [         ome.security.basic.EventHandler] (.Server-15)  Auth:	user=0,group=0,event=28637(User),sess=83be404c-1957-46d4-a36b-f9feca68dcf3
2024-10-11 09:25:24,448 INFO  [       ome.security.basic.CurrentDetails] (.Server-15) Adding log:UPDATE,class ome.model.core.OriginalFile,3124
2024-10-11 09:25:24,456 INFO  [                 org.perf4j.TimingLogger] (.Server-15) start[1728638724438] time[18] tag[omero.call.success.ome.logic.UpdateImpl.saveObject]
2024-10-11 09:25:24,456 INFO  [                 org.perf4j.TimingLogger] (2-thread-6) start[1728638723940] time[516] tag[omero.import.request.step]
2024-10-11 09:25:24,457 DEBUG [    o.s.blitz.repo.ManagedImportRequestI] (2-thread-6) Step 3
2024-10-11 09:25:24,457 INFO  [    ome.security.basic.BasicEventContext] (l.Server-9)  cctx:	group=0
2024-10-11 09:25:24,459 INFO  [         ome.security.basic.EventHandler] (l.Server-9)  Auth:	user=0,group=0,event=null(User),sess=83be404c-1957-46d4-a36b-f9feca68dcf3
2024-10-11 09:25:24,460 INFO  [                 org.perf4j.TimingLogger] (l.Server-9) start[1728638724457] time[3] tag[omero.call.success.ome.services.blitz.impl.MetadataStoreI$6.doWork]
2024-10-11 09:25:24,462 INFO  [    ome.security.basic.BasicEventContext] (.Server-13)  cctx:	group=0
2024-10-11 09:25:24,463 INFO  [         ome.security.basic.EventHandler] (.Server-13)  Auth:	user=0,group=0,event=null(User),sess=83be404c-1957-46d4-a36b-f9feca68dcf3
2024-10-11 09:25:24,464 INFO  [                 org.perf4j.TimingLogger] (.Server-13) start[1728638724461] time[3] tag[omero.call.success.ome.logic.QueryImpl.get]
2024-10-11 09:25:24,466 INFO  [    ome.security.basic.BasicEventContext] (.Server-10)  cctx:	group=0
2024-10-11 09:25:24,470 INFO  [         ome.security.basic.EventHandler] (.Server-10)  Auth:	user=0,group=0,event=28639(User),sess=83be404c-1957-46d4-a36b-f9feca68dcf3
2024-10-11 09:25:24,472 INFO  [       ome.security.basic.CurrentDetails] (.Server-10) Adding log:UPDATE,class ome.model.core.OriginalFile,3124
2024-10-11 09:25:24,477 INFO  [                 org.perf4j.TimingLogger] (.Server-10) start[1728638724465] time[11] tag[omero.call.success.ome.logic.UpdateImpl.saveObject]
2024-10-11 09:25:24,477 INFO  [                 org.perf4j.TimingLogger] (2-thread-6) start[1728638724457] time[20] tag[omero.import.request.step]
2024-10-11 09:25:24,477 DEBUG [    o.s.blitz.repo.ManagedImportRequestI] (2-thread-6) Step 4
2024-10-11 09:25:24,478 INFO  [    ome.security.basic.BasicEventContext] (.Server-15)  cctx:	group=0
2024-10-11 09:25:24,480 INFO  [         ome.security.basic.EventHandler] (.Server-15)  Auth:	user=0,group=0,event=null(User),sess=83be404c-1957-46d4-a36b-f9feca68dcf3
2024-10-11 09:25:24,480 INFO  [                 org.perf4j.TimingLogger] (.Server-15) start[1728638724478] time[2] tag[omero.call.success.ome.logic.QueryImpl.get]
2024-10-11 09:25:24,482 INFO  [    ome.security.basic.BasicEventContext] (.Server-14)  cctx:	group=0
2024-10-11 09:25:24,485 INFO  [         ome.security.basic.EventHandler] (.Server-14)  Auth:	user=0,group=0,event=28641(User),sess=83be404c-1957-46d4-a36b-f9feca68dcf3
2024-10-11 09:25:24,487 INFO  [       ome.security.basic.CurrentDetails] (.Server-14) Adding log:UPDATE,class ome.model.core.OriginalFile,3124
2024-10-11 09:25:24,492 INFO  [                 org.perf4j.TimingLogger] (.Server-14) start[1728638724481] time[11] tag[omero.call.success.ome.logic.UpdateImpl.saveObject]
2024-10-11 09:25:24,492 INFO  [                 org.perf4j.TimingLogger] (2-thread-6) start[1728638724477] time[15] tag[omero.import.request.step]
2024-10-11 09:25:24,498 INFO  [    ome.security.basic.BasicEventContext] (l.Server-4)  cctx:	group=0
2024-10-11 09:25:24,502 INFO  [         ome.security.basic.EventHandler] (l.Server-4)  Auth:	user=0,group=0,event=28644(User),sess=83be404c-1957-46d4-a36b-f9feca68dcf3
2024-10-11 09:25:24,506 INFO  [                 org.perf4j.TimingLogger] (l.Server-4) start[1728638724498] time[8] tag[omero.call.success.ome.services.RawFileBean.close]
2024-10-11 09:25:24,507 DEBUG [                omero.util.ServantHolder] (l.Server-4) Removed omero.api._RawFileStoreTie@67ac3d63 from omero.util.ServantHolder@149b3864 as a5edb298-fe53-4cff-9bce-4d16ef1eedadomero.api.RawFileStore
2024-10-11 09:25:24,507 INFO  [                      omero.cmd.SessionI] (l.Server-4) Unregistered servant:83be404c-1957-46d4-a36b-f9feca68dcf3/a5edb298-fe53-4cff-9bce-4d16ef1eedadomero.api.RawFileStore(omero.api._RawFileStoreTie@67ac3d63)
2024-10-11 09:25:24,510 INFO  [    ome.security.basic.BasicEventContext] (.Server-15)  cctx:	group=0
2024-10-11 09:25:24,516 INFO  [         ome.security.basic.EventHandler] (.Server-15)  Auth:	user=0,group=0,event=28646(User),sess=83be404c-1957-46d4-a36b-f9feca68dcf3
2024-10-11 09:25:24,520 INFO  [                 org.perf4j.TimingLogger] (.Server-15) start[1728638724507] time[12] tag[omero.call.success.ome.services.RawPixelsBean.close]
2024-10-11 09:25:24,520 DEBUG [                omero.util.ServantHolder] (.Server-15) Removed omero.api._RawPixelsStoreTie@575c1bcb from omero.util.ServantHolder@149b3864 as 3758accf-a281-4b06-88a6-9eb33f539a61omero.api.RawPixelsStore
2024-10-11 09:25:24,520 INFO  [                      omero.cmd.SessionI] (.Server-15) Unregistered servant:83be404c-1957-46d4-a36b-f9feca68dcf3/3758accf-a281-4b06-88a6-9eb33f539a61omero.api.RawPixelsStore(omero.api._RawPixelsStoreTie@575c1bcb)
2024-10-11 09:25:24,520 INFO  [    ome.security.basic.BasicEventContext] (l.Server-4)  cctx:	group=0
2024-10-11 09:25:24,521 INFO  [         ome.security.basic.EventHandler] (l.Server-4)  Auth:	user=0,group=0,event=null(User),sess=83be404c-1957-46d4-a36b-f9feca68dcf3
2024-10-11 09:25:24,522 INFO  [                 org.perf4j.TimingLogger] (l.Server-4) start[1728638724520] time[1] tag[omero.call.success.ome.services.ThumbnailBean.close]
2024-10-11 09:25:24,522 DEBUG [                omero.util.ServantHolder] (l.Server-4) Removed omero.api._ThumbnailStoreTie@90fcb97b from omero.util.ServantHolder@149b3864 as 59734516-4524-4e36-ab78-c2a900c089dbomero.api.ThumbnailStore
2024-10-11 09:25:24,522 INFO  [                      omero.cmd.SessionI] (l.Server-4) Unregistered servant:83be404c-1957-46d4-a36b-f9feca68dcf3/59734516-4524-4e36-ab78-c2a900c089dbomero.api.ThumbnailStore(omero.api._ThumbnailStoreTie@90fcb97b)
2024-10-11 09:25:24,522 DEBUG [                omero.util.ServantHolder] (.Server-14) Removed omero.api._MetadataStoreTie@4e5fd2d0 from omero.util.ServantHolder@149b3864 as 3f8fec46-0177-44e9-ad91-f327b8d3d7b7omero.api.MetadataStore
2024-10-11 09:25:24,522 INFO  [                      omero.cmd.SessionI] (.Server-14) Unregistered servant:83be404c-1957-46d4-a36b-f9feca68dcf3/3f8fec46-0177-44e9-ad91-f327b8d3d7b7omero.api.MetadataStore(omero.api._MetadataStoreTie@4e5fd2d0)
2024-10-11 09:25:24,522 INFO  [    o.s.blitz.repo.ManagedImportRequestI] (2-thread-6) Cleaning up import.
2024-10-11 09:25:24,527 INFO  [         ome.security.basic.EventHandler] (.Server-15)  Auth:	user=0,group=0,event=null(User),sess=83be404c-1957-46d4-a36b-f9feca68dcf3
2024-10-11 09:25:24,529 INFO  [                 org.perf4j.TimingLogger] (.Server-15) start[1728638724524] time[4] tag[omero.call.success.ome.logic.QueryImpl.get]
2024-10-11 09:25:24,540 INFO  [         ome.security.basic.EventHandler] (.Server-12)  Auth:	user=0,group=0,event=28647(User),sess=83be404c-1957-46d4-a36b-f9feca68dcf3
2024-10-11 09:25:24,542 INFO  [       ome.security.basic.CurrentDetails] (.Server-12) Adding log:UPDATE,class ome.model.core.OriginalFile,3124
2024-10-11 09:25:24,547 INFO  [                 org.perf4j.TimingLogger] (.Server-12) start[1728638724533] time[13] tag[omero.call.success.ome.logic.UpdateImpl.saveObject]
