2024-10-11 09:24:55,541 INFO  [                 org.perf4j.TimingLogger] (l.Server-4) start[1728638695504] time[37] tag[omero.import.process.init]
2024-10-11 09:24:55,554 INFO  [         ome.security.basic.EventHandler] (l.Server-4)  Auth:	user=0,group=0,event=27932(User),sess=83be404c-1957-46d4-a36b-f9feca68dcf3
2024-10-11 09:24:55,561 INFO  [       ome.security.basic.CurrentDetails] (l.Server-4) Adding log:INSERT,class ome.model.jobs.UploadJob,3063
2024-10-11 09:24:55,562 INFO  [       ome.security.basic.CurrentDetails] (l.Server-4) Adding log:INSERT,class ome.model.jobs.JobOriginalFileLink,4880
2024-10-11 09:24:55,575 INFO  [       ome.security.basic.CurrentDetails] (l.Server-4) Adding log:INSERT,class ome.model.jobs.MetadataImportJob,3064
2024-10-11 09:24:55,589 INFO  [       ome.security.basic.CurrentDetails] (l.Server-4) Adding log:INSERT,class ome.model.jobs.PixelDataJob,3065
2024-10-11 09:24:55,596 INFO  [       ome.security.basic.CurrentDetails] (l.Server-4) Adding log:INSERT,class ome.model.jobs.ThumbnailGenerationJob,3066
2024-10-11 09:24:55,606 INFO  [       ome.security.basic.CurrentDetails] (l.Server-4) Adding log:INSERT,class ome.model.jobs.IndexingJob,3067
2024-10-11 09:24:55,612 INFO  [                 org.perf4j.TimingLogger] (l.Server-4) start[1728638695612] time[0] tag[omero.repo.internal_register.find_repo_files]
2024-10-11 09:24:55,617 INFO  [       ome.security.basic.CurrentDetails] (l.Server-4) Adding log:INSERT,class ome.model.core.OriginalFile,3056
2024-10-11 09:24:55,618 INFO  [                 org.perf4j.TimingLogger] (l.Server-4) start[1728638695614] time[3] tag[omero.repo.create_original_file.save]
2024-10-11 09:24:55,618 INFO  [                 org.perf4j.TimingLogger] (l.Server-4) start[1728638695618] time[0] tag[omero.repo.create_original_file.internal_mkdir]
2024-10-11 09:24:55,618 INFO  [                 org.perf4j.TimingLogger] (l.Server-4) start[1728638695618] time[0] tag[omero.repo.internal_register.load]
2024-10-11 09:24:55,618 INFO  [                 org.perf4j.TimingLogger] (l.Server-4) start[1728638695618] time[0] tag[omero.repo.internal_register.sort]
2024-10-11 09:24:55,618 INFO  [                 org.perf4j.TimingLogger] (l.Server-4) start[1728638695612] time[5] tag[omero.repo.save_fileset.register]
2024-10-11 09:24:55,618 INFO  [                 org.perf4j.TimingLogger] (l.Server-4) start[1728638695618] time[0] tag[omero.repo.save_fileset.update_fileset_entries]
2024-10-11 09:24:55,620 INFO  [       ome.security.basic.CurrentDetails] (l.Server-4) Adding log:INSERT,class ome.model.fs.Fileset,206
2024-10-11 09:24:55,621 INFO  [       ome.security.basic.CurrentDetails] (l.Server-4) Adding log:INSERT,class ome.model.fs.FilesetJobLink,226
2024-10-11 09:24:55,622 INFO  [       ome.security.basic.CurrentDetails] (l.Server-4) Adding log:INSERT,class ome.model.fs.FilesetJobLink,227
2024-10-11 09:24:55,623 INFO  [       ome.security.basic.CurrentDetails] (l.Server-4) Adding log:INSERT,class ome.model.fs.FilesetJobLink,228
2024-10-11 09:24:55,624 INFO  [       ome.security.basic.CurrentDetails] (l.Server-4) Adding log:INSERT,class ome.model.fs.FilesetJobLink,229
2024-10-11 09:24:55,624 INFO  [       ome.security.basic.CurrentDetails] (l.Server-4) Adding log:INSERT,class ome.model.fs.FilesetJobLink,230
2024-10-11 09:24:55,625 INFO  [       ome.security.basic.CurrentDetails] (l.Server-4) Adding log:INSERT,class ome.model.fs.FilesetEntry,206
2024-10-11 09:24:55,628 INFO  [                 org.perf4j.TimingLogger] (l.Server-4) start[1728638695618] time[9] tag[omero.repo.save_fileset.save]
2024-10-11 09:24:55,636 INFO  [                 org.perf4j.TimingLogger] (l.Server-4) start[1728638695546] time[89] tag[omero.call.success.ome.services.blitz.repo.RepositoryDaoImpl$8.doWork]
2024-10-11 09:24:55,637 INFO  [                 org.perf4j.TimingLogger] (l.Server-4) start[1728638695545] time[91] tag[omero.repo.save_fileset]
2024-10-11 09:24:55,637 INFO  [                      omero.cmd.SessionI] (l.Server-4) Added servant to adapter: 83be404c-1957-46d4-a36b-f9feca68dcf3/3958feaa-f0a3-471f-8ea5-71138305a4cb-ManagedImportProcessI(omero.grid._ImportProcessTie@77ec34f8)
2024-10-11 09:24:55,637 DEBUG [                omero.util.ServantHolder] (l.Server-4) Added omero.grid._ImportProcessTie@77ec34f8 to omero.util.ServantHolder@149b3864 as 3958feaa-f0a3-471f-8ea5-71138305a4cb-ManagedImportProcessI
2024-10-11 09:24:55,637 INFO  [                 org.perf4j.TimingLogger] (l.Server-4) start[1728638695545] time[92] tag[omero.import.process.create]
2024-10-11 09:24:55,645 INFO  [         ome.security.basic.EventHandler] (.Server-10)  Auth:	user=0,group=0,event=null(User),sess=83be404c-1957-46d4-a36b-f9feca68dcf3
2024-10-11 09:24:55,652 INFO  [                 org.perf4j.TimingLogger] (.Server-10) start[1728638695643] time[8] tag[omero.call.success.ome.services.blitz.repo.RepositoryDaoImpl$2.doWork]
2024-10-11 09:24:55,655 INFO  [         ome.security.basic.EventHandler] (.Server-10)  Auth:	user=0,group=0,event=null(User),sess=83be404c-1957-46d4-a36b-f9feca68dcf3
2024-10-11 09:24:55,660 INFO  [                 org.perf4j.TimingLogger] (.Server-10) start[1728638695652] time[7] tag[omero.call.success.ome.services.blitz.repo.RepositoryDaoImpl$4.doWork]
2024-10-11 09:24:55,666 INFO  [         ome.security.basic.EventHandler] (.Server-10)  Auth:	user=0,group=0,event=null(User),sess=83be404c-1957-46d4-a36b-f9feca68dcf3
2024-10-11 09:24:55,669 INFO  [                 org.perf4j.TimingLogger] (.Server-10) start[1728638695661] time[7] tag[omero.call.success.ome.services.blitz.repo.RepositoryDaoImpl$6.doWork]
2024-10-11 09:24:55,670 INFO  [    ome.security.basic.BasicEventContext] (.Server-10)  cctx:	group=0
2024-10-11 09:24:55,671 INFO  [         ome.security.basic.EventHandler] (.Server-10)  Auth:	user=0,group=0,event=null(User),sess=83be404c-1957-46d4-a36b-f9feca68dcf3
2024-10-11 09:24:55,673 INFO  [                 org.perf4j.TimingLogger] (.Server-10) start[1728638695669] time[3] tag[omero.call.success.ome.services.blitz.repo.RepositoryDaoImpl$1.doWork]
2024-10-11 09:24:55,673 INFO  [                      omero.cmd.SessionI] (.Server-10) Added servant to adapter: 83be404c-1957-46d4-a36b-f9feca68dcf3/9734b3cb-69e0-44e4-8ff2-3d99cfa0f904-RepoRawFileStoreI(omero.api._RawFileStoreTie@6d1ba968)
2024-10-11 09:24:55,673 DEBUG [                omero.util.ServantHolder] (.Server-10) Added omero.api._RawFileStoreTie@6d1ba968 to omero.util.ServantHolder@149b3864 as 9734b3cb-69e0-44e4-8ff2-3d99cfa0f904-RepoRawFileStoreI
2024-10-11 09:24:55,673 INFO  [                 org.perf4j.TimingLogger] (.Server-10) start[1728638695643] time[30] tag[omero.import.process.opener]
2024-10-11 09:24:55,674 INFO  [                 org.perf4j.TimingLogger] (.Server-10) start[1728638695643] time[30] tag[omero.import.process.uploader]
2024-10-11 09:24:55,679 INFO  [         ome.security.basic.EventHandler] (.Server-15)  Auth:	user=0,group=0,event=null(User),sess=83be404c-1957-46d4-a36b-f9feca68dcf3
2024-10-11 09:24:55,679 INFO  [                 org.perf4j.TimingLogger] (.Server-15) start[1728638695677] time[1] tag[omero.call.success.ome.services.RawFileBean.write]
2024-10-11 09:24:55,733 INFO  [         ome.security.basic.EventHandler] (.Server-10)  Auth:	user=0,group=0,event=null(User),sess=83be404c-1957-46d4-a36b-f9feca68dcf3
2024-10-11 09:24:55,738 INFO  [                 org.perf4j.TimingLogger] (.Server-10) start[1728638695731] time[7] tag[omero.call.success.ome.services.RawFileBean.write]
2024-10-11 09:24:55,791 INFO  [         ome.security.basic.EventHandler] (.Server-13)  Auth:	user=0,group=0,event=null(User),sess=83be404c-1957-46d4-a36b-f9feca68dcf3
2024-10-11 09:24:55,796 INFO  [                 org.perf4j.TimingLogger] (.Server-13) start[1728638695789] time[6] tag[omero.call.success.ome.services.RawFileBean.write]
2024-10-11 09:24:55,859 INFO  [         ome.security.basic.EventHandler] (l.Server-9)  Auth:	user=0,group=0,event=null(User),sess=83be404c-1957-46d4-a36b-f9feca68dcf3
2024-10-11 09:24:55,868 INFO  [                 org.perf4j.TimingLogger] (l.Server-9) start[1728638695857] time[11] tag[omero.call.success.ome.services.RawFileBean.write]
2024-10-11 09:24:55,913 INFO  [         ome.security.basic.EventHandler] (.Server-14)  Auth:	user=0,group=0,event=null(User),sess=83be404c-1957-46d4-a36b-f9feca68dcf3
2024-10-11 09:24:55,917 INFO  [                 org.perf4j.TimingLogger] (.Server-14) start[1728638695912] time[5] tag[omero.call.success.ome.services.RawFileBean.write]
2024-10-11 09:24:55,963 INFO  [         ome.security.basic.EventHandler] (.Server-11)  Auth:	user=0,group=0,event=null(User),sess=83be404c-1957-46d4-a36b-f9feca68dcf3
2024-10-11 09:24:55,967 INFO  [                 org.perf4j.TimingLogger] (.Server-11) start[1728638695962] time[5] tag[omero.call.success.ome.services.RawFileBean.write]
2024-10-11 09:24:56,004 INFO  [         ome.security.basic.EventHandler] (.Server-13)  Auth:	user=0,group=0,event=null(User),sess=83be404c-1957-46d4-a36b-f9feca68dcf3
2024-10-11 09:24:56,007 INFO  [                 org.perf4j.TimingLogger] (.Server-13) start[1728638696002] time[5] tag[omero.call.success.ome.services.RawFileBean.write]
2024-10-11 09:24:56,015 INFO  [         ome.security.basic.EventHandler] (l.Server-4)  Auth:	user=0,group=0,event=27942(User),sess=83be404c-1957-46d4-a36b-f9feca68dcf3
2024-10-11 09:24:56,033 INFO  [                 org.perf4j.TimingLogger] (l.Server-4) start[1728638696015] time[17] tag[omero.services.file.flush]
2024-10-11 09:24:56,054 INFO  [                 org.perf4j.TimingLogger] (l.Server-4) start[1728638696033] time[20] tag[omero.services.file.checksum]
2024-10-11 09:24:56,055 INFO  [       ome.security.basic.CurrentDetails] (l.Server-4) Adding log:UPDATE,class ome.model.core.OriginalFile,3056
2024-10-11 09:24:56,057 INFO  [                 org.perf4j.TimingLogger] (l.Server-4) start[1728638696054] time[3] tag[omero.services.file.finalize]
2024-10-11 09:24:56,061 INFO  [                 org.perf4j.TimingLogger] (l.Server-4) start[1728638696010] time[51] tag[omero.call.success.ome.services.RawFileBean.save]
2024-10-11 09:24:56,068 INFO  [         ome.security.basic.EventHandler] (.Server-14)  Auth:	user=0,group=0,event=27944(User),sess=83be404c-1957-46d4-a36b-f9feca68dcf3
2024-10-11 09:24:56,072 INFO  [                 org.perf4j.TimingLogger] (.Server-14) start[1728638696064] time[8] tag[omero.call.success.ome.services.RawFileBean.close]
2024-10-11 09:24:56,072 DEBUG [                omero.util.ServantHolder] (.Server-14) Removed omero.api._RawFileStoreTie@6d1ba968 from omero.util.ServantHolder@149b3864 as 9734b3cb-69e0-44e4-8ff2-3d99cfa0f904-RepoRawFileStoreI
2024-10-11 09:24:56,072 INFO  [                      omero.cmd.SessionI] (.Server-14) Unregistered servant:83be404c-1957-46d4-a36b-f9feca68dcf3/9734b3cb-69e0-44e4-8ff2-3d99cfa0f904-RepoRawFileStoreI(omero.api._RawFileStoreTie@6d1ba968)
2024-10-11 09:24:56,075 INFO  [         ome.security.basic.EventHandler] (.Server-11)  Auth:	user=0,group=0,event=null(User),sess=83be404c-1957-46d4-a36b-f9feca68dcf3
2024-10-11 09:24:56,076 INFO  [                 org.perf4j.TimingLogger] (.Server-11) start[1728638696074] time[1] tag[omero.call.success.ome.services.blitz.impl.ServiceFactoryI$3.doWork]
2024-10-11 09:24:56,081 INFO  [                 org.perf4j.TimingLogger] (.Server-11) start[1728638696076] time[5] tag[omero.import.process.checksum]
2024-10-11 09:24:56,087 INFO  [         ome.security.basic.EventHandler] (.Server-11)  Auth:	user=0,group=0,event=27947(User),sess=83be404c-1957-46d4-a36b-f9feca68dcf3
2024-10-11 09:24:56,095 INFO  [       ome.security.basic.CurrentDetails] (.Server-11) Adding log:UPDATE,class ome.model.jobs.UploadJob,3063
2024-10-11 09:24:56,107 INFO  [                 org.perf4j.TimingLogger] (.Server-11) start[1728638696082] time[25] tag[omero.call.success.ome.services.blitz.repo.RepositoryDaoImpl$12.doWork]
2024-10-11 09:24:56,108 INFO  [         ome.security.basic.EventHandler] (.Server-11)  Auth:	user=0,group=0,event=null(User),sess=83be404c-1957-46d4-a36b-f9feca68dcf3
2024-10-11 09:24:56,110 INFO  [                 org.perf4j.TimingLogger] (.Server-11) start[1728638696107] time[3] tag[omero.call.success.ome.services.blitz.repo.RepositoryDaoImpl$2.doWork]
2024-10-11 09:24:56,112 INFO  [         ome.security.basic.EventHandler] (.Server-11)  Auth:	user=0,group=0,event=null(User),sess=83be404c-1957-46d4-a36b-f9feca68dcf3
2024-10-11 09:24:56,113 INFO  [                 org.perf4j.TimingLogger] (.Server-11) start[1728638696110] time[2] tag[omero.call.success.ome.services.blitz.repo.RepositoryDaoImpl$4.doWork]
2024-10-11 09:24:56,113 INFO  [       ome.formats.importer.ImportConfig] (.Server-11) OMERO.blitz Version: 5.7.3
2024-10-11 09:24:56,113 INFO  [       ome.formats.importer.ImportConfig] (.Server-11) Bioformats version: 7.3.0 revision: acc4b6de79e55275b5e6c8200f8458f6d93c9ba0 date: 18 April 2024
2024-10-11 09:24:56,115 INFO  [                      omero.cmd.SessionI] (.Server-11) Added servant to adapter: 83be404c-1957-46d4-a36b-f9feca68dcf3/IHandle466f4d6c-f33e-4b33-8aee-03dd20c2e91c(omero.cmd._HandleTie@5bfa7a9f)
2024-10-11 09:24:56,115 DEBUG [                omero.util.ServantHolder] (.Server-11) Added omero.cmd._HandleTie@5bfa7a9f to omero.util.ServantHolder@149b3864 as IHandle466f4d6c-f33e-4b33-8aee-03dd20c2e91c
2024-10-11 09:24:56,116 INFO  [                 org.perf4j.TimingLogger] (.Server-11) start[1728638696116] time[0] tag[omero.background.submit]
2024-10-11 09:24:56,116 INFO  [                 org.perf4j.TimingLogger] (.Server-11) start[1728638696081] time[34] tag[omero.import.process.submit]
2024-10-11 09:24:56,118 DEBUG [                omero.util.ServantHolder] (.Server-15) Removed omero.grid._ImportProcessTie@77ec34f8 from omero.util.ServantHolder@149b3864 as 3958feaa-f0a3-471f-8ea5-71138305a4cb-ManagedImportProcessI
2024-10-11 09:24:56,118 INFO  [                      omero.cmd.SessionI] (.Server-15) Unregistered servant:83be404c-1957-46d4-a36b-f9feca68dcf3/3958feaa-f0a3-471f-8ea5-71138305a4cb-ManagedImportProcessI(omero.grid._ImportProcessTie@77ec34f8)
2024-10-11 09:24:56,128 INFO  [    ome.formats.OMEROMetadataStoreClient] (2-thread-1) Call context: {omero.group:0}
2024-10-11 09:24:56,128 INFO  [    ome.formats.OMEROMetadataStoreClient] (2-thread-1) Call context: {omero.logfilename:root_0/2024-10/11/09-24-55.370.log}
2024-10-11 09:24:56,134 INFO  [    ome.security.basic.BasicEventContext] (.Server-13)  cctx:	group=0
2024-10-11 09:24:56,135 INFO  [         ome.security.basic.EventHandler] (.Server-13)  Auth:	user=0,group=0,event=null(User),sess=83be404c-1957-46d4-a36b-f9feca68dcf3
2024-10-11 09:24:56,150 INFO  [                 org.perf4j.TimingLogger] (.Server-13) start[1728638696133] time[16] tag[omero.call.success.ome.logic.AdminImpl.getEventContext]
2024-10-11 09:24:56,185 INFO  [    ome.formats.OMEROMetadataStoreClient] (2-thread-1) Pinging session every 300s.
2024-10-11 09:24:56,233 INFO  [                loci.formats.ImageReader] (2-thread-1) IonpathMIBITiffReader initializing /OMERO/ManagedRepository/root_0/2024-10/11/09-24-55.370/TA459_multipleCores2_Run-4_Point36.tiff
2024-10-11 09:24:56,233 INFO  [       loci.formats.in.MinimalTiffReader] (2-thread-1) Reading IFDs
2024-10-11 09:24:56,235 INFO  [       loci.formats.in.MinimalTiffReader] (2-thread-1) Populating metadata
2024-10-11 09:24:56,238 INFO  [          loci.formats.in.BaseTiffReader] (2-thread-1) Populating OME metadata
2024-10-11 09:24:56,243 INFO  [    ome.security.basic.BasicEventContext] (.Server-15)  cctx:	group=0
2024-10-11 09:24:56,244 INFO  [         ome.security.basic.EventHandler] (.Server-15)  Auth:	user=0,group=0,event=null(User),sess=83be404c-1957-46d4-a36b-f9feca68dcf3
2024-10-11 09:24:56,246 INFO  [                 org.perf4j.TimingLogger] (.Server-15) start[1728638696243] time[3] tag[omero.call.success.ome.logic.QueryImpl.findAll]
2024-10-11 09:24:56,250 INFO  [    ome.security.basic.BasicEventContext] (.Server-11)  cctx:	group=0
2024-10-11 09:24:56,253 INFO  [         ome.security.basic.EventHandler] (.Server-11)  Auth:	user=0,group=0,event=null(User),sess=83be404c-1957-46d4-a36b-f9feca68dcf3
2024-10-11 09:24:56,254 INFO  [                 org.perf4j.TimingLogger] (.Server-11) start[1728638696250] time[4] tag[omero.call.success.ome.logic.QueryImpl.findAll]
2024-10-11 09:24:56,256 INFO  [    ome.security.basic.BasicEventContext] (l.Server-9)  cctx:	group=0
2024-10-11 09:24:56,257 INFO  [         ome.security.basic.EventHandler] (l.Server-9)  Auth:	user=0,group=0,event=null(User),sess=83be404c-1957-46d4-a36b-f9feca68dcf3
2024-10-11 09:24:56,258 INFO  [                 org.perf4j.TimingLogger] (l.Server-9) start[1728638696255] time[2] tag[omero.call.success.ome.logic.QueryImpl.findAll]
2024-10-11 09:24:56,260 INFO  [    ome.security.basic.BasicEventContext] (.Server-10)  cctx:	group=0
2024-10-11 09:24:56,261 INFO  [         ome.security.basic.EventHandler] (.Server-10)  Auth:	user=0,group=0,event=null(User),sess=83be404c-1957-46d4-a36b-f9feca68dcf3
2024-10-11 09:24:56,262 INFO  [                 org.perf4j.TimingLogger] (.Server-10) start[1728638696259] time[2] tag[omero.call.success.ome.logic.QueryImpl.findAll]
2024-10-11 09:24:56,282 DEBUG [                   loci.formats.Memoizer] (2-thread-1) saved to temp file: /OMERO/BioFormatsCache/OMERO/ManagedRepository/root_0/2024-10/11/09-24-55.370/.TA459_multipleCores2_Run-4_Point36.tiff.bfmemo9011578023727194203
2024-10-11 09:24:56,282 DEBUG [                   loci.formats.Memoizer] (2-thread-1) start[1728638696273] time[9] tag[loci.formats.Memoizer.saveMemo]
2024-10-11 09:24:56,282 DEBUG [                   loci.formats.Memoizer] (2-thread-1) saved memo file: /OMERO/BioFormatsCache/OMERO/ManagedRepository/root_0/2024-10/11/09-24-55.370/.TA459_multipleCores2_Run-4_Point36.tiff.bfmemo (50738 bytes)
2024-10-11 09:24:56,282 DEBUG [                   loci.formats.Memoizer] (2-thread-1) start[1728638696185] time[96] tag[loci.formats.Memoizer.setId]
2024-10-11 09:24:56,282 DEBUG [    o.s.blitz.repo.ManagedImportRequestI] (2-thread-1) Image Count: 44
2024-10-11 09:24:56,282 INFO  [    o.s.blitz.repo.ManagedImportRequestI] (2-thread-1) File format: Ionpath MIBI
2024-10-11 09:24:56,282 INFO  [    o.s.blitz.repo.ManagedImportRequestI] (2-thread-1) Base reader: loci.formats.in.IonpathMIBITiffReader
2024-10-11 09:24:56,282 INFO  [                 org.perf4j.TimingLogger] (2-thread-1) start[1728638696126] time[156] tag[omero.import.request.init]
2024-10-11 09:24:56,282 DEBUG [    o.s.blitz.repo.ManagedImportRequestI] (2-thread-1) Step 0
2024-10-11 09:24:56,284 WARN  [    ome.formats.model.ReferenceProcessor] (2-thread-1) Unknown target class for LSID: Image:SIMS
2024-10-11 09:24:56,284 INFO  [    ome.formats.OMEROMetadataStoreClient] (2-thread-1) Handling # of containers: 91
2024-10-11 09:24:56,286 INFO  [    ome.security.basic.BasicEventContext] (.Server-13)  cctx:	group=0
2024-10-11 09:24:56,288 INFO  [         ome.security.basic.EventHandler] (.Server-13)  Auth:	user=0,group=0,event=null(User),sess=83be404c-1957-46d4-a36b-f9feca68dcf3
2024-10-11 09:24:56,289 INFO  [                 org.perf4j.TimingLogger] (.Server-13) start[1728638696285] time[3] tag[omero.call.success.ome.services.blitz.impl.MetadataStoreI$4.doWork]
2024-10-11 09:24:56,289 INFO  [    ome.formats.OMEROMetadataStoreClient] (2-thread-1) Handling # of references: 1
2024-10-11 09:24:56,290 INFO  [    ome.security.basic.BasicEventContext] (.Server-15)  cctx:	group=0
2024-10-11 09:24:56,292 INFO  [         ome.security.basic.EventHandler] (.Server-15)  Auth:	user=0,group=0,event=null(User),sess=83be404c-1957-46d4-a36b-f9feca68dcf3
2024-10-11 09:24:56,292 INFO  [                 org.perf4j.TimingLogger] (.Server-15) start[1728638696290] time[2] tag[omero.call.success.ome.services.blitz.impl.MetadataStoreI$5.doWork]
2024-10-11 09:24:56,295 INFO  [    ome.security.basic.BasicEventContext] (.Server-12)  cctx:	group=0
2024-10-11 09:24:56,298 INFO  [         ome.security.basic.EventHandler] (.Server-12)  Auth:	user=0,group=0,event=27954(User),sess=83be404c-1957-46d4-a36b-f9feca68dcf3
2024-10-11 09:24:56,313 INFO  [       ome.security.basic.CurrentDetails] (.Server-12) Adding log:INSERT,class ome.model.core.Image,206
2024-10-11 09:24:56,315 INFO  [       ome.security.basic.CurrentDetails] (.Server-12) Adding log:INSERT,class ome.model.containers.DatasetImageLink,206
2024-10-11 09:24:56,317 INFO  [       ome.security.basic.CurrentDetails] (.Server-12) Adding log:INSERT,class ome.model.core.Pixels,206
2024-10-11 09:24:56,319 INFO  [       ome.security.basic.CurrentDetails] (.Server-12) Adding log:INSERT,class ome.model.core.LogicalChannel,771
2024-10-11 09:24:56,321 INFO  [       ome.security.basic.CurrentDetails] (.Server-12) Adding log:INSERT,class ome.model.core.Channel,771
2024-10-11 09:24:56,322 INFO  [       ome.security.basic.CurrentDetails] (.Server-12) Adding log:INSERT,class ome.model.core.LogicalChannel,772
2024-10-11 09:24:56,323 INFO  [       ome.security.basic.CurrentDetails] (.Server-12) Adding log:INSERT,class ome.model.core.Channel,772
2024-10-11 09:24:56,323 INFO  [       ome.security.basic.CurrentDetails] (.Server-12) Adding log:INSERT,class ome.model.core.LogicalChannel,773
2024-10-11 09:24:56,324 INFO  [       ome.security.basic.CurrentDetails] (.Server-12) Adding log:INSERT,class ome.model.core.Channel,773
2024-10-11 09:24:56,325 INFO  [       ome.security.basic.CurrentDetails] (.Server-12) Adding log:INSERT,class ome.model.core.LogicalChannel,774
2024-10-11 09:24:56,325 INFO  [       ome.security.basic.CurrentDetails] (.Server-12) Adding log:INSERT,class ome.model.core.Channel,774
2024-10-11 09:24:56,326 INFO  [       ome.security.basic.CurrentDetails] (.Server-12) Adding log:INSERT,class ome.model.core.LogicalChannel,775
2024-10-11 09:24:56,327 INFO  [       ome.security.basic.CurrentDetails] (.Server-12) Adding log:INSERT,class ome.model.core.Channel,775
2024-10-11 09:24:56,327 INFO  [       ome.security.basic.CurrentDetails] (.Server-12) Adding log:INSERT,class ome.model.core.LogicalChannel,776
2024-10-11 09:24:56,328 INFO  [       ome.security.basic.CurrentDetails] (.Server-12) Adding log:INSERT,class ome.model.core.Channel,776
2024-10-11 09:24:56,329 INFO  [       ome.security.basic.CurrentDetails] (.Server-12) Adding log:INSERT,class ome.model.core.LogicalChannel,777
2024-10-11 09:24:56,329 INFO  [       ome.security.basic.CurrentDetails] (.Server-12) Adding log:INSERT,class ome.model.core.Channel,777
2024-10-11 09:24:56,330 INFO  [       ome.security.basic.CurrentDetails] (.Server-12) Adding log:INSERT,class ome.model.core.LogicalChannel,778
2024-10-11 09:24:56,330 INFO  [       ome.security.basic.CurrentDetails] (.Server-12) Adding log:INSERT,class ome.model.core.Channel,778
2024-10-11 09:24:56,330 INFO  [       ome.security.basic.CurrentDetails] (.Server-12) Adding log:INSERT,class ome.model.core.LogicalChannel,779
2024-10-11 09:24:56,331 INFO  [       ome.security.basic.CurrentDetails] (.Server-12) Adding log:INSERT,class ome.model.core.Channel,779
2024-10-11 09:24:56,331 INFO  [       ome.security.basic.CurrentDetails] (.Server-12) Adding log:INSERT,class ome.model.core.LogicalChannel,780
2024-10-11 09:24:56,331 INFO  [       ome.security.basic.CurrentDetails] (.Server-12) Adding log:INSERT,class ome.model.core.Channel,780
2024-10-11 09:24:56,332 INFO  [       ome.security.basic.CurrentDetails] (.Server-12) Adding log:INSERT,class ome.model.core.LogicalChannel,781
2024-10-11 09:24:56,332 INFO  [       ome.security.basic.CurrentDetails] (.Server-12) Adding log:INSERT,class ome.model.core.Channel,781
2024-10-11 09:24:56,332 INFO  [       ome.security.basic.CurrentDetails] (.Server-12) Adding log:INSERT,class ome.model.core.LogicalChannel,782
2024-10-11 09:24:56,333 INFO  [       ome.security.basic.CurrentDetails] (.Server-12) Adding log:INSERT,class ome.model.core.Channel,782
2024-10-11 09:24:56,333 INFO  [       ome.security.basic.CurrentDetails] (.Server-12) Adding log:INSERT,class ome.model.core.LogicalChannel,783
2024-10-11 09:24:56,333 INFO  [       ome.security.basic.CurrentDetails] (.Server-12) Adding log:INSERT,class ome.model.core.Channel,783
2024-10-11 09:24:56,334 INFO  [       ome.security.basic.CurrentDetails] (.Server-12) Adding log:INSERT,class ome.model.core.LogicalChannel,784
2024-10-11 09:24:56,334 INFO  [       ome.security.basic.CurrentDetails] (.Server-12) Adding log:INSERT,class ome.model.core.Channel,784
2024-10-11 09:24:56,334 INFO  [       ome.security.basic.CurrentDetails] (.Server-12) Adding log:INSERT,class ome.model.core.LogicalChannel,785
2024-10-11 09:24:56,334 INFO  [       ome.security.basic.CurrentDetails] (.Server-12) Adding log:INSERT,class ome.model.core.Channel,785
2024-10-11 09:24:56,335 INFO  [       ome.security.basic.CurrentDetails] (.Server-12) Adding log:INSERT,class ome.model.core.LogicalChannel,786
2024-10-11 09:24:56,335 INFO  [       ome.security.basic.CurrentDetails] (.Server-12) Adding log:INSERT,class ome.model.core.Channel,786
2024-10-11 09:24:56,335 INFO  [       ome.security.basic.CurrentDetails] (.Server-12) Adding log:INSERT,class ome.model.core.LogicalChannel,787
2024-10-11 09:24:56,336 INFO  [       ome.security.basic.CurrentDetails] (.Server-12) Adding log:INSERT,class ome.model.core.Channel,787
2024-10-11 09:24:56,336 INFO  [       ome.security.basic.CurrentDetails] (.Server-12) Adding log:INSERT,class ome.model.core.LogicalChannel,788
2024-10-11 09:24:56,336 INFO  [       ome.security.basic.CurrentDetails] (.Server-12) Adding log:INSERT,class ome.model.core.Channel,788
2024-10-11 09:24:56,337 INFO  [       ome.security.basic.CurrentDetails] (.Server-12) Adding log:INSERT,class ome.model.core.LogicalChannel,789
2024-10-11 09:24:56,337 INFO  [       ome.security.basic.CurrentDetails] (.Server-12) Adding log:INSERT,class ome.model.core.Channel,789
2024-10-11 09:24:56,337 INFO  [       ome.security.basic.CurrentDetails] (.Server-12) Adding log:INSERT,class ome.model.core.LogicalChannel,790
2024-10-11 09:24:56,337 INFO  [       ome.security.basic.CurrentDetails] (.Server-12) Adding log:INSERT,class ome.model.core.Channel,790
2024-10-11 09:24:56,338 INFO  [       ome.security.basic.CurrentDetails] (.Server-12) Adding log:INSERT,class ome.model.core.LogicalChannel,791
2024-10-11 09:24:56,338 INFO  [       ome.security.basic.CurrentDetails] (.Server-12) Adding log:INSERT,class ome.model.core.Channel,791
2024-10-11 09:24:56,338 INFO  [       ome.security.basic.CurrentDetails] (.Server-12) Adding log:INSERT,class ome.model.core.LogicalChannel,792
2024-10-11 09:24:56,339 INFO  [       ome.security.basic.CurrentDetails] (.Server-12) Adding log:INSERT,class ome.model.core.Channel,792
2024-10-11 09:24:56,339 INFO  [       ome.security.basic.CurrentDetails] (.Server-12) Adding log:INSERT,class ome.model.core.LogicalChannel,793
2024-10-11 09:24:56,339 INFO  [       ome.security.basic.CurrentDetails] (.Server-12) Adding log:INSERT,class ome.model.core.Channel,793
2024-10-11 09:24:56,339 INFO  [       ome.security.basic.CurrentDetails] (.Server-12) Adding log:INSERT,class ome.model.core.LogicalChannel,794
2024-10-11 09:24:56,340 INFO  [       ome.security.basic.CurrentDetails] (.Server-12) Adding log:INSERT,class ome.model.core.Channel,794
2024-10-11 09:24:56,340 INFO  [       ome.security.basic.CurrentDetails] (.Server-12) Adding log:INSERT,class ome.model.core.LogicalChannel,795
2024-10-11 09:24:56,340 INFO  [       ome.security.basic.CurrentDetails] (.Server-12) Adding log:INSERT,class ome.model.core.Channel,795
2024-10-11 09:24:56,340 INFO  [       ome.security.basic.CurrentDetails] (.Server-12) Adding log:INSERT,class ome.model.core.LogicalChannel,796
2024-10-11 09:24:56,341 INFO  [       ome.security.basic.CurrentDetails] (.Server-12) Adding log:INSERT,class ome.model.core.Channel,796
2024-10-11 09:24:56,341 INFO  [       ome.security.basic.CurrentDetails] (.Server-12) Adding log:INSERT,class ome.model.core.LogicalChannel,797
2024-10-11 09:24:56,341 INFO  [       ome.security.basic.CurrentDetails] (.Server-12) Adding log:INSERT,class ome.model.core.Channel,797
2024-10-11 09:24:56,341 INFO  [       ome.security.basic.CurrentDetails] (.Server-12) Adding log:INSERT,class ome.model.core.LogicalChannel,798
2024-10-11 09:24:56,342 INFO  [       ome.security.basic.CurrentDetails] (.Server-12) Adding log:INSERT,class ome.model.core.Channel,798
2024-10-11 09:24:56,342 INFO  [       ome.security.basic.CurrentDetails] (.Server-12) Adding log:INSERT,class ome.model.core.LogicalChannel,799
2024-10-11 09:24:56,342 INFO  [       ome.security.basic.CurrentDetails] (.Server-12) Adding log:INSERT,class ome.model.core.Channel,799
2024-10-11 09:24:56,342 INFO  [       ome.security.basic.CurrentDetails] (.Server-12) Adding log:INSERT,class ome.model.core.LogicalChannel,800
2024-10-11 09:24:56,343 INFO  [       ome.security.basic.CurrentDetails] (.Server-12) Adding log:INSERT,class ome.model.core.Channel,800
2024-10-11 09:24:56,343 INFO  [       ome.security.basic.CurrentDetails] (.Server-12) Adding log:INSERT,class ome.model.core.LogicalChannel,801
2024-10-11 09:24:56,343 INFO  [       ome.security.basic.CurrentDetails] (.Server-12) Adding log:INSERT,class ome.model.core.Channel,801
2024-10-11 09:24:56,343 INFO  [       ome.security.basic.CurrentDetails] (.Server-12) Adding log:INSERT,class ome.model.core.LogicalChannel,802
2024-10-11 09:24:56,344 INFO  [       ome.security.basic.CurrentDetails] (.Server-12) Adding log:INSERT,class ome.model.core.Channel,802
2024-10-11 09:24:56,344 INFO  [       ome.security.basic.CurrentDetails] (.Server-12) Adding log:INSERT,class ome.model.core.LogicalChannel,803
2024-10-11 09:24:56,344 INFO  [       ome.security.basic.CurrentDetails] (.Server-12) Adding log:INSERT,class ome.model.core.Channel,803
2024-10-11 09:24:56,344 INFO  [       ome.security.basic.CurrentDetails] (.Server-12) Adding log:INSERT,class ome.model.core.LogicalChannel,804
2024-10-11 09:24:56,345 INFO  [       ome.security.basic.CurrentDetails] (.Server-12) Adding log:INSERT,class ome.model.core.Channel,804
2024-10-11 09:24:56,345 INFO  [       ome.security.basic.CurrentDetails] (.Server-12) Adding log:INSERT,class ome.model.core.LogicalChannel,805
2024-10-11 09:24:56,345 INFO  [       ome.security.basic.CurrentDetails] (.Server-12) Adding log:INSERT,class ome.model.core.Channel,805
2024-10-11 09:24:56,345 INFO  [       ome.security.basic.CurrentDetails] (.Server-12) Adding log:INSERT,class ome.model.core.LogicalChannel,806
2024-10-11 09:24:56,346 INFO  [       ome.security.basic.CurrentDetails] (.Server-12) Adding log:INSERT,class ome.model.core.Channel,806
2024-10-11 09:24:56,346 INFO  [       ome.security.basic.CurrentDetails] (.Server-12) Adding log:INSERT,class ome.model.core.LogicalChannel,807
2024-10-11 09:24:56,346 INFO  [       ome.security.basic.CurrentDetails] (.Server-12) Adding log:INSERT,class ome.model.core.Channel,807
2024-10-11 09:24:56,347 INFO  [       ome.security.basic.CurrentDetails] (.Server-12) Adding log:INSERT,class ome.model.core.LogicalChannel,808
2024-10-11 09:24:56,347 INFO  [       ome.security.basic.CurrentDetails] (.Server-12) Adding log:INSERT,class ome.model.core.Channel,808
2024-10-11 09:24:56,348 INFO  [       ome.security.basic.CurrentDetails] (.Server-12) Adding log:INSERT,class ome.model.core.LogicalChannel,809
2024-10-11 09:24:56,348 INFO  [       ome.security.basic.CurrentDetails] (.Server-12) Adding log:INSERT,class ome.model.core.Channel,809
2024-10-11 09:24:56,348 INFO  [       ome.security.basic.CurrentDetails] (.Server-12) Adding log:INSERT,class ome.model.core.LogicalChannel,810
2024-10-11 09:24:56,349 INFO  [       ome.security.basic.CurrentDetails] (.Server-12) Adding log:INSERT,class ome.model.core.Channel,810
2024-10-11 09:24:56,349 INFO  [       ome.security.basic.CurrentDetails] (.Server-12) Adding log:INSERT,class ome.model.core.LogicalChannel,811
2024-10-11 09:24:56,350 INFO  [       ome.security.basic.CurrentDetails] (.Server-12) Adding log:INSERT,class ome.model.core.Channel,811
2024-10-11 09:24:56,350 INFO  [       ome.security.basic.CurrentDetails] (.Server-12) Adding log:INSERT,class ome.model.core.LogicalChannel,812
2024-10-11 09:24:56,351 INFO  [       ome.security.basic.CurrentDetails] (.Server-12) Adding log:INSERT,class ome.model.core.Channel,812
2024-10-11 09:24:56,351 INFO  [       ome.security.basic.CurrentDetails] (.Server-12) Adding log:INSERT,class ome.model.core.LogicalChannel,813
2024-10-11 09:24:56,352 INFO  [       ome.security.basic.CurrentDetails] (.Server-12) Adding log:INSERT,class ome.model.core.Channel,813
2024-10-11 09:24:56,352 INFO  [       ome.security.basic.CurrentDetails] (.Server-12) Adding log:INSERT,class ome.model.core.LogicalChannel,814
2024-10-11 09:24:56,353 INFO  [       ome.security.basic.CurrentDetails] (.Server-12) Adding log:INSERT,class ome.model.core.Channel,814
2024-10-11 09:24:56,365 INFO  [                 org.perf4j.TimingLogger] (.Server-12) start[1728638696298] time[66] tag[omero.saveImportGraph]
2024-10-11 09:24:56,377 INFO  [                 org.perf4j.TimingLogger] (.Server-12) start[1728638696294] time[82] tag[omero.call.success.ome.services.blitz.impl.MetadataStoreI$3.doWork]
2024-10-11 09:24:56,380 INFO  [                 org.perf4j.TimingLogger] (2-thread-1) start[1728638696282] time[98] tag[omero.import.request.metadata]
2024-10-11 09:24:56,382 INFO  [    ome.security.basic.BasicEventContext] (.Server-11)  cctx:	group=0
2024-10-11 09:24:56,393 INFO  [         ome.security.basic.EventHandler] (.Server-11)  Auth:	user=0,group=0,event=null(User),sess=83be404c-1957-46d4-a36b-f9feca68dcf3
2024-10-11 09:24:56,396 INFO  [                 org.perf4j.TimingLogger] (.Server-11) start[1728638696381] time[14] tag[omero.call.success.ome.logic.QueryImpl.get]
2024-10-11 09:24:56,399 INFO  [    ome.security.basic.BasicEventContext] (l.Server-9)  cctx:	group=0
2024-10-11 09:24:56,403 INFO  [         ome.security.basic.EventHandler] (l.Server-9)  Auth:	user=0,group=0,event=27959(User),sess=83be404c-1957-46d4-a36b-f9feca68dcf3
2024-10-11 09:24:56,405 INFO  [       ome.security.basic.CurrentDetails] (l.Server-9) Adding log:UPDATE,class ome.model.core.OriginalFile,3055
2024-10-11 09:24:56,410 INFO  [                 org.perf4j.TimingLogger] (l.Server-9) start[1728638696398] time[12] tag[omero.call.success.ome.logic.UpdateImpl.saveObject]
2024-10-11 09:24:56,410 INFO  [                 org.perf4j.TimingLogger] (2-thread-1) start[1728638696282] time[127] tag[omero.import.request.step]
2024-10-11 09:24:56,410 DEBUG [    o.s.blitz.repo.ManagedImportRequestI] (2-thread-1) Step 1
2024-10-11 09:24:56,411 DEBUG [    o.s.blitz.repo.ManagedImportRequestI] (2-thread-1) Plane:0 X:0 Y:0 TileWidth:2048 TileHeight:2048 arrayBuf.length:8388608
2024-10-11 09:24:56,533 DEBUG [    o.s.blitz.repo.ManagedImportRequestI] (2-thread-1) Plane:1 X:0 Y:0 TileWidth:2048 TileHeight:2048 arrayBuf.length:8388608
2024-10-11 09:24:56,596 DEBUG [    o.s.blitz.repo.ManagedImportRequestI] (2-thread-1) Plane:2 X:0 Y:0 TileWidth:2048 TileHeight:2048 arrayBuf.length:8388608
2024-10-11 09:24:56,659 DEBUG [    o.s.blitz.repo.ManagedImportRequestI] (2-thread-1) Plane:3 X:0 Y:0 TileWidth:2048 TileHeight:2048 arrayBuf.length:8388608
2024-10-11 09:24:56,795 DEBUG [    o.s.blitz.repo.ManagedImportRequestI] (2-thread-1) Plane:4 X:0 Y:0 TileWidth:2048 TileHeight:2048 arrayBuf.length:8388608
2024-10-11 09:24:56,866 DEBUG [    o.s.blitz.repo.ManagedImportRequestI] (2-thread-1) Plane:5 X:0 Y:0 TileWidth:2048 TileHeight:2048 arrayBuf.length:8388608
2024-10-11 09:24:56,920 DEBUG [    o.s.blitz.repo.ManagedImportRequestI] (2-thread-1) Plane:6 X:0 Y:0 TileWidth:2048 TileHeight:2048 arrayBuf.length:8388608
2024-10-11 09:24:56,984 DEBUG [    o.s.blitz.repo.ManagedImportRequestI] (2-thread-1) Plane:7 X:0 Y:0 TileWidth:2048 TileHeight:2048 arrayBuf.length:8388608
2024-10-11 09:24:57,035 DEBUG [    o.s.blitz.repo.ManagedImportRequestI] (2-thread-1) Plane:8 X:0 Y:0 TileWidth:2048 TileHeight:2048 arrayBuf.length:8388608
2024-10-11 09:24:57,099 DEBUG [    o.s.blitz.repo.ManagedImportRequestI] (2-thread-1) Plane:9 X:0 Y:0 TileWidth:2048 TileHeight:2048 arrayBuf.length:8388608
2024-10-11 09:24:57,169 DEBUG [    o.s.blitz.repo.ManagedImportRequestI] (2-thread-1) Plane:10 X:0 Y:0 TileWidth:2048 TileHeight:2048 arrayBuf.length:8388608
2024-10-11 09:24:57,225 DEBUG [    o.s.blitz.repo.ManagedImportRequestI] (2-thread-1) Plane:11 X:0 Y:0 TileWidth:2048 TileHeight:2048 arrayBuf.length:8388608
2024-10-11 09:24:57,286 DEBUG [    o.s.blitz.repo.ManagedImportRequestI] (2-thread-1) Plane:12 X:0 Y:0 TileWidth:2048 TileHeight:2048 arrayBuf.length:8388608
2024-10-11 09:24:57,364 DEBUG [    o.s.blitz.repo.ManagedImportRequestI] (2-thread-1) Plane:13 X:0 Y:0 TileWidth:2048 TileHeight:2048 arrayBuf.length:8388608
2024-10-11 09:24:57,426 DEBUG [    o.s.blitz.repo.ManagedImportRequestI] (2-thread-1) Plane:14 X:0 Y:0 TileWidth:2048 TileHeight:2048 arrayBuf.length:8388608
2024-10-11 09:24:57,490 DEBUG [    o.s.blitz.repo.ManagedImportRequestI] (2-thread-1) Plane:15 X:0 Y:0 TileWidth:2048 TileHeight:2048 arrayBuf.length:8388608
2024-10-11 09:24:57,544 DEBUG [    o.s.blitz.repo.ManagedImportRequestI] (2-thread-1) Plane:16 X:0 Y:0 TileWidth:2048 TileHeight:2048 arrayBuf.length:8388608
2024-10-11 09:24:57,612 DEBUG [    o.s.blitz.repo.ManagedImportRequestI] (2-thread-1) Plane:17 X:0 Y:0 TileWidth:2048 TileHeight:2048 arrayBuf.length:8388608
2024-10-11 09:24:57,687 DEBUG [    o.s.blitz.repo.ManagedImportRequestI] (2-thread-1) Plane:18 X:0 Y:0 TileWidth:2048 TileHeight:2048 arrayBuf.length:8388608
2024-10-11 09:24:57,742 DEBUG [    o.s.blitz.repo.ManagedImportRequestI] (2-thread-1) Plane:19 X:0 Y:0 TileWidth:2048 TileHeight:2048 arrayBuf.length:8388608
2024-10-11 09:24:57,812 DEBUG [    o.s.blitz.repo.ManagedImportRequestI] (2-thread-1) Plane:20 X:0 Y:0 TileWidth:2048 TileHeight:2048 arrayBuf.length:8388608
2024-10-11 09:24:57,876 DEBUG [    o.s.blitz.repo.ManagedImportRequestI] (2-thread-1) Plane:21 X:0 Y:0 TileWidth:2048 TileHeight:2048 arrayBuf.length:8388608
2024-10-11 09:24:57,966 DEBUG [    o.s.blitz.repo.ManagedImportRequestI] (2-thread-1) Plane:22 X:0 Y:0 TileWidth:2048 TileHeight:2048 arrayBuf.length:8388608
2024-10-11 09:24:58,017 DEBUG [    o.s.blitz.repo.ManagedImportRequestI] (2-thread-1) Plane:23 X:0 Y:0 TileWidth:2048 TileHeight:2048 arrayBuf.length:8388608
2024-10-11 09:24:58,096 DEBUG [    o.s.blitz.repo.ManagedImportRequestI] (2-thread-1) Plane:24 X:0 Y:0 TileWidth:2048 TileHeight:2048 arrayBuf.length:8388608
2024-10-11 09:24:58,153 DEBUG [    o.s.blitz.repo.ManagedImportRequestI] (2-thread-1) Plane:25 X:0 Y:0 TileWidth:2048 TileHeight:2048 arrayBuf.length:8388608
2024-10-11 09:24:58,212 DEBUG [    o.s.blitz.repo.ManagedImportRequestI] (2-thread-1) Plane:26 X:0 Y:0 TileWidth:2048 TileHeight:2048 arrayBuf.length:8388608
2024-10-11 09:24:58,289 DEBUG [    o.s.blitz.repo.ManagedImportRequestI] (2-thread-1) Plane:27 X:0 Y:0 TileWidth:2048 TileHeight:2048 arrayBuf.length:8388608
2024-10-11 09:24:58,365 DEBUG [    o.s.blitz.repo.ManagedImportRequestI] (2-thread-1) Plane:28 X:0 Y:0 TileWidth:2048 TileHeight:2048 arrayBuf.length:8388608
2024-10-11 09:24:58,424 DEBUG [    o.s.blitz.repo.ManagedImportRequestI] (2-thread-1) Plane:29 X:0 Y:0 TileWidth:2048 TileHeight:2048 arrayBuf.length:8388608
2024-10-11 09:24:58,485 DEBUG [    o.s.blitz.repo.ManagedImportRequestI] (2-thread-1) Plane:30 X:0 Y:0 TileWidth:2048 TileHeight:2048 arrayBuf.length:8388608
2024-10-11 09:24:58,578 DEBUG [    o.s.blitz.repo.ManagedImportRequestI] (2-thread-1) Plane:31 X:0 Y:0 TileWidth:2048 TileHeight:2048 arrayBuf.length:8388608
2024-10-11 09:24:58,638 DEBUG [    o.s.blitz.repo.ManagedImportRequestI] (2-thread-1) Plane:32 X:0 Y:0 TileWidth:2048 TileHeight:2048 arrayBuf.length:8388608
2024-10-11 09:24:58,696 DEBUG [    o.s.blitz.repo.ManagedImportRequestI] (2-thread-1) Plane:33 X:0 Y:0 TileWidth:2048 TileHeight:2048 arrayBuf.length:8388608
2024-10-11 09:24:58,807 DEBUG [    o.s.blitz.repo.ManagedImportRequestI] (2-thread-1) Plane:34 X:0 Y:0 TileWidth:2048 TileHeight:2048 arrayBuf.length:8388608
2024-10-11 09:24:58,873 DEBUG [    o.s.blitz.repo.ManagedImportRequestI] (2-thread-1) Plane:35 X:0 Y:0 TileWidth:2048 TileHeight:2048 arrayBuf.length:8388608
2024-10-11 09:24:58,952 DEBUG [    o.s.blitz.repo.ManagedImportRequestI] (2-thread-1) Plane:36 X:0 Y:0 TileWidth:2048 TileHeight:2048 arrayBuf.length:8388608
2024-10-11 09:24:59,018 DEBUG [    o.s.blitz.repo.ManagedImportRequestI] (2-thread-1) Plane:37 X:0 Y:0 TileWidth:2048 TileHeight:2048 arrayBuf.length:8388608
2024-10-11 09:24:59,074 DEBUG [    o.s.blitz.repo.ManagedImportRequestI] (2-thread-1) Plane:38 X:0 Y:0 TileWidth:2048 TileHeight:2048 arrayBuf.length:8388608
2024-10-11 09:24:59,133 DEBUG [    o.s.blitz.repo.ManagedImportRequestI] (2-thread-1) Plane:39 X:0 Y:0 TileWidth:2048 TileHeight:2048 arrayBuf.length:8388608
2024-10-11 09:24:59,198 DEBUG [    o.s.blitz.repo.ManagedImportRequestI] (2-thread-1) Plane:40 X:0 Y:0 TileWidth:2048 TileHeight:2048 arrayBuf.length:8388608
2024-10-11 09:24:59,266 DEBUG [    o.s.blitz.repo.ManagedImportRequestI] (2-thread-1) Plane:41 X:0 Y:0 TileWidth:2048 TileHeight:2048 arrayBuf.length:8388608
2024-10-11 09:24:59,312 DEBUG [    o.s.blitz.repo.ManagedImportRequestI] (2-thread-1) Plane:42 X:0 Y:0 TileWidth:2048 TileHeight:2048 arrayBuf.length:8388608
2024-10-11 09:24:59,403 DEBUG [    o.s.blitz.repo.ManagedImportRequestI] (2-thread-1) Plane:43 X:0 Y:0 TileWidth:2048 TileHeight:2048 arrayBuf.length:8388608
2024-10-11 09:24:59,489 INFO  [    ome.security.basic.BasicEventContext] (.Server-11)  cctx:	group=0
2024-10-11 09:24:59,497 INFO  [         ome.security.basic.EventHandler] (.Server-11)  Auth:	user=0,group=0,event=28023(User),sess=83be404c-1957-46d4-a36b-f9feca68dcf3
2024-10-11 09:24:59,980 INFO  [                 org.perf4j.TimingLogger] (.Server-11) start[1728638699487] time[492] tag[omero.call.success.ome.services.blitz.impl.MetadataStoreI$7.doWork]
2024-10-11 09:24:59,985 INFO  [    ome.security.basic.BasicEventContext] (l.Server-4)  cctx:	group=0
2024-10-11 09:24:59,990 INFO  [         ome.security.basic.EventHandler] (l.Server-4)  Auth:	user=0,group=0,event=28025(User),sess=83be404c-1957-46d4-a36b-f9feca68dcf3
2024-10-11 09:25:00,209 INFO  [       ome.security.basic.CurrentDetails] (l.Server-4) Adding log:UPDATE,class ome.model.core.Pixels,206
2024-10-11 09:25:00,219 INFO  [                 org.perf4j.TimingLogger] (l.Server-4) start[1728638699984] time[235] tag[omero.call.success.ome.logic.UpdateImpl.saveArray]
2024-10-11 09:25:00,222 INFO  [    ome.security.basic.BasicEventContext] (.Server-11)  cctx:	group=0
2024-10-11 09:25:00,227 INFO  [         ome.security.basic.EventHandler] (.Server-11)  Auth:	user=0,group=0,event=28028(User),sess=83be404c-1957-46d4-a36b-f9feca68dcf3
2024-10-11 09:25:00,269 INFO  [                 org.perf4j.TimingLogger] (.Server-11) start[1728638700221] time[48] tag[omero.call.success.ome.services.blitz.impl.MetadataStoreI$2.doWork]
2024-10-11 09:25:00,269 INFO  [                 org.perf4j.TimingLogger] (2-thread-1) start[1728638696410] time[3858] tag[omero.import.request.pixels]
2024-10-11 09:25:00,271 INFO  [    ome.security.basic.BasicEventContext] (l.Server-4)  cctx:	group=0
2024-10-11 09:25:00,272 INFO  [         ome.security.basic.EventHandler] (l.Server-4)  Auth:	user=0,group=0,event=null(User),sess=83be404c-1957-46d4-a36b-f9feca68dcf3
2024-10-11 09:25:00,273 INFO  [                 org.perf4j.TimingLogger] (l.Server-4) start[1728638700270] time[3] tag[omero.call.success.ome.logic.QueryImpl.get]
2024-10-11 09:25:00,275 INFO  [    ome.security.basic.BasicEventContext] (.Server-14)  cctx:	group=0
2024-10-11 09:25:00,285 INFO  [         ome.security.basic.EventHandler] (.Server-14)  Auth:	user=0,group=0,event=28033(User),sess=83be404c-1957-46d4-a36b-f9feca68dcf3
2024-10-11 09:25:00,288 INFO  [       ome.security.basic.CurrentDetails] (.Server-14) Adding log:UPDATE,class ome.model.core.OriginalFile,3055
2024-10-11 09:25:00,293 INFO  [                 org.perf4j.TimingLogger] (.Server-14) start[1728638700274] time[18] tag[omero.call.success.ome.logic.UpdateImpl.saveObject]
2024-10-11 09:25:00,293 INFO  [                 org.perf4j.TimingLogger] (2-thread-1) start[1728638696410] time[3883] tag[omero.import.request.step]
2024-10-11 09:25:00,293 DEBUG [    o.s.blitz.repo.ManagedImportRequestI] (2-thread-1) Step 2
2024-10-11 09:25:00,295 INFO  [    ome.security.basic.BasicEventContext] (.Server-15)  cctx:	group=0
2024-10-11 09:25:00,299 INFO  [         ome.security.basic.EventHandler] (.Server-15)  Auth:	user=0,group=0,event=28034(User),sess=83be404c-1957-46d4-a36b-f9feca68dcf3
2024-10-11 09:25:00,304 INFO  [                 org.perf4j.TimingLogger] (.Server-15) start[1728638700299] time[4] tag[omero.loadPixels]
2024-10-11 09:25:00,310 INFO  [                 org.perf4j.TimingLogger] (.Server-15) start[1728638700306] time[4] tag[omero.loadRenderingSettingsByUser]
2024-10-11 09:25:00,334 DEBUG [                   loci.formats.Memoizer] (.Server-15) start[1728638700315] time[19] tag[loci.formats.Memoizer.loadMemo]
2024-10-11 09:25:00,369 INFO  [                loci.formats.ImageReader] (.Server-15) IonpathMIBITiffReader initializing /OMERO/ManagedRepository/root_0/2024-10/11/09-24-55.370/TA459_multipleCores2_Run-4_Point36.tiff
2024-10-11 09:25:00,369 INFO  [       loci.formats.in.MinimalTiffReader] (.Server-15) Reading IFDs
2024-10-11 09:25:00,371 INFO  [       loci.formats.in.MinimalTiffReader] (.Server-15) Populating metadata
2024-10-11 09:25:00,374 INFO  [          loci.formats.in.BaseTiffReader] (.Server-15) Populating OME metadata
2024-10-11 09:25:00,388 DEBUG [                   loci.formats.Memoizer] (.Server-15) saved to temp file: /OMERO/BioFormatsCache/OMERO/ManagedRepository/root_0/2024-10/11/09-24-55.370/.TA459_multipleCores2_Run-4_Point36.tiff.bfmemo16365406559503640175
2024-10-11 09:25:00,388 DEBUG [                   loci.formats.Memoizer] (.Server-15) start[1728638700383] time[5] tag[loci.formats.Memoizer.saveMemo]
2024-10-11 09:25:00,388 DEBUG [                   loci.formats.Memoizer] (.Server-15) saved memo file: /OMERO/BioFormatsCache/OMERO/ManagedRepository/root_0/2024-10/11/09-24-55.370/.TA459_multipleCores2_Run-4_Point36.tiff.bfmemo (50729 bytes)
2024-10-11 09:25:00,389 DEBUG [                   loci.formats.Memoizer] (.Server-15) start[1728638700314] time[74] tag[loci.formats.Memoizer.setId]
2024-10-11 09:25:00,421 INFO  [       ome.security.basic.CurrentDetails] (.Server-15) Adding log:INSERT,class ome.model.display.QuantumDef,206
2024-10-11 09:25:00,421 INFO  [       ome.security.basic.CurrentDetails] (.Server-15) Adding log:INSERT,class ome.model.display.RenderingDef,206
2024-10-11 09:25:00,422 INFO  [       ome.security.basic.CurrentDetails] (.Server-15) Adding log:INSERT,class ome.model.display.ChannelBinding,771
2024-10-11 09:25:00,422 INFO  [       ome.security.basic.CurrentDetails] (.Server-15) Adding log:INSERT,class ome.model.display.ChannelBinding,772
2024-10-11 09:25:00,422 INFO  [       ome.security.basic.CurrentDetails] (.Server-15) Adding log:INSERT,class ome.model.display.ChannelBinding,773
2024-10-11 09:25:00,422 INFO  [       ome.security.basic.CurrentDetails] (.Server-15) Adding log:INSERT,class ome.model.display.ChannelBinding,774
2024-10-11 09:25:00,423 INFO  [       ome.security.basic.CurrentDetails] (.Server-15) Adding log:INSERT,class ome.model.display.ChannelBinding,775
2024-10-11 09:25:00,423 INFO  [       ome.security.basic.CurrentDetails] (.Server-15) Adding log:INSERT,class ome.model.display.ChannelBinding,776
2024-10-11 09:25:00,423 INFO  [       ome.security.basic.CurrentDetails] (.Server-15) Adding log:INSERT,class ome.model.display.ChannelBinding,777
2024-10-11 09:25:00,424 INFO  [       ome.security.basic.CurrentDetails] (.Server-15) Adding log:INSERT,class ome.model.display.ChannelBinding,778
2024-10-11 09:25:00,424 INFO  [       ome.security.basic.CurrentDetails] (.Server-15) Adding log:INSERT,class ome.model.display.ChannelBinding,779
2024-10-11 09:25:00,424 INFO  [       ome.security.basic.CurrentDetails] (.Server-15) Adding log:INSERT,class ome.model.display.ChannelBinding,780
2024-10-11 09:25:00,425 INFO  [       ome.security.basic.CurrentDetails] (.Server-15) Adding log:INSERT,class ome.model.display.ChannelBinding,781
2024-10-11 09:25:00,426 INFO  [       ome.security.basic.CurrentDetails] (.Server-15) Adding log:INSERT,class ome.model.display.ChannelBinding,782
2024-10-11 09:25:00,426 INFO  [       ome.security.basic.CurrentDetails] (.Server-15) Adding log:INSERT,class ome.model.display.ChannelBinding,783
2024-10-11 09:25:00,426 INFO  [       ome.security.basic.CurrentDetails] (.Server-15) Adding log:INSERT,class ome.model.display.ChannelBinding,784
2024-10-11 09:25:00,427 INFO  [       ome.security.basic.CurrentDetails] (.Server-15) Adding log:INSERT,class ome.model.display.ChannelBinding,785
2024-10-11 09:25:00,427 INFO  [       ome.security.basic.CurrentDetails] (.Server-15) Adding log:INSERT,class ome.model.display.ChannelBinding,786
2024-10-11 09:25:00,427 INFO  [       ome.security.basic.CurrentDetails] (.Server-15) Adding log:INSERT,class ome.model.display.ChannelBinding,787
2024-10-11 09:25:00,427 INFO  [       ome.security.basic.CurrentDetails] (.Server-15) Adding log:INSERT,class ome.model.display.ChannelBinding,788
2024-10-11 09:25:00,427 INFO  [       ome.security.basic.CurrentDetails] (.Server-15) Adding log:INSERT,class ome.model.display.ChannelBinding,789
2024-10-11 09:25:00,428 INFO  [       ome.security.basic.CurrentDetails] (.Server-15) Adding log:INSERT,class ome.model.display.ChannelBinding,790
2024-10-11 09:25:00,428 INFO  [       ome.security.basic.CurrentDetails] (.Server-15) Adding log:INSERT,class ome.model.display.ChannelBinding,791
2024-10-11 09:25:00,428 INFO  [       ome.security.basic.CurrentDetails] (.Server-15) Adding log:INSERT,class ome.model.display.ChannelBinding,792
2024-10-11 09:25:00,429 INFO  [       ome.security.basic.CurrentDetails] (.Server-15) Adding log:INSERT,class ome.model.display.ChannelBinding,793
2024-10-11 09:25:00,429 INFO  [       ome.security.basic.CurrentDetails] (.Server-15) Adding log:INSERT,class ome.model.display.ChannelBinding,794
2024-10-11 09:25:00,430 INFO  [       ome.security.basic.CurrentDetails] (.Server-15) Adding log:INSERT,class ome.model.display.ChannelBinding,795
2024-10-11 09:25:00,430 INFO  [       ome.security.basic.CurrentDetails] (.Server-15) Adding log:INSERT,class ome.model.display.ChannelBinding,796
2024-10-11 09:25:00,430 INFO  [       ome.security.basic.CurrentDetails] (.Server-15) Adding log:INSERT,class ome.model.display.ChannelBinding,797
2024-10-11 09:25:00,431 INFO  [       ome.security.basic.CurrentDetails] (.Server-15) Adding log:INSERT,class ome.model.display.ChannelBinding,798
2024-10-11 09:25:00,431 INFO  [       ome.security.basic.CurrentDetails] (.Server-15) Adding log:INSERT,class ome.model.display.ChannelBinding,799
2024-10-11 09:25:00,431 INFO  [       ome.security.basic.CurrentDetails] (.Server-15) Adding log:INSERT,class ome.model.display.ChannelBinding,800
2024-10-11 09:25:00,431 INFO  [       ome.security.basic.CurrentDetails] (.Server-15) Adding log:INSERT,class ome.model.display.ChannelBinding,801
2024-10-11 09:25:00,432 INFO  [       ome.security.basic.CurrentDetails] (.Server-15) Adding log:INSERT,class ome.model.display.ChannelBinding,802
2024-10-11 09:25:00,432 INFO  [       ome.security.basic.CurrentDetails] (.Server-15) Adding log:INSERT,class ome.model.display.ChannelBinding,803
2024-10-11 09:25:00,432 INFO  [       ome.security.basic.CurrentDetails] (.Server-15) Adding log:INSERT,class ome.model.display.ChannelBinding,804
2024-10-11 09:25:00,433 INFO  [       ome.security.basic.CurrentDetails] (.Server-15) Adding log:INSERT,class ome.model.display.ChannelBinding,805
2024-10-11 09:25:00,433 INFO  [       ome.security.basic.CurrentDetails] (.Server-15) Adding log:INSERT,class ome.model.display.ChannelBinding,806
2024-10-11 09:25:00,433 INFO  [       ome.security.basic.CurrentDetails] (.Server-15) Adding log:INSERT,class ome.model.display.ChannelBinding,807
2024-10-11 09:25:00,433 INFO  [       ome.security.basic.CurrentDetails] (.Server-15) Adding log:INSERT,class ome.model.display.ChannelBinding,808
2024-10-11 09:25:00,434 INFO  [       ome.security.basic.CurrentDetails] (.Server-15) Adding log:INSERT,class ome.model.display.ChannelBinding,809
2024-10-11 09:25:00,434 INFO  [       ome.security.basic.CurrentDetails] (.Server-15) Adding log:INSERT,class ome.model.display.ChannelBinding,810
2024-10-11 09:25:00,435 INFO  [       ome.security.basic.CurrentDetails] (.Server-15) Adding log:INSERT,class ome.model.display.ChannelBinding,811
2024-10-11 09:25:00,435 INFO  [       ome.security.basic.CurrentDetails] (.Server-15) Adding log:INSERT,class ome.model.display.ChannelBinding,812
2024-10-11 09:25:00,436 INFO  [       ome.security.basic.CurrentDetails] (.Server-15) Adding log:INSERT,class ome.model.display.ChannelBinding,813
2024-10-11 09:25:00,436 INFO  [       ome.security.basic.CurrentDetails] (.Server-15) Adding log:INSERT,class ome.model.display.ChannelBinding,814
2024-10-11 09:25:00,448 INFO  [                 org.perf4j.TimingLogger] (.Server-15) start[1728638700404] time[44] tag[omero.resetDefaultsInSet.saveAndReturn]
2024-10-11 09:25:00,449 INFO  [                 org.perf4j.TimingLogger] (.Server-15) start[1728638700299] time[149] tag[omero.resetDefaultsInSet]
2024-10-11 09:25:00,458 INFO  [                 org.perf4j.TimingLogger] (.Server-15) start[1728638700294] time[163] tag[omero.call.success.ome.logic.RenderingSettingsImpl.resetDefaultsInSet]
2024-10-11 09:25:00,459 INFO  [    ome.security.basic.BasicEventContext] (.Server-12)  cctx:	group=0
2024-10-11 09:25:00,462 INFO  [         ome.security.basic.EventHandler] (.Server-12)  Auth:	user=0,group=0,event=28038(User),sess=83be404c-1957-46d4-a36b-f9feca68dcf3
2024-10-11 09:25:00,464 INFO  [                 org.perf4j.TimingLogger] (.Server-12) start[1728638700462] time[2] tag[omero.bulkLoadRenderingSettings]
2024-10-11 09:25:00,465 INFO  [                 org.perf4j.TimingLogger] (.Server-12) start[1728638700465] time[0] tag[omero.createAndPrepareMissingRenderingSettings]
2024-10-11 09:25:00,467 INFO  [                 org.perf4j.TimingLogger] (.Server-12) start[1728638700465] time[2] tag[omero.bulkLoadMetadata]
2024-10-11 09:25:00,468 INFO  [                 org.perf4j.TimingLogger] (.Server-12) start[1728638700465] time[3] tag[omero.loadMetadataByDimensionPool]
2024-10-11 09:25:00,470 INFO  [       ome.security.basic.CurrentDetails] (.Server-12) Adding log:INSERT,class ome.model.display.Thumbnail,206
2024-10-11 09:25:00,471 INFO  [                 org.perf4j.TimingLogger] (.Server-12) start[1728638700470] time[0] tag[omero.bulkLoadMetadata]
2024-10-11 09:25:00,471 INFO  [                 org.perf4j.TimingLogger] (.Server-12) start[1728638700470] time[0] tag[omero.loadMetadataByDimensionPool]
2024-10-11 09:25:00,471 INFO  [                 org.perf4j.TimingLogger] (.Server-12) start[1728638700468] time[2] tag[omero.createMissingThumbnailMetadata]
2024-10-11 09:25:00,472 INFO  [    ome.security.basic.BasicEventContext] (.Server-12)  cctx:	group=0
2024-10-11 09:25:00,475 INFO  [         ome.security.basic.EventHandler] (.Server-12)  Auth:	user=0,group=0,event=28041(User),sess=83be404c-1957-46d4-a36b-f9feca68dcf3
2024-10-11 09:25:00,475 INFO  [                 org.perf4j.TimingLogger] (.Server-12) start[1728638700475] time[0] tag[omero._createThumbnail(thumbMetaData)]
2024-10-11 09:25:00,506 DEBUG [                   loci.formats.Memoizer] (.Server-12) loaded memo file: /OMERO/BioFormatsCache/OMERO/ManagedRepository/root_0/2024-10/11/09-24-55.370/.TA459_multipleCores2_Run-4_Point36.tiff.bfmemo (50729 bytes)
2024-10-11 09:25:00,506 DEBUG [                   loci.formats.Memoizer] (.Server-12) start[1728638700489] time[16] tag[loci.formats.Memoizer.loadMemo]
2024-10-11 09:25:00,506 DEBUG [                   loci.formats.Memoizer] (.Server-12) start[1728638700489] time[17] tag[loci.formats.Memoizer.setId]
2024-10-11 09:25:00,600 INFO  [       ome.logic.JavaImageScalingService] (.Server-12) Scaling to: 96x96
2024-10-11 09:25:00,631 INFO  [                 org.perf4j.TimingLogger] (.Server-12) start[1728638700600] time[30] tag[java-image-scaling.resampleOp]
2024-10-11 09:25:00,632 INFO  [                 org.perf4j.TimingLogger] (.Server-12) start[1728638700475] time[156] tag[omero._createThumbnail]
2024-10-11 09:25:00,639 INFO  [                 org.perf4j.TimingLogger] (.Server-12) start[1728638700459] time[180] tag[omero.call.success.ome.services.ThumbnailBean.createThumbnailsByLongestSideSet]
2024-10-11 09:25:00,639 INFO  [                 org.perf4j.TimingLogger] (2-thread-1) start[1728638700293] time[345] tag[omero.import.request.thumbs]
2024-10-11 09:25:00,640 INFO  [    ome.security.basic.BasicEventContext] (l.Server-9)  cctx:	group=0
2024-10-11 09:25:00,642 INFO  [         ome.security.basic.EventHandler] (l.Server-9)  Auth:	user=0,group=0,event=null(User),sess=83be404c-1957-46d4-a36b-f9feca68dcf3
2024-10-11 09:25:00,643 INFO  [                 org.perf4j.TimingLogger] (l.Server-9) start[1728638700640] time[3] tag[omero.call.success.ome.logic.QueryImpl.get]
2024-10-11 09:25:00,645 INFO  [    ome.security.basic.BasicEventContext] (.Server-13)  cctx:	group=0
2024-10-11 09:25:00,667 INFO  [         ome.security.basic.EventHandler] (.Server-13)  Auth:	user=0,group=0,event=28044(User),sess=83be404c-1957-46d4-a36b-f9feca68dcf3
2024-10-11 09:25:00,671 INFO  [       ome.security.basic.CurrentDetails] (.Server-13) Adding log:UPDATE,class ome.model.core.OriginalFile,3055
2024-10-11 09:25:00,677 INFO  [                 org.perf4j.TimingLogger] (.Server-13) start[1728638700644] time[33] tag[omero.call.success.ome.logic.UpdateImpl.saveObject]
2024-10-11 09:25:00,678 INFO  [                 org.perf4j.TimingLogger] (2-thread-1) start[1728638700293] time[384] tag[omero.import.request.step]
2024-10-11 09:25:00,678 DEBUG [    o.s.blitz.repo.ManagedImportRequestI] (2-thread-1) Step 3
2024-10-11 09:25:00,679 INFO  [    ome.security.basic.BasicEventContext] (.Server-14)  cctx:	group=0
2024-10-11 09:25:00,681 INFO  [         ome.security.basic.EventHandler] (.Server-14)  Auth:	user=0,group=0,event=null(User),sess=83be404c-1957-46d4-a36b-f9feca68dcf3
2024-10-11 09:25:00,682 INFO  [                 org.perf4j.TimingLogger] (.Server-14) start[1728638700678] time[4] tag[omero.call.success.ome.services.blitz.impl.MetadataStoreI$6.doWork]
2024-10-11 09:25:00,685 INFO  [    ome.security.basic.BasicEventContext] (.Server-11)  cctx:	group=0
2024-10-11 09:25:00,687 INFO  [         ome.security.basic.EventHandler] (.Server-11)  Auth:	user=0,group=0,event=null(User),sess=83be404c-1957-46d4-a36b-f9feca68dcf3
2024-10-11 09:25:00,689 INFO  [                 org.perf4j.TimingLogger] (.Server-11) start[1728638700684] time[4] tag[omero.call.success.ome.logic.QueryImpl.get]
2024-10-11 09:25:00,692 INFO  [    ome.security.basic.BasicEventContext] (.Server-15)  cctx:	group=0
2024-10-11 09:25:00,697 INFO  [         ome.security.basic.EventHandler] (.Server-15)  Auth:	user=0,group=0,event=28045(User),sess=83be404c-1957-46d4-a36b-f9feca68dcf3
2024-10-11 09:25:00,699 INFO  [       ome.security.basic.CurrentDetails] (.Server-15) Adding log:UPDATE,class ome.model.core.OriginalFile,3055
2024-10-11 09:25:00,703 INFO  [                 org.perf4j.TimingLogger] (.Server-15) start[1728638700691] time[12] tag[omero.call.success.ome.logic.UpdateImpl.saveObject]
2024-10-11 09:25:00,703 INFO  [                 org.perf4j.TimingLogger] (2-thread-1) start[1728638700678] time[25] tag[omero.import.request.step]
2024-10-11 09:25:00,704 DEBUG [    o.s.blitz.repo.ManagedImportRequestI] (2-thread-1) Step 4
2024-10-11 09:25:00,705 INFO  [    ome.security.basic.BasicEventContext] (.Server-14)  cctx:	group=0
2024-10-11 09:25:00,706 INFO  [         ome.security.basic.EventHandler] (.Server-14)  Auth:	user=0,group=0,event=null(User),sess=83be404c-1957-46d4-a36b-f9feca68dcf3
2024-10-11 09:25:00,708 INFO  [                 org.perf4j.TimingLogger] (.Server-14) start[1728638700704] time[3] tag[omero.call.success.ome.logic.QueryImpl.get]
2024-10-11 09:25:00,709 INFO  [    ome.security.basic.BasicEventContext] (.Server-11)  cctx:	group=0
2024-10-11 09:25:00,713 INFO  [         ome.security.basic.EventHandler] (.Server-11)  Auth:	user=0,group=0,event=28048(User),sess=83be404c-1957-46d4-a36b-f9feca68dcf3
2024-10-11 09:25:00,715 INFO  [       ome.security.basic.CurrentDetails] (.Server-11) Adding log:UPDATE,class ome.model.core.OriginalFile,3055
2024-10-11 09:25:00,720 INFO  [                 org.perf4j.TimingLogger] (.Server-11) start[1728638700709] time[11] tag[omero.call.success.ome.logic.UpdateImpl.saveObject]
2024-10-11 09:25:00,720 INFO  [                 org.perf4j.TimingLogger] (2-thread-1) start[1728638700704] time[16] tag[omero.import.request.step]
2024-10-11 09:25:00,726 INFO  [    ome.security.basic.BasicEventContext] (l.Server-4)  cctx:	group=0
2024-10-11 09:25:00,730 INFO  [         ome.security.basic.EventHandler] (l.Server-4)  Auth:	user=0,group=0,event=28049(User),sess=83be404c-1957-46d4-a36b-f9feca68dcf3
2024-10-11 09:25:00,734 INFO  [                 org.perf4j.TimingLogger] (l.Server-4) start[1728638700725] time[8] tag[omero.call.success.ome.services.RawFileBean.close]
2024-10-11 09:25:00,734 DEBUG [                omero.util.ServantHolder] (l.Server-4) Removed omero.api._RawFileStoreTie@1fa17fa8 from omero.util.ServantHolder@149b3864 as ca7ab4a7-11a9-4e75-b205-e71dd3202021omero.api.RawFileStore
2024-10-11 09:25:00,734 INFO  [                      omero.cmd.SessionI] (l.Server-4) Unregistered servant:83be404c-1957-46d4-a36b-f9feca68dcf3/ca7ab4a7-11a9-4e75-b205-e71dd3202021omero.api.RawFileStore(omero.api._RawFileStoreTie@1fa17fa8)
2024-10-11 09:25:00,736 INFO  [    ome.security.basic.BasicEventContext] (.Server-12)  cctx:	group=0
2024-10-11 09:25:00,740 INFO  [         ome.security.basic.EventHandler] (.Server-12)  Auth:	user=0,group=0,event=28050(User),sess=83be404c-1957-46d4-a36b-f9feca68dcf3
2024-10-11 09:25:00,743 INFO  [                 org.perf4j.TimingLogger] (.Server-12) start[1728638700734] time[8] tag[omero.call.success.ome.services.RawPixelsBean.close]
2024-10-11 09:25:00,743 DEBUG [                omero.util.ServantHolder] (.Server-12) Removed omero.api._RawPixelsStoreTie@8ace9a51 from omero.util.ServantHolder@149b3864 as ddf7b460-bcc1-4518-8ecc-f43bc66f63d2omero.api.RawPixelsStore
2024-10-11 09:25:00,743 INFO  [                      omero.cmd.SessionI] (.Server-12) Unregistered servant:83be404c-1957-46d4-a36b-f9feca68dcf3/ddf7b460-bcc1-4518-8ecc-f43bc66f63d2omero.api.RawPixelsStore(omero.api._RawPixelsStoreTie@8ace9a51)
2024-10-11 09:25:00,745 INFO  [    ome.security.basic.BasicEventContext] (.Server-14)  cctx:	group=0
2024-10-11 09:25:00,746 INFO  [         ome.security.basic.EventHandler] (.Server-14)  Auth:	user=0,group=0,event=null(User),sess=83be404c-1957-46d4-a36b-f9feca68dcf3
2024-10-11 09:25:00,747 INFO  [                 org.perf4j.TimingLogger] (.Server-14) start[1728638700744] time[2] tag[omero.call.success.ome.services.ThumbnailBean.close]
2024-10-11 09:25:00,747 DEBUG [                omero.util.ServantHolder] (.Server-14) Removed omero.api._ThumbnailStoreTie@823ea9f3 from omero.util.ServantHolder@149b3864 as af6ebef4-5ecf-4690-8367-27787d248d59omero.api.ThumbnailStore
2024-10-11 09:25:00,747 INFO  [                      omero.cmd.SessionI] (.Server-14) Unregistered servant:83be404c-1957-46d4-a36b-f9feca68dcf3/af6ebef4-5ecf-4690-8367-27787d248d59omero.api.ThumbnailStore(omero.api._ThumbnailStoreTie@823ea9f3)
2024-10-11 09:25:00,747 DEBUG [                omero.util.ServantHolder] (.Server-11) Removed omero.api._MetadataStoreTie@75047f52 from omero.util.ServantHolder@149b3864 as b0238421-1105-412f-b74d-2fd395e33865omero.api.MetadataStore
2024-10-11 09:25:00,747 INFO  [                      omero.cmd.SessionI] (.Server-11) Unregistered servant:83be404c-1957-46d4-a36b-f9feca68dcf3/b0238421-1105-412f-b74d-2fd395e33865omero.api.MetadataStore(omero.api._MetadataStoreTie@75047f52)
2024-10-11 09:25:00,748 INFO  [    o.s.blitz.repo.ManagedImportRequestI] (2-thread-1) Cleaning up import.
2024-10-11 09:25:00,753 INFO  [         ome.security.basic.EventHandler] (.Server-10)  Auth:	user=0,group=0,event=null(User),sess=83be404c-1957-46d4-a36b-f9feca68dcf3
2024-10-11 09:25:00,755 INFO  [                 org.perf4j.TimingLogger] (.Server-10) start[1728638700751] time[3] tag[omero.call.success.ome.logic.QueryImpl.get]
2024-10-11 09:25:00,762 INFO  [         ome.security.basic.EventHandler] (.Server-12)  Auth:	user=0,group=0,event=28052(User),sess=83be404c-1957-46d4-a36b-f9feca68dcf3
2024-10-11 09:25:00,765 INFO  [       ome.security.basic.CurrentDetails] (.Server-12) Adding log:UPDATE,class ome.model.core.OriginalFile,3055
2024-10-11 09:25:00,771 INFO  [                 org.perf4j.TimingLogger] (.Server-12) start[1728638700758] time[12] tag[omero.call.success.ome.logic.UpdateImpl.saveObject]
