2024-10-11 09:24:51,221 INFO  [                 org.perf4j.TimingLogger] (l.Server-4) start[1728638691191] time[29] tag[omero.import.process.init]
2024-10-11 09:24:51,231 INFO  [         ome.security.basic.EventHandler] (l.Server-4)  Auth:	user=0,group=0,event=27873(User),sess=83be404c-1957-46d4-a36b-f9feca68dcf3
2024-10-11 09:24:51,236 INFO  [       ome.security.basic.CurrentDetails] (l.Server-4) Adding log:INSERT,class ome.model.jobs.UploadJob,3048
2024-10-11 09:24:51,237 INFO  [       ome.security.basic.CurrentDetails] (l.Server-4) Adding log:INSERT,class ome.model.jobs.JobOriginalFileLink,4877
2024-10-11 09:24:51,324 INFO  [       ome.security.basic.CurrentDetails] (l.Server-4) Adding log:INSERT,class ome.model.jobs.MetadataImportJob,3049
2024-10-11 09:24:51,344 INFO  [       ome.security.basic.CurrentDetails] (l.Server-4) Adding log:INSERT,class ome.model.jobs.PixelDataJob,3050
2024-10-11 09:24:51,354 INFO  [       ome.security.basic.CurrentDetails] (l.Server-4) Adding log:INSERT,class ome.model.jobs.ThumbnailGenerationJob,3051
2024-10-11 09:24:51,363 INFO  [       ome.security.basic.CurrentDetails] (l.Server-4) Adding log:INSERT,class ome.model.jobs.IndexingJob,3052
2024-10-11 09:24:51,372 INFO  [                 org.perf4j.TimingLogger] (l.Server-4) start[1728638691372] time[0] tag[omero.repo.internal_register.find_repo_files]
2024-10-11 09:24:51,377 INFO  [       ome.security.basic.CurrentDetails] (l.Server-4) Adding log:INSERT,class ome.model.core.OriginalFile,3047
2024-10-11 09:24:51,378 INFO  [                 org.perf4j.TimingLogger] (l.Server-4) start[1728638691374] time[3] tag[omero.repo.create_original_file.save]
2024-10-11 09:24:51,378 INFO  [                 org.perf4j.TimingLogger] (l.Server-4) start[1728638691378] time[0] tag[omero.repo.create_original_file.internal_mkdir]
2024-10-11 09:24:51,378 INFO  [                 org.perf4j.TimingLogger] (l.Server-4) start[1728638691378] time[0] tag[omero.repo.internal_register.load]
2024-10-11 09:24:51,378 INFO  [                 org.perf4j.TimingLogger] (l.Server-4) start[1728638691378] time[0] tag[omero.repo.internal_register.sort]
2024-10-11 09:24:51,379 INFO  [                 org.perf4j.TimingLogger] (l.Server-4) start[1728638691372] time[6] tag[omero.repo.save_fileset.register]
2024-10-11 09:24:51,379 INFO  [                 org.perf4j.TimingLogger] (l.Server-4) start[1728638691379] time[0] tag[omero.repo.save_fileset.update_fileset_entries]
2024-10-11 09:24:51,382 INFO  [       ome.security.basic.CurrentDetails] (l.Server-4) Adding log:INSERT,class ome.model.fs.Fileset,203
2024-10-11 09:24:51,383 INFO  [       ome.security.basic.CurrentDetails] (l.Server-4) Adding log:INSERT,class ome.model.fs.FilesetJobLink,211
2024-10-11 09:24:51,384 INFO  [       ome.security.basic.CurrentDetails] (l.Server-4) Adding log:INSERT,class ome.model.fs.FilesetJobLink,212
2024-10-11 09:24:51,384 INFO  [       ome.security.basic.CurrentDetails] (l.Server-4) Adding log:INSERT,class ome.model.fs.FilesetJobLink,213
2024-10-11 09:24:51,384 INFO  [       ome.security.basic.CurrentDetails] (l.Server-4) Adding log:INSERT,class ome.model.fs.FilesetJobLink,214
2024-10-11 09:24:51,385 INFO  [       ome.security.basic.CurrentDetails] (l.Server-4) Adding log:INSERT,class ome.model.fs.FilesetJobLink,215
2024-10-11 09:24:51,386 INFO  [       ome.security.basic.CurrentDetails] (l.Server-4) Adding log:INSERT,class ome.model.fs.FilesetEntry,203
2024-10-11 09:24:51,388 INFO  [                 org.perf4j.TimingLogger] (l.Server-4) start[1728638691379] time[9] tag[omero.repo.save_fileset.save]
2024-10-11 09:24:51,394 INFO  [                 org.perf4j.TimingLogger] (l.Server-4) start[1728638691224] time[170] tag[omero.call.success.ome.services.blitz.repo.RepositoryDaoImpl$8.doWork]
2024-10-11 09:24:51,395 INFO  [                 org.perf4j.TimingLogger] (l.Server-4) start[1728638691224] time[171] tag[omero.repo.save_fileset]
2024-10-11 09:24:51,395 INFO  [                      omero.cmd.SessionI] (l.Server-4) Added servant to adapter: 83be404c-1957-46d4-a36b-f9feca68dcf3/b9b9ce71-cc0e-47ad-ab27-ac3e9e30e080-ManagedImportProcessI(omero.grid._ImportProcessTie@560dbfab)
2024-10-11 09:24:51,395 DEBUG [                omero.util.ServantHolder] (l.Server-4) Added omero.grid._ImportProcessTie@560dbfab to omero.util.ServantHolder@149b3864 as b9b9ce71-cc0e-47ad-ab27-ac3e9e30e080-ManagedImportProcessI
2024-10-11 09:24:51,396 INFO  [                 org.perf4j.TimingLogger] (l.Server-4) start[1728638691222] time[173] tag[omero.import.process.create]
2024-10-11 09:24:51,408 INFO  [         ome.security.basic.EventHandler] (.Server-15)  Auth:	user=0,group=0,event=null(User),sess=83be404c-1957-46d4-a36b-f9feca68dcf3
2024-10-11 09:24:51,416 INFO  [                 org.perf4j.TimingLogger] (.Server-15) start[1728638691407] time[8] tag[omero.call.success.ome.services.blitz.repo.RepositoryDaoImpl$2.doWork]
2024-10-11 09:24:51,420 INFO  [         ome.security.basic.EventHandler] (.Server-15)  Auth:	user=0,group=0,event=null(User),sess=83be404c-1957-46d4-a36b-f9feca68dcf3
2024-10-11 09:24:51,423 INFO  [                 org.perf4j.TimingLogger] (.Server-15) start[1728638691416] time[7] tag[omero.call.success.ome.services.blitz.repo.RepositoryDaoImpl$4.doWork]
2024-10-11 09:24:51,425 INFO  [         ome.security.basic.EventHandler] (.Server-15)  Auth:	user=0,group=0,event=null(User),sess=83be404c-1957-46d4-a36b-f9feca68dcf3
2024-10-11 09:24:51,438 INFO  [                 org.perf4j.TimingLogger] (.Server-15) start[1728638691424] time[13] tag[omero.call.success.ome.services.blitz.repo.RepositoryDaoImpl$6.doWork]
2024-10-11 09:24:51,439 INFO  [    ome.security.basic.BasicEventContext] (.Server-15)  cctx:	group=0
2024-10-11 09:24:51,440 INFO  [         ome.security.basic.EventHandler] (.Server-15)  Auth:	user=0,group=0,event=null(User),sess=83be404c-1957-46d4-a36b-f9feca68dcf3
2024-10-11 09:24:51,442 INFO  [                 org.perf4j.TimingLogger] (.Server-15) start[1728638691438] time[3] tag[omero.call.success.ome.services.blitz.repo.RepositoryDaoImpl$1.doWork]
2024-10-11 09:24:51,442 INFO  [                      omero.cmd.SessionI] (.Server-15) Added servant to adapter: 83be404c-1957-46d4-a36b-f9feca68dcf3/4994f84e-d151-454f-8be7-080c31c1a355-RepoRawFileStoreI(omero.api._RawFileStoreTie@4d47f3ec)
2024-10-11 09:24:51,442 DEBUG [                omero.util.ServantHolder] (.Server-15) Added omero.api._RawFileStoreTie@4d47f3ec to omero.util.ServantHolder@149b3864 as 4994f84e-d151-454f-8be7-080c31c1a355-RepoRawFileStoreI
2024-10-11 09:24:51,442 INFO  [                 org.perf4j.TimingLogger] (.Server-15) start[1728638691407] time[35] tag[omero.import.process.opener]
2024-10-11 09:24:51,442 INFO  [                 org.perf4j.TimingLogger] (.Server-15) start[1728638691407] time[35] tag[omero.import.process.uploader]
2024-10-11 09:24:51,447 INFO  [         ome.security.basic.EventHandler] (.Server-12)  Auth:	user=0,group=0,event=null(User),sess=83be404c-1957-46d4-a36b-f9feca68dcf3
2024-10-11 09:24:51,447 INFO  [                 org.perf4j.TimingLogger] (.Server-12) start[1728638691446] time[1] tag[omero.call.success.ome.services.RawFileBean.write]
2024-10-11 09:24:51,503 INFO  [         ome.security.basic.EventHandler] (.Server-10)  Auth:	user=0,group=0,event=null(User),sess=83be404c-1957-46d4-a36b-f9feca68dcf3
2024-10-11 09:24:51,507 INFO  [                 org.perf4j.TimingLogger] (.Server-10) start[1728638691502] time[5] tag[omero.call.success.ome.services.RawFileBean.write]
2024-10-11 09:24:51,565 INFO  [         ome.security.basic.EventHandler] (.Server-11)  Auth:	user=0,group=0,event=null(User),sess=83be404c-1957-46d4-a36b-f9feca68dcf3
2024-10-11 09:24:51,570 INFO  [                 org.perf4j.TimingLogger] (.Server-11) start[1728638691563] time[6] tag[omero.call.success.ome.services.RawFileBean.write]
2024-10-11 09:24:51,626 INFO  [         ome.security.basic.EventHandler] (l.Server-4)  Auth:	user=0,group=0,event=null(User),sess=83be404c-1957-46d4-a36b-f9feca68dcf3
2024-10-11 09:24:51,631 INFO  [                 org.perf4j.TimingLogger] (l.Server-4) start[1728638691625] time[5] tag[omero.call.success.ome.services.RawFileBean.write]
2024-10-11 09:24:51,681 INFO  [         ome.security.basic.EventHandler] (.Server-13)  Auth:	user=0,group=0,event=null(User),sess=83be404c-1957-46d4-a36b-f9feca68dcf3
2024-10-11 09:24:51,685 INFO  [                 org.perf4j.TimingLogger] (.Server-13) start[1728638691680] time[5] tag[omero.call.success.ome.services.RawFileBean.write]
2024-10-11 09:24:51,756 INFO  [         ome.security.basic.EventHandler] (l.Server-9)  Auth:	user=0,group=0,event=null(User),sess=83be404c-1957-46d4-a36b-f9feca68dcf3
2024-10-11 09:24:51,761 INFO  [                 org.perf4j.TimingLogger] (l.Server-9) start[1728638691755] time[6] tag[omero.call.success.ome.services.RawFileBean.write]
2024-10-11 09:24:51,809 INFO  [         ome.security.basic.EventHandler] (.Server-14)  Auth:	user=0,group=0,event=null(User),sess=83be404c-1957-46d4-a36b-f9feca68dcf3
2024-10-11 09:24:51,814 INFO  [                 org.perf4j.TimingLogger] (.Server-14) start[1728638691808] time[5] tag[omero.call.success.ome.services.RawFileBean.write]
2024-10-11 09:24:51,861 INFO  [         ome.security.basic.EventHandler] (.Server-15)  Auth:	user=0,group=0,event=null(User),sess=83be404c-1957-46d4-a36b-f9feca68dcf3
2024-10-11 09:24:51,874 INFO  [                 org.perf4j.TimingLogger] (.Server-15) start[1728638691859] time[15] tag[omero.call.success.ome.services.RawFileBean.write]
2024-10-11 09:24:51,891 INFO  [         ome.security.basic.EventHandler] (.Server-12)  Auth:	user=0,group=0,event=27875(User),sess=83be404c-1957-46d4-a36b-f9feca68dcf3
2024-10-11 09:24:51,909 INFO  [                 org.perf4j.TimingLogger] (.Server-12) start[1728638691891] time[17] tag[omero.services.file.flush]
2024-10-11 09:24:51,935 INFO  [                 org.perf4j.TimingLogger] (.Server-12) start[1728638691909] time[25] tag[omero.services.file.checksum]
2024-10-11 09:24:51,936 INFO  [       ome.security.basic.CurrentDetails] (.Server-12) Adding log:UPDATE,class ome.model.core.OriginalFile,3047
2024-10-11 09:24:51,937 INFO  [                 org.perf4j.TimingLogger] (.Server-12) start[1728638691935] time[2] tag[omero.services.file.finalize]
2024-10-11 09:24:51,941 INFO  [                 org.perf4j.TimingLogger] (.Server-12) start[1728638691886] time[55] tag[omero.call.success.ome.services.RawFileBean.save]
2024-10-11 09:24:51,951 INFO  [         ome.security.basic.EventHandler] (.Server-10)  Auth:	user=0,group=0,event=27876(User),sess=83be404c-1957-46d4-a36b-f9feca68dcf3
2024-10-11 09:24:51,955 INFO  [                 org.perf4j.TimingLogger] (.Server-10) start[1728638691945] time[9] tag[omero.call.success.ome.services.RawFileBean.close]
2024-10-11 09:24:51,955 DEBUG [                omero.util.ServantHolder] (.Server-10) Removed omero.api._RawFileStoreTie@4d47f3ec from omero.util.ServantHolder@149b3864 as 4994f84e-d151-454f-8be7-080c31c1a355-RepoRawFileStoreI
2024-10-11 09:24:51,955 INFO  [                      omero.cmd.SessionI] (.Server-10) Unregistered servant:83be404c-1957-46d4-a36b-f9feca68dcf3/4994f84e-d151-454f-8be7-080c31c1a355-RepoRawFileStoreI(omero.api._RawFileStoreTie@4d47f3ec)
2024-10-11 09:24:51,962 INFO  [         ome.security.basic.EventHandler] (.Server-11)  Auth:	user=0,group=0,event=null(User),sess=83be404c-1957-46d4-a36b-f9feca68dcf3
2024-10-11 09:24:51,963 INFO  [                 org.perf4j.TimingLogger] (.Server-11) start[1728638691958] time[4] tag[omero.call.success.ome.services.blitz.impl.ServiceFactoryI$3.doWork]
2024-10-11 09:24:51,970 INFO  [                 org.perf4j.TimingLogger] (.Server-11) start[1728638691963] time[7] tag[omero.import.process.checksum]
2024-10-11 09:24:51,975 INFO  [         ome.security.basic.EventHandler] (.Server-11)  Auth:	user=0,group=0,event=27877(User),sess=83be404c-1957-46d4-a36b-f9feca68dcf3
2024-10-11 09:24:51,990 INFO  [       ome.security.basic.CurrentDetails] (.Server-11) Adding log:UPDATE,class ome.model.jobs.UploadJob,3048
2024-10-11 09:24:51,996 INFO  [                 org.perf4j.TimingLogger] (.Server-11) start[1728638691971] time[25] tag[omero.call.success.ome.services.blitz.repo.RepositoryDaoImpl$12.doWork]
2024-10-11 09:24:51,999 INFO  [         ome.security.basic.EventHandler] (.Server-11)  Auth:	user=0,group=0,event=null(User),sess=83be404c-1957-46d4-a36b-f9feca68dcf3
2024-10-11 09:24:52,002 INFO  [                 org.perf4j.TimingLogger] (.Server-11) start[1728638691996] time[6] tag[omero.call.success.ome.services.blitz.repo.RepositoryDaoImpl$2.doWork]
2024-10-11 09:24:52,007 INFO  [         ome.security.basic.EventHandler] (.Server-11)  Auth:	user=0,group=0,event=null(User),sess=83be404c-1957-46d4-a36b-f9feca68dcf3
2024-10-11 09:24:52,008 INFO  [                 org.perf4j.TimingLogger] (.Server-11) start[1728638692003] time[5] tag[omero.call.success.ome.services.blitz.repo.RepositoryDaoImpl$4.doWork]
2024-10-11 09:24:52,009 INFO  [       ome.formats.importer.ImportConfig] (.Server-11) OMERO.blitz Version: 5.7.3
2024-10-11 09:24:52,009 INFO  [       ome.formats.importer.ImportConfig] (.Server-11) Bioformats version: 7.3.0 revision: acc4b6de79e55275b5e6c8200f8458f6d93c9ba0 date: 18 April 2024
2024-10-11 09:24:52,010 INFO  [                      omero.cmd.SessionI] (.Server-11) Added servant to adapter: 83be404c-1957-46d4-a36b-f9feca68dcf3/IHandle1ca26eef-52f5-4c34-a941-b88a7ceb4783(omero.cmd._HandleTie@313f19b1)
2024-10-11 09:24:52,010 DEBUG [                omero.util.ServantHolder] (.Server-11) Added omero.cmd._HandleTie@313f19b1 to omero.util.ServantHolder@149b3864 as IHandle1ca26eef-52f5-4c34-a941-b88a7ceb4783
2024-10-11 09:24:52,010 INFO  [                 org.perf4j.TimingLogger] (.Server-11) start[1728638692010] time[0] tag[omero.background.submit]
2024-10-11 09:24:52,010 INFO  [                 org.perf4j.TimingLogger] (.Server-11) start[1728638691970] time[39] tag[omero.import.process.submit]
2024-10-11 09:24:52,013 DEBUG [                omero.util.ServantHolder] (l.Server-9) Removed omero.grid._ImportProcessTie@560dbfab from omero.util.ServantHolder@149b3864 as b9b9ce71-cc0e-47ad-ab27-ac3e9e30e080-ManagedImportProcessI
2024-10-11 09:24:52,013 INFO  [                      omero.cmd.SessionI] (l.Server-9) Unregistered servant:83be404c-1957-46d4-a36b-f9feca68dcf3/b9b9ce71-cc0e-47ad-ab27-ac3e9e30e080-ManagedImportProcessI(omero.grid._ImportProcessTie@560dbfab)
2024-10-11 09:24:52,021 INFO  [    ome.formats.OMEROMetadataStoreClient] (2-thread-3) Call context: {omero.group:0}
2024-10-11 09:24:52,021 INFO  [    ome.formats.OMEROMetadataStoreClient] (2-thread-3) Call context: {omero.logfilename:root_0/2024-10/11/09-24-51.006.log}
2024-10-11 09:24:52,026 INFO  [    ome.security.basic.BasicEventContext] (.Server-11)  cctx:	group=0
2024-10-11 09:24:52,030 INFO  [         ome.security.basic.EventHandler] (.Server-11)  Auth:	user=0,group=0,event=null(User),sess=83be404c-1957-46d4-a36b-f9feca68dcf3
2024-10-11 09:24:52,038 INFO  [                 org.perf4j.TimingLogger] (.Server-11) start[1728638692025] time[12] tag[omero.call.success.ome.logic.AdminImpl.getEventContext]
2024-10-11 09:24:52,066 INFO  [    ome.formats.OMEROMetadataStoreClient] (2-thread-3) Pinging session every 300s.
2024-10-11 09:24:52,104 INFO  [                loci.formats.ImageReader] (2-thread-3) IonpathMIBITiffReader initializing /OMERO/ManagedRepository/root_0/2024-10/11/09-24-51.006/TA459_multipleCores2_Run-4_Point28.tiff
2024-10-11 09:24:52,104 INFO  [       loci.formats.in.MinimalTiffReader] (2-thread-3) Reading IFDs
2024-10-11 09:24:52,106 INFO  [       loci.formats.in.MinimalTiffReader] (2-thread-3) Populating metadata
2024-10-11 09:24:52,109 INFO  [          loci.formats.in.BaseTiffReader] (2-thread-3) Populating OME metadata
2024-10-11 09:24:52,115 INFO  [    ome.security.basic.BasicEventContext] (.Server-12)  cctx:	group=0
2024-10-11 09:24:52,116 INFO  [         ome.security.basic.EventHandler] (.Server-12)  Auth:	user=0,group=0,event=null(User),sess=83be404c-1957-46d4-a36b-f9feca68dcf3
2024-10-11 09:24:52,118 INFO  [                 org.perf4j.TimingLogger] (.Server-12) start[1728638692114] time[3] tag[omero.call.success.ome.logic.QueryImpl.findAll]
2024-10-11 09:24:52,122 INFO  [    ome.security.basic.BasicEventContext] (.Server-11)  cctx:	group=0
2024-10-11 09:24:52,124 INFO  [         ome.security.basic.EventHandler] (.Server-11)  Auth:	user=0,group=0,event=null(User),sess=83be404c-1957-46d4-a36b-f9feca68dcf3
2024-10-11 09:24:52,129 INFO  [                 org.perf4j.TimingLogger] (.Server-11) start[1728638692121] time[7] tag[omero.call.success.ome.logic.QueryImpl.findAll]
2024-10-11 09:24:52,132 INFO  [    ome.security.basic.BasicEventContext] (.Server-15)  cctx:	group=0
2024-10-11 09:24:52,133 INFO  [         ome.security.basic.EventHandler] (.Server-15)  Auth:	user=0,group=0,event=null(User),sess=83be404c-1957-46d4-a36b-f9feca68dcf3
2024-10-11 09:24:52,135 INFO  [                 org.perf4j.TimingLogger] (.Server-15) start[1728638692131] time[3] tag[omero.call.success.ome.logic.QueryImpl.findAll]
2024-10-11 09:24:52,136 INFO  [    ome.security.basic.BasicEventContext] (l.Server-4)  cctx:	group=0
2024-10-11 09:24:52,137 INFO  [         ome.security.basic.EventHandler] (l.Server-4)  Auth:	user=0,group=0,event=null(User),sess=83be404c-1957-46d4-a36b-f9feca68dcf3
2024-10-11 09:24:52,138 INFO  [                 org.perf4j.TimingLogger] (l.Server-4) start[1728638692136] time[2] tag[omero.call.success.ome.logic.QueryImpl.findAll]
2024-10-11 09:24:52,160 DEBUG [                   loci.formats.Memoizer] (2-thread-3) saved to temp file: /OMERO/BioFormatsCache/OMERO/ManagedRepository/root_0/2024-10/11/09-24-51.006/.TA459_multipleCores2_Run-4_Point28.tiff.bfmemo7807252025983623073
2024-10-11 09:24:52,160 DEBUG [                   loci.formats.Memoizer] (2-thread-3) start[1728638692148] time[11] tag[loci.formats.Memoizer.saveMemo]
2024-10-11 09:24:52,160 DEBUG [                   loci.formats.Memoizer] (2-thread-3) saved memo file: /OMERO/BioFormatsCache/OMERO/ManagedRepository/root_0/2024-10/11/09-24-51.006/.TA459_multipleCores2_Run-4_Point28.tiff.bfmemo (50742 bytes)
2024-10-11 09:24:52,160 DEBUG [                   loci.formats.Memoizer] (2-thread-3) start[1728638692067] time[93] tag[loci.formats.Memoizer.setId]
2024-10-11 09:24:52,160 DEBUG [    o.s.blitz.repo.ManagedImportRequestI] (2-thread-3) Image Count: 44
2024-10-11 09:24:52,160 INFO  [    o.s.blitz.repo.ManagedImportRequestI] (2-thread-3) File format: Ionpath MIBI
2024-10-11 09:24:52,160 INFO  [    o.s.blitz.repo.ManagedImportRequestI] (2-thread-3) Base reader: loci.formats.in.IonpathMIBITiffReader
2024-10-11 09:24:52,160 INFO  [                 org.perf4j.TimingLogger] (2-thread-3) start[1728638692018] time[142] tag[omero.import.request.init]
2024-10-11 09:24:52,160 DEBUG [    o.s.blitz.repo.ManagedImportRequestI] (2-thread-3) Step 0
2024-10-11 09:24:52,162 WARN  [    ome.formats.model.ReferenceProcessor] (2-thread-3) Unknown target class for LSID: Image:SIMS
2024-10-11 09:24:52,162 INFO  [    ome.formats.OMEROMetadataStoreClient] (2-thread-3) Handling # of containers: 91
2024-10-11 09:24:52,165 INFO  [    ome.security.basic.BasicEventContext] (.Server-14)  cctx:	group=0
2024-10-11 09:24:52,166 INFO  [         ome.security.basic.EventHandler] (.Server-14)  Auth:	user=0,group=0,event=null(User),sess=83be404c-1957-46d4-a36b-f9feca68dcf3
2024-10-11 09:24:52,168 INFO  [                 org.perf4j.TimingLogger] (.Server-14) start[1728638692164] time[4] tag[omero.call.success.ome.services.blitz.impl.MetadataStoreI$4.doWork]
2024-10-11 09:24:52,169 INFO  [    ome.formats.OMEROMetadataStoreClient] (2-thread-3) Handling # of references: 1
2024-10-11 09:24:52,170 INFO  [    ome.security.basic.BasicEventContext] (l.Server-9)  cctx:	group=0
2024-10-11 09:24:52,171 INFO  [         ome.security.basic.EventHandler] (l.Server-9)  Auth:	user=0,group=0,event=null(User),sess=83be404c-1957-46d4-a36b-f9feca68dcf3
2024-10-11 09:24:52,171 INFO  [                 org.perf4j.TimingLogger] (l.Server-9) start[1728638692169] time[2] tag[omero.call.success.ome.services.blitz.impl.MetadataStoreI$5.doWork]
2024-10-11 09:24:52,174 INFO  [    ome.security.basic.BasicEventContext] (.Server-12)  cctx:	group=0
2024-10-11 09:24:52,189 INFO  [         ome.security.basic.EventHandler] (.Server-12)  Auth:	user=0,group=0,event=27881(User),sess=83be404c-1957-46d4-a36b-f9feca68dcf3
2024-10-11 09:24:52,200 INFO  [       ome.security.basic.CurrentDetails] (.Server-12) Adding log:INSERT,class ome.model.core.Image,203
2024-10-11 09:24:52,203 INFO  [       ome.security.basic.CurrentDetails] (.Server-12) Adding log:INSERT,class ome.model.containers.DatasetImageLink,203
2024-10-11 09:24:52,219 INFO  [       ome.security.basic.CurrentDetails] (.Server-12) Adding log:INSERT,class ome.model.core.Pixels,203
2024-10-11 09:24:52,221 INFO  [       ome.security.basic.CurrentDetails] (.Server-12) Adding log:INSERT,class ome.model.core.LogicalChannel,639
2024-10-11 09:24:52,223 INFO  [       ome.security.basic.CurrentDetails] (.Server-12) Adding log:INSERT,class ome.model.core.Channel,639
2024-10-11 09:24:52,224 INFO  [       ome.security.basic.CurrentDetails] (.Server-12) Adding log:INSERT,class ome.model.core.LogicalChannel,640
2024-10-11 09:24:52,225 INFO  [       ome.security.basic.CurrentDetails] (.Server-12) Adding log:INSERT,class ome.model.core.Channel,640
2024-10-11 09:24:52,225 INFO  [       ome.security.basic.CurrentDetails] (.Server-12) Adding log:INSERT,class ome.model.core.LogicalChannel,641
2024-10-11 09:24:52,226 INFO  [       ome.security.basic.CurrentDetails] (.Server-12) Adding log:INSERT,class ome.model.core.Channel,641
2024-10-11 09:24:52,227 INFO  [       ome.security.basic.CurrentDetails] (.Server-12) Adding log:INSERT,class ome.model.core.LogicalChannel,642
2024-10-11 09:24:52,227 INFO  [       ome.security.basic.CurrentDetails] (.Server-12) Adding log:INSERT,class ome.model.core.Channel,642
2024-10-11 09:24:52,228 INFO  [       ome.security.basic.CurrentDetails] (.Server-12) Adding log:INSERT,class ome.model.core.LogicalChannel,643
2024-10-11 09:24:52,228 INFO  [       ome.security.basic.CurrentDetails] (.Server-12) Adding log:INSERT,class ome.model.core.Channel,643
2024-10-11 09:24:52,229 INFO  [       ome.security.basic.CurrentDetails] (.Server-12) Adding log:INSERT,class ome.model.core.LogicalChannel,644
2024-10-11 09:24:52,229 INFO  [       ome.security.basic.CurrentDetails] (.Server-12) Adding log:INSERT,class ome.model.core.Channel,644
2024-10-11 09:24:52,230 INFO  [       ome.security.basic.CurrentDetails] (.Server-12) Adding log:INSERT,class ome.model.core.LogicalChannel,645
2024-10-11 09:24:52,230 INFO  [       ome.security.basic.CurrentDetails] (.Server-12) Adding log:INSERT,class ome.model.core.Channel,645
2024-10-11 09:24:52,230 INFO  [       ome.security.basic.CurrentDetails] (.Server-12) Adding log:INSERT,class ome.model.core.LogicalChannel,646
2024-10-11 09:24:52,231 INFO  [       ome.security.basic.CurrentDetails] (.Server-12) Adding log:INSERT,class ome.model.core.Channel,646
2024-10-11 09:24:52,231 INFO  [       ome.security.basic.CurrentDetails] (.Server-12) Adding log:INSERT,class ome.model.core.LogicalChannel,647
2024-10-11 09:24:52,232 INFO  [       ome.security.basic.CurrentDetails] (.Server-12) Adding log:INSERT,class ome.model.core.Channel,647
2024-10-11 09:24:52,232 INFO  [       ome.security.basic.CurrentDetails] (.Server-12) Adding log:INSERT,class ome.model.core.LogicalChannel,648
2024-10-11 09:24:52,232 INFO  [       ome.security.basic.CurrentDetails] (.Server-12) Adding log:INSERT,class ome.model.core.Channel,648
2024-10-11 09:24:52,233 INFO  [       ome.security.basic.CurrentDetails] (.Server-12) Adding log:INSERT,class ome.model.core.LogicalChannel,649
2024-10-11 09:24:52,233 INFO  [       ome.security.basic.CurrentDetails] (.Server-12) Adding log:INSERT,class ome.model.core.Channel,649
2024-10-11 09:24:52,233 INFO  [       ome.security.basic.CurrentDetails] (.Server-12) Adding log:INSERT,class ome.model.core.LogicalChannel,650
2024-10-11 09:24:52,234 INFO  [       ome.security.basic.CurrentDetails] (.Server-12) Adding log:INSERT,class ome.model.core.Channel,650
2024-10-11 09:24:52,234 INFO  [       ome.security.basic.CurrentDetails] (.Server-12) Adding log:INSERT,class ome.model.core.LogicalChannel,651
2024-10-11 09:24:52,234 INFO  [       ome.security.basic.CurrentDetails] (.Server-12) Adding log:INSERT,class ome.model.core.Channel,651
2024-10-11 09:24:52,234 INFO  [       ome.security.basic.CurrentDetails] (.Server-12) Adding log:INSERT,class ome.model.core.LogicalChannel,652
2024-10-11 09:24:52,235 INFO  [       ome.security.basic.CurrentDetails] (.Server-12) Adding log:INSERT,class ome.model.core.Channel,652
2024-10-11 09:24:52,235 INFO  [       ome.security.basic.CurrentDetails] (.Server-12) Adding log:INSERT,class ome.model.core.LogicalChannel,653
2024-10-11 09:24:52,235 INFO  [       ome.security.basic.CurrentDetails] (.Server-12) Adding log:INSERT,class ome.model.core.Channel,653
2024-10-11 09:24:52,235 INFO  [       ome.security.basic.CurrentDetails] (.Server-12) Adding log:INSERT,class ome.model.core.LogicalChannel,654
2024-10-11 09:24:52,236 INFO  [       ome.security.basic.CurrentDetails] (.Server-12) Adding log:INSERT,class ome.model.core.Channel,654
2024-10-11 09:24:52,236 INFO  [       ome.security.basic.CurrentDetails] (.Server-12) Adding log:INSERT,class ome.model.core.LogicalChannel,655
2024-10-11 09:24:52,237 INFO  [       ome.security.basic.CurrentDetails] (.Server-12) Adding log:INSERT,class ome.model.core.Channel,655
2024-10-11 09:24:52,237 INFO  [       ome.security.basic.CurrentDetails] (.Server-12) Adding log:INSERT,class ome.model.core.LogicalChannel,656
2024-10-11 09:24:52,237 INFO  [       ome.security.basic.CurrentDetails] (.Server-12) Adding log:INSERT,class ome.model.core.Channel,656
2024-10-11 09:24:52,238 INFO  [       ome.security.basic.CurrentDetails] (.Server-12) Adding log:INSERT,class ome.model.core.LogicalChannel,657
2024-10-11 09:24:52,238 INFO  [       ome.security.basic.CurrentDetails] (.Server-12) Adding log:INSERT,class ome.model.core.Channel,657
2024-10-11 09:24:52,238 INFO  [       ome.security.basic.CurrentDetails] (.Server-12) Adding log:INSERT,class ome.model.core.LogicalChannel,658
2024-10-11 09:24:52,239 INFO  [       ome.security.basic.CurrentDetails] (.Server-12) Adding log:INSERT,class ome.model.core.Channel,658
2024-10-11 09:24:52,239 INFO  [       ome.security.basic.CurrentDetails] (.Server-12) Adding log:INSERT,class ome.model.core.LogicalChannel,659
2024-10-11 09:24:52,239 INFO  [       ome.security.basic.CurrentDetails] (.Server-12) Adding log:INSERT,class ome.model.core.Channel,659
2024-10-11 09:24:52,240 INFO  [       ome.security.basic.CurrentDetails] (.Server-12) Adding log:INSERT,class ome.model.core.LogicalChannel,660
2024-10-11 09:24:52,240 INFO  [       ome.security.basic.CurrentDetails] (.Server-12) Adding log:INSERT,class ome.model.core.Channel,660
2024-10-11 09:24:52,240 INFO  [       ome.security.basic.CurrentDetails] (.Server-12) Adding log:INSERT,class ome.model.core.LogicalChannel,661
2024-10-11 09:24:52,241 INFO  [       ome.security.basic.CurrentDetails] (.Server-12) Adding log:INSERT,class ome.model.core.Channel,661
2024-10-11 09:24:52,241 INFO  [       ome.security.basic.CurrentDetails] (.Server-12) Adding log:INSERT,class ome.model.core.LogicalChannel,662
2024-10-11 09:24:52,241 INFO  [       ome.security.basic.CurrentDetails] (.Server-12) Adding log:INSERT,class ome.model.core.Channel,662
2024-10-11 09:24:52,242 INFO  [       ome.security.basic.CurrentDetails] (.Server-12) Adding log:INSERT,class ome.model.core.LogicalChannel,663
2024-10-11 09:24:52,242 INFO  [       ome.security.basic.CurrentDetails] (.Server-12) Adding log:INSERT,class ome.model.core.Channel,663
2024-10-11 09:24:52,243 INFO  [       ome.security.basic.CurrentDetails] (.Server-12) Adding log:INSERT,class ome.model.core.LogicalChannel,664
2024-10-11 09:24:52,244 INFO  [       ome.security.basic.CurrentDetails] (.Server-12) Adding log:INSERT,class ome.model.core.Channel,664
2024-10-11 09:24:52,244 INFO  [       ome.security.basic.CurrentDetails] (.Server-12) Adding log:INSERT,class ome.model.core.LogicalChannel,665
2024-10-11 09:24:52,245 INFO  [       ome.security.basic.CurrentDetails] (.Server-12) Adding log:INSERT,class ome.model.core.Channel,665
2024-10-11 09:24:52,245 INFO  [       ome.security.basic.CurrentDetails] (.Server-12) Adding log:INSERT,class ome.model.core.LogicalChannel,666
2024-10-11 09:24:52,245 INFO  [       ome.security.basic.CurrentDetails] (.Server-12) Adding log:INSERT,class ome.model.core.Channel,666
2024-10-11 09:24:52,246 INFO  [       ome.security.basic.CurrentDetails] (.Server-12) Adding log:INSERT,class ome.model.core.LogicalChannel,667
2024-10-11 09:24:52,246 INFO  [       ome.security.basic.CurrentDetails] (.Server-12) Adding log:INSERT,class ome.model.core.Channel,667
2024-10-11 09:24:52,246 INFO  [       ome.security.basic.CurrentDetails] (.Server-12) Adding log:INSERT,class ome.model.core.LogicalChannel,668
2024-10-11 09:24:52,247 INFO  [       ome.security.basic.CurrentDetails] (.Server-12) Adding log:INSERT,class ome.model.core.Channel,668
2024-10-11 09:24:52,247 INFO  [       ome.security.basic.CurrentDetails] (.Server-12) Adding log:INSERT,class ome.model.core.LogicalChannel,669
2024-10-11 09:24:52,247 INFO  [       ome.security.basic.CurrentDetails] (.Server-12) Adding log:INSERT,class ome.model.core.Channel,669
2024-10-11 09:24:52,247 INFO  [       ome.security.basic.CurrentDetails] (.Server-12) Adding log:INSERT,class ome.model.core.LogicalChannel,670
2024-10-11 09:24:52,248 INFO  [       ome.security.basic.CurrentDetails] (.Server-12) Adding log:INSERT,class ome.model.core.Channel,670
2024-10-11 09:24:52,248 INFO  [       ome.security.basic.CurrentDetails] (.Server-12) Adding log:INSERT,class ome.model.core.LogicalChannel,671
2024-10-11 09:24:52,248 INFO  [       ome.security.basic.CurrentDetails] (.Server-12) Adding log:INSERT,class ome.model.core.Channel,671
2024-10-11 09:24:52,249 INFO  [       ome.security.basic.CurrentDetails] (.Server-12) Adding log:INSERT,class ome.model.core.LogicalChannel,672
2024-10-11 09:24:52,249 INFO  [       ome.security.basic.CurrentDetails] (.Server-12) Adding log:INSERT,class ome.model.core.Channel,672
2024-10-11 09:24:52,249 INFO  [       ome.security.basic.CurrentDetails] (.Server-12) Adding log:INSERT,class ome.model.core.LogicalChannel,673
2024-10-11 09:24:52,250 INFO  [       ome.security.basic.CurrentDetails] (.Server-12) Adding log:INSERT,class ome.model.core.Channel,673
2024-10-11 09:24:52,250 INFO  [       ome.security.basic.CurrentDetails] (.Server-12) Adding log:INSERT,class ome.model.core.LogicalChannel,674
2024-10-11 09:24:52,251 INFO  [       ome.security.basic.CurrentDetails] (.Server-12) Adding log:INSERT,class ome.model.core.Channel,674
2024-10-11 09:24:52,251 INFO  [       ome.security.basic.CurrentDetails] (.Server-12) Adding log:INSERT,class ome.model.core.LogicalChannel,675
2024-10-11 09:24:52,251 INFO  [       ome.security.basic.CurrentDetails] (.Server-12) Adding log:INSERT,class ome.model.core.Channel,675
2024-10-11 09:24:52,252 INFO  [       ome.security.basic.CurrentDetails] (.Server-12) Adding log:INSERT,class ome.model.core.LogicalChannel,676
2024-10-11 09:24:52,252 INFO  [       ome.security.basic.CurrentDetails] (.Server-12) Adding log:INSERT,class ome.model.core.Channel,676
2024-10-11 09:24:52,252 INFO  [       ome.security.basic.CurrentDetails] (.Server-12) Adding log:INSERT,class ome.model.core.LogicalChannel,677
2024-10-11 09:24:52,253 INFO  [       ome.security.basic.CurrentDetails] (.Server-12) Adding log:INSERT,class ome.model.core.Channel,677
2024-10-11 09:24:52,253 INFO  [       ome.security.basic.CurrentDetails] (.Server-12) Adding log:INSERT,class ome.model.core.LogicalChannel,678
2024-10-11 09:24:52,253 INFO  [       ome.security.basic.CurrentDetails] (.Server-12) Adding log:INSERT,class ome.model.core.Channel,678
2024-10-11 09:24:52,253 INFO  [       ome.security.basic.CurrentDetails] (.Server-12) Adding log:INSERT,class ome.model.core.LogicalChannel,679
2024-10-11 09:24:52,254 INFO  [       ome.security.basic.CurrentDetails] (.Server-12) Adding log:INSERT,class ome.model.core.Channel,679
2024-10-11 09:24:52,261 INFO  [       ome.security.basic.CurrentDetails] (.Server-12) Adding log:INSERT,class ome.model.core.LogicalChannel,680
2024-10-11 09:24:52,261 INFO  [       ome.security.basic.CurrentDetails] (.Server-12) Adding log:INSERT,class ome.model.core.Channel,680
2024-10-11 09:24:52,262 INFO  [       ome.security.basic.CurrentDetails] (.Server-12) Adding log:INSERT,class ome.model.core.LogicalChannel,681
2024-10-11 09:24:52,262 INFO  [       ome.security.basic.CurrentDetails] (.Server-12) Adding log:INSERT,class ome.model.core.Channel,681
2024-10-11 09:24:52,263 INFO  [       ome.security.basic.CurrentDetails] (.Server-12) Adding log:INSERT,class ome.model.core.LogicalChannel,682
2024-10-11 09:24:52,264 INFO  [       ome.security.basic.CurrentDetails] (.Server-12) Adding log:INSERT,class ome.model.core.Channel,682
2024-10-11 09:24:52,279 INFO  [                 org.perf4j.TimingLogger] (.Server-12) start[1728638692189] time[90] tag[omero.saveImportGraph]
2024-10-11 09:24:52,299 INFO  [                 org.perf4j.TimingLogger] (.Server-12) start[1728638692173] time[125] tag[omero.call.success.ome.services.blitz.impl.MetadataStoreI$3.doWork]
2024-10-11 09:24:52,304 INFO  [                 org.perf4j.TimingLogger] (2-thread-3) start[1728638692160] time[143] tag[omero.import.request.metadata]
2024-10-11 09:24:52,305 INFO  [    ome.security.basic.BasicEventContext] (.Server-10)  cctx:	group=0
2024-10-11 09:24:52,307 INFO  [         ome.security.basic.EventHandler] (.Server-10)  Auth:	user=0,group=0,event=null(User),sess=83be404c-1957-46d4-a36b-f9feca68dcf3
2024-10-11 09:24:52,308 INFO  [                 org.perf4j.TimingLogger] (.Server-10) start[1728638692305] time[3] tag[omero.call.success.ome.logic.QueryImpl.get]
2024-10-11 09:24:52,310 INFO  [    ome.security.basic.BasicEventContext] (.Server-11)  cctx:	group=0
2024-10-11 09:24:52,315 INFO  [         ome.security.basic.EventHandler] (.Server-11)  Auth:	user=0,group=0,event=27885(User),sess=83be404c-1957-46d4-a36b-f9feca68dcf3
2024-10-11 09:24:52,317 INFO  [       ome.security.basic.CurrentDetails] (.Server-11) Adding log:UPDATE,class ome.model.core.OriginalFile,3046
2024-10-11 09:24:52,323 INFO  [                 org.perf4j.TimingLogger] (.Server-11) start[1728638692309] time[13] tag[omero.call.success.ome.logic.UpdateImpl.saveObject]
2024-10-11 09:24:52,323 INFO  [                 org.perf4j.TimingLogger] (2-thread-3) start[1728638692160] time[162] tag[omero.import.request.step]
2024-10-11 09:24:52,323 DEBUG [    o.s.blitz.repo.ManagedImportRequestI] (2-thread-3) Step 1
2024-10-11 09:24:52,324 DEBUG [    o.s.blitz.repo.ManagedImportRequestI] (2-thread-3) Plane:0 X:0 Y:0 TileWidth:2048 TileHeight:2048 arrayBuf.length:8388608
2024-10-11 09:24:52,428 DEBUG [    o.s.blitz.repo.ManagedImportRequestI] (2-thread-3) Plane:1 X:0 Y:0 TileWidth:2048 TileHeight:2048 arrayBuf.length:8388608
2024-10-11 09:24:52,488 DEBUG [    o.s.blitz.repo.ManagedImportRequestI] (2-thread-3) Plane:2 X:0 Y:0 TileWidth:2048 TileHeight:2048 arrayBuf.length:8388608
2024-10-11 09:24:52,552 DEBUG [    o.s.blitz.repo.ManagedImportRequestI] (2-thread-3) Plane:3 X:0 Y:0 TileWidth:2048 TileHeight:2048 arrayBuf.length:8388608
2024-10-11 09:24:52,719 DEBUG [    o.s.blitz.repo.ManagedImportRequestI] (2-thread-3) Plane:4 X:0 Y:0 TileWidth:2048 TileHeight:2048 arrayBuf.length:8388608
2024-10-11 09:24:52,786 DEBUG [    o.s.blitz.repo.ManagedImportRequestI] (2-thread-3) Plane:5 X:0 Y:0 TileWidth:2048 TileHeight:2048 arrayBuf.length:8388608
2024-10-11 09:24:52,856 DEBUG [    o.s.blitz.repo.ManagedImportRequestI] (2-thread-3) Plane:6 X:0 Y:0 TileWidth:2048 TileHeight:2048 arrayBuf.length:8388608
2024-10-11 09:24:52,908 DEBUG [    o.s.blitz.repo.ManagedImportRequestI] (2-thread-3) Plane:7 X:0 Y:0 TileWidth:2048 TileHeight:2048 arrayBuf.length:8388608
2024-10-11 09:24:52,996 DEBUG [    o.s.blitz.repo.ManagedImportRequestI] (2-thread-3) Plane:8 X:0 Y:0 TileWidth:2048 TileHeight:2048 arrayBuf.length:8388608
2024-10-11 09:24:53,071 DEBUG [    o.s.blitz.repo.ManagedImportRequestI] (2-thread-3) Plane:9 X:0 Y:0 TileWidth:2048 TileHeight:2048 arrayBuf.length:8388608
2024-10-11 09:24:53,128 DEBUG [    o.s.blitz.repo.ManagedImportRequestI] (2-thread-3) Plane:10 X:0 Y:0 TileWidth:2048 TileHeight:2048 arrayBuf.length:8388608
2024-10-11 09:24:53,231 DEBUG [    o.s.blitz.repo.ManagedImportRequestI] (2-thread-3) Plane:11 X:0 Y:0 TileWidth:2048 TileHeight:2048 arrayBuf.length:8388608
2024-10-11 09:24:53,283 DEBUG [    o.s.blitz.repo.ManagedImportRequestI] (2-thread-3) Plane:12 X:0 Y:0 TileWidth:2048 TileHeight:2048 arrayBuf.length:8388608
2024-10-11 09:24:53,338 DEBUG [    o.s.blitz.repo.ManagedImportRequestI] (2-thread-3) Plane:13 X:0 Y:0 TileWidth:2048 TileHeight:2048 arrayBuf.length:8388608
2024-10-11 09:24:53,398 DEBUG [    o.s.blitz.repo.ManagedImportRequestI] (2-thread-3) Plane:14 X:0 Y:0 TileWidth:2048 TileHeight:2048 arrayBuf.length:8388608
2024-10-11 09:24:53,460 DEBUG [    o.s.blitz.repo.ManagedImportRequestI] (2-thread-3) Plane:15 X:0 Y:0 TileWidth:2048 TileHeight:2048 arrayBuf.length:8388608
2024-10-11 09:24:53,543 DEBUG [    o.s.blitz.repo.ManagedImportRequestI] (2-thread-3) Plane:16 X:0 Y:0 TileWidth:2048 TileHeight:2048 arrayBuf.length:8388608
2024-10-11 09:24:53,593 DEBUG [    o.s.blitz.repo.ManagedImportRequestI] (2-thread-3) Plane:17 X:0 Y:0 TileWidth:2048 TileHeight:2048 arrayBuf.length:8388608
2024-10-11 09:24:53,650 DEBUG [    o.s.blitz.repo.ManagedImportRequestI] (2-thread-3) Plane:18 X:0 Y:0 TileWidth:2048 TileHeight:2048 arrayBuf.length:8388608
2024-10-11 09:24:53,742 DEBUG [    o.s.blitz.repo.ManagedImportRequestI] (2-thread-3) Plane:19 X:0 Y:0 TileWidth:2048 TileHeight:2048 arrayBuf.length:8388608
2024-10-11 09:24:53,808 DEBUG [    o.s.blitz.repo.ManagedImportRequestI] (2-thread-3) Plane:20 X:0 Y:0 TileWidth:2048 TileHeight:2048 arrayBuf.length:8388608
2024-10-11 09:24:53,868 DEBUG [    o.s.blitz.repo.ManagedImportRequestI] (2-thread-3) Plane:21 X:0 Y:0 TileWidth:2048 TileHeight:2048 arrayBuf.length:8388608
2024-10-11 09:24:53,977 DEBUG [    o.s.blitz.repo.ManagedImportRequestI] (2-thread-3) Plane:22 X:0 Y:0 TileWidth:2048 TileHeight:2048 arrayBuf.length:8388608
2024-10-11 09:24:54,028 DEBUG [    o.s.blitz.repo.ManagedImportRequestI] (2-thread-3) Plane:23 X:0 Y:0 TileWidth:2048 TileHeight:2048 arrayBuf.length:8388608
2024-10-11 09:24:54,097 DEBUG [    o.s.blitz.repo.ManagedImportRequestI] (2-thread-3) Plane:24 X:0 Y:0 TileWidth:2048 TileHeight:2048 arrayBuf.length:8388608
2024-10-11 09:24:54,172 DEBUG [    o.s.blitz.repo.ManagedImportRequestI] (2-thread-3) Plane:25 X:0 Y:0 TileWidth:2048 TileHeight:2048 arrayBuf.length:8388608
2024-10-11 09:24:54,253 DEBUG [    o.s.blitz.repo.ManagedImportRequestI] (2-thread-3) Plane:26 X:0 Y:0 TileWidth:2048 TileHeight:2048 arrayBuf.length:8388608
2024-10-11 09:24:54,338 DEBUG [    o.s.blitz.repo.ManagedImportRequestI] (2-thread-3) Plane:27 X:0 Y:0 TileWidth:2048 TileHeight:2048 arrayBuf.length:8388608
2024-10-11 09:24:54,402 DEBUG [    o.s.blitz.repo.ManagedImportRequestI] (2-thread-3) Plane:28 X:0 Y:0 TileWidth:2048 TileHeight:2048 arrayBuf.length:8388608
2024-10-11 09:24:54,450 DEBUG [    o.s.blitz.repo.ManagedImportRequestI] (2-thread-3) Plane:29 X:0 Y:0 TileWidth:2048 TileHeight:2048 arrayBuf.length:8388608
2024-10-11 09:24:54,548 DEBUG [    o.s.blitz.repo.ManagedImportRequestI] (2-thread-3) Plane:30 X:0 Y:0 TileWidth:2048 TileHeight:2048 arrayBuf.length:8388608
2024-10-11 09:24:54,626 DEBUG [    o.s.blitz.repo.ManagedImportRequestI] (2-thread-3) Plane:31 X:0 Y:0 TileWidth:2048 TileHeight:2048 arrayBuf.length:8388608
2024-10-11 09:24:54,695 DEBUG [    o.s.blitz.repo.ManagedImportRequestI] (2-thread-3) Plane:32 X:0 Y:0 TileWidth:2048 TileHeight:2048 arrayBuf.length:8388608
2024-10-11 09:24:54,771 DEBUG [    o.s.blitz.repo.ManagedImportRequestI] (2-thread-3) Plane:33 X:0 Y:0 TileWidth:2048 TileHeight:2048 arrayBuf.length:8388608
2024-10-11 09:24:54,919 DEBUG [    o.s.blitz.repo.ManagedImportRequestI] (2-thread-3) Plane:34 X:0 Y:0 TileWidth:2048 TileHeight:2048 arrayBuf.length:8388608
2024-10-11 09:24:54,997 DEBUG [    o.s.blitz.repo.ManagedImportRequestI] (2-thread-3) Plane:35 X:0 Y:0 TileWidth:2048 TileHeight:2048 arrayBuf.length:8388608
2024-10-11 09:24:55,064 DEBUG [    o.s.blitz.repo.ManagedImportRequestI] (2-thread-3) Plane:36 X:0 Y:0 TileWidth:2048 TileHeight:2048 arrayBuf.length:8388608
2024-10-11 09:24:55,135 DEBUG [    o.s.blitz.repo.ManagedImportRequestI] (2-thread-3) Plane:37 X:0 Y:0 TileWidth:2048 TileHeight:2048 arrayBuf.length:8388608
2024-10-11 09:24:55,217 DEBUG [    o.s.blitz.repo.ManagedImportRequestI] (2-thread-3) Plane:38 X:0 Y:0 TileWidth:2048 TileHeight:2048 arrayBuf.length:8388608
2024-10-11 09:24:55,344 DEBUG [    o.s.blitz.repo.ManagedImportRequestI] (2-thread-3) Plane:39 X:0 Y:0 TileWidth:2048 TileHeight:2048 arrayBuf.length:8388608
2024-10-11 09:24:55,422 DEBUG [    o.s.blitz.repo.ManagedImportRequestI] (2-thread-3) Plane:40 X:0 Y:0 TileWidth:2048 TileHeight:2048 arrayBuf.length:8388608
2024-10-11 09:24:55,536 DEBUG [    o.s.blitz.repo.ManagedImportRequestI] (2-thread-3) Plane:41 X:0 Y:0 TileWidth:2048 TileHeight:2048 arrayBuf.length:8388608
2024-10-11 09:24:55,604 DEBUG [    o.s.blitz.repo.ManagedImportRequestI] (2-thread-3) Plane:42 X:0 Y:0 TileWidth:2048 TileHeight:2048 arrayBuf.length:8388608
2024-10-11 09:24:55,704 DEBUG [    o.s.blitz.repo.ManagedImportRequestI] (2-thread-3) Plane:43 X:0 Y:0 TileWidth:2048 TileHeight:2048 arrayBuf.length:8388608
2024-10-11 09:24:55,783 INFO  [    ome.security.basic.BasicEventContext] (.Server-11)  cctx:	group=0
2024-10-11 09:24:55,791 INFO  [         ome.security.basic.EventHandler] (.Server-11)  Auth:	user=0,group=0,event=27938(User),sess=83be404c-1957-46d4-a36b-f9feca68dcf3
2024-10-11 09:24:55,796 INFO  [                 org.perf4j.TimingLogger] (.Server-11) start[1728638695781] time[14] tag[omero.call.success.ome.services.blitz.impl.MetadataStoreI$7.doWork]
2024-10-11 09:24:55,800 INFO  [    ome.security.basic.BasicEventContext] (.Server-12)  cctx:	group=0
2024-10-11 09:24:55,805 INFO  [         ome.security.basic.EventHandler] (.Server-12)  Auth:	user=0,group=0,event=27940(User),sess=83be404c-1957-46d4-a36b-f9feca68dcf3
2024-10-11 09:24:56,005 INFO  [       ome.security.basic.CurrentDetails] (.Server-12) Adding log:UPDATE,class ome.model.core.Pixels,203
2024-10-11 09:24:56,013 INFO  [                 org.perf4j.TimingLogger] (.Server-12) start[1728638695800] time[213] tag[omero.call.success.ome.logic.UpdateImpl.saveArray]
2024-10-11 09:24:56,014 INFO  [    ome.security.basic.BasicEventContext] (.Server-10)  cctx:	group=0
2024-10-11 09:24:56,019 INFO  [         ome.security.basic.EventHandler] (.Server-10)  Auth:	user=0,group=0,event=27943(User),sess=83be404c-1957-46d4-a36b-f9feca68dcf3
2024-10-11 09:24:56,056 INFO  [                 org.perf4j.TimingLogger] (.Server-10) start[1728638696014] time[42] tag[omero.call.success.ome.services.blitz.impl.MetadataStoreI$2.doWork]
2024-10-11 09:24:56,057 INFO  [                 org.perf4j.TimingLogger] (2-thread-3) start[1728638692323] time[3733] tag[omero.import.request.pixels]
2024-10-11 09:24:56,058 INFO  [    ome.security.basic.BasicEventContext] (.Server-15)  cctx:	group=0
2024-10-11 09:24:56,060 INFO  [         ome.security.basic.EventHandler] (.Server-15)  Auth:	user=0,group=0,event=null(User),sess=83be404c-1957-46d4-a36b-f9feca68dcf3
2024-10-11 09:24:56,061 INFO  [                 org.perf4j.TimingLogger] (.Server-15) start[1728638696057] time[3] tag[omero.call.success.ome.logic.QueryImpl.get]
2024-10-11 09:24:56,063 INFO  [    ome.security.basic.BasicEventContext] (l.Server-9)  cctx:	group=0
2024-10-11 09:24:56,068 INFO  [         ome.security.basic.EventHandler] (l.Server-9)  Auth:	user=0,group=0,event=27945(User),sess=83be404c-1957-46d4-a36b-f9feca68dcf3
2024-10-11 09:24:56,071 INFO  [       ome.security.basic.CurrentDetails] (l.Server-9) Adding log:UPDATE,class ome.model.core.OriginalFile,3046
2024-10-11 09:24:56,075 INFO  [                 org.perf4j.TimingLogger] (l.Server-9) start[1728638696062] time[13] tag[omero.call.success.ome.logic.UpdateImpl.saveObject]
2024-10-11 09:24:56,076 INFO  [                 org.perf4j.TimingLogger] (2-thread-3) start[1728638692323] time[3752] tag[omero.import.request.step]
2024-10-11 09:24:56,076 DEBUG [    o.s.blitz.repo.ManagedImportRequestI] (2-thread-3) Step 2
2024-10-11 09:24:56,077 INFO  [    ome.security.basic.BasicEventContext] (.Server-12)  cctx:	group=0
2024-10-11 09:24:56,082 INFO  [         ome.security.basic.EventHandler] (.Server-12)  Auth:	user=0,group=0,event=27946(User),sess=83be404c-1957-46d4-a36b-f9feca68dcf3
2024-10-11 09:24:56,087 INFO  [                 org.perf4j.TimingLogger] (.Server-12) start[1728638696082] time[5] tag[omero.loadPixels]
2024-10-11 09:24:56,099 INFO  [                 org.perf4j.TimingLogger] (.Server-12) start[1728638696091] time[8] tag[omero.loadRenderingSettingsByUser]
2024-10-11 09:24:56,118 DEBUG [                   loci.formats.Memoizer] (.Server-12) start[1728638696106] time[12] tag[loci.formats.Memoizer.loadMemo]
2024-10-11 09:24:56,148 INFO  [                loci.formats.ImageReader] (.Server-12) IonpathMIBITiffReader initializing /OMERO/ManagedRepository/root_0/2024-10/11/09-24-51.006/TA459_multipleCores2_Run-4_Point28.tiff
2024-10-11 09:24:56,148 INFO  [       loci.formats.in.MinimalTiffReader] (.Server-12) Reading IFDs
2024-10-11 09:24:56,150 INFO  [       loci.formats.in.MinimalTiffReader] (.Server-12) Populating metadata
2024-10-11 09:24:56,153 INFO  [          loci.formats.in.BaseTiffReader] (.Server-12) Populating OME metadata
2024-10-11 09:24:56,165 DEBUG [                   loci.formats.Memoizer] (.Server-12) saved to temp file: /OMERO/BioFormatsCache/OMERO/ManagedRepository/root_0/2024-10/11/09-24-51.006/.TA459_multipleCores2_Run-4_Point28.tiff.bfmemo3030187261907450080
2024-10-11 09:24:56,165 DEBUG [                   loci.formats.Memoizer] (.Server-12) start[1728638696161] time[4] tag[loci.formats.Memoizer.saveMemo]
2024-10-11 09:24:56,165 DEBUG [                   loci.formats.Memoizer] (.Server-12) saved memo file: /OMERO/BioFormatsCache/OMERO/ManagedRepository/root_0/2024-10/11/09-24-51.006/.TA459_multipleCores2_Run-4_Point28.tiff.bfmemo (50733 bytes)
2024-10-11 09:24:56,165 DEBUG [                   loci.formats.Memoizer] (.Server-12) start[1728638696105] time[59] tag[loci.formats.Memoizer.setId]
2024-10-11 09:24:56,189 INFO  [       ome.security.basic.CurrentDetails] (.Server-12) Adding log:INSERT,class ome.model.display.QuantumDef,203
2024-10-11 09:24:56,190 INFO  [       ome.security.basic.CurrentDetails] (.Server-12) Adding log:INSERT,class ome.model.display.RenderingDef,203
2024-10-11 09:24:56,191 INFO  [       ome.security.basic.CurrentDetails] (.Server-12) Adding log:INSERT,class ome.model.display.ChannelBinding,639
2024-10-11 09:24:56,191 INFO  [       ome.security.basic.CurrentDetails] (.Server-12) Adding log:INSERT,class ome.model.display.ChannelBinding,640
2024-10-11 09:24:56,192 INFO  [       ome.security.basic.CurrentDetails] (.Server-12) Adding log:INSERT,class ome.model.display.ChannelBinding,641
2024-10-11 09:24:56,192 INFO  [       ome.security.basic.CurrentDetails] (.Server-12) Adding log:INSERT,class ome.model.display.ChannelBinding,642
2024-10-11 09:24:56,208 INFO  [       ome.security.basic.CurrentDetails] (.Server-12) Adding log:INSERT,class ome.model.display.ChannelBinding,643
2024-10-11 09:24:56,209 INFO  [       ome.security.basic.CurrentDetails] (.Server-12) Adding log:INSERT,class ome.model.display.ChannelBinding,644
2024-10-11 09:24:56,210 INFO  [       ome.security.basic.CurrentDetails] (.Server-12) Adding log:INSERT,class ome.model.display.ChannelBinding,645
2024-10-11 09:24:56,211 INFO  [       ome.security.basic.CurrentDetails] (.Server-12) Adding log:INSERT,class ome.model.display.ChannelBinding,646
2024-10-11 09:24:56,212 INFO  [       ome.security.basic.CurrentDetails] (.Server-12) Adding log:INSERT,class ome.model.display.ChannelBinding,647
2024-10-11 09:24:56,212 INFO  [       ome.security.basic.CurrentDetails] (.Server-12) Adding log:INSERT,class ome.model.display.ChannelBinding,648
2024-10-11 09:24:56,213 INFO  [       ome.security.basic.CurrentDetails] (.Server-12) Adding log:INSERT,class ome.model.display.ChannelBinding,649
2024-10-11 09:24:56,213 INFO  [       ome.security.basic.CurrentDetails] (.Server-12) Adding log:INSERT,class ome.model.display.ChannelBinding,650
2024-10-11 09:24:56,213 INFO  [       ome.security.basic.CurrentDetails] (.Server-12) Adding log:INSERT,class ome.model.display.ChannelBinding,651
2024-10-11 09:24:56,214 INFO  [       ome.security.basic.CurrentDetails] (.Server-12) Adding log:INSERT,class ome.model.display.ChannelBinding,652
2024-10-11 09:24:56,214 INFO  [       ome.security.basic.CurrentDetails] (.Server-12) Adding log:INSERT,class ome.model.display.ChannelBinding,653
2024-10-11 09:24:56,215 INFO  [       ome.security.basic.CurrentDetails] (.Server-12) Adding log:INSERT,class ome.model.display.ChannelBinding,654
2024-10-11 09:24:56,215 INFO  [       ome.security.basic.CurrentDetails] (.Server-12) Adding log:INSERT,class ome.model.display.ChannelBinding,655
2024-10-11 09:24:56,216 INFO  [       ome.security.basic.CurrentDetails] (.Server-12) Adding log:INSERT,class ome.model.display.ChannelBinding,656
2024-10-11 09:24:56,216 INFO  [       ome.security.basic.CurrentDetails] (.Server-12) Adding log:INSERT,class ome.model.display.ChannelBinding,657
2024-10-11 09:24:56,216 INFO  [       ome.security.basic.CurrentDetails] (.Server-12) Adding log:INSERT,class ome.model.display.ChannelBinding,658
2024-10-11 09:24:56,217 INFO  [       ome.security.basic.CurrentDetails] (.Server-12) Adding log:INSERT,class ome.model.display.ChannelBinding,659
2024-10-11 09:24:56,217 INFO  [       ome.security.basic.CurrentDetails] (.Server-12) Adding log:INSERT,class ome.model.display.ChannelBinding,660
2024-10-11 09:24:56,218 INFO  [       ome.security.basic.CurrentDetails] (.Server-12) Adding log:INSERT,class ome.model.display.ChannelBinding,661
2024-10-11 09:24:56,218 INFO  [       ome.security.basic.CurrentDetails] (.Server-12) Adding log:INSERT,class ome.model.display.ChannelBinding,662
2024-10-11 09:24:56,219 INFO  [       ome.security.basic.CurrentDetails] (.Server-12) Adding log:INSERT,class ome.model.display.ChannelBinding,663
2024-10-11 09:24:56,219 INFO  [       ome.security.basic.CurrentDetails] (.Server-12) Adding log:INSERT,class ome.model.display.ChannelBinding,664
2024-10-11 09:24:56,220 INFO  [       ome.security.basic.CurrentDetails] (.Server-12) Adding log:INSERT,class ome.model.display.ChannelBinding,665
2024-10-11 09:24:56,220 INFO  [       ome.security.basic.CurrentDetails] (.Server-12) Adding log:INSERT,class ome.model.display.ChannelBinding,666
2024-10-11 09:24:56,220 INFO  [       ome.security.basic.CurrentDetails] (.Server-12) Adding log:INSERT,class ome.model.display.ChannelBinding,667
2024-10-11 09:24:56,221 INFO  [       ome.security.basic.CurrentDetails] (.Server-12) Adding log:INSERT,class ome.model.display.ChannelBinding,668
2024-10-11 09:24:56,221 INFO  [       ome.security.basic.CurrentDetails] (.Server-12) Adding log:INSERT,class ome.model.display.ChannelBinding,669
2024-10-11 09:24:56,221 INFO  [       ome.security.basic.CurrentDetails] (.Server-12) Adding log:INSERT,class ome.model.display.ChannelBinding,670
2024-10-11 09:24:56,222 INFO  [       ome.security.basic.CurrentDetails] (.Server-12) Adding log:INSERT,class ome.model.display.ChannelBinding,671
2024-10-11 09:24:56,222 INFO  [       ome.security.basic.CurrentDetails] (.Server-12) Adding log:INSERT,class ome.model.display.ChannelBinding,672
2024-10-11 09:24:56,223 INFO  [       ome.security.basic.CurrentDetails] (.Server-12) Adding log:INSERT,class ome.model.display.ChannelBinding,673
2024-10-11 09:24:56,223 INFO  [       ome.security.basic.CurrentDetails] (.Server-12) Adding log:INSERT,class ome.model.display.ChannelBinding,674
2024-10-11 09:24:56,223 INFO  [       ome.security.basic.CurrentDetails] (.Server-12) Adding log:INSERT,class ome.model.display.ChannelBinding,675
2024-10-11 09:24:56,224 INFO  [       ome.security.basic.CurrentDetails] (.Server-12) Adding log:INSERT,class ome.model.display.ChannelBinding,676
2024-10-11 09:24:56,224 INFO  [       ome.security.basic.CurrentDetails] (.Server-12) Adding log:INSERT,class ome.model.display.ChannelBinding,677
2024-10-11 09:24:56,224 INFO  [       ome.security.basic.CurrentDetails] (.Server-12) Adding log:INSERT,class ome.model.display.ChannelBinding,678
2024-10-11 09:24:56,225 INFO  [       ome.security.basic.CurrentDetails] (.Server-12) Adding log:INSERT,class ome.model.display.ChannelBinding,679
2024-10-11 09:24:56,225 INFO  [       ome.security.basic.CurrentDetails] (.Server-12) Adding log:INSERT,class ome.model.display.ChannelBinding,680
2024-10-11 09:24:56,226 INFO  [       ome.security.basic.CurrentDetails] (.Server-12) Adding log:INSERT,class ome.model.display.ChannelBinding,681
2024-10-11 09:24:56,226 INFO  [       ome.security.basic.CurrentDetails] (.Server-12) Adding log:INSERT,class ome.model.display.ChannelBinding,682
2024-10-11 09:24:56,242 INFO  [                 org.perf4j.TimingLogger] (.Server-12) start[1728638696182] time[59] tag[omero.resetDefaultsInSet.saveAndReturn]
2024-10-11 09:24:56,242 INFO  [                 org.perf4j.TimingLogger] (.Server-12) start[1728638696082] time[159] tag[omero.resetDefaultsInSet]
2024-10-11 09:24:56,250 INFO  [                 org.perf4j.TimingLogger] (.Server-12) start[1728638696077] time[173] tag[omero.call.success.ome.logic.RenderingSettingsImpl.resetDefaultsInSet]
2024-10-11 09:24:56,253 INFO  [    ome.security.basic.BasicEventContext] (.Server-14)  cctx:	group=0
2024-10-11 09:24:56,257 INFO  [         ome.security.basic.EventHandler] (.Server-14)  Auth:	user=0,group=0,event=27950(User),sess=83be404c-1957-46d4-a36b-f9feca68dcf3
2024-10-11 09:24:56,259 INFO  [                 org.perf4j.TimingLogger] (.Server-14) start[1728638696257] time[2] tag[omero.bulkLoadRenderingSettings]
2024-10-11 09:24:56,259 INFO  [                 org.perf4j.TimingLogger] (.Server-14) start[1728638696259] time[0] tag[omero.createAndPrepareMissingRenderingSettings]
2024-10-11 09:24:56,261 INFO  [                 org.perf4j.TimingLogger] (.Server-14) start[1728638696259] time[2] tag[omero.bulkLoadMetadata]
2024-10-11 09:24:56,262 INFO  [                 org.perf4j.TimingLogger] (.Server-14) start[1728638696259] time[2] tag[omero.loadMetadataByDimensionPool]
2024-10-11 09:24:56,264 INFO  [       ome.security.basic.CurrentDetails] (.Server-14) Adding log:INSERT,class ome.model.display.Thumbnail,203
2024-10-11 09:24:56,266 INFO  [                 org.perf4j.TimingLogger] (.Server-14) start[1728638696265] time[0] tag[omero.bulkLoadMetadata]
2024-10-11 09:24:56,266 INFO  [                 org.perf4j.TimingLogger] (.Server-14) start[1728638696265] time[1] tag[omero.loadMetadataByDimensionPool]
2024-10-11 09:24:56,266 INFO  [                 org.perf4j.TimingLogger] (.Server-14) start[1728638696262] time[3] tag[omero.createMissingThumbnailMetadata]
2024-10-11 09:24:56,267 INFO  [    ome.security.basic.BasicEventContext] (.Server-14)  cctx:	group=0
2024-10-11 09:24:56,271 INFO  [         ome.security.basic.EventHandler] (.Server-14)  Auth:	user=0,group=0,event=27952(User),sess=83be404c-1957-46d4-a36b-f9feca68dcf3
2024-10-11 09:24:56,272 INFO  [                 org.perf4j.TimingLogger] (.Server-14) start[1728638696272] time[0] tag[omero._createThumbnail(thumbMetaData)]
2024-10-11 09:24:56,301 DEBUG [                   loci.formats.Memoizer] (.Server-14) loaded memo file: /OMERO/BioFormatsCache/OMERO/ManagedRepository/root_0/2024-10/11/09-24-51.006/.TA459_multipleCores2_Run-4_Point28.tiff.bfmemo (50733 bytes)
2024-10-11 09:24:56,301 DEBUG [                   loci.formats.Memoizer] (.Server-14) start[1728638696285] time[15] tag[loci.formats.Memoizer.loadMemo]
2024-10-11 09:24:56,301 DEBUG [                   loci.formats.Memoizer] (.Server-14) start[1728638696285] time[16] tag[loci.formats.Memoizer.setId]
2024-10-11 09:24:56,374 INFO  [       ome.logic.JavaImageScalingService] (.Server-14) Scaling to: 96x96
2024-10-11 09:24:56,403 INFO  [                 org.perf4j.TimingLogger] (.Server-14) start[1728638696374] time[29] tag[java-image-scaling.resampleOp]
2024-10-11 09:24:56,405 INFO  [                 org.perf4j.TimingLogger] (.Server-14) start[1728638696272] time[133] tag[omero._createThumbnail]
2024-10-11 09:24:56,413 INFO  [                 org.perf4j.TimingLogger] (.Server-14) start[1728638696251] time[162] tag[omero.call.success.ome.services.ThumbnailBean.createThumbnailsByLongestSideSet]
2024-10-11 09:24:56,414 INFO  [                 org.perf4j.TimingLogger] (2-thread-3) start[1728638696076] time[337] tag[omero.import.request.thumbs]
2024-10-11 09:24:56,416 INFO  [    ome.security.basic.BasicEventContext] (.Server-10)  cctx:	group=0
2024-10-11 09:24:56,417 INFO  [         ome.security.basic.EventHandler] (.Server-10)  Auth:	user=0,group=0,event=null(User),sess=83be404c-1957-46d4-a36b-f9feca68dcf3
2024-10-11 09:24:56,419 INFO  [                 org.perf4j.TimingLogger] (.Server-10) start[1728638696415] time[4] tag[omero.call.success.ome.logic.QueryImpl.get]
2024-10-11 09:24:56,421 INFO  [    ome.security.basic.BasicEventContext] (.Server-13)  cctx:	group=0
2024-10-11 09:24:56,425 INFO  [         ome.security.basic.EventHandler] (.Server-13)  Auth:	user=0,group=0,event=27960(User),sess=83be404c-1957-46d4-a36b-f9feca68dcf3
2024-10-11 09:24:56,427 INFO  [       ome.security.basic.CurrentDetails] (.Server-13) Adding log:UPDATE,class ome.model.core.OriginalFile,3046
2024-10-11 09:24:56,432 INFO  [                 org.perf4j.TimingLogger] (.Server-13) start[1728638696420] time[11] tag[omero.call.success.ome.logic.UpdateImpl.saveObject]
2024-10-11 09:24:56,432 INFO  [                 org.perf4j.TimingLogger] (2-thread-3) start[1728638696076] time[355] tag[omero.import.request.step]
2024-10-11 09:24:56,432 DEBUG [    o.s.blitz.repo.ManagedImportRequestI] (2-thread-3) Step 3
2024-10-11 09:24:56,433 INFO  [    ome.security.basic.BasicEventContext] (.Server-15)  cctx:	group=0
2024-10-11 09:24:56,435 INFO  [         ome.security.basic.EventHandler] (.Server-15)  Auth:	user=0,group=0,event=null(User),sess=83be404c-1957-46d4-a36b-f9feca68dcf3
2024-10-11 09:24:56,437 INFO  [                 org.perf4j.TimingLogger] (.Server-15) start[1728638696433] time[4] tag[omero.call.success.ome.services.blitz.impl.MetadataStoreI$6.doWork]
2024-10-11 09:24:56,438 INFO  [    ome.security.basic.BasicEventContext] (.Server-12)  cctx:	group=0
2024-10-11 09:24:56,439 INFO  [         ome.security.basic.EventHandler] (.Server-12)  Auth:	user=0,group=0,event=null(User),sess=83be404c-1957-46d4-a36b-f9feca68dcf3
2024-10-11 09:24:56,453 INFO  [                 org.perf4j.TimingLogger] (.Server-12) start[1728638696438] time[15] tag[omero.call.success.ome.logic.QueryImpl.get]
2024-10-11 09:24:56,456 INFO  [    ome.security.basic.BasicEventContext] (.Server-11)  cctx:	group=0
2024-10-11 09:24:56,463 INFO  [         ome.security.basic.EventHandler] (.Server-11)  Auth:	user=0,group=0,event=27961(User),sess=83be404c-1957-46d4-a36b-f9feca68dcf3
2024-10-11 09:24:56,465 INFO  [       ome.security.basic.CurrentDetails] (.Server-11) Adding log:UPDATE,class ome.model.core.OriginalFile,3046
2024-10-11 09:24:56,470 INFO  [                 org.perf4j.TimingLogger] (.Server-11) start[1728638696455] time[15] tag[omero.call.success.ome.logic.UpdateImpl.saveObject]
2024-10-11 09:24:56,470 INFO  [                 org.perf4j.TimingLogger] (2-thread-3) start[1728638696432] time[38] tag[omero.import.request.step]
2024-10-11 09:24:56,471 DEBUG [    o.s.blitz.repo.ManagedImportRequestI] (2-thread-3) Step 4
2024-10-11 09:24:56,473 INFO  [    ome.security.basic.BasicEventContext] (l.Server-9)  cctx:	group=0
2024-10-11 09:24:56,476 INFO  [         ome.security.basic.EventHandler] (l.Server-9)  Auth:	user=0,group=0,event=null(User),sess=83be404c-1957-46d4-a36b-f9feca68dcf3
2024-10-11 09:24:56,478 INFO  [                 org.perf4j.TimingLogger] (l.Server-9) start[1728638696472] time[6] tag[omero.call.success.ome.logic.QueryImpl.get]
2024-10-11 09:24:56,480 INFO  [    ome.security.basic.BasicEventContext] (.Server-14)  cctx:	group=0
2024-10-11 09:24:56,484 INFO  [         ome.security.basic.EventHandler] (.Server-14)  Auth:	user=0,group=0,event=27962(User),sess=83be404c-1957-46d4-a36b-f9feca68dcf3
2024-10-11 09:24:56,486 INFO  [       ome.security.basic.CurrentDetails] (.Server-14) Adding log:UPDATE,class ome.model.core.OriginalFile,3046
2024-10-11 09:24:56,490 INFO  [                 org.perf4j.TimingLogger] (.Server-14) start[1728638696479] time[10] tag[omero.call.success.ome.logic.UpdateImpl.saveObject]
2024-10-11 09:24:56,491 INFO  [                 org.perf4j.TimingLogger] (2-thread-3) start[1728638696471] time[19] tag[omero.import.request.step]
2024-10-11 09:24:56,496 INFO  [    ome.security.basic.BasicEventContext] (.Server-10)  cctx:	group=0
2024-10-11 09:24:56,500 INFO  [         ome.security.basic.EventHandler] (.Server-10)  Auth:	user=0,group=0,event=27963(User),sess=83be404c-1957-46d4-a36b-f9feca68dcf3
2024-10-11 09:24:56,503 INFO  [                 org.perf4j.TimingLogger] (.Server-10) start[1728638696496] time[7] tag[omero.call.success.ome.services.RawFileBean.close]
2024-10-11 09:24:56,503 DEBUG [                omero.util.ServantHolder] (.Server-10) Removed omero.api._RawFileStoreTie@2f198048 from omero.util.ServantHolder@149b3864 as d1f9cce9-a75b-4b5e-833a-809f96c71aa6omero.api.RawFileStore
2024-10-11 09:24:56,503 INFO  [                      omero.cmd.SessionI] (.Server-10) Unregistered servant:83be404c-1957-46d4-a36b-f9feca68dcf3/d1f9cce9-a75b-4b5e-833a-809f96c71aa6omero.api.RawFileStore(omero.api._RawFileStoreTie@2f198048)
2024-10-11 09:24:56,509 INFO  [    ome.security.basic.BasicEventContext] (.Server-13)  cctx:	group=0
2024-10-11 09:24:56,514 INFO  [         ome.security.basic.EventHandler] (.Server-13)  Auth:	user=0,group=0,event=27964(User),sess=83be404c-1957-46d4-a36b-f9feca68dcf3
2024-10-11 09:24:56,517 INFO  [                 org.perf4j.TimingLogger] (.Server-13) start[1728638696504] time[13] tag[omero.call.success.ome.services.RawPixelsBean.close]
2024-10-11 09:24:56,518 DEBUG [                omero.util.ServantHolder] (.Server-13) Removed omero.api._RawPixelsStoreTie@23d63763 from omero.util.ServantHolder@149b3864 as aa007462-67f3-4564-985f-d509b64e1546omero.api.RawPixelsStore
2024-10-11 09:24:56,518 INFO  [                      omero.cmd.SessionI] (.Server-13) Unregistered servant:83be404c-1957-46d4-a36b-f9feca68dcf3/aa007462-67f3-4564-985f-d509b64e1546omero.api.RawPixelsStore(omero.api._RawPixelsStoreTie@23d63763)
2024-10-11 09:24:56,519 INFO  [    ome.security.basic.BasicEventContext] (.Server-11)  cctx:	group=0
2024-10-11 09:24:56,520 INFO  [         ome.security.basic.EventHandler] (.Server-11)  Auth:	user=0,group=0,event=null(User),sess=83be404c-1957-46d4-a36b-f9feca68dcf3
2024-10-11 09:24:56,520 INFO  [                 org.perf4j.TimingLogger] (.Server-11) start[1728638696518] time[2] tag[omero.call.success.ome.services.ThumbnailBean.close]
2024-10-11 09:24:56,520 DEBUG [                omero.util.ServantHolder] (.Server-11) Removed omero.api._ThumbnailStoreTie@6adc2b78 from omero.util.ServantHolder@149b3864 as 3f6ebeef-f390-4642-b39b-dd14d2cc4efdomero.api.ThumbnailStore
2024-10-11 09:24:56,521 INFO  [                      omero.cmd.SessionI] (.Server-11) Unregistered servant:83be404c-1957-46d4-a36b-f9feca68dcf3/3f6ebeef-f390-4642-b39b-dd14d2cc4efdomero.api.ThumbnailStore(omero.api._ThumbnailStoreTie@6adc2b78)
2024-10-11 09:24:56,521 DEBUG [                omero.util.ServantHolder] (l.Server-9) Removed omero.api._MetadataStoreTie@25127d67 from omero.util.ServantHolder@149b3864 as b65ebdd8-6bd5-484b-af2a-b100e6b0352fomero.api.MetadataStore
2024-10-11 09:24:56,521 INFO  [                      omero.cmd.SessionI] (l.Server-9) Unregistered servant:83be404c-1957-46d4-a36b-f9feca68dcf3/b65ebdd8-6bd5-484b-af2a-b100e6b0352fomero.api.MetadataStore(omero.api._MetadataStoreTie@25127d67)
2024-10-11 09:24:56,521 INFO  [    o.s.blitz.repo.ManagedImportRequestI] (2-thread-3) Cleaning up import.
2024-10-11 09:24:56,527 INFO  [         ome.security.basic.EventHandler] (l.Server-4)  Auth:	user=0,group=0,event=null(User),sess=83be404c-1957-46d4-a36b-f9feca68dcf3
2024-10-11 09:24:56,528 INFO  [                 org.perf4j.TimingLogger] (l.Server-4) start[1728638696525] time[3] tag[omero.call.success.ome.logic.QueryImpl.get]
2024-10-11 09:24:56,540 INFO  [         ome.security.basic.EventHandler] (.Server-15)  Auth:	user=0,group=0,event=27965(User),sess=83be404c-1957-46d4-a36b-f9feca68dcf3
2024-10-11 09:24:56,543 INFO  [       ome.security.basic.CurrentDetails] (.Server-15) Adding log:UPDATE,class ome.model.core.OriginalFile,3046
2024-10-11 09:24:56,548 INFO  [                 org.perf4j.TimingLogger] (.Server-15) start[1728638696531] time[17] tag[omero.call.success.ome.logic.UpdateImpl.saveObject]
