2024-10-11 09:25:16,237 INFO  [                 org.perf4j.TimingLogger] (l.Server-4) start[1728638716216] time[20] tag[omero.import.process.init]
2024-10-11 09:25:16,244 INFO  [         ome.security.basic.EventHandler] (l.Server-4)  Auth:	user=0,group=0,event=28433(User),sess=83be404c-1957-46d4-a36b-f9feca68dcf3
2024-10-11 09:25:16,246 INFO  [       ome.security.basic.CurrentDetails] (l.Server-4) Adding log:INSERT,class ome.model.jobs.UploadJob,3158
2024-10-11 09:25:16,247 INFO  [       ome.security.basic.CurrentDetails] (l.Server-4) Adding log:INSERT,class ome.model.jobs.JobOriginalFileLink,4899
2024-10-11 09:25:16,259 INFO  [       ome.security.basic.CurrentDetails] (l.Server-4) Adding log:INSERT,class ome.model.jobs.MetadataImportJob,3159
2024-10-11 09:25:16,264 INFO  [       ome.security.basic.CurrentDetails] (l.Server-4) Adding log:INSERT,class ome.model.jobs.PixelDataJob,3160
2024-10-11 09:25:16,270 INFO  [       ome.security.basic.CurrentDetails] (l.Server-4) Adding log:INSERT,class ome.model.jobs.ThumbnailGenerationJob,3161
2024-10-11 09:25:16,275 INFO  [       ome.security.basic.CurrentDetails] (l.Server-4) Adding log:INSERT,class ome.model.jobs.IndexingJob,3162
2024-10-11 09:25:16,278 INFO  [                 org.perf4j.TimingLogger] (l.Server-4) start[1728638716278] time[0] tag[omero.repo.internal_register.find_repo_files]
2024-10-11 09:25:16,285 INFO  [       ome.security.basic.CurrentDetails] (l.Server-4) Adding log:INSERT,class ome.model.core.OriginalFile,3113
2024-10-11 09:25:16,285 INFO  [                 org.perf4j.TimingLogger] (l.Server-4) start[1728638716280] time[5] tag[omero.repo.create_original_file.save]
2024-10-11 09:25:16,285 INFO  [                 org.perf4j.TimingLogger] (l.Server-4) start[1728638716285] time[0] tag[omero.repo.create_original_file.internal_mkdir]
2024-10-11 09:25:16,285 INFO  [                 org.perf4j.TimingLogger] (l.Server-4) start[1728638716285] time[0] tag[omero.repo.internal_register.load]
2024-10-11 09:25:16,285 INFO  [                 org.perf4j.TimingLogger] (l.Server-4) start[1728638716285] time[0] tag[omero.repo.internal_register.sort]
2024-10-11 09:25:16,286 INFO  [                 org.perf4j.TimingLogger] (l.Server-4) start[1728638716278] time[7] tag[omero.repo.save_fileset.register]
2024-10-11 09:25:16,286 INFO  [                 org.perf4j.TimingLogger] (l.Server-4) start[1728638716286] time[0] tag[omero.repo.save_fileset.update_fileset_entries]
2024-10-11 09:25:16,288 INFO  [       ome.security.basic.CurrentDetails] (l.Server-4) Adding log:INSERT,class ome.model.fs.Fileset,225
2024-10-11 09:25:16,289 INFO  [       ome.security.basic.CurrentDetails] (l.Server-4) Adding log:INSERT,class ome.model.fs.FilesetJobLink,321
2024-10-11 09:25:16,289 INFO  [       ome.security.basic.CurrentDetails] (l.Server-4) Adding log:INSERT,class ome.model.fs.FilesetJobLink,322
2024-10-11 09:25:16,289 INFO  [       ome.security.basic.CurrentDetails] (l.Server-4) Adding log:INSERT,class ome.model.fs.FilesetJobLink,323
2024-10-11 09:25:16,290 INFO  [       ome.security.basic.CurrentDetails] (l.Server-4) Adding log:INSERT,class ome.model.fs.FilesetJobLink,324
2024-10-11 09:25:16,290 INFO  [       ome.security.basic.CurrentDetails] (l.Server-4) Adding log:INSERT,class ome.model.fs.FilesetJobLink,325
2024-10-11 09:25:16,291 INFO  [       ome.security.basic.CurrentDetails] (l.Server-4) Adding log:INSERT,class ome.model.fs.FilesetEntry,225
2024-10-11 09:25:16,293 INFO  [                 org.perf4j.TimingLogger] (l.Server-4) start[1728638716286] time[7] tag[omero.repo.save_fileset.save]
2024-10-11 09:25:16,298 INFO  [                 org.perf4j.TimingLogger] (l.Server-4) start[1728638716239] time[58] tag[omero.call.success.ome.services.blitz.repo.RepositoryDaoImpl$8.doWork]
2024-10-11 09:25:16,298 INFO  [                 org.perf4j.TimingLogger] (l.Server-4) start[1728638716239] time[59] tag[omero.repo.save_fileset]
2024-10-11 09:25:16,299 INFO  [                      omero.cmd.SessionI] (l.Server-4) Added servant to adapter: 83be404c-1957-46d4-a36b-f9feca68dcf3/1fbcc850-c7d0-4eef-8440-7c04100a13ee-ManagedImportProcessI(omero.grid._ImportProcessTie@5eadc99a)
2024-10-11 09:25:16,299 DEBUG [                omero.util.ServantHolder] (l.Server-4) Added omero.grid._ImportProcessTie@5eadc99a to omero.util.ServantHolder@149b3864 as 1fbcc850-c7d0-4eef-8440-7c04100a13ee-ManagedImportProcessI
2024-10-11 09:25:16,299 INFO  [                 org.perf4j.TimingLogger] (l.Server-4) start[1728638716239] time[60] tag[omero.import.process.create]
2024-10-11 09:25:16,306 INFO  [         ome.security.basic.EventHandler] (.Server-15)  Auth:	user=0,group=0,event=null(User),sess=83be404c-1957-46d4-a36b-f9feca68dcf3
2024-10-11 09:25:16,309 INFO  [                 org.perf4j.TimingLogger] (.Server-15) start[1728638716304] time[4] tag[omero.call.success.ome.services.blitz.repo.RepositoryDaoImpl$2.doWork]
2024-10-11 09:25:16,311 INFO  [         ome.security.basic.EventHandler] (.Server-15)  Auth:	user=0,group=0,event=null(User),sess=83be404c-1957-46d4-a36b-f9feca68dcf3
2024-10-11 09:25:16,314 INFO  [                 org.perf4j.TimingLogger] (.Server-15) start[1728638716309] time[5] tag[omero.call.success.ome.services.blitz.repo.RepositoryDaoImpl$4.doWork]
2024-10-11 09:25:16,318 INFO  [         ome.security.basic.EventHandler] (.Server-15)  Auth:	user=0,group=0,event=null(User),sess=83be404c-1957-46d4-a36b-f9feca68dcf3
2024-10-11 09:25:16,323 INFO  [                 org.perf4j.TimingLogger] (.Server-15) start[1728638716315] time[7] tag[omero.call.success.ome.services.blitz.repo.RepositoryDaoImpl$6.doWork]
2024-10-11 09:25:16,324 INFO  [    ome.security.basic.BasicEventContext] (.Server-15)  cctx:	group=0
2024-10-11 09:25:16,325 INFO  [         ome.security.basic.EventHandler] (.Server-15)  Auth:	user=0,group=0,event=null(User),sess=83be404c-1957-46d4-a36b-f9feca68dcf3
2024-10-11 09:25:16,329 INFO  [                 org.perf4j.TimingLogger] (.Server-15) start[1728638716323] time[5] tag[omero.call.success.ome.services.blitz.repo.RepositoryDaoImpl$1.doWork]
2024-10-11 09:25:16,329 INFO  [                      omero.cmd.SessionI] (.Server-15) Added servant to adapter: 83be404c-1957-46d4-a36b-f9feca68dcf3/7df9a87a-6cf9-4ec6-8951-36056b2bc336-RepoRawFileStoreI(omero.api._RawFileStoreTie@390ccf94)
2024-10-11 09:25:16,329 DEBUG [                omero.util.ServantHolder] (.Server-15) Added omero.api._RawFileStoreTie@390ccf94 to omero.util.ServantHolder@149b3864 as 7df9a87a-6cf9-4ec6-8951-36056b2bc336-RepoRawFileStoreI
2024-10-11 09:25:16,329 INFO  [                 org.perf4j.TimingLogger] (.Server-15) start[1728638716304] time[25] tag[omero.import.process.opener]
2024-10-11 09:25:16,329 INFO  [                 org.perf4j.TimingLogger] (.Server-15) start[1728638716304] time[25] tag[omero.import.process.uploader]
2024-10-11 09:25:16,335 INFO  [         ome.security.basic.EventHandler] (.Server-11)  Auth:	user=0,group=0,event=null(User),sess=83be404c-1957-46d4-a36b-f9feca68dcf3
2024-10-11 09:25:16,335 INFO  [                 org.perf4j.TimingLogger] (.Server-11) start[1728638716333] time[2] tag[omero.call.success.ome.services.RawFileBean.write]
2024-10-11 09:25:16,388 INFO  [         ome.security.basic.EventHandler] (l.Server-9)  Auth:	user=0,group=0,event=null(User),sess=83be404c-1957-46d4-a36b-f9feca68dcf3
2024-10-11 09:25:16,396 INFO  [                 org.perf4j.TimingLogger] (l.Server-9) start[1728638716387] time[8] tag[omero.call.success.ome.services.RawFileBean.write]
2024-10-11 09:25:16,443 INFO  [         ome.security.basic.EventHandler] (.Server-13)  Auth:	user=0,group=0,event=null(User),sess=83be404c-1957-46d4-a36b-f9feca68dcf3
2024-10-11 09:25:16,449 INFO  [                 org.perf4j.TimingLogger] (.Server-13) start[1728638716442] time[7] tag[omero.call.success.ome.services.RawFileBean.write]
2024-10-11 09:25:16,499 INFO  [         ome.security.basic.EventHandler] (l.Server-4)  Auth:	user=0,group=0,event=null(User),sess=83be404c-1957-46d4-a36b-f9feca68dcf3
2024-10-11 09:25:16,506 INFO  [                 org.perf4j.TimingLogger] (l.Server-4) start[1728638716498] time[8] tag[omero.call.success.ome.services.RawFileBean.write]
2024-10-11 09:25:16,561 INFO  [         ome.security.basic.EventHandler] (.Server-12)  Auth:	user=0,group=0,event=null(User),sess=83be404c-1957-46d4-a36b-f9feca68dcf3
2024-10-11 09:25:16,567 INFO  [                 org.perf4j.TimingLogger] (.Server-12) start[1728638716559] time[7] tag[omero.call.success.ome.services.RawFileBean.write]
2024-10-11 09:25:16,610 INFO  [         ome.security.basic.EventHandler] (.Server-11)  Auth:	user=0,group=0,event=null(User),sess=83be404c-1957-46d4-a36b-f9feca68dcf3
2024-10-11 09:25:16,615 INFO  [                 org.perf4j.TimingLogger] (.Server-11) start[1728638716608] time[7] tag[omero.call.success.ome.services.RawFileBean.write]
2024-10-11 09:25:16,662 INFO  [         ome.security.basic.EventHandler] (l.Server-4)  Auth:	user=0,group=0,event=null(User),sess=83be404c-1957-46d4-a36b-f9feca68dcf3
2024-10-11 09:25:16,668 INFO  [                 org.perf4j.TimingLogger] (l.Server-4) start[1728638716661] time[7] tag[omero.call.success.ome.services.RawFileBean.write]
2024-10-11 09:25:16,682 INFO  [         ome.security.basic.EventHandler] (.Server-14)  Auth:	user=0,group=0,event=null(User),sess=83be404c-1957-46d4-a36b-f9feca68dcf3
2024-10-11 09:25:16,683 INFO  [                 org.perf4j.TimingLogger] (.Server-14) start[1728638716681] time[2] tag[omero.call.success.ome.services.RawFileBean.write]
2024-10-11 09:25:16,690 INFO  [         ome.security.basic.EventHandler] (.Server-12)  Auth:	user=0,group=0,event=28439(User),sess=83be404c-1957-46d4-a36b-f9feca68dcf3
2024-10-11 09:25:16,705 INFO  [                 org.perf4j.TimingLogger] (.Server-12) start[1728638716690] time[14] tag[omero.services.file.flush]
2024-10-11 09:25:16,727 INFO  [                 org.perf4j.TimingLogger] (.Server-12) start[1728638716705] time[22] tag[omero.services.file.checksum]
2024-10-11 09:25:16,728 INFO  [       ome.security.basic.CurrentDetails] (.Server-12) Adding log:UPDATE,class ome.model.core.OriginalFile,3113
2024-10-11 09:25:16,728 INFO  [                 org.perf4j.TimingLogger] (.Server-12) start[1728638716727] time[1] tag[omero.services.file.finalize]
2024-10-11 09:25:16,731 INFO  [                 org.perf4j.TimingLogger] (.Server-12) start[1728638716686] time[45] tag[omero.call.success.ome.services.RawFileBean.save]
2024-10-11 09:25:16,742 INFO  [         ome.security.basic.EventHandler] (.Server-15)  Auth:	user=0,group=0,event=28440(User),sess=83be404c-1957-46d4-a36b-f9feca68dcf3
2024-10-11 09:25:16,746 INFO  [                 org.perf4j.TimingLogger] (.Server-15) start[1728638716733] time[12] tag[omero.call.success.ome.services.RawFileBean.close]
2024-10-11 09:25:16,746 DEBUG [                omero.util.ServantHolder] (.Server-15) Removed omero.api._RawFileStoreTie@390ccf94 from omero.util.ServantHolder@149b3864 as 7df9a87a-6cf9-4ec6-8951-36056b2bc336-RepoRawFileStoreI
2024-10-11 09:25:16,746 INFO  [                      omero.cmd.SessionI] (.Server-15) Unregistered servant:83be404c-1957-46d4-a36b-f9feca68dcf3/7df9a87a-6cf9-4ec6-8951-36056b2bc336-RepoRawFileStoreI(omero.api._RawFileStoreTie@390ccf94)
2024-10-11 09:25:16,749 INFO  [         ome.security.basic.EventHandler] (.Server-11)  Auth:	user=0,group=0,event=null(User),sess=83be404c-1957-46d4-a36b-f9feca68dcf3
2024-10-11 09:25:16,749 INFO  [                 org.perf4j.TimingLogger] (.Server-11) start[1728638716748] time[1] tag[omero.call.success.ome.services.blitz.impl.ServiceFactoryI$3.doWork]
2024-10-11 09:25:16,754 INFO  [                 org.perf4j.TimingLogger] (.Server-11) start[1728638716749] time[4] tag[omero.import.process.checksum]
2024-10-11 09:25:16,758 INFO  [         ome.security.basic.EventHandler] (.Server-11)  Auth:	user=0,group=0,event=28443(User),sess=83be404c-1957-46d4-a36b-f9feca68dcf3
2024-10-11 09:25:16,763 INFO  [       ome.security.basic.CurrentDetails] (.Server-11) Adding log:UPDATE,class ome.model.jobs.UploadJob,3158
2024-10-11 09:25:16,769 INFO  [                 org.perf4j.TimingLogger] (.Server-11) start[1728638716754] time[15] tag[omero.call.success.ome.services.blitz.repo.RepositoryDaoImpl$12.doWork]
2024-10-11 09:25:16,772 INFO  [         ome.security.basic.EventHandler] (.Server-11)  Auth:	user=0,group=0,event=null(User),sess=83be404c-1957-46d4-a36b-f9feca68dcf3
2024-10-11 09:25:16,773 INFO  [                 org.perf4j.TimingLogger] (.Server-11) start[1728638716769] time[3] tag[omero.call.success.ome.services.blitz.repo.RepositoryDaoImpl$2.doWork]
2024-10-11 09:25:16,775 INFO  [         ome.security.basic.EventHandler] (.Server-11)  Auth:	user=0,group=0,event=null(User),sess=83be404c-1957-46d4-a36b-f9feca68dcf3
2024-10-11 09:25:16,776 INFO  [                 org.perf4j.TimingLogger] (.Server-11) start[1728638716773] time[2] tag[omero.call.success.ome.services.blitz.repo.RepositoryDaoImpl$4.doWork]
2024-10-11 09:25:16,776 INFO  [       ome.formats.importer.ImportConfig] (.Server-11) OMERO.blitz Version: 5.7.3
2024-10-11 09:25:16,776 INFO  [       ome.formats.importer.ImportConfig] (.Server-11) Bioformats version: 7.3.0 revision: acc4b6de79e55275b5e6c8200f8458f6d93c9ba0 date: 18 April 2024
2024-10-11 09:25:16,777 INFO  [                      omero.cmd.SessionI] (.Server-11) Added servant to adapter: 83be404c-1957-46d4-a36b-f9feca68dcf3/IHandle7be5909f-6f17-4ba2-b5da-ee895fecf8b9(omero.cmd._HandleTie@9658617c)
2024-10-11 09:25:16,778 DEBUG [                omero.util.ServantHolder] (.Server-11) Added omero.cmd._HandleTie@9658617c to omero.util.ServantHolder@149b3864 as IHandle7be5909f-6f17-4ba2-b5da-ee895fecf8b9
2024-10-11 09:25:16,778 INFO  [                 org.perf4j.TimingLogger] (.Server-11) start[1728638716778] time[0] tag[omero.background.submit]
2024-10-11 09:25:16,778 INFO  [                 org.perf4j.TimingLogger] (.Server-11) start[1728638716754] time[24] tag[omero.import.process.submit]
2024-10-11 09:25:16,780 DEBUG [                omero.util.ServantHolder] (.Server-14) Removed omero.grid._ImportProcessTie@5eadc99a from omero.util.ServantHolder@149b3864 as 1fbcc850-c7d0-4eef-8440-7c04100a13ee-ManagedImportProcessI
2024-10-11 09:25:16,780 INFO  [                      omero.cmd.SessionI] (.Server-14) Unregistered servant:83be404c-1957-46d4-a36b-f9feca68dcf3/1fbcc850-c7d0-4eef-8440-7c04100a13ee-ManagedImportProcessI(omero.grid._ImportProcessTie@5eadc99a)
2024-10-11 09:25:16,789 INFO  [    ome.formats.OMEROMetadataStoreClient] (2-thread-9) Call context: {omero.group:0}
2024-10-11 09:25:16,789 INFO  [    ome.formats.OMEROMetadataStoreClient] (2-thread-9) Call context: {omero.logfilename:root_0/2024-10/11/09-25-16.110.log}
2024-10-11 09:25:16,806 INFO  [    ome.security.basic.BasicEventContext] (l.Server-9)  cctx:	group=0
2024-10-11 09:25:16,807 INFO  [         ome.security.basic.EventHandler] (l.Server-9)  Auth:	user=0,group=0,event=null(User),sess=83be404c-1957-46d4-a36b-f9feca68dcf3
2024-10-11 09:25:16,812 INFO  [                 org.perf4j.TimingLogger] (l.Server-9) start[1728638716805] time[6] tag[omero.call.success.ome.logic.AdminImpl.getEventContext]
2024-10-11 09:25:16,844 INFO  [    ome.formats.OMEROMetadataStoreClient] (2-thread-9) Pinging session every 300s.
2024-10-11 09:25:16,864 INFO  [                loci.formats.ImageReader] (2-thread-9) IonpathMIBITiffReader initializing /OMERO/ManagedRepository/root_0/2024-10/11/09-25-16.110/TA459_multipleCores2_Run-4_Point9.tiff
2024-10-11 09:25:16,865 INFO  [       loci.formats.in.MinimalTiffReader] (2-thread-9) Reading IFDs
2024-10-11 09:25:16,867 INFO  [       loci.formats.in.MinimalTiffReader] (2-thread-9) Populating metadata
2024-10-11 09:25:16,870 INFO  [          loci.formats.in.BaseTiffReader] (2-thread-9) Populating OME metadata
2024-10-11 09:25:16,877 INFO  [    ome.security.basic.BasicEventContext] (.Server-14)  cctx:	group=0
2024-10-11 09:25:16,879 INFO  [         ome.security.basic.EventHandler] (.Server-14)  Auth:	user=0,group=0,event=null(User),sess=83be404c-1957-46d4-a36b-f9feca68dcf3
2024-10-11 09:25:16,881 INFO  [                 org.perf4j.TimingLogger] (.Server-14) start[1728638716876] time[4] tag[omero.call.success.ome.logic.QueryImpl.findAll]
2024-10-11 09:25:16,884 INFO  [    ome.security.basic.BasicEventContext] (.Server-15)  cctx:	group=0
2024-10-11 09:25:16,885 INFO  [         ome.security.basic.EventHandler] (.Server-15)  Auth:	user=0,group=0,event=null(User),sess=83be404c-1957-46d4-a36b-f9feca68dcf3
2024-10-11 09:25:16,886 INFO  [                 org.perf4j.TimingLogger] (.Server-15) start[1728638716884] time[1] tag[omero.call.success.ome.logic.QueryImpl.findAll]
2024-10-11 09:25:16,887 INFO  [    ome.security.basic.BasicEventContext] (l.Server-9)  cctx:	group=0
2024-10-11 09:25:16,888 INFO  [         ome.security.basic.EventHandler] (l.Server-9)  Auth:	user=0,group=0,event=null(User),sess=83be404c-1957-46d4-a36b-f9feca68dcf3
2024-10-11 09:25:16,889 INFO  [                 org.perf4j.TimingLogger] (l.Server-9) start[1728638716887] time[2] tag[omero.call.success.ome.logic.QueryImpl.findAll]
2024-10-11 09:25:16,890 INFO  [    ome.security.basic.BasicEventContext] (.Server-13)  cctx:	group=0
2024-10-11 09:25:16,891 INFO  [         ome.security.basic.EventHandler] (.Server-13)  Auth:	user=0,group=0,event=null(User),sess=83be404c-1957-46d4-a36b-f9feca68dcf3
2024-10-11 09:25:16,892 INFO  [                 org.perf4j.TimingLogger] (.Server-13) start[1728638716890] time[2] tag[omero.call.success.ome.logic.QueryImpl.findAll]
2024-10-11 09:25:16,906 DEBUG [                   loci.formats.Memoizer] (2-thread-9) saved to temp file: /OMERO/BioFormatsCache/OMERO/ManagedRepository/root_0/2024-10/11/09-25-16.110/.TA459_multipleCores2_Run-4_Point9.tiff.bfmemo7930940522262971042
2024-10-11 09:25:16,906 DEBUG [                   loci.formats.Memoizer] (2-thread-9) start[1728638716901] time[5] tag[loci.formats.Memoizer.saveMemo]
2024-10-11 09:25:16,906 DEBUG [                   loci.formats.Memoizer] (2-thread-9) saved memo file: /OMERO/BioFormatsCache/OMERO/ManagedRepository/root_0/2024-10/11/09-25-16.110/.TA459_multipleCores2_Run-4_Point9.tiff.bfmemo (50732 bytes)
2024-10-11 09:25:16,906 DEBUG [                   loci.formats.Memoizer] (2-thread-9) start[1728638716844] time[62] tag[loci.formats.Memoizer.setId]
2024-10-11 09:25:16,906 DEBUG [    o.s.blitz.repo.ManagedImportRequestI] (2-thread-9) Image Count: 44
2024-10-11 09:25:16,906 INFO  [    o.s.blitz.repo.ManagedImportRequestI] (2-thread-9) File format: Ionpath MIBI
2024-10-11 09:25:16,906 INFO  [    o.s.blitz.repo.ManagedImportRequestI] (2-thread-9) Base reader: loci.formats.in.IonpathMIBITiffReader
2024-10-11 09:25:16,906 INFO  [                 org.perf4j.TimingLogger] (2-thread-9) start[1728638716787] time[119] tag[omero.import.request.init]
2024-10-11 09:25:16,906 DEBUG [    o.s.blitz.repo.ManagedImportRequestI] (2-thread-9) Step 0
2024-10-11 09:25:16,907 WARN  [    ome.formats.model.ReferenceProcessor] (2-thread-9) Unknown target class for LSID: Image:SIMS
2024-10-11 09:25:16,907 INFO  [    ome.formats.OMEROMetadataStoreClient] (2-thread-9) Handling # of containers: 91
2024-10-11 09:25:16,909 INFO  [    ome.security.basic.BasicEventContext] (.Server-15)  cctx:	group=0
2024-10-11 09:25:16,910 INFO  [         ome.security.basic.EventHandler] (.Server-15)  Auth:	user=0,group=0,event=null(User),sess=83be404c-1957-46d4-a36b-f9feca68dcf3
2024-10-11 09:25:16,910 INFO  [                 org.perf4j.TimingLogger] (.Server-15) start[1728638716908] time[2] tag[omero.call.success.ome.services.blitz.impl.MetadataStoreI$4.doWork]
2024-10-11 09:25:16,911 INFO  [    ome.formats.OMEROMetadataStoreClient] (2-thread-9) Handling # of references: 1
2024-10-11 09:25:16,911 INFO  [    ome.security.basic.BasicEventContext] (l.Server-9)  cctx:	group=0
2024-10-11 09:25:16,913 INFO  [         ome.security.basic.EventHandler] (l.Server-9)  Auth:	user=0,group=0,event=null(User),sess=83be404c-1957-46d4-a36b-f9feca68dcf3
2024-10-11 09:25:16,913 INFO  [                 org.perf4j.TimingLogger] (l.Server-9) start[1728638716911] time[2] tag[omero.call.success.ome.services.blitz.impl.MetadataStoreI$5.doWork]
2024-10-11 09:25:16,916 INFO  [    ome.security.basic.BasicEventContext] (.Server-13)  cctx:	group=0
2024-10-11 09:25:16,919 INFO  [         ome.security.basic.EventHandler] (.Server-13)  Auth:	user=0,group=0,event=28450(User),sess=83be404c-1957-46d4-a36b-f9feca68dcf3
2024-10-11 09:25:16,927 INFO  [       ome.security.basic.CurrentDetails] (.Server-13) Adding log:INSERT,class ome.model.core.Image,225
2024-10-11 09:25:16,927 INFO  [       ome.security.basic.CurrentDetails] (.Server-13) Adding log:INSERT,class ome.model.containers.DatasetImageLink,225
2024-10-11 09:25:16,928 INFO  [       ome.security.basic.CurrentDetails] (.Server-13) Adding log:INSERT,class ome.model.core.Pixels,225
2024-10-11 09:25:16,928 INFO  [       ome.security.basic.CurrentDetails] (.Server-13) Adding log:INSERT,class ome.model.core.LogicalChannel,1607
2024-10-11 09:25:16,928 INFO  [       ome.security.basic.CurrentDetails] (.Server-13) Adding log:INSERT,class ome.model.core.Channel,1607
2024-10-11 09:25:16,929 INFO  [       ome.security.basic.CurrentDetails] (.Server-13) Adding log:INSERT,class ome.model.core.LogicalChannel,1608
2024-10-11 09:25:16,929 INFO  [       ome.security.basic.CurrentDetails] (.Server-13) Adding log:INSERT,class ome.model.core.Channel,1608
2024-10-11 09:25:16,930 INFO  [       ome.security.basic.CurrentDetails] (.Server-13) Adding log:INSERT,class ome.model.core.LogicalChannel,1609
2024-10-11 09:25:16,930 INFO  [       ome.security.basic.CurrentDetails] (.Server-13) Adding log:INSERT,class ome.model.core.Channel,1609
2024-10-11 09:25:16,931 INFO  [       ome.security.basic.CurrentDetails] (.Server-13) Adding log:INSERT,class ome.model.core.LogicalChannel,1610
2024-10-11 09:25:16,931 INFO  [       ome.security.basic.CurrentDetails] (.Server-13) Adding log:INSERT,class ome.model.core.Channel,1610
2024-10-11 09:25:16,931 INFO  [       ome.security.basic.CurrentDetails] (.Server-13) Adding log:INSERT,class ome.model.core.LogicalChannel,1611
2024-10-11 09:25:16,932 INFO  [       ome.security.basic.CurrentDetails] (.Server-13) Adding log:INSERT,class ome.model.core.Channel,1611
2024-10-11 09:25:16,932 INFO  [       ome.security.basic.CurrentDetails] (.Server-13) Adding log:INSERT,class ome.model.core.LogicalChannel,1612
2024-10-11 09:25:16,933 INFO  [       ome.security.basic.CurrentDetails] (.Server-13) Adding log:INSERT,class ome.model.core.Channel,1612
2024-10-11 09:25:16,934 INFO  [       ome.security.basic.CurrentDetails] (.Server-13) Adding log:INSERT,class ome.model.core.LogicalChannel,1613
2024-10-11 09:25:16,934 INFO  [       ome.security.basic.CurrentDetails] (.Server-13) Adding log:INSERT,class ome.model.core.Channel,1613
2024-10-11 09:25:16,934 INFO  [       ome.security.basic.CurrentDetails] (.Server-13) Adding log:INSERT,class ome.model.core.LogicalChannel,1614
2024-10-11 09:25:16,935 INFO  [       ome.security.basic.CurrentDetails] (.Server-13) Adding log:INSERT,class ome.model.core.Channel,1614
2024-10-11 09:25:16,935 INFO  [       ome.security.basic.CurrentDetails] (.Server-13) Adding log:INSERT,class ome.model.core.LogicalChannel,1615
2024-10-11 09:25:16,935 INFO  [       ome.security.basic.CurrentDetails] (.Server-13) Adding log:INSERT,class ome.model.core.Channel,1615
2024-10-11 09:25:16,935 INFO  [       ome.security.basic.CurrentDetails] (.Server-13) Adding log:INSERT,class ome.model.core.LogicalChannel,1616
2024-10-11 09:25:16,935 INFO  [       ome.security.basic.CurrentDetails] (.Server-13) Adding log:INSERT,class ome.model.core.Channel,1616
2024-10-11 09:25:16,936 INFO  [       ome.security.basic.CurrentDetails] (.Server-13) Adding log:INSERT,class ome.model.core.LogicalChannel,1617
2024-10-11 09:25:16,936 INFO  [       ome.security.basic.CurrentDetails] (.Server-13) Adding log:INSERT,class ome.model.core.Channel,1617
2024-10-11 09:25:16,936 INFO  [       ome.security.basic.CurrentDetails] (.Server-13) Adding log:INSERT,class ome.model.core.LogicalChannel,1618
2024-10-11 09:25:16,937 INFO  [       ome.security.basic.CurrentDetails] (.Server-13) Adding log:INSERT,class ome.model.core.Channel,1618
2024-10-11 09:25:16,937 INFO  [       ome.security.basic.CurrentDetails] (.Server-13) Adding log:INSERT,class ome.model.core.LogicalChannel,1619
2024-10-11 09:25:16,937 INFO  [       ome.security.basic.CurrentDetails] (.Server-13) Adding log:INSERT,class ome.model.core.Channel,1619
2024-10-11 09:25:16,938 INFO  [       ome.security.basic.CurrentDetails] (.Server-13) Adding log:INSERT,class ome.model.core.LogicalChannel,1620
2024-10-11 09:25:16,938 INFO  [       ome.security.basic.CurrentDetails] (.Server-13) Adding log:INSERT,class ome.model.core.Channel,1620
2024-10-11 09:25:16,938 INFO  [       ome.security.basic.CurrentDetails] (.Server-13) Adding log:INSERT,class ome.model.core.LogicalChannel,1621
2024-10-11 09:25:16,939 INFO  [       ome.security.basic.CurrentDetails] (.Server-13) Adding log:INSERT,class ome.model.core.Channel,1621
2024-10-11 09:25:16,939 INFO  [       ome.security.basic.CurrentDetails] (.Server-13) Adding log:INSERT,class ome.model.core.LogicalChannel,1622
2024-10-11 09:25:16,939 INFO  [       ome.security.basic.CurrentDetails] (.Server-13) Adding log:INSERT,class ome.model.core.Channel,1622
2024-10-11 09:25:16,939 INFO  [       ome.security.basic.CurrentDetails] (.Server-13) Adding log:INSERT,class ome.model.core.LogicalChannel,1623
2024-10-11 09:25:16,940 INFO  [       ome.security.basic.CurrentDetails] (.Server-13) Adding log:INSERT,class ome.model.core.Channel,1623
2024-10-11 09:25:16,940 INFO  [       ome.security.basic.CurrentDetails] (.Server-13) Adding log:INSERT,class ome.model.core.LogicalChannel,1624
2024-10-11 09:25:16,940 INFO  [       ome.security.basic.CurrentDetails] (.Server-13) Adding log:INSERT,class ome.model.core.Channel,1624
2024-10-11 09:25:16,940 INFO  [       ome.security.basic.CurrentDetails] (.Server-13) Adding log:INSERT,class ome.model.core.LogicalChannel,1625
2024-10-11 09:25:16,941 INFO  [       ome.security.basic.CurrentDetails] (.Server-13) Adding log:INSERT,class ome.model.core.Channel,1625
2024-10-11 09:25:16,941 INFO  [       ome.security.basic.CurrentDetails] (.Server-13) Adding log:INSERT,class ome.model.core.LogicalChannel,1626
2024-10-11 09:25:16,941 INFO  [       ome.security.basic.CurrentDetails] (.Server-13) Adding log:INSERT,class ome.model.core.Channel,1626
2024-10-11 09:25:16,942 INFO  [       ome.security.basic.CurrentDetails] (.Server-13) Adding log:INSERT,class ome.model.core.LogicalChannel,1627
2024-10-11 09:25:16,942 INFO  [       ome.security.basic.CurrentDetails] (.Server-13) Adding log:INSERT,class ome.model.core.Channel,1627
2024-10-11 09:25:16,942 INFO  [       ome.security.basic.CurrentDetails] (.Server-13) Adding log:INSERT,class ome.model.core.LogicalChannel,1628
2024-10-11 09:25:16,942 INFO  [       ome.security.basic.CurrentDetails] (.Server-13) Adding log:INSERT,class ome.model.core.Channel,1628
2024-10-11 09:25:16,942 INFO  [       ome.security.basic.CurrentDetails] (.Server-13) Adding log:INSERT,class ome.model.core.LogicalChannel,1629
2024-10-11 09:25:16,943 INFO  [       ome.security.basic.CurrentDetails] (.Server-13) Adding log:INSERT,class ome.model.core.Channel,1629
2024-10-11 09:25:16,943 INFO  [       ome.security.basic.CurrentDetails] (.Server-13) Adding log:INSERT,class ome.model.core.LogicalChannel,1630
2024-10-11 09:25:16,943 INFO  [       ome.security.basic.CurrentDetails] (.Server-13) Adding log:INSERT,class ome.model.core.Channel,1630
2024-10-11 09:25:16,943 INFO  [       ome.security.basic.CurrentDetails] (.Server-13) Adding log:INSERT,class ome.model.core.LogicalChannel,1631
2024-10-11 09:25:16,944 INFO  [       ome.security.basic.CurrentDetails] (.Server-13) Adding log:INSERT,class ome.model.core.Channel,1631
2024-10-11 09:25:16,944 INFO  [       ome.security.basic.CurrentDetails] (.Server-13) Adding log:INSERT,class ome.model.core.LogicalChannel,1632
2024-10-11 09:25:16,944 INFO  [       ome.security.basic.CurrentDetails] (.Server-13) Adding log:INSERT,class ome.model.core.Channel,1632
2024-10-11 09:25:16,945 INFO  [       ome.security.basic.CurrentDetails] (.Server-13) Adding log:INSERT,class ome.model.core.LogicalChannel,1633
2024-10-11 09:25:16,945 INFO  [       ome.security.basic.CurrentDetails] (.Server-13) Adding log:INSERT,class ome.model.core.Channel,1633
2024-10-11 09:25:16,945 INFO  [       ome.security.basic.CurrentDetails] (.Server-13) Adding log:INSERT,class ome.model.core.LogicalChannel,1634
2024-10-11 09:25:16,945 INFO  [       ome.security.basic.CurrentDetails] (.Server-13) Adding log:INSERT,class ome.model.core.Channel,1634
2024-10-11 09:25:16,945 INFO  [       ome.security.basic.CurrentDetails] (.Server-13) Adding log:INSERT,class ome.model.core.LogicalChannel,1635
2024-10-11 09:25:16,946 INFO  [       ome.security.basic.CurrentDetails] (.Server-13) Adding log:INSERT,class ome.model.core.Channel,1635
2024-10-11 09:25:16,946 INFO  [       ome.security.basic.CurrentDetails] (.Server-13) Adding log:INSERT,class ome.model.core.LogicalChannel,1636
2024-10-11 09:25:16,946 INFO  [       ome.security.basic.CurrentDetails] (.Server-13) Adding log:INSERT,class ome.model.core.Channel,1636
2024-10-11 09:25:16,946 INFO  [       ome.security.basic.CurrentDetails] (.Server-13) Adding log:INSERT,class ome.model.core.LogicalChannel,1637
2024-10-11 09:25:16,947 INFO  [       ome.security.basic.CurrentDetails] (.Server-13) Adding log:INSERT,class ome.model.core.Channel,1637
2024-10-11 09:25:16,947 INFO  [       ome.security.basic.CurrentDetails] (.Server-13) Adding log:INSERT,class ome.model.core.LogicalChannel,1638
2024-10-11 09:25:16,947 INFO  [       ome.security.basic.CurrentDetails] (.Server-13) Adding log:INSERT,class ome.model.core.Channel,1638
2024-10-11 09:25:16,947 INFO  [       ome.security.basic.CurrentDetails] (.Server-13) Adding log:INSERT,class ome.model.core.LogicalChannel,1639
2024-10-11 09:25:16,948 INFO  [       ome.security.basic.CurrentDetails] (.Server-13) Adding log:INSERT,class ome.model.core.Channel,1639
2024-10-11 09:25:16,948 INFO  [       ome.security.basic.CurrentDetails] (.Server-13) Adding log:INSERT,class ome.model.core.LogicalChannel,1640
2024-10-11 09:25:16,948 INFO  [       ome.security.basic.CurrentDetails] (.Server-13) Adding log:INSERT,class ome.model.core.Channel,1640
2024-10-11 09:25:16,948 INFO  [       ome.security.basic.CurrentDetails] (.Server-13) Adding log:INSERT,class ome.model.core.LogicalChannel,1641
2024-10-11 09:25:16,949 INFO  [       ome.security.basic.CurrentDetails] (.Server-13) Adding log:INSERT,class ome.model.core.Channel,1641
2024-10-11 09:25:16,949 INFO  [       ome.security.basic.CurrentDetails] (.Server-13) Adding log:INSERT,class ome.model.core.LogicalChannel,1642
2024-10-11 09:25:16,949 INFO  [       ome.security.basic.CurrentDetails] (.Server-13) Adding log:INSERT,class ome.model.core.Channel,1642
2024-10-11 09:25:16,949 INFO  [       ome.security.basic.CurrentDetails] (.Server-13) Adding log:INSERT,class ome.model.core.LogicalChannel,1643
2024-10-11 09:25:16,950 INFO  [       ome.security.basic.CurrentDetails] (.Server-13) Adding log:INSERT,class ome.model.core.Channel,1643
2024-10-11 09:25:16,950 INFO  [       ome.security.basic.CurrentDetails] (.Server-13) Adding log:INSERT,class ome.model.core.LogicalChannel,1644
2024-10-11 09:25:16,950 INFO  [       ome.security.basic.CurrentDetails] (.Server-13) Adding log:INSERT,class ome.model.core.Channel,1644
2024-10-11 09:25:16,951 INFO  [       ome.security.basic.CurrentDetails] (.Server-13) Adding log:INSERT,class ome.model.core.LogicalChannel,1645
2024-10-11 09:25:16,951 INFO  [       ome.security.basic.CurrentDetails] (.Server-13) Adding log:INSERT,class ome.model.core.Channel,1645
2024-10-11 09:25:16,952 INFO  [       ome.security.basic.CurrentDetails] (.Server-13) Adding log:INSERT,class ome.model.core.LogicalChannel,1646
2024-10-11 09:25:16,952 INFO  [       ome.security.basic.CurrentDetails] (.Server-13) Adding log:INSERT,class ome.model.core.Channel,1646
2024-10-11 09:25:16,952 INFO  [       ome.security.basic.CurrentDetails] (.Server-13) Adding log:INSERT,class ome.model.core.LogicalChannel,1647
2024-10-11 09:25:16,953 INFO  [       ome.security.basic.CurrentDetails] (.Server-13) Adding log:INSERT,class ome.model.core.Channel,1647
2024-10-11 09:25:16,953 INFO  [       ome.security.basic.CurrentDetails] (.Server-13) Adding log:INSERT,class ome.model.core.LogicalChannel,1648
2024-10-11 09:25:16,953 INFO  [       ome.security.basic.CurrentDetails] (.Server-13) Adding log:INSERT,class ome.model.core.Channel,1648
2024-10-11 09:25:16,954 INFO  [       ome.security.basic.CurrentDetails] (.Server-13) Adding log:INSERT,class ome.model.core.LogicalChannel,1649
2024-10-11 09:25:16,954 INFO  [       ome.security.basic.CurrentDetails] (.Server-13) Adding log:INSERT,class ome.model.core.Channel,1649
2024-10-11 09:25:16,955 INFO  [       ome.security.basic.CurrentDetails] (.Server-13) Adding log:INSERT,class ome.model.core.LogicalChannel,1650
2024-10-11 09:25:16,955 INFO  [       ome.security.basic.CurrentDetails] (.Server-13) Adding log:INSERT,class ome.model.core.Channel,1650
2024-10-11 09:25:16,974 INFO  [                 org.perf4j.TimingLogger] (.Server-13) start[1728638716919] time[54] tag[omero.saveImportGraph]
2024-10-11 09:25:16,988 INFO  [                 org.perf4j.TimingLogger] (.Server-13) start[1728638716915] time[72] tag[omero.call.success.ome.services.blitz.impl.MetadataStoreI$3.doWork]
2024-10-11 09:25:16,991 INFO  [                 org.perf4j.TimingLogger] (2-thread-9) start[1728638716906] time[84] tag[omero.import.request.metadata]
2024-10-11 09:25:16,992 INFO  [    ome.security.basic.BasicEventContext] (l.Server-4)  cctx:	group=0
2024-10-11 09:25:16,994 INFO  [         ome.security.basic.EventHandler] (l.Server-4)  Auth:	user=0,group=0,event=null(User),sess=83be404c-1957-46d4-a36b-f9feca68dcf3
2024-10-11 09:25:16,995 INFO  [                 org.perf4j.TimingLogger] (l.Server-4) start[1728638716992] time[3] tag[omero.call.success.ome.logic.QueryImpl.get]
2024-10-11 09:25:16,997 INFO  [    ome.security.basic.BasicEventContext] (.Server-10)  cctx:	group=0
2024-10-11 09:25:17,002 INFO  [         ome.security.basic.EventHandler] (.Server-10)  Auth:	user=0,group=0,event=28458(User),sess=83be404c-1957-46d4-a36b-f9feca68dcf3
2024-10-11 09:25:17,004 INFO  [       ome.security.basic.CurrentDetails] (.Server-10) Adding log:UPDATE,class ome.model.core.OriginalFile,3112
2024-10-11 09:25:17,009 INFO  [                 org.perf4j.TimingLogger] (.Server-10) start[1728638716996] time[13] tag[omero.call.success.ome.logic.UpdateImpl.saveObject]
2024-10-11 09:25:17,009 INFO  [                 org.perf4j.TimingLogger] (2-thread-9) start[1728638716906] time[102] tag[omero.import.request.step]
2024-10-11 09:25:17,009 DEBUG [    o.s.blitz.repo.ManagedImportRequestI] (2-thread-9) Step 1
2024-10-11 09:25:17,010 DEBUG [    o.s.blitz.repo.ManagedImportRequestI] (2-thread-9) Plane:0 X:0 Y:0 TileWidth:2048 TileHeight:2048 arrayBuf.length:8388608
2024-10-11 09:25:17,095 DEBUG [    o.s.blitz.repo.ManagedImportRequestI] (2-thread-9) Plane:1 X:0 Y:0 TileWidth:2048 TileHeight:2048 arrayBuf.length:8388608
2024-10-11 09:25:17,156 DEBUG [    o.s.blitz.repo.ManagedImportRequestI] (2-thread-9) Plane:2 X:0 Y:0 TileWidth:2048 TileHeight:2048 arrayBuf.length:8388608
2024-10-11 09:25:17,221 DEBUG [    o.s.blitz.repo.ManagedImportRequestI] (2-thread-9) Plane:3 X:0 Y:0 TileWidth:2048 TileHeight:2048 arrayBuf.length:8388608
2024-10-11 09:25:17,309 DEBUG [    o.s.blitz.repo.ManagedImportRequestI] (2-thread-9) Plane:4 X:0 Y:0 TileWidth:2048 TileHeight:2048 arrayBuf.length:8388608
2024-10-11 09:25:17,389 DEBUG [    o.s.blitz.repo.ManagedImportRequestI] (2-thread-9) Plane:5 X:0 Y:0 TileWidth:2048 TileHeight:2048 arrayBuf.length:8388608
2024-10-11 09:25:17,448 DEBUG [    o.s.blitz.repo.ManagedImportRequestI] (2-thread-9) Plane:6 X:0 Y:0 TileWidth:2048 TileHeight:2048 arrayBuf.length:8388608
2024-10-11 09:25:17,503 DEBUG [    o.s.blitz.repo.ManagedImportRequestI] (2-thread-9) Plane:7 X:0 Y:0 TileWidth:2048 TileHeight:2048 arrayBuf.length:8388608
2024-10-11 09:25:17,573 DEBUG [    o.s.blitz.repo.ManagedImportRequestI] (2-thread-9) Plane:8 X:0 Y:0 TileWidth:2048 TileHeight:2048 arrayBuf.length:8388608
2024-10-11 09:25:17,641 DEBUG [    o.s.blitz.repo.ManagedImportRequestI] (2-thread-9) Plane:9 X:0 Y:0 TileWidth:2048 TileHeight:2048 arrayBuf.length:8388608
2024-10-11 09:25:17,701 DEBUG [    o.s.blitz.repo.ManagedImportRequestI] (2-thread-9) Plane:10 X:0 Y:0 TileWidth:2048 TileHeight:2048 arrayBuf.length:8388608
2024-10-11 09:25:17,756 DEBUG [    o.s.blitz.repo.ManagedImportRequestI] (2-thread-9) Plane:11 X:0 Y:0 TileWidth:2048 TileHeight:2048 arrayBuf.length:8388608
2024-10-11 09:25:17,814 DEBUG [    o.s.blitz.repo.ManagedImportRequestI] (2-thread-9) Plane:12 X:0 Y:0 TileWidth:2048 TileHeight:2048 arrayBuf.length:8388608
2024-10-11 09:25:17,886 DEBUG [    o.s.blitz.repo.ManagedImportRequestI] (2-thread-9) Plane:13 X:0 Y:0 TileWidth:2048 TileHeight:2048 arrayBuf.length:8388608
2024-10-11 09:25:17,949 DEBUG [    o.s.blitz.repo.ManagedImportRequestI] (2-thread-9) Plane:14 X:0 Y:0 TileWidth:2048 TileHeight:2048 arrayBuf.length:8388608
2024-10-11 09:25:18,014 DEBUG [    o.s.blitz.repo.ManagedImportRequestI] (2-thread-9) Plane:15 X:0 Y:0 TileWidth:2048 TileHeight:2048 arrayBuf.length:8388608
2024-10-11 09:25:18,104 DEBUG [    o.s.blitz.repo.ManagedImportRequestI] (2-thread-9) Plane:16 X:0 Y:0 TileWidth:2048 TileHeight:2048 arrayBuf.length:8388608
2024-10-11 09:25:18,155 DEBUG [    o.s.blitz.repo.ManagedImportRequestI] (2-thread-9) Plane:17 X:0 Y:0 TileWidth:2048 TileHeight:2048 arrayBuf.length:8388608
2024-10-11 09:25:18,213 DEBUG [    o.s.blitz.repo.ManagedImportRequestI] (2-thread-9) Plane:18 X:0 Y:0 TileWidth:2048 TileHeight:2048 arrayBuf.length:8388608
2024-10-11 09:25:18,271 DEBUG [    o.s.blitz.repo.ManagedImportRequestI] (2-thread-9) Plane:19 X:0 Y:0 TileWidth:2048 TileHeight:2048 arrayBuf.length:8388608
2024-10-11 09:25:18,363 DEBUG [    o.s.blitz.repo.ManagedImportRequestI] (2-thread-9) Plane:20 X:0 Y:0 TileWidth:2048 TileHeight:2048 arrayBuf.length:8388608
2024-10-11 09:25:18,416 DEBUG [    o.s.blitz.repo.ManagedImportRequestI] (2-thread-9) Plane:21 X:0 Y:0 TileWidth:2048 TileHeight:2048 arrayBuf.length:8388608
2024-10-11 09:25:18,483 DEBUG [    o.s.blitz.repo.ManagedImportRequestI] (2-thread-9) Plane:22 X:0 Y:0 TileWidth:2048 TileHeight:2048 arrayBuf.length:8388608
2024-10-11 09:25:18,551 DEBUG [    o.s.blitz.repo.ManagedImportRequestI] (2-thread-9) Plane:23 X:0 Y:0 TileWidth:2048 TileHeight:2048 arrayBuf.length:8388608
2024-10-11 09:25:18,643 DEBUG [    o.s.blitz.repo.ManagedImportRequestI] (2-thread-9) Plane:24 X:0 Y:0 TileWidth:2048 TileHeight:2048 arrayBuf.length:8388608
2024-10-11 09:25:18,735 DEBUG [    o.s.blitz.repo.ManagedImportRequestI] (2-thread-9) Plane:25 X:0 Y:0 TileWidth:2048 TileHeight:2048 arrayBuf.length:8388608
2024-10-11 09:25:18,815 DEBUG [    o.s.blitz.repo.ManagedImportRequestI] (2-thread-9) Plane:26 X:0 Y:0 TileWidth:2048 TileHeight:2048 arrayBuf.length:8388608
2024-10-11 09:25:18,933 DEBUG [    o.s.blitz.repo.ManagedImportRequestI] (2-thread-9) Plane:27 X:0 Y:0 TileWidth:2048 TileHeight:2048 arrayBuf.length:8388608
2024-10-11 09:25:18,995 DEBUG [    o.s.blitz.repo.ManagedImportRequestI] (2-thread-9) Plane:28 X:0 Y:0 TileWidth:2048 TileHeight:2048 arrayBuf.length:8388608
2024-10-11 09:25:19,060 DEBUG [    o.s.blitz.repo.ManagedImportRequestI] (2-thread-9) Plane:29 X:0 Y:0 TileWidth:2048 TileHeight:2048 arrayBuf.length:8388608
2024-10-11 09:25:19,135 DEBUG [    o.s.blitz.repo.ManagedImportRequestI] (2-thread-9) Plane:30 X:0 Y:0 TileWidth:2048 TileHeight:2048 arrayBuf.length:8388608
2024-10-11 09:25:19,188 DEBUG [    o.s.blitz.repo.ManagedImportRequestI] (2-thread-9) Plane:31 X:0 Y:0 TileWidth:2048 TileHeight:2048 arrayBuf.length:8388608
2024-10-11 09:25:19,245 DEBUG [    o.s.blitz.repo.ManagedImportRequestI] (2-thread-9) Plane:32 X:0 Y:0 TileWidth:2048 TileHeight:2048 arrayBuf.length:8388608
2024-10-11 09:25:19,327 DEBUG [    o.s.blitz.repo.ManagedImportRequestI] (2-thread-9) Plane:33 X:0 Y:0 TileWidth:2048 TileHeight:2048 arrayBuf.length:8388608
2024-10-11 09:25:19,407 DEBUG [    o.s.blitz.repo.ManagedImportRequestI] (2-thread-9) Plane:34 X:0 Y:0 TileWidth:2048 TileHeight:2048 arrayBuf.length:8388608
2024-10-11 09:25:19,467 DEBUG [    o.s.blitz.repo.ManagedImportRequestI] (2-thread-9) Plane:35 X:0 Y:0 TileWidth:2048 TileHeight:2048 arrayBuf.length:8388608
2024-10-11 09:25:19,524 DEBUG [    o.s.blitz.repo.ManagedImportRequestI] (2-thread-9) Plane:36 X:0 Y:0 TileWidth:2048 TileHeight:2048 arrayBuf.length:8388608
2024-10-11 09:25:19,597 DEBUG [    o.s.blitz.repo.ManagedImportRequestI] (2-thread-9) Plane:37 X:0 Y:0 TileWidth:2048 TileHeight:2048 arrayBuf.length:8388608
2024-10-11 09:25:19,649 DEBUG [    o.s.blitz.repo.ManagedImportRequestI] (2-thread-9) Plane:38 X:0 Y:0 TileWidth:2048 TileHeight:2048 arrayBuf.length:8388608
2024-10-11 09:25:19,703 DEBUG [    o.s.blitz.repo.ManagedImportRequestI] (2-thread-9) Plane:39 X:0 Y:0 TileWidth:2048 TileHeight:2048 arrayBuf.length:8388608
2024-10-11 09:25:19,769 DEBUG [    o.s.blitz.repo.ManagedImportRequestI] (2-thread-9) Plane:40 X:0 Y:0 TileWidth:2048 TileHeight:2048 arrayBuf.length:8388608
2024-10-11 09:25:19,847 DEBUG [    o.s.blitz.repo.ManagedImportRequestI] (2-thread-9) Plane:41 X:0 Y:0 TileWidth:2048 TileHeight:2048 arrayBuf.length:8388608
2024-10-11 09:25:19,908 DEBUG [    o.s.blitz.repo.ManagedImportRequestI] (2-thread-9) Plane:42 X:0 Y:0 TileWidth:2048 TileHeight:2048 arrayBuf.length:8388608
2024-10-11 09:25:19,976 DEBUG [    o.s.blitz.repo.ManagedImportRequestI] (2-thread-9) Plane:43 X:0 Y:0 TileWidth:2048 TileHeight:2048 arrayBuf.length:8388608
2024-10-11 09:25:20,076 INFO  [    ome.security.basic.BasicEventContext] (.Server-15)  cctx:	group=0
2024-10-11 09:25:20,080 INFO  [         ome.security.basic.EventHandler] (.Server-15)  Auth:	user=0,group=0,event=28525(User),sess=83be404c-1957-46d4-a36b-f9feca68dcf3
2024-10-11 09:25:20,086 INFO  [                 org.perf4j.TimingLogger] (.Server-15) start[1728638720075] time[11] tag[omero.call.success.ome.services.blitz.impl.MetadataStoreI$7.doWork]
2024-10-11 09:25:20,090 INFO  [    ome.security.basic.BasicEventContext] (.Server-10)  cctx:	group=0
2024-10-11 09:25:20,095 INFO  [         ome.security.basic.EventHandler] (.Server-10)  Auth:	user=0,group=0,event=28526(User),sess=83be404c-1957-46d4-a36b-f9feca68dcf3
2024-10-11 09:25:20,315 INFO  [       ome.security.basic.CurrentDetails] (.Server-10) Adding log:UPDATE,class ome.model.core.Pixels,225
2024-10-11 09:25:20,326 INFO  [                 org.perf4j.TimingLogger] (.Server-10) start[1728638720089] time[236] tag[omero.call.success.ome.logic.UpdateImpl.saveArray]
2024-10-11 09:25:20,328 INFO  [    ome.security.basic.BasicEventContext] (.Server-14)  cctx:	group=0
2024-10-11 09:25:20,332 INFO  [         ome.security.basic.EventHandler] (.Server-14)  Auth:	user=0,group=0,event=28529(User),sess=83be404c-1957-46d4-a36b-f9feca68dcf3
2024-10-11 09:25:20,366 INFO  [                 org.perf4j.TimingLogger] (.Server-14) start[1728638720327] time[38] tag[omero.call.success.ome.services.blitz.impl.MetadataStoreI$2.doWork]
2024-10-11 09:25:20,366 INFO  [                 org.perf4j.TimingLogger] (2-thread-9) start[1728638717009] time[3359] tag[omero.import.request.pixels]
2024-10-11 09:25:20,367 INFO  [    ome.security.basic.BasicEventContext] (.Server-14)  cctx:	group=0
2024-10-11 09:25:20,368 INFO  [         ome.security.basic.EventHandler] (.Server-14)  Auth:	user=0,group=0,event=null(User),sess=83be404c-1957-46d4-a36b-f9feca68dcf3
2024-10-11 09:25:20,369 INFO  [                 org.perf4j.TimingLogger] (.Server-14) start[1728638720367] time[2] tag[omero.call.success.ome.logic.QueryImpl.get]
2024-10-11 09:25:20,371 INFO  [    ome.security.basic.BasicEventContext] (.Server-10)  cctx:	group=0
2024-10-11 09:25:20,376 INFO  [         ome.security.basic.EventHandler] (.Server-10)  Auth:	user=0,group=0,event=28532(User),sess=83be404c-1957-46d4-a36b-f9feca68dcf3
2024-10-11 09:25:20,377 INFO  [       ome.security.basic.CurrentDetails] (.Server-10) Adding log:UPDATE,class ome.model.core.OriginalFile,3112
2024-10-11 09:25:20,383 INFO  [                 org.perf4j.TimingLogger] (.Server-10) start[1728638720370] time[13] tag[omero.call.success.ome.logic.UpdateImpl.saveObject]
2024-10-11 09:25:20,384 INFO  [                 org.perf4j.TimingLogger] (2-thread-9) start[1728638717009] time[3376] tag[omero.import.request.step]
2024-10-11 09:25:20,384 DEBUG [    o.s.blitz.repo.ManagedImportRequestI] (2-thread-9) Step 2
2024-10-11 09:25:20,387 INFO  [    ome.security.basic.BasicEventContext] (.Server-13)  cctx:	group=0
2024-10-11 09:25:20,391 INFO  [         ome.security.basic.EventHandler] (.Server-13)  Auth:	user=0,group=0,event=28533(User),sess=83be404c-1957-46d4-a36b-f9feca68dcf3
2024-10-11 09:25:20,395 INFO  [                 org.perf4j.TimingLogger] (.Server-13) start[1728638720391] time[4] tag[omero.loadPixels]
2024-10-11 09:25:20,403 INFO  [                 org.perf4j.TimingLogger] (.Server-13) start[1728638720398] time[4] tag[omero.loadRenderingSettingsByUser]
2024-10-11 09:25:20,428 DEBUG [                   loci.formats.Memoizer] (.Server-13) start[1728638720407] time[20] tag[loci.formats.Memoizer.loadMemo]
2024-10-11 09:25:20,447 INFO  [                loci.formats.ImageReader] (.Server-13) IonpathMIBITiffReader initializing /OMERO/ManagedRepository/root_0/2024-10/11/09-25-16.110/TA459_multipleCores2_Run-4_Point9.tiff
2024-10-11 09:25:20,447 INFO  [       loci.formats.in.MinimalTiffReader] (.Server-13) Reading IFDs
2024-10-11 09:25:20,449 INFO  [       loci.formats.in.MinimalTiffReader] (.Server-13) Populating metadata
2024-10-11 09:25:20,452 INFO  [          loci.formats.in.BaseTiffReader] (.Server-13) Populating OME metadata
2024-10-11 09:25:20,462 DEBUG [                   loci.formats.Memoizer] (.Server-13) saved to temp file: /OMERO/BioFormatsCache/OMERO/ManagedRepository/root_0/2024-10/11/09-25-16.110/.TA459_multipleCores2_Run-4_Point9.tiff.bfmemo11613782803557104590
2024-10-11 09:25:20,462 DEBUG [                   loci.formats.Memoizer] (.Server-13) start[1728638720458] time[4] tag[loci.formats.Memoizer.saveMemo]
2024-10-11 09:25:20,462 DEBUG [                   loci.formats.Memoizer] (.Server-13) saved memo file: /OMERO/BioFormatsCache/OMERO/ManagedRepository/root_0/2024-10/11/09-25-16.110/.TA459_multipleCores2_Run-4_Point9.tiff.bfmemo (50723 bytes)
2024-10-11 09:25:20,462 DEBUG [                   loci.formats.Memoizer] (.Server-13) start[1728638720407] time[55] tag[loci.formats.Memoizer.setId]
2024-10-11 09:25:20,486 INFO  [       ome.security.basic.CurrentDetails] (.Server-13) Adding log:INSERT,class ome.model.display.QuantumDef,225
2024-10-11 09:25:20,487 INFO  [       ome.security.basic.CurrentDetails] (.Server-13) Adding log:INSERT,class ome.model.display.RenderingDef,225
2024-10-11 09:25:20,487 INFO  [       ome.security.basic.CurrentDetails] (.Server-13) Adding log:INSERT,class ome.model.display.ChannelBinding,1607
2024-10-11 09:25:20,488 INFO  [       ome.security.basic.CurrentDetails] (.Server-13) Adding log:INSERT,class ome.model.display.ChannelBinding,1608
2024-10-11 09:25:20,488 INFO  [       ome.security.basic.CurrentDetails] (.Server-13) Adding log:INSERT,class ome.model.display.ChannelBinding,1609
2024-10-11 09:25:20,488 INFO  [       ome.security.basic.CurrentDetails] (.Server-13) Adding log:INSERT,class ome.model.display.ChannelBinding,1610
2024-10-11 09:25:20,488 INFO  [       ome.security.basic.CurrentDetails] (.Server-13) Adding log:INSERT,class ome.model.display.ChannelBinding,1611
2024-10-11 09:25:20,489 INFO  [       ome.security.basic.CurrentDetails] (.Server-13) Adding log:INSERT,class ome.model.display.ChannelBinding,1612
2024-10-11 09:25:20,489 INFO  [       ome.security.basic.CurrentDetails] (.Server-13) Adding log:INSERT,class ome.model.display.ChannelBinding,1613
2024-10-11 09:25:20,489 INFO  [       ome.security.basic.CurrentDetails] (.Server-13) Adding log:INSERT,class ome.model.display.ChannelBinding,1614
2024-10-11 09:25:20,490 INFO  [       ome.security.basic.CurrentDetails] (.Server-13) Adding log:INSERT,class ome.model.display.ChannelBinding,1615
2024-10-11 09:25:20,490 INFO  [       ome.security.basic.CurrentDetails] (.Server-13) Adding log:INSERT,class ome.model.display.ChannelBinding,1616
2024-10-11 09:25:20,490 INFO  [       ome.security.basic.CurrentDetails] (.Server-13) Adding log:INSERT,class ome.model.display.ChannelBinding,1617
2024-10-11 09:25:20,491 INFO  [       ome.security.basic.CurrentDetails] (.Server-13) Adding log:INSERT,class ome.model.display.ChannelBinding,1618
2024-10-11 09:25:20,491 INFO  [       ome.security.basic.CurrentDetails] (.Server-13) Adding log:INSERT,class ome.model.display.ChannelBinding,1619
2024-10-11 09:25:20,491 INFO  [       ome.security.basic.CurrentDetails] (.Server-13) Adding log:INSERT,class ome.model.display.ChannelBinding,1620
2024-10-11 09:25:20,492 INFO  [       ome.security.basic.CurrentDetails] (.Server-13) Adding log:INSERT,class ome.model.display.ChannelBinding,1621
2024-10-11 09:25:20,492 INFO  [       ome.security.basic.CurrentDetails] (.Server-13) Adding log:INSERT,class ome.model.display.ChannelBinding,1622
2024-10-11 09:25:20,492 INFO  [       ome.security.basic.CurrentDetails] (.Server-13) Adding log:INSERT,class ome.model.display.ChannelBinding,1623
2024-10-11 09:25:20,493 INFO  [       ome.security.basic.CurrentDetails] (.Server-13) Adding log:INSERT,class ome.model.display.ChannelBinding,1624
2024-10-11 09:25:20,493 INFO  [       ome.security.basic.CurrentDetails] (.Server-13) Adding log:INSERT,class ome.model.display.ChannelBinding,1625
2024-10-11 09:25:20,493 INFO  [       ome.security.basic.CurrentDetails] (.Server-13) Adding log:INSERT,class ome.model.display.ChannelBinding,1626
2024-10-11 09:25:20,493 INFO  [       ome.security.basic.CurrentDetails] (.Server-13) Adding log:INSERT,class ome.model.display.ChannelBinding,1627
2024-10-11 09:25:20,494 INFO  [       ome.security.basic.CurrentDetails] (.Server-13) Adding log:INSERT,class ome.model.display.ChannelBinding,1628
2024-10-11 09:25:20,494 INFO  [       ome.security.basic.CurrentDetails] (.Server-13) Adding log:INSERT,class ome.model.display.ChannelBinding,1629
2024-10-11 09:25:20,494 INFO  [       ome.security.basic.CurrentDetails] (.Server-13) Adding log:INSERT,class ome.model.display.ChannelBinding,1630
2024-10-11 09:25:20,495 INFO  [       ome.security.basic.CurrentDetails] (.Server-13) Adding log:INSERT,class ome.model.display.ChannelBinding,1631
2024-10-11 09:25:20,495 INFO  [       ome.security.basic.CurrentDetails] (.Server-13) Adding log:INSERT,class ome.model.display.ChannelBinding,1632
2024-10-11 09:25:20,496 INFO  [       ome.security.basic.CurrentDetails] (.Server-13) Adding log:INSERT,class ome.model.display.ChannelBinding,1633
2024-10-11 09:25:20,496 INFO  [       ome.security.basic.CurrentDetails] (.Server-13) Adding log:INSERT,class ome.model.display.ChannelBinding,1634
2024-10-11 09:25:20,497 INFO  [       ome.security.basic.CurrentDetails] (.Server-13) Adding log:INSERT,class ome.model.display.ChannelBinding,1635
2024-10-11 09:25:20,497 INFO  [       ome.security.basic.CurrentDetails] (.Server-13) Adding log:INSERT,class ome.model.display.ChannelBinding,1636
2024-10-11 09:25:20,497 INFO  [       ome.security.basic.CurrentDetails] (.Server-13) Adding log:INSERT,class ome.model.display.ChannelBinding,1637
2024-10-11 09:25:20,498 INFO  [       ome.security.basic.CurrentDetails] (.Server-13) Adding log:INSERT,class ome.model.display.ChannelBinding,1638
2024-10-11 09:25:20,498 INFO  [       ome.security.basic.CurrentDetails] (.Server-13) Adding log:INSERT,class ome.model.display.ChannelBinding,1639
2024-10-11 09:25:20,499 INFO  [       ome.security.basic.CurrentDetails] (.Server-13) Adding log:INSERT,class ome.model.display.ChannelBinding,1640
2024-10-11 09:25:20,499 INFO  [       ome.security.basic.CurrentDetails] (.Server-13) Adding log:INSERT,class ome.model.display.ChannelBinding,1641
2024-10-11 09:25:20,499 INFO  [       ome.security.basic.CurrentDetails] (.Server-13) Adding log:INSERT,class ome.model.display.ChannelBinding,1642
2024-10-11 09:25:20,500 INFO  [       ome.security.basic.CurrentDetails] (.Server-13) Adding log:INSERT,class ome.model.display.ChannelBinding,1643
2024-10-11 09:25:20,500 INFO  [       ome.security.basic.CurrentDetails] (.Server-13) Adding log:INSERT,class ome.model.display.ChannelBinding,1644
2024-10-11 09:25:20,500 INFO  [       ome.security.basic.CurrentDetails] (.Server-13) Adding log:INSERT,class ome.model.display.ChannelBinding,1645
2024-10-11 09:25:20,501 INFO  [       ome.security.basic.CurrentDetails] (.Server-13) Adding log:INSERT,class ome.model.display.ChannelBinding,1646
2024-10-11 09:25:20,501 INFO  [       ome.security.basic.CurrentDetails] (.Server-13) Adding log:INSERT,class ome.model.display.ChannelBinding,1647
2024-10-11 09:25:20,501 INFO  [       ome.security.basic.CurrentDetails] (.Server-13) Adding log:INSERT,class ome.model.display.ChannelBinding,1648
2024-10-11 09:25:20,502 INFO  [       ome.security.basic.CurrentDetails] (.Server-13) Adding log:INSERT,class ome.model.display.ChannelBinding,1649
2024-10-11 09:25:20,502 INFO  [       ome.security.basic.CurrentDetails] (.Server-13) Adding log:INSERT,class ome.model.display.ChannelBinding,1650
2024-10-11 09:25:20,520 INFO  [                 org.perf4j.TimingLogger] (.Server-13) start[1728638720471] time[48] tag[omero.resetDefaultsInSet.saveAndReturn]
2024-10-11 09:25:20,520 INFO  [                 org.perf4j.TimingLogger] (.Server-13) start[1728638720391] time[129] tag[omero.resetDefaultsInSet]
2024-10-11 09:25:20,528 INFO  [                 org.perf4j.TimingLogger] (.Server-13) start[1728638720385] time[142] tag[omero.call.success.ome.logic.RenderingSettingsImpl.resetDefaultsInSet]
2024-10-11 09:25:20,529 INFO  [    ome.security.basic.BasicEventContext] (.Server-11)  cctx:	group=0
2024-10-11 09:25:20,533 INFO  [         ome.security.basic.EventHandler] (.Server-11)  Auth:	user=0,group=0,event=28539(User),sess=83be404c-1957-46d4-a36b-f9feca68dcf3
2024-10-11 09:25:20,536 INFO  [                 org.perf4j.TimingLogger] (.Server-11) start[1728638720533] time[2] tag[omero.bulkLoadRenderingSettings]
2024-10-11 09:25:20,536 INFO  [                 org.perf4j.TimingLogger] (.Server-11) start[1728638720536] time[0] tag[omero.createAndPrepareMissingRenderingSettings]
2024-10-11 09:25:20,537 INFO  [                 org.perf4j.TimingLogger] (.Server-11) start[1728638720536] time[1] tag[omero.bulkLoadMetadata]
2024-10-11 09:25:20,538 INFO  [                 org.perf4j.TimingLogger] (.Server-11) start[1728638720536] time[1] tag[omero.loadMetadataByDimensionPool]
2024-10-11 09:25:20,539 INFO  [       ome.security.basic.CurrentDetails] (.Server-11) Adding log:INSERT,class ome.model.display.Thumbnail,225
2024-10-11 09:25:20,541 INFO  [                 org.perf4j.TimingLogger] (.Server-11) start[1728638720540] time[0] tag[omero.bulkLoadMetadata]
2024-10-11 09:25:20,541 INFO  [                 org.perf4j.TimingLogger] (.Server-11) start[1728638720540] time[0] tag[omero.loadMetadataByDimensionPool]
2024-10-11 09:25:20,541 INFO  [                 org.perf4j.TimingLogger] (.Server-11) start[1728638720538] time[2] tag[omero.createMissingThumbnailMetadata]
2024-10-11 09:25:20,541 INFO  [    ome.security.basic.BasicEventContext] (.Server-11)  cctx:	group=0
2024-10-11 09:25:20,545 INFO  [         ome.security.basic.EventHandler] (.Server-11)  Auth:	user=0,group=0,event=28540(User),sess=83be404c-1957-46d4-a36b-f9feca68dcf3
2024-10-11 09:25:20,553 INFO  [                 org.perf4j.TimingLogger] (.Server-11) start[1728638720553] time[0] tag[omero._createThumbnail(thumbMetaData)]
2024-10-11 09:25:20,588 DEBUG [                   loci.formats.Memoizer] (.Server-11) loaded memo file: /OMERO/BioFormatsCache/OMERO/ManagedRepository/root_0/2024-10/11/09-25-16.110/.TA459_multipleCores2_Run-4_Point9.tiff.bfmemo (50723 bytes)
2024-10-11 09:25:20,588 DEBUG [                   loci.formats.Memoizer] (.Server-11) start[1728638720570] time[18] tag[loci.formats.Memoizer.loadMemo]
2024-10-11 09:25:20,589 DEBUG [                   loci.formats.Memoizer] (.Server-11) start[1728638720569] time[19] tag[loci.formats.Memoizer.setId]
2024-10-11 09:25:20,653 INFO  [       ome.logic.JavaImageScalingService] (.Server-11) Scaling to: 96x96
2024-10-11 09:25:20,671 INFO  [                 org.perf4j.TimingLogger] (.Server-11) start[1728638720653] time[18] tag[java-image-scaling.resampleOp]
2024-10-11 09:25:20,672 INFO  [                 org.perf4j.TimingLogger] (.Server-11) start[1728638720553] time[119] tag[omero._createThumbnail]
2024-10-11 09:25:20,679 INFO  [                 org.perf4j.TimingLogger] (.Server-11) start[1728638720529] time[150] tag[omero.call.success.ome.services.ThumbnailBean.createThumbnailsByLongestSideSet]
2024-10-11 09:25:20,679 INFO  [                 org.perf4j.TimingLogger] (2-thread-9) start[1728638720384] time[295] tag[omero.import.request.thumbs]
2024-10-11 09:25:20,680 INFO  [    ome.security.basic.BasicEventContext] (l.Server-4)  cctx:	group=0
2024-10-11 09:25:20,682 INFO  [         ome.security.basic.EventHandler] (l.Server-4)  Auth:	user=0,group=0,event=null(User),sess=83be404c-1957-46d4-a36b-f9feca68dcf3
2024-10-11 09:25:20,683 INFO  [                 org.perf4j.TimingLogger] (l.Server-4) start[1728638720680] time[3] tag[omero.call.success.ome.logic.QueryImpl.get]
2024-10-11 09:25:20,685 INFO  [    ome.security.basic.BasicEventContext] (.Server-14)  cctx:	group=0
2024-10-11 09:25:20,689 INFO  [         ome.security.basic.EventHandler] (.Server-14)  Auth:	user=0,group=0,event=28545(User),sess=83be404c-1957-46d4-a36b-f9feca68dcf3
2024-10-11 09:25:20,692 INFO  [       ome.security.basic.CurrentDetails] (.Server-14) Adding log:UPDATE,class ome.model.core.OriginalFile,3112
2024-10-11 09:25:20,696 INFO  [                 org.perf4j.TimingLogger] (.Server-14) start[1728638720684] time[12] tag[omero.call.success.ome.logic.UpdateImpl.saveObject]
2024-10-11 09:25:20,697 INFO  [                 org.perf4j.TimingLogger] (2-thread-9) start[1728638720384] time[312] tag[omero.import.request.step]
2024-10-11 09:25:20,697 DEBUG [    o.s.blitz.repo.ManagedImportRequestI] (2-thread-9) Step 3
2024-10-11 09:25:20,698 INFO  [    ome.security.basic.BasicEventContext] (.Server-15)  cctx:	group=0
2024-10-11 09:25:20,700 INFO  [         ome.security.basic.EventHandler] (.Server-15)  Auth:	user=0,group=0,event=null(User),sess=83be404c-1957-46d4-a36b-f9feca68dcf3
2024-10-11 09:25:20,706 INFO  [                 org.perf4j.TimingLogger] (.Server-15) start[1728638720697] time[8] tag[omero.call.success.ome.services.blitz.impl.MetadataStoreI$6.doWork]
2024-10-11 09:25:20,707 INFO  [    ome.security.basic.BasicEventContext] (.Server-10)  cctx:	group=0
2024-10-11 09:25:20,708 INFO  [         ome.security.basic.EventHandler] (.Server-10)  Auth:	user=0,group=0,event=null(User),sess=83be404c-1957-46d4-a36b-f9feca68dcf3
2024-10-11 09:25:20,709 INFO  [                 org.perf4j.TimingLogger] (.Server-10) start[1728638720706] time[2] tag[omero.call.success.ome.logic.QueryImpl.get]
2024-10-11 09:25:20,712 INFO  [    ome.security.basic.BasicEventContext] (.Server-11)  cctx:	group=0
2024-10-11 09:25:20,716 INFO  [         ome.security.basic.EventHandler] (.Server-11)  Auth:	user=0,group=0,event=28546(User),sess=83be404c-1957-46d4-a36b-f9feca68dcf3
2024-10-11 09:25:20,718 INFO  [       ome.security.basic.CurrentDetails] (.Server-11) Adding log:UPDATE,class ome.model.core.OriginalFile,3112
2024-10-11 09:25:20,733 INFO  [                 org.perf4j.TimingLogger] (.Server-11) start[1728638720710] time[22] tag[omero.call.success.ome.logic.UpdateImpl.saveObject]
2024-10-11 09:25:20,733 INFO  [                 org.perf4j.TimingLogger] (2-thread-9) start[1728638720697] time[36] tag[omero.import.request.step]
2024-10-11 09:25:20,733 DEBUG [    o.s.blitz.repo.ManagedImportRequestI] (2-thread-9) Step 4
2024-10-11 09:25:20,736 INFO  [    ome.security.basic.BasicEventContext] (l.Server-4)  cctx:	group=0
2024-10-11 09:25:20,738 INFO  [         ome.security.basic.EventHandler] (l.Server-4)  Auth:	user=0,group=0,event=null(User),sess=83be404c-1957-46d4-a36b-f9feca68dcf3
2024-10-11 09:25:20,739 INFO  [                 org.perf4j.TimingLogger] (l.Server-4) start[1728638720735] time[4] tag[omero.call.success.ome.logic.QueryImpl.get]
2024-10-11 09:25:20,741 INFO  [    ome.security.basic.BasicEventContext] (.Server-13)  cctx:	group=0
2024-10-11 09:25:20,744 INFO  [         ome.security.basic.EventHandler] (.Server-13)  Auth:	user=0,group=0,event=28547(User),sess=83be404c-1957-46d4-a36b-f9feca68dcf3
2024-10-11 09:25:20,746 INFO  [       ome.security.basic.CurrentDetails] (.Server-13) Adding log:UPDATE,class ome.model.core.OriginalFile,3112
2024-10-11 09:25:20,751 INFO  [                 org.perf4j.TimingLogger] (.Server-13) start[1728638720740] time[11] tag[omero.call.success.ome.logic.UpdateImpl.saveObject]
2024-10-11 09:25:20,751 INFO  [                 org.perf4j.TimingLogger] (2-thread-9) start[1728638720733] time[18] tag[omero.import.request.step]
2024-10-11 09:25:20,759 INFO  [    ome.security.basic.BasicEventContext] (.Server-14)  cctx:	group=0
2024-10-11 09:25:20,765 INFO  [         ome.security.basic.EventHandler] (.Server-14)  Auth:	user=0,group=0,event=28548(User),sess=83be404c-1957-46d4-a36b-f9feca68dcf3
2024-10-11 09:25:20,770 INFO  [                 org.perf4j.TimingLogger] (.Server-14) start[1728638720757] time[12] tag[omero.call.success.ome.services.RawFileBean.close]
2024-10-11 09:25:20,770 DEBUG [                omero.util.ServantHolder] (.Server-14) Removed omero.api._RawFileStoreTie@2eccefaf from omero.util.ServantHolder@149b3864 as bfb70229-14b9-4b23-a9bb-2540b9f14b42omero.api.RawFileStore
2024-10-11 09:25:20,770 INFO  [                      omero.cmd.SessionI] (.Server-14) Unregistered servant:83be404c-1957-46d4-a36b-f9feca68dcf3/bfb70229-14b9-4b23-a9bb-2540b9f14b42omero.api.RawFileStore(omero.api._RawFileStoreTie@2eccefaf)
2024-10-11 09:25:20,776 INFO  [    ome.security.basic.BasicEventContext] (.Server-15)  cctx:	group=0
2024-10-11 09:25:20,781 INFO  [         ome.security.basic.EventHandler] (.Server-15)  Auth:	user=0,group=0,event=28549(User),sess=83be404c-1957-46d4-a36b-f9feca68dcf3
2024-10-11 09:25:20,797 INFO  [                 org.perf4j.TimingLogger] (.Server-15) start[1728638720771] time[26] tag[omero.call.success.ome.services.RawPixelsBean.close]
2024-10-11 09:25:20,798 DEBUG [                omero.util.ServantHolder] (.Server-15) Removed omero.api._RawPixelsStoreTie@91451c5d from omero.util.ServantHolder@149b3864 as 1e984927-23bf-42b1-8c7d-5b3874db9c90omero.api.RawPixelsStore
2024-10-11 09:25:20,798 INFO  [                      omero.cmd.SessionI] (.Server-15) Unregistered servant:83be404c-1957-46d4-a36b-f9feca68dcf3/1e984927-23bf-42b1-8c7d-5b3874db9c90omero.api.RawPixelsStore(omero.api._RawPixelsStoreTie@91451c5d)
2024-10-11 09:25:20,799 INFO  [    ome.security.basic.BasicEventContext] (.Server-12)  cctx:	group=0
2024-10-11 09:25:20,801 INFO  [         ome.security.basic.EventHandler] (.Server-12)  Auth:	user=0,group=0,event=null(User),sess=83be404c-1957-46d4-a36b-f9feca68dcf3
2024-10-11 09:25:20,802 INFO  [                 org.perf4j.TimingLogger] (.Server-12) start[1728638720798] time[3] tag[omero.call.success.ome.services.ThumbnailBean.close]
2024-10-11 09:25:20,802 DEBUG [                omero.util.ServantHolder] (.Server-12) Removed omero.api._ThumbnailStoreTie@720d3fd9 from omero.util.ServantHolder@149b3864 as 7f163ce5-baa2-4352-aca7-3183a4a56b2eomero.api.ThumbnailStore
2024-10-11 09:25:20,802 INFO  [                      omero.cmd.SessionI] (.Server-12) Unregistered servant:83be404c-1957-46d4-a36b-f9feca68dcf3/7f163ce5-baa2-4352-aca7-3183a4a56b2eomero.api.ThumbnailStore(omero.api._ThumbnailStoreTie@720d3fd9)
2024-10-11 09:25:20,802 DEBUG [                omero.util.ServantHolder] (l.Server-9) Removed omero.api._MetadataStoreTie@96917ee3 from omero.util.ServantHolder@149b3864 as d18b7ff2-1c81-4c16-99d8-9cff2dd766dcomero.api.MetadataStore
2024-10-11 09:25:20,802 INFO  [                      omero.cmd.SessionI] (l.Server-9) Unregistered servant:83be404c-1957-46d4-a36b-f9feca68dcf3/d18b7ff2-1c81-4c16-99d8-9cff2dd766dcomero.api.MetadataStore(omero.api._MetadataStoreTie@96917ee3)
2024-10-11 09:25:20,803 INFO  [    o.s.blitz.repo.ManagedImportRequestI] (2-thread-9) Cleaning up import.
2024-10-11 09:25:20,809 INFO  [         ome.security.basic.EventHandler] (l.Server-4)  Auth:	user=0,group=0,event=null(User),sess=83be404c-1957-46d4-a36b-f9feca68dcf3
2024-10-11 09:25:20,812 INFO  [                 org.perf4j.TimingLogger] (l.Server-4) start[1728638720807] time[4] tag[omero.call.success.ome.logic.QueryImpl.get]
2024-10-11 09:25:20,828 INFO  [         ome.security.basic.EventHandler] (.Server-14)  Auth:	user=0,group=0,event=28550(User),sess=83be404c-1957-46d4-a36b-f9feca68dcf3
2024-10-11 09:25:20,836 INFO  [       ome.security.basic.CurrentDetails] (.Server-14) Adding log:UPDATE,class ome.model.core.OriginalFile,3112
2024-10-11 09:25:20,841 INFO  [                 org.perf4j.TimingLogger] (.Server-14) start[1728638720818] time[22] tag[omero.call.success.ome.logic.UpdateImpl.saveObject]
