2024-10-11 09:25:14,050 INFO  [                 org.perf4j.TimingLogger] (.Server-11) start[1728638714034] time[15] tag[omero.import.process.init]
2024-10-11 09:25:14,058 INFO  [         ome.security.basic.EventHandler] (.Server-11)  Auth:	user=0,group=0,event=28382(User),sess=83be404c-1957-46d4-a36b-f9feca68dcf3
2024-10-11 09:25:14,060 INFO  [       ome.security.basic.CurrentDetails] (.Server-11) Adding log:INSERT,class ome.model.jobs.UploadJob,3153
2024-10-11 09:25:14,060 INFO  [       ome.security.basic.CurrentDetails] (.Server-11) Adding log:INSERT,class ome.model.jobs.JobOriginalFileLink,4898
2024-10-11 09:25:14,075 INFO  [       ome.security.basic.CurrentDetails] (.Server-11) Adding log:INSERT,class ome.model.jobs.MetadataImportJob,3154
2024-10-11 09:25:14,081 INFO  [       ome.security.basic.CurrentDetails] (.Server-11) Adding log:INSERT,class ome.model.jobs.PixelDataJob,3155
2024-10-11 09:25:14,085 INFO  [       ome.security.basic.CurrentDetails] (.Server-11) Adding log:INSERT,class ome.model.jobs.ThumbnailGenerationJob,3156
2024-10-11 09:25:14,091 INFO  [       ome.security.basic.CurrentDetails] (.Server-11) Adding log:INSERT,class ome.model.jobs.IndexingJob,3157
2024-10-11 09:25:14,094 INFO  [                 org.perf4j.TimingLogger] (.Server-11) start[1728638714094] time[0] tag[omero.repo.internal_register.find_repo_files]
2024-10-11 09:25:14,097 INFO  [       ome.security.basic.CurrentDetails] (.Server-11) Adding log:INSERT,class ome.model.core.OriginalFile,3110
2024-10-11 09:25:14,098 INFO  [                 org.perf4j.TimingLogger] (.Server-11) start[1728638714095] time[2] tag[omero.repo.create_original_file.save]
2024-10-11 09:25:14,098 INFO  [                 org.perf4j.TimingLogger] (.Server-11) start[1728638714098] time[0] tag[omero.repo.create_original_file.internal_mkdir]
2024-10-11 09:25:14,098 INFO  [                 org.perf4j.TimingLogger] (.Server-11) start[1728638714098] time[0] tag[omero.repo.internal_register.load]
2024-10-11 09:25:14,098 INFO  [                 org.perf4j.TimingLogger] (.Server-11) start[1728638714098] time[0] tag[omero.repo.internal_register.sort]
2024-10-11 09:25:14,098 INFO  [                 org.perf4j.TimingLogger] (.Server-11) start[1728638714094] time[4] tag[omero.repo.save_fileset.register]
2024-10-11 09:25:14,099 INFO  [                 org.perf4j.TimingLogger] (.Server-11) start[1728638714098] time[0] tag[omero.repo.save_fileset.update_fileset_entries]
2024-10-11 09:25:14,102 INFO  [       ome.security.basic.CurrentDetails] (.Server-11) Adding log:INSERT,class ome.model.fs.Fileset,224
2024-10-11 09:25:14,103 INFO  [       ome.security.basic.CurrentDetails] (.Server-11) Adding log:INSERT,class ome.model.fs.FilesetJobLink,316
2024-10-11 09:25:14,103 INFO  [       ome.security.basic.CurrentDetails] (.Server-11) Adding log:INSERT,class ome.model.fs.FilesetJobLink,317
2024-10-11 09:25:14,104 INFO  [       ome.security.basic.CurrentDetails] (.Server-11) Adding log:INSERT,class ome.model.fs.FilesetJobLink,318
2024-10-11 09:25:14,104 INFO  [       ome.security.basic.CurrentDetails] (.Server-11) Adding log:INSERT,class ome.model.fs.FilesetJobLink,319
2024-10-11 09:25:14,104 INFO  [       ome.security.basic.CurrentDetails] (.Server-11) Adding log:INSERT,class ome.model.fs.FilesetJobLink,320
2024-10-11 09:25:14,105 INFO  [       ome.security.basic.CurrentDetails] (.Server-11) Adding log:INSERT,class ome.model.fs.FilesetEntry,224
2024-10-11 09:25:14,107 INFO  [                 org.perf4j.TimingLogger] (.Server-11) start[1728638714099] time[8] tag[omero.repo.save_fileset.save]
2024-10-11 09:25:14,318 INFO  [                 org.perf4j.TimingLogger] (.Server-11) start[1728638714052] time[266] tag[omero.call.success.ome.services.blitz.repo.RepositoryDaoImpl$8.doWork]
2024-10-11 09:25:14,320 INFO  [                 org.perf4j.TimingLogger] (.Server-11) start[1728638714052] time[268] tag[omero.repo.save_fileset]
2024-10-11 09:25:14,320 INFO  [                      omero.cmd.SessionI] (.Server-11) Added servant to adapter: 83be404c-1957-46d4-a36b-f9feca68dcf3/17cc8552-57cc-4775-81df-e547bbe6c449-ManagedImportProcessI(omero.grid._ImportProcessTie@633e994e)
2024-10-11 09:25:14,321 DEBUG [                omero.util.ServantHolder] (.Server-11) Added omero.grid._ImportProcessTie@633e994e to omero.util.ServantHolder@149b3864 as 17cc8552-57cc-4775-81df-e547bbe6c449-ManagedImportProcessI
2024-10-11 09:25:14,321 INFO  [                 org.perf4j.TimingLogger] (.Server-11) start[1728638714051] time[269] tag[omero.import.process.create]
2024-10-11 09:25:14,344 INFO  [         ome.security.basic.EventHandler] (.Server-13)  Auth:	user=0,group=0,event=null(User),sess=83be404c-1957-46d4-a36b-f9feca68dcf3
2024-10-11 09:25:14,351 INFO  [                 org.perf4j.TimingLogger] (.Server-13) start[1728638714341] time[9] tag[omero.call.success.ome.services.blitz.repo.RepositoryDaoImpl$2.doWork]
2024-10-11 09:25:14,355 INFO  [         ome.security.basic.EventHandler] (.Server-13)  Auth:	user=0,group=0,event=null(User),sess=83be404c-1957-46d4-a36b-f9feca68dcf3
2024-10-11 09:25:14,357 INFO  [                 org.perf4j.TimingLogger] (.Server-13) start[1728638714352] time[5] tag[omero.call.success.ome.services.blitz.repo.RepositoryDaoImpl$4.doWork]
2024-10-11 09:25:14,360 INFO  [         ome.security.basic.EventHandler] (.Server-13)  Auth:	user=0,group=0,event=null(User),sess=83be404c-1957-46d4-a36b-f9feca68dcf3
2024-10-11 09:25:14,362 INFO  [                 org.perf4j.TimingLogger] (.Server-13) start[1728638714358] time[4] tag[omero.call.success.ome.services.blitz.repo.RepositoryDaoImpl$6.doWork]
2024-10-11 09:25:14,364 INFO  [    ome.security.basic.BasicEventContext] (.Server-13)  cctx:	group=0
2024-10-11 09:25:14,365 INFO  [         ome.security.basic.EventHandler] (.Server-13)  Auth:	user=0,group=0,event=null(User),sess=83be404c-1957-46d4-a36b-f9feca68dcf3
2024-10-11 09:25:14,368 INFO  [                 org.perf4j.TimingLogger] (.Server-13) start[1728638714363] time[4] tag[omero.call.success.ome.services.blitz.repo.RepositoryDaoImpl$1.doWork]
2024-10-11 09:25:14,368 INFO  [                      omero.cmd.SessionI] (.Server-13) Added servant to adapter: 83be404c-1957-46d4-a36b-f9feca68dcf3/95cfdabf-16f2-488d-9a64-aac9704cd754-RepoRawFileStoreI(omero.api._RawFileStoreTie@5c002fd9)
2024-10-11 09:25:14,368 DEBUG [                omero.util.ServantHolder] (.Server-13) Added omero.api._RawFileStoreTie@5c002fd9 to omero.util.ServantHolder@149b3864 as 95cfdabf-16f2-488d-9a64-aac9704cd754-RepoRawFileStoreI
2024-10-11 09:25:14,368 INFO  [                 org.perf4j.TimingLogger] (.Server-13) start[1728638714341] time[27] tag[omero.import.process.opener]
2024-10-11 09:25:14,368 INFO  [                 org.perf4j.TimingLogger] (.Server-13) start[1728638714341] time[27] tag[omero.import.process.uploader]
2024-10-11 09:25:14,374 INFO  [         ome.security.basic.EventHandler] (.Server-10)  Auth:	user=0,group=0,event=null(User),sess=83be404c-1957-46d4-a36b-f9feca68dcf3
2024-10-11 09:25:14,375 INFO  [                 org.perf4j.TimingLogger] (.Server-10) start[1728638714372] time[2] tag[omero.call.success.ome.services.RawFileBean.write]
2024-10-11 09:25:14,442 INFO  [         ome.security.basic.EventHandler] (.Server-11)  Auth:	user=0,group=0,event=null(User),sess=83be404c-1957-46d4-a36b-f9feca68dcf3
2024-10-11 09:25:14,448 INFO  [                 org.perf4j.TimingLogger] (.Server-11) start[1728638714440] time[7] tag[omero.call.success.ome.services.RawFileBean.write]
2024-10-11 09:25:14,497 INFO  [         ome.security.basic.EventHandler] (.Server-14)  Auth:	user=0,group=0,event=null(User),sess=83be404c-1957-46d4-a36b-f9feca68dcf3
2024-10-11 09:25:14,504 INFO  [                 org.perf4j.TimingLogger] (.Server-14) start[1728638714495] time[8] tag[omero.call.success.ome.services.RawFileBean.write]
2024-10-11 09:25:14,563 INFO  [         ome.security.basic.EventHandler] (.Server-13)  Auth:	user=0,group=0,event=null(User),sess=83be404c-1957-46d4-a36b-f9feca68dcf3
2024-10-11 09:25:14,571 INFO  [                 org.perf4j.TimingLogger] (.Server-13) start[1728638714562] time[9] tag[omero.call.success.ome.services.RawFileBean.write]
2024-10-11 09:25:14,640 INFO  [         ome.security.basic.EventHandler] (.Server-15)  Auth:	user=0,group=0,event=null(User),sess=83be404c-1957-46d4-a36b-f9feca68dcf3
2024-10-11 09:25:14,647 INFO  [                 org.perf4j.TimingLogger] (.Server-15) start[1728638714639] time[7] tag[omero.call.success.ome.services.RawFileBean.write]
2024-10-11 09:25:14,717 INFO  [         ome.security.basic.EventHandler] (l.Server-4)  Auth:	user=0,group=0,event=null(User),sess=83be404c-1957-46d4-a36b-f9feca68dcf3
2024-10-11 09:25:14,725 INFO  [                 org.perf4j.TimingLogger] (l.Server-4) start[1728638714715] time[9] tag[omero.call.success.ome.services.RawFileBean.write]
2024-10-11 09:25:14,797 INFO  [         ome.security.basic.EventHandler] (.Server-14)  Auth:	user=0,group=0,event=null(User),sess=83be404c-1957-46d4-a36b-f9feca68dcf3
2024-10-11 09:25:14,803 INFO  [                 org.perf4j.TimingLogger] (.Server-14) start[1728638714791] time[12] tag[omero.call.success.ome.services.RawFileBean.write]
2024-10-11 09:25:14,860 INFO  [         ome.security.basic.EventHandler] (.Server-14)  Auth:	user=0,group=0,event=null(User),sess=83be404c-1957-46d4-a36b-f9feca68dcf3
2024-10-11 09:25:14,866 INFO  [                 org.perf4j.TimingLogger] (.Server-14) start[1728638714859] time[6] tag[omero.call.success.ome.services.RawFileBean.write]
2024-10-11 09:25:14,916 INFO  [         ome.security.basic.EventHandler] (l.Server-4)  Auth:	user=0,group=0,event=null(User),sess=83be404c-1957-46d4-a36b-f9feca68dcf3
2024-10-11 09:25:14,922 INFO  [                 org.perf4j.TimingLogger] (l.Server-4) start[1728638714914] time[7] tag[omero.call.success.ome.services.RawFileBean.write]
2024-10-11 09:25:14,931 INFO  [         ome.security.basic.EventHandler] (l.Server-9)  Auth:	user=0,group=0,event=28396(User),sess=83be404c-1957-46d4-a36b-f9feca68dcf3
2024-10-11 09:25:14,948 INFO  [                 org.perf4j.TimingLogger] (l.Server-9) start[1728638714932] time[16] tag[omero.services.file.flush]
2024-10-11 09:25:14,988 INFO  [                 org.perf4j.TimingLogger] (l.Server-9) start[1728638714948] time[39] tag[omero.services.file.checksum]
2024-10-11 09:25:14,990 INFO  [       ome.security.basic.CurrentDetails] (l.Server-9) Adding log:UPDATE,class ome.model.core.OriginalFile,3110
2024-10-11 09:25:14,990 INFO  [                 org.perf4j.TimingLogger] (l.Server-9) start[1728638714988] time[2] tag[omero.services.file.finalize]
2024-10-11 09:25:14,994 INFO  [                 org.perf4j.TimingLogger] (l.Server-9) start[1728638714925] time[69] tag[omero.call.success.ome.services.RawFileBean.save]
2024-10-11 09:25:15,002 INFO  [         ome.security.basic.EventHandler] (.Server-13)  Auth:	user=0,group=0,event=28398(User),sess=83be404c-1957-46d4-a36b-f9feca68dcf3
2024-10-11 09:25:15,006 INFO  [                 org.perf4j.TimingLogger] (.Server-13) start[1728638714997] time[8] tag[omero.call.success.ome.services.RawFileBean.close]
2024-10-11 09:25:15,006 DEBUG [                omero.util.ServantHolder] (.Server-13) Removed omero.api._RawFileStoreTie@5c002fd9 from omero.util.ServantHolder@149b3864 as 95cfdabf-16f2-488d-9a64-aac9704cd754-RepoRawFileStoreI
2024-10-11 09:25:15,006 INFO  [                      omero.cmd.SessionI] (.Server-13) Unregistered servant:83be404c-1957-46d4-a36b-f9feca68dcf3/95cfdabf-16f2-488d-9a64-aac9704cd754-RepoRawFileStoreI(omero.api._RawFileStoreTie@5c002fd9)
2024-10-11 09:25:15,010 INFO  [         ome.security.basic.EventHandler] (.Server-12)  Auth:	user=0,group=0,event=null(User),sess=83be404c-1957-46d4-a36b-f9feca68dcf3
2024-10-11 09:25:15,011 INFO  [                 org.perf4j.TimingLogger] (.Server-12) start[1728638715009] time[1] tag[omero.call.success.ome.services.blitz.impl.ServiceFactoryI$3.doWork]
2024-10-11 09:25:15,014 INFO  [                 org.perf4j.TimingLogger] (.Server-12) start[1728638715011] time[3] tag[omero.import.process.checksum]
2024-10-11 09:25:15,018 INFO  [         ome.security.basic.EventHandler] (.Server-12)  Auth:	user=0,group=0,event=28400(User),sess=83be404c-1957-46d4-a36b-f9feca68dcf3
2024-10-11 09:25:15,024 INFO  [       ome.security.basic.CurrentDetails] (.Server-12) Adding log:UPDATE,class ome.model.jobs.UploadJob,3153
2024-10-11 09:25:15,030 INFO  [                 org.perf4j.TimingLogger] (.Server-12) start[1728638715014] time[15] tag[omero.call.success.ome.services.blitz.repo.RepositoryDaoImpl$12.doWork]
2024-10-11 09:25:15,033 INFO  [         ome.security.basic.EventHandler] (.Server-12)  Auth:	user=0,group=0,event=null(User),sess=83be404c-1957-46d4-a36b-f9feca68dcf3
2024-10-11 09:25:15,035 INFO  [                 org.perf4j.TimingLogger] (.Server-12) start[1728638715030] time[5] tag[omero.call.success.ome.services.blitz.repo.RepositoryDaoImpl$2.doWork]
2024-10-11 09:25:15,038 INFO  [         ome.security.basic.EventHandler] (.Server-12)  Auth:	user=0,group=0,event=null(User),sess=83be404c-1957-46d4-a36b-f9feca68dcf3
2024-10-11 09:25:15,039 INFO  [                 org.perf4j.TimingLogger] (.Server-12) start[1728638715036] time[2] tag[omero.call.success.ome.services.blitz.repo.RepositoryDaoImpl$4.doWork]
2024-10-11 09:25:15,039 INFO  [       ome.formats.importer.ImportConfig] (.Server-12) OMERO.blitz Version: 5.7.3
2024-10-11 09:25:15,039 INFO  [       ome.formats.importer.ImportConfig] (.Server-12) Bioformats version: 7.3.0 revision: acc4b6de79e55275b5e6c8200f8458f6d93c9ba0 date: 18 April 2024
2024-10-11 09:25:15,042 INFO  [                      omero.cmd.SessionI] (.Server-12) Added servant to adapter: 83be404c-1957-46d4-a36b-f9feca68dcf3/IHandle5c90994c-0936-4a3d-9d81-472ae78df32f(omero.cmd._HandleTie@748151a0)
2024-10-11 09:25:15,042 DEBUG [                omero.util.ServantHolder] (.Server-12) Added omero.cmd._HandleTie@748151a0 to omero.util.ServantHolder@149b3864 as IHandle5c90994c-0936-4a3d-9d81-472ae78df32f
2024-10-11 09:25:15,042 INFO  [                 org.perf4j.TimingLogger] (.Server-12) start[1728638715042] time[0] tag[omero.background.submit]
2024-10-11 09:25:15,042 INFO  [                 org.perf4j.TimingLogger] (.Server-12) start[1728638715014] time[28] tag[omero.import.process.submit]
2024-10-11 09:25:15,045 DEBUG [                omero.util.ServantHolder] (l.Server-9) Removed omero.grid._ImportProcessTie@633e994e from omero.util.ServantHolder@149b3864 as 17cc8552-57cc-4775-81df-e547bbe6c449-ManagedImportProcessI
2024-10-11 09:25:15,045 INFO  [                      omero.cmd.SessionI] (l.Server-9) Unregistered servant:83be404c-1957-46d4-a36b-f9feca68dcf3/17cc8552-57cc-4775-81df-e547bbe6c449-ManagedImportProcessI(omero.grid._ImportProcessTie@633e994e)
2024-10-11 09:25:15,053 INFO  [    ome.formats.OMEROMetadataStoreClient] (2-thread-8) Call context: {omero.group:0}
2024-10-11 09:25:15,053 INFO  [    ome.formats.OMEROMetadataStoreClient] (2-thread-8) Call context: {omero.logfilename:root_0/2024-10/11/09-25-13.945.log}
2024-10-11 09:25:15,057 INFO  [    ome.security.basic.BasicEventContext] (.Server-12)  cctx:	group=0
2024-10-11 09:25:15,058 INFO  [         ome.security.basic.EventHandler] (.Server-12)  Auth:	user=0,group=0,event=null(User),sess=83be404c-1957-46d4-a36b-f9feca68dcf3
2024-10-11 09:25:15,064 INFO  [                 org.perf4j.TimingLogger] (.Server-12) start[1728638715056] time[7] tag[omero.call.success.ome.logic.AdminImpl.getEventContext]
2024-10-11 09:25:15,097 INFO  [    ome.formats.OMEROMetadataStoreClient] (2-thread-8) Pinging session every 300s.
2024-10-11 09:25:15,126 INFO  [                loci.formats.ImageReader] (2-thread-8) IonpathMIBITiffReader initializing /OMERO/ManagedRepository/root_0/2024-10/11/09-25-13.945/TA459_multipleCores2_Run-4_Point32.tiff
2024-10-11 09:25:15,126 INFO  [       loci.formats.in.MinimalTiffReader] (2-thread-8) Reading IFDs
2024-10-11 09:25:15,127 INFO  [       loci.formats.in.MinimalTiffReader] (2-thread-8) Populating metadata
2024-10-11 09:25:15,129 INFO  [          loci.formats.in.BaseTiffReader] (2-thread-8) Populating OME metadata
2024-10-11 09:25:15,135 INFO  [    ome.security.basic.BasicEventContext] (.Server-10)  cctx:	group=0
2024-10-11 09:25:15,136 INFO  [         ome.security.basic.EventHandler] (.Server-10)  Auth:	user=0,group=0,event=null(User),sess=83be404c-1957-46d4-a36b-f9feca68dcf3
2024-10-11 09:25:15,139 INFO  [                 org.perf4j.TimingLogger] (.Server-10) start[1728638715134] time[5] tag[omero.call.success.ome.logic.QueryImpl.findAll]
2024-10-11 09:25:15,144 INFO  [    ome.security.basic.BasicEventContext] (.Server-15)  cctx:	group=0
2024-10-11 09:25:15,146 INFO  [         ome.security.basic.EventHandler] (.Server-15)  Auth:	user=0,group=0,event=null(User),sess=83be404c-1957-46d4-a36b-f9feca68dcf3
2024-10-11 09:25:15,147 INFO  [                 org.perf4j.TimingLogger] (.Server-15) start[1728638715143] time[3] tag[omero.call.success.ome.logic.QueryImpl.findAll]
2024-10-11 09:25:15,148 INFO  [    ome.security.basic.BasicEventContext] (.Server-11)  cctx:	group=0
2024-10-11 09:25:15,150 INFO  [         ome.security.basic.EventHandler] (.Server-11)  Auth:	user=0,group=0,event=null(User),sess=83be404c-1957-46d4-a36b-f9feca68dcf3
2024-10-11 09:25:15,151 INFO  [                 org.perf4j.TimingLogger] (.Server-11) start[1728638715148] time[3] tag[omero.call.success.ome.logic.QueryImpl.findAll]
2024-10-11 09:25:15,153 INFO  [    ome.security.basic.BasicEventContext] (.Server-12)  cctx:	group=0
2024-10-11 09:25:15,155 INFO  [         ome.security.basic.EventHandler] (.Server-12)  Auth:	user=0,group=0,event=null(User),sess=83be404c-1957-46d4-a36b-f9feca68dcf3
2024-10-11 09:25:15,157 INFO  [                 org.perf4j.TimingLogger] (.Server-12) start[1728638715153] time[4] tag[omero.call.success.ome.logic.QueryImpl.findAll]
2024-10-11 09:25:15,183 DEBUG [                   loci.formats.Memoizer] (2-thread-8) saved to temp file: /OMERO/BioFormatsCache/OMERO/ManagedRepository/root_0/2024-10/11/09-25-13.945/.TA459_multipleCores2_Run-4_Point32.tiff.bfmemo11287653608357919739
2024-10-11 09:25:15,183 DEBUG [                   loci.formats.Memoizer] (2-thread-8) start[1728638715177] time[6] tag[loci.formats.Memoizer.saveMemo]
2024-10-11 09:25:15,183 DEBUG [                   loci.formats.Memoizer] (2-thread-8) saved memo file: /OMERO/BioFormatsCache/OMERO/ManagedRepository/root_0/2024-10/11/09-25-13.945/.TA459_multipleCores2_Run-4_Point32.tiff.bfmemo (50745 bytes)
2024-10-11 09:25:15,183 DEBUG [                   loci.formats.Memoizer] (2-thread-8) start[1728638715097] time[86] tag[loci.formats.Memoizer.setId]
2024-10-11 09:25:15,183 DEBUG [    o.s.blitz.repo.ManagedImportRequestI] (2-thread-8) Image Count: 44
2024-10-11 09:25:15,183 INFO  [    o.s.blitz.repo.ManagedImportRequestI] (2-thread-8) File format: Ionpath MIBI
2024-10-11 09:25:15,183 INFO  [    o.s.blitz.repo.ManagedImportRequestI] (2-thread-8) Base reader: loci.formats.in.IonpathMIBITiffReader
2024-10-11 09:25:15,183 INFO  [                 org.perf4j.TimingLogger] (2-thread-8) start[1728638715050] time[133] tag[omero.import.request.init]
2024-10-11 09:25:15,184 DEBUG [    o.s.blitz.repo.ManagedImportRequestI] (2-thread-8) Step 0
2024-10-11 09:25:15,185 WARN  [    ome.formats.model.ReferenceProcessor] (2-thread-8) Unknown target class for LSID: Image:SIMS
2024-10-11 09:25:15,185 INFO  [    ome.formats.OMEROMetadataStoreClient] (2-thread-8) Handling # of containers: 91
2024-10-11 09:25:15,187 INFO  [    ome.security.basic.BasicEventContext] (l.Server-4)  cctx:	group=0
2024-10-11 09:25:15,188 INFO  [         ome.security.basic.EventHandler] (l.Server-4)  Auth:	user=0,group=0,event=null(User),sess=83be404c-1957-46d4-a36b-f9feca68dcf3
2024-10-11 09:25:15,189 INFO  [                 org.perf4j.TimingLogger] (l.Server-4) start[1728638715186] time[3] tag[omero.call.success.ome.services.blitz.impl.MetadataStoreI$4.doWork]
2024-10-11 09:25:15,190 INFO  [    ome.formats.OMEROMetadataStoreClient] (2-thread-8) Handling # of references: 1
2024-10-11 09:25:15,191 INFO  [    ome.security.basic.BasicEventContext] (l.Server-9)  cctx:	group=0
2024-10-11 09:25:15,192 INFO  [         ome.security.basic.EventHandler] (l.Server-9)  Auth:	user=0,group=0,event=null(User),sess=83be404c-1957-46d4-a36b-f9feca68dcf3
2024-10-11 09:25:15,193 INFO  [                 org.perf4j.TimingLogger] (l.Server-9) start[1728638715190] time[2] tag[omero.call.success.ome.services.blitz.impl.MetadataStoreI$5.doWork]
2024-10-11 09:25:15,195 INFO  [    ome.security.basic.BasicEventContext] (.Server-14)  cctx:	group=0
2024-10-11 09:25:15,201 INFO  [         ome.security.basic.EventHandler] (.Server-14)  Auth:	user=0,group=0,event=28404(User),sess=83be404c-1957-46d4-a36b-f9feca68dcf3
2024-10-11 09:25:15,210 INFO  [       ome.security.basic.CurrentDetails] (.Server-14) Adding log:INSERT,class ome.model.core.Image,224
2024-10-11 09:25:15,211 INFO  [       ome.security.basic.CurrentDetails] (.Server-14) Adding log:INSERT,class ome.model.containers.DatasetImageLink,224
2024-10-11 09:25:15,211 INFO  [       ome.security.basic.CurrentDetails] (.Server-14) Adding log:INSERT,class ome.model.core.Pixels,224
2024-10-11 09:25:15,212 INFO  [       ome.security.basic.CurrentDetails] (.Server-14) Adding log:INSERT,class ome.model.core.LogicalChannel,1563
2024-10-11 09:25:15,212 INFO  [       ome.security.basic.CurrentDetails] (.Server-14) Adding log:INSERT,class ome.model.core.Channel,1563
2024-10-11 09:25:15,212 INFO  [       ome.security.basic.CurrentDetails] (.Server-14) Adding log:INSERT,class ome.model.core.LogicalChannel,1564
2024-10-11 09:25:15,213 INFO  [       ome.security.basic.CurrentDetails] (.Server-14) Adding log:INSERT,class ome.model.core.Channel,1564
2024-10-11 09:25:15,213 INFO  [       ome.security.basic.CurrentDetails] (.Server-14) Adding log:INSERT,class ome.model.core.LogicalChannel,1565
2024-10-11 09:25:15,213 INFO  [       ome.security.basic.CurrentDetails] (.Server-14) Adding log:INSERT,class ome.model.core.Channel,1565
2024-10-11 09:25:15,213 INFO  [       ome.security.basic.CurrentDetails] (.Server-14) Adding log:INSERT,class ome.model.core.LogicalChannel,1566
2024-10-11 09:25:15,214 INFO  [       ome.security.basic.CurrentDetails] (.Server-14) Adding log:INSERT,class ome.model.core.Channel,1566
2024-10-11 09:25:15,214 INFO  [       ome.security.basic.CurrentDetails] (.Server-14) Adding log:INSERT,class ome.model.core.LogicalChannel,1567
2024-10-11 09:25:15,214 INFO  [       ome.security.basic.CurrentDetails] (.Server-14) Adding log:INSERT,class ome.model.core.Channel,1567
2024-10-11 09:25:15,215 INFO  [       ome.security.basic.CurrentDetails] (.Server-14) Adding log:INSERT,class ome.model.core.LogicalChannel,1568
2024-10-11 09:25:15,215 INFO  [       ome.security.basic.CurrentDetails] (.Server-14) Adding log:INSERT,class ome.model.core.Channel,1568
2024-10-11 09:25:15,215 INFO  [       ome.security.basic.CurrentDetails] (.Server-14) Adding log:INSERT,class ome.model.core.LogicalChannel,1569
2024-10-11 09:25:15,216 INFO  [       ome.security.basic.CurrentDetails] (.Server-14) Adding log:INSERT,class ome.model.core.Channel,1569
2024-10-11 09:25:15,216 INFO  [       ome.security.basic.CurrentDetails] (.Server-14) Adding log:INSERT,class ome.model.core.LogicalChannel,1570
2024-10-11 09:25:15,216 INFO  [       ome.security.basic.CurrentDetails] (.Server-14) Adding log:INSERT,class ome.model.core.Channel,1570
2024-10-11 09:25:15,217 INFO  [       ome.security.basic.CurrentDetails] (.Server-14) Adding log:INSERT,class ome.model.core.LogicalChannel,1571
2024-10-11 09:25:15,217 INFO  [       ome.security.basic.CurrentDetails] (.Server-14) Adding log:INSERT,class ome.model.core.Channel,1571
2024-10-11 09:25:15,217 INFO  [       ome.security.basic.CurrentDetails] (.Server-14) Adding log:INSERT,class ome.model.core.LogicalChannel,1572
2024-10-11 09:25:15,217 INFO  [       ome.security.basic.CurrentDetails] (.Server-14) Adding log:INSERT,class ome.model.core.Channel,1572
2024-10-11 09:25:15,218 INFO  [       ome.security.basic.CurrentDetails] (.Server-14) Adding log:INSERT,class ome.model.core.LogicalChannel,1573
2024-10-11 09:25:15,218 INFO  [       ome.security.basic.CurrentDetails] (.Server-14) Adding log:INSERT,class ome.model.core.Channel,1573
2024-10-11 09:25:15,218 INFO  [       ome.security.basic.CurrentDetails] (.Server-14) Adding log:INSERT,class ome.model.core.LogicalChannel,1574
2024-10-11 09:25:15,219 INFO  [       ome.security.basic.CurrentDetails] (.Server-14) Adding log:INSERT,class ome.model.core.Channel,1574
2024-10-11 09:25:15,219 INFO  [       ome.security.basic.CurrentDetails] (.Server-14) Adding log:INSERT,class ome.model.core.LogicalChannel,1575
2024-10-11 09:25:15,220 INFO  [       ome.security.basic.CurrentDetails] (.Server-14) Adding log:INSERT,class ome.model.core.Channel,1575
2024-10-11 09:25:15,220 INFO  [       ome.security.basic.CurrentDetails] (.Server-14) Adding log:INSERT,class ome.model.core.LogicalChannel,1576
2024-10-11 09:25:15,220 INFO  [       ome.security.basic.CurrentDetails] (.Server-14) Adding log:INSERT,class ome.model.core.Channel,1576
2024-10-11 09:25:15,221 INFO  [       ome.security.basic.CurrentDetails] (.Server-14) Adding log:INSERT,class ome.model.core.LogicalChannel,1577
2024-10-11 09:25:15,221 INFO  [       ome.security.basic.CurrentDetails] (.Server-14) Adding log:INSERT,class ome.model.core.Channel,1577
2024-10-11 09:25:15,221 INFO  [       ome.security.basic.CurrentDetails] (.Server-14) Adding log:INSERT,class ome.model.core.LogicalChannel,1578
2024-10-11 09:25:15,221 INFO  [       ome.security.basic.CurrentDetails] (.Server-14) Adding log:INSERT,class ome.model.core.Channel,1578
2024-10-11 09:25:15,222 INFO  [       ome.security.basic.CurrentDetails] (.Server-14) Adding log:INSERT,class ome.model.core.LogicalChannel,1579
2024-10-11 09:25:15,222 INFO  [       ome.security.basic.CurrentDetails] (.Server-14) Adding log:INSERT,class ome.model.core.Channel,1579
2024-10-11 09:25:15,222 INFO  [       ome.security.basic.CurrentDetails] (.Server-14) Adding log:INSERT,class ome.model.core.LogicalChannel,1580
2024-10-11 09:25:15,223 INFO  [       ome.security.basic.CurrentDetails] (.Server-14) Adding log:INSERT,class ome.model.core.Channel,1580
2024-10-11 09:25:15,223 INFO  [       ome.security.basic.CurrentDetails] (.Server-14) Adding log:INSERT,class ome.model.core.LogicalChannel,1581
2024-10-11 09:25:15,223 INFO  [       ome.security.basic.CurrentDetails] (.Server-14) Adding log:INSERT,class ome.model.core.Channel,1581
2024-10-11 09:25:15,223 INFO  [       ome.security.basic.CurrentDetails] (.Server-14) Adding log:INSERT,class ome.model.core.LogicalChannel,1582
2024-10-11 09:25:15,224 INFO  [       ome.security.basic.CurrentDetails] (.Server-14) Adding log:INSERT,class ome.model.core.Channel,1582
2024-10-11 09:25:15,224 INFO  [       ome.security.basic.CurrentDetails] (.Server-14) Adding log:INSERT,class ome.model.core.LogicalChannel,1583
2024-10-11 09:25:15,224 INFO  [       ome.security.basic.CurrentDetails] (.Server-14) Adding log:INSERT,class ome.model.core.Channel,1583
2024-10-11 09:25:15,225 INFO  [       ome.security.basic.CurrentDetails] (.Server-14) Adding log:INSERT,class ome.model.core.LogicalChannel,1584
2024-10-11 09:25:15,225 INFO  [       ome.security.basic.CurrentDetails] (.Server-14) Adding log:INSERT,class ome.model.core.Channel,1584
2024-10-11 09:25:15,225 INFO  [       ome.security.basic.CurrentDetails] (.Server-14) Adding log:INSERT,class ome.model.core.LogicalChannel,1585
2024-10-11 09:25:15,225 INFO  [       ome.security.basic.CurrentDetails] (.Server-14) Adding log:INSERT,class ome.model.core.Channel,1585
2024-10-11 09:25:15,226 INFO  [       ome.security.basic.CurrentDetails] (.Server-14) Adding log:INSERT,class ome.model.core.LogicalChannel,1586
2024-10-11 09:25:15,226 INFO  [       ome.security.basic.CurrentDetails] (.Server-14) Adding log:INSERT,class ome.model.core.Channel,1586
2024-10-11 09:25:15,226 INFO  [       ome.security.basic.CurrentDetails] (.Server-14) Adding log:INSERT,class ome.model.core.LogicalChannel,1587
2024-10-11 09:25:15,227 INFO  [       ome.security.basic.CurrentDetails] (.Server-14) Adding log:INSERT,class ome.model.core.Channel,1587
2024-10-11 09:25:15,227 INFO  [       ome.security.basic.CurrentDetails] (.Server-14) Adding log:INSERT,class ome.model.core.LogicalChannel,1588
2024-10-11 09:25:15,228 INFO  [       ome.security.basic.CurrentDetails] (.Server-14) Adding log:INSERT,class ome.model.core.Channel,1588
2024-10-11 09:25:15,229 INFO  [       ome.security.basic.CurrentDetails] (.Server-14) Adding log:INSERT,class ome.model.core.LogicalChannel,1589
2024-10-11 09:25:15,230 INFO  [       ome.security.basic.CurrentDetails] (.Server-14) Adding log:INSERT,class ome.model.core.Channel,1589
2024-10-11 09:25:15,230 INFO  [       ome.security.basic.CurrentDetails] (.Server-14) Adding log:INSERT,class ome.model.core.LogicalChannel,1590
2024-10-11 09:25:15,231 INFO  [       ome.security.basic.CurrentDetails] (.Server-14) Adding log:INSERT,class ome.model.core.Channel,1590
2024-10-11 09:25:15,231 INFO  [       ome.security.basic.CurrentDetails] (.Server-14) Adding log:INSERT,class ome.model.core.LogicalChannel,1591
2024-10-11 09:25:15,232 INFO  [       ome.security.basic.CurrentDetails] (.Server-14) Adding log:INSERT,class ome.model.core.Channel,1591
2024-10-11 09:25:15,232 INFO  [       ome.security.basic.CurrentDetails] (.Server-14) Adding log:INSERT,class ome.model.core.LogicalChannel,1592
2024-10-11 09:25:15,232 INFO  [       ome.security.basic.CurrentDetails] (.Server-14) Adding log:INSERT,class ome.model.core.Channel,1592
2024-10-11 09:25:15,233 INFO  [       ome.security.basic.CurrentDetails] (.Server-14) Adding log:INSERT,class ome.model.core.LogicalChannel,1593
2024-10-11 09:25:15,233 INFO  [       ome.security.basic.CurrentDetails] (.Server-14) Adding log:INSERT,class ome.model.core.Channel,1593
2024-10-11 09:25:15,233 INFO  [       ome.security.basic.CurrentDetails] (.Server-14) Adding log:INSERT,class ome.model.core.LogicalChannel,1594
2024-10-11 09:25:15,233 INFO  [       ome.security.basic.CurrentDetails] (.Server-14) Adding log:INSERT,class ome.model.core.Channel,1594
2024-10-11 09:25:15,234 INFO  [       ome.security.basic.CurrentDetails] (.Server-14) Adding log:INSERT,class ome.model.core.LogicalChannel,1595
2024-10-11 09:25:15,234 INFO  [       ome.security.basic.CurrentDetails] (.Server-14) Adding log:INSERT,class ome.model.core.Channel,1595
2024-10-11 09:25:15,234 INFO  [       ome.security.basic.CurrentDetails] (.Server-14) Adding log:INSERT,class ome.model.core.LogicalChannel,1596
2024-10-11 09:25:15,235 INFO  [       ome.security.basic.CurrentDetails] (.Server-14) Adding log:INSERT,class ome.model.core.Channel,1596
2024-10-11 09:25:15,235 INFO  [       ome.security.basic.CurrentDetails] (.Server-14) Adding log:INSERT,class ome.model.core.LogicalChannel,1597
2024-10-11 09:25:15,235 INFO  [       ome.security.basic.CurrentDetails] (.Server-14) Adding log:INSERT,class ome.model.core.Channel,1597
2024-10-11 09:25:15,236 INFO  [       ome.security.basic.CurrentDetails] (.Server-14) Adding log:INSERT,class ome.model.core.LogicalChannel,1598
2024-10-11 09:25:15,237 INFO  [       ome.security.basic.CurrentDetails] (.Server-14) Adding log:INSERT,class ome.model.core.Channel,1598
2024-10-11 09:25:15,237 INFO  [       ome.security.basic.CurrentDetails] (.Server-14) Adding log:INSERT,class ome.model.core.LogicalChannel,1599
2024-10-11 09:25:15,237 INFO  [       ome.security.basic.CurrentDetails] (.Server-14) Adding log:INSERT,class ome.model.core.Channel,1599
2024-10-11 09:25:15,238 INFO  [       ome.security.basic.CurrentDetails] (.Server-14) Adding log:INSERT,class ome.model.core.LogicalChannel,1600
2024-10-11 09:25:15,238 INFO  [       ome.security.basic.CurrentDetails] (.Server-14) Adding log:INSERT,class ome.model.core.Channel,1600
2024-10-11 09:25:15,238 INFO  [       ome.security.basic.CurrentDetails] (.Server-14) Adding log:INSERT,class ome.model.core.LogicalChannel,1601
2024-10-11 09:25:15,239 INFO  [       ome.security.basic.CurrentDetails] (.Server-14) Adding log:INSERT,class ome.model.core.Channel,1601
2024-10-11 09:25:15,239 INFO  [       ome.security.basic.CurrentDetails] (.Server-14) Adding log:INSERT,class ome.model.core.LogicalChannel,1602
2024-10-11 09:25:15,239 INFO  [       ome.security.basic.CurrentDetails] (.Server-14) Adding log:INSERT,class ome.model.core.Channel,1602
2024-10-11 09:25:15,239 INFO  [       ome.security.basic.CurrentDetails] (.Server-14) Adding log:INSERT,class ome.model.core.LogicalChannel,1603
2024-10-11 09:25:15,240 INFO  [       ome.security.basic.CurrentDetails] (.Server-14) Adding log:INSERT,class ome.model.core.Channel,1603
2024-10-11 09:25:15,240 INFO  [       ome.security.basic.CurrentDetails] (.Server-14) Adding log:INSERT,class ome.model.core.LogicalChannel,1604
2024-10-11 09:25:15,241 INFO  [       ome.security.basic.CurrentDetails] (.Server-14) Adding log:INSERT,class ome.model.core.Channel,1604
2024-10-11 09:25:15,241 INFO  [       ome.security.basic.CurrentDetails] (.Server-14) Adding log:INSERT,class ome.model.core.LogicalChannel,1605
2024-10-11 09:25:15,241 INFO  [       ome.security.basic.CurrentDetails] (.Server-14) Adding log:INSERT,class ome.model.core.Channel,1605
2024-10-11 09:25:15,241 INFO  [       ome.security.basic.CurrentDetails] (.Server-14) Adding log:INSERT,class ome.model.core.LogicalChannel,1606
2024-10-11 09:25:15,242 INFO  [       ome.security.basic.CurrentDetails] (.Server-14) Adding log:INSERT,class ome.model.core.Channel,1606
2024-10-11 09:25:15,255 INFO  [                 org.perf4j.TimingLogger] (.Server-14) start[1728638715201] time[53] tag[omero.saveImportGraph]
2024-10-11 09:25:15,269 INFO  [                 org.perf4j.TimingLogger] (.Server-14) start[1728638715194] time[74] tag[omero.call.success.ome.services.blitz.impl.MetadataStoreI$3.doWork]
2024-10-11 09:25:15,272 INFO  [                 org.perf4j.TimingLogger] (2-thread-8) start[1728638715184] time[88] tag[omero.import.request.metadata]
2024-10-11 09:25:15,274 INFO  [    ome.security.basic.BasicEventContext] (.Server-15)  cctx:	group=0
2024-10-11 09:25:15,276 INFO  [         ome.security.basic.EventHandler] (.Server-15)  Auth:	user=0,group=0,event=null(User),sess=83be404c-1957-46d4-a36b-f9feca68dcf3
2024-10-11 09:25:15,277 INFO  [                 org.perf4j.TimingLogger] (.Server-15) start[1728638715273] time[3] tag[omero.call.success.ome.logic.QueryImpl.get]
2024-10-11 09:25:15,278 INFO  [    ome.security.basic.BasicEventContext] (.Server-11)  cctx:	group=0
2024-10-11 09:25:15,282 INFO  [         ome.security.basic.EventHandler] (.Server-11)  Auth:	user=0,group=0,event=28407(User),sess=83be404c-1957-46d4-a36b-f9feca68dcf3
2024-10-11 09:25:15,292 INFO  [       ome.security.basic.CurrentDetails] (.Server-11) Adding log:UPDATE,class ome.model.core.OriginalFile,3109
2024-10-11 09:25:15,300 INFO  [                 org.perf4j.TimingLogger] (.Server-11) start[1728638715277] time[22] tag[omero.call.success.ome.logic.UpdateImpl.saveObject]
2024-10-11 09:25:15,300 INFO  [                 org.perf4j.TimingLogger] (2-thread-8) start[1728638715184] time[116] tag[omero.import.request.step]
2024-10-11 09:25:15,301 DEBUG [    o.s.blitz.repo.ManagedImportRequestI] (2-thread-8) Step 1
2024-10-11 09:25:15,301 DEBUG [    o.s.blitz.repo.ManagedImportRequestI] (2-thread-8) Plane:0 X:0 Y:0 TileWidth:2048 TileHeight:2048 arrayBuf.length:8388608
2024-10-11 09:25:15,401 DEBUG [    o.s.blitz.repo.ManagedImportRequestI] (2-thread-8) Plane:1 X:0 Y:0 TileWidth:2048 TileHeight:2048 arrayBuf.length:8388608
2024-10-11 09:25:15,455 DEBUG [    o.s.blitz.repo.ManagedImportRequestI] (2-thread-8) Plane:2 X:0 Y:0 TileWidth:2048 TileHeight:2048 arrayBuf.length:8388608
2024-10-11 09:25:15,546 DEBUG [    o.s.blitz.repo.ManagedImportRequestI] (2-thread-8) Plane:3 X:0 Y:0 TileWidth:2048 TileHeight:2048 arrayBuf.length:8388608
2024-10-11 09:25:15,630 DEBUG [    o.s.blitz.repo.ManagedImportRequestI] (2-thread-8) Plane:4 X:0 Y:0 TileWidth:2048 TileHeight:2048 arrayBuf.length:8388608
2024-10-11 09:25:15,677 DEBUG [    o.s.blitz.repo.ManagedImportRequestI] (2-thread-8) Plane:5 X:0 Y:0 TileWidth:2048 TileHeight:2048 arrayBuf.length:8388608
2024-10-11 09:25:15,736 DEBUG [    o.s.blitz.repo.ManagedImportRequestI] (2-thread-8) Plane:6 X:0 Y:0 TileWidth:2048 TileHeight:2048 arrayBuf.length:8388608
2024-10-11 09:25:15,820 DEBUG [    o.s.blitz.repo.ManagedImportRequestI] (2-thread-8) Plane:7 X:0 Y:0 TileWidth:2048 TileHeight:2048 arrayBuf.length:8388608
2024-10-11 09:25:15,876 DEBUG [    o.s.blitz.repo.ManagedImportRequestI] (2-thread-8) Plane:8 X:0 Y:0 TileWidth:2048 TileHeight:2048 arrayBuf.length:8388608
2024-10-11 09:25:15,928 DEBUG [    o.s.blitz.repo.ManagedImportRequestI] (2-thread-8) Plane:9 X:0 Y:0 TileWidth:2048 TileHeight:2048 arrayBuf.length:8388608
2024-10-11 09:25:16,001 DEBUG [    o.s.blitz.repo.ManagedImportRequestI] (2-thread-8) Plane:10 X:0 Y:0 TileWidth:2048 TileHeight:2048 arrayBuf.length:8388608
2024-10-11 09:25:16,069 DEBUG [    o.s.blitz.repo.ManagedImportRequestI] (2-thread-8) Plane:11 X:0 Y:0 TileWidth:2048 TileHeight:2048 arrayBuf.length:8388608
2024-10-11 09:25:16,116 DEBUG [    o.s.blitz.repo.ManagedImportRequestI] (2-thread-8) Plane:12 X:0 Y:0 TileWidth:2048 TileHeight:2048 arrayBuf.length:8388608
2024-10-11 09:25:16,178 DEBUG [    o.s.blitz.repo.ManagedImportRequestI] (2-thread-8) Plane:13 X:0 Y:0 TileWidth:2048 TileHeight:2048 arrayBuf.length:8388608
2024-10-11 09:25:16,254 DEBUG [    o.s.blitz.repo.ManagedImportRequestI] (2-thread-8) Plane:14 X:0 Y:0 TileWidth:2048 TileHeight:2048 arrayBuf.length:8388608
2024-10-11 09:25:16,312 DEBUG [    o.s.blitz.repo.ManagedImportRequestI] (2-thread-8) Plane:15 X:0 Y:0 TileWidth:2048 TileHeight:2048 arrayBuf.length:8388608
2024-10-11 09:25:16,381 DEBUG [    o.s.blitz.repo.ManagedImportRequestI] (2-thread-8) Plane:16 X:0 Y:0 TileWidth:2048 TileHeight:2048 arrayBuf.length:8388608
2024-10-11 09:25:16,436 DEBUG [    o.s.blitz.repo.ManagedImportRequestI] (2-thread-8) Plane:17 X:0 Y:0 TileWidth:2048 TileHeight:2048 arrayBuf.length:8388608
2024-10-11 09:25:16,506 DEBUG [    o.s.blitz.repo.ManagedImportRequestI] (2-thread-8) Plane:18 X:0 Y:0 TileWidth:2048 TileHeight:2048 arrayBuf.length:8388608
2024-10-11 09:25:16,572 DEBUG [    o.s.blitz.repo.ManagedImportRequestI] (2-thread-8) Plane:19 X:0 Y:0 TileWidth:2048 TileHeight:2048 arrayBuf.length:8388608
2024-10-11 09:25:16,643 DEBUG [    o.s.blitz.repo.ManagedImportRequestI] (2-thread-8) Plane:20 X:0 Y:0 TileWidth:2048 TileHeight:2048 arrayBuf.length:8388608
2024-10-11 09:25:16,693 DEBUG [    o.s.blitz.repo.ManagedImportRequestI] (2-thread-8) Plane:21 X:0 Y:0 TileWidth:2048 TileHeight:2048 arrayBuf.length:8388608
2024-10-11 09:25:16,763 DEBUG [    o.s.blitz.repo.ManagedImportRequestI] (2-thread-8) Plane:22 X:0 Y:0 TileWidth:2048 TileHeight:2048 arrayBuf.length:8388608
2024-10-11 09:25:16,840 DEBUG [    o.s.blitz.repo.ManagedImportRequestI] (2-thread-8) Plane:23 X:0 Y:0 TileWidth:2048 TileHeight:2048 arrayBuf.length:8388608
2024-10-11 09:25:16,911 DEBUG [    o.s.blitz.repo.ManagedImportRequestI] (2-thread-8) Plane:24 X:0 Y:0 TileWidth:2048 TileHeight:2048 arrayBuf.length:8388608
2024-10-11 09:25:16,972 DEBUG [    o.s.blitz.repo.ManagedImportRequestI] (2-thread-8) Plane:25 X:0 Y:0 TileWidth:2048 TileHeight:2048 arrayBuf.length:8388608
2024-10-11 09:25:17,051 DEBUG [    o.s.blitz.repo.ManagedImportRequestI] (2-thread-8) Plane:26 X:0 Y:0 TileWidth:2048 TileHeight:2048 arrayBuf.length:8388608
2024-10-11 09:25:17,115 DEBUG [    o.s.blitz.repo.ManagedImportRequestI] (2-thread-8) Plane:27 X:0 Y:0 TileWidth:2048 TileHeight:2048 arrayBuf.length:8388608
2024-10-11 09:25:17,178 DEBUG [    o.s.blitz.repo.ManagedImportRequestI] (2-thread-8) Plane:28 X:0 Y:0 TileWidth:2048 TileHeight:2048 arrayBuf.length:8388608
2024-10-11 09:25:17,233 DEBUG [    o.s.blitz.repo.ManagedImportRequestI] (2-thread-8) Plane:29 X:0 Y:0 TileWidth:2048 TileHeight:2048 arrayBuf.length:8388608
2024-10-11 09:25:17,302 DEBUG [    o.s.blitz.repo.ManagedImportRequestI] (2-thread-8) Plane:30 X:0 Y:0 TileWidth:2048 TileHeight:2048 arrayBuf.length:8388608
2024-10-11 09:25:17,366 DEBUG [    o.s.blitz.repo.ManagedImportRequestI] (2-thread-8) Plane:31 X:0 Y:0 TileWidth:2048 TileHeight:2048 arrayBuf.length:8388608
2024-10-11 09:25:17,429 DEBUG [    o.s.blitz.repo.ManagedImportRequestI] (2-thread-8) Plane:32 X:0 Y:0 TileWidth:2048 TileHeight:2048 arrayBuf.length:8388608
2024-10-11 09:25:17,486 DEBUG [    o.s.blitz.repo.ManagedImportRequestI] (2-thread-8) Plane:33 X:0 Y:0 TileWidth:2048 TileHeight:2048 arrayBuf.length:8388608
2024-10-11 09:25:17,575 DEBUG [    o.s.blitz.repo.ManagedImportRequestI] (2-thread-8) Plane:34 X:0 Y:0 TileWidth:2048 TileHeight:2048 arrayBuf.length:8388608
2024-10-11 09:25:17,654 DEBUG [    o.s.blitz.repo.ManagedImportRequestI] (2-thread-8) Plane:35 X:0 Y:0 TileWidth:2048 TileHeight:2048 arrayBuf.length:8388608
2024-10-11 09:25:17,711 DEBUG [    o.s.blitz.repo.ManagedImportRequestI] (2-thread-8) Plane:36 X:0 Y:0 TileWidth:2048 TileHeight:2048 arrayBuf.length:8388608
2024-10-11 09:25:17,767 DEBUG [    o.s.blitz.repo.ManagedImportRequestI] (2-thread-8) Plane:37 X:0 Y:0 TileWidth:2048 TileHeight:2048 arrayBuf.length:8388608
2024-10-11 09:25:17,825 DEBUG [    o.s.blitz.repo.ManagedImportRequestI] (2-thread-8) Plane:38 X:0 Y:0 TileWidth:2048 TileHeight:2048 arrayBuf.length:8388608
2024-10-11 09:25:17,890 DEBUG [    o.s.blitz.repo.ManagedImportRequestI] (2-thread-8) Plane:39 X:0 Y:0 TileWidth:2048 TileHeight:2048 arrayBuf.length:8388608
2024-10-11 09:25:17,954 DEBUG [    o.s.blitz.repo.ManagedImportRequestI] (2-thread-8) Plane:40 X:0 Y:0 TileWidth:2048 TileHeight:2048 arrayBuf.length:8388608
2024-10-11 09:25:18,026 DEBUG [    o.s.blitz.repo.ManagedImportRequestI] (2-thread-8) Plane:41 X:0 Y:0 TileWidth:2048 TileHeight:2048 arrayBuf.length:8388608
2024-10-11 09:25:18,104 DEBUG [    o.s.blitz.repo.ManagedImportRequestI] (2-thread-8) Plane:42 X:0 Y:0 TileWidth:2048 TileHeight:2048 arrayBuf.length:8388608
2024-10-11 09:25:18,180 DEBUG [    o.s.blitz.repo.ManagedImportRequestI] (2-thread-8) Plane:43 X:0 Y:0 TileWidth:2048 TileHeight:2048 arrayBuf.length:8388608
2024-10-11 09:25:18,239 INFO  [    ome.security.basic.BasicEventContext] (l.Server-9)  cctx:	group=0
2024-10-11 09:25:18,243 INFO  [         ome.security.basic.EventHandler] (l.Server-9)  Auth:	user=0,group=0,event=28490(User),sess=83be404c-1957-46d4-a36b-f9feca68dcf3
2024-10-11 09:25:18,249 INFO  [                 org.perf4j.TimingLogger] (l.Server-9) start[1728638718238] time[11] tag[omero.call.success.ome.services.blitz.impl.MetadataStoreI$7.doWork]
2024-10-11 09:25:18,254 INFO  [    ome.security.basic.BasicEventContext] (.Server-10)  cctx:	group=0
2024-10-11 09:25:18,257 INFO  [         ome.security.basic.EventHandler] (.Server-10)  Auth:	user=0,group=0,event=28491(User),sess=83be404c-1957-46d4-a36b-f9feca68dcf3
2024-10-11 09:25:18,471 INFO  [       ome.security.basic.CurrentDetails] (.Server-10) Adding log:UPDATE,class ome.model.core.Pixels,224
2024-10-11 09:25:18,478 INFO  [                 org.perf4j.TimingLogger] (.Server-10) start[1728638718253] time[225] tag[omero.call.success.ome.logic.UpdateImpl.saveArray]
2024-10-11 09:25:18,479 INFO  [    ome.security.basic.BasicEventContext] (.Server-12)  cctx:	group=0
2024-10-11 09:25:18,483 INFO  [         ome.security.basic.EventHandler] (.Server-12)  Auth:	user=0,group=0,event=28501(User),sess=83be404c-1957-46d4-a36b-f9feca68dcf3
2024-10-11 09:25:18,520 INFO  [                 org.perf4j.TimingLogger] (.Server-12) start[1728638718478] time[41] tag[omero.call.success.ome.services.blitz.impl.MetadataStoreI$2.doWork]
2024-10-11 09:25:18,520 INFO  [                 org.perf4j.TimingLogger] (2-thread-8) start[1728638715301] time[3221] tag[omero.import.request.pixels]
2024-10-11 09:25:18,522 INFO  [    ome.security.basic.BasicEventContext] (.Server-11)  cctx:	group=0
2024-10-11 09:25:18,523 INFO  [         ome.security.basic.EventHandler] (.Server-11)  Auth:	user=0,group=0,event=null(User),sess=83be404c-1957-46d4-a36b-f9feca68dcf3
2024-10-11 09:25:18,524 INFO  [                 org.perf4j.TimingLogger] (.Server-11) start[1728638718521] time[3] tag[omero.call.success.ome.logic.QueryImpl.get]
2024-10-11 09:25:18,526 INFO  [    ome.security.basic.BasicEventContext] (.Server-13)  cctx:	group=0
2024-10-11 09:25:18,532 INFO  [         ome.security.basic.EventHandler] (.Server-13)  Auth:	user=0,group=0,event=28502(User),sess=83be404c-1957-46d4-a36b-f9feca68dcf3
2024-10-11 09:25:18,534 INFO  [       ome.security.basic.CurrentDetails] (.Server-13) Adding log:UPDATE,class ome.model.core.OriginalFile,3109
2024-10-11 09:25:18,538 INFO  [                 org.perf4j.TimingLogger] (.Server-13) start[1728638718525] time[12] tag[omero.call.success.ome.logic.UpdateImpl.saveObject]
2024-10-11 09:25:18,538 INFO  [                 org.perf4j.TimingLogger] (2-thread-8) start[1728638715301] time[3239] tag[omero.import.request.step]
2024-10-11 09:25:18,538 DEBUG [    o.s.blitz.repo.ManagedImportRequestI] (2-thread-8) Step 2
2024-10-11 09:25:18,540 INFO  [    ome.security.basic.BasicEventContext] (.Server-14)  cctx:	group=0
2024-10-11 09:25:18,545 INFO  [         ome.security.basic.EventHandler] (.Server-14)  Auth:	user=0,group=0,event=28503(User),sess=83be404c-1957-46d4-a36b-f9feca68dcf3
2024-10-11 09:25:18,550 INFO  [                 org.perf4j.TimingLogger] (.Server-14) start[1728638718545] time[5] tag[omero.loadPixels]
2024-10-11 09:25:18,561 INFO  [                 org.perf4j.TimingLogger] (.Server-14) start[1728638718555] time[6] tag[omero.loadRenderingSettingsByUser]
2024-10-11 09:25:18,577 DEBUG [                   loci.formats.Memoizer] (.Server-14) start[1728638718565] time[11] tag[loci.formats.Memoizer.loadMemo]
2024-10-11 09:25:18,613 INFO  [                loci.formats.ImageReader] (.Server-14) IonpathMIBITiffReader initializing /OMERO/ManagedRepository/root_0/2024-10/11/09-25-13.945/TA459_multipleCores2_Run-4_Point32.tiff
2024-10-11 09:25:18,613 INFO  [       loci.formats.in.MinimalTiffReader] (.Server-14) Reading IFDs
2024-10-11 09:25:18,615 INFO  [       loci.formats.in.MinimalTiffReader] (.Server-14) Populating metadata
2024-10-11 09:25:18,618 INFO  [          loci.formats.in.BaseTiffReader] (.Server-14) Populating OME metadata
2024-10-11 09:25:18,629 DEBUG [                   loci.formats.Memoizer] (.Server-14) saved to temp file: /OMERO/BioFormatsCache/OMERO/ManagedRepository/root_0/2024-10/11/09-25-13.945/.TA459_multipleCores2_Run-4_Point32.tiff.bfmemo8022116141247656082
2024-10-11 09:25:18,629 DEBUG [                   loci.formats.Memoizer] (.Server-14) start[1728638718626] time[2] tag[loci.formats.Memoizer.saveMemo]
2024-10-11 09:25:18,629 DEBUG [                   loci.formats.Memoizer] (.Server-14) saved memo file: /OMERO/BioFormatsCache/OMERO/ManagedRepository/root_0/2024-10/11/09-25-13.945/.TA459_multipleCores2_Run-4_Point32.tiff.bfmemo (50736 bytes)
2024-10-11 09:25:18,629 DEBUG [                   loci.formats.Memoizer] (.Server-14) start[1728638718565] time[64] tag[loci.formats.Memoizer.setId]
2024-10-11 09:25:18,646 INFO  [       ome.security.basic.CurrentDetails] (.Server-14) Adding log:INSERT,class ome.model.display.QuantumDef,224
2024-10-11 09:25:18,647 INFO  [       ome.security.basic.CurrentDetails] (.Server-14) Adding log:INSERT,class ome.model.display.RenderingDef,224
2024-10-11 09:25:18,648 INFO  [       ome.security.basic.CurrentDetails] (.Server-14) Adding log:INSERT,class ome.model.display.ChannelBinding,1563
2024-10-11 09:25:18,648 INFO  [       ome.security.basic.CurrentDetails] (.Server-14) Adding log:INSERT,class ome.model.display.ChannelBinding,1564
2024-10-11 09:25:18,663 INFO  [       ome.security.basic.CurrentDetails] (.Server-14) Adding log:INSERT,class ome.model.display.ChannelBinding,1565
2024-10-11 09:25:18,664 INFO  [       ome.security.basic.CurrentDetails] (.Server-14) Adding log:INSERT,class ome.model.display.ChannelBinding,1566
2024-10-11 09:25:18,664 INFO  [       ome.security.basic.CurrentDetails] (.Server-14) Adding log:INSERT,class ome.model.display.ChannelBinding,1567
2024-10-11 09:25:18,665 INFO  [       ome.security.basic.CurrentDetails] (.Server-14) Adding log:INSERT,class ome.model.display.ChannelBinding,1568
2024-10-11 09:25:18,665 INFO  [       ome.security.basic.CurrentDetails] (.Server-14) Adding log:INSERT,class ome.model.display.ChannelBinding,1569
2024-10-11 09:25:18,666 INFO  [       ome.security.basic.CurrentDetails] (.Server-14) Adding log:INSERT,class ome.model.display.ChannelBinding,1570
2024-10-11 09:25:18,666 INFO  [       ome.security.basic.CurrentDetails] (.Server-14) Adding log:INSERT,class ome.model.display.ChannelBinding,1571
2024-10-11 09:25:18,667 INFO  [       ome.security.basic.CurrentDetails] (.Server-14) Adding log:INSERT,class ome.model.display.ChannelBinding,1572
2024-10-11 09:25:18,668 INFO  [       ome.security.basic.CurrentDetails] (.Server-14) Adding log:INSERT,class ome.model.display.ChannelBinding,1573
2024-10-11 09:25:18,668 INFO  [       ome.security.basic.CurrentDetails] (.Server-14) Adding log:INSERT,class ome.model.display.ChannelBinding,1574
2024-10-11 09:25:18,669 INFO  [       ome.security.basic.CurrentDetails] (.Server-14) Adding log:INSERT,class ome.model.display.ChannelBinding,1575
2024-10-11 09:25:18,670 INFO  [       ome.security.basic.CurrentDetails] (.Server-14) Adding log:INSERT,class ome.model.display.ChannelBinding,1576
2024-10-11 09:25:18,670 INFO  [       ome.security.basic.CurrentDetails] (.Server-14) Adding log:INSERT,class ome.model.display.ChannelBinding,1577
2024-10-11 09:25:18,671 INFO  [       ome.security.basic.CurrentDetails] (.Server-14) Adding log:INSERT,class ome.model.display.ChannelBinding,1578
2024-10-11 09:25:18,672 INFO  [       ome.security.basic.CurrentDetails] (.Server-14) Adding log:INSERT,class ome.model.display.ChannelBinding,1579
2024-10-11 09:25:18,672 INFO  [       ome.security.basic.CurrentDetails] (.Server-14) Adding log:INSERT,class ome.model.display.ChannelBinding,1580
2024-10-11 09:25:18,673 INFO  [       ome.security.basic.CurrentDetails] (.Server-14) Adding log:INSERT,class ome.model.display.ChannelBinding,1581
2024-10-11 09:25:18,673 INFO  [       ome.security.basic.CurrentDetails] (.Server-14) Adding log:INSERT,class ome.model.display.ChannelBinding,1582
2024-10-11 09:25:18,674 INFO  [       ome.security.basic.CurrentDetails] (.Server-14) Adding log:INSERT,class ome.model.display.ChannelBinding,1583
2024-10-11 09:25:18,674 INFO  [       ome.security.basic.CurrentDetails] (.Server-14) Adding log:INSERT,class ome.model.display.ChannelBinding,1584
2024-10-11 09:25:18,674 INFO  [       ome.security.basic.CurrentDetails] (.Server-14) Adding log:INSERT,class ome.model.display.ChannelBinding,1585
2024-10-11 09:25:18,675 INFO  [       ome.security.basic.CurrentDetails] (.Server-14) Adding log:INSERT,class ome.model.display.ChannelBinding,1586
2024-10-11 09:25:18,675 INFO  [       ome.security.basic.CurrentDetails] (.Server-14) Adding log:INSERT,class ome.model.display.ChannelBinding,1587
2024-10-11 09:25:18,676 INFO  [       ome.security.basic.CurrentDetails] (.Server-14) Adding log:INSERT,class ome.model.display.ChannelBinding,1588
2024-10-11 09:25:18,676 INFO  [       ome.security.basic.CurrentDetails] (.Server-14) Adding log:INSERT,class ome.model.display.ChannelBinding,1589
2024-10-11 09:25:18,676 INFO  [       ome.security.basic.CurrentDetails] (.Server-14) Adding log:INSERT,class ome.model.display.ChannelBinding,1590
2024-10-11 09:25:18,677 INFO  [       ome.security.basic.CurrentDetails] (.Server-14) Adding log:INSERT,class ome.model.display.ChannelBinding,1591
2024-10-11 09:25:18,677 INFO  [       ome.security.basic.CurrentDetails] (.Server-14) Adding log:INSERT,class ome.model.display.ChannelBinding,1592
2024-10-11 09:25:18,678 INFO  [       ome.security.basic.CurrentDetails] (.Server-14) Adding log:INSERT,class ome.model.display.ChannelBinding,1593
2024-10-11 09:25:18,678 INFO  [       ome.security.basic.CurrentDetails] (.Server-14) Adding log:INSERT,class ome.model.display.ChannelBinding,1594
2024-10-11 09:25:18,678 INFO  [       ome.security.basic.CurrentDetails] (.Server-14) Adding log:INSERT,class ome.model.display.ChannelBinding,1595
2024-10-11 09:25:18,679 INFO  [       ome.security.basic.CurrentDetails] (.Server-14) Adding log:INSERT,class ome.model.display.ChannelBinding,1596
2024-10-11 09:25:18,679 INFO  [       ome.security.basic.CurrentDetails] (.Server-14) Adding log:INSERT,class ome.model.display.ChannelBinding,1597
2024-10-11 09:25:18,679 INFO  [       ome.security.basic.CurrentDetails] (.Server-14) Adding log:INSERT,class ome.model.display.ChannelBinding,1598
2024-10-11 09:25:18,683 INFO  [       ome.security.basic.CurrentDetails] (.Server-14) Adding log:INSERT,class ome.model.display.ChannelBinding,1599
2024-10-11 09:25:18,683 INFO  [       ome.security.basic.CurrentDetails] (.Server-14) Adding log:INSERT,class ome.model.display.ChannelBinding,1600
2024-10-11 09:25:18,684 INFO  [       ome.security.basic.CurrentDetails] (.Server-14) Adding log:INSERT,class ome.model.display.ChannelBinding,1601
2024-10-11 09:25:18,685 INFO  [       ome.security.basic.CurrentDetails] (.Server-14) Adding log:INSERT,class ome.model.display.ChannelBinding,1602
2024-10-11 09:25:18,685 INFO  [       ome.security.basic.CurrentDetails] (.Server-14) Adding log:INSERT,class ome.model.display.ChannelBinding,1603
2024-10-11 09:25:18,686 INFO  [       ome.security.basic.CurrentDetails] (.Server-14) Adding log:INSERT,class ome.model.display.ChannelBinding,1604
2024-10-11 09:25:18,686 INFO  [       ome.security.basic.CurrentDetails] (.Server-14) Adding log:INSERT,class ome.model.display.ChannelBinding,1605
2024-10-11 09:25:18,686 INFO  [       ome.security.basic.CurrentDetails] (.Server-14) Adding log:INSERT,class ome.model.display.ChannelBinding,1606
2024-10-11 09:25:18,703 INFO  [                 org.perf4j.TimingLogger] (.Server-14) start[1728638718641] time[62] tag[omero.resetDefaultsInSet.saveAndReturn]
2024-10-11 09:25:18,703 INFO  [                 org.perf4j.TimingLogger] (.Server-14) start[1728638718545] time[158] tag[omero.resetDefaultsInSet]
2024-10-11 09:25:18,712 INFO  [                 org.perf4j.TimingLogger] (.Server-14) start[1728638718539] time[172] tag[omero.call.success.ome.logic.RenderingSettingsImpl.resetDefaultsInSet]
2024-10-11 09:25:18,713 INFO  [    ome.security.basic.BasicEventContext] (.Server-15)  cctx:	group=0
2024-10-11 09:25:18,718 INFO  [         ome.security.basic.EventHandler] (.Server-15)  Auth:	user=0,group=0,event=28504(User),sess=83be404c-1957-46d4-a36b-f9feca68dcf3
2024-10-11 09:25:18,723 INFO  [                 org.perf4j.TimingLogger] (.Server-15) start[1728638718718] time[4] tag[omero.bulkLoadRenderingSettings]
2024-10-11 09:25:18,723 INFO  [                 org.perf4j.TimingLogger] (.Server-15) start[1728638718723] time[0] tag[omero.createAndPrepareMissingRenderingSettings]
2024-10-11 09:25:18,729 INFO  [                 org.perf4j.TimingLogger] (.Server-15) start[1728638718723] time[6] tag[omero.bulkLoadMetadata]
2024-10-11 09:25:18,731 INFO  [                 org.perf4j.TimingLogger] (.Server-15) start[1728638718723] time[8] tag[omero.loadMetadataByDimensionPool]
2024-10-11 09:25:18,734 INFO  [       ome.security.basic.CurrentDetails] (.Server-15) Adding log:INSERT,class ome.model.display.Thumbnail,224
2024-10-11 09:25:18,737 INFO  [                 org.perf4j.TimingLogger] (.Server-15) start[1728638718735] time[1] tag[omero.bulkLoadMetadata]
2024-10-11 09:25:18,737 INFO  [                 org.perf4j.TimingLogger] (.Server-15) start[1728638718735] time[1] tag[omero.loadMetadataByDimensionPool]
2024-10-11 09:25:18,737 INFO  [                 org.perf4j.TimingLogger] (.Server-15) start[1728638718731] time[5] tag[omero.createMissingThumbnailMetadata]
2024-10-11 09:25:18,738 INFO  [    ome.security.basic.BasicEventContext] (.Server-15)  cctx:	group=0
2024-10-11 09:25:18,741 INFO  [         ome.security.basic.EventHandler] (.Server-15)  Auth:	user=0,group=0,event=28505(User),sess=83be404c-1957-46d4-a36b-f9feca68dcf3
2024-10-11 09:25:18,742 INFO  [                 org.perf4j.TimingLogger] (.Server-15) start[1728638718742] time[0] tag[omero._createThumbnail(thumbMetaData)]
2024-10-11 09:25:18,773 DEBUG [                   loci.formats.Memoizer] (.Server-15) loaded memo file: /OMERO/BioFormatsCache/OMERO/ManagedRepository/root_0/2024-10/11/09-25-13.945/.TA459_multipleCores2_Run-4_Point32.tiff.bfmemo (50736 bytes)
2024-10-11 09:25:18,773 DEBUG [                   loci.formats.Memoizer] (.Server-15) start[1728638718760] time[13] tag[loci.formats.Memoizer.loadMemo]
2024-10-11 09:25:18,773 DEBUG [                   loci.formats.Memoizer] (.Server-15) start[1728638718759] time[13] tag[loci.formats.Memoizer.setId]
2024-10-11 09:25:18,880 INFO  [       ome.logic.JavaImageScalingService] (.Server-15) Scaling to: 96x96
2024-10-11 09:25:18,907 INFO  [                 org.perf4j.TimingLogger] (.Server-15) start[1728638718880] time[26] tag[java-image-scaling.resampleOp]
2024-10-11 09:25:18,908 INFO  [                 org.perf4j.TimingLogger] (.Server-15) start[1728638718742] time[165] tag[omero._createThumbnail]
2024-10-11 09:25:18,920 INFO  [                 org.perf4j.TimingLogger] (.Server-15) start[1728638718712] time[207] tag[omero.call.success.ome.services.ThumbnailBean.createThumbnailsByLongestSideSet]
2024-10-11 09:25:18,921 INFO  [                 org.perf4j.TimingLogger] (2-thread-8) start[1728638718538] time[382] tag[omero.import.request.thumbs]
2024-10-11 09:25:18,922 INFO  [    ome.security.basic.BasicEventContext] (.Server-10)  cctx:	group=0
2024-10-11 09:25:18,924 INFO  [         ome.security.basic.EventHandler] (.Server-10)  Auth:	user=0,group=0,event=null(User),sess=83be404c-1957-46d4-a36b-f9feca68dcf3
2024-10-11 09:25:18,926 INFO  [                 org.perf4j.TimingLogger] (.Server-10) start[1728638718921] time[4] tag[omero.call.success.ome.logic.QueryImpl.get]
2024-10-11 09:25:18,928 INFO  [    ome.security.basic.BasicEventContext] (.Server-12)  cctx:	group=0
2024-10-11 09:25:18,934 INFO  [         ome.security.basic.EventHandler] (.Server-12)  Auth:	user=0,group=0,event=28506(User),sess=83be404c-1957-46d4-a36b-f9feca68dcf3
2024-10-11 09:25:18,936 INFO  [       ome.security.basic.CurrentDetails] (.Server-12) Adding log:UPDATE,class ome.model.core.OriginalFile,3109
2024-10-11 09:25:18,943 INFO  [                 org.perf4j.TimingLogger] (.Server-12) start[1728638718927] time[15] tag[omero.call.success.ome.logic.UpdateImpl.saveObject]
2024-10-11 09:25:18,943 INFO  [                 org.perf4j.TimingLogger] (2-thread-8) start[1728638718538] time[404] tag[omero.import.request.step]
2024-10-11 09:25:18,943 DEBUG [    o.s.blitz.repo.ManagedImportRequestI] (2-thread-8) Step 3
2024-10-11 09:25:18,944 INFO  [    ome.security.basic.BasicEventContext] (.Server-14)  cctx:	group=0
2024-10-11 09:25:18,945 INFO  [         ome.security.basic.EventHandler] (.Server-14)  Auth:	user=0,group=0,event=null(User),sess=83be404c-1957-46d4-a36b-f9feca68dcf3
2024-10-11 09:25:18,945 INFO  [                 org.perf4j.TimingLogger] (.Server-14) start[1728638718943] time[1] tag[omero.call.success.ome.services.blitz.impl.MetadataStoreI$6.doWork]
2024-10-11 09:25:18,947 INFO  [    ome.security.basic.BasicEventContext] (.Server-11)  cctx:	group=0
2024-10-11 09:25:18,948 INFO  [         ome.security.basic.EventHandler] (.Server-11)  Auth:	user=0,group=0,event=null(User),sess=83be404c-1957-46d4-a36b-f9feca68dcf3
2024-10-11 09:25:18,949 INFO  [                 org.perf4j.TimingLogger] (.Server-11) start[1728638718946] time[2] tag[omero.call.success.ome.logic.QueryImpl.get]
2024-10-11 09:25:18,951 INFO  [    ome.security.basic.BasicEventContext] (.Server-13)  cctx:	group=0
2024-10-11 09:25:18,957 INFO  [         ome.security.basic.EventHandler] (.Server-13)  Auth:	user=0,group=0,event=28507(User),sess=83be404c-1957-46d4-a36b-f9feca68dcf3
2024-10-11 09:25:18,962 INFO  [       ome.security.basic.CurrentDetails] (.Server-13) Adding log:UPDATE,class ome.model.core.OriginalFile,3109
2024-10-11 09:25:18,968 INFO  [                 org.perf4j.TimingLogger] (.Server-13) start[1728638718950] time[18] tag[omero.call.success.ome.logic.UpdateImpl.saveObject]
2024-10-11 09:25:18,968 INFO  [                 org.perf4j.TimingLogger] (2-thread-8) start[1728638718943] time[25] tag[omero.import.request.step]
2024-10-11 09:25:18,968 DEBUG [    o.s.blitz.repo.ManagedImportRequestI] (2-thread-8) Step 4
2024-10-11 09:25:18,970 INFO  [    ome.security.basic.BasicEventContext] (.Server-15)  cctx:	group=0
2024-10-11 09:25:18,971 INFO  [         ome.security.basic.EventHandler] (.Server-15)  Auth:	user=0,group=0,event=null(User),sess=83be404c-1957-46d4-a36b-f9feca68dcf3
2024-10-11 09:25:18,973 INFO  [                 org.perf4j.TimingLogger] (.Server-15) start[1728638718969] time[3] tag[omero.call.success.ome.logic.QueryImpl.get]
2024-10-11 09:25:18,975 INFO  [    ome.security.basic.BasicEventContext] (.Server-10)  cctx:	group=0
2024-10-11 09:25:18,979 INFO  [         ome.security.basic.EventHandler] (.Server-10)  Auth:	user=0,group=0,event=28508(User),sess=83be404c-1957-46d4-a36b-f9feca68dcf3
2024-10-11 09:25:18,981 INFO  [       ome.security.basic.CurrentDetails] (.Server-10) Adding log:UPDATE,class ome.model.core.OriginalFile,3109
2024-10-11 09:25:18,989 INFO  [                 org.perf4j.TimingLogger] (.Server-10) start[1728638718974] time[15] tag[omero.call.success.ome.logic.UpdateImpl.saveObject]
2024-10-11 09:25:18,990 INFO  [                 org.perf4j.TimingLogger] (2-thread-8) start[1728638718968] time[21] tag[omero.import.request.step]
2024-10-11 09:25:18,996 INFO  [    ome.security.basic.BasicEventContext] (l.Server-4)  cctx:	group=0
2024-10-11 09:25:19,001 INFO  [         ome.security.basic.EventHandler] (l.Server-4)  Auth:	user=0,group=0,event=28510(User),sess=83be404c-1957-46d4-a36b-f9feca68dcf3
2024-10-11 09:25:19,005 INFO  [                 org.perf4j.TimingLogger] (l.Server-4) start[1728638718995] time[9] tag[omero.call.success.ome.services.RawFileBean.close]
2024-10-11 09:25:19,005 DEBUG [                omero.util.ServantHolder] (l.Server-4) Removed omero.api._RawFileStoreTie@521a5659 from omero.util.ServantHolder@149b3864 as bdbbc37a-0a11-408b-bd7d-b05e66c64ca8omero.api.RawFileStore
2024-10-11 09:25:19,005 INFO  [                      omero.cmd.SessionI] (l.Server-4) Unregistered servant:83be404c-1957-46d4-a36b-f9feca68dcf3/bdbbc37a-0a11-408b-bd7d-b05e66c64ca8omero.api.RawFileStore(omero.api._RawFileStoreTie@521a5659)
2024-10-11 09:25:19,007 INFO  [    ome.security.basic.BasicEventContext] (.Server-14)  cctx:	group=0
2024-10-11 09:25:19,012 INFO  [         ome.security.basic.EventHandler] (.Server-14)  Auth:	user=0,group=0,event=28511(User),sess=83be404c-1957-46d4-a36b-f9feca68dcf3
2024-10-11 09:25:19,016 INFO  [                 org.perf4j.TimingLogger] (.Server-14) start[1728638719006] time[10] tag[omero.call.success.ome.services.RawPixelsBean.close]
2024-10-11 09:25:19,016 DEBUG [                omero.util.ServantHolder] (.Server-14) Removed omero.api._RawPixelsStoreTie@59ff0010 from omero.util.ServantHolder@149b3864 as 3c1bdb2e-cbf3-4f54-b0a7-0381d7379293omero.api.RawPixelsStore
2024-10-11 09:25:19,016 INFO  [                      omero.cmd.SessionI] (.Server-14) Unregistered servant:83be404c-1957-46d4-a36b-f9feca68dcf3/3c1bdb2e-cbf3-4f54-b0a7-0381d7379293omero.api.RawPixelsStore(omero.api._RawPixelsStoreTie@59ff0010)
2024-10-11 09:25:19,017 INFO  [    ome.security.basic.BasicEventContext] (.Server-11)  cctx:	group=0
2024-10-11 09:25:19,018 INFO  [         ome.security.basic.EventHandler] (.Server-11)  Auth:	user=0,group=0,event=null(User),sess=83be404c-1957-46d4-a36b-f9feca68dcf3
2024-10-11 09:25:19,018 INFO  [                 org.perf4j.TimingLogger] (.Server-11) start[1728638719016] time[2] tag[omero.call.success.ome.services.ThumbnailBean.close]
2024-10-11 09:25:19,019 DEBUG [                omero.util.ServantHolder] (.Server-11) Removed omero.api._ThumbnailStoreTie@91f39a4a from omero.util.ServantHolder@149b3864 as e5703cf8-0e6f-40c6-ab5e-57c18401ce08omero.api.ThumbnailStore
2024-10-11 09:25:19,019 INFO  [                      omero.cmd.SessionI] (.Server-11) Unregistered servant:83be404c-1957-46d4-a36b-f9feca68dcf3/e5703cf8-0e6f-40c6-ab5e-57c18401ce08omero.api.ThumbnailStore(omero.api._ThumbnailStoreTie@91f39a4a)
2024-10-11 09:25:19,019 DEBUG [                omero.util.ServantHolder] (.Server-13) Removed omero.api._MetadataStoreTie@3e1c30f8 from omero.util.ServantHolder@149b3864 as dc7ae889-1890-4d64-81ce-3fc5cc0c7d5fomero.api.MetadataStore
2024-10-11 09:25:19,019 INFO  [                      omero.cmd.SessionI] (.Server-13) Unregistered servant:83be404c-1957-46d4-a36b-f9feca68dcf3/dc7ae889-1890-4d64-81ce-3fc5cc0c7d5fomero.api.MetadataStore(omero.api._MetadataStoreTie@3e1c30f8)
2024-10-11 09:25:19,019 INFO  [    o.s.blitz.repo.ManagedImportRequestI] (2-thread-8) Cleaning up import.
2024-10-11 09:25:19,023 INFO  [         ome.security.basic.EventHandler] (.Server-15)  Auth:	user=0,group=0,event=null(User),sess=83be404c-1957-46d4-a36b-f9feca68dcf3
2024-10-11 09:25:19,024 INFO  [                 org.perf4j.TimingLogger] (.Server-15) start[1728638719021] time[2] tag[omero.call.success.ome.logic.QueryImpl.get]
2024-10-11 09:25:19,032 INFO  [         ome.security.basic.EventHandler] (.Server-14)  Auth:	user=0,group=0,event=28513(User),sess=83be404c-1957-46d4-a36b-f9feca68dcf3
2024-10-11 09:25:19,039 INFO  [       ome.security.basic.CurrentDetails] (.Server-14) Adding log:UPDATE,class ome.model.core.OriginalFile,3109
2024-10-11 09:25:19,046 INFO  [                 org.perf4j.TimingLogger] (.Server-14) start[1728638719027] time[18] tag[omero.call.success.ome.logic.UpdateImpl.saveObject]
