2024-10-11 09:25:24,736 INFO  [                 org.perf4j.TimingLogger] (.Server-11) start[1728638724725] time[11] tag[omero.import.process.init]
2024-10-11 09:25:24,745 INFO  [         ome.security.basic.EventHandler] (.Server-11)  Auth:	user=0,group=0,event=28659(User),sess=83be404c-1957-46d4-a36b-f9feca68dcf3
2024-10-11 09:25:24,750 INFO  [       ome.security.basic.CurrentDetails] (.Server-11) Adding log:INSERT,class ome.model.jobs.UploadJob,3203
2024-10-11 09:25:24,751 INFO  [       ome.security.basic.CurrentDetails] (.Server-11) Adding log:INSERT,class ome.model.jobs.JobOriginalFileLink,4908
2024-10-11 09:25:24,760 INFO  [       ome.security.basic.CurrentDetails] (.Server-11) Adding log:INSERT,class ome.model.jobs.MetadataImportJob,3204
2024-10-11 09:25:24,778 INFO  [       ome.security.basic.CurrentDetails] (.Server-11) Adding log:INSERT,class ome.model.jobs.PixelDataJob,3205
2024-10-11 09:25:24,784 INFO  [       ome.security.basic.CurrentDetails] (.Server-11) Adding log:INSERT,class ome.model.jobs.ThumbnailGenerationJob,3206
2024-10-11 09:25:24,790 INFO  [       ome.security.basic.CurrentDetails] (.Server-11) Adding log:INSERT,class ome.model.jobs.IndexingJob,3207
2024-10-11 09:25:24,794 INFO  [                 org.perf4j.TimingLogger] (.Server-11) start[1728638724793] time[0] tag[omero.repo.internal_register.find_repo_files]
2024-10-11 09:25:24,797 INFO  [       ome.security.basic.CurrentDetails] (.Server-11) Adding log:INSERT,class ome.model.core.OriginalFile,3140
2024-10-11 09:25:24,798 INFO  [                 org.perf4j.TimingLogger] (.Server-11) start[1728638724795] time[3] tag[omero.repo.create_original_file.save]
2024-10-11 09:25:24,798 INFO  [                 org.perf4j.TimingLogger] (.Server-11) start[1728638724798] time[0] tag[omero.repo.create_original_file.internal_mkdir]
2024-10-11 09:25:24,798 INFO  [                 org.perf4j.TimingLogger] (.Server-11) start[1728638724798] time[0] tag[omero.repo.internal_register.load]
2024-10-11 09:25:24,798 INFO  [                 org.perf4j.TimingLogger] (.Server-11) start[1728638724798] time[0] tag[omero.repo.internal_register.sort]
2024-10-11 09:25:24,798 INFO  [                 org.perf4j.TimingLogger] (.Server-11) start[1728638724793] time[5] tag[omero.repo.save_fileset.register]
2024-10-11 09:25:24,798 INFO  [                 org.perf4j.TimingLogger] (.Server-11) start[1728638724798] time[0] tag[omero.repo.save_fileset.update_fileset_entries]
2024-10-11 09:25:24,800 INFO  [       ome.security.basic.CurrentDetails] (.Server-11) Adding log:INSERT,class ome.model.fs.Fileset,234
2024-10-11 09:25:24,800 INFO  [       ome.security.basic.CurrentDetails] (.Server-11) Adding log:INSERT,class ome.model.fs.FilesetJobLink,366
2024-10-11 09:25:24,801 INFO  [       ome.security.basic.CurrentDetails] (.Server-11) Adding log:INSERT,class ome.model.fs.FilesetJobLink,367
2024-10-11 09:25:24,801 INFO  [       ome.security.basic.CurrentDetails] (.Server-11) Adding log:INSERT,class ome.model.fs.FilesetJobLink,368
2024-10-11 09:25:24,801 INFO  [       ome.security.basic.CurrentDetails] (.Server-11) Adding log:INSERT,class ome.model.fs.FilesetJobLink,369
2024-10-11 09:25:24,802 INFO  [       ome.security.basic.CurrentDetails] (.Server-11) Adding log:INSERT,class ome.model.fs.FilesetJobLink,370
2024-10-11 09:25:24,802 INFO  [       ome.security.basic.CurrentDetails] (.Server-11) Adding log:INSERT,class ome.model.fs.FilesetEntry,234
2024-10-11 09:25:24,805 INFO  [                 org.perf4j.TimingLogger] (.Server-11) start[1728638724798] time[6] tag[omero.repo.save_fileset.save]
2024-10-11 09:25:24,811 INFO  [                 org.perf4j.TimingLogger] (.Server-11) start[1728638724738] time[73] tag[omero.call.success.ome.services.blitz.repo.RepositoryDaoImpl$8.doWork]
2024-10-11 09:25:24,812 INFO  [                 org.perf4j.TimingLogger] (.Server-11) start[1728638724738] time[73] tag[omero.repo.save_fileset]
2024-10-11 09:25:24,812 INFO  [                      omero.cmd.SessionI] (.Server-11) Added servant to adapter: 83be404c-1957-46d4-a36b-f9feca68dcf3/79ecd35b-7a28-4240-a2e8-e26a862abf23-ManagedImportProcessI(omero.grid._ImportProcessTie@7033afc4)
2024-10-11 09:25:24,812 DEBUG [                omero.util.ServantHolder] (.Server-11) Added omero.grid._ImportProcessTie@7033afc4 to omero.util.ServantHolder@149b3864 as 79ecd35b-7a28-4240-a2e8-e26a862abf23-ManagedImportProcessI
2024-10-11 09:25:24,812 INFO  [                 org.perf4j.TimingLogger] (.Server-11) start[1728638724738] time[74] tag[omero.import.process.create]
2024-10-11 09:25:24,819 INFO  [         ome.security.basic.EventHandler] (.Server-12)  Auth:	user=0,group=0,event=null(User),sess=83be404c-1957-46d4-a36b-f9feca68dcf3
2024-10-11 09:25:24,822 INFO  [                 org.perf4j.TimingLogger] (.Server-12) start[1728638724817] time[4] tag[omero.call.success.ome.services.blitz.repo.RepositoryDaoImpl$2.doWork]
2024-10-11 09:25:24,824 INFO  [         ome.security.basic.EventHandler] (.Server-12)  Auth:	user=0,group=0,event=null(User),sess=83be404c-1957-46d4-a36b-f9feca68dcf3
2024-10-11 09:25:24,833 INFO  [                 org.perf4j.TimingLogger] (.Server-12) start[1728638724822] time[10] tag[omero.call.success.ome.services.blitz.repo.RepositoryDaoImpl$4.doWork]
2024-10-11 09:25:24,835 INFO  [         ome.security.basic.EventHandler] (.Server-12)  Auth:	user=0,group=0,event=null(User),sess=83be404c-1957-46d4-a36b-f9feca68dcf3
2024-10-11 09:25:24,839 INFO  [                 org.perf4j.TimingLogger] (.Server-12) start[1728638724833] time[6] tag[omero.call.success.ome.services.blitz.repo.RepositoryDaoImpl$6.doWork]
2024-10-11 09:25:24,840 INFO  [    ome.security.basic.BasicEventContext] (.Server-12)  cctx:	group=0
2024-10-11 09:25:24,842 INFO  [         ome.security.basic.EventHandler] (.Server-12)  Auth:	user=0,group=0,event=null(User),sess=83be404c-1957-46d4-a36b-f9feca68dcf3
2024-10-11 09:25:24,843 INFO  [                 org.perf4j.TimingLogger] (.Server-12) start[1728638724840] time[3] tag[omero.call.success.ome.services.blitz.repo.RepositoryDaoImpl$1.doWork]
2024-10-11 09:25:24,843 INFO  [                      omero.cmd.SessionI] (.Server-12) Added servant to adapter: 83be404c-1957-46d4-a36b-f9feca68dcf3/5226f8c3-a922-4604-8173-1136a4a9dc5a-RepoRawFileStoreI(omero.api._RawFileStoreTie@3da575c1)
2024-10-11 09:25:24,844 DEBUG [                omero.util.ServantHolder] (.Server-12) Added omero.api._RawFileStoreTie@3da575c1 to omero.util.ServantHolder@149b3864 as 5226f8c3-a922-4604-8173-1136a4a9dc5a-RepoRawFileStoreI
2024-10-11 09:25:24,844 INFO  [                 org.perf4j.TimingLogger] (.Server-12) start[1728638724817] time[26] tag[omero.import.process.opener]
2024-10-11 09:25:24,844 INFO  [                 org.perf4j.TimingLogger] (.Server-12) start[1728638724817] time[26] tag[omero.import.process.uploader]
2024-10-11 09:25:24,848 INFO  [         ome.security.basic.EventHandler] (l.Server-9)  Auth:	user=0,group=0,event=null(User),sess=83be404c-1957-46d4-a36b-f9feca68dcf3
2024-10-11 09:25:24,848 INFO  [                 org.perf4j.TimingLogger] (l.Server-9) start[1728638724846] time[1] tag[omero.call.success.ome.services.RawFileBean.write]
2024-10-11 09:25:24,896 INFO  [         ome.security.basic.EventHandler] (.Server-10)  Auth:	user=0,group=0,event=null(User),sess=83be404c-1957-46d4-a36b-f9feca68dcf3
2024-10-11 09:25:24,902 INFO  [                 org.perf4j.TimingLogger] (.Server-10) start[1728638724895] time[7] tag[omero.call.success.ome.services.RawFileBean.write]
2024-10-11 09:25:24,959 INFO  [         ome.security.basic.EventHandler] (.Server-13)  Auth:	user=0,group=0,event=null(User),sess=83be404c-1957-46d4-a36b-f9feca68dcf3
2024-10-11 09:25:24,968 INFO  [                 org.perf4j.TimingLogger] (.Server-13) start[1728638724958] time[9] tag[omero.call.success.ome.services.RawFileBean.write]
2024-10-11 09:25:25,020 INFO  [         ome.security.basic.EventHandler] (.Server-14)  Auth:	user=0,group=0,event=null(User),sess=83be404c-1957-46d4-a36b-f9feca68dcf3
2024-10-11 09:25:25,026 INFO  [                 org.perf4j.TimingLogger] (.Server-14) start[1728638725019] time[6] tag[omero.call.success.ome.services.RawFileBean.write]
2024-10-11 09:25:25,084 INFO  [         ome.security.basic.EventHandler] (.Server-11)  Auth:	user=0,group=0,event=null(User),sess=83be404c-1957-46d4-a36b-f9feca68dcf3
2024-10-11 09:25:25,090 INFO  [                 org.perf4j.TimingLogger] (.Server-11) start[1728638725083] time[7] tag[omero.call.success.ome.services.RawFileBean.write]
2024-10-11 09:25:25,136 INFO  [         ome.security.basic.EventHandler] (l.Server-4)  Auth:	user=0,group=0,event=null(User),sess=83be404c-1957-46d4-a36b-f9feca68dcf3
2024-10-11 09:25:25,145 INFO  [                 org.perf4j.TimingLogger] (l.Server-4) start[1728638725135] time[9] tag[omero.call.success.ome.services.RawFileBean.write]
2024-10-11 09:25:25,195 INFO  [         ome.security.basic.EventHandler] (.Server-10)  Auth:	user=0,group=0,event=null(User),sess=83be404c-1957-46d4-a36b-f9feca68dcf3
2024-10-11 09:25:25,201 INFO  [                 org.perf4j.TimingLogger] (.Server-10) start[1728638725193] time[8] tag[omero.call.success.ome.services.RawFileBean.write]
2024-10-11 09:25:25,217 INFO  [         ome.security.basic.EventHandler] (.Server-13)  Auth:	user=0,group=0,event=null(User),sess=83be404c-1957-46d4-a36b-f9feca68dcf3
2024-10-11 09:25:25,220 INFO  [                 org.perf4j.TimingLogger] (.Server-13) start[1728638725216] time[4] tag[omero.call.success.ome.services.RawFileBean.write]
2024-10-11 09:25:25,230 INFO  [         ome.security.basic.EventHandler] (.Server-15)  Auth:	user=0,group=0,event=28668(User),sess=83be404c-1957-46d4-a36b-f9feca68dcf3
2024-10-11 09:25:25,245 INFO  [                 org.perf4j.TimingLogger] (.Server-15) start[1728638725230] time[14] tag[omero.services.file.flush]
2024-10-11 09:25:25,269 INFO  [                 org.perf4j.TimingLogger] (.Server-15) start[1728638725245] time[23] tag[omero.services.file.checksum]
2024-10-11 09:25:25,271 INFO  [       ome.security.basic.CurrentDetails] (.Server-15) Adding log:UPDATE,class ome.model.core.OriginalFile,3140
2024-10-11 09:25:25,272 INFO  [                 org.perf4j.TimingLogger] (.Server-15) start[1728638725269] time[2] tag[omero.services.file.finalize]
2024-10-11 09:25:25,275 INFO  [                 org.perf4j.TimingLogger] (.Server-15) start[1728638725222] time[52] tag[omero.call.success.ome.services.RawFileBean.save]
2024-10-11 09:25:25,294 INFO  [         ome.security.basic.EventHandler] (.Server-11)  Auth:	user=0,group=0,event=28669(User),sess=83be404c-1957-46d4-a36b-f9feca68dcf3
2024-10-11 09:25:25,298 INFO  [                 org.perf4j.TimingLogger] (.Server-11) start[1728638725277] time[20] tag[omero.call.success.ome.services.RawFileBean.close]
2024-10-11 09:25:25,298 DEBUG [                omero.util.ServantHolder] (.Server-11) Removed omero.api._RawFileStoreTie@3da575c1 from omero.util.ServantHolder@149b3864 as 5226f8c3-a922-4604-8173-1136a4a9dc5a-RepoRawFileStoreI
2024-10-11 09:25:25,298 INFO  [                      omero.cmd.SessionI] (.Server-11) Unregistered servant:83be404c-1957-46d4-a36b-f9feca68dcf3/5226f8c3-a922-4604-8173-1136a4a9dc5a-RepoRawFileStoreI(omero.api._RawFileStoreTie@3da575c1)
2024-10-11 09:25:25,302 INFO  [         ome.security.basic.EventHandler] (.Server-12)  Auth:	user=0,group=0,event=null(User),sess=83be404c-1957-46d4-a36b-f9feca68dcf3
2024-10-11 09:25:25,302 INFO  [                 org.perf4j.TimingLogger] (.Server-12) start[1728638725300] time[2] tag[omero.call.success.ome.services.blitz.impl.ServiceFactoryI$3.doWork]
2024-10-11 09:25:25,306 INFO  [                 org.perf4j.TimingLogger] (.Server-12) start[1728638725302] time[4] tag[omero.import.process.checksum]
2024-10-11 09:25:25,316 INFO  [         ome.security.basic.EventHandler] (.Server-12)  Auth:	user=0,group=0,event=28670(User),sess=83be404c-1957-46d4-a36b-f9feca68dcf3
2024-10-11 09:25:25,325 INFO  [       ome.security.basic.CurrentDetails] (.Server-12) Adding log:UPDATE,class ome.model.jobs.UploadJob,3203
2024-10-11 09:25:25,329 INFO  [                 org.perf4j.TimingLogger] (.Server-12) start[1728638725307] time[22] tag[omero.call.success.ome.services.blitz.repo.RepositoryDaoImpl$12.doWork]
2024-10-11 09:25:25,332 INFO  [         ome.security.basic.EventHandler] (.Server-12)  Auth:	user=0,group=0,event=null(User),sess=83be404c-1957-46d4-a36b-f9feca68dcf3
2024-10-11 09:25:25,333 INFO  [                 org.perf4j.TimingLogger] (.Server-12) start[1728638725330] time[3] tag[omero.call.success.ome.services.blitz.repo.RepositoryDaoImpl$2.doWork]
2024-10-11 09:25:25,337 INFO  [         ome.security.basic.EventHandler] (.Server-12)  Auth:	user=0,group=0,event=null(User),sess=83be404c-1957-46d4-a36b-f9feca68dcf3
2024-10-11 09:25:25,338 INFO  [                 org.perf4j.TimingLogger] (.Server-12) start[1728638725333] time[4] tag[omero.call.success.ome.services.blitz.repo.RepositoryDaoImpl$4.doWork]
2024-10-11 09:25:25,338 INFO  [       ome.formats.importer.ImportConfig] (.Server-12) OMERO.blitz Version: 5.7.3
2024-10-11 09:25:25,338 INFO  [       ome.formats.importer.ImportConfig] (.Server-12) Bioformats version: 7.3.0 revision: acc4b6de79e55275b5e6c8200f8458f6d93c9ba0 date: 18 April 2024
2024-10-11 09:25:25,339 INFO  [                      omero.cmd.SessionI] (.Server-12) Added servant to adapter: 83be404c-1957-46d4-a36b-f9feca68dcf3/IHandlef68a724e-4607-47f1-9eb7-35e9701f1126(omero.cmd._HandleTie@742b80fb)
2024-10-11 09:25:25,339 DEBUG [                omero.util.ServantHolder] (.Server-12) Added omero.cmd._HandleTie@742b80fb to omero.util.ServantHolder@149b3864 as IHandlef68a724e-4607-47f1-9eb7-35e9701f1126
2024-10-11 09:25:25,339 INFO  [                 org.perf4j.TimingLogger] (.Server-12) start[1728638725339] time[0] tag[omero.background.submit]
2024-10-11 09:25:25,340 INFO  [                 org.perf4j.TimingLogger] (.Server-12) start[1728638725307] time[32] tag[omero.import.process.submit]
2024-10-11 09:25:25,341 DEBUG [                omero.util.ServantHolder] (.Server-14) Removed omero.grid._ImportProcessTie@7033afc4 from omero.util.ServantHolder@149b3864 as 79ecd35b-7a28-4240-a2e8-e26a862abf23-ManagedImportProcessI
2024-10-11 09:25:25,341 INFO  [                      omero.cmd.SessionI] (.Server-14) Unregistered servant:83be404c-1957-46d4-a36b-f9feca68dcf3/79ecd35b-7a28-4240-a2e8-e26a862abf23-ManagedImportProcessI(omero.grid._ImportProcessTie@7033afc4)
2024-10-11 09:25:25,348 INFO  [    ome.formats.OMEROMetadataStoreClient] (2-thread-2) Call context: {omero.group:0}
2024-10-11 09:25:25,348 INFO  [    ome.formats.OMEROMetadataStoreClient] (2-thread-2) Call context: {omero.logfilename:root_0/2024-10/11/09-25-24.611.log}
2024-10-11 09:25:25,353 INFO  [    ome.security.basic.BasicEventContext] (.Server-15)  cctx:	group=0
2024-10-11 09:25:25,354 INFO  [         ome.security.basic.EventHandler] (.Server-15)  Auth:	user=0,group=0,event=null(User),sess=83be404c-1957-46d4-a36b-f9feca68dcf3
2024-10-11 09:25:25,359 INFO  [                 org.perf4j.TimingLogger] (.Server-15) start[1728638725353] time[6] tag[omero.call.success.ome.logic.AdminImpl.getEventContext]
2024-10-11 09:25:25,394 INFO  [    ome.formats.OMEROMetadataStoreClient] (2-thread-2) Pinging session every 300s.
2024-10-11 09:25:25,417 INFO  [                loci.formats.ImageReader] (2-thread-2) IonpathMIBITiffReader initializing /OMERO/ManagedRepository/root_0/2024-10/11/09-25-24.611/TA459_multipleCores2_Run-4_Point37.tiff
2024-10-11 09:25:25,417 INFO  [       loci.formats.in.MinimalTiffReader] (2-thread-2) Reading IFDs
2024-10-11 09:25:25,418 INFO  [       loci.formats.in.MinimalTiffReader] (2-thread-2) Populating metadata
2024-10-11 09:25:25,420 INFO  [          loci.formats.in.BaseTiffReader] (2-thread-2) Populating OME metadata
2024-10-11 09:25:25,425 INFO  [    ome.security.basic.BasicEventContext] (.Server-14)  cctx:	group=0
2024-10-11 09:25:25,427 INFO  [         ome.security.basic.EventHandler] (.Server-14)  Auth:	user=0,group=0,event=null(User),sess=83be404c-1957-46d4-a36b-f9feca68dcf3
2024-10-11 09:25:25,430 INFO  [                 org.perf4j.TimingLogger] (.Server-14) start[1728638725425] time[4] tag[omero.call.success.ome.logic.QueryImpl.findAll]
2024-10-11 09:25:25,435 INFO  [    ome.security.basic.BasicEventContext] (l.Server-4)  cctx:	group=0
2024-10-11 09:25:25,437 INFO  [         ome.security.basic.EventHandler] (l.Server-4)  Auth:	user=0,group=0,event=null(User),sess=83be404c-1957-46d4-a36b-f9feca68dcf3
2024-10-11 09:25:25,438 INFO  [                 org.perf4j.TimingLogger] (l.Server-4) start[1728638725434] time[3] tag[omero.call.success.ome.logic.QueryImpl.findAll]
2024-10-11 09:25:25,439 INFO  [    ome.security.basic.BasicEventContext] (l.Server-9)  cctx:	group=0
2024-10-11 09:25:25,440 INFO  [         ome.security.basic.EventHandler] (l.Server-9)  Auth:	user=0,group=0,event=null(User),sess=83be404c-1957-46d4-a36b-f9feca68dcf3
2024-10-11 09:25:25,441 INFO  [                 org.perf4j.TimingLogger] (l.Server-9) start[1728638725439] time[2] tag[omero.call.success.ome.logic.QueryImpl.findAll]
2024-10-11 09:25:25,442 INFO  [    ome.security.basic.BasicEventContext] (.Server-10)  cctx:	group=0
2024-10-11 09:25:25,443 INFO  [         ome.security.basic.EventHandler] (.Server-10)  Auth:	user=0,group=0,event=null(User),sess=83be404c-1957-46d4-a36b-f9feca68dcf3
2024-10-11 09:25:25,444 INFO  [                 org.perf4j.TimingLogger] (.Server-10) start[1728638725442] time[2] tag[omero.call.success.ome.logic.QueryImpl.findAll]
2024-10-11 09:25:25,485 DEBUG [                   loci.formats.Memoizer] (2-thread-2) saved to temp file: /OMERO/BioFormatsCache/OMERO/ManagedRepository/root_0/2024-10/11/09-25-24.611/.TA459_multipleCores2_Run-4_Point37.tiff.bfmemo13879534274893260384
2024-10-11 09:25:25,485 DEBUG [                   loci.formats.Memoizer] (2-thread-2) start[1728638725458] time[27] tag[loci.formats.Memoizer.saveMemo]
2024-10-11 09:25:25,485 DEBUG [                   loci.formats.Memoizer] (2-thread-2) saved memo file: /OMERO/BioFormatsCache/OMERO/ManagedRepository/root_0/2024-10/11/09-25-24.611/.TA459_multipleCores2_Run-4_Point37.tiff.bfmemo (50741 bytes)
2024-10-11 09:25:25,485 DEBUG [                   loci.formats.Memoizer] (2-thread-2) start[1728638725394] time[91] tag[loci.formats.Memoizer.setId]
2024-10-11 09:25:25,485 DEBUG [    o.s.blitz.repo.ManagedImportRequestI] (2-thread-2) Image Count: 44
2024-10-11 09:25:25,486 INFO  [    o.s.blitz.repo.ManagedImportRequestI] (2-thread-2) File format: Ionpath MIBI
2024-10-11 09:25:25,486 INFO  [    o.s.blitz.repo.ManagedImportRequestI] (2-thread-2) Base reader: loci.formats.in.IonpathMIBITiffReader
2024-10-11 09:25:25,486 INFO  [                 org.perf4j.TimingLogger] (2-thread-2) start[1728638725346] time[139] tag[omero.import.request.init]
2024-10-11 09:25:25,486 DEBUG [    o.s.blitz.repo.ManagedImportRequestI] (2-thread-2) Step 0
2024-10-11 09:25:25,488 WARN  [    ome.formats.model.ReferenceProcessor] (2-thread-2) Unknown target class for LSID: Image:SIMS
2024-10-11 09:25:25,488 INFO  [    ome.formats.OMEROMetadataStoreClient] (2-thread-2) Handling # of containers: 91
2024-10-11 09:25:25,490 INFO  [    ome.security.basic.BasicEventContext] (.Server-11)  cctx:	group=0
2024-10-11 09:25:25,492 INFO  [         ome.security.basic.EventHandler] (.Server-11)  Auth:	user=0,group=0,event=null(User),sess=83be404c-1957-46d4-a36b-f9feca68dcf3
2024-10-11 09:25:25,493 INFO  [                 org.perf4j.TimingLogger] (.Server-11) start[1728638725489] time[3] tag[omero.call.success.ome.services.blitz.impl.MetadataStoreI$4.doWork]
2024-10-11 09:25:25,493 INFO  [    ome.formats.OMEROMetadataStoreClient] (2-thread-2) Handling # of references: 1
2024-10-11 09:25:25,494 INFO  [    ome.security.basic.BasicEventContext] (.Server-12)  cctx:	group=0
2024-10-11 09:25:25,496 INFO  [         ome.security.basic.EventHandler] (.Server-12)  Auth:	user=0,group=0,event=null(User),sess=83be404c-1957-46d4-a36b-f9feca68dcf3
2024-10-11 09:25:25,497 INFO  [                 org.perf4j.TimingLogger] (.Server-12) start[1728638725494] time[3] tag[omero.call.success.ome.services.blitz.impl.MetadataStoreI$5.doWork]
2024-10-11 09:25:25,501 INFO  [    ome.security.basic.BasicEventContext] (.Server-15)  cctx:	group=0
2024-10-11 09:25:25,506 INFO  [         ome.security.basic.EventHandler] (.Server-15)  Auth:	user=0,group=0,event=28675(User),sess=83be404c-1957-46d4-a36b-f9feca68dcf3
2024-10-11 09:25:25,519 INFO  [       ome.security.basic.CurrentDetails] (.Server-15) Adding log:INSERT,class ome.model.core.Image,234
2024-10-11 09:25:25,520 INFO  [       ome.security.basic.CurrentDetails] (.Server-15) Adding log:INSERT,class ome.model.containers.DatasetImageLink,234
2024-10-11 09:25:25,520 INFO  [       ome.security.basic.CurrentDetails] (.Server-15) Adding log:INSERT,class ome.model.core.Pixels,234
2024-10-11 09:25:25,521 INFO  [       ome.security.basic.CurrentDetails] (.Server-15) Adding log:INSERT,class ome.model.core.LogicalChannel,2003
2024-10-11 09:25:25,521 INFO  [       ome.security.basic.CurrentDetails] (.Server-15) Adding log:INSERT,class ome.model.core.Channel,2003
2024-10-11 09:25:25,522 INFO  [       ome.security.basic.CurrentDetails] (.Server-15) Adding log:INSERT,class ome.model.core.LogicalChannel,2004
2024-10-11 09:25:25,522 INFO  [       ome.security.basic.CurrentDetails] (.Server-15) Adding log:INSERT,class ome.model.core.Channel,2004
2024-10-11 09:25:25,523 INFO  [       ome.security.basic.CurrentDetails] (.Server-15) Adding log:INSERT,class ome.model.core.LogicalChannel,2005
2024-10-11 09:25:25,523 INFO  [       ome.security.basic.CurrentDetails] (.Server-15) Adding log:INSERT,class ome.model.core.Channel,2005
2024-10-11 09:25:25,524 INFO  [       ome.security.basic.CurrentDetails] (.Server-15) Adding log:INSERT,class ome.model.core.LogicalChannel,2006
2024-10-11 09:25:25,525 INFO  [       ome.security.basic.CurrentDetails] (.Server-15) Adding log:INSERT,class ome.model.core.Channel,2006
2024-10-11 09:25:25,525 INFO  [       ome.security.basic.CurrentDetails] (.Server-15) Adding log:INSERT,class ome.model.core.LogicalChannel,2007
2024-10-11 09:25:25,526 INFO  [       ome.security.basic.CurrentDetails] (.Server-15) Adding log:INSERT,class ome.model.core.Channel,2007
2024-10-11 09:25:25,526 INFO  [       ome.security.basic.CurrentDetails] (.Server-15) Adding log:INSERT,class ome.model.core.LogicalChannel,2008
2024-10-11 09:25:25,527 INFO  [       ome.security.basic.CurrentDetails] (.Server-15) Adding log:INSERT,class ome.model.core.Channel,2008
2024-10-11 09:25:25,527 INFO  [       ome.security.basic.CurrentDetails] (.Server-15) Adding log:INSERT,class ome.model.core.LogicalChannel,2009
2024-10-11 09:25:25,527 INFO  [       ome.security.basic.CurrentDetails] (.Server-15) Adding log:INSERT,class ome.model.core.Channel,2009
2024-10-11 09:25:25,528 INFO  [       ome.security.basic.CurrentDetails] (.Server-15) Adding log:INSERT,class ome.model.core.LogicalChannel,2010
2024-10-11 09:25:25,528 INFO  [       ome.security.basic.CurrentDetails] (.Server-15) Adding log:INSERT,class ome.model.core.Channel,2010
2024-10-11 09:25:25,528 INFO  [       ome.security.basic.CurrentDetails] (.Server-15) Adding log:INSERT,class ome.model.core.LogicalChannel,2011
2024-10-11 09:25:25,529 INFO  [       ome.security.basic.CurrentDetails] (.Server-15) Adding log:INSERT,class ome.model.core.Channel,2011
2024-10-11 09:25:25,529 INFO  [       ome.security.basic.CurrentDetails] (.Server-15) Adding log:INSERT,class ome.model.core.LogicalChannel,2012
2024-10-11 09:25:25,529 INFO  [       ome.security.basic.CurrentDetails] (.Server-15) Adding log:INSERT,class ome.model.core.Channel,2012
2024-10-11 09:25:25,530 INFO  [       ome.security.basic.CurrentDetails] (.Server-15) Adding log:INSERT,class ome.model.core.LogicalChannel,2013
2024-10-11 09:25:25,530 INFO  [       ome.security.basic.CurrentDetails] (.Server-15) Adding log:INSERT,class ome.model.core.Channel,2013
2024-10-11 09:25:25,531 INFO  [       ome.security.basic.CurrentDetails] (.Server-15) Adding log:INSERT,class ome.model.core.LogicalChannel,2014
2024-10-11 09:25:25,532 INFO  [       ome.security.basic.CurrentDetails] (.Server-15) Adding log:INSERT,class ome.model.core.Channel,2014
2024-10-11 09:25:25,532 INFO  [       ome.security.basic.CurrentDetails] (.Server-15) Adding log:INSERT,class ome.model.core.LogicalChannel,2015
2024-10-11 09:25:25,533 INFO  [       ome.security.basic.CurrentDetails] (.Server-15) Adding log:INSERT,class ome.model.core.Channel,2015
2024-10-11 09:25:25,533 INFO  [       ome.security.basic.CurrentDetails] (.Server-15) Adding log:INSERT,class ome.model.core.LogicalChannel,2016
2024-10-11 09:25:25,533 INFO  [       ome.security.basic.CurrentDetails] (.Server-15) Adding log:INSERT,class ome.model.core.Channel,2016
2024-10-11 09:25:25,534 INFO  [       ome.security.basic.CurrentDetails] (.Server-15) Adding log:INSERT,class ome.model.core.LogicalChannel,2017
2024-10-11 09:25:25,534 INFO  [       ome.security.basic.CurrentDetails] (.Server-15) Adding log:INSERT,class ome.model.core.Channel,2017
2024-10-11 09:25:25,535 INFO  [       ome.security.basic.CurrentDetails] (.Server-15) Adding log:INSERT,class ome.model.core.LogicalChannel,2018
2024-10-11 09:25:25,536 INFO  [       ome.security.basic.CurrentDetails] (.Server-15) Adding log:INSERT,class ome.model.core.Channel,2018
2024-10-11 09:25:25,536 INFO  [       ome.security.basic.CurrentDetails] (.Server-15) Adding log:INSERT,class ome.model.core.LogicalChannel,2019
2024-10-11 09:25:25,537 INFO  [       ome.security.basic.CurrentDetails] (.Server-15) Adding log:INSERT,class ome.model.core.Channel,2019
2024-10-11 09:25:25,537 INFO  [       ome.security.basic.CurrentDetails] (.Server-15) Adding log:INSERT,class ome.model.core.LogicalChannel,2020
2024-10-11 09:25:25,538 INFO  [       ome.security.basic.CurrentDetails] (.Server-15) Adding log:INSERT,class ome.model.core.Channel,2020
2024-10-11 09:25:25,538 INFO  [       ome.security.basic.CurrentDetails] (.Server-15) Adding log:INSERT,class ome.model.core.LogicalChannel,2021
2024-10-11 09:25:25,539 INFO  [       ome.security.basic.CurrentDetails] (.Server-15) Adding log:INSERT,class ome.model.core.Channel,2021
2024-10-11 09:25:25,539 INFO  [       ome.security.basic.CurrentDetails] (.Server-15) Adding log:INSERT,class ome.model.core.LogicalChannel,2022
2024-10-11 09:25:25,539 INFO  [       ome.security.basic.CurrentDetails] (.Server-15) Adding log:INSERT,class ome.model.core.Channel,2022
2024-10-11 09:25:25,540 INFO  [       ome.security.basic.CurrentDetails] (.Server-15) Adding log:INSERT,class ome.model.core.LogicalChannel,2023
2024-10-11 09:25:25,540 INFO  [       ome.security.basic.CurrentDetails] (.Server-15) Adding log:INSERT,class ome.model.core.Channel,2023
2024-10-11 09:25:25,540 INFO  [       ome.security.basic.CurrentDetails] (.Server-15) Adding log:INSERT,class ome.model.core.LogicalChannel,2024
2024-10-11 09:25:25,541 INFO  [       ome.security.basic.CurrentDetails] (.Server-15) Adding log:INSERT,class ome.model.core.Channel,2024
2024-10-11 09:25:25,541 INFO  [       ome.security.basic.CurrentDetails] (.Server-15) Adding log:INSERT,class ome.model.core.LogicalChannel,2025
2024-10-11 09:25:25,541 INFO  [       ome.security.basic.CurrentDetails] (.Server-15) Adding log:INSERT,class ome.model.core.Channel,2025
2024-10-11 09:25:25,541 INFO  [       ome.security.basic.CurrentDetails] (.Server-15) Adding log:INSERT,class ome.model.core.LogicalChannel,2026
2024-10-11 09:25:25,542 INFO  [       ome.security.basic.CurrentDetails] (.Server-15) Adding log:INSERT,class ome.model.core.Channel,2026
2024-10-11 09:25:25,542 INFO  [       ome.security.basic.CurrentDetails] (.Server-15) Adding log:INSERT,class ome.model.core.LogicalChannel,2027
2024-10-11 09:25:25,542 INFO  [       ome.security.basic.CurrentDetails] (.Server-15) Adding log:INSERT,class ome.model.core.Channel,2027
2024-10-11 09:25:25,543 INFO  [       ome.security.basic.CurrentDetails] (.Server-15) Adding log:INSERT,class ome.model.core.LogicalChannel,2028
2024-10-11 09:25:25,543 INFO  [       ome.security.basic.CurrentDetails] (.Server-15) Adding log:INSERT,class ome.model.core.Channel,2028
2024-10-11 09:25:25,543 INFO  [       ome.security.basic.CurrentDetails] (.Server-15) Adding log:INSERT,class ome.model.core.LogicalChannel,2029
2024-10-11 09:25:25,544 INFO  [       ome.security.basic.CurrentDetails] (.Server-15) Adding log:INSERT,class ome.model.core.Channel,2029
2024-10-11 09:25:25,544 INFO  [       ome.security.basic.CurrentDetails] (.Server-15) Adding log:INSERT,class ome.model.core.LogicalChannel,2030
2024-10-11 09:25:25,546 INFO  [       ome.security.basic.CurrentDetails] (.Server-15) Adding log:INSERT,class ome.model.core.Channel,2030
2024-10-11 09:25:25,546 INFO  [       ome.security.basic.CurrentDetails] (.Server-15) Adding log:INSERT,class ome.model.core.LogicalChannel,2031
2024-10-11 09:25:25,547 INFO  [       ome.security.basic.CurrentDetails] (.Server-15) Adding log:INSERT,class ome.model.core.Channel,2031
2024-10-11 09:25:25,547 INFO  [       ome.security.basic.CurrentDetails] (.Server-15) Adding log:INSERT,class ome.model.core.LogicalChannel,2032
2024-10-11 09:25:25,548 INFO  [       ome.security.basic.CurrentDetails] (.Server-15) Adding log:INSERT,class ome.model.core.Channel,2032
2024-10-11 09:25:25,548 INFO  [       ome.security.basic.CurrentDetails] (.Server-15) Adding log:INSERT,class ome.model.core.LogicalChannel,2033
2024-10-11 09:25:25,549 INFO  [       ome.security.basic.CurrentDetails] (.Server-15) Adding log:INSERT,class ome.model.core.Channel,2033
2024-10-11 09:25:25,549 INFO  [       ome.security.basic.CurrentDetails] (.Server-15) Adding log:INSERT,class ome.model.core.LogicalChannel,2034
2024-10-11 09:25:25,549 INFO  [       ome.security.basic.CurrentDetails] (.Server-15) Adding log:INSERT,class ome.model.core.Channel,2034
2024-10-11 09:25:25,550 INFO  [       ome.security.basic.CurrentDetails] (.Server-15) Adding log:INSERT,class ome.model.core.LogicalChannel,2035
2024-10-11 09:25:25,550 INFO  [       ome.security.basic.CurrentDetails] (.Server-15) Adding log:INSERT,class ome.model.core.Channel,2035
2024-10-11 09:25:25,551 INFO  [       ome.security.basic.CurrentDetails] (.Server-15) Adding log:INSERT,class ome.model.core.LogicalChannel,2036
2024-10-11 09:25:25,551 INFO  [       ome.security.basic.CurrentDetails] (.Server-15) Adding log:INSERT,class ome.model.core.Channel,2036
2024-10-11 09:25:25,552 INFO  [       ome.security.basic.CurrentDetails] (.Server-15) Adding log:INSERT,class ome.model.core.LogicalChannel,2037
2024-10-11 09:25:25,552 INFO  [       ome.security.basic.CurrentDetails] (.Server-15) Adding log:INSERT,class ome.model.core.Channel,2037
2024-10-11 09:25:25,553 INFO  [       ome.security.basic.CurrentDetails] (.Server-15) Adding log:INSERT,class ome.model.core.LogicalChannel,2038
2024-10-11 09:25:25,554 INFO  [       ome.security.basic.CurrentDetails] (.Server-15) Adding log:INSERT,class ome.model.core.Channel,2038
2024-10-11 09:25:25,554 INFO  [       ome.security.basic.CurrentDetails] (.Server-15) Adding log:INSERT,class ome.model.core.LogicalChannel,2039
2024-10-11 09:25:25,555 INFO  [       ome.security.basic.CurrentDetails] (.Server-15) Adding log:INSERT,class ome.model.core.Channel,2039
2024-10-11 09:25:25,555 INFO  [       ome.security.basic.CurrentDetails] (.Server-15) Adding log:INSERT,class ome.model.core.LogicalChannel,2040
2024-10-11 09:25:25,555 INFO  [       ome.security.basic.CurrentDetails] (.Server-15) Adding log:INSERT,class ome.model.core.Channel,2040
2024-10-11 09:25:25,556 INFO  [       ome.security.basic.CurrentDetails] (.Server-15) Adding log:INSERT,class ome.model.core.LogicalChannel,2041
2024-10-11 09:25:25,556 INFO  [       ome.security.basic.CurrentDetails] (.Server-15) Adding log:INSERT,class ome.model.core.Channel,2041
2024-10-11 09:25:25,557 INFO  [       ome.security.basic.CurrentDetails] (.Server-15) Adding log:INSERT,class ome.model.core.LogicalChannel,2042
2024-10-11 09:25:25,557 INFO  [       ome.security.basic.CurrentDetails] (.Server-15) Adding log:INSERT,class ome.model.core.Channel,2042
2024-10-11 09:25:25,558 INFO  [       ome.security.basic.CurrentDetails] (.Server-15) Adding log:INSERT,class ome.model.core.LogicalChannel,2043
2024-10-11 09:25:25,558 INFO  [       ome.security.basic.CurrentDetails] (.Server-15) Adding log:INSERT,class ome.model.core.Channel,2043
2024-10-11 09:25:25,558 INFO  [       ome.security.basic.CurrentDetails] (.Server-15) Adding log:INSERT,class ome.model.core.LogicalChannel,2044
2024-10-11 09:25:25,559 INFO  [       ome.security.basic.CurrentDetails] (.Server-15) Adding log:INSERT,class ome.model.core.Channel,2044
2024-10-11 09:25:25,559 INFO  [       ome.security.basic.CurrentDetails] (.Server-15) Adding log:INSERT,class ome.model.core.LogicalChannel,2045
2024-10-11 09:25:25,560 INFO  [       ome.security.basic.CurrentDetails] (.Server-15) Adding log:INSERT,class ome.model.core.Channel,2045
2024-10-11 09:25:25,560 INFO  [       ome.security.basic.CurrentDetails] (.Server-15) Adding log:INSERT,class ome.model.core.LogicalChannel,2046
2024-10-11 09:25:25,560 INFO  [       ome.security.basic.CurrentDetails] (.Server-15) Adding log:INSERT,class ome.model.core.Channel,2046
2024-10-11 09:25:25,575 INFO  [                 org.perf4j.TimingLogger] (.Server-15) start[1728638725506] time[68] tag[omero.saveImportGraph]
2024-10-11 09:25:25,590 INFO  [                 org.perf4j.TimingLogger] (.Server-15) start[1728638725500] time[90] tag[omero.call.success.ome.services.blitz.impl.MetadataStoreI$3.doWork]
2024-10-11 09:25:25,594 INFO  [                 org.perf4j.TimingLogger] (2-thread-2) start[1728638725486] time[108] tag[omero.import.request.metadata]
2024-10-11 09:25:25,596 INFO  [    ome.security.basic.BasicEventContext] (.Server-14)  cctx:	group=0
2024-10-11 09:25:25,597 INFO  [         ome.security.basic.EventHandler] (.Server-14)  Auth:	user=0,group=0,event=null(User),sess=83be404c-1957-46d4-a36b-f9feca68dcf3
2024-10-11 09:25:25,598 INFO  [                 org.perf4j.TimingLogger] (.Server-14) start[1728638725595] time[3] tag[omero.call.success.ome.logic.QueryImpl.get]
2024-10-11 09:25:25,600 INFO  [    ome.security.basic.BasicEventContext] (l.Server-4)  cctx:	group=0
2024-10-11 09:25:25,605 INFO  [         ome.security.basic.EventHandler] (l.Server-4)  Auth:	user=0,group=0,event=28680(User),sess=83be404c-1957-46d4-a36b-f9feca68dcf3
2024-10-11 09:25:25,606 INFO  [       ome.security.basic.CurrentDetails] (l.Server-4) Adding log:UPDATE,class ome.model.core.OriginalFile,3139
2024-10-11 09:25:25,611 INFO  [                 org.perf4j.TimingLogger] (l.Server-4) start[1728638725600] time[11] tag[omero.call.success.ome.logic.UpdateImpl.saveObject]
2024-10-11 09:25:25,612 INFO  [                 org.perf4j.TimingLogger] (2-thread-2) start[1728638725486] time[125] tag[omero.import.request.step]
2024-10-11 09:25:25,612 DEBUG [    o.s.blitz.repo.ManagedImportRequestI] (2-thread-2) Step 1
2024-10-11 09:25:25,612 DEBUG [    o.s.blitz.repo.ManagedImportRequestI] (2-thread-2) Plane:0 X:0 Y:0 TileWidth:2048 TileHeight:2048 arrayBuf.length:8388608
2024-10-11 09:25:25,696 DEBUG [    o.s.blitz.repo.ManagedImportRequestI] (2-thread-2) Plane:1 X:0 Y:0 TileWidth:2048 TileHeight:2048 arrayBuf.length:8388608
2024-10-11 09:25:25,774 DEBUG [    o.s.blitz.repo.ManagedImportRequestI] (2-thread-2) Plane:2 X:0 Y:0 TileWidth:2048 TileHeight:2048 arrayBuf.length:8388608
2024-10-11 09:25:25,852 DEBUG [    o.s.blitz.repo.ManagedImportRequestI] (2-thread-2) Plane:3 X:0 Y:0 TileWidth:2048 TileHeight:2048 arrayBuf.length:8388608
2024-10-11 09:25:25,969 DEBUG [    o.s.blitz.repo.ManagedImportRequestI] (2-thread-2) Plane:4 X:0 Y:0 TileWidth:2048 TileHeight:2048 arrayBuf.length:8388608
2024-10-11 09:25:26,033 DEBUG [    o.s.blitz.repo.ManagedImportRequestI] (2-thread-2) Plane:5 X:0 Y:0 TileWidth:2048 TileHeight:2048 arrayBuf.length:8388608
2024-10-11 09:25:26,093 DEBUG [    o.s.blitz.repo.ManagedImportRequestI] (2-thread-2) Plane:6 X:0 Y:0 TileWidth:2048 TileHeight:2048 arrayBuf.length:8388608
2024-10-11 09:25:26,160 DEBUG [    o.s.blitz.repo.ManagedImportRequestI] (2-thread-2) Plane:7 X:0 Y:0 TileWidth:2048 TileHeight:2048 arrayBuf.length:8388608
2024-10-11 09:25:26,223 DEBUG [    o.s.blitz.repo.ManagedImportRequestI] (2-thread-2) Plane:8 X:0 Y:0 TileWidth:2048 TileHeight:2048 arrayBuf.length:8388608
2024-10-11 09:25:26,290 DEBUG [    o.s.blitz.repo.ManagedImportRequestI] (2-thread-2) Plane:9 X:0 Y:0 TileWidth:2048 TileHeight:2048 arrayBuf.length:8388608
2024-10-11 09:25:26,360 DEBUG [    o.s.blitz.repo.ManagedImportRequestI] (2-thread-2) Plane:10 X:0 Y:0 TileWidth:2048 TileHeight:2048 arrayBuf.length:8388608
2024-10-11 09:25:26,416 DEBUG [    o.s.blitz.repo.ManagedImportRequestI] (2-thread-2) Plane:11 X:0 Y:0 TileWidth:2048 TileHeight:2048 arrayBuf.length:8388608
2024-10-11 09:25:26,473 DEBUG [    o.s.blitz.repo.ManagedImportRequestI] (2-thread-2) Plane:12 X:0 Y:0 TileWidth:2048 TileHeight:2048 arrayBuf.length:8388608
2024-10-11 09:25:26,545 DEBUG [    o.s.blitz.repo.ManagedImportRequestI] (2-thread-2) Plane:13 X:0 Y:0 TileWidth:2048 TileHeight:2048 arrayBuf.length:8388608
2024-10-11 09:25:26,624 DEBUG [    o.s.blitz.repo.ManagedImportRequestI] (2-thread-2) Plane:14 X:0 Y:0 TileWidth:2048 TileHeight:2048 arrayBuf.length:8388608
2024-10-11 09:25:26,709 DEBUG [    o.s.blitz.repo.ManagedImportRequestI] (2-thread-2) Plane:15 X:0 Y:0 TileWidth:2048 TileHeight:2048 arrayBuf.length:8388608
2024-10-11 09:25:26,772 DEBUG [    o.s.blitz.repo.ManagedImportRequestI] (2-thread-2) Plane:16 X:0 Y:0 TileWidth:2048 TileHeight:2048 arrayBuf.length:8388608
2024-10-11 09:25:26,850 DEBUG [    o.s.blitz.repo.ManagedImportRequestI] (2-thread-2) Plane:17 X:0 Y:0 TileWidth:2048 TileHeight:2048 arrayBuf.length:8388608
2024-10-11 09:25:26,933 DEBUG [    o.s.blitz.repo.ManagedImportRequestI] (2-thread-2) Plane:18 X:0 Y:0 TileWidth:2048 TileHeight:2048 arrayBuf.length:8388608
2024-10-11 09:25:26,994 DEBUG [    o.s.blitz.repo.ManagedImportRequestI] (2-thread-2) Plane:19 X:0 Y:0 TileWidth:2048 TileHeight:2048 arrayBuf.length:8388608
2024-10-11 09:25:27,106 DEBUG [    o.s.blitz.repo.ManagedImportRequestI] (2-thread-2) Plane:20 X:0 Y:0 TileWidth:2048 TileHeight:2048 arrayBuf.length:8388608
2024-10-11 09:25:27,165 DEBUG [    o.s.blitz.repo.ManagedImportRequestI] (2-thread-2) Plane:21 X:0 Y:0 TileWidth:2048 TileHeight:2048 arrayBuf.length:8388608
2024-10-11 09:25:27,245 DEBUG [    o.s.blitz.repo.ManagedImportRequestI] (2-thread-2) Plane:22 X:0 Y:0 TileWidth:2048 TileHeight:2048 arrayBuf.length:8388608
2024-10-11 09:25:27,300 DEBUG [    o.s.blitz.repo.ManagedImportRequestI] (2-thread-2) Plane:23 X:0 Y:0 TileWidth:2048 TileHeight:2048 arrayBuf.length:8388608
2024-10-11 09:25:27,377 DEBUG [    o.s.blitz.repo.ManagedImportRequestI] (2-thread-2) Plane:24 X:0 Y:0 TileWidth:2048 TileHeight:2048 arrayBuf.length:8388608
2024-10-11 09:25:27,482 DEBUG [    o.s.blitz.repo.ManagedImportRequestI] (2-thread-2) Plane:25 X:0 Y:0 TileWidth:2048 TileHeight:2048 arrayBuf.length:8388608
2024-10-11 09:25:27,552 DEBUG [    o.s.blitz.repo.ManagedImportRequestI] (2-thread-2) Plane:26 X:0 Y:0 TileWidth:2048 TileHeight:2048 arrayBuf.length:8388608
2024-10-11 09:25:27,671 DEBUG [    o.s.blitz.repo.ManagedImportRequestI] (2-thread-2) Plane:27 X:0 Y:0 TileWidth:2048 TileHeight:2048 arrayBuf.length:8388608
2024-10-11 09:25:27,746 DEBUG [    o.s.blitz.repo.ManagedImportRequestI] (2-thread-2) Plane:28 X:0 Y:0 TileWidth:2048 TileHeight:2048 arrayBuf.length:8388608
2024-10-11 09:25:27,832 DEBUG [    o.s.blitz.repo.ManagedImportRequestI] (2-thread-2) Plane:29 X:0 Y:0 TileWidth:2048 TileHeight:2048 arrayBuf.length:8388608
2024-10-11 09:25:27,907 DEBUG [    o.s.blitz.repo.ManagedImportRequestI] (2-thread-2) Plane:30 X:0 Y:0 TileWidth:2048 TileHeight:2048 arrayBuf.length:8388608
2024-10-11 09:25:27,966 DEBUG [    o.s.blitz.repo.ManagedImportRequestI] (2-thread-2) Plane:31 X:0 Y:0 TileWidth:2048 TileHeight:2048 arrayBuf.length:8388608
2024-10-11 09:25:28,043 DEBUG [    o.s.blitz.repo.ManagedImportRequestI] (2-thread-2) Plane:32 X:0 Y:0 TileWidth:2048 TileHeight:2048 arrayBuf.length:8388608
2024-10-11 09:25:28,104 DEBUG [    o.s.blitz.repo.ManagedImportRequestI] (2-thread-2) Plane:33 X:0 Y:0 TileWidth:2048 TileHeight:2048 arrayBuf.length:8388608
2024-10-11 09:25:28,221 DEBUG [    o.s.blitz.repo.ManagedImportRequestI] (2-thread-2) Plane:34 X:0 Y:0 TileWidth:2048 TileHeight:2048 arrayBuf.length:8388608
2024-10-11 09:25:28,287 DEBUG [    o.s.blitz.repo.ManagedImportRequestI] (2-thread-2) Plane:35 X:0 Y:0 TileWidth:2048 TileHeight:2048 arrayBuf.length:8388608
2024-10-11 09:25:28,340 DEBUG [    o.s.blitz.repo.ManagedImportRequestI] (2-thread-2) Plane:36 X:0 Y:0 TileWidth:2048 TileHeight:2048 arrayBuf.length:8388608
2024-10-11 09:25:28,418 DEBUG [    o.s.blitz.repo.ManagedImportRequestI] (2-thread-2) Plane:37 X:0 Y:0 TileWidth:2048 TileHeight:2048 arrayBuf.length:8388608
2024-10-11 09:25:28,478 DEBUG [    o.s.blitz.repo.ManagedImportRequestI] (2-thread-2) Plane:38 X:0 Y:0 TileWidth:2048 TileHeight:2048 arrayBuf.length:8388608
2024-10-11 09:25:28,547 DEBUG [    o.s.blitz.repo.ManagedImportRequestI] (2-thread-2) Plane:39 X:0 Y:0 TileWidth:2048 TileHeight:2048 arrayBuf.length:8388608
2024-10-11 09:25:28,625 DEBUG [    o.s.blitz.repo.ManagedImportRequestI] (2-thread-2) Plane:40 X:0 Y:0 TileWidth:2048 TileHeight:2048 arrayBuf.length:8388608
2024-10-11 09:25:28,706 DEBUG [    o.s.blitz.repo.ManagedImportRequestI] (2-thread-2) Plane:41 X:0 Y:0 TileWidth:2048 TileHeight:2048 arrayBuf.length:8388608
2024-10-11 09:25:28,768 DEBUG [    o.s.blitz.repo.ManagedImportRequestI] (2-thread-2) Plane:42 X:0 Y:0 TileWidth:2048 TileHeight:2048 arrayBuf.length:8388608
2024-10-11 09:25:28,823 DEBUG [    o.s.blitz.repo.ManagedImportRequestI] (2-thread-2) Plane:43 X:0 Y:0 TileWidth:2048 TileHeight:2048 arrayBuf.length:8388608
2024-10-11 09:25:28,895 INFO  [    ome.security.basic.BasicEventContext] (.Server-10)  cctx:	group=0
2024-10-11 09:25:28,900 INFO  [         ome.security.basic.EventHandler] (.Server-10)  Auth:	user=0,group=0,event=28752(User),sess=83be404c-1957-46d4-a36b-f9feca68dcf3
2024-10-11 09:25:28,907 INFO  [                 org.perf4j.TimingLogger] (.Server-10) start[1728638728894] time[12] tag[omero.call.success.ome.services.blitz.impl.MetadataStoreI$7.doWork]
2024-10-11 09:25:28,910 INFO  [    ome.security.basic.BasicEventContext] (.Server-11)  cctx:	group=0
2024-10-11 09:25:28,915 INFO  [         ome.security.basic.EventHandler] (.Server-11)  Auth:	user=0,group=0,event=28753(User),sess=83be404c-1957-46d4-a36b-f9feca68dcf3
2024-10-11 09:25:29,101 INFO  [       ome.security.basic.CurrentDetails] (.Server-11) Adding log:UPDATE,class ome.model.core.Pixels,234
2024-10-11 09:25:29,747 INFO  [                 org.perf4j.TimingLogger] (.Server-11) start[1728638728909] time[837] tag[omero.call.success.ome.logic.UpdateImpl.saveArray]
2024-10-11 09:25:29,748 INFO  [    ome.security.basic.BasicEventContext] (l.Server-9)  cctx:	group=0
2024-10-11 09:25:29,752 INFO  [         ome.security.basic.EventHandler] (l.Server-9)  Auth:	user=0,group=0,event=28758(User),sess=83be404c-1957-46d4-a36b-f9feca68dcf3
2024-10-11 09:25:29,785 INFO  [                 org.perf4j.TimingLogger] (l.Server-9) start[1728638729747] time[37] tag[omero.call.success.ome.services.blitz.impl.MetadataStoreI$2.doWork]
2024-10-11 09:25:29,785 INFO  [                 org.perf4j.TimingLogger] (2-thread-2) start[1728638725612] time[4173] tag[omero.import.request.pixels]
2024-10-11 09:25:29,786 INFO  [    ome.security.basic.BasicEventContext] (.Server-13)  cctx:	group=0
2024-10-11 09:25:29,787 INFO  [         ome.security.basic.EventHandler] (.Server-13)  Auth:	user=0,group=0,event=null(User),sess=83be404c-1957-46d4-a36b-f9feca68dcf3
2024-10-11 09:25:29,788 INFO  [                 org.perf4j.TimingLogger] (.Server-13) start[1728638729785] time[2] tag[omero.call.success.ome.logic.QueryImpl.get]
2024-10-11 09:25:29,790 INFO  [    ome.security.basic.BasicEventContext] (.Server-12)  cctx:	group=0
2024-10-11 09:25:29,795 INFO  [         ome.security.basic.EventHandler] (.Server-12)  Auth:	user=0,group=0,event=28762(User),sess=83be404c-1957-46d4-a36b-f9feca68dcf3
2024-10-11 09:25:29,797 INFO  [       ome.security.basic.CurrentDetails] (.Server-12) Adding log:UPDATE,class ome.model.core.OriginalFile,3139
2024-10-11 09:25:29,802 INFO  [                 org.perf4j.TimingLogger] (.Server-12) start[1728638729789] time[13] tag[omero.call.success.ome.logic.UpdateImpl.saveObject]
2024-10-11 09:25:29,803 INFO  [                 org.perf4j.TimingLogger] (2-thread-2) start[1728638725612] time[4191] tag[omero.import.request.step]
2024-10-11 09:25:29,803 DEBUG [    o.s.blitz.repo.ManagedImportRequestI] (2-thread-2) Step 2
2024-10-11 09:25:29,805 INFO  [    ome.security.basic.BasicEventContext] (l.Server-4)  cctx:	group=0
2024-10-11 09:25:29,809 INFO  [         ome.security.basic.EventHandler] (l.Server-4)  Auth:	user=0,group=0,event=28763(User),sess=83be404c-1957-46d4-a36b-f9feca68dcf3
2024-10-11 09:25:29,812 INFO  [                 org.perf4j.TimingLogger] (l.Server-4) start[1728638729809] time[3] tag[omero.loadPixels]
2024-10-11 09:25:29,819 INFO  [                 org.perf4j.TimingLogger] (l.Server-4) start[1728638729814] time[4] tag[omero.loadRenderingSettingsByUser]
2024-10-11 09:25:29,832 DEBUG [                   loci.formats.Memoizer] (l.Server-4) start[1728638729822] time[10] tag[loci.formats.Memoizer.loadMemo]
2024-10-11 09:25:29,848 INFO  [                loci.formats.ImageReader] (l.Server-4) IonpathMIBITiffReader initializing /OMERO/ManagedRepository/root_0/2024-10/11/09-25-24.611/TA459_multipleCores2_Run-4_Point37.tiff
2024-10-11 09:25:29,848 INFO  [       loci.formats.in.MinimalTiffReader] (l.Server-4) Reading IFDs
2024-10-11 09:25:29,850 INFO  [       loci.formats.in.MinimalTiffReader] (l.Server-4) Populating metadata
2024-10-11 09:25:29,852 INFO  [          loci.formats.in.BaseTiffReader] (l.Server-4) Populating OME metadata
2024-10-11 09:25:29,859 DEBUG [                   loci.formats.Memoizer] (l.Server-4) saved to temp file: /OMERO/BioFormatsCache/OMERO/ManagedRepository/root_0/2024-10/11/09-25-24.611/.TA459_multipleCores2_Run-4_Point37.tiff.bfmemo13947637542021591314
2024-10-11 09:25:29,860 DEBUG [                   loci.formats.Memoizer] (l.Server-4) start[1728638729856] time[3] tag[loci.formats.Memoizer.saveMemo]
2024-10-11 09:25:29,860 DEBUG [                   loci.formats.Memoizer] (l.Server-4) saved memo file: /OMERO/BioFormatsCache/OMERO/ManagedRepository/root_0/2024-10/11/09-25-24.611/.TA459_multipleCores2_Run-4_Point37.tiff.bfmemo (50732 bytes)
2024-10-11 09:25:29,860 DEBUG [                   loci.formats.Memoizer] (l.Server-4) start[1728638729821] time[38] tag[loci.formats.Memoizer.setId]
2024-10-11 09:25:29,877 INFO  [       ome.security.basic.CurrentDetails] (l.Server-4) Adding log:INSERT,class ome.model.display.QuantumDef,234
2024-10-11 09:25:29,878 INFO  [       ome.security.basic.CurrentDetails] (l.Server-4) Adding log:INSERT,class ome.model.display.RenderingDef,234
2024-10-11 09:25:29,878 INFO  [       ome.security.basic.CurrentDetails] (l.Server-4) Adding log:INSERT,class ome.model.display.ChannelBinding,2003
2024-10-11 09:25:29,879 INFO  [       ome.security.basic.CurrentDetails] (l.Server-4) Adding log:INSERT,class ome.model.display.ChannelBinding,2004
2024-10-11 09:25:29,879 INFO  [       ome.security.basic.CurrentDetails] (l.Server-4) Adding log:INSERT,class ome.model.display.ChannelBinding,2005
2024-10-11 09:25:29,879 INFO  [       ome.security.basic.CurrentDetails] (l.Server-4) Adding log:INSERT,class ome.model.display.ChannelBinding,2006
2024-10-11 09:25:29,879 INFO  [       ome.security.basic.CurrentDetails] (l.Server-4) Adding log:INSERT,class ome.model.display.ChannelBinding,2007
2024-10-11 09:25:29,880 INFO  [       ome.security.basic.CurrentDetails] (l.Server-4) Adding log:INSERT,class ome.model.display.ChannelBinding,2008
2024-10-11 09:25:29,880 INFO  [       ome.security.basic.CurrentDetails] (l.Server-4) Adding log:INSERT,class ome.model.display.ChannelBinding,2009
2024-10-11 09:25:29,880 INFO  [       ome.security.basic.CurrentDetails] (l.Server-4) Adding log:INSERT,class ome.model.display.ChannelBinding,2010
2024-10-11 09:25:29,880 INFO  [       ome.security.basic.CurrentDetails] (l.Server-4) Adding log:INSERT,class ome.model.display.ChannelBinding,2011
2024-10-11 09:25:29,881 INFO  [       ome.security.basic.CurrentDetails] (l.Server-4) Adding log:INSERT,class ome.model.display.ChannelBinding,2012
2024-10-11 09:25:29,881 INFO  [       ome.security.basic.CurrentDetails] (l.Server-4) Adding log:INSERT,class ome.model.display.ChannelBinding,2013
2024-10-11 09:25:29,881 INFO  [       ome.security.basic.CurrentDetails] (l.Server-4) Adding log:INSERT,class ome.model.display.ChannelBinding,2014
2024-10-11 09:25:29,881 INFO  [       ome.security.basic.CurrentDetails] (l.Server-4) Adding log:INSERT,class ome.model.display.ChannelBinding,2015
2024-10-11 09:25:29,882 INFO  [       ome.security.basic.CurrentDetails] (l.Server-4) Adding log:INSERT,class ome.model.display.ChannelBinding,2016
2024-10-11 09:25:29,882 INFO  [       ome.security.basic.CurrentDetails] (l.Server-4) Adding log:INSERT,class ome.model.display.ChannelBinding,2017
2024-10-11 09:25:29,882 INFO  [       ome.security.basic.CurrentDetails] (l.Server-4) Adding log:INSERT,class ome.model.display.ChannelBinding,2018
2024-10-11 09:25:29,883 INFO  [       ome.security.basic.CurrentDetails] (l.Server-4) Adding log:INSERT,class ome.model.display.ChannelBinding,2019
2024-10-11 09:25:29,883 INFO  [       ome.security.basic.CurrentDetails] (l.Server-4) Adding log:INSERT,class ome.model.display.ChannelBinding,2020
2024-10-11 09:25:29,883 INFO  [       ome.security.basic.CurrentDetails] (l.Server-4) Adding log:INSERT,class ome.model.display.ChannelBinding,2021
2024-10-11 09:25:29,884 INFO  [       ome.security.basic.CurrentDetails] (l.Server-4) Adding log:INSERT,class ome.model.display.ChannelBinding,2022
2024-10-11 09:25:29,884 INFO  [       ome.security.basic.CurrentDetails] (l.Server-4) Adding log:INSERT,class ome.model.display.ChannelBinding,2023
2024-10-11 09:25:29,884 INFO  [       ome.security.basic.CurrentDetails] (l.Server-4) Adding log:INSERT,class ome.model.display.ChannelBinding,2024
2024-10-11 09:25:29,885 INFO  [       ome.security.basic.CurrentDetails] (l.Server-4) Adding log:INSERT,class ome.model.display.ChannelBinding,2025
2024-10-11 09:25:29,885 INFO  [       ome.security.basic.CurrentDetails] (l.Server-4) Adding log:INSERT,class ome.model.display.ChannelBinding,2026
2024-10-11 09:25:29,885 INFO  [       ome.security.basic.CurrentDetails] (l.Server-4) Adding log:INSERT,class ome.model.display.ChannelBinding,2027
2024-10-11 09:25:29,886 INFO  [       ome.security.basic.CurrentDetails] (l.Server-4) Adding log:INSERT,class ome.model.display.ChannelBinding,2028
2024-10-11 09:25:29,886 INFO  [       ome.security.basic.CurrentDetails] (l.Server-4) Adding log:INSERT,class ome.model.display.ChannelBinding,2029
2024-10-11 09:25:29,886 INFO  [       ome.security.basic.CurrentDetails] (l.Server-4) Adding log:INSERT,class ome.model.display.ChannelBinding,2030
2024-10-11 09:25:29,887 INFO  [       ome.security.basic.CurrentDetails] (l.Server-4) Adding log:INSERT,class ome.model.display.ChannelBinding,2031
2024-10-11 09:25:29,887 INFO  [       ome.security.basic.CurrentDetails] (l.Server-4) Adding log:INSERT,class ome.model.display.ChannelBinding,2032
2024-10-11 09:25:29,887 INFO  [       ome.security.basic.CurrentDetails] (l.Server-4) Adding log:INSERT,class ome.model.display.ChannelBinding,2033
2024-10-11 09:25:29,888 INFO  [       ome.security.basic.CurrentDetails] (l.Server-4) Adding log:INSERT,class ome.model.display.ChannelBinding,2034
2024-10-11 09:25:29,888 INFO  [       ome.security.basic.CurrentDetails] (l.Server-4) Adding log:INSERT,class ome.model.display.ChannelBinding,2035
2024-10-11 09:25:29,888 INFO  [       ome.security.basic.CurrentDetails] (l.Server-4) Adding log:INSERT,class ome.model.display.ChannelBinding,2036
2024-10-11 09:25:29,889 INFO  [       ome.security.basic.CurrentDetails] (l.Server-4) Adding log:INSERT,class ome.model.display.ChannelBinding,2037
2024-10-11 09:25:29,889 INFO  [       ome.security.basic.CurrentDetails] (l.Server-4) Adding log:INSERT,class ome.model.display.ChannelBinding,2038
2024-10-11 09:25:29,889 INFO  [       ome.security.basic.CurrentDetails] (l.Server-4) Adding log:INSERT,class ome.model.display.ChannelBinding,2039
2024-10-11 09:25:29,890 INFO  [       ome.security.basic.CurrentDetails] (l.Server-4) Adding log:INSERT,class ome.model.display.ChannelBinding,2040
2024-10-11 09:25:29,890 INFO  [       ome.security.basic.CurrentDetails] (l.Server-4) Adding log:INSERT,class ome.model.display.ChannelBinding,2041
2024-10-11 09:25:29,890 INFO  [       ome.security.basic.CurrentDetails] (l.Server-4) Adding log:INSERT,class ome.model.display.ChannelBinding,2042
2024-10-11 09:25:29,890 INFO  [       ome.security.basic.CurrentDetails] (l.Server-4) Adding log:INSERT,class ome.model.display.ChannelBinding,2043
2024-10-11 09:25:29,891 INFO  [       ome.security.basic.CurrentDetails] (l.Server-4) Adding log:INSERT,class ome.model.display.ChannelBinding,2044
2024-10-11 09:25:29,891 INFO  [       ome.security.basic.CurrentDetails] (l.Server-4) Adding log:INSERT,class ome.model.display.ChannelBinding,2045
2024-10-11 09:25:29,891 INFO  [       ome.security.basic.CurrentDetails] (l.Server-4) Adding log:INSERT,class ome.model.display.ChannelBinding,2046
2024-10-11 09:25:29,902 INFO  [                 org.perf4j.TimingLogger] (l.Server-4) start[1728638729871] time[30] tag[omero.resetDefaultsInSet.saveAndReturn]
2024-10-11 09:25:29,902 INFO  [                 org.perf4j.TimingLogger] (l.Server-4) start[1728638729809] time[93] tag[omero.resetDefaultsInSet]
2024-10-11 09:25:29,917 INFO  [                 org.perf4j.TimingLogger] (l.Server-4) start[1728638729804] time[112] tag[omero.call.success.ome.logic.RenderingSettingsImpl.resetDefaultsInSet]
2024-10-11 09:25:29,919 INFO  [    ome.security.basic.BasicEventContext] (.Server-12)  cctx:	group=0
2024-10-11 09:25:29,925 INFO  [         ome.security.basic.EventHandler] (.Server-12)  Auth:	user=0,group=0,event=28767(User),sess=83be404c-1957-46d4-a36b-f9feca68dcf3
2024-10-11 09:25:29,927 INFO  [                 org.perf4j.TimingLogger] (.Server-12) start[1728638729925] time[2] tag[omero.bulkLoadRenderingSettings]
2024-10-11 09:25:29,928 INFO  [                 org.perf4j.TimingLogger] (.Server-12) start[1728638729928] time[0] tag[omero.createAndPrepareMissingRenderingSettings]
2024-10-11 09:25:29,930 INFO  [                 org.perf4j.TimingLogger] (.Server-12) start[1728638729928] time[2] tag[omero.bulkLoadMetadata]
2024-10-11 09:25:29,931 INFO  [                 org.perf4j.TimingLogger] (.Server-12) start[1728638729928] time[3] tag[omero.loadMetadataByDimensionPool]
2024-10-11 09:25:29,933 INFO  [       ome.security.basic.CurrentDetails] (.Server-12) Adding log:INSERT,class ome.model.display.Thumbnail,234
2024-10-11 09:25:29,935 INFO  [                 org.perf4j.TimingLogger] (.Server-12) start[1728638729934] time[1] tag[omero.bulkLoadMetadata]
2024-10-11 09:25:29,935 INFO  [                 org.perf4j.TimingLogger] (.Server-12) start[1728638729933] time[1] tag[omero.loadMetadataByDimensionPool]
2024-10-11 09:25:29,935 INFO  [                 org.perf4j.TimingLogger] (.Server-12) start[1728638729931] time[4] tag[omero.createMissingThumbnailMetadata]
2024-10-11 09:25:29,937 INFO  [    ome.security.basic.BasicEventContext] (.Server-12)  cctx:	group=0
2024-10-11 09:25:29,941 INFO  [         ome.security.basic.EventHandler] (.Server-12)  Auth:	user=0,group=0,event=28768(User),sess=83be404c-1957-46d4-a36b-f9feca68dcf3
2024-10-11 09:25:29,943 INFO  [                 org.perf4j.TimingLogger] (.Server-12) start[1728638729942] time[0] tag[omero._createThumbnail(thumbMetaData)]
2024-10-11 09:25:29,993 DEBUG [                   loci.formats.Memoizer] (.Server-12) loaded memo file: /OMERO/BioFormatsCache/OMERO/ManagedRepository/root_0/2024-10/11/09-25-24.611/.TA459_multipleCores2_Run-4_Point37.tiff.bfmemo (50732 bytes)
2024-10-11 09:25:29,993 DEBUG [                   loci.formats.Memoizer] (.Server-12) start[1728638729962] time[31] tag[loci.formats.Memoizer.loadMemo]
2024-10-11 09:25:29,993 DEBUG [                   loci.formats.Memoizer] (.Server-12) start[1728638729961] time[31] tag[loci.formats.Memoizer.setId]
2024-10-11 09:25:30,045 INFO  [       ome.logic.JavaImageScalingService] (.Server-12) Scaling to: 96x96
2024-10-11 09:25:30,065 INFO  [                 org.perf4j.TimingLogger] (.Server-12) start[1728638730045] time[20] tag[java-image-scaling.resampleOp]
2024-10-11 09:25:30,067 INFO  [                 org.perf4j.TimingLogger] (.Server-12) start[1728638729942] time[124] tag[omero._createThumbnail]
2024-10-11 09:25:30,073 INFO  [                 org.perf4j.TimingLogger] (.Server-12) start[1728638729918] time[155] tag[omero.call.success.ome.services.ThumbnailBean.createThumbnailsByLongestSideSet]
2024-10-11 09:25:30,074 INFO  [                 org.perf4j.TimingLogger] (2-thread-2) start[1728638729803] time[270] tag[omero.import.request.thumbs]
2024-10-11 09:25:30,076 INFO  [    ome.security.basic.BasicEventContext] (l.Server-4)  cctx:	group=0
2024-10-11 09:25:30,078 INFO  [         ome.security.basic.EventHandler] (l.Server-4)  Auth:	user=0,group=0,event=null(User),sess=83be404c-1957-46d4-a36b-f9feca68dcf3
2024-10-11 09:25:30,080 INFO  [                 org.perf4j.TimingLogger] (l.Server-4) start[1728638730075] time[5] tag[omero.call.success.ome.logic.QueryImpl.get]
2024-10-11 09:25:30,082 INFO  [    ome.security.basic.BasicEventContext] (l.Server-9)  cctx:	group=0
2024-10-11 09:25:30,089 INFO  [         ome.security.basic.EventHandler] (l.Server-9)  Auth:	user=0,group=0,event=28771(User),sess=83be404c-1957-46d4-a36b-f9feca68dcf3
2024-10-11 09:25:30,092 INFO  [       ome.security.basic.CurrentDetails] (l.Server-9) Adding log:UPDATE,class ome.model.core.OriginalFile,3139
2024-10-11 09:25:30,097 INFO  [                 org.perf4j.TimingLogger] (l.Server-9) start[1728638730081] time[15] tag[omero.call.success.ome.logic.UpdateImpl.saveObject]
2024-10-11 09:25:30,097 INFO  [                 org.perf4j.TimingLogger] (2-thread-2) start[1728638729803] time[293] tag[omero.import.request.step]
2024-10-11 09:25:30,097 DEBUG [    o.s.blitz.repo.ManagedImportRequestI] (2-thread-2) Step 3
2024-10-11 09:25:30,099 INFO  [    ome.security.basic.BasicEventContext] (.Server-14)  cctx:	group=0
2024-10-11 09:25:30,100 INFO  [         ome.security.basic.EventHandler] (.Server-14)  Auth:	user=0,group=0,event=null(User),sess=83be404c-1957-46d4-a36b-f9feca68dcf3
2024-10-11 09:25:30,101 INFO  [                 org.perf4j.TimingLogger] (.Server-14) start[1728638730098] time[3] tag[omero.call.success.ome.services.blitz.impl.MetadataStoreI$6.doWork]
2024-10-11 09:25:30,103 INFO  [    ome.security.basic.BasicEventContext] (.Server-15)  cctx:	group=0
2024-10-11 09:25:30,104 INFO  [         ome.security.basic.EventHandler] (.Server-15)  Auth:	user=0,group=0,event=null(User),sess=83be404c-1957-46d4-a36b-f9feca68dcf3
2024-10-11 09:25:30,105 INFO  [                 org.perf4j.TimingLogger] (.Server-15) start[1728638730103] time[2] tag[omero.call.success.ome.logic.QueryImpl.get]
2024-10-11 09:25:30,107 INFO  [    ome.security.basic.BasicEventContext] (.Server-13)  cctx:	group=0
2024-10-11 09:25:30,113 INFO  [         ome.security.basic.EventHandler] (.Server-13)  Auth:	user=0,group=0,event=28772(User),sess=83be404c-1957-46d4-a36b-f9feca68dcf3
2024-10-11 09:25:30,116 INFO  [       ome.security.basic.CurrentDetails] (.Server-13) Adding log:UPDATE,class ome.model.core.OriginalFile,3139
2024-10-11 09:25:30,121 INFO  [                 org.perf4j.TimingLogger] (.Server-13) start[1728638730106] time[14] tag[omero.call.success.ome.logic.UpdateImpl.saveObject]
2024-10-11 09:25:30,121 INFO  [                 org.perf4j.TimingLogger] (2-thread-2) start[1728638730097] time[23] tag[omero.import.request.step]
2024-10-11 09:25:30,121 DEBUG [    o.s.blitz.repo.ManagedImportRequestI] (2-thread-2) Step 4
2024-10-11 09:25:30,123 INFO  [    ome.security.basic.BasicEventContext] (.Server-12)  cctx:	group=0
2024-10-11 09:25:30,124 INFO  [         ome.security.basic.EventHandler] (.Server-12)  Auth:	user=0,group=0,event=null(User),sess=83be404c-1957-46d4-a36b-f9feca68dcf3
2024-10-11 09:25:30,125 INFO  [                 org.perf4j.TimingLogger] (.Server-12) start[1728638730122] time[2] tag[omero.call.success.ome.logic.QueryImpl.get]
2024-10-11 09:25:30,126 INFO  [    ome.security.basic.BasicEventContext] (l.Server-4)  cctx:	group=0
2024-10-11 09:25:30,130 INFO  [         ome.security.basic.EventHandler] (l.Server-4)  Auth:	user=0,group=0,event=28773(User),sess=83be404c-1957-46d4-a36b-f9feca68dcf3
2024-10-11 09:25:30,133 INFO  [       ome.security.basic.CurrentDetails] (l.Server-4) Adding log:UPDATE,class ome.model.core.OriginalFile,3139
2024-10-11 09:25:30,140 INFO  [                 org.perf4j.TimingLogger] (l.Server-4) start[1728638730126] time[14] tag[omero.call.success.ome.logic.UpdateImpl.saveObject]
2024-10-11 09:25:30,141 INFO  [                 org.perf4j.TimingLogger] (2-thread-2) start[1728638730121] time[19] tag[omero.import.request.step]
2024-10-11 09:25:30,147 INFO  [    ome.security.basic.BasicEventContext] (l.Server-9)  cctx:	group=0
2024-10-11 09:25:30,151 INFO  [         ome.security.basic.EventHandler] (l.Server-9)  Auth:	user=0,group=0,event=28774(User),sess=83be404c-1957-46d4-a36b-f9feca68dcf3
2024-10-11 09:25:30,156 INFO  [                 org.perf4j.TimingLogger] (l.Server-9) start[1728638730146] time[9] tag[omero.call.success.ome.services.RawFileBean.close]
2024-10-11 09:25:30,156 DEBUG [                omero.util.ServantHolder] (l.Server-9) Removed omero.api._RawFileStoreTie@80466140 from omero.util.ServantHolder@149b3864 as a33294b7-cde4-459d-8a54-d55dc4f7335comero.api.RawFileStore
2024-10-11 09:25:30,156 INFO  [                      omero.cmd.SessionI] (l.Server-9) Unregistered servant:83be404c-1957-46d4-a36b-f9feca68dcf3/a33294b7-cde4-459d-8a54-d55dc4f7335comero.api.RawFileStore(omero.api._RawFileStoreTie@80466140)
2024-10-11 09:25:30,158 INFO  [    ome.security.basic.BasicEventContext] (.Server-15)  cctx:	group=0
2024-10-11 09:25:30,161 INFO  [         ome.security.basic.EventHandler] (.Server-15)  Auth:	user=0,group=0,event=28775(User),sess=83be404c-1957-46d4-a36b-f9feca68dcf3
2024-10-11 09:25:30,169 INFO  [                 org.perf4j.TimingLogger] (.Server-15) start[1728638730156] time[12] tag[omero.call.success.ome.services.RawPixelsBean.close]
2024-10-11 09:25:30,169 DEBUG [                omero.util.ServantHolder] (.Server-15) Removed omero.api._RawPixelsStoreTie@77078971 from omero.util.ServantHolder@149b3864 as 32efcd1c-aaaf-4069-8ab6-bac2c9c55730omero.api.RawPixelsStore
2024-10-11 09:25:30,169 INFO  [                      omero.cmd.SessionI] (.Server-15) Unregistered servant:83be404c-1957-46d4-a36b-f9feca68dcf3/32efcd1c-aaaf-4069-8ab6-bac2c9c55730omero.api.RawPixelsStore(omero.api._RawPixelsStoreTie@77078971)
2024-10-11 09:25:30,170 INFO  [    ome.security.basic.BasicEventContext] (.Server-13)  cctx:	group=0
2024-10-11 09:25:30,171 INFO  [         ome.security.basic.EventHandler] (.Server-13)  Auth:	user=0,group=0,event=null(User),sess=83be404c-1957-46d4-a36b-f9feca68dcf3
2024-10-11 09:25:30,171 INFO  [                 org.perf4j.TimingLogger] (.Server-13) start[1728638730169] time[1] tag[omero.call.success.ome.services.ThumbnailBean.close]
2024-10-11 09:25:30,171 DEBUG [                omero.util.ServantHolder] (.Server-13) Removed omero.api._ThumbnailStoreTie@2a348d45 from omero.util.ServantHolder@149b3864 as aa4aa7be-7d5f-4cab-aa94-18308810a683omero.api.ThumbnailStore
2024-10-11 09:25:30,171 INFO  [                      omero.cmd.SessionI] (.Server-13) Unregistered servant:83be404c-1957-46d4-a36b-f9feca68dcf3/aa4aa7be-7d5f-4cab-aa94-18308810a683omero.api.ThumbnailStore(omero.api._ThumbnailStoreTie@2a348d45)
2024-10-11 09:25:30,172 DEBUG [                omero.util.ServantHolder] (.Server-12) Removed omero.api._MetadataStoreTie@2ac52a86 from omero.util.ServantHolder@149b3864 as db51de6d-b7f6-4e26-9129-eba771a2d202omero.api.MetadataStore
2024-10-11 09:25:30,172 INFO  [                      omero.cmd.SessionI] (.Server-12) Unregistered servant:83be404c-1957-46d4-a36b-f9feca68dcf3/db51de6d-b7f6-4e26-9129-eba771a2d202omero.api.MetadataStore(omero.api._MetadataStoreTie@2ac52a86)
2024-10-11 09:25:30,172 INFO  [    o.s.blitz.repo.ManagedImportRequestI] (2-thread-2) Cleaning up import.
2024-10-11 09:25:30,175 INFO  [         ome.security.basic.EventHandler] (l.Server-9)  Auth:	user=0,group=0,event=null(User),sess=83be404c-1957-46d4-a36b-f9feca68dcf3
2024-10-11 09:25:30,176 INFO  [                 org.perf4j.TimingLogger] (l.Server-9) start[1728638730174] time[2] tag[omero.call.success.ome.logic.QueryImpl.get]
2024-10-11 09:25:30,185 INFO  [         ome.security.basic.EventHandler] (.Server-14)  Auth:	user=0,group=0,event=28778(User),sess=83be404c-1957-46d4-a36b-f9feca68dcf3
2024-10-11 09:25:30,189 INFO  [       ome.security.basic.CurrentDetails] (.Server-14) Adding log:UPDATE,class ome.model.core.OriginalFile,3139
2024-10-11 09:25:30,197 INFO  [                 org.perf4j.TimingLogger] (.Server-14) start[1728638730180] time[17] tag[omero.call.success.ome.logic.UpdateImpl.saveObject]
