2024-10-11 09:25:17,721 INFO  [                 org.perf4j.TimingLogger] (.Server-14) start[1728638717709] time[12] tag[omero.import.process.init]
2024-10-11 09:25:17,727 INFO  [         ome.security.basic.EventHandler] (.Server-14)  Auth:	user=0,group=0,event=28485(User),sess=83be404c-1957-46d4-a36b-f9feca68dcf3
2024-10-11 09:25:17,731 INFO  [       ome.security.basic.CurrentDetails] (.Server-14) Adding log:INSERT,class ome.model.jobs.UploadJob,3168
2024-10-11 09:25:17,731 INFO  [       ome.security.basic.CurrentDetails] (.Server-14) Adding log:INSERT,class ome.model.jobs.JobOriginalFileLink,4901
2024-10-11 09:25:17,740 INFO  [       ome.security.basic.CurrentDetails] (.Server-14) Adding log:INSERT,class ome.model.jobs.MetadataImportJob,3169
2024-10-11 09:25:17,746 INFO  [       ome.security.basic.CurrentDetails] (.Server-14) Adding log:INSERT,class ome.model.jobs.PixelDataJob,3170
2024-10-11 09:25:17,751 INFO  [       ome.security.basic.CurrentDetails] (.Server-14) Adding log:INSERT,class ome.model.jobs.ThumbnailGenerationJob,3171
2024-10-11 09:25:17,757 INFO  [       ome.security.basic.CurrentDetails] (.Server-14) Adding log:INSERT,class ome.model.jobs.IndexingJob,3172
2024-10-11 09:25:17,760 INFO  [                 org.perf4j.TimingLogger] (.Server-14) start[1728638717760] time[0] tag[omero.repo.internal_register.find_repo_files]
2024-10-11 09:25:17,763 INFO  [       ome.security.basic.CurrentDetails] (.Server-14) Adding log:INSERT,class ome.model.core.OriginalFile,3119
2024-10-11 09:25:17,763 INFO  [                 org.perf4j.TimingLogger] (.Server-14) start[1728638717761] time[1] tag[omero.repo.create_original_file.save]
2024-10-11 09:25:17,763 INFO  [                 org.perf4j.TimingLogger] (.Server-14) start[1728638717763] time[0] tag[omero.repo.create_original_file.internal_mkdir]
2024-10-11 09:25:17,763 INFO  [                 org.perf4j.TimingLogger] (.Server-14) start[1728638717763] time[0] tag[omero.repo.internal_register.load]
2024-10-11 09:25:17,763 INFO  [                 org.perf4j.TimingLogger] (.Server-14) start[1728638717763] time[0] tag[omero.repo.internal_register.sort]
2024-10-11 09:25:17,763 INFO  [                 org.perf4j.TimingLogger] (.Server-14) start[1728638717760] time[3] tag[omero.repo.save_fileset.register]
2024-10-11 09:25:17,763 INFO  [                 org.perf4j.TimingLogger] (.Server-14) start[1728638717763] time[0] tag[omero.repo.save_fileset.update_fileset_entries]
2024-10-11 09:25:17,765 INFO  [       ome.security.basic.CurrentDetails] (.Server-14) Adding log:INSERT,class ome.model.fs.Fileset,227
2024-10-11 09:25:17,765 INFO  [       ome.security.basic.CurrentDetails] (.Server-14) Adding log:INSERT,class ome.model.fs.FilesetJobLink,331
2024-10-11 09:25:17,766 INFO  [       ome.security.basic.CurrentDetails] (.Server-14) Adding log:INSERT,class ome.model.fs.FilesetJobLink,332
2024-10-11 09:25:17,766 INFO  [       ome.security.basic.CurrentDetails] (.Server-14) Adding log:INSERT,class ome.model.fs.FilesetJobLink,333
2024-10-11 09:25:17,766 INFO  [       ome.security.basic.CurrentDetails] (.Server-14) Adding log:INSERT,class ome.model.fs.FilesetJobLink,334
2024-10-11 09:25:17,766 INFO  [       ome.security.basic.CurrentDetails] (.Server-14) Adding log:INSERT,class ome.model.fs.FilesetJobLink,335
2024-10-11 09:25:17,767 INFO  [       ome.security.basic.CurrentDetails] (.Server-14) Adding log:INSERT,class ome.model.fs.FilesetEntry,227
2024-10-11 09:25:17,769 INFO  [                 org.perf4j.TimingLogger] (.Server-14) start[1728638717763] time[5] tag[omero.repo.save_fileset.save]
2024-10-11 09:25:17,779 INFO  [                 org.perf4j.TimingLogger] (.Server-14) start[1728638717722] time[56] tag[omero.call.success.ome.services.blitz.repo.RepositoryDaoImpl$8.doWork]
2024-10-11 09:25:17,779 INFO  [                 org.perf4j.TimingLogger] (.Server-14) start[1728638717722] time[57] tag[omero.repo.save_fileset]
2024-10-11 09:25:17,780 INFO  [                      omero.cmd.SessionI] (.Server-14) Added servant to adapter: 83be404c-1957-46d4-a36b-f9feca68dcf3/250dd168-e514-4fde-a721-7da165e5bebc-ManagedImportProcessI(omero.grid._ImportProcessTie@74aea9e9)
2024-10-11 09:25:17,780 DEBUG [                omero.util.ServantHolder] (.Server-14) Added omero.grid._ImportProcessTie@74aea9e9 to omero.util.ServantHolder@149b3864 as 250dd168-e514-4fde-a721-7da165e5bebc-ManagedImportProcessI
2024-10-11 09:25:17,780 INFO  [                 org.perf4j.TimingLogger] (.Server-14) start[1728638717722] time[58] tag[omero.import.process.create]
2024-10-11 09:25:17,788 INFO  [         ome.security.basic.EventHandler] (.Server-13)  Auth:	user=0,group=0,event=null(User),sess=83be404c-1957-46d4-a36b-f9feca68dcf3
2024-10-11 09:25:17,792 INFO  [                 org.perf4j.TimingLogger] (.Server-13) start[1728638717786] time[6] tag[omero.call.success.ome.services.blitz.repo.RepositoryDaoImpl$2.doWork]
2024-10-11 09:25:17,794 INFO  [         ome.security.basic.EventHandler] (.Server-13)  Auth:	user=0,group=0,event=null(User),sess=83be404c-1957-46d4-a36b-f9feca68dcf3
2024-10-11 09:25:17,795 INFO  [                 org.perf4j.TimingLogger] (.Server-13) start[1728638717792] time[3] tag[omero.call.success.ome.services.blitz.repo.RepositoryDaoImpl$4.doWork]
2024-10-11 09:25:17,797 INFO  [         ome.security.basic.EventHandler] (.Server-13)  Auth:	user=0,group=0,event=null(User),sess=83be404c-1957-46d4-a36b-f9feca68dcf3
2024-10-11 09:25:17,800 INFO  [                 org.perf4j.TimingLogger] (.Server-13) start[1728638717796] time[4] tag[omero.call.success.ome.services.blitz.repo.RepositoryDaoImpl$6.doWork]
2024-10-11 09:25:17,803 INFO  [    ome.security.basic.BasicEventContext] (.Server-13)  cctx:	group=0
2024-10-11 09:25:17,804 INFO  [         ome.security.basic.EventHandler] (.Server-13)  Auth:	user=0,group=0,event=null(User),sess=83be404c-1957-46d4-a36b-f9feca68dcf3
2024-10-11 09:25:17,806 INFO  [                 org.perf4j.TimingLogger] (.Server-13) start[1728638717801] time[4] tag[omero.call.success.ome.services.blitz.repo.RepositoryDaoImpl$1.doWork]
2024-10-11 09:25:17,806 INFO  [                      omero.cmd.SessionI] (.Server-13) Added servant to adapter: 83be404c-1957-46d4-a36b-f9feca68dcf3/d32743fb-23e4-47df-a641-e4ee424877f3-RepoRawFileStoreI(omero.api._RawFileStoreTie@665e9c97)
2024-10-11 09:25:17,806 DEBUG [                omero.util.ServantHolder] (.Server-13) Added omero.api._RawFileStoreTie@665e9c97 to omero.util.ServantHolder@149b3864 as d32743fb-23e4-47df-a641-e4ee424877f3-RepoRawFileStoreI
2024-10-11 09:25:17,806 INFO  [                 org.perf4j.TimingLogger] (.Server-13) start[1728638717786] time[20] tag[omero.import.process.opener]
2024-10-11 09:25:17,806 INFO  [                 org.perf4j.TimingLogger] (.Server-13) start[1728638717785] time[20] tag[omero.import.process.uploader]
2024-10-11 09:25:17,811 INFO  [         ome.security.basic.EventHandler] (.Server-12)  Auth:	user=0,group=0,event=null(User),sess=83be404c-1957-46d4-a36b-f9feca68dcf3
2024-10-11 09:25:17,811 INFO  [                 org.perf4j.TimingLogger] (.Server-12) start[1728638717809] time[1] tag[omero.call.success.ome.services.RawFileBean.write]
2024-10-11 09:25:17,873 INFO  [         ome.security.basic.EventHandler] (.Server-15)  Auth:	user=0,group=0,event=null(User),sess=83be404c-1957-46d4-a36b-f9feca68dcf3
2024-10-11 09:25:17,879 INFO  [                 org.perf4j.TimingLogger] (.Server-15) start[1728638717872] time[7] tag[omero.call.success.ome.services.RawFileBean.write]
2024-10-11 09:25:17,926 INFO  [         ome.security.basic.EventHandler] (l.Server-9)  Auth:	user=0,group=0,event=null(User),sess=83be404c-1957-46d4-a36b-f9feca68dcf3
2024-10-11 09:25:17,931 INFO  [                 org.perf4j.TimingLogger] (l.Server-9) start[1728638717924] time[6] tag[omero.call.success.ome.services.RawFileBean.write]
2024-10-11 09:25:17,980 INFO  [         ome.security.basic.EventHandler] (l.Server-4)  Auth:	user=0,group=0,event=null(User),sess=83be404c-1957-46d4-a36b-f9feca68dcf3
2024-10-11 09:25:17,987 INFO  [                 org.perf4j.TimingLogger] (l.Server-4) start[1728638717978] time[9] tag[omero.call.success.ome.services.RawFileBean.write]
2024-10-11 09:25:18,034 INFO  [         ome.security.basic.EventHandler] (.Server-11)  Auth:	user=0,group=0,event=null(User),sess=83be404c-1957-46d4-a36b-f9feca68dcf3
2024-10-11 09:25:18,041 INFO  [                 org.perf4j.TimingLogger] (.Server-11) start[1728638718032] time[8] tag[omero.call.success.ome.services.RawFileBean.write]
2024-10-11 09:25:18,102 INFO  [         ome.security.basic.EventHandler] (.Server-14)  Auth:	user=0,group=0,event=null(User),sess=83be404c-1957-46d4-a36b-f9feca68dcf3
2024-10-11 09:25:18,109 INFO  [                 org.perf4j.TimingLogger] (.Server-14) start[1728638718100] time[8] tag[omero.call.success.ome.services.RawFileBean.write]
2024-10-11 09:25:18,115 INFO  [         ome.security.basic.EventHandler] (.Server-10)  Auth:	user=0,group=0,event=null(User),sess=83be404c-1957-46d4-a36b-f9feca68dcf3
2024-10-11 09:25:18,116 INFO  [                 org.perf4j.TimingLogger] (.Server-10) start[1728638718114] time[2] tag[omero.call.success.ome.services.RawFileBean.write]
2024-10-11 09:25:18,127 INFO  [         ome.security.basic.EventHandler] (.Server-13)  Auth:	user=0,group=0,event=28486(User),sess=83be404c-1957-46d4-a36b-f9feca68dcf3
2024-10-11 09:25:18,141 INFO  [                 org.perf4j.TimingLogger] (.Server-13) start[1728638718127] time[14] tag[omero.services.file.flush]
2024-10-11 09:25:18,160 INFO  [                 org.perf4j.TimingLogger] (.Server-13) start[1728638718142] time[18] tag[omero.services.file.checksum]
2024-10-11 09:25:18,162 INFO  [       ome.security.basic.CurrentDetails] (.Server-13) Adding log:UPDATE,class ome.model.core.OriginalFile,3119
2024-10-11 09:25:18,163 INFO  [                 org.perf4j.TimingLogger] (.Server-13) start[1728638718160] time[2] tag[omero.services.file.finalize]
2024-10-11 09:25:18,167 INFO  [                 org.perf4j.TimingLogger] (.Server-13) start[1728638718120] time[46] tag[omero.call.success.ome.services.RawFileBean.save]
2024-10-11 09:25:18,177 INFO  [         ome.security.basic.EventHandler] (.Server-12)  Auth:	user=0,group=0,event=28487(User),sess=83be404c-1957-46d4-a36b-f9feca68dcf3
2024-10-11 09:25:18,181 INFO  [                 org.perf4j.TimingLogger] (.Server-12) start[1728638718169] time[12] tag[omero.call.success.ome.services.RawFileBean.close]
2024-10-11 09:25:18,182 DEBUG [                omero.util.ServantHolder] (.Server-12) Removed omero.api._RawFileStoreTie@665e9c97 from omero.util.ServantHolder@149b3864 as d32743fb-23e4-47df-a641-e4ee424877f3-RepoRawFileStoreI
2024-10-11 09:25:18,182 INFO  [                      omero.cmd.SessionI] (.Server-12) Unregistered servant:83be404c-1957-46d4-a36b-f9feca68dcf3/d32743fb-23e4-47df-a641-e4ee424877f3-RepoRawFileStoreI(omero.api._RawFileStoreTie@665e9c97)
2024-10-11 09:25:18,186 INFO  [         ome.security.basic.EventHandler] (.Server-15)  Auth:	user=0,group=0,event=null(User),sess=83be404c-1957-46d4-a36b-f9feca68dcf3
2024-10-11 09:25:18,187 INFO  [                 org.perf4j.TimingLogger] (.Server-15) start[1728638718184] time[3] tag[omero.call.success.ome.services.blitz.impl.ServiceFactoryI$3.doWork]
2024-10-11 09:25:18,192 INFO  [                 org.perf4j.TimingLogger] (.Server-15) start[1728638718187] time[4] tag[omero.import.process.checksum]
2024-10-11 09:25:18,198 INFO  [         ome.security.basic.EventHandler] (.Server-15)  Auth:	user=0,group=0,event=28488(User),sess=83be404c-1957-46d4-a36b-f9feca68dcf3
2024-10-11 09:25:18,203 INFO  [       ome.security.basic.CurrentDetails] (.Server-15) Adding log:UPDATE,class ome.model.jobs.UploadJob,3168
2024-10-11 09:25:18,209 INFO  [                 org.perf4j.TimingLogger] (.Server-15) start[1728638718192] time[17] tag[omero.call.success.ome.services.blitz.repo.RepositoryDaoImpl$12.doWork]
2024-10-11 09:25:18,211 INFO  [         ome.security.basic.EventHandler] (.Server-15)  Auth:	user=0,group=0,event=null(User),sess=83be404c-1957-46d4-a36b-f9feca68dcf3
2024-10-11 09:25:18,213 INFO  [                 org.perf4j.TimingLogger] (.Server-15) start[1728638718209] time[3] tag[omero.call.success.ome.services.blitz.repo.RepositoryDaoImpl$2.doWork]
2024-10-11 09:25:18,216 INFO  [         ome.security.basic.EventHandler] (.Server-15)  Auth:	user=0,group=0,event=null(User),sess=83be404c-1957-46d4-a36b-f9feca68dcf3
2024-10-11 09:25:18,217 INFO  [                 org.perf4j.TimingLogger] (.Server-15) start[1728638718213] time[4] tag[omero.call.success.ome.services.blitz.repo.RepositoryDaoImpl$4.doWork]
2024-10-11 09:25:18,217 INFO  [       ome.formats.importer.ImportConfig] (.Server-15) OMERO.blitz Version: 5.7.3
2024-10-11 09:25:18,218 INFO  [       ome.formats.importer.ImportConfig] (.Server-15) Bioformats version: 7.3.0 revision: acc4b6de79e55275b5e6c8200f8458f6d93c9ba0 date: 18 April 2024
2024-10-11 09:25:18,219 INFO  [                      omero.cmd.SessionI] (.Server-15) Added servant to adapter: 83be404c-1957-46d4-a36b-f9feca68dcf3/IHandlea05ba85e-b0f6-41cf-8a9a-6514bca5f8f2(omero.cmd._HandleTie@40bffed8)
2024-10-11 09:25:18,219 DEBUG [                omero.util.ServantHolder] (.Server-15) Added omero.cmd._HandleTie@40bffed8 to omero.util.ServantHolder@149b3864 as IHandlea05ba85e-b0f6-41cf-8a9a-6514bca5f8f2
2024-10-11 09:25:18,219 INFO  [                 org.perf4j.TimingLogger] (.Server-15) start[1728638718219] time[0] tag[omero.background.submit]
2024-10-11 09:25:18,219 INFO  [                 org.perf4j.TimingLogger] (.Server-15) start[1728638718192] time[27] tag[omero.import.process.submit]
2024-10-11 09:25:18,221 DEBUG [                omero.util.ServantHolder] (.Server-11) Removed omero.grid._ImportProcessTie@74aea9e9 from omero.util.ServantHolder@149b3864 as 250dd168-e514-4fde-a721-7da165e5bebc-ManagedImportProcessI
2024-10-11 09:25:18,221 INFO  [                      omero.cmd.SessionI] (.Server-11) Unregistered servant:83be404c-1957-46d4-a36b-f9feca68dcf3/250dd168-e514-4fde-a721-7da165e5bebc-ManagedImportProcessI(omero.grid._ImportProcessTie@74aea9e9)
2024-10-11 09:25:18,226 INFO  [    ome.formats.OMEROMetadataStoreClient] (2-thread-2) Call context: {omero.group:0}
2024-10-11 09:25:18,226 INFO  [    ome.formats.OMEROMetadataStoreClient] (2-thread-2) Call context: {omero.logfilename:root_0/2024-10/11/09-25-17.618.log}
2024-10-11 09:25:18,231 INFO  [    ome.security.basic.BasicEventContext] (.Server-13)  cctx:	group=0
2024-10-11 09:25:18,232 INFO  [         ome.security.basic.EventHandler] (.Server-13)  Auth:	user=0,group=0,event=null(User),sess=83be404c-1957-46d4-a36b-f9feca68dcf3
2024-10-11 09:25:18,238 INFO  [                 org.perf4j.TimingLogger] (.Server-13) start[1728638718231] time[7] tag[omero.call.success.ome.logic.AdminImpl.getEventContext]
2024-10-11 09:25:18,266 INFO  [    ome.formats.OMEROMetadataStoreClient] (2-thread-2) Pinging session every 300s.
2024-10-11 09:25:18,289 INFO  [                loci.formats.ImageReader] (2-thread-2) IonpathMIBITiffReader initializing /OMERO/ManagedRepository/root_0/2024-10/11/09-25-17.618/TA459_multipleCores2_Run-4_Point26.tiff
2024-10-11 09:25:18,289 INFO  [       loci.formats.in.MinimalTiffReader] (2-thread-2) Reading IFDs
2024-10-11 09:25:18,290 INFO  [       loci.formats.in.MinimalTiffReader] (2-thread-2) Populating metadata
2024-10-11 09:25:18,293 INFO  [          loci.formats.in.BaseTiffReader] (2-thread-2) Populating OME metadata
2024-10-11 09:25:18,297 INFO  [    ome.security.basic.BasicEventContext] (.Server-13)  cctx:	group=0
2024-10-11 09:25:18,298 INFO  [         ome.security.basic.EventHandler] (.Server-13)  Auth:	user=0,group=0,event=null(User),sess=83be404c-1957-46d4-a36b-f9feca68dcf3
2024-10-11 09:25:18,301 INFO  [                 org.perf4j.TimingLogger] (.Server-13) start[1728638718296] time[4] tag[omero.call.success.ome.logic.QueryImpl.findAll]
2024-10-11 09:25:18,305 INFO  [    ome.security.basic.BasicEventContext] (l.Server-9)  cctx:	group=0
2024-10-11 09:25:18,307 INFO  [         ome.security.basic.EventHandler] (l.Server-9)  Auth:	user=0,group=0,event=null(User),sess=83be404c-1957-46d4-a36b-f9feca68dcf3
2024-10-11 09:25:18,309 INFO  [                 org.perf4j.TimingLogger] (l.Server-9) start[1728638718305] time[3] tag[omero.call.success.ome.logic.QueryImpl.findAll]
2024-10-11 09:25:18,310 INFO  [    ome.security.basic.BasicEventContext] (.Server-14)  cctx:	group=0
2024-10-11 09:25:18,311 INFO  [         ome.security.basic.EventHandler] (.Server-14)  Auth:	user=0,group=0,event=null(User),sess=83be404c-1957-46d4-a36b-f9feca68dcf3
2024-10-11 09:25:18,312 INFO  [                 org.perf4j.TimingLogger] (.Server-14) start[1728638718310] time[2] tag[omero.call.success.ome.logic.QueryImpl.findAll]
2024-10-11 09:25:18,313 INFO  [    ome.security.basic.BasicEventContext] (.Server-12)  cctx:	group=0
2024-10-11 09:25:18,315 INFO  [         ome.security.basic.EventHandler] (.Server-12)  Auth:	user=0,group=0,event=null(User),sess=83be404c-1957-46d4-a36b-f9feca68dcf3
2024-10-11 09:25:18,316 INFO  [                 org.perf4j.TimingLogger] (.Server-12) start[1728638718313] time[2] tag[omero.call.success.ome.logic.QueryImpl.findAll]
2024-10-11 09:25:18,363 DEBUG [                   loci.formats.Memoizer] (2-thread-2) saved to temp file: /OMERO/BioFormatsCache/OMERO/ManagedRepository/root_0/2024-10/11/09-25-17.618/.TA459_multipleCores2_Run-4_Point26.tiff.bfmemo4396154930828260354
2024-10-11 09:25:18,363 DEBUG [                   loci.formats.Memoizer] (2-thread-2) start[1728638718336] time[27] tag[loci.formats.Memoizer.saveMemo]
2024-10-11 09:25:18,363 DEBUG [                   loci.formats.Memoizer] (2-thread-2) saved memo file: /OMERO/BioFormatsCache/OMERO/ManagedRepository/root_0/2024-10/11/09-25-17.618/.TA459_multipleCores2_Run-4_Point26.tiff.bfmemo (50731 bytes)
2024-10-11 09:25:18,363 DEBUG [                   loci.formats.Memoizer] (2-thread-2) start[1728638718266] time[97] tag[loci.formats.Memoizer.setId]
2024-10-11 09:25:18,364 DEBUG [    o.s.blitz.repo.ManagedImportRequestI] (2-thread-2) Image Count: 44
2024-10-11 09:25:18,364 INFO  [    o.s.blitz.repo.ManagedImportRequestI] (2-thread-2) File format: Ionpath MIBI
2024-10-11 09:25:18,364 INFO  [    o.s.blitz.repo.ManagedImportRequestI] (2-thread-2) Base reader: loci.formats.in.IonpathMIBITiffReader
2024-10-11 09:25:18,364 INFO  [                 org.perf4j.TimingLogger] (2-thread-2) start[1728638718225] time[138] tag[omero.import.request.init]
2024-10-11 09:25:18,364 DEBUG [    o.s.blitz.repo.ManagedImportRequestI] (2-thread-2) Step 0
2024-10-11 09:25:18,365 WARN  [    ome.formats.model.ReferenceProcessor] (2-thread-2) Unknown target class for LSID: Image:SIMS
2024-10-11 09:25:18,365 INFO  [    ome.formats.OMEROMetadataStoreClient] (2-thread-2) Handling # of containers: 91
2024-10-11 09:25:18,367 INFO  [    ome.security.basic.BasicEventContext] (.Server-11)  cctx:	group=0
2024-10-11 09:25:18,369 INFO  [         ome.security.basic.EventHandler] (.Server-11)  Auth:	user=0,group=0,event=null(User),sess=83be404c-1957-46d4-a36b-f9feca68dcf3
2024-10-11 09:25:18,370 INFO  [                 org.perf4j.TimingLogger] (.Server-11) start[1728638718366] time[3] tag[omero.call.success.ome.services.blitz.impl.MetadataStoreI$4.doWork]
2024-10-11 09:25:18,370 INFO  [    ome.formats.OMEROMetadataStoreClient] (2-thread-2) Handling # of references: 1
2024-10-11 09:25:18,371 INFO  [    ome.security.basic.BasicEventContext] (.Server-15)  cctx:	group=0
2024-10-11 09:25:18,372 INFO  [         ome.security.basic.EventHandler] (.Server-15)  Auth:	user=0,group=0,event=null(User),sess=83be404c-1957-46d4-a36b-f9feca68dcf3
2024-10-11 09:25:18,372 INFO  [                 org.perf4j.TimingLogger] (.Server-15) start[1728638718370] time[2] tag[omero.call.success.ome.services.blitz.impl.MetadataStoreI$5.doWork]
2024-10-11 09:25:18,375 INFO  [    ome.security.basic.BasicEventContext] (.Server-13)  cctx:	group=0
2024-10-11 09:25:18,380 INFO  [         ome.security.basic.EventHandler] (.Server-13)  Auth:	user=0,group=0,event=28494(User),sess=83be404c-1957-46d4-a36b-f9feca68dcf3
2024-10-11 09:25:18,392 INFO  [       ome.security.basic.CurrentDetails] (.Server-13) Adding log:INSERT,class ome.model.core.Image,227
2024-10-11 09:25:18,392 INFO  [       ome.security.basic.CurrentDetails] (.Server-13) Adding log:INSERT,class ome.model.containers.DatasetImageLink,227
2024-10-11 09:25:18,393 INFO  [       ome.security.basic.CurrentDetails] (.Server-13) Adding log:INSERT,class ome.model.core.Pixels,227
2024-10-11 09:25:18,393 INFO  [       ome.security.basic.CurrentDetails] (.Server-13) Adding log:INSERT,class ome.model.core.LogicalChannel,1695
2024-10-11 09:25:18,393 INFO  [       ome.security.basic.CurrentDetails] (.Server-13) Adding log:INSERT,class ome.model.core.Channel,1695
2024-10-11 09:25:18,394 INFO  [       ome.security.basic.CurrentDetails] (.Server-13) Adding log:INSERT,class ome.model.core.LogicalChannel,1696
2024-10-11 09:25:18,394 INFO  [       ome.security.basic.CurrentDetails] (.Server-13) Adding log:INSERT,class ome.model.core.Channel,1696
2024-10-11 09:25:18,394 INFO  [       ome.security.basic.CurrentDetails] (.Server-13) Adding log:INSERT,class ome.model.core.LogicalChannel,1697
2024-10-11 09:25:18,394 INFO  [       ome.security.basic.CurrentDetails] (.Server-13) Adding log:INSERT,class ome.model.core.Channel,1697
2024-10-11 09:25:18,395 INFO  [       ome.security.basic.CurrentDetails] (.Server-13) Adding log:INSERT,class ome.model.core.LogicalChannel,1698
2024-10-11 09:25:18,395 INFO  [       ome.security.basic.CurrentDetails] (.Server-13) Adding log:INSERT,class ome.model.core.Channel,1698
2024-10-11 09:25:18,395 INFO  [       ome.security.basic.CurrentDetails] (.Server-13) Adding log:INSERT,class ome.model.core.LogicalChannel,1699
2024-10-11 09:25:18,395 INFO  [       ome.security.basic.CurrentDetails] (.Server-13) Adding log:INSERT,class ome.model.core.Channel,1699
2024-10-11 09:25:18,396 INFO  [       ome.security.basic.CurrentDetails] (.Server-13) Adding log:INSERT,class ome.model.core.LogicalChannel,1700
2024-10-11 09:25:18,396 INFO  [       ome.security.basic.CurrentDetails] (.Server-13) Adding log:INSERT,class ome.model.core.Channel,1700
2024-10-11 09:25:18,396 INFO  [       ome.security.basic.CurrentDetails] (.Server-13) Adding log:INSERT,class ome.model.core.LogicalChannel,1701
2024-10-11 09:25:18,396 INFO  [       ome.security.basic.CurrentDetails] (.Server-13) Adding log:INSERT,class ome.model.core.Channel,1701
2024-10-11 09:25:18,397 INFO  [       ome.security.basic.CurrentDetails] (.Server-13) Adding log:INSERT,class ome.model.core.LogicalChannel,1702
2024-10-11 09:25:18,397 INFO  [       ome.security.basic.CurrentDetails] (.Server-13) Adding log:INSERT,class ome.model.core.Channel,1702
2024-10-11 09:25:18,397 INFO  [       ome.security.basic.CurrentDetails] (.Server-13) Adding log:INSERT,class ome.model.core.LogicalChannel,1703
2024-10-11 09:25:18,397 INFO  [       ome.security.basic.CurrentDetails] (.Server-13) Adding log:INSERT,class ome.model.core.Channel,1703
2024-10-11 09:25:18,398 INFO  [       ome.security.basic.CurrentDetails] (.Server-13) Adding log:INSERT,class ome.model.core.LogicalChannel,1704
2024-10-11 09:25:18,398 INFO  [       ome.security.basic.CurrentDetails] (.Server-13) Adding log:INSERT,class ome.model.core.Channel,1704
2024-10-11 09:25:18,398 INFO  [       ome.security.basic.CurrentDetails] (.Server-13) Adding log:INSERT,class ome.model.core.LogicalChannel,1705
2024-10-11 09:25:18,399 INFO  [       ome.security.basic.CurrentDetails] (.Server-13) Adding log:INSERT,class ome.model.core.Channel,1705
2024-10-11 09:25:18,399 INFO  [       ome.security.basic.CurrentDetails] (.Server-13) Adding log:INSERT,class ome.model.core.LogicalChannel,1706
2024-10-11 09:25:18,399 INFO  [       ome.security.basic.CurrentDetails] (.Server-13) Adding log:INSERT,class ome.model.core.Channel,1706
2024-10-11 09:25:18,400 INFO  [       ome.security.basic.CurrentDetails] (.Server-13) Adding log:INSERT,class ome.model.core.LogicalChannel,1707
2024-10-11 09:25:18,400 INFO  [       ome.security.basic.CurrentDetails] (.Server-13) Adding log:INSERT,class ome.model.core.Channel,1707
2024-10-11 09:25:18,400 INFO  [       ome.security.basic.CurrentDetails] (.Server-13) Adding log:INSERT,class ome.model.core.LogicalChannel,1708
2024-10-11 09:25:18,400 INFO  [       ome.security.basic.CurrentDetails] (.Server-13) Adding log:INSERT,class ome.model.core.Channel,1708
2024-10-11 09:25:18,401 INFO  [       ome.security.basic.CurrentDetails] (.Server-13) Adding log:INSERT,class ome.model.core.LogicalChannel,1709
2024-10-11 09:25:18,401 INFO  [       ome.security.basic.CurrentDetails] (.Server-13) Adding log:INSERT,class ome.model.core.Channel,1709
2024-10-11 09:25:18,402 INFO  [       ome.security.basic.CurrentDetails] (.Server-13) Adding log:INSERT,class ome.model.core.LogicalChannel,1710
2024-10-11 09:25:18,402 INFO  [       ome.security.basic.CurrentDetails] (.Server-13) Adding log:INSERT,class ome.model.core.Channel,1710
2024-10-11 09:25:18,403 INFO  [       ome.security.basic.CurrentDetails] (.Server-13) Adding log:INSERT,class ome.model.core.LogicalChannel,1711
2024-10-11 09:25:18,403 INFO  [       ome.security.basic.CurrentDetails] (.Server-13) Adding log:INSERT,class ome.model.core.Channel,1711
2024-10-11 09:25:18,403 INFO  [       ome.security.basic.CurrentDetails] (.Server-13) Adding log:INSERT,class ome.model.core.LogicalChannel,1712
2024-10-11 09:25:18,404 INFO  [       ome.security.basic.CurrentDetails] (.Server-13) Adding log:INSERT,class ome.model.core.Channel,1712
2024-10-11 09:25:18,404 INFO  [       ome.security.basic.CurrentDetails] (.Server-13) Adding log:INSERT,class ome.model.core.LogicalChannel,1713
2024-10-11 09:25:18,404 INFO  [       ome.security.basic.CurrentDetails] (.Server-13) Adding log:INSERT,class ome.model.core.Channel,1713
2024-10-11 09:25:18,405 INFO  [       ome.security.basic.CurrentDetails] (.Server-13) Adding log:INSERT,class ome.model.core.LogicalChannel,1714
2024-10-11 09:25:18,405 INFO  [       ome.security.basic.CurrentDetails] (.Server-13) Adding log:INSERT,class ome.model.core.Channel,1714
2024-10-11 09:25:18,405 INFO  [       ome.security.basic.CurrentDetails] (.Server-13) Adding log:INSERT,class ome.model.core.LogicalChannel,1715
2024-10-11 09:25:18,406 INFO  [       ome.security.basic.CurrentDetails] (.Server-13) Adding log:INSERT,class ome.model.core.Channel,1715
2024-10-11 09:25:18,406 INFO  [       ome.security.basic.CurrentDetails] (.Server-13) Adding log:INSERT,class ome.model.core.LogicalChannel,1716
2024-10-11 09:25:18,406 INFO  [       ome.security.basic.CurrentDetails] (.Server-13) Adding log:INSERT,class ome.model.core.Channel,1716
2024-10-11 09:25:18,406 INFO  [       ome.security.basic.CurrentDetails] (.Server-13) Adding log:INSERT,class ome.model.core.LogicalChannel,1717
2024-10-11 09:25:18,407 INFO  [       ome.security.basic.CurrentDetails] (.Server-13) Adding log:INSERT,class ome.model.core.Channel,1717
2024-10-11 09:25:18,407 INFO  [       ome.security.basic.CurrentDetails] (.Server-13) Adding log:INSERT,class ome.model.core.LogicalChannel,1718
2024-10-11 09:25:18,407 INFO  [       ome.security.basic.CurrentDetails] (.Server-13) Adding log:INSERT,class ome.model.core.Channel,1718
2024-10-11 09:25:18,407 INFO  [       ome.security.basic.CurrentDetails] (.Server-13) Adding log:INSERT,class ome.model.core.LogicalChannel,1719
2024-10-11 09:25:18,408 INFO  [       ome.security.basic.CurrentDetails] (.Server-13) Adding log:INSERT,class ome.model.core.Channel,1719
2024-10-11 09:25:18,408 INFO  [       ome.security.basic.CurrentDetails] (.Server-13) Adding log:INSERT,class ome.model.core.LogicalChannel,1720
2024-10-11 09:25:18,408 INFO  [       ome.security.basic.CurrentDetails] (.Server-13) Adding log:INSERT,class ome.model.core.Channel,1720
2024-10-11 09:25:18,408 INFO  [       ome.security.basic.CurrentDetails] (.Server-13) Adding log:INSERT,class ome.model.core.LogicalChannel,1721
2024-10-11 09:25:18,409 INFO  [       ome.security.basic.CurrentDetails] (.Server-13) Adding log:INSERT,class ome.model.core.Channel,1721
2024-10-11 09:25:18,409 INFO  [       ome.security.basic.CurrentDetails] (.Server-13) Adding log:INSERT,class ome.model.core.LogicalChannel,1722
2024-10-11 09:25:18,409 INFO  [       ome.security.basic.CurrentDetails] (.Server-13) Adding log:INSERT,class ome.model.core.Channel,1722
2024-10-11 09:25:18,409 INFO  [       ome.security.basic.CurrentDetails] (.Server-13) Adding log:INSERT,class ome.model.core.LogicalChannel,1723
2024-10-11 09:25:18,410 INFO  [       ome.security.basic.CurrentDetails] (.Server-13) Adding log:INSERT,class ome.model.core.Channel,1723
2024-10-11 09:25:18,410 INFO  [       ome.security.basic.CurrentDetails] (.Server-13) Adding log:INSERT,class ome.model.core.LogicalChannel,1724
2024-10-11 09:25:18,410 INFO  [       ome.security.basic.CurrentDetails] (.Server-13) Adding log:INSERT,class ome.model.core.Channel,1724
2024-10-11 09:25:18,410 INFO  [       ome.security.basic.CurrentDetails] (.Server-13) Adding log:INSERT,class ome.model.core.LogicalChannel,1725
2024-10-11 09:25:18,411 INFO  [       ome.security.basic.CurrentDetails] (.Server-13) Adding log:INSERT,class ome.model.core.Channel,1725
2024-10-11 09:25:18,411 INFO  [       ome.security.basic.CurrentDetails] (.Server-13) Adding log:INSERT,class ome.model.core.LogicalChannel,1726
2024-10-11 09:25:18,411 INFO  [       ome.security.basic.CurrentDetails] (.Server-13) Adding log:INSERT,class ome.model.core.Channel,1726
2024-10-11 09:25:18,411 INFO  [       ome.security.basic.CurrentDetails] (.Server-13) Adding log:INSERT,class ome.model.core.LogicalChannel,1727
2024-10-11 09:25:18,412 INFO  [       ome.security.basic.CurrentDetails] (.Server-13) Adding log:INSERT,class ome.model.core.Channel,1727
2024-10-11 09:25:18,412 INFO  [       ome.security.basic.CurrentDetails] (.Server-13) Adding log:INSERT,class ome.model.core.LogicalChannel,1728
2024-10-11 09:25:18,412 INFO  [       ome.security.basic.CurrentDetails] (.Server-13) Adding log:INSERT,class ome.model.core.Channel,1728
2024-10-11 09:25:18,412 INFO  [       ome.security.basic.CurrentDetails] (.Server-13) Adding log:INSERT,class ome.model.core.LogicalChannel,1729
2024-10-11 09:25:18,413 INFO  [       ome.security.basic.CurrentDetails] (.Server-13) Adding log:INSERT,class ome.model.core.Channel,1729
2024-10-11 09:25:18,413 INFO  [       ome.security.basic.CurrentDetails] (.Server-13) Adding log:INSERT,class ome.model.core.LogicalChannel,1730
2024-10-11 09:25:18,413 INFO  [       ome.security.basic.CurrentDetails] (.Server-13) Adding log:INSERT,class ome.model.core.Channel,1730
2024-10-11 09:25:18,414 INFO  [       ome.security.basic.CurrentDetails] (.Server-13) Adding log:INSERT,class ome.model.core.LogicalChannel,1731
2024-10-11 09:25:18,414 INFO  [       ome.security.basic.CurrentDetails] (.Server-13) Adding log:INSERT,class ome.model.core.Channel,1731
2024-10-11 09:25:18,416 INFO  [       ome.security.basic.CurrentDetails] (.Server-13) Adding log:INSERT,class ome.model.core.LogicalChannel,1732
2024-10-11 09:25:18,416 INFO  [       ome.security.basic.CurrentDetails] (.Server-13) Adding log:INSERT,class ome.model.core.Channel,1732
2024-10-11 09:25:18,417 INFO  [       ome.security.basic.CurrentDetails] (.Server-13) Adding log:INSERT,class ome.model.core.LogicalChannel,1733
2024-10-11 09:25:18,417 INFO  [       ome.security.basic.CurrentDetails] (.Server-13) Adding log:INSERT,class ome.model.core.Channel,1733
2024-10-11 09:25:18,417 INFO  [       ome.security.basic.CurrentDetails] (.Server-13) Adding log:INSERT,class ome.model.core.LogicalChannel,1734
2024-10-11 09:25:18,418 INFO  [       ome.security.basic.CurrentDetails] (.Server-13) Adding log:INSERT,class ome.model.core.Channel,1734
2024-10-11 09:25:18,418 INFO  [       ome.security.basic.CurrentDetails] (.Server-13) Adding log:INSERT,class ome.model.core.LogicalChannel,1735
2024-10-11 09:25:18,418 INFO  [       ome.security.basic.CurrentDetails] (.Server-13) Adding log:INSERT,class ome.model.core.Channel,1735
2024-10-11 09:25:18,418 INFO  [       ome.security.basic.CurrentDetails] (.Server-13) Adding log:INSERT,class ome.model.core.LogicalChannel,1736
2024-10-11 09:25:18,419 INFO  [       ome.security.basic.CurrentDetails] (.Server-13) Adding log:INSERT,class ome.model.core.Channel,1736
2024-10-11 09:25:18,419 INFO  [       ome.security.basic.CurrentDetails] (.Server-13) Adding log:INSERT,class ome.model.core.LogicalChannel,1737
2024-10-11 09:25:18,419 INFO  [       ome.security.basic.CurrentDetails] (.Server-13) Adding log:INSERT,class ome.model.core.Channel,1737
2024-10-11 09:25:18,419 INFO  [       ome.security.basic.CurrentDetails] (.Server-13) Adding log:INSERT,class ome.model.core.LogicalChannel,1738
2024-10-11 09:25:18,420 INFO  [       ome.security.basic.CurrentDetails] (.Server-13) Adding log:INSERT,class ome.model.core.Channel,1738
2024-10-11 09:25:18,429 INFO  [                 org.perf4j.TimingLogger] (.Server-13) start[1728638718380] time[49] tag[omero.saveImportGraph]
2024-10-11 09:25:18,443 INFO  [                 org.perf4j.TimingLogger] (.Server-13) start[1728638718374] time[68] tag[omero.call.success.ome.services.blitz.impl.MetadataStoreI$3.doWork]
2024-10-11 09:25:18,446 INFO  [                 org.perf4j.TimingLogger] (2-thread-2) start[1728638718364] time[81] tag[omero.import.request.metadata]
2024-10-11 09:25:18,447 INFO  [    ome.security.basic.BasicEventContext] (l.Server-9)  cctx:	group=0
2024-10-11 09:25:18,448 INFO  [         ome.security.basic.EventHandler] (l.Server-9)  Auth:	user=0,group=0,event=null(User),sess=83be404c-1957-46d4-a36b-f9feca68dcf3
2024-10-11 09:25:18,449 INFO  [                 org.perf4j.TimingLogger] (l.Server-9) start[1728638718447] time[2] tag[omero.call.success.ome.logic.QueryImpl.get]
2024-10-11 09:25:18,451 INFO  [    ome.security.basic.BasicEventContext] (.Server-14)  cctx:	group=0
2024-10-11 09:25:18,456 INFO  [         ome.security.basic.EventHandler] (.Server-14)  Auth:	user=0,group=0,event=28499(User),sess=83be404c-1957-46d4-a36b-f9feca68dcf3
2024-10-11 09:25:18,457 INFO  [       ome.security.basic.CurrentDetails] (.Server-14) Adding log:UPDATE,class ome.model.core.OriginalFile,3118
2024-10-11 09:25:18,462 INFO  [                 org.perf4j.TimingLogger] (.Server-14) start[1728638718451] time[11] tag[omero.call.success.ome.logic.UpdateImpl.saveObject]
2024-10-11 09:25:18,463 INFO  [                 org.perf4j.TimingLogger] (2-thread-2) start[1728638718364] time[98] tag[omero.import.request.step]
2024-10-11 09:25:18,463 DEBUG [    o.s.blitz.repo.ManagedImportRequestI] (2-thread-2) Step 1
2024-10-11 09:25:18,463 DEBUG [    o.s.blitz.repo.ManagedImportRequestI] (2-thread-2) Plane:0 X:0 Y:0 TileWidth:2048 TileHeight:2048 arrayBuf.length:8388608
2024-10-11 09:25:18,543 DEBUG [    o.s.blitz.repo.ManagedImportRequestI] (2-thread-2) Plane:1 X:0 Y:0 TileWidth:2048 TileHeight:2048 arrayBuf.length:8388608
2024-10-11 09:25:18,616 DEBUG [    o.s.blitz.repo.ManagedImportRequestI] (2-thread-2) Plane:2 X:0 Y:0 TileWidth:2048 TileHeight:2048 arrayBuf.length:8388608
2024-10-11 09:25:18,695 DEBUG [    o.s.blitz.repo.ManagedImportRequestI] (2-thread-2) Plane:3 X:0 Y:0 TileWidth:2048 TileHeight:2048 arrayBuf.length:8388608
2024-10-11 09:25:18,777 DEBUG [    o.s.blitz.repo.ManagedImportRequestI] (2-thread-2) Plane:4 X:0 Y:0 TileWidth:2048 TileHeight:2048 arrayBuf.length:8388608
2024-10-11 09:25:18,886 DEBUG [    o.s.blitz.repo.ManagedImportRequestI] (2-thread-2) Plane:5 X:0 Y:0 TileWidth:2048 TileHeight:2048 arrayBuf.length:8388608
2024-10-11 09:25:18,951 DEBUG [    o.s.blitz.repo.ManagedImportRequestI] (2-thread-2) Plane:6 X:0 Y:0 TileWidth:2048 TileHeight:2048 arrayBuf.length:8388608
2024-10-11 09:25:19,015 DEBUG [    o.s.blitz.repo.ManagedImportRequestI] (2-thread-2) Plane:7 X:0 Y:0 TileWidth:2048 TileHeight:2048 arrayBuf.length:8388608
2024-10-11 09:25:19,083 DEBUG [    o.s.blitz.repo.ManagedImportRequestI] (2-thread-2) Plane:8 X:0 Y:0 TileWidth:2048 TileHeight:2048 arrayBuf.length:8388608
2024-10-11 09:25:19,151 DEBUG [    o.s.blitz.repo.ManagedImportRequestI] (2-thread-2) Plane:9 X:0 Y:0 TileWidth:2048 TileHeight:2048 arrayBuf.length:8388608
2024-10-11 09:25:19,211 DEBUG [    o.s.blitz.repo.ManagedImportRequestI] (2-thread-2) Plane:10 X:0 Y:0 TileWidth:2048 TileHeight:2048 arrayBuf.length:8388608
2024-10-11 09:25:19,286 DEBUG [    o.s.blitz.repo.ManagedImportRequestI] (2-thread-2) Plane:11 X:0 Y:0 TileWidth:2048 TileHeight:2048 arrayBuf.length:8388608
2024-10-11 09:25:19,338 DEBUG [    o.s.blitz.repo.ManagedImportRequestI] (2-thread-2) Plane:12 X:0 Y:0 TileWidth:2048 TileHeight:2048 arrayBuf.length:8388608
2024-10-11 09:25:19,396 DEBUG [    o.s.blitz.repo.ManagedImportRequestI] (2-thread-2) Plane:13 X:0 Y:0 TileWidth:2048 TileHeight:2048 arrayBuf.length:8388608
2024-10-11 09:25:19,459 DEBUG [    o.s.blitz.repo.ManagedImportRequestI] (2-thread-2) Plane:14 X:0 Y:0 TileWidth:2048 TileHeight:2048 arrayBuf.length:8388608
2024-10-11 09:25:19,513 DEBUG [    o.s.blitz.repo.ManagedImportRequestI] (2-thread-2) Plane:15 X:0 Y:0 TileWidth:2048 TileHeight:2048 arrayBuf.length:8388608
2024-10-11 09:25:19,583 DEBUG [    o.s.blitz.repo.ManagedImportRequestI] (2-thread-2) Plane:16 X:0 Y:0 TileWidth:2048 TileHeight:2048 arrayBuf.length:8388608
2024-10-11 09:25:19,637 DEBUG [    o.s.blitz.repo.ManagedImportRequestI] (2-thread-2) Plane:17 X:0 Y:0 TileWidth:2048 TileHeight:2048 arrayBuf.length:8388608
2024-10-11 09:25:19,709 DEBUG [    o.s.blitz.repo.ManagedImportRequestI] (2-thread-2) Plane:18 X:0 Y:0 TileWidth:2048 TileHeight:2048 arrayBuf.length:8388608
2024-10-11 09:25:19,782 DEBUG [    o.s.blitz.repo.ManagedImportRequestI] (2-thread-2) Plane:19 X:0 Y:0 TileWidth:2048 TileHeight:2048 arrayBuf.length:8388608
2024-10-11 09:25:19,867 DEBUG [    o.s.blitz.repo.ManagedImportRequestI] (2-thread-2) Plane:20 X:0 Y:0 TileWidth:2048 TileHeight:2048 arrayBuf.length:8388608
2024-10-11 09:25:19,929 DEBUG [    o.s.blitz.repo.ManagedImportRequestI] (2-thread-2) Plane:21 X:0 Y:0 TileWidth:2048 TileHeight:2048 arrayBuf.length:8388608
2024-10-11 09:25:20,031 DEBUG [    o.s.blitz.repo.ManagedImportRequestI] (2-thread-2) Plane:22 X:0 Y:0 TileWidth:2048 TileHeight:2048 arrayBuf.length:8388608
2024-10-11 09:25:20,090 DEBUG [    o.s.blitz.repo.ManagedImportRequestI] (2-thread-2) Plane:23 X:0 Y:0 TileWidth:2048 TileHeight:2048 arrayBuf.length:8388608
2024-10-11 09:25:20,161 DEBUG [    o.s.blitz.repo.ManagedImportRequestI] (2-thread-2) Plane:24 X:0 Y:0 TileWidth:2048 TileHeight:2048 arrayBuf.length:8388608
2024-10-11 09:25:20,249 DEBUG [    o.s.blitz.repo.ManagedImportRequestI] (2-thread-2) Plane:25 X:0 Y:0 TileWidth:2048 TileHeight:2048 arrayBuf.length:8388608
2024-10-11 09:25:20,307 DEBUG [    o.s.blitz.repo.ManagedImportRequestI] (2-thread-2) Plane:26 X:0 Y:0 TileWidth:2048 TileHeight:2048 arrayBuf.length:8388608
2024-10-11 09:25:20,360 DEBUG [    o.s.blitz.repo.ManagedImportRequestI] (2-thread-2) Plane:27 X:0 Y:0 TileWidth:2048 TileHeight:2048 arrayBuf.length:8388608
2024-10-11 09:25:20,429 DEBUG [    o.s.blitz.repo.ManagedImportRequestI] (2-thread-2) Plane:28 X:0 Y:0 TileWidth:2048 TileHeight:2048 arrayBuf.length:8388608
2024-10-11 09:25:20,498 DEBUG [    o.s.blitz.repo.ManagedImportRequestI] (2-thread-2) Plane:29 X:0 Y:0 TileWidth:2048 TileHeight:2048 arrayBuf.length:8388608
2024-10-11 09:25:20,560 DEBUG [    o.s.blitz.repo.ManagedImportRequestI] (2-thread-2) Plane:30 X:0 Y:0 TileWidth:2048 TileHeight:2048 arrayBuf.length:8388608
2024-10-11 09:25:20,627 DEBUG [    o.s.blitz.repo.ManagedImportRequestI] (2-thread-2) Plane:31 X:0 Y:0 TileWidth:2048 TileHeight:2048 arrayBuf.length:8388608
2024-10-11 09:25:20,685 DEBUG [    o.s.blitz.repo.ManagedImportRequestI] (2-thread-2) Plane:32 X:0 Y:0 TileWidth:2048 TileHeight:2048 arrayBuf.length:8388608
2024-10-11 09:25:20,761 DEBUG [    o.s.blitz.repo.ManagedImportRequestI] (2-thread-2) Plane:33 X:0 Y:0 TileWidth:2048 TileHeight:2048 arrayBuf.length:8388608
2024-10-11 09:25:20,877 DEBUG [    o.s.blitz.repo.ManagedImportRequestI] (2-thread-2) Plane:34 X:0 Y:0 TileWidth:2048 TileHeight:2048 arrayBuf.length:8388608
2024-10-11 09:25:20,956 DEBUG [    o.s.blitz.repo.ManagedImportRequestI] (2-thread-2) Plane:35 X:0 Y:0 TileWidth:2048 TileHeight:2048 arrayBuf.length:8388608
2024-10-11 09:25:21,033 DEBUG [    o.s.blitz.repo.ManagedImportRequestI] (2-thread-2) Plane:36 X:0 Y:0 TileWidth:2048 TileHeight:2048 arrayBuf.length:8388608
2024-10-11 09:25:21,118 DEBUG [    o.s.blitz.repo.ManagedImportRequestI] (2-thread-2) Plane:37 X:0 Y:0 TileWidth:2048 TileHeight:2048 arrayBuf.length:8388608
2024-10-11 09:25:21,177 DEBUG [    o.s.blitz.repo.ManagedImportRequestI] (2-thread-2) Plane:38 X:0 Y:0 TileWidth:2048 TileHeight:2048 arrayBuf.length:8388608
2024-10-11 09:25:21,241 DEBUG [    o.s.blitz.repo.ManagedImportRequestI] (2-thread-2) Plane:39 X:0 Y:0 TileWidth:2048 TileHeight:2048 arrayBuf.length:8388608
2024-10-11 09:25:21,316 DEBUG [    o.s.blitz.repo.ManagedImportRequestI] (2-thread-2) Plane:40 X:0 Y:0 TileWidth:2048 TileHeight:2048 arrayBuf.length:8388608
2024-10-11 09:25:21,399 DEBUG [    o.s.blitz.repo.ManagedImportRequestI] (2-thread-2) Plane:41 X:0 Y:0 TileWidth:2048 TileHeight:2048 arrayBuf.length:8388608
2024-10-11 09:25:21,474 DEBUG [    o.s.blitz.repo.ManagedImportRequestI] (2-thread-2) Plane:42 X:0 Y:0 TileWidth:2048 TileHeight:2048 arrayBuf.length:8388608
2024-10-11 09:25:21,557 DEBUG [    o.s.blitz.repo.ManagedImportRequestI] (2-thread-2) Plane:43 X:0 Y:0 TileWidth:2048 TileHeight:2048 arrayBuf.length:8388608
2024-10-11 09:25:21,620 INFO  [    ome.security.basic.BasicEventContext] (l.Server-4)  cctx:	group=0
2024-10-11 09:25:21,624 INFO  [         ome.security.basic.EventHandler] (l.Server-4)  Auth:	user=0,group=0,event=28568(User),sess=83be404c-1957-46d4-a36b-f9feca68dcf3
2024-10-11 09:25:21,630 INFO  [                 org.perf4j.TimingLogger] (l.Server-4) start[1728638721619] time[11] tag[omero.call.success.ome.services.blitz.impl.MetadataStoreI$7.doWork]
2024-10-11 09:25:21,634 INFO  [    ome.security.basic.BasicEventContext] (.Server-13)  cctx:	group=0
2024-10-11 09:25:21,639 INFO  [         ome.security.basic.EventHandler] (.Server-13)  Auth:	user=0,group=0,event=28570(User),sess=83be404c-1957-46d4-a36b-f9feca68dcf3
2024-10-11 09:25:21,801 INFO  [       ome.security.basic.CurrentDetails] (.Server-13) Adding log:UPDATE,class ome.model.core.Pixels,227
2024-10-11 09:25:21,809 INFO  [                 org.perf4j.TimingLogger] (.Server-13) start[1728638721633] time[176] tag[omero.call.success.ome.logic.UpdateImpl.saveArray]
2024-10-11 09:25:21,810 INFO  [    ome.security.basic.BasicEventContext] (.Server-15)  cctx:	group=0
2024-10-11 09:25:21,814 INFO  [         ome.security.basic.EventHandler] (.Server-15)  Auth:	user=0,group=0,event=28572(User),sess=83be404c-1957-46d4-a36b-f9feca68dcf3
2024-10-11 09:25:21,849 INFO  [                 org.perf4j.TimingLogger] (.Server-15) start[1728638721810] time[39] tag[omero.call.success.ome.services.blitz.impl.MetadataStoreI$2.doWork]
2024-10-11 09:25:21,850 INFO  [                 org.perf4j.TimingLogger] (2-thread-2) start[1728638718463] time[3387] tag[omero.import.request.pixels]
2024-10-11 09:25:21,852 INFO  [    ome.security.basic.BasicEventContext] (.Server-10)  cctx:	group=0
2024-10-11 09:25:21,853 INFO  [         ome.security.basic.EventHandler] (.Server-10)  Auth:	user=0,group=0,event=null(User),sess=83be404c-1957-46d4-a36b-f9feca68dcf3
2024-10-11 09:25:21,854 INFO  [                 org.perf4j.TimingLogger] (.Server-10) start[1728638721851] time[3] tag[omero.call.success.ome.logic.QueryImpl.get]
2024-10-11 09:25:21,855 INFO  [    ome.security.basic.BasicEventContext] (l.Server-4)  cctx:	group=0
2024-10-11 09:25:21,866 INFO  [         ome.security.basic.EventHandler] (l.Server-4)  Auth:	user=0,group=0,event=28573(User),sess=83be404c-1957-46d4-a36b-f9feca68dcf3
2024-10-11 09:25:21,868 INFO  [       ome.security.basic.CurrentDetails] (l.Server-4) Adding log:UPDATE,class ome.model.core.OriginalFile,3118
2024-10-11 09:25:21,875 INFO  [                 org.perf4j.TimingLogger] (l.Server-4) start[1728638721855] time[20] tag[omero.call.success.ome.logic.UpdateImpl.saveObject]
2024-10-11 09:25:21,875 INFO  [                 org.perf4j.TimingLogger] (2-thread-2) start[1728638718463] time[3412] tag[omero.import.request.step]
2024-10-11 09:25:21,876 DEBUG [    o.s.blitz.repo.ManagedImportRequestI] (2-thread-2) Step 2
2024-10-11 09:25:21,878 INFO  [    ome.security.basic.BasicEventContext] (.Server-14)  cctx:	group=0
2024-10-11 09:25:21,882 INFO  [         ome.security.basic.EventHandler] (.Server-14)  Auth:	user=0,group=0,event=28574(User),sess=83be404c-1957-46d4-a36b-f9feca68dcf3
2024-10-11 09:25:21,887 INFO  [                 org.perf4j.TimingLogger] (.Server-14) start[1728638721882] time[4] tag[omero.loadPixels]
2024-10-11 09:25:21,896 INFO  [                 org.perf4j.TimingLogger] (.Server-14) start[1728638721891] time[4] tag[omero.loadRenderingSettingsByUser]
2024-10-11 09:25:21,920 DEBUG [                   loci.formats.Memoizer] (.Server-14) start[1728638721900] time[19] tag[loci.formats.Memoizer.loadMemo]
2024-10-11 09:25:21,938 INFO  [                loci.formats.ImageReader] (.Server-14) IonpathMIBITiffReader initializing /OMERO/ManagedRepository/root_0/2024-10/11/09-25-17.618/TA459_multipleCores2_Run-4_Point26.tiff
2024-10-11 09:25:21,938 INFO  [       loci.formats.in.MinimalTiffReader] (.Server-14) Reading IFDs
2024-10-11 09:25:21,940 INFO  [       loci.formats.in.MinimalTiffReader] (.Server-14) Populating metadata
2024-10-11 09:25:21,942 INFO  [          loci.formats.in.BaseTiffReader] (.Server-14) Populating OME metadata
2024-10-11 09:25:21,950 DEBUG [                   loci.formats.Memoizer] (.Server-14) saved to temp file: /OMERO/BioFormatsCache/OMERO/ManagedRepository/root_0/2024-10/11/09-25-17.618/.TA459_multipleCores2_Run-4_Point26.tiff.bfmemo8577775505874178763
2024-10-11 09:25:21,950 DEBUG [                   loci.formats.Memoizer] (.Server-14) start[1728638721948] time[2] tag[loci.formats.Memoizer.saveMemo]
2024-10-11 09:25:21,950 DEBUG [                   loci.formats.Memoizer] (.Server-14) saved memo file: /OMERO/BioFormatsCache/OMERO/ManagedRepository/root_0/2024-10/11/09-25-17.618/.TA459_multipleCores2_Run-4_Point26.tiff.bfmemo (50722 bytes)
2024-10-11 09:25:21,950 DEBUG [                   loci.formats.Memoizer] (.Server-14) start[1728638721900] time[50] tag[loci.formats.Memoizer.setId]
2024-10-11 09:25:21,964 INFO  [       ome.security.basic.CurrentDetails] (.Server-14) Adding log:INSERT,class ome.model.display.QuantumDef,227
2024-10-11 09:25:21,965 INFO  [       ome.security.basic.CurrentDetails] (.Server-14) Adding log:INSERT,class ome.model.display.RenderingDef,227
2024-10-11 09:25:21,965 INFO  [       ome.security.basic.CurrentDetails] (.Server-14) Adding log:INSERT,class ome.model.display.ChannelBinding,1695
2024-10-11 09:25:21,965 INFO  [       ome.security.basic.CurrentDetails] (.Server-14) Adding log:INSERT,class ome.model.display.ChannelBinding,1696
2024-10-11 09:25:21,965 INFO  [       ome.security.basic.CurrentDetails] (.Server-14) Adding log:INSERT,class ome.model.display.ChannelBinding,1697
2024-10-11 09:25:21,966 INFO  [       ome.security.basic.CurrentDetails] (.Server-14) Adding log:INSERT,class ome.model.display.ChannelBinding,1698
2024-10-11 09:25:21,966 INFO  [       ome.security.basic.CurrentDetails] (.Server-14) Adding log:INSERT,class ome.model.display.ChannelBinding,1699
2024-10-11 09:25:21,966 INFO  [       ome.security.basic.CurrentDetails] (.Server-14) Adding log:INSERT,class ome.model.display.ChannelBinding,1700
2024-10-11 09:25:21,966 INFO  [       ome.security.basic.CurrentDetails] (.Server-14) Adding log:INSERT,class ome.model.display.ChannelBinding,1701
2024-10-11 09:25:21,966 INFO  [       ome.security.basic.CurrentDetails] (.Server-14) Adding log:INSERT,class ome.model.display.ChannelBinding,1702
2024-10-11 09:25:21,967 INFO  [       ome.security.basic.CurrentDetails] (.Server-14) Adding log:INSERT,class ome.model.display.ChannelBinding,1703
2024-10-11 09:25:21,967 INFO  [       ome.security.basic.CurrentDetails] (.Server-14) Adding log:INSERT,class ome.model.display.ChannelBinding,1704
2024-10-11 09:25:21,967 INFO  [       ome.security.basic.CurrentDetails] (.Server-14) Adding log:INSERT,class ome.model.display.ChannelBinding,1705
2024-10-11 09:25:21,967 INFO  [       ome.security.basic.CurrentDetails] (.Server-14) Adding log:INSERT,class ome.model.display.ChannelBinding,1706
2024-10-11 09:25:21,967 INFO  [       ome.security.basic.CurrentDetails] (.Server-14) Adding log:INSERT,class ome.model.display.ChannelBinding,1707
2024-10-11 09:25:21,968 INFO  [       ome.security.basic.CurrentDetails] (.Server-14) Adding log:INSERT,class ome.model.display.ChannelBinding,1708
2024-10-11 09:25:21,968 INFO  [       ome.security.basic.CurrentDetails] (.Server-14) Adding log:INSERT,class ome.model.display.ChannelBinding,1709
2024-10-11 09:25:21,968 INFO  [       ome.security.basic.CurrentDetails] (.Server-14) Adding log:INSERT,class ome.model.display.ChannelBinding,1710
2024-10-11 09:25:21,969 INFO  [       ome.security.basic.CurrentDetails] (.Server-14) Adding log:INSERT,class ome.model.display.ChannelBinding,1711
2024-10-11 09:25:21,969 INFO  [       ome.security.basic.CurrentDetails] (.Server-14) Adding log:INSERT,class ome.model.display.ChannelBinding,1712
2024-10-11 09:25:21,970 INFO  [       ome.security.basic.CurrentDetails] (.Server-14) Adding log:INSERT,class ome.model.display.ChannelBinding,1713
2024-10-11 09:25:21,970 INFO  [       ome.security.basic.CurrentDetails] (.Server-14) Adding log:INSERT,class ome.model.display.ChannelBinding,1714
2024-10-11 09:25:21,971 INFO  [       ome.security.basic.CurrentDetails] (.Server-14) Adding log:INSERT,class ome.model.display.ChannelBinding,1715
2024-10-11 09:25:21,971 INFO  [       ome.security.basic.CurrentDetails] (.Server-14) Adding log:INSERT,class ome.model.display.ChannelBinding,1716
2024-10-11 09:25:21,971 INFO  [       ome.security.basic.CurrentDetails] (.Server-14) Adding log:INSERT,class ome.model.display.ChannelBinding,1717
2024-10-11 09:25:21,971 INFO  [       ome.security.basic.CurrentDetails] (.Server-14) Adding log:INSERT,class ome.model.display.ChannelBinding,1718
2024-10-11 09:25:21,971 INFO  [       ome.security.basic.CurrentDetails] (.Server-14) Adding log:INSERT,class ome.model.display.ChannelBinding,1719
2024-10-11 09:25:21,972 INFO  [       ome.security.basic.CurrentDetails] (.Server-14) Adding log:INSERT,class ome.model.display.ChannelBinding,1720
2024-10-11 09:25:21,972 INFO  [       ome.security.basic.CurrentDetails] (.Server-14) Adding log:INSERT,class ome.model.display.ChannelBinding,1721
2024-10-11 09:25:21,972 INFO  [       ome.security.basic.CurrentDetails] (.Server-14) Adding log:INSERT,class ome.model.display.ChannelBinding,1722
2024-10-11 09:25:21,972 INFO  [       ome.security.basic.CurrentDetails] (.Server-14) Adding log:INSERT,class ome.model.display.ChannelBinding,1723
2024-10-11 09:25:21,973 INFO  [       ome.security.basic.CurrentDetails] (.Server-14) Adding log:INSERT,class ome.model.display.ChannelBinding,1724
2024-10-11 09:25:21,973 INFO  [       ome.security.basic.CurrentDetails] (.Server-14) Adding log:INSERT,class ome.model.display.ChannelBinding,1725
2024-10-11 09:25:21,973 INFO  [       ome.security.basic.CurrentDetails] (.Server-14) Adding log:INSERT,class ome.model.display.ChannelBinding,1726
2024-10-11 09:25:21,974 INFO  [       ome.security.basic.CurrentDetails] (.Server-14) Adding log:INSERT,class ome.model.display.ChannelBinding,1727
2024-10-11 09:25:21,974 INFO  [       ome.security.basic.CurrentDetails] (.Server-14) Adding log:INSERT,class ome.model.display.ChannelBinding,1728
2024-10-11 09:25:21,974 INFO  [       ome.security.basic.CurrentDetails] (.Server-14) Adding log:INSERT,class ome.model.display.ChannelBinding,1729
2024-10-11 09:25:21,975 INFO  [       ome.security.basic.CurrentDetails] (.Server-14) Adding log:INSERT,class ome.model.display.ChannelBinding,1730
2024-10-11 09:25:21,975 INFO  [       ome.security.basic.CurrentDetails] (.Server-14) Adding log:INSERT,class ome.model.display.ChannelBinding,1731
2024-10-11 09:25:21,976 INFO  [       ome.security.basic.CurrentDetails] (.Server-14) Adding log:INSERT,class ome.model.display.ChannelBinding,1732
2024-10-11 09:25:21,976 INFO  [       ome.security.basic.CurrentDetails] (.Server-14) Adding log:INSERT,class ome.model.display.ChannelBinding,1733
2024-10-11 09:25:21,976 INFO  [       ome.security.basic.CurrentDetails] (.Server-14) Adding log:INSERT,class ome.model.display.ChannelBinding,1734
2024-10-11 09:25:21,976 INFO  [       ome.security.basic.CurrentDetails] (.Server-14) Adding log:INSERT,class ome.model.display.ChannelBinding,1735
2024-10-11 09:25:21,977 INFO  [       ome.security.basic.CurrentDetails] (.Server-14) Adding log:INSERT,class ome.model.display.ChannelBinding,1736
2024-10-11 09:25:21,977 INFO  [       ome.security.basic.CurrentDetails] (.Server-14) Adding log:INSERT,class ome.model.display.ChannelBinding,1737
2024-10-11 09:25:21,977 INFO  [       ome.security.basic.CurrentDetails] (.Server-14) Adding log:INSERT,class ome.model.display.ChannelBinding,1738
2024-10-11 09:25:21,987 INFO  [                 org.perf4j.TimingLogger] (.Server-14) start[1728638721959] time[27] tag[omero.resetDefaultsInSet.saveAndReturn]
2024-10-11 09:25:21,987 INFO  [                 org.perf4j.TimingLogger] (.Server-14) start[1728638721882] time[104] tag[omero.resetDefaultsInSet]
2024-10-11 09:25:21,996 INFO  [                 org.perf4j.TimingLogger] (.Server-14) start[1728638721877] time[118] tag[omero.call.success.ome.logic.RenderingSettingsImpl.resetDefaultsInSet]
2024-10-11 09:25:21,997 INFO  [    ome.security.basic.BasicEventContext] (.Server-11)  cctx:	group=0
2024-10-11 09:25:22,002 INFO  [         ome.security.basic.EventHandler] (.Server-11)  Auth:	user=0,group=0,event=28575(User),sess=83be404c-1957-46d4-a36b-f9feca68dcf3
2024-10-11 09:25:22,004 INFO  [                 org.perf4j.TimingLogger] (.Server-11) start[1728638722002] time[2] tag[omero.bulkLoadRenderingSettings]
2024-10-11 09:25:22,004 INFO  [                 org.perf4j.TimingLogger] (.Server-11) start[1728638722004] time[0] tag[omero.createAndPrepareMissingRenderingSettings]
2024-10-11 09:25:22,007 INFO  [                 org.perf4j.TimingLogger] (.Server-11) start[1728638722004] time[2] tag[omero.bulkLoadMetadata]
2024-10-11 09:25:22,008 INFO  [                 org.perf4j.TimingLogger] (.Server-11) start[1728638722004] time[3] tag[omero.loadMetadataByDimensionPool]
2024-10-11 09:25:22,009 INFO  [       ome.security.basic.CurrentDetails] (.Server-11) Adding log:INSERT,class ome.model.display.Thumbnail,227
2024-10-11 09:25:22,010 INFO  [                 org.perf4j.TimingLogger] (.Server-11) start[1728638722009] time[0] tag[omero.bulkLoadMetadata]
2024-10-11 09:25:22,010 INFO  [                 org.perf4j.TimingLogger] (.Server-11) start[1728638722009] time[1] tag[omero.loadMetadataByDimensionPool]
2024-10-11 09:25:22,011 INFO  [                 org.perf4j.TimingLogger] (.Server-11) start[1728638722008] time[2] tag[omero.createMissingThumbnailMetadata]
2024-10-11 09:25:22,012 INFO  [    ome.security.basic.BasicEventContext] (.Server-11)  cctx:	group=0
2024-10-11 09:25:22,021 INFO  [         ome.security.basic.EventHandler] (.Server-11)  Auth:	user=0,group=0,event=28576(User),sess=83be404c-1957-46d4-a36b-f9feca68dcf3
2024-10-11 09:25:22,023 INFO  [                 org.perf4j.TimingLogger] (.Server-11) start[1728638722023] time[0] tag[omero._createThumbnail(thumbMetaData)]
2024-10-11 09:25:22,047 DEBUG [                   loci.formats.Memoizer] (.Server-11) loaded memo file: /OMERO/BioFormatsCache/OMERO/ManagedRepository/root_0/2024-10/11/09-25-17.618/.TA459_multipleCores2_Run-4_Point26.tiff.bfmemo (50722 bytes)
2024-10-11 09:25:22,047 DEBUG [                   loci.formats.Memoizer] (.Server-11) start[1728638722036] time[11] tag[loci.formats.Memoizer.loadMemo]
2024-10-11 09:25:22,047 DEBUG [                   loci.formats.Memoizer] (.Server-11) start[1728638722035] time[11] tag[loci.formats.Memoizer.setId]
2024-10-11 09:25:22,106 INFO  [       ome.logic.JavaImageScalingService] (.Server-11) Scaling to: 96x96
2024-10-11 09:25:22,137 INFO  [                 org.perf4j.TimingLogger] (.Server-11) start[1728638722106] time[30] tag[java-image-scaling.resampleOp]
2024-10-11 09:25:22,138 INFO  [                 org.perf4j.TimingLogger] (.Server-11) start[1728638722023] time[115] tag[omero._createThumbnail]
2024-10-11 09:25:22,145 INFO  [                 org.perf4j.TimingLogger] (.Server-11) start[1728638721996] time[148] tag[omero.call.success.ome.services.ThumbnailBean.createThumbnailsByLongestSideSet]
2024-10-11 09:25:22,146 INFO  [                 org.perf4j.TimingLogger] (2-thread-2) start[1728638721876] time[269] tag[omero.import.request.thumbs]
2024-10-11 09:25:22,150 INFO  [    ome.security.basic.BasicEventContext] (l.Server-9)  cctx:	group=0
2024-10-11 09:25:22,152 INFO  [         ome.security.basic.EventHandler] (l.Server-9)  Auth:	user=0,group=0,event=null(User),sess=83be404c-1957-46d4-a36b-f9feca68dcf3
2024-10-11 09:25:22,153 INFO  [                 org.perf4j.TimingLogger] (l.Server-9) start[1728638722147] time[6] tag[omero.call.success.ome.logic.QueryImpl.get]
2024-10-11 09:25:22,155 INFO  [    ome.security.basic.BasicEventContext] (.Server-12)  cctx:	group=0
2024-10-11 09:25:22,160 INFO  [         ome.security.basic.EventHandler] (.Server-12)  Auth:	user=0,group=0,event=28577(User),sess=83be404c-1957-46d4-a36b-f9feca68dcf3
2024-10-11 09:25:22,162 INFO  [       ome.security.basic.CurrentDetails] (.Server-12) Adding log:UPDATE,class ome.model.core.OriginalFile,3118
2024-10-11 09:25:22,167 INFO  [                 org.perf4j.TimingLogger] (.Server-12) start[1728638722154] time[12] tag[omero.call.success.ome.logic.UpdateImpl.saveObject]
2024-10-11 09:25:22,167 INFO  [                 org.perf4j.TimingLogger] (2-thread-2) start[1728638721876] time[291] tag[omero.import.request.step]
2024-10-11 09:25:22,167 DEBUG [    o.s.blitz.repo.ManagedImportRequestI] (2-thread-2) Step 3
2024-10-11 09:25:22,168 INFO  [    ome.security.basic.BasicEventContext] (.Server-13)  cctx:	group=0
2024-10-11 09:25:22,170 INFO  [         ome.security.basic.EventHandler] (.Server-13)  Auth:	user=0,group=0,event=null(User),sess=83be404c-1957-46d4-a36b-f9feca68dcf3
2024-10-11 09:25:22,170 INFO  [                 org.perf4j.TimingLogger] (.Server-13) start[1728638722168] time[2] tag[omero.call.success.ome.services.blitz.impl.MetadataStoreI$6.doWork]
2024-10-11 09:25:22,171 INFO  [    ome.security.basic.BasicEventContext] (.Server-15)  cctx:	group=0
2024-10-11 09:25:22,172 INFO  [         ome.security.basic.EventHandler] (.Server-15)  Auth:	user=0,group=0,event=null(User),sess=83be404c-1957-46d4-a36b-f9feca68dcf3
2024-10-11 09:25:22,173 INFO  [                 org.perf4j.TimingLogger] (.Server-15) start[1728638722171] time[2] tag[omero.call.success.ome.logic.QueryImpl.get]
2024-10-11 09:25:22,175 INFO  [    ome.security.basic.BasicEventContext] (.Server-10)  cctx:	group=0
2024-10-11 09:25:22,182 INFO  [         ome.security.basic.EventHandler] (.Server-10)  Auth:	user=0,group=0,event=28578(User),sess=83be404c-1957-46d4-a36b-f9feca68dcf3
2024-10-11 09:25:22,184 INFO  [       ome.security.basic.CurrentDetails] (.Server-10) Adding log:UPDATE,class ome.model.core.OriginalFile,3118
2024-10-11 09:25:22,189 INFO  [                 org.perf4j.TimingLogger] (.Server-10) start[1728638722174] time[15] tag[omero.call.success.ome.logic.UpdateImpl.saveObject]
2024-10-11 09:25:22,190 INFO  [                 org.perf4j.TimingLogger] (2-thread-2) start[1728638722167] time[22] tag[omero.import.request.step]
2024-10-11 09:25:22,190 DEBUG [    o.s.blitz.repo.ManagedImportRequestI] (2-thread-2) Step 4
2024-10-11 09:25:22,191 INFO  [    ome.security.basic.BasicEventContext] (l.Server-4)  cctx:	group=0
2024-10-11 09:25:22,192 INFO  [         ome.security.basic.EventHandler] (l.Server-4)  Auth:	user=0,group=0,event=null(User),sess=83be404c-1957-46d4-a36b-f9feca68dcf3
2024-10-11 09:25:22,194 INFO  [                 org.perf4j.TimingLogger] (l.Server-4) start[1728638722190] time[3] tag[omero.call.success.ome.logic.QueryImpl.get]
2024-10-11 09:25:22,195 INFO  [    ome.security.basic.BasicEventContext] (.Server-14)  cctx:	group=0
2024-10-11 09:25:22,199 INFO  [         ome.security.basic.EventHandler] (.Server-14)  Auth:	user=0,group=0,event=28579(User),sess=83be404c-1957-46d4-a36b-f9feca68dcf3
2024-10-11 09:25:22,201 INFO  [       ome.security.basic.CurrentDetails] (.Server-14) Adding log:UPDATE,class ome.model.core.OriginalFile,3118
2024-10-11 09:25:22,206 INFO  [                 org.perf4j.TimingLogger] (.Server-14) start[1728638722194] time[11] tag[omero.call.success.ome.logic.UpdateImpl.saveObject]
2024-10-11 09:25:22,206 INFO  [                 org.perf4j.TimingLogger] (2-thread-2) start[1728638722190] time[16] tag[omero.import.request.step]
2024-10-11 09:25:22,212 INFO  [    ome.security.basic.BasicEventContext] (.Server-11)  cctx:	group=0
2024-10-11 09:25:22,216 INFO  [         ome.security.basic.EventHandler] (.Server-11)  Auth:	user=0,group=0,event=28580(User),sess=83be404c-1957-46d4-a36b-f9feca68dcf3
2024-10-11 09:25:22,219 INFO  [                 org.perf4j.TimingLogger] (.Server-11) start[1728638722211] time[7] tag[omero.call.success.ome.services.RawFileBean.close]
2024-10-11 09:25:22,220 DEBUG [                omero.util.ServantHolder] (.Server-11) Removed omero.api._RawFileStoreTie@953dca2e from omero.util.ServantHolder@149b3864 as 9e5e1e24-64bd-49e8-ae1b-0d90d2e86e7comero.api.RawFileStore
2024-10-11 09:25:22,220 INFO  [                      omero.cmd.SessionI] (.Server-11) Unregistered servant:83be404c-1957-46d4-a36b-f9feca68dcf3/9e5e1e24-64bd-49e8-ae1b-0d90d2e86e7comero.api.RawFileStore(omero.api._RawFileStoreTie@953dca2e)
2024-10-11 09:25:22,221 INFO  [    ome.security.basic.BasicEventContext] (l.Server-9)  cctx:	group=0
2024-10-11 09:25:22,226 INFO  [         ome.security.basic.EventHandler] (l.Server-9)  Auth:	user=0,group=0,event=28581(User),sess=83be404c-1957-46d4-a36b-f9feca68dcf3
2024-10-11 09:25:22,229 INFO  [                 org.perf4j.TimingLogger] (l.Server-9) start[1728638722220] time[9] tag[omero.call.success.ome.services.RawPixelsBean.close]
2024-10-11 09:25:22,229 DEBUG [                omero.util.ServantHolder] (l.Server-9) Removed omero.api._RawPixelsStoreTie@8314b1ae from omero.util.ServantHolder@149b3864 as 8b219e94-ca12-41a0-80c8-5b1ea6d7e26aomero.api.RawPixelsStore
2024-10-11 09:25:22,229 INFO  [                      omero.cmd.SessionI] (l.Server-9) Unregistered servant:83be404c-1957-46d4-a36b-f9feca68dcf3/8b219e94-ca12-41a0-80c8-5b1ea6d7e26aomero.api.RawPixelsStore(omero.api._RawPixelsStoreTie@8314b1ae)
2024-10-11 09:25:22,231 INFO  [    ome.security.basic.BasicEventContext] (.Server-12)  cctx:	group=0
2024-10-11 09:25:22,232 INFO  [         ome.security.basic.EventHandler] (.Server-12)  Auth:	user=0,group=0,event=null(User),sess=83be404c-1957-46d4-a36b-f9feca68dcf3
2024-10-11 09:25:22,232 INFO  [                 org.perf4j.TimingLogger] (.Server-12) start[1728638722230] time[2] tag[omero.call.success.ome.services.ThumbnailBean.close]
2024-10-11 09:25:22,232 DEBUG [                omero.util.ServantHolder] (.Server-12) Removed omero.api._ThumbnailStoreTie@1ebf161b from omero.util.ServantHolder@149b3864 as 558792e7-dd59-4d51-b46e-8e429ae72dcbomero.api.ThumbnailStore
2024-10-11 09:25:22,232 INFO  [                      omero.cmd.SessionI] (.Server-12) Unregistered servant:83be404c-1957-46d4-a36b-f9feca68dcf3/558792e7-dd59-4d51-b46e-8e429ae72dcbomero.api.ThumbnailStore(omero.api._ThumbnailStoreTie@1ebf161b)
2024-10-11 09:25:22,232 DEBUG [                omero.util.ServantHolder] (.Server-13) Removed omero.api._MetadataStoreTie@2cf7d291 from omero.util.ServantHolder@149b3864 as 1310b7a1-4c8e-41bf-abf8-5e3da7ddb3efomero.api.MetadataStore
2024-10-11 09:25:22,233 INFO  [                      omero.cmd.SessionI] (.Server-13) Unregistered servant:83be404c-1957-46d4-a36b-f9feca68dcf3/1310b7a1-4c8e-41bf-abf8-5e3da7ddb3efomero.api.MetadataStore(omero.api._MetadataStoreTie@2cf7d291)
2024-10-11 09:25:22,233 INFO  [    o.s.blitz.repo.ManagedImportRequestI] (2-thread-2) Cleaning up import.
2024-10-11 09:25:22,238 INFO  [         ome.security.basic.EventHandler] (.Server-10)  Auth:	user=0,group=0,event=null(User),sess=83be404c-1957-46d4-a36b-f9feca68dcf3
2024-10-11 09:25:22,239 INFO  [                 org.perf4j.TimingLogger] (.Server-10) start[1728638722236] time[3] tag[omero.call.success.ome.logic.QueryImpl.get]
2024-10-11 09:25:22,247 INFO  [         ome.security.basic.EventHandler] (l.Server-9)  Auth:	user=0,group=0,event=28582(User),sess=83be404c-1957-46d4-a36b-f9feca68dcf3
2024-10-11 09:25:22,249 INFO  [       ome.security.basic.CurrentDetails] (l.Server-9) Adding log:UPDATE,class ome.model.core.OriginalFile,3118
2024-10-11 09:25:22,255 INFO  [                 org.perf4j.TimingLogger] (l.Server-9) start[1728638722243] time[11] tag[omero.call.success.ome.logic.UpdateImpl.saveObject]
