2024-10-11 09:25:03,303 INFO  [                 org.perf4j.TimingLogger] (.Server-13) start[1728638703290] time[12] tag[omero.import.process.init]
2024-10-11 09:25:03,308 INFO  [         ome.security.basic.EventHandler] (.Server-13)  Auth:	user=0,group=0,event=28110(User),sess=83be404c-1957-46d4-a36b-f9feca68dcf3
2024-10-11 09:25:03,311 INFO  [       ome.security.basic.CurrentDetails] (.Server-13) Adding log:INSERT,class ome.model.jobs.UploadJob,3098
2024-10-11 09:25:03,312 INFO  [       ome.security.basic.CurrentDetails] (.Server-13) Adding log:INSERT,class ome.model.jobs.JobOriginalFileLink,4887
2024-10-11 09:25:03,321 INFO  [       ome.security.basic.CurrentDetails] (.Server-13) Adding log:INSERT,class ome.model.jobs.MetadataImportJob,3099
2024-10-11 09:25:03,330 INFO  [       ome.security.basic.CurrentDetails] (.Server-13) Adding log:INSERT,class ome.model.jobs.PixelDataJob,3100
2024-10-11 09:25:03,339 INFO  [       ome.security.basic.CurrentDetails] (.Server-13) Adding log:INSERT,class ome.model.jobs.ThumbnailGenerationJob,3101
2024-10-11 09:25:03,349 INFO  [       ome.security.basic.CurrentDetails] (.Server-13) Adding log:INSERT,class ome.model.jobs.IndexingJob,3102
2024-10-11 09:25:03,362 INFO  [                 org.perf4j.TimingLogger] (.Server-13) start[1728638703361] time[0] tag[omero.repo.internal_register.find_repo_files]
2024-10-11 09:25:03,366 INFO  [       ome.security.basic.CurrentDetails] (.Server-13) Adding log:INSERT,class ome.model.core.OriginalFile,3077
2024-10-11 09:25:03,367 INFO  [                 org.perf4j.TimingLogger] (.Server-13) start[1728638703364] time[2] tag[omero.repo.create_original_file.save]
2024-10-11 09:25:03,367 INFO  [                 org.perf4j.TimingLogger] (.Server-13) start[1728638703367] time[0] tag[omero.repo.create_original_file.internal_mkdir]
2024-10-11 09:25:03,367 INFO  [                 org.perf4j.TimingLogger] (.Server-13) start[1728638703367] time[0] tag[omero.repo.internal_register.load]
2024-10-11 09:25:03,367 INFO  [                 org.perf4j.TimingLogger] (.Server-13) start[1728638703367] time[0] tag[omero.repo.internal_register.sort]
2024-10-11 09:25:03,367 INFO  [                 org.perf4j.TimingLogger] (.Server-13) start[1728638703361] time[5] tag[omero.repo.save_fileset.register]
2024-10-11 09:25:03,367 INFO  [                 org.perf4j.TimingLogger] (.Server-13) start[1728638703367] time[0] tag[omero.repo.save_fileset.update_fileset_entries]
2024-10-11 09:25:03,370 INFO  [       ome.security.basic.CurrentDetails] (.Server-13) Adding log:INSERT,class ome.model.fs.Fileset,213
2024-10-11 09:25:03,370 INFO  [       ome.security.basic.CurrentDetails] (.Server-13) Adding log:INSERT,class ome.model.fs.FilesetJobLink,261
2024-10-11 09:25:03,371 INFO  [       ome.security.basic.CurrentDetails] (.Server-13) Adding log:INSERT,class ome.model.fs.FilesetJobLink,262
2024-10-11 09:25:03,371 INFO  [       ome.security.basic.CurrentDetails] (.Server-13) Adding log:INSERT,class ome.model.fs.FilesetJobLink,263
2024-10-11 09:25:03,371 INFO  [       ome.security.basic.CurrentDetails] (.Server-13) Adding log:INSERT,class ome.model.fs.FilesetJobLink,264
2024-10-11 09:25:03,371 INFO  [       ome.security.basic.CurrentDetails] (.Server-13) Adding log:INSERT,class ome.model.fs.FilesetJobLink,265
2024-10-11 09:25:03,372 INFO  [       ome.security.basic.CurrentDetails] (.Server-13) Adding log:INSERT,class ome.model.fs.FilesetEntry,213
2024-10-11 09:25:03,375 INFO  [                 org.perf4j.TimingLogger] (.Server-13) start[1728638703367] time[7] tag[omero.repo.save_fileset.save]
2024-10-11 09:25:03,381 INFO  [                 org.perf4j.TimingLogger] (.Server-13) start[1728638703304] time[77] tag[omero.call.success.ome.services.blitz.repo.RepositoryDaoImpl$8.doWork]
2024-10-11 09:25:03,382 INFO  [                 org.perf4j.TimingLogger] (.Server-13) start[1728638703304] time[78] tag[omero.repo.save_fileset]
2024-10-11 09:25:03,383 INFO  [                      omero.cmd.SessionI] (.Server-13) Added servant to adapter: 83be404c-1957-46d4-a36b-f9feca68dcf3/147bfa71-a625-4a33-b9d9-77664a071d75-ManagedImportProcessI(omero.grid._ImportProcessTie@478c5c97)
2024-10-11 09:25:03,383 DEBUG [                omero.util.ServantHolder] (.Server-13) Added omero.grid._ImportProcessTie@478c5c97 to omero.util.ServantHolder@149b3864 as 147bfa71-a625-4a33-b9d9-77664a071d75-ManagedImportProcessI
2024-10-11 09:25:03,383 INFO  [                 org.perf4j.TimingLogger] (.Server-13) start[1728638703304] time[78] tag[omero.import.process.create]
2024-10-11 09:25:03,391 INFO  [         ome.security.basic.EventHandler] (.Server-11)  Auth:	user=0,group=0,event=null(User),sess=83be404c-1957-46d4-a36b-f9feca68dcf3
2024-10-11 09:25:03,396 INFO  [                 org.perf4j.TimingLogger] (.Server-11) start[1728638703388] time[7] tag[omero.call.success.ome.services.blitz.repo.RepositoryDaoImpl$2.doWork]
2024-10-11 09:25:03,399 INFO  [         ome.security.basic.EventHandler] (.Server-11)  Auth:	user=0,group=0,event=null(User),sess=83be404c-1957-46d4-a36b-f9feca68dcf3
2024-10-11 09:25:03,402 INFO  [                 org.perf4j.TimingLogger] (.Server-11) start[1728638703396] time[5] tag[omero.call.success.ome.services.blitz.repo.RepositoryDaoImpl$4.doWork]
2024-10-11 09:25:03,406 INFO  [         ome.security.basic.EventHandler] (.Server-11)  Auth:	user=0,group=0,event=null(User),sess=83be404c-1957-46d4-a36b-f9feca68dcf3
2024-10-11 09:25:03,416 INFO  [                 org.perf4j.TimingLogger] (.Server-11) start[1728638703403] time[13] tag[omero.call.success.ome.services.blitz.repo.RepositoryDaoImpl$6.doWork]
2024-10-11 09:25:03,419 INFO  [    ome.security.basic.BasicEventContext] (.Server-11)  cctx:	group=0
2024-10-11 09:25:03,422 INFO  [         ome.security.basic.EventHandler] (.Server-11)  Auth:	user=0,group=0,event=null(User),sess=83be404c-1957-46d4-a36b-f9feca68dcf3
2024-10-11 09:25:03,424 INFO  [                 org.perf4j.TimingLogger] (.Server-11) start[1728638703417] time[7] tag[omero.call.success.ome.services.blitz.repo.RepositoryDaoImpl$1.doWork]
2024-10-11 09:25:03,425 INFO  [                      omero.cmd.SessionI] (.Server-11) Added servant to adapter: 83be404c-1957-46d4-a36b-f9feca68dcf3/89174fb1-601d-49c8-8c5e-322f70e238f8-RepoRawFileStoreI(omero.api._RawFileStoreTie@6b23dbfe)
2024-10-11 09:25:03,425 DEBUG [                omero.util.ServantHolder] (.Server-11) Added omero.api._RawFileStoreTie@6b23dbfe to omero.util.ServantHolder@149b3864 as 89174fb1-601d-49c8-8c5e-322f70e238f8-RepoRawFileStoreI
2024-10-11 09:25:03,425 INFO  [                 org.perf4j.TimingLogger] (.Server-11) start[1728638703388] time[36] tag[omero.import.process.opener]
2024-10-11 09:25:03,425 INFO  [                 org.perf4j.TimingLogger] (.Server-11) start[1728638703388] time[36] tag[omero.import.process.uploader]
2024-10-11 09:25:03,429 INFO  [         ome.security.basic.EventHandler] (.Server-10)  Auth:	user=0,group=0,event=null(User),sess=83be404c-1957-46d4-a36b-f9feca68dcf3
2024-10-11 09:25:03,430 INFO  [                 org.perf4j.TimingLogger] (.Server-10) start[1728638703428] time[1] tag[omero.call.success.ome.services.RawFileBean.write]
2024-10-11 09:25:03,501 INFO  [         ome.security.basic.EventHandler] (.Server-15)  Auth:	user=0,group=0,event=null(User),sess=83be404c-1957-46d4-a36b-f9feca68dcf3
2024-10-11 09:25:03,506 INFO  [                 org.perf4j.TimingLogger] (.Server-15) start[1728638703499] time[7] tag[omero.call.success.ome.services.RawFileBean.write]
2024-10-11 09:25:03,551 INFO  [         ome.security.basic.EventHandler] (.Server-12)  Auth:	user=0,group=0,event=null(User),sess=83be404c-1957-46d4-a36b-f9feca68dcf3
2024-10-11 09:25:03,556 INFO  [                 org.perf4j.TimingLogger] (.Server-12) start[1728638703550] time[6] tag[omero.call.success.ome.services.RawFileBean.write]
2024-10-11 09:25:03,630 INFO  [         ome.security.basic.EventHandler] (.Server-13)  Auth:	user=0,group=0,event=null(User),sess=83be404c-1957-46d4-a36b-f9feca68dcf3
2024-10-11 09:25:03,638 INFO  [                 org.perf4j.TimingLogger] (.Server-13) start[1728638703628] time[10] tag[omero.call.success.ome.services.RawFileBean.write]
2024-10-11 09:25:03,721 INFO  [         ome.security.basic.EventHandler] (.Server-14)  Auth:	user=0,group=0,event=null(User),sess=83be404c-1957-46d4-a36b-f9feca68dcf3
2024-10-11 09:25:03,727 INFO  [                 org.perf4j.TimingLogger] (.Server-14) start[1728638703719] time[7] tag[omero.call.success.ome.services.RawFileBean.write]
2024-10-11 09:25:03,782 INFO  [         ome.security.basic.EventHandler] (.Server-13)  Auth:	user=0,group=0,event=null(User),sess=83be404c-1957-46d4-a36b-f9feca68dcf3
2024-10-11 09:25:03,789 INFO  [                 org.perf4j.TimingLogger] (.Server-13) start[1728638703781] time[7] tag[omero.call.success.ome.services.RawFileBean.write]
2024-10-11 09:25:03,831 INFO  [         ome.security.basic.EventHandler] (.Server-10)  Auth:	user=0,group=0,event=null(User),sess=83be404c-1957-46d4-a36b-f9feca68dcf3
2024-10-11 09:25:03,837 INFO  [                 org.perf4j.TimingLogger] (.Server-10) start[1728638703829] time[7] tag[omero.call.success.ome.services.RawFileBean.write]
2024-10-11 09:25:03,888 INFO  [         ome.security.basic.EventHandler] (.Server-10)  Auth:	user=0,group=0,event=null(User),sess=83be404c-1957-46d4-a36b-f9feca68dcf3
2024-10-11 09:25:03,892 INFO  [                 org.perf4j.TimingLogger] (.Server-10) start[1728638703887] time[5] tag[omero.call.success.ome.services.RawFileBean.write]
2024-10-11 09:25:03,902 INFO  [         ome.security.basic.EventHandler] (.Server-13)  Auth:	user=0,group=0,event=28122(User),sess=83be404c-1957-46d4-a36b-f9feca68dcf3
2024-10-11 09:25:03,923 INFO  [                 org.perf4j.TimingLogger] (.Server-13) start[1728638703902] time[20] tag[omero.services.file.flush]
2024-10-11 09:25:03,947 INFO  [                 org.perf4j.TimingLogger] (.Server-13) start[1728638703923] time[23] tag[omero.services.file.checksum]
2024-10-11 09:25:03,949 INFO  [       ome.security.basic.CurrentDetails] (.Server-13) Adding log:UPDATE,class ome.model.core.OriginalFile,3077
2024-10-11 09:25:03,949 INFO  [                 org.perf4j.TimingLogger] (.Server-13) start[1728638703947] time[2] tag[omero.services.file.finalize]
2024-10-11 09:25:03,953 INFO  [                 org.perf4j.TimingLogger] (.Server-13) start[1728638703895] time[58] tag[omero.call.success.ome.services.RawFileBean.save]
2024-10-11 09:25:03,961 INFO  [         ome.security.basic.EventHandler] (.Server-11)  Auth:	user=0,group=0,event=28125(User),sess=83be404c-1957-46d4-a36b-f9feca68dcf3
2024-10-11 09:25:03,984 INFO  [                 org.perf4j.TimingLogger] (.Server-11) start[1728638703956] time[27] tag[omero.call.success.ome.services.RawFileBean.close]
2024-10-11 09:25:03,984 DEBUG [                omero.util.ServantHolder] (.Server-11) Removed omero.api._RawFileStoreTie@6b23dbfe from omero.util.ServantHolder@149b3864 as 89174fb1-601d-49c8-8c5e-322f70e238f8-RepoRawFileStoreI
2024-10-11 09:25:03,984 INFO  [                      omero.cmd.SessionI] (.Server-11) Unregistered servant:83be404c-1957-46d4-a36b-f9feca68dcf3/89174fb1-601d-49c8-8c5e-322f70e238f8-RepoRawFileStoreI(omero.api._RawFileStoreTie@6b23dbfe)
2024-10-11 09:25:03,987 INFO  [         ome.security.basic.EventHandler] (.Server-15)  Auth:	user=0,group=0,event=null(User),sess=83be404c-1957-46d4-a36b-f9feca68dcf3
2024-10-11 09:25:03,987 INFO  [                 org.perf4j.TimingLogger] (.Server-15) start[1728638703986] time[1] tag[omero.call.success.ome.services.blitz.impl.ServiceFactoryI$3.doWork]
2024-10-11 09:25:03,993 INFO  [                 org.perf4j.TimingLogger] (.Server-15) start[1728638703987] time[5] tag[omero.import.process.checksum]
2024-10-11 09:25:03,998 INFO  [         ome.security.basic.EventHandler] (.Server-15)  Auth:	user=0,group=0,event=28126(User),sess=83be404c-1957-46d4-a36b-f9feca68dcf3
2024-10-11 09:25:04,008 INFO  [       ome.security.basic.CurrentDetails] (.Server-15) Adding log:UPDATE,class ome.model.jobs.UploadJob,3098
2024-10-11 09:25:04,014 INFO  [                 org.perf4j.TimingLogger] (.Server-15) start[1728638703994] time[20] tag[omero.call.success.ome.services.blitz.repo.RepositoryDaoImpl$12.doWork]
2024-10-11 09:25:04,016 INFO  [         ome.security.basic.EventHandler] (.Server-15)  Auth:	user=0,group=0,event=null(User),sess=83be404c-1957-46d4-a36b-f9feca68dcf3
2024-10-11 09:25:04,018 INFO  [                 org.perf4j.TimingLogger] (.Server-15) start[1728638704014] time[3] tag[omero.call.success.ome.services.blitz.repo.RepositoryDaoImpl$2.doWork]
2024-10-11 09:25:04,021 INFO  [         ome.security.basic.EventHandler] (.Server-15)  Auth:	user=0,group=0,event=null(User),sess=83be404c-1957-46d4-a36b-f9feca68dcf3
2024-10-11 09:25:04,023 INFO  [                 org.perf4j.TimingLogger] (.Server-15) start[1728638704018] time[4] tag[omero.call.success.ome.services.blitz.repo.RepositoryDaoImpl$4.doWork]
2024-10-11 09:25:04,024 INFO  [       ome.formats.importer.ImportConfig] (.Server-15) OMERO.blitz Version: 5.7.3
2024-10-11 09:25:04,024 INFO  [       ome.formats.importer.ImportConfig] (.Server-15) Bioformats version: 7.3.0 revision: acc4b6de79e55275b5e6c8200f8458f6d93c9ba0 date: 18 April 2024
2024-10-11 09:25:04,025 INFO  [                      omero.cmd.SessionI] (.Server-15) Added servant to adapter: 83be404c-1957-46d4-a36b-f9feca68dcf3/IHandleb66c5cd4-b9d7-43f2-a08a-baa53ecccccb(omero.cmd._HandleTie@57a4b731)
2024-10-11 09:25:04,025 DEBUG [                omero.util.ServantHolder] (.Server-15) Added omero.cmd._HandleTie@57a4b731 to omero.util.ServantHolder@149b3864 as IHandleb66c5cd4-b9d7-43f2-a08a-baa53ecccccb
2024-10-11 09:25:04,026 INFO  [                 org.perf4j.TimingLogger] (.Server-15) start[1728638704025] time[0] tag[omero.background.submit]
2024-10-11 09:25:04,026 INFO  [                 org.perf4j.TimingLogger] (.Server-15) start[1728638703993] time[32] tag[omero.import.process.submit]
2024-10-11 09:25:04,027 DEBUG [                omero.util.ServantHolder] (.Server-12) Removed omero.grid._ImportProcessTie@478c5c97 from omero.util.ServantHolder@149b3864 as 147bfa71-a625-4a33-b9d9-77664a071d75-ManagedImportProcessI
2024-10-11 09:25:04,027 INFO  [                      omero.cmd.SessionI] (.Server-12) Unregistered servant:83be404c-1957-46d4-a36b-f9feca68dcf3/147bfa71-a625-4a33-b9d9-77664a071d75-ManagedImportProcessI(omero.grid._ImportProcessTie@478c5c97)
2024-10-11 09:25:04,035 INFO  [    ome.formats.OMEROMetadataStoreClient] (2-thread-5) Call context: {omero.group:0}
2024-10-11 09:25:04,035 INFO  [    ome.formats.OMEROMetadataStoreClient] (2-thread-5) Call context: {omero.logfilename:root_0/2024-10/11/09-25-03.190.log}
2024-10-11 09:25:04,041 INFO  [    ome.security.basic.BasicEventContext] (l.Server-4)  cctx:	group=0
2024-10-11 09:25:04,042 INFO  [         ome.security.basic.EventHandler] (l.Server-4)  Auth:	user=0,group=0,event=null(User),sess=83be404c-1957-46d4-a36b-f9feca68dcf3
2024-10-11 09:25:04,046 INFO  [                 org.perf4j.TimingLogger] (l.Server-4) start[1728638704040] time[5] tag[omero.call.success.ome.logic.AdminImpl.getEventContext]
2024-10-11 09:25:04,078 INFO  [    ome.formats.OMEROMetadataStoreClient] (2-thread-5) Pinging session every 300s.
2024-10-11 09:25:04,100 INFO  [                loci.formats.ImageReader] (2-thread-5) IonpathMIBITiffReader initializing /OMERO/ManagedRepository/root_0/2024-10/11/09-25-03.190/TA459_multipleCores2_Run-4_Point16.tiff
2024-10-11 09:25:04,100 INFO  [       loci.formats.in.MinimalTiffReader] (2-thread-5) Reading IFDs
2024-10-11 09:25:04,102 INFO  [       loci.formats.in.MinimalTiffReader] (2-thread-5) Populating metadata
2024-10-11 09:25:04,105 INFO  [          loci.formats.in.BaseTiffReader] (2-thread-5) Populating OME metadata
2024-10-11 09:25:04,109 INFO  [    ome.security.basic.BasicEventContext] (.Server-14)  cctx:	group=0
2024-10-11 09:25:04,110 INFO  [         ome.security.basic.EventHandler] (.Server-14)  Auth:	user=0,group=0,event=null(User),sess=83be404c-1957-46d4-a36b-f9feca68dcf3
2024-10-11 09:25:04,112 INFO  [                 org.perf4j.TimingLogger] (.Server-14) start[1728638704109] time[3] tag[omero.call.success.ome.logic.QueryImpl.findAll]
2024-10-11 09:25:04,115 INFO  [    ome.security.basic.BasicEventContext] (.Server-12)  cctx:	group=0
2024-10-11 09:25:04,117 INFO  [         ome.security.basic.EventHandler] (.Server-12)  Auth:	user=0,group=0,event=null(User),sess=83be404c-1957-46d4-a36b-f9feca68dcf3
2024-10-11 09:25:04,117 INFO  [                 org.perf4j.TimingLogger] (.Server-12) start[1728638704115] time[2] tag[omero.call.success.ome.logic.QueryImpl.findAll]
2024-10-11 09:25:04,119 INFO  [    ome.security.basic.BasicEventContext] (.Server-13)  cctx:	group=0
2024-10-11 09:25:04,120 INFO  [         ome.security.basic.EventHandler] (.Server-13)  Auth:	user=0,group=0,event=null(User),sess=83be404c-1957-46d4-a36b-f9feca68dcf3
2024-10-11 09:25:04,120 INFO  [                 org.perf4j.TimingLogger] (.Server-13) start[1728638704118] time[2] tag[omero.call.success.ome.logic.QueryImpl.findAll]
2024-10-11 09:25:04,129 INFO  [    ome.security.basic.BasicEventContext] (.Server-11)  cctx:	group=0
2024-10-11 09:25:04,131 INFO  [         ome.security.basic.EventHandler] (.Server-11)  Auth:	user=0,group=0,event=null(User),sess=83be404c-1957-46d4-a36b-f9feca68dcf3
2024-10-11 09:25:04,132 INFO  [                 org.perf4j.TimingLogger] (.Server-11) start[1728638704121] time[10] tag[omero.call.success.ome.logic.QueryImpl.findAll]
2024-10-11 09:25:04,157 DEBUG [                   loci.formats.Memoizer] (2-thread-5) saved to temp file: /OMERO/BioFormatsCache/OMERO/ManagedRepository/root_0/2024-10/11/09-25-03.190/.TA459_multipleCores2_Run-4_Point16.tiff.bfmemo3924836660538036905
2024-10-11 09:25:04,157 DEBUG [                   loci.formats.Memoizer] (2-thread-5) start[1728638704146] time[10] tag[loci.formats.Memoizer.saveMemo]
2024-10-11 09:25:04,157 DEBUG [                   loci.formats.Memoizer] (2-thread-5) saved memo file: /OMERO/BioFormatsCache/OMERO/ManagedRepository/root_0/2024-10/11/09-25-03.190/.TA459_multipleCores2_Run-4_Point16.tiff.bfmemo (50741 bytes)
2024-10-11 09:25:04,157 DEBUG [                   loci.formats.Memoizer] (2-thread-5) start[1728638704078] time[79] tag[loci.formats.Memoizer.setId]
2024-10-11 09:25:04,157 DEBUG [    o.s.blitz.repo.ManagedImportRequestI] (2-thread-5) Image Count: 44
2024-10-11 09:25:04,157 INFO  [    o.s.blitz.repo.ManagedImportRequestI] (2-thread-5) File format: Ionpath MIBI
2024-10-11 09:25:04,157 INFO  [    o.s.blitz.repo.ManagedImportRequestI] (2-thread-5) Base reader: loci.formats.in.IonpathMIBITiffReader
2024-10-11 09:25:04,157 INFO  [                 org.perf4j.TimingLogger] (2-thread-5) start[1728638704033] time[123] tag[omero.import.request.init]
2024-10-11 09:25:04,157 DEBUG [    o.s.blitz.repo.ManagedImportRequestI] (2-thread-5) Step 0
2024-10-11 09:25:04,158 WARN  [    ome.formats.model.ReferenceProcessor] (2-thread-5) Unknown target class for LSID: Image:SIMS
2024-10-11 09:25:04,158 INFO  [    ome.formats.OMEROMetadataStoreClient] (2-thread-5) Handling # of containers: 91
2024-10-11 09:25:04,161 INFO  [    ome.security.basic.BasicEventContext] (l.Server-4)  cctx:	group=0
2024-10-11 09:25:04,162 INFO  [         ome.security.basic.EventHandler] (l.Server-4)  Auth:	user=0,group=0,event=null(User),sess=83be404c-1957-46d4-a36b-f9feca68dcf3
2024-10-11 09:25:04,162 INFO  [                 org.perf4j.TimingLogger] (l.Server-4) start[1728638704160] time[2] tag[omero.call.success.ome.services.blitz.impl.MetadataStoreI$4.doWork]
2024-10-11 09:25:04,163 INFO  [    ome.formats.OMEROMetadataStoreClient] (2-thread-5) Handling # of references: 1
2024-10-11 09:25:04,163 INFO  [    ome.security.basic.BasicEventContext] (.Server-15)  cctx:	group=0
2024-10-11 09:25:04,164 INFO  [         ome.security.basic.EventHandler] (.Server-15)  Auth:	user=0,group=0,event=null(User),sess=83be404c-1957-46d4-a36b-f9feca68dcf3
2024-10-11 09:25:04,164 INFO  [                 org.perf4j.TimingLogger] (.Server-15) start[1728638704163] time[1] tag[omero.call.success.ome.services.blitz.impl.MetadataStoreI$5.doWork]
2024-10-11 09:25:04,167 INFO  [    ome.security.basic.BasicEventContext] (.Server-14)  cctx:	group=0
2024-10-11 09:25:04,171 INFO  [         ome.security.basic.EventHandler] (.Server-14)  Auth:	user=0,group=0,event=28129(User),sess=83be404c-1957-46d4-a36b-f9feca68dcf3
2024-10-11 09:25:04,188 INFO  [       ome.security.basic.CurrentDetails] (.Server-14) Adding log:INSERT,class ome.model.core.Image,213
2024-10-11 09:25:04,189 INFO  [       ome.security.basic.CurrentDetails] (.Server-14) Adding log:INSERT,class ome.model.containers.DatasetImageLink,213
2024-10-11 09:25:04,189 INFO  [       ome.security.basic.CurrentDetails] (.Server-14) Adding log:INSERT,class ome.model.core.Pixels,213
2024-10-11 09:25:04,190 INFO  [       ome.security.basic.CurrentDetails] (.Server-14) Adding log:INSERT,class ome.model.core.LogicalChannel,1079
2024-10-11 09:25:04,191 INFO  [       ome.security.basic.CurrentDetails] (.Server-14) Adding log:INSERT,class ome.model.core.Channel,1079
2024-10-11 09:25:04,191 INFO  [       ome.security.basic.CurrentDetails] (.Server-14) Adding log:INSERT,class ome.model.core.LogicalChannel,1080
2024-10-11 09:25:04,191 INFO  [       ome.security.basic.CurrentDetails] (.Server-14) Adding log:INSERT,class ome.model.core.Channel,1080
2024-10-11 09:25:04,192 INFO  [       ome.security.basic.CurrentDetails] (.Server-14) Adding log:INSERT,class ome.model.core.LogicalChannel,1081
2024-10-11 09:25:04,192 INFO  [       ome.security.basic.CurrentDetails] (.Server-14) Adding log:INSERT,class ome.model.core.Channel,1081
2024-10-11 09:25:04,193 INFO  [       ome.security.basic.CurrentDetails] (.Server-14) Adding log:INSERT,class ome.model.core.LogicalChannel,1082
2024-10-11 09:25:04,193 INFO  [       ome.security.basic.CurrentDetails] (.Server-14) Adding log:INSERT,class ome.model.core.Channel,1082
2024-10-11 09:25:04,194 INFO  [       ome.security.basic.CurrentDetails] (.Server-14) Adding log:INSERT,class ome.model.core.LogicalChannel,1083
2024-10-11 09:25:04,194 INFO  [       ome.security.basic.CurrentDetails] (.Server-14) Adding log:INSERT,class ome.model.core.Channel,1083
2024-10-11 09:25:04,195 INFO  [       ome.security.basic.CurrentDetails] (.Server-14) Adding log:INSERT,class ome.model.core.LogicalChannel,1084
2024-10-11 09:25:04,195 INFO  [       ome.security.basic.CurrentDetails] (.Server-14) Adding log:INSERT,class ome.model.core.Channel,1084
2024-10-11 09:25:04,195 INFO  [       ome.security.basic.CurrentDetails] (.Server-14) Adding log:INSERT,class ome.model.core.LogicalChannel,1085
2024-10-11 09:25:04,196 INFO  [       ome.security.basic.CurrentDetails] (.Server-14) Adding log:INSERT,class ome.model.core.Channel,1085
2024-10-11 09:25:04,196 INFO  [       ome.security.basic.CurrentDetails] (.Server-14) Adding log:INSERT,class ome.model.core.LogicalChannel,1086
2024-10-11 09:25:04,196 INFO  [       ome.security.basic.CurrentDetails] (.Server-14) Adding log:INSERT,class ome.model.core.Channel,1086
2024-10-11 09:25:04,197 INFO  [       ome.security.basic.CurrentDetails] (.Server-14) Adding log:INSERT,class ome.model.core.LogicalChannel,1087
2024-10-11 09:25:04,197 INFO  [       ome.security.basic.CurrentDetails] (.Server-14) Adding log:INSERT,class ome.model.core.Channel,1087
2024-10-11 09:25:04,197 INFO  [       ome.security.basic.CurrentDetails] (.Server-14) Adding log:INSERT,class ome.model.core.LogicalChannel,1088
2024-10-11 09:25:04,198 INFO  [       ome.security.basic.CurrentDetails] (.Server-14) Adding log:INSERT,class ome.model.core.Channel,1088
2024-10-11 09:25:04,198 INFO  [       ome.security.basic.CurrentDetails] (.Server-14) Adding log:INSERT,class ome.model.core.LogicalChannel,1089
2024-10-11 09:25:04,198 INFO  [       ome.security.basic.CurrentDetails] (.Server-14) Adding log:INSERT,class ome.model.core.Channel,1089
2024-10-11 09:25:04,199 INFO  [       ome.security.basic.CurrentDetails] (.Server-14) Adding log:INSERT,class ome.model.core.LogicalChannel,1090
2024-10-11 09:25:04,200 INFO  [       ome.security.basic.CurrentDetails] (.Server-14) Adding log:INSERT,class ome.model.core.Channel,1090
2024-10-11 09:25:04,200 INFO  [       ome.security.basic.CurrentDetails] (.Server-14) Adding log:INSERT,class ome.model.core.LogicalChannel,1091
2024-10-11 09:25:04,200 INFO  [       ome.security.basic.CurrentDetails] (.Server-14) Adding log:INSERT,class ome.model.core.Channel,1091
2024-10-11 09:25:04,201 INFO  [       ome.security.basic.CurrentDetails] (.Server-14) Adding log:INSERT,class ome.model.core.LogicalChannel,1092
2024-10-11 09:25:04,201 INFO  [       ome.security.basic.CurrentDetails] (.Server-14) Adding log:INSERT,class ome.model.core.Channel,1092
2024-10-11 09:25:04,202 INFO  [       ome.security.basic.CurrentDetails] (.Server-14) Adding log:INSERT,class ome.model.core.LogicalChannel,1093
2024-10-11 09:25:04,202 INFO  [       ome.security.basic.CurrentDetails] (.Server-14) Adding log:INSERT,class ome.model.core.Channel,1093
2024-10-11 09:25:04,203 INFO  [       ome.security.basic.CurrentDetails] (.Server-14) Adding log:INSERT,class ome.model.core.LogicalChannel,1094
2024-10-11 09:25:04,204 INFO  [       ome.security.basic.CurrentDetails] (.Server-14) Adding log:INSERT,class ome.model.core.Channel,1094
2024-10-11 09:25:04,205 INFO  [       ome.security.basic.CurrentDetails] (.Server-14) Adding log:INSERT,class ome.model.core.LogicalChannel,1095
2024-10-11 09:25:04,206 INFO  [       ome.security.basic.CurrentDetails] (.Server-14) Adding log:INSERT,class ome.model.core.Channel,1095
2024-10-11 09:25:04,207 INFO  [       ome.security.basic.CurrentDetails] (.Server-14) Adding log:INSERT,class ome.model.core.LogicalChannel,1096
2024-10-11 09:25:04,208 INFO  [       ome.security.basic.CurrentDetails] (.Server-14) Adding log:INSERT,class ome.model.core.Channel,1096
2024-10-11 09:25:04,208 INFO  [       ome.security.basic.CurrentDetails] (.Server-14) Adding log:INSERT,class ome.model.core.LogicalChannel,1097
2024-10-11 09:25:04,209 INFO  [       ome.security.basic.CurrentDetails] (.Server-14) Adding log:INSERT,class ome.model.core.Channel,1097
2024-10-11 09:25:04,210 INFO  [       ome.security.basic.CurrentDetails] (.Server-14) Adding log:INSERT,class ome.model.core.LogicalChannel,1098
2024-10-11 09:25:04,211 INFO  [       ome.security.basic.CurrentDetails] (.Server-14) Adding log:INSERT,class ome.model.core.Channel,1098
2024-10-11 09:25:04,211 INFO  [       ome.security.basic.CurrentDetails] (.Server-14) Adding log:INSERT,class ome.model.core.LogicalChannel,1099
2024-10-11 09:25:04,211 INFO  [       ome.security.basic.CurrentDetails] (.Server-14) Adding log:INSERT,class ome.model.core.Channel,1099
2024-10-11 09:25:04,211 INFO  [       ome.security.basic.CurrentDetails] (.Server-14) Adding log:INSERT,class ome.model.core.LogicalChannel,1100
2024-10-11 09:25:04,212 INFO  [       ome.security.basic.CurrentDetails] (.Server-14) Adding log:INSERT,class ome.model.core.Channel,1100
2024-10-11 09:25:04,212 INFO  [       ome.security.basic.CurrentDetails] (.Server-14) Adding log:INSERT,class ome.model.core.LogicalChannel,1101
2024-10-11 09:25:04,212 INFO  [       ome.security.basic.CurrentDetails] (.Server-14) Adding log:INSERT,class ome.model.core.Channel,1101
2024-10-11 09:25:04,212 INFO  [       ome.security.basic.CurrentDetails] (.Server-14) Adding log:INSERT,class ome.model.core.LogicalChannel,1102
2024-10-11 09:25:04,212 INFO  [       ome.security.basic.CurrentDetails] (.Server-14) Adding log:INSERT,class ome.model.core.Channel,1102
2024-10-11 09:25:04,213 INFO  [       ome.security.basic.CurrentDetails] (.Server-14) Adding log:INSERT,class ome.model.core.LogicalChannel,1103
2024-10-11 09:25:04,213 INFO  [       ome.security.basic.CurrentDetails] (.Server-14) Adding log:INSERT,class ome.model.core.Channel,1103
2024-10-11 09:25:04,213 INFO  [       ome.security.basic.CurrentDetails] (.Server-14) Adding log:INSERT,class ome.model.core.LogicalChannel,1104
2024-10-11 09:25:04,213 INFO  [       ome.security.basic.CurrentDetails] (.Server-14) Adding log:INSERT,class ome.model.core.Channel,1104
2024-10-11 09:25:04,214 INFO  [       ome.security.basic.CurrentDetails] (.Server-14) Adding log:INSERT,class ome.model.core.LogicalChannel,1105
2024-10-11 09:25:04,214 INFO  [       ome.security.basic.CurrentDetails] (.Server-14) Adding log:INSERT,class ome.model.core.Channel,1105
2024-10-11 09:25:04,214 INFO  [       ome.security.basic.CurrentDetails] (.Server-14) Adding log:INSERT,class ome.model.core.LogicalChannel,1106
2024-10-11 09:25:04,215 INFO  [       ome.security.basic.CurrentDetails] (.Server-14) Adding log:INSERT,class ome.model.core.Channel,1106
2024-10-11 09:25:04,215 INFO  [       ome.security.basic.CurrentDetails] (.Server-14) Adding log:INSERT,class ome.model.core.LogicalChannel,1107
2024-10-11 09:25:04,215 INFO  [       ome.security.basic.CurrentDetails] (.Server-14) Adding log:INSERT,class ome.model.core.Channel,1107
2024-10-11 09:25:04,215 INFO  [       ome.security.basic.CurrentDetails] (.Server-14) Adding log:INSERT,class ome.model.core.LogicalChannel,1108
2024-10-11 09:25:04,216 INFO  [       ome.security.basic.CurrentDetails] (.Server-14) Adding log:INSERT,class ome.model.core.Channel,1108
2024-10-11 09:25:04,216 INFO  [       ome.security.basic.CurrentDetails] (.Server-14) Adding log:INSERT,class ome.model.core.LogicalChannel,1109
2024-10-11 09:25:04,216 INFO  [       ome.security.basic.CurrentDetails] (.Server-14) Adding log:INSERT,class ome.model.core.Channel,1109
2024-10-11 09:25:04,216 INFO  [       ome.security.basic.CurrentDetails] (.Server-14) Adding log:INSERT,class ome.model.core.LogicalChannel,1110
2024-10-11 09:25:04,216 INFO  [       ome.security.basic.CurrentDetails] (.Server-14) Adding log:INSERT,class ome.model.core.Channel,1110
2024-10-11 09:25:04,217 INFO  [       ome.security.basic.CurrentDetails] (.Server-14) Adding log:INSERT,class ome.model.core.LogicalChannel,1111
2024-10-11 09:25:04,217 INFO  [       ome.security.basic.CurrentDetails] (.Server-14) Adding log:INSERT,class ome.model.core.Channel,1111
2024-10-11 09:25:04,217 INFO  [       ome.security.basic.CurrentDetails] (.Server-14) Adding log:INSERT,class ome.model.core.LogicalChannel,1112
2024-10-11 09:25:04,217 INFO  [       ome.security.basic.CurrentDetails] (.Server-14) Adding log:INSERT,class ome.model.core.Channel,1112
2024-10-11 09:25:04,218 INFO  [       ome.security.basic.CurrentDetails] (.Server-14) Adding log:INSERT,class ome.model.core.LogicalChannel,1113
2024-10-11 09:25:04,218 INFO  [       ome.security.basic.CurrentDetails] (.Server-14) Adding log:INSERT,class ome.model.core.Channel,1113
2024-10-11 09:25:04,218 INFO  [       ome.security.basic.CurrentDetails] (.Server-14) Adding log:INSERT,class ome.model.core.LogicalChannel,1114
2024-10-11 09:25:04,219 INFO  [       ome.security.basic.CurrentDetails] (.Server-14) Adding log:INSERT,class ome.model.core.Channel,1114
2024-10-11 09:25:04,219 INFO  [       ome.security.basic.CurrentDetails] (.Server-14) Adding log:INSERT,class ome.model.core.LogicalChannel,1115
2024-10-11 09:25:04,219 INFO  [       ome.security.basic.CurrentDetails] (.Server-14) Adding log:INSERT,class ome.model.core.Channel,1115
2024-10-11 09:25:04,220 INFO  [       ome.security.basic.CurrentDetails] (.Server-14) Adding log:INSERT,class ome.model.core.LogicalChannel,1116
2024-10-11 09:25:04,220 INFO  [       ome.security.basic.CurrentDetails] (.Server-14) Adding log:INSERT,class ome.model.core.Channel,1116
2024-10-11 09:25:04,220 INFO  [       ome.security.basic.CurrentDetails] (.Server-14) Adding log:INSERT,class ome.model.core.LogicalChannel,1117
2024-10-11 09:25:04,221 INFO  [       ome.security.basic.CurrentDetails] (.Server-14) Adding log:INSERT,class ome.model.core.Channel,1117
2024-10-11 09:25:04,221 INFO  [       ome.security.basic.CurrentDetails] (.Server-14) Adding log:INSERT,class ome.model.core.LogicalChannel,1118
2024-10-11 09:25:04,221 INFO  [       ome.security.basic.CurrentDetails] (.Server-14) Adding log:INSERT,class ome.model.core.Channel,1118
2024-10-11 09:25:04,221 INFO  [       ome.security.basic.CurrentDetails] (.Server-14) Adding log:INSERT,class ome.model.core.LogicalChannel,1119
2024-10-11 09:25:04,222 INFO  [       ome.security.basic.CurrentDetails] (.Server-14) Adding log:INSERT,class ome.model.core.Channel,1119
2024-10-11 09:25:04,222 INFO  [       ome.security.basic.CurrentDetails] (.Server-14) Adding log:INSERT,class ome.model.core.LogicalChannel,1120
2024-10-11 09:25:04,222 INFO  [       ome.security.basic.CurrentDetails] (.Server-14) Adding log:INSERT,class ome.model.core.Channel,1120
2024-10-11 09:25:04,222 INFO  [       ome.security.basic.CurrentDetails] (.Server-14) Adding log:INSERT,class ome.model.core.LogicalChannel,1121
2024-10-11 09:25:04,222 INFO  [       ome.security.basic.CurrentDetails] (.Server-14) Adding log:INSERT,class ome.model.core.Channel,1121
2024-10-11 09:25:04,223 INFO  [       ome.security.basic.CurrentDetails] (.Server-14) Adding log:INSERT,class ome.model.core.LogicalChannel,1122
2024-10-11 09:25:04,223 INFO  [       ome.security.basic.CurrentDetails] (.Server-14) Adding log:INSERT,class ome.model.core.Channel,1122
2024-10-11 09:25:04,233 INFO  [                 org.perf4j.TimingLogger] (.Server-14) start[1728638704171] time[61] tag[omero.saveImportGraph]
2024-10-11 09:25:04,446 INFO  [                 org.perf4j.TimingLogger] (.Server-14) start[1728638704166] time[279] tag[omero.call.success.ome.services.blitz.impl.MetadataStoreI$3.doWork]
2024-10-11 09:25:04,451 INFO  [                 org.perf4j.TimingLogger] (2-thread-5) start[1728638704157] time[293] tag[omero.import.request.metadata]
2024-10-11 09:25:04,452 INFO  [    ome.security.basic.BasicEventContext] (.Server-13)  cctx:	group=0
2024-10-11 09:25:04,454 INFO  [         ome.security.basic.EventHandler] (.Server-13)  Auth:	user=0,group=0,event=null(User),sess=83be404c-1957-46d4-a36b-f9feca68dcf3
2024-10-11 09:25:04,455 INFO  [                 org.perf4j.TimingLogger] (.Server-13) start[1728638704452] time[3] tag[omero.call.success.ome.logic.QueryImpl.get]
2024-10-11 09:25:04,457 INFO  [    ome.security.basic.BasicEventContext] (.Server-11)  cctx:	group=0
2024-10-11 09:25:04,461 INFO  [         ome.security.basic.EventHandler] (.Server-11)  Auth:	user=0,group=0,event=28132(User),sess=83be404c-1957-46d4-a36b-f9feca68dcf3
2024-10-11 09:25:04,475 INFO  [       ome.security.basic.CurrentDetails] (.Server-11) Adding log:UPDATE,class ome.model.core.OriginalFile,3076
2024-10-11 09:25:04,480 INFO  [                 org.perf4j.TimingLogger] (.Server-11) start[1728638704456] time[23] tag[omero.call.success.ome.logic.UpdateImpl.saveObject]
2024-10-11 09:25:04,480 INFO  [                 org.perf4j.TimingLogger] (2-thread-5) start[1728638704157] time[322] tag[omero.import.request.step]
2024-10-11 09:25:04,480 DEBUG [    o.s.blitz.repo.ManagedImportRequestI] (2-thread-5) Step 1
2024-10-11 09:25:04,480 DEBUG [    o.s.blitz.repo.ManagedImportRequestI] (2-thread-5) Plane:0 X:0 Y:0 TileWidth:2048 TileHeight:2048 arrayBuf.length:8388608
2024-10-11 09:25:04,563 DEBUG [    o.s.blitz.repo.ManagedImportRequestI] (2-thread-5) Plane:1 X:0 Y:0 TileWidth:2048 TileHeight:2048 arrayBuf.length:8388608
2024-10-11 09:25:04,606 DEBUG [    o.s.blitz.repo.ManagedImportRequestI] (2-thread-5) Plane:2 X:0 Y:0 TileWidth:2048 TileHeight:2048 arrayBuf.length:8388608
2024-10-11 09:25:04,657 DEBUG [    o.s.blitz.repo.ManagedImportRequestI] (2-thread-5) Plane:3 X:0 Y:0 TileWidth:2048 TileHeight:2048 arrayBuf.length:8388608
2024-10-11 09:25:04,767 DEBUG [    o.s.blitz.repo.ManagedImportRequestI] (2-thread-5) Plane:4 X:0 Y:0 TileWidth:2048 TileHeight:2048 arrayBuf.length:8388608
2024-10-11 09:25:04,839 DEBUG [    o.s.blitz.repo.ManagedImportRequestI] (2-thread-5) Plane:5 X:0 Y:0 TileWidth:2048 TileHeight:2048 arrayBuf.length:8388608
2024-10-11 09:25:04,898 DEBUG [    o.s.blitz.repo.ManagedImportRequestI] (2-thread-5) Plane:6 X:0 Y:0 TileWidth:2048 TileHeight:2048 arrayBuf.length:8388608
2024-10-11 09:25:04,967 DEBUG [    o.s.blitz.repo.ManagedImportRequestI] (2-thread-5) Plane:7 X:0 Y:0 TileWidth:2048 TileHeight:2048 arrayBuf.length:8388608
2024-10-11 09:25:05,046 DEBUG [    o.s.blitz.repo.ManagedImportRequestI] (2-thread-5) Plane:8 X:0 Y:0 TileWidth:2048 TileHeight:2048 arrayBuf.length:8388608
2024-10-11 09:25:05,103 DEBUG [    o.s.blitz.repo.ManagedImportRequestI] (2-thread-5) Plane:9 X:0 Y:0 TileWidth:2048 TileHeight:2048 arrayBuf.length:8388608
2024-10-11 09:25:05,160 DEBUG [    o.s.blitz.repo.ManagedImportRequestI] (2-thread-5) Plane:10 X:0 Y:0 TileWidth:2048 TileHeight:2048 arrayBuf.length:8388608
2024-10-11 09:25:05,290 DEBUG [    o.s.blitz.repo.ManagedImportRequestI] (2-thread-5) Plane:11 X:0 Y:0 TileWidth:2048 TileHeight:2048 arrayBuf.length:8388608
2024-10-11 09:25:05,360 DEBUG [    o.s.blitz.repo.ManagedImportRequestI] (2-thread-5) Plane:12 X:0 Y:0 TileWidth:2048 TileHeight:2048 arrayBuf.length:8388608
2024-10-11 09:25:05,427 DEBUG [    o.s.blitz.repo.ManagedImportRequestI] (2-thread-5) Plane:13 X:0 Y:0 TileWidth:2048 TileHeight:2048 arrayBuf.length:8388608
2024-10-11 09:25:05,509 DEBUG [    o.s.blitz.repo.ManagedImportRequestI] (2-thread-5) Plane:14 X:0 Y:0 TileWidth:2048 TileHeight:2048 arrayBuf.length:8388608
2024-10-11 09:25:05,601 DEBUG [    o.s.blitz.repo.ManagedImportRequestI] (2-thread-5) Plane:15 X:0 Y:0 TileWidth:2048 TileHeight:2048 arrayBuf.length:8388608
2024-10-11 09:25:05,671 DEBUG [    o.s.blitz.repo.ManagedImportRequestI] (2-thread-5) Plane:16 X:0 Y:0 TileWidth:2048 TileHeight:2048 arrayBuf.length:8388608
2024-10-11 09:25:05,734 DEBUG [    o.s.blitz.repo.ManagedImportRequestI] (2-thread-5) Plane:17 X:0 Y:0 TileWidth:2048 TileHeight:2048 arrayBuf.length:8388608
2024-10-11 09:25:05,807 DEBUG [    o.s.blitz.repo.ManagedImportRequestI] (2-thread-5) Plane:18 X:0 Y:0 TileWidth:2048 TileHeight:2048 arrayBuf.length:8388608
2024-10-11 09:25:05,890 DEBUG [    o.s.blitz.repo.ManagedImportRequestI] (2-thread-5) Plane:19 X:0 Y:0 TileWidth:2048 TileHeight:2048 arrayBuf.length:8388608
2024-10-11 09:25:05,960 DEBUG [    o.s.blitz.repo.ManagedImportRequestI] (2-thread-5) Plane:20 X:0 Y:0 TileWidth:2048 TileHeight:2048 arrayBuf.length:8388608
2024-10-11 09:25:06,016 DEBUG [    o.s.blitz.repo.ManagedImportRequestI] (2-thread-5) Plane:21 X:0 Y:0 TileWidth:2048 TileHeight:2048 arrayBuf.length:8388608
2024-10-11 09:25:06,109 DEBUG [    o.s.blitz.repo.ManagedImportRequestI] (2-thread-5) Plane:22 X:0 Y:0 TileWidth:2048 TileHeight:2048 arrayBuf.length:8388608
2024-10-11 09:25:06,169 DEBUG [    o.s.blitz.repo.ManagedImportRequestI] (2-thread-5) Plane:23 X:0 Y:0 TileWidth:2048 TileHeight:2048 arrayBuf.length:8388608
2024-10-11 09:25:06,281 DEBUG [    o.s.blitz.repo.ManagedImportRequestI] (2-thread-5) Plane:24 X:0 Y:0 TileWidth:2048 TileHeight:2048 arrayBuf.length:8388608
2024-10-11 09:25:06,350 DEBUG [    o.s.blitz.repo.ManagedImportRequestI] (2-thread-5) Plane:25 X:0 Y:0 TileWidth:2048 TileHeight:2048 arrayBuf.length:8388608
2024-10-11 09:25:06,418 DEBUG [    o.s.blitz.repo.ManagedImportRequestI] (2-thread-5) Plane:26 X:0 Y:0 TileWidth:2048 TileHeight:2048 arrayBuf.length:8388608
2024-10-11 09:25:06,517 DEBUG [    o.s.blitz.repo.ManagedImportRequestI] (2-thread-5) Plane:27 X:0 Y:0 TileWidth:2048 TileHeight:2048 arrayBuf.length:8388608
2024-10-11 09:25:06,573 DEBUG [    o.s.blitz.repo.ManagedImportRequestI] (2-thread-5) Plane:28 X:0 Y:0 TileWidth:2048 TileHeight:2048 arrayBuf.length:8388608
2024-10-11 09:25:06,631 DEBUG [    o.s.blitz.repo.ManagedImportRequestI] (2-thread-5) Plane:29 X:0 Y:0 TileWidth:2048 TileHeight:2048 arrayBuf.length:8388608
2024-10-11 09:25:06,700 DEBUG [    o.s.blitz.repo.ManagedImportRequestI] (2-thread-5) Plane:30 X:0 Y:0 TileWidth:2048 TileHeight:2048 arrayBuf.length:8388608
2024-10-11 09:25:06,777 DEBUG [    o.s.blitz.repo.ManagedImportRequestI] (2-thread-5) Plane:31 X:0 Y:0 TileWidth:2048 TileHeight:2048 arrayBuf.length:8388608
2024-10-11 09:25:06,833 DEBUG [    o.s.blitz.repo.ManagedImportRequestI] (2-thread-5) Plane:32 X:0 Y:0 TileWidth:2048 TileHeight:2048 arrayBuf.length:8388608
2024-10-11 09:25:06,889 DEBUG [    o.s.blitz.repo.ManagedImportRequestI] (2-thread-5) Plane:33 X:0 Y:0 TileWidth:2048 TileHeight:2048 arrayBuf.length:8388608
2024-10-11 09:25:06,996 DEBUG [    o.s.blitz.repo.ManagedImportRequestI] (2-thread-5) Plane:34 X:0 Y:0 TileWidth:2048 TileHeight:2048 arrayBuf.length:8388608
2024-10-11 09:25:07,063 DEBUG [    o.s.blitz.repo.ManagedImportRequestI] (2-thread-5) Plane:35 X:0 Y:0 TileWidth:2048 TileHeight:2048 arrayBuf.length:8388608
2024-10-11 09:25:07,159 DEBUG [    o.s.blitz.repo.ManagedImportRequestI] (2-thread-5) Plane:36 X:0 Y:0 TileWidth:2048 TileHeight:2048 arrayBuf.length:8388608
2024-10-11 09:25:07,224 DEBUG [    o.s.blitz.repo.ManagedImportRequestI] (2-thread-5) Plane:37 X:0 Y:0 TileWidth:2048 TileHeight:2048 arrayBuf.length:8388608
2024-10-11 09:25:07,277 DEBUG [    o.s.blitz.repo.ManagedImportRequestI] (2-thread-5) Plane:38 X:0 Y:0 TileWidth:2048 TileHeight:2048 arrayBuf.length:8388608
2024-10-11 09:25:07,364 DEBUG [    o.s.blitz.repo.ManagedImportRequestI] (2-thread-5) Plane:39 X:0 Y:0 TileWidth:2048 TileHeight:2048 arrayBuf.length:8388608
2024-10-11 09:25:07,439 DEBUG [    o.s.blitz.repo.ManagedImportRequestI] (2-thread-5) Plane:40 X:0 Y:0 TileWidth:2048 TileHeight:2048 arrayBuf.length:8388608
2024-10-11 09:25:07,518 DEBUG [    o.s.blitz.repo.ManagedImportRequestI] (2-thread-5) Plane:41 X:0 Y:0 TileWidth:2048 TileHeight:2048 arrayBuf.length:8388608
2024-10-11 09:25:07,598 DEBUG [    o.s.blitz.repo.ManagedImportRequestI] (2-thread-5) Plane:42 X:0 Y:0 TileWidth:2048 TileHeight:2048 arrayBuf.length:8388608
2024-10-11 09:25:07,660 DEBUG [    o.s.blitz.repo.ManagedImportRequestI] (2-thread-5) Plane:43 X:0 Y:0 TileWidth:2048 TileHeight:2048 arrayBuf.length:8388608
2024-10-11 09:25:07,717 INFO  [    ome.security.basic.BasicEventContext] (l.Server-9)  cctx:	group=0
2024-10-11 09:25:07,727 INFO  [         ome.security.basic.EventHandler] (l.Server-9)  Auth:	user=0,group=0,event=28206(User),sess=83be404c-1957-46d4-a36b-f9feca68dcf3
2024-10-11 09:25:07,735 INFO  [                 org.perf4j.TimingLogger] (l.Server-9) start[1728638707716] time[18] tag[omero.call.success.ome.services.blitz.impl.MetadataStoreI$7.doWork]
2024-10-11 09:25:07,741 INFO  [    ome.security.basic.BasicEventContext] (.Server-12)  cctx:	group=0
2024-10-11 09:25:07,744 INFO  [         ome.security.basic.EventHandler] (.Server-12)  Auth:	user=0,group=0,event=28207(User),sess=83be404c-1957-46d4-a36b-f9feca68dcf3
2024-10-11 09:25:07,921 INFO  [       ome.security.basic.CurrentDetails] (.Server-12) Adding log:UPDATE,class ome.model.core.Pixels,213
2024-10-11 09:25:07,928 INFO  [                 org.perf4j.TimingLogger] (.Server-12) start[1728638707739] time[188] tag[omero.call.success.ome.logic.UpdateImpl.saveArray]
2024-10-11 09:25:07,929 INFO  [    ome.security.basic.BasicEventContext] (l.Server-9)  cctx:	group=0
2024-10-11 09:25:07,932 INFO  [         ome.security.basic.EventHandler] (l.Server-9)  Auth:	user=0,group=0,event=28210(User),sess=83be404c-1957-46d4-a36b-f9feca68dcf3
2024-10-11 09:25:07,966 INFO  [                 org.perf4j.TimingLogger] (l.Server-9) start[1728638707928] time[37] tag[omero.call.success.ome.services.blitz.impl.MetadataStoreI$2.doWork]
2024-10-11 09:25:07,966 INFO  [                 org.perf4j.TimingLogger] (2-thread-5) start[1728638704480] time[3485] tag[omero.import.request.pixels]
2024-10-11 09:25:07,967 INFO  [    ome.security.basic.BasicEventContext] (.Server-14)  cctx:	group=0
2024-10-11 09:25:07,968 INFO  [         ome.security.basic.EventHandler] (.Server-14)  Auth:	user=0,group=0,event=null(User),sess=83be404c-1957-46d4-a36b-f9feca68dcf3
2024-10-11 09:25:07,969 INFO  [                 org.perf4j.TimingLogger] (.Server-14) start[1728638707966] time[3] tag[omero.call.success.ome.logic.QueryImpl.get]
2024-10-11 09:25:07,971 INFO  [    ome.security.basic.BasicEventContext] (.Server-13)  cctx:	group=0
2024-10-11 09:25:07,974 INFO  [         ome.security.basic.EventHandler] (.Server-13)  Auth:	user=0,group=0,event=28213(User),sess=83be404c-1957-46d4-a36b-f9feca68dcf3
2024-10-11 09:25:07,978 INFO  [       ome.security.basic.CurrentDetails] (.Server-13) Adding log:UPDATE,class ome.model.core.OriginalFile,3076
2024-10-11 09:25:07,983 INFO  [                 org.perf4j.TimingLogger] (.Server-13) start[1728638707970] time[12] tag[omero.call.success.ome.logic.UpdateImpl.saveObject]
2024-10-11 09:25:07,984 INFO  [                 org.perf4j.TimingLogger] (2-thread-5) start[1728638704480] time[3503] tag[omero.import.request.step]
2024-10-11 09:25:07,984 DEBUG [    o.s.blitz.repo.ManagedImportRequestI] (2-thread-5) Step 2
2024-10-11 09:25:07,986 INFO  [    ome.security.basic.BasicEventContext] (.Server-11)  cctx:	group=0
2024-10-11 09:25:07,989 INFO  [         ome.security.basic.EventHandler] (.Server-11)  Auth:	user=0,group=0,event=28215(User),sess=83be404c-1957-46d4-a36b-f9feca68dcf3
2024-10-11 09:25:07,994 INFO  [                 org.perf4j.TimingLogger] (.Server-11) start[1728638707989] time[5] tag[omero.loadPixels]
2024-10-11 09:25:08,009 INFO  [                 org.perf4j.TimingLogger] (.Server-11) start[1728638707997] time[12] tag[omero.loadRenderingSettingsByUser]
2024-10-11 09:25:08,029 DEBUG [                   loci.formats.Memoizer] (.Server-11) start[1728638708014] time[14] tag[loci.formats.Memoizer.loadMemo]
2024-10-11 09:25:08,043 INFO  [                loci.formats.ImageReader] (.Server-11) IonpathMIBITiffReader initializing /OMERO/ManagedRepository/root_0/2024-10/11/09-25-03.190/TA459_multipleCores2_Run-4_Point16.tiff
2024-10-11 09:25:08,043 INFO  [       loci.formats.in.MinimalTiffReader] (.Server-11) Reading IFDs
2024-10-11 09:25:08,044 INFO  [       loci.formats.in.MinimalTiffReader] (.Server-11) Populating metadata
2024-10-11 09:25:08,047 INFO  [          loci.formats.in.BaseTiffReader] (.Server-11) Populating OME metadata
2024-10-11 09:25:08,055 DEBUG [                   loci.formats.Memoizer] (.Server-11) saved to temp file: /OMERO/BioFormatsCache/OMERO/ManagedRepository/root_0/2024-10/11/09-25-03.190/.TA459_multipleCores2_Run-4_Point16.tiff.bfmemo3743800173132786421
2024-10-11 09:25:08,055 DEBUG [                   loci.formats.Memoizer] (.Server-11) start[1728638708052] time[2] tag[loci.formats.Memoizer.saveMemo]
2024-10-11 09:25:08,055 DEBUG [                   loci.formats.Memoizer] (.Server-11) saved memo file: /OMERO/BioFormatsCache/OMERO/ManagedRepository/root_0/2024-10/11/09-25-03.190/.TA459_multipleCores2_Run-4_Point16.tiff.bfmemo (50732 bytes)
2024-10-11 09:25:08,055 DEBUG [                   loci.formats.Memoizer] (.Server-11) start[1728638708014] time[41] tag[loci.formats.Memoizer.setId]
2024-10-11 09:25:08,078 INFO  [       ome.security.basic.CurrentDetails] (.Server-11) Adding log:INSERT,class ome.model.display.QuantumDef,213
2024-10-11 09:25:08,079 INFO  [       ome.security.basic.CurrentDetails] (.Server-11) Adding log:INSERT,class ome.model.display.RenderingDef,213
2024-10-11 09:25:08,079 INFO  [       ome.security.basic.CurrentDetails] (.Server-11) Adding log:INSERT,class ome.model.display.ChannelBinding,1079
2024-10-11 09:25:08,079 INFO  [       ome.security.basic.CurrentDetails] (.Server-11) Adding log:INSERT,class ome.model.display.ChannelBinding,1080
2024-10-11 09:25:08,080 INFO  [       ome.security.basic.CurrentDetails] (.Server-11) Adding log:INSERT,class ome.model.display.ChannelBinding,1081
2024-10-11 09:25:08,080 INFO  [       ome.security.basic.CurrentDetails] (.Server-11) Adding log:INSERT,class ome.model.display.ChannelBinding,1082
2024-10-11 09:25:08,080 INFO  [       ome.security.basic.CurrentDetails] (.Server-11) Adding log:INSERT,class ome.model.display.ChannelBinding,1083
2024-10-11 09:25:08,081 INFO  [       ome.security.basic.CurrentDetails] (.Server-11) Adding log:INSERT,class ome.model.display.ChannelBinding,1084
2024-10-11 09:25:08,081 INFO  [       ome.security.basic.CurrentDetails] (.Server-11) Adding log:INSERT,class ome.model.display.ChannelBinding,1085
2024-10-11 09:25:08,081 INFO  [       ome.security.basic.CurrentDetails] (.Server-11) Adding log:INSERT,class ome.model.display.ChannelBinding,1086
2024-10-11 09:25:08,082 INFO  [       ome.security.basic.CurrentDetails] (.Server-11) Adding log:INSERT,class ome.model.display.ChannelBinding,1087
2024-10-11 09:25:08,082 INFO  [       ome.security.basic.CurrentDetails] (.Server-11) Adding log:INSERT,class ome.model.display.ChannelBinding,1088
2024-10-11 09:25:08,082 INFO  [       ome.security.basic.CurrentDetails] (.Server-11) Adding log:INSERT,class ome.model.display.ChannelBinding,1089
2024-10-11 09:25:08,083 INFO  [       ome.security.basic.CurrentDetails] (.Server-11) Adding log:INSERT,class ome.model.display.ChannelBinding,1090
2024-10-11 09:25:08,083 INFO  [       ome.security.basic.CurrentDetails] (.Server-11) Adding log:INSERT,class ome.model.display.ChannelBinding,1091
2024-10-11 09:25:08,083 INFO  [       ome.security.basic.CurrentDetails] (.Server-11) Adding log:INSERT,class ome.model.display.ChannelBinding,1092
2024-10-11 09:25:08,084 INFO  [       ome.security.basic.CurrentDetails] (.Server-11) Adding log:INSERT,class ome.model.display.ChannelBinding,1093
2024-10-11 09:25:08,084 INFO  [       ome.security.basic.CurrentDetails] (.Server-11) Adding log:INSERT,class ome.model.display.ChannelBinding,1094
2024-10-11 09:25:08,084 INFO  [       ome.security.basic.CurrentDetails] (.Server-11) Adding log:INSERT,class ome.model.display.ChannelBinding,1095
2024-10-11 09:25:08,085 INFO  [       ome.security.basic.CurrentDetails] (.Server-11) Adding log:INSERT,class ome.model.display.ChannelBinding,1096
2024-10-11 09:25:08,085 INFO  [       ome.security.basic.CurrentDetails] (.Server-11) Adding log:INSERT,class ome.model.display.ChannelBinding,1097
2024-10-11 09:25:08,085 INFO  [       ome.security.basic.CurrentDetails] (.Server-11) Adding log:INSERT,class ome.model.display.ChannelBinding,1098
2024-10-11 09:25:08,086 INFO  [       ome.security.basic.CurrentDetails] (.Server-11) Adding log:INSERT,class ome.model.display.ChannelBinding,1099
2024-10-11 09:25:08,086 INFO  [       ome.security.basic.CurrentDetails] (.Server-11) Adding log:INSERT,class ome.model.display.ChannelBinding,1100
2024-10-11 09:25:08,087 INFO  [       ome.security.basic.CurrentDetails] (.Server-11) Adding log:INSERT,class ome.model.display.ChannelBinding,1101
2024-10-11 09:25:08,087 INFO  [       ome.security.basic.CurrentDetails] (.Server-11) Adding log:INSERT,class ome.model.display.ChannelBinding,1102
2024-10-11 09:25:08,088 INFO  [       ome.security.basic.CurrentDetails] (.Server-11) Adding log:INSERT,class ome.model.display.ChannelBinding,1103
2024-10-11 09:25:08,089 INFO  [       ome.security.basic.CurrentDetails] (.Server-11) Adding log:INSERT,class ome.model.display.ChannelBinding,1104
2024-10-11 09:25:08,089 INFO  [       ome.security.basic.CurrentDetails] (.Server-11) Adding log:INSERT,class ome.model.display.ChannelBinding,1105
2024-10-11 09:25:08,090 INFO  [       ome.security.basic.CurrentDetails] (.Server-11) Adding log:INSERT,class ome.model.display.ChannelBinding,1106
2024-10-11 09:25:08,090 INFO  [       ome.security.basic.CurrentDetails] (.Server-11) Adding log:INSERT,class ome.model.display.ChannelBinding,1107
2024-10-11 09:25:08,090 INFO  [       ome.security.basic.CurrentDetails] (.Server-11) Adding log:INSERT,class ome.model.display.ChannelBinding,1108
2024-10-11 09:25:08,090 INFO  [       ome.security.basic.CurrentDetails] (.Server-11) Adding log:INSERT,class ome.model.display.ChannelBinding,1109
2024-10-11 09:25:08,091 INFO  [       ome.security.basic.CurrentDetails] (.Server-11) Adding log:INSERT,class ome.model.display.ChannelBinding,1110
2024-10-11 09:25:08,092 INFO  [       ome.security.basic.CurrentDetails] (.Server-11) Adding log:INSERT,class ome.model.display.ChannelBinding,1111
2024-10-11 09:25:08,092 INFO  [       ome.security.basic.CurrentDetails] (.Server-11) Adding log:INSERT,class ome.model.display.ChannelBinding,1112
2024-10-11 09:25:08,093 INFO  [       ome.security.basic.CurrentDetails] (.Server-11) Adding log:INSERT,class ome.model.display.ChannelBinding,1113
2024-10-11 09:25:08,093 INFO  [       ome.security.basic.CurrentDetails] (.Server-11) Adding log:INSERT,class ome.model.display.ChannelBinding,1114
2024-10-11 09:25:08,093 INFO  [       ome.security.basic.CurrentDetails] (.Server-11) Adding log:INSERT,class ome.model.display.ChannelBinding,1115
2024-10-11 09:25:08,093 INFO  [       ome.security.basic.CurrentDetails] (.Server-11) Adding log:INSERT,class ome.model.display.ChannelBinding,1116
2024-10-11 09:25:08,094 INFO  [       ome.security.basic.CurrentDetails] (.Server-11) Adding log:INSERT,class ome.model.display.ChannelBinding,1117
2024-10-11 09:25:08,094 INFO  [       ome.security.basic.CurrentDetails] (.Server-11) Adding log:INSERT,class ome.model.display.ChannelBinding,1118
2024-10-11 09:25:08,094 INFO  [       ome.security.basic.CurrentDetails] (.Server-11) Adding log:INSERT,class ome.model.display.ChannelBinding,1119
2024-10-11 09:25:08,094 INFO  [       ome.security.basic.CurrentDetails] (.Server-11) Adding log:INSERT,class ome.model.display.ChannelBinding,1120
2024-10-11 09:25:08,095 INFO  [       ome.security.basic.CurrentDetails] (.Server-11) Adding log:INSERT,class ome.model.display.ChannelBinding,1121
2024-10-11 09:25:08,095 INFO  [       ome.security.basic.CurrentDetails] (.Server-11) Adding log:INSERT,class ome.model.display.ChannelBinding,1122
2024-10-11 09:25:08,104 INFO  [                 org.perf4j.TimingLogger] (.Server-11) start[1728638708074] time[30] tag[omero.resetDefaultsInSet.saveAndReturn]
2024-10-11 09:25:08,104 INFO  [                 org.perf4j.TimingLogger] (.Server-11) start[1728638707989] time[115] tag[omero.resetDefaultsInSet]
2024-10-11 09:25:08,112 INFO  [                 org.perf4j.TimingLogger] (.Server-11) start[1728638707985] time[127] tag[omero.call.success.ome.logic.RenderingSettingsImpl.resetDefaultsInSet]
2024-10-11 09:25:08,114 INFO  [    ome.security.basic.BasicEventContext] (.Server-10)  cctx:	group=0
2024-10-11 09:25:08,118 INFO  [         ome.security.basic.EventHandler] (.Server-10)  Auth:	user=0,group=0,event=28218(User),sess=83be404c-1957-46d4-a36b-f9feca68dcf3
2024-10-11 09:25:08,121 INFO  [                 org.perf4j.TimingLogger] (.Server-10) start[1728638708118] time[3] tag[omero.bulkLoadRenderingSettings]
2024-10-11 09:25:08,122 INFO  [                 org.perf4j.TimingLogger] (.Server-10) start[1728638708122] time[0] tag[omero.createAndPrepareMissingRenderingSettings]
2024-10-11 09:25:08,124 INFO  [                 org.perf4j.TimingLogger] (.Server-10) start[1728638708122] time[2] tag[omero.bulkLoadMetadata]
2024-10-11 09:25:08,125 INFO  [                 org.perf4j.TimingLogger] (.Server-10) start[1728638708122] time[2] tag[omero.loadMetadataByDimensionPool]
2024-10-11 09:25:08,127 INFO  [       ome.security.basic.CurrentDetails] (.Server-10) Adding log:INSERT,class ome.model.display.Thumbnail,213
2024-10-11 09:25:08,128 INFO  [                 org.perf4j.TimingLogger] (.Server-10) start[1728638708127] time[1] tag[omero.bulkLoadMetadata]
2024-10-11 09:25:08,128 INFO  [                 org.perf4j.TimingLogger] (.Server-10) start[1728638708127] time[1] tag[omero.loadMetadataByDimensionPool]
2024-10-11 09:25:08,128 INFO  [                 org.perf4j.TimingLogger] (.Server-10) start[1728638708125] time[3] tag[omero.createMissingThumbnailMetadata]
2024-10-11 09:25:08,129 INFO  [    ome.security.basic.BasicEventContext] (.Server-10)  cctx:	group=0
2024-10-11 09:25:08,134 INFO  [         ome.security.basic.EventHandler] (.Server-10)  Auth:	user=0,group=0,event=28219(User),sess=83be404c-1957-46d4-a36b-f9feca68dcf3
2024-10-11 09:25:08,135 INFO  [                 org.perf4j.TimingLogger] (.Server-10) start[1728638708135] time[0] tag[omero._createThumbnail(thumbMetaData)]
2024-10-11 09:25:08,162 DEBUG [                   loci.formats.Memoizer] (.Server-10) loaded memo file: /OMERO/BioFormatsCache/OMERO/ManagedRepository/root_0/2024-10/11/09-25-03.190/.TA459_multipleCores2_Run-4_Point16.tiff.bfmemo (50732 bytes)
2024-10-11 09:25:08,162 DEBUG [                   loci.formats.Memoizer] (.Server-10) start[1728638708148] time[14] tag[loci.formats.Memoizer.loadMemo]
2024-10-11 09:25:08,162 DEBUG [                   loci.formats.Memoizer] (.Server-10) start[1728638708147] time[14] tag[loci.formats.Memoizer.setId]
2024-10-11 09:25:08,223 INFO  [       ome.logic.JavaImageScalingService] (.Server-10) Scaling to: 96x96
2024-10-11 09:25:08,250 INFO  [                 org.perf4j.TimingLogger] (.Server-10) start[1728638708223] time[26] tag[java-image-scaling.resampleOp]
2024-10-11 09:25:08,251 INFO  [                 org.perf4j.TimingLogger] (.Server-10) start[1728638708135] time[115] tag[omero._createThumbnail]
2024-10-11 09:25:08,257 INFO  [                 org.perf4j.TimingLogger] (.Server-10) start[1728638708113] time[143] tag[omero.call.success.ome.services.ThumbnailBean.createThumbnailsByLongestSideSet]
2024-10-11 09:25:08,257 INFO  [                 org.perf4j.TimingLogger] (2-thread-5) start[1728638707984] time[272] tag[omero.import.request.thumbs]
2024-10-11 09:25:08,259 INFO  [    ome.security.basic.BasicEventContext] (.Server-13)  cctx:	group=0
2024-10-11 09:25:08,260 INFO  [         ome.security.basic.EventHandler] (.Server-13)  Auth:	user=0,group=0,event=null(User),sess=83be404c-1957-46d4-a36b-f9feca68dcf3
2024-10-11 09:25:08,262 INFO  [                 org.perf4j.TimingLogger] (.Server-13) start[1728638708258] time[4] tag[omero.call.success.ome.logic.QueryImpl.get]
2024-10-11 09:25:08,265 INFO  [    ome.security.basic.BasicEventContext] (.Server-11)  cctx:	group=0
2024-10-11 09:25:08,280 INFO  [         ome.security.basic.EventHandler] (.Server-11)  Auth:	user=0,group=0,event=28220(User),sess=83be404c-1957-46d4-a36b-f9feca68dcf3
2024-10-11 09:25:08,284 INFO  [       ome.security.basic.CurrentDetails] (.Server-11) Adding log:UPDATE,class ome.model.core.OriginalFile,3076
2024-10-11 09:25:08,290 INFO  [                 org.perf4j.TimingLogger] (.Server-11) start[1728638708264] time[26] tag[omero.call.success.ome.logic.UpdateImpl.saveObject]
2024-10-11 09:25:08,290 INFO  [                 org.perf4j.TimingLogger] (2-thread-5) start[1728638707984] time[306] tag[omero.import.request.step]
2024-10-11 09:25:08,291 DEBUG [    o.s.blitz.repo.ManagedImportRequestI] (2-thread-5) Step 3
2024-10-11 09:25:08,293 INFO  [    ome.security.basic.BasicEventContext] (.Server-15)  cctx:	group=0
2024-10-11 09:25:08,296 INFO  [         ome.security.basic.EventHandler] (.Server-15)  Auth:	user=0,group=0,event=null(User),sess=83be404c-1957-46d4-a36b-f9feca68dcf3
2024-10-11 09:25:08,298 INFO  [                 org.perf4j.TimingLogger] (.Server-15) start[1728638708291] time[6] tag[omero.call.success.ome.services.blitz.impl.MetadataStoreI$6.doWork]
2024-10-11 09:25:08,300 INFO  [    ome.security.basic.BasicEventContext] (.Server-12)  cctx:	group=0
2024-10-11 09:25:08,301 INFO  [         ome.security.basic.EventHandler] (.Server-12)  Auth:	user=0,group=0,event=null(User),sess=83be404c-1957-46d4-a36b-f9feca68dcf3
2024-10-11 09:25:08,303 INFO  [                 org.perf4j.TimingLogger] (.Server-12) start[1728638708300] time[3] tag[omero.call.success.ome.logic.QueryImpl.get]
2024-10-11 09:25:08,305 INFO  [    ome.security.basic.BasicEventContext] (l.Server-9)  cctx:	group=0
2024-10-11 09:25:08,311 INFO  [         ome.security.basic.EventHandler] (l.Server-9)  Auth:	user=0,group=0,event=28221(User),sess=83be404c-1957-46d4-a36b-f9feca68dcf3
2024-10-11 09:25:08,313 INFO  [       ome.security.basic.CurrentDetails] (l.Server-9) Adding log:UPDATE,class ome.model.core.OriginalFile,3076
2024-10-11 09:25:08,319 INFO  [                 org.perf4j.TimingLogger] (l.Server-9) start[1728638708304] time[14] tag[omero.call.success.ome.logic.UpdateImpl.saveObject]
2024-10-11 09:25:08,319 INFO  [                 org.perf4j.TimingLogger] (2-thread-5) start[1728638708291] time[28] tag[omero.import.request.step]
2024-10-11 09:25:08,319 DEBUG [    o.s.blitz.repo.ManagedImportRequestI] (2-thread-5) Step 4
2024-10-11 09:25:08,320 INFO  [    ome.security.basic.BasicEventContext] (.Server-14)  cctx:	group=0
2024-10-11 09:25:08,322 INFO  [         ome.security.basic.EventHandler] (.Server-14)  Auth:	user=0,group=0,event=null(User),sess=83be404c-1957-46d4-a36b-f9feca68dcf3
2024-10-11 09:25:08,322 INFO  [                 org.perf4j.TimingLogger] (.Server-14) start[1728638708320] time[2] tag[omero.call.success.ome.logic.QueryImpl.get]
2024-10-11 09:25:08,324 INFO  [    ome.security.basic.BasicEventContext] (.Server-10)  cctx:	group=0
2024-10-11 09:25:08,330 INFO  [         ome.security.basic.EventHandler] (.Server-10)  Auth:	user=0,group=0,event=28222(User),sess=83be404c-1957-46d4-a36b-f9feca68dcf3
2024-10-11 09:25:08,333 INFO  [       ome.security.basic.CurrentDetails] (.Server-10) Adding log:UPDATE,class ome.model.core.OriginalFile,3076
2024-10-11 09:25:08,341 INFO  [                 org.perf4j.TimingLogger] (.Server-10) start[1728638708323] time[17] tag[omero.call.success.ome.logic.UpdateImpl.saveObject]
2024-10-11 09:25:08,342 INFO  [                 org.perf4j.TimingLogger] (2-thread-5) start[1728638708319] time[22] tag[omero.import.request.step]
2024-10-11 09:25:08,348 INFO  [    ome.security.basic.BasicEventContext] (.Server-13)  cctx:	group=0
2024-10-11 09:25:08,353 INFO  [         ome.security.basic.EventHandler] (.Server-13)  Auth:	user=0,group=0,event=28223(User),sess=83be404c-1957-46d4-a36b-f9feca68dcf3
2024-10-11 09:25:08,357 INFO  [                 org.perf4j.TimingLogger] (.Server-13) start[1728638708347] time[10] tag[omero.call.success.ome.services.RawFileBean.close]
2024-10-11 09:25:08,357 DEBUG [                omero.util.ServantHolder] (.Server-13) Removed omero.api._RawFileStoreTie@81148f0c from omero.util.ServantHolder@149b3864 as f7a14e6d-769e-4ef5-97bb-bda64567b19eomero.api.RawFileStore
2024-10-11 09:25:08,357 INFO  [                      omero.cmd.SessionI] (.Server-13) Unregistered servant:83be404c-1957-46d4-a36b-f9feca68dcf3/f7a14e6d-769e-4ef5-97bb-bda64567b19eomero.api.RawFileStore(omero.api._RawFileStoreTie@81148f0c)
2024-10-11 09:25:08,359 INFO  [    ome.security.basic.BasicEventContext] (.Server-15)  cctx:	group=0
2024-10-11 09:25:08,362 INFO  [         ome.security.basic.EventHandler] (.Server-15)  Auth:	user=0,group=0,event=28224(User),sess=83be404c-1957-46d4-a36b-f9feca68dcf3
2024-10-11 09:25:08,365 INFO  [                 org.perf4j.TimingLogger] (.Server-15) start[1728638708358] time[7] tag[omero.call.success.ome.services.RawPixelsBean.close]
2024-10-11 09:25:08,366 DEBUG [                omero.util.ServantHolder] (.Server-15) Removed omero.api._RawPixelsStoreTie@219b8a90 from omero.util.ServantHolder@149b3864 as 2b0f6a36-d98a-491c-871c-6a4e12d63c3domero.api.RawPixelsStore
2024-10-11 09:25:08,366 INFO  [                      omero.cmd.SessionI] (.Server-15) Unregistered servant:83be404c-1957-46d4-a36b-f9feca68dcf3/2b0f6a36-d98a-491c-871c-6a4e12d63c3domero.api.RawPixelsStore(omero.api._RawPixelsStoreTie@219b8a90)
2024-10-11 09:25:08,367 INFO  [    ome.security.basic.BasicEventContext] (.Server-12)  cctx:	group=0
2024-10-11 09:25:08,367 INFO  [         ome.security.basic.EventHandler] (.Server-12)  Auth:	user=0,group=0,event=null(User),sess=83be404c-1957-46d4-a36b-f9feca68dcf3
2024-10-11 09:25:08,368 INFO  [                 org.perf4j.TimingLogger] (.Server-12) start[1728638708366] time[1] tag[omero.call.success.ome.services.ThumbnailBean.close]
2024-10-11 09:25:08,368 DEBUG [                omero.util.ServantHolder] (.Server-12) Removed omero.api._ThumbnailStoreTie@2eb458aa from omero.util.ServantHolder@149b3864 as 599a55c2-2666-4977-9371-31761206821aomero.api.ThumbnailStore
2024-10-11 09:25:08,368 INFO  [                      omero.cmd.SessionI] (.Server-12) Unregistered servant:83be404c-1957-46d4-a36b-f9feca68dcf3/599a55c2-2666-4977-9371-31761206821aomero.api.ThumbnailStore(omero.api._ThumbnailStoreTie@2eb458aa)
2024-10-11 09:25:08,368 DEBUG [                omero.util.ServantHolder] (l.Server-4) Removed omero.api._MetadataStoreTie@668c5b42 from omero.util.ServantHolder@149b3864 as 6d59b5c6-d3b3-4add-8617-405814eab5c7omero.api.MetadataStore
2024-10-11 09:25:08,368 INFO  [                      omero.cmd.SessionI] (l.Server-4) Unregistered servant:83be404c-1957-46d4-a36b-f9feca68dcf3/6d59b5c6-d3b3-4add-8617-405814eab5c7omero.api.MetadataStore(omero.api._MetadataStoreTie@668c5b42)
2024-10-11 09:25:08,368 INFO  [    o.s.blitz.repo.ManagedImportRequestI] (2-thread-5) Cleaning up import.
2024-10-11 09:25:08,377 INFO  [         ome.security.basic.EventHandler] (.Server-14)  Auth:	user=0,group=0,event=null(User),sess=83be404c-1957-46d4-a36b-f9feca68dcf3
2024-10-11 09:25:08,379 INFO  [                 org.perf4j.TimingLogger] (.Server-14) start[1728638708373] time[5] tag[omero.call.success.ome.logic.QueryImpl.get]
2024-10-11 09:25:08,393 INFO  [         ome.security.basic.EventHandler] (.Server-11)  Auth:	user=0,group=0,event=28225(User),sess=83be404c-1957-46d4-a36b-f9feca68dcf3
2024-10-11 09:25:08,395 INFO  [       ome.security.basic.CurrentDetails] (.Server-11) Adding log:UPDATE,class ome.model.core.OriginalFile,3076
2024-10-11 09:25:08,400 INFO  [                 org.perf4j.TimingLogger] (.Server-11) start[1728638708388] time[12] tag[omero.call.success.ome.logic.UpdateImpl.saveObject]
