2024-10-11 09:25:29,823 INFO  [                 org.perf4j.TimingLogger] (.Server-14) start[1728638729812] time[10] tag[omero.import.process.init]
2024-10-11 09:25:29,830 INFO  [         ome.security.basic.EventHandler] (.Server-14)  Auth:	user=0,group=0,event=28765(User),sess=83be404c-1957-46d4-a36b-f9feca68dcf3
2024-10-11 09:25:29,832 INFO  [       ome.security.basic.CurrentDetails] (.Server-14) Adding log:INSERT,class ome.model.jobs.UploadJob,3223
2024-10-11 09:25:29,833 INFO  [       ome.security.basic.CurrentDetails] (.Server-14) Adding log:INSERT,class ome.model.jobs.JobOriginalFileLink,4912
2024-10-11 09:25:29,841 INFO  [       ome.security.basic.CurrentDetails] (.Server-14) Adding log:INSERT,class ome.model.jobs.MetadataImportJob,3224
2024-10-11 09:25:29,850 INFO  [       ome.security.basic.CurrentDetails] (.Server-14) Adding log:INSERT,class ome.model.jobs.PixelDataJob,3225
2024-10-11 09:25:29,854 INFO  [       ome.security.basic.CurrentDetails] (.Server-14) Adding log:INSERT,class ome.model.jobs.ThumbnailGenerationJob,3226
2024-10-11 09:25:29,858 INFO  [       ome.security.basic.CurrentDetails] (.Server-14) Adding log:INSERT,class ome.model.jobs.IndexingJob,3227
2024-10-11 09:25:29,863 INFO  [                 org.perf4j.TimingLogger] (.Server-14) start[1728638729862] time[0] tag[omero.repo.internal_register.find_repo_files]
2024-10-11 09:25:29,866 INFO  [       ome.security.basic.CurrentDetails] (.Server-14) Adding log:INSERT,class ome.model.core.OriginalFile,3152
2024-10-11 09:25:29,867 INFO  [                 org.perf4j.TimingLogger] (.Server-14) start[1728638729864] time[2] tag[omero.repo.create_original_file.save]
2024-10-11 09:25:29,867 INFO  [                 org.perf4j.TimingLogger] (.Server-14) start[1728638729867] time[0] tag[omero.repo.create_original_file.internal_mkdir]
2024-10-11 09:25:29,867 INFO  [                 org.perf4j.TimingLogger] (.Server-14) start[1728638729867] time[0] tag[omero.repo.internal_register.load]
2024-10-11 09:25:29,867 INFO  [                 org.perf4j.TimingLogger] (.Server-14) start[1728638729867] time[0] tag[omero.repo.internal_register.sort]
2024-10-11 09:25:29,867 INFO  [                 org.perf4j.TimingLogger] (.Server-14) start[1728638729862] time[4] tag[omero.repo.save_fileset.register]
2024-10-11 09:25:29,867 INFO  [                 org.perf4j.TimingLogger] (.Server-14) start[1728638729867] time[0] tag[omero.repo.save_fileset.update_fileset_entries]
2024-10-11 09:25:29,869 INFO  [       ome.security.basic.CurrentDetails] (.Server-14) Adding log:INSERT,class ome.model.fs.Fileset,238
2024-10-11 09:25:29,869 INFO  [       ome.security.basic.CurrentDetails] (.Server-14) Adding log:INSERT,class ome.model.fs.FilesetJobLink,386
2024-10-11 09:25:29,870 INFO  [       ome.security.basic.CurrentDetails] (.Server-14) Adding log:INSERT,class ome.model.fs.FilesetJobLink,387
2024-10-11 09:25:29,870 INFO  [       ome.security.basic.CurrentDetails] (.Server-14) Adding log:INSERT,class ome.model.fs.FilesetJobLink,388
2024-10-11 09:25:29,871 INFO  [       ome.security.basic.CurrentDetails] (.Server-14) Adding log:INSERT,class ome.model.fs.FilesetJobLink,389
2024-10-11 09:25:29,871 INFO  [       ome.security.basic.CurrentDetails] (.Server-14) Adding log:INSERT,class ome.model.fs.FilesetJobLink,390
2024-10-11 09:25:29,872 INFO  [       ome.security.basic.CurrentDetails] (.Server-14) Adding log:INSERT,class ome.model.fs.FilesetEntry,238
2024-10-11 09:25:29,875 INFO  [                 org.perf4j.TimingLogger] (.Server-14) start[1728638729867] time[7] tag[omero.repo.save_fileset.save]
2024-10-11 09:25:29,882 INFO  [                 org.perf4j.TimingLogger] (.Server-14) start[1728638729825] time[57] tag[omero.call.success.ome.services.blitz.repo.RepositoryDaoImpl$8.doWork]
2024-10-11 09:25:29,883 INFO  [                 org.perf4j.TimingLogger] (.Server-14) start[1728638729824] time[58] tag[omero.repo.save_fileset]
2024-10-11 09:25:29,883 INFO  [                      omero.cmd.SessionI] (.Server-14) Added servant to adapter: 83be404c-1957-46d4-a36b-f9feca68dcf3/f9e972f4-c87d-4900-a77b-57f7b1cae33d-ManagedImportProcessI(omero.grid._ImportProcessTie@31b171e8)
2024-10-11 09:25:29,883 DEBUG [                omero.util.ServantHolder] (.Server-14) Added omero.grid._ImportProcessTie@31b171e8 to omero.util.ServantHolder@149b3864 as f9e972f4-c87d-4900-a77b-57f7b1cae33d-ManagedImportProcessI
2024-10-11 09:25:29,883 INFO  [                 org.perf4j.TimingLogger] (.Server-14) start[1728638729824] time[59] tag[omero.import.process.create]
2024-10-11 09:25:29,890 INFO  [         ome.security.basic.EventHandler] (.Server-11)  Auth:	user=0,group=0,event=null(User),sess=83be404c-1957-46d4-a36b-f9feca68dcf3
2024-10-11 09:25:29,893 INFO  [                 org.perf4j.TimingLogger] (.Server-11) start[1728638729888] time[4] tag[omero.call.success.ome.services.blitz.repo.RepositoryDaoImpl$2.doWork]
2024-10-11 09:25:29,894 INFO  [         ome.security.basic.EventHandler] (.Server-11)  Auth:	user=0,group=0,event=null(User),sess=83be404c-1957-46d4-a36b-f9feca68dcf3
2024-10-11 09:25:29,896 INFO  [                 org.perf4j.TimingLogger] (.Server-11) start[1728638729893] time[3] tag[omero.call.success.ome.services.blitz.repo.RepositoryDaoImpl$4.doWork]
2024-10-11 09:25:29,899 INFO  [         ome.security.basic.EventHandler] (.Server-11)  Auth:	user=0,group=0,event=null(User),sess=83be404c-1957-46d4-a36b-f9feca68dcf3
2024-10-11 09:25:29,901 INFO  [                 org.perf4j.TimingLogger] (.Server-11) start[1728638729897] time[4] tag[omero.call.success.ome.services.blitz.repo.RepositoryDaoImpl$6.doWork]
2024-10-11 09:25:29,902 INFO  [    ome.security.basic.BasicEventContext] (.Server-11)  cctx:	group=0
2024-10-11 09:25:29,903 INFO  [         ome.security.basic.EventHandler] (.Server-11)  Auth:	user=0,group=0,event=null(User),sess=83be404c-1957-46d4-a36b-f9feca68dcf3
2024-10-11 09:25:29,911 INFO  [                 org.perf4j.TimingLogger] (.Server-11) start[1728638729902] time[9] tag[omero.call.success.ome.services.blitz.repo.RepositoryDaoImpl$1.doWork]
2024-10-11 09:25:29,912 INFO  [                      omero.cmd.SessionI] (.Server-11) Added servant to adapter: 83be404c-1957-46d4-a36b-f9feca68dcf3/b068680e-317e-413d-855b-348d4cc6d0f2-RepoRawFileStoreI(omero.api._RawFileStoreTie@945be724)
2024-10-11 09:25:29,912 DEBUG [                omero.util.ServantHolder] (.Server-11) Added omero.api._RawFileStoreTie@945be724 to omero.util.ServantHolder@149b3864 as b068680e-317e-413d-855b-348d4cc6d0f2-RepoRawFileStoreI
2024-10-11 09:25:29,912 INFO  [                 org.perf4j.TimingLogger] (.Server-11) start[1728638729888] time[23] tag[omero.import.process.opener]
2024-10-11 09:25:29,912 INFO  [                 org.perf4j.TimingLogger] (.Server-11) start[1728638729888] time[23] tag[omero.import.process.uploader]
2024-10-11 09:25:29,916 INFO  [         ome.security.basic.EventHandler] (.Server-13)  Auth:	user=0,group=0,event=null(User),sess=83be404c-1957-46d4-a36b-f9feca68dcf3
2024-10-11 09:25:29,917 INFO  [                 org.perf4j.TimingLogger] (.Server-13) start[1728638729915] time[1] tag[omero.call.success.ome.services.RawFileBean.write]
2024-10-11 09:25:29,990 INFO  [         ome.security.basic.EventHandler] (.Server-10)  Auth:	user=0,group=0,event=null(User),sess=83be404c-1957-46d4-a36b-f9feca68dcf3
2024-10-11 09:25:29,996 INFO  [                 org.perf4j.TimingLogger] (.Server-10) start[1728638729989] time[6] tag[omero.call.success.ome.services.RawFileBean.write]
2024-10-11 09:25:30,047 INFO  [         ome.security.basic.EventHandler] (.Server-13)  Auth:	user=0,group=0,event=null(User),sess=83be404c-1957-46d4-a36b-f9feca68dcf3
2024-10-11 09:25:30,055 INFO  [                 org.perf4j.TimingLogger] (.Server-13) start[1728638730046] time[9] tag[omero.call.success.ome.services.RawFileBean.write]
2024-10-11 09:25:30,104 INFO  [         ome.security.basic.EventHandler] (.Server-10)  Auth:	user=0,group=0,event=null(User),sess=83be404c-1957-46d4-a36b-f9feca68dcf3
2024-10-11 09:25:30,110 INFO  [                 org.perf4j.TimingLogger] (.Server-10) start[1728638730103] time[6] tag[omero.call.success.ome.services.RawFileBean.write]
2024-10-11 09:25:30,157 INFO  [         ome.security.basic.EventHandler] (.Server-14)  Auth:	user=0,group=0,event=null(User),sess=83be404c-1957-46d4-a36b-f9feca68dcf3
2024-10-11 09:25:30,166 INFO  [                 org.perf4j.TimingLogger] (.Server-14) start[1728638730155] time[10] tag[omero.call.success.ome.services.RawFileBean.write]
2024-10-11 09:25:30,222 INFO  [         ome.security.basic.EventHandler] (.Server-13)  Auth:	user=0,group=0,event=null(User),sess=83be404c-1957-46d4-a36b-f9feca68dcf3
2024-10-11 09:25:30,240 INFO  [                 org.perf4j.TimingLogger] (.Server-13) start[1728638730220] time[19] tag[omero.call.success.ome.services.RawFileBean.write]
2024-10-11 09:25:30,292 INFO  [         ome.security.basic.EventHandler] (l.Server-9)  Auth:	user=0,group=0,event=null(User),sess=83be404c-1957-46d4-a36b-f9feca68dcf3
2024-10-11 09:25:30,299 INFO  [                 org.perf4j.TimingLogger] (l.Server-9) start[1728638730290] time[8] tag[omero.call.success.ome.services.RawFileBean.write]
2024-10-11 09:25:30,343 INFO  [         ome.security.basic.EventHandler] (.Server-14)  Auth:	user=0,group=0,event=null(User),sess=83be404c-1957-46d4-a36b-f9feca68dcf3
2024-10-11 09:25:30,348 INFO  [                 org.perf4j.TimingLogger] (.Server-14) start[1728638730342] time[6] tag[omero.call.success.ome.services.RawFileBean.write]
2024-10-11 09:25:30,356 INFO  [         ome.security.basic.EventHandler] (.Server-12)  Auth:	user=0,group=0,event=28780(User),sess=83be404c-1957-46d4-a36b-f9feca68dcf3
2024-10-11 09:25:30,374 INFO  [                 org.perf4j.TimingLogger] (.Server-12) start[1728638730356] time[18] tag[omero.services.file.flush]
2024-10-11 09:25:30,397 INFO  [                 org.perf4j.TimingLogger] (.Server-12) start[1728638730375] time[22] tag[omero.services.file.checksum]
2024-10-11 09:25:30,398 INFO  [       ome.security.basic.CurrentDetails] (.Server-12) Adding log:UPDATE,class ome.model.core.OriginalFile,3152
2024-10-11 09:25:30,398 INFO  [                 org.perf4j.TimingLogger] (.Server-12) start[1728638730397] time[1] tag[omero.services.file.finalize]
2024-10-11 09:25:30,402 INFO  [                 org.perf4j.TimingLogger] (.Server-12) start[1728638730351] time[51] tag[omero.call.success.ome.services.RawFileBean.save]
2024-10-11 09:25:30,409 INFO  [         ome.security.basic.EventHandler] (.Server-13)  Auth:	user=0,group=0,event=28786(User),sess=83be404c-1957-46d4-a36b-f9feca68dcf3
2024-10-11 09:25:30,413 INFO  [                 org.perf4j.TimingLogger] (.Server-13) start[1728638730404] time[8] tag[omero.call.success.ome.services.RawFileBean.close]
2024-10-11 09:25:30,413 DEBUG [                omero.util.ServantHolder] (.Server-13) Removed omero.api._RawFileStoreTie@945be724 from omero.util.ServantHolder@149b3864 as b068680e-317e-413d-855b-348d4cc6d0f2-RepoRawFileStoreI
2024-10-11 09:25:30,413 INFO  [                      omero.cmd.SessionI] (.Server-13) Unregistered servant:83be404c-1957-46d4-a36b-f9feca68dcf3/b068680e-317e-413d-855b-348d4cc6d0f2-RepoRawFileStoreI(omero.api._RawFileStoreTie@945be724)
2024-10-11 09:25:30,418 INFO  [         ome.security.basic.EventHandler] (.Server-10)  Auth:	user=0,group=0,event=null(User),sess=83be404c-1957-46d4-a36b-f9feca68dcf3
2024-10-11 09:25:30,418 INFO  [                 org.perf4j.TimingLogger] (.Server-10) start[1728638730416] time[2] tag[omero.call.success.ome.services.blitz.impl.ServiceFactoryI$3.doWork]
2024-10-11 09:25:30,422 INFO  [                 org.perf4j.TimingLogger] (.Server-10) start[1728638730418] time[3] tag[omero.import.process.checksum]
2024-10-11 09:25:30,427 INFO  [         ome.security.basic.EventHandler] (.Server-10)  Auth:	user=0,group=0,event=28788(User),sess=83be404c-1957-46d4-a36b-f9feca68dcf3
2024-10-11 09:25:30,432 INFO  [       ome.security.basic.CurrentDetails] (.Server-10) Adding log:UPDATE,class ome.model.jobs.UploadJob,3223
2024-10-11 09:25:30,437 INFO  [                 org.perf4j.TimingLogger] (.Server-10) start[1728638730422] time[14] tag[omero.call.success.ome.services.blitz.repo.RepositoryDaoImpl$12.doWork]
2024-10-11 09:25:30,439 INFO  [         ome.security.basic.EventHandler] (.Server-10)  Auth:	user=0,group=0,event=null(User),sess=83be404c-1957-46d4-a36b-f9feca68dcf3
2024-10-11 09:25:30,441 INFO  [                 org.perf4j.TimingLogger] (.Server-10) start[1728638730437] time[3] tag[omero.call.success.ome.services.blitz.repo.RepositoryDaoImpl$2.doWork]
2024-10-11 09:25:30,444 INFO  [         ome.security.basic.EventHandler] (.Server-10)  Auth:	user=0,group=0,event=null(User),sess=83be404c-1957-46d4-a36b-f9feca68dcf3
2024-10-11 09:25:30,446 INFO  [                 org.perf4j.TimingLogger] (.Server-10) start[1728638730441] time[4] tag[omero.call.success.ome.services.blitz.repo.RepositoryDaoImpl$4.doWork]
2024-10-11 09:25:30,447 INFO  [       ome.formats.importer.ImportConfig] (.Server-10) OMERO.blitz Version: 5.7.3
2024-10-11 09:25:30,447 INFO  [       ome.formats.importer.ImportConfig] (.Server-10) Bioformats version: 7.3.0 revision: acc4b6de79e55275b5e6c8200f8458f6d93c9ba0 date: 18 April 2024
2024-10-11 09:25:30,448 INFO  [                      omero.cmd.SessionI] (.Server-10) Added servant to adapter: 83be404c-1957-46d4-a36b-f9feca68dcf3/IHandle7a7798de-b969-4aca-b9e2-c3fa2e0ea17a(omero.cmd._HandleTie@4521b99c)
2024-10-11 09:25:30,448 DEBUG [                omero.util.ServantHolder] (.Server-10) Added omero.cmd._HandleTie@4521b99c to omero.util.ServantHolder@149b3864 as IHandle7a7798de-b969-4aca-b9e2-c3fa2e0ea17a
2024-10-11 09:25:30,448 INFO  [                 org.perf4j.TimingLogger] (.Server-10) start[1728638730448] time[0] tag[omero.background.submit]
2024-10-11 09:25:30,448 INFO  [                 org.perf4j.TimingLogger] (.Server-10) start[1728638730422] time[26] tag[omero.import.process.submit]
2024-10-11 09:25:30,450 DEBUG [                omero.util.ServantHolder] (.Server-13) Removed omero.grid._ImportProcessTie@31b171e8 from omero.util.ServantHolder@149b3864 as f9e972f4-c87d-4900-a77b-57f7b1cae33d-ManagedImportProcessI
2024-10-11 09:25:30,450 INFO  [                      omero.cmd.SessionI] (.Server-13) Unregistered servant:83be404c-1957-46d4-a36b-f9feca68dcf3/f9e972f4-c87d-4900-a77b-57f7b1cae33d-ManagedImportProcessI(omero.grid._ImportProcessTie@31b171e8)
2024-10-11 09:25:30,457 INFO  [    ome.formats.OMEROMetadataStoreClient] (2-thread-9) Call context: {omero.group:0}
2024-10-11 09:25:30,457 INFO  [    ome.formats.OMEROMetadataStoreClient] (2-thread-9) Call context: {omero.logfilename:root_0/2024-10/11/09-25-29.084.log}
2024-10-11 09:25:30,461 INFO  [    ome.security.basic.BasicEventContext] (l.Server-4)  cctx:	group=0
2024-10-11 09:25:30,462 INFO  [         ome.security.basic.EventHandler] (l.Server-4)  Auth:	user=0,group=0,event=null(User),sess=83be404c-1957-46d4-a36b-f9feca68dcf3
2024-10-11 09:25:30,466 INFO  [                 org.perf4j.TimingLogger] (l.Server-4) start[1728638730460] time[5] tag[omero.call.success.ome.logic.AdminImpl.getEventContext]
2024-10-11 09:25:30,491 INFO  [    ome.formats.OMEROMetadataStoreClient] (2-thread-9) Pinging session every 300s.
2024-10-11 09:25:30,512 INFO  [                loci.formats.ImageReader] (2-thread-9) IonpathMIBITiffReader initializing /OMERO/ManagedRepository/root_0/2024-10/11/09-25-29.084/TA459_multipleCores2_Run-4_Point17.tiff
2024-10-11 09:25:30,513 INFO  [       loci.formats.in.MinimalTiffReader] (2-thread-9) Reading IFDs
2024-10-11 09:25:30,514 INFO  [       loci.formats.in.MinimalTiffReader] (2-thread-9) Populating metadata
2024-10-11 09:25:30,515 INFO  [          loci.formats.in.BaseTiffReader] (2-thread-9) Populating OME metadata
2024-10-11 09:25:30,519 INFO  [    ome.security.basic.BasicEventContext] (.Server-12)  cctx:	group=0
2024-10-11 09:25:30,521 INFO  [         ome.security.basic.EventHandler] (.Server-12)  Auth:	user=0,group=0,event=null(User),sess=83be404c-1957-46d4-a36b-f9feca68dcf3
2024-10-11 09:25:30,523 INFO  [                 org.perf4j.TimingLogger] (.Server-12) start[1728638730518] time[4] tag[omero.call.success.ome.logic.QueryImpl.findAll]
2024-10-11 09:25:30,526 INFO  [    ome.security.basic.BasicEventContext] (.Server-13)  cctx:	group=0
2024-10-11 09:25:30,527 INFO  [         ome.security.basic.EventHandler] (.Server-13)  Auth:	user=0,group=0,event=null(User),sess=83be404c-1957-46d4-a36b-f9feca68dcf3
2024-10-11 09:25:30,528 INFO  [                 org.perf4j.TimingLogger] (.Server-13) start[1728638730526] time[2] tag[omero.call.success.ome.logic.QueryImpl.findAll]
2024-10-11 09:25:30,529 INFO  [    ome.security.basic.BasicEventContext] (.Server-10)  cctx:	group=0
2024-10-11 09:25:30,530 INFO  [         ome.security.basic.EventHandler] (.Server-10)  Auth:	user=0,group=0,event=null(User),sess=83be404c-1957-46d4-a36b-f9feca68dcf3
2024-10-11 09:25:30,531 INFO  [                 org.perf4j.TimingLogger] (.Server-10) start[1728638730529] time[2] tag[omero.call.success.ome.logic.QueryImpl.findAll]
2024-10-11 09:25:30,533 INFO  [    ome.security.basic.BasicEventContext] (l.Server-4)  cctx:	group=0
2024-10-11 09:25:30,534 INFO  [         ome.security.basic.EventHandler] (l.Server-4)  Auth:	user=0,group=0,event=null(User),sess=83be404c-1957-46d4-a36b-f9feca68dcf3
2024-10-11 09:25:30,534 INFO  [                 org.perf4j.TimingLogger] (l.Server-4) start[1728638730532] time[2] tag[omero.call.success.ome.logic.QueryImpl.findAll]
2024-10-11 09:25:30,557 DEBUG [                   loci.formats.Memoizer] (2-thread-9) saved to temp file: /OMERO/BioFormatsCache/OMERO/ManagedRepository/root_0/2024-10/11/09-25-29.084/.TA459_multipleCores2_Run-4_Point17.tiff.bfmemo3295542355975874490
2024-10-11 09:25:30,557 DEBUG [                   loci.formats.Memoizer] (2-thread-9) start[1728638730543] time[14] tag[loci.formats.Memoizer.saveMemo]
2024-10-11 09:25:30,557 DEBUG [                   loci.formats.Memoizer] (2-thread-9) saved memo file: /OMERO/BioFormatsCache/OMERO/ManagedRepository/root_0/2024-10/11/09-25-29.084/.TA459_multipleCores2_Run-4_Point17.tiff.bfmemo (50741 bytes)
2024-10-11 09:25:30,558 DEBUG [                   loci.formats.Memoizer] (2-thread-9) start[1728638730491] time[66] tag[loci.formats.Memoizer.setId]
2024-10-11 09:25:30,558 DEBUG [    o.s.blitz.repo.ManagedImportRequestI] (2-thread-9) Image Count: 44
2024-10-11 09:25:30,558 INFO  [    o.s.blitz.repo.ManagedImportRequestI] (2-thread-9) File format: Ionpath MIBI
2024-10-11 09:25:30,558 INFO  [    o.s.blitz.repo.ManagedImportRequestI] (2-thread-9) Base reader: loci.formats.in.IonpathMIBITiffReader
2024-10-11 09:25:30,558 INFO  [                 org.perf4j.TimingLogger] (2-thread-9) start[1728638730455] time[102] tag[omero.import.request.init]
2024-10-11 09:25:30,558 DEBUG [    o.s.blitz.repo.ManagedImportRequestI] (2-thread-9) Step 0
2024-10-11 09:25:30,559 WARN  [    ome.formats.model.ReferenceProcessor] (2-thread-9) Unknown target class for LSID: Image:SIMS
2024-10-11 09:25:30,559 INFO  [    ome.formats.OMEROMetadataStoreClient] (2-thread-9) Handling # of containers: 91
2024-10-11 09:25:30,561 INFO  [    ome.security.basic.BasicEventContext] (.Server-14)  cctx:	group=0
2024-10-11 09:25:30,562 INFO  [         ome.security.basic.EventHandler] (.Server-14)  Auth:	user=0,group=0,event=null(User),sess=83be404c-1957-46d4-a36b-f9feca68dcf3
2024-10-11 09:25:30,562 INFO  [                 org.perf4j.TimingLogger] (.Server-14) start[1728638730560] time[2] tag[omero.call.success.ome.services.blitz.impl.MetadataStoreI$4.doWork]
2024-10-11 09:25:30,563 INFO  [    ome.formats.OMEROMetadataStoreClient] (2-thread-9) Handling # of references: 1
2024-10-11 09:25:30,563 INFO  [    ome.security.basic.BasicEventContext] (l.Server-9)  cctx:	group=0
2024-10-11 09:25:30,565 INFO  [         ome.security.basic.EventHandler] (l.Server-9)  Auth:	user=0,group=0,event=null(User),sess=83be404c-1957-46d4-a36b-f9feca68dcf3
2024-10-11 09:25:30,565 INFO  [                 org.perf4j.TimingLogger] (l.Server-9) start[1728638730563] time[2] tag[omero.call.success.ome.services.blitz.impl.MetadataStoreI$5.doWork]
2024-10-11 09:25:30,567 INFO  [    ome.security.basic.BasicEventContext] (.Server-12)  cctx:	group=0
2024-10-11 09:25:30,572 INFO  [         ome.security.basic.EventHandler] (.Server-12)  Auth:	user=0,group=0,event=28794(User),sess=83be404c-1957-46d4-a36b-f9feca68dcf3
2024-10-11 09:25:30,579 INFO  [       ome.security.basic.CurrentDetails] (.Server-12) Adding log:INSERT,class ome.model.core.Image,238
2024-10-11 09:25:30,580 INFO  [       ome.security.basic.CurrentDetails] (.Server-12) Adding log:INSERT,class ome.model.containers.DatasetImageLink,238
2024-10-11 09:25:30,580 INFO  [       ome.security.basic.CurrentDetails] (.Server-12) Adding log:INSERT,class ome.model.core.Pixels,238
2024-10-11 09:25:30,581 INFO  [       ome.security.basic.CurrentDetails] (.Server-12) Adding log:INSERT,class ome.model.core.LogicalChannel,2179
2024-10-11 09:25:30,581 INFO  [       ome.security.basic.CurrentDetails] (.Server-12) Adding log:INSERT,class ome.model.core.Channel,2179
2024-10-11 09:25:30,581 INFO  [       ome.security.basic.CurrentDetails] (.Server-12) Adding log:INSERT,class ome.model.core.LogicalChannel,2180
2024-10-11 09:25:30,582 INFO  [       ome.security.basic.CurrentDetails] (.Server-12) Adding log:INSERT,class ome.model.core.Channel,2180
2024-10-11 09:25:30,582 INFO  [       ome.security.basic.CurrentDetails] (.Server-12) Adding log:INSERT,class ome.model.core.LogicalChannel,2181
2024-10-11 09:25:30,582 INFO  [       ome.security.basic.CurrentDetails] (.Server-12) Adding log:INSERT,class ome.model.core.Channel,2181
2024-10-11 09:25:30,583 INFO  [       ome.security.basic.CurrentDetails] (.Server-12) Adding log:INSERT,class ome.model.core.LogicalChannel,2182
2024-10-11 09:25:30,583 INFO  [       ome.security.basic.CurrentDetails] (.Server-12) Adding log:INSERT,class ome.model.core.Channel,2182
2024-10-11 09:25:30,583 INFO  [       ome.security.basic.CurrentDetails] (.Server-12) Adding log:INSERT,class ome.model.core.LogicalChannel,2183
2024-10-11 09:25:30,584 INFO  [       ome.security.basic.CurrentDetails] (.Server-12) Adding log:INSERT,class ome.model.core.Channel,2183
2024-10-11 09:25:30,584 INFO  [       ome.security.basic.CurrentDetails] (.Server-12) Adding log:INSERT,class ome.model.core.LogicalChannel,2184
2024-10-11 09:25:30,585 INFO  [       ome.security.basic.CurrentDetails] (.Server-12) Adding log:INSERT,class ome.model.core.Channel,2184
2024-10-11 09:25:30,586 INFO  [       ome.security.basic.CurrentDetails] (.Server-12) Adding log:INSERT,class ome.model.core.LogicalChannel,2185
2024-10-11 09:25:30,586 INFO  [       ome.security.basic.CurrentDetails] (.Server-12) Adding log:INSERT,class ome.model.core.Channel,2185
2024-10-11 09:25:30,587 INFO  [       ome.security.basic.CurrentDetails] (.Server-12) Adding log:INSERT,class ome.model.core.LogicalChannel,2186
2024-10-11 09:25:30,587 INFO  [       ome.security.basic.CurrentDetails] (.Server-12) Adding log:INSERT,class ome.model.core.Channel,2186
2024-10-11 09:25:30,588 INFO  [       ome.security.basic.CurrentDetails] (.Server-12) Adding log:INSERT,class ome.model.core.LogicalChannel,2187
2024-10-11 09:25:30,588 INFO  [       ome.security.basic.CurrentDetails] (.Server-12) Adding log:INSERT,class ome.model.core.Channel,2187
2024-10-11 09:25:30,588 INFO  [       ome.security.basic.CurrentDetails] (.Server-12) Adding log:INSERT,class ome.model.core.LogicalChannel,2188
2024-10-11 09:25:30,588 INFO  [       ome.security.basic.CurrentDetails] (.Server-12) Adding log:INSERT,class ome.model.core.Channel,2188
2024-10-11 09:25:30,589 INFO  [       ome.security.basic.CurrentDetails] (.Server-12) Adding log:INSERT,class ome.model.core.LogicalChannel,2189
2024-10-11 09:25:30,589 INFO  [       ome.security.basic.CurrentDetails] (.Server-12) Adding log:INSERT,class ome.model.core.Channel,2189
2024-10-11 09:25:30,589 INFO  [       ome.security.basic.CurrentDetails] (.Server-12) Adding log:INSERT,class ome.model.core.LogicalChannel,2190
2024-10-11 09:25:30,589 INFO  [       ome.security.basic.CurrentDetails] (.Server-12) Adding log:INSERT,class ome.model.core.Channel,2190
2024-10-11 09:25:30,590 INFO  [       ome.security.basic.CurrentDetails] (.Server-12) Adding log:INSERT,class ome.model.core.LogicalChannel,2191
2024-10-11 09:25:30,590 INFO  [       ome.security.basic.CurrentDetails] (.Server-12) Adding log:INSERT,class ome.model.core.Channel,2191
2024-10-11 09:25:30,590 INFO  [       ome.security.basic.CurrentDetails] (.Server-12) Adding log:INSERT,class ome.model.core.LogicalChannel,2192
2024-10-11 09:25:30,591 INFO  [       ome.security.basic.CurrentDetails] (.Server-12) Adding log:INSERT,class ome.model.core.Channel,2192
2024-10-11 09:25:30,591 INFO  [       ome.security.basic.CurrentDetails] (.Server-12) Adding log:INSERT,class ome.model.core.LogicalChannel,2193
2024-10-11 09:25:30,591 INFO  [       ome.security.basic.CurrentDetails] (.Server-12) Adding log:INSERT,class ome.model.core.Channel,2193
2024-10-11 09:25:30,591 INFO  [       ome.security.basic.CurrentDetails] (.Server-12) Adding log:INSERT,class ome.model.core.LogicalChannel,2194
2024-10-11 09:25:30,591 INFO  [       ome.security.basic.CurrentDetails] (.Server-12) Adding log:INSERT,class ome.model.core.Channel,2194
2024-10-11 09:25:30,592 INFO  [       ome.security.basic.CurrentDetails] (.Server-12) Adding log:INSERT,class ome.model.core.LogicalChannel,2195
2024-10-11 09:25:30,592 INFO  [       ome.security.basic.CurrentDetails] (.Server-12) Adding log:INSERT,class ome.model.core.Channel,2195
2024-10-11 09:25:30,592 INFO  [       ome.security.basic.CurrentDetails] (.Server-12) Adding log:INSERT,class ome.model.core.LogicalChannel,2196
2024-10-11 09:25:30,592 INFO  [       ome.security.basic.CurrentDetails] (.Server-12) Adding log:INSERT,class ome.model.core.Channel,2196
2024-10-11 09:25:30,593 INFO  [       ome.security.basic.CurrentDetails] (.Server-12) Adding log:INSERT,class ome.model.core.LogicalChannel,2197
2024-10-11 09:25:30,593 INFO  [       ome.security.basic.CurrentDetails] (.Server-12) Adding log:INSERT,class ome.model.core.Channel,2197
2024-10-11 09:25:30,594 INFO  [       ome.security.basic.CurrentDetails] (.Server-12) Adding log:INSERT,class ome.model.core.LogicalChannel,2198
2024-10-11 09:25:30,594 INFO  [       ome.security.basic.CurrentDetails] (.Server-12) Adding log:INSERT,class ome.model.core.Channel,2198
2024-10-11 09:25:30,595 INFO  [       ome.security.basic.CurrentDetails] (.Server-12) Adding log:INSERT,class ome.model.core.LogicalChannel,2199
2024-10-11 09:25:30,596 INFO  [       ome.security.basic.CurrentDetails] (.Server-12) Adding log:INSERT,class ome.model.core.Channel,2199
2024-10-11 09:25:30,596 INFO  [       ome.security.basic.CurrentDetails] (.Server-12) Adding log:INSERT,class ome.model.core.LogicalChannel,2200
2024-10-11 09:25:30,596 INFO  [       ome.security.basic.CurrentDetails] (.Server-12) Adding log:INSERT,class ome.model.core.Channel,2200
2024-10-11 09:25:30,596 INFO  [       ome.security.basic.CurrentDetails] (.Server-12) Adding log:INSERT,class ome.model.core.LogicalChannel,2201
2024-10-11 09:25:30,597 INFO  [       ome.security.basic.CurrentDetails] (.Server-12) Adding log:INSERT,class ome.model.core.Channel,2201
2024-10-11 09:25:30,597 INFO  [       ome.security.basic.CurrentDetails] (.Server-12) Adding log:INSERT,class ome.model.core.LogicalChannel,2202
2024-10-11 09:25:30,597 INFO  [       ome.security.basic.CurrentDetails] (.Server-12) Adding log:INSERT,class ome.model.core.Channel,2202
2024-10-11 09:25:30,597 INFO  [       ome.security.basic.CurrentDetails] (.Server-12) Adding log:INSERT,class ome.model.core.LogicalChannel,2203
2024-10-11 09:25:30,598 INFO  [       ome.security.basic.CurrentDetails] (.Server-12) Adding log:INSERT,class ome.model.core.Channel,2203
2024-10-11 09:25:30,598 INFO  [       ome.security.basic.CurrentDetails] (.Server-12) Adding log:INSERT,class ome.model.core.LogicalChannel,2204
2024-10-11 09:25:30,598 INFO  [       ome.security.basic.CurrentDetails] (.Server-12) Adding log:INSERT,class ome.model.core.Channel,2204
2024-10-11 09:25:30,598 INFO  [       ome.security.basic.CurrentDetails] (.Server-12) Adding log:INSERT,class ome.model.core.LogicalChannel,2205
2024-10-11 09:25:30,599 INFO  [       ome.security.basic.CurrentDetails] (.Server-12) Adding log:INSERT,class ome.model.core.Channel,2205
2024-10-11 09:25:30,599 INFO  [       ome.security.basic.CurrentDetails] (.Server-12) Adding log:INSERT,class ome.model.core.LogicalChannel,2206
2024-10-11 09:25:30,599 INFO  [       ome.security.basic.CurrentDetails] (.Server-12) Adding log:INSERT,class ome.model.core.Channel,2206
2024-10-11 09:25:30,599 INFO  [       ome.security.basic.CurrentDetails] (.Server-12) Adding log:INSERT,class ome.model.core.LogicalChannel,2207
2024-10-11 09:25:30,600 INFO  [       ome.security.basic.CurrentDetails] (.Server-12) Adding log:INSERT,class ome.model.core.Channel,2207
2024-10-11 09:25:30,600 INFO  [       ome.security.basic.CurrentDetails] (.Server-12) Adding log:INSERT,class ome.model.core.LogicalChannel,2208
2024-10-11 09:25:30,600 INFO  [       ome.security.basic.CurrentDetails] (.Server-12) Adding log:INSERT,class ome.model.core.Channel,2208
2024-10-11 09:25:30,601 INFO  [       ome.security.basic.CurrentDetails] (.Server-12) Adding log:INSERT,class ome.model.core.LogicalChannel,2209
2024-10-11 09:25:30,601 INFO  [       ome.security.basic.CurrentDetails] (.Server-12) Adding log:INSERT,class ome.model.core.Channel,2209
2024-10-11 09:25:30,601 INFO  [       ome.security.basic.CurrentDetails] (.Server-12) Adding log:INSERT,class ome.model.core.LogicalChannel,2210
2024-10-11 09:25:30,601 INFO  [       ome.security.basic.CurrentDetails] (.Server-12) Adding log:INSERT,class ome.model.core.Channel,2210
2024-10-11 09:25:30,601 INFO  [       ome.security.basic.CurrentDetails] (.Server-12) Adding log:INSERT,class ome.model.core.LogicalChannel,2211
2024-10-11 09:25:30,602 INFO  [       ome.security.basic.CurrentDetails] (.Server-12) Adding log:INSERT,class ome.model.core.Channel,2211
2024-10-11 09:25:30,602 INFO  [       ome.security.basic.CurrentDetails] (.Server-12) Adding log:INSERT,class ome.model.core.LogicalChannel,2212
2024-10-11 09:25:30,602 INFO  [       ome.security.basic.CurrentDetails] (.Server-12) Adding log:INSERT,class ome.model.core.Channel,2212
2024-10-11 09:25:30,602 INFO  [       ome.security.basic.CurrentDetails] (.Server-12) Adding log:INSERT,class ome.model.core.LogicalChannel,2213
2024-10-11 09:25:30,603 INFO  [       ome.security.basic.CurrentDetails] (.Server-12) Adding log:INSERT,class ome.model.core.Channel,2213
2024-10-11 09:25:30,603 INFO  [       ome.security.basic.CurrentDetails] (.Server-12) Adding log:INSERT,class ome.model.core.LogicalChannel,2214
2024-10-11 09:25:30,603 INFO  [       ome.security.basic.CurrentDetails] (.Server-12) Adding log:INSERT,class ome.model.core.Channel,2214
2024-10-11 09:25:30,603 INFO  [       ome.security.basic.CurrentDetails] (.Server-12) Adding log:INSERT,class ome.model.core.LogicalChannel,2215
2024-10-11 09:25:30,603 INFO  [       ome.security.basic.CurrentDetails] (.Server-12) Adding log:INSERT,class ome.model.core.Channel,2215
2024-10-11 09:25:30,604 INFO  [       ome.security.basic.CurrentDetails] (.Server-12) Adding log:INSERT,class ome.model.core.LogicalChannel,2216
2024-10-11 09:25:30,604 INFO  [       ome.security.basic.CurrentDetails] (.Server-12) Adding log:INSERT,class ome.model.core.Channel,2216
2024-10-11 09:25:30,604 INFO  [       ome.security.basic.CurrentDetails] (.Server-12) Adding log:INSERT,class ome.model.core.LogicalChannel,2217
2024-10-11 09:25:30,604 INFO  [       ome.security.basic.CurrentDetails] (.Server-12) Adding log:INSERT,class ome.model.core.Channel,2217
2024-10-11 09:25:30,605 INFO  [       ome.security.basic.CurrentDetails] (.Server-12) Adding log:INSERT,class ome.model.core.LogicalChannel,2218
2024-10-11 09:25:30,605 INFO  [       ome.security.basic.CurrentDetails] (.Server-12) Adding log:INSERT,class ome.model.core.Channel,2218
2024-10-11 09:25:30,605 INFO  [       ome.security.basic.CurrentDetails] (.Server-12) Adding log:INSERT,class ome.model.core.LogicalChannel,2219
2024-10-11 09:25:30,605 INFO  [       ome.security.basic.CurrentDetails] (.Server-12) Adding log:INSERT,class ome.model.core.Channel,2219
2024-10-11 09:25:30,606 INFO  [       ome.security.basic.CurrentDetails] (.Server-12) Adding log:INSERT,class ome.model.core.LogicalChannel,2220
2024-10-11 09:25:30,606 INFO  [       ome.security.basic.CurrentDetails] (.Server-12) Adding log:INSERT,class ome.model.core.Channel,2220
2024-10-11 09:25:30,606 INFO  [       ome.security.basic.CurrentDetails] (.Server-12) Adding log:INSERT,class ome.model.core.LogicalChannel,2221
2024-10-11 09:25:30,606 INFO  [       ome.security.basic.CurrentDetails] (.Server-12) Adding log:INSERT,class ome.model.core.Channel,2221
2024-10-11 09:25:30,607 INFO  [       ome.security.basic.CurrentDetails] (.Server-12) Adding log:INSERT,class ome.model.core.LogicalChannel,2222
2024-10-11 09:25:30,607 INFO  [       ome.security.basic.CurrentDetails] (.Server-12) Adding log:INSERT,class ome.model.core.Channel,2222
2024-10-11 09:25:30,618 INFO  [                 org.perf4j.TimingLogger] (.Server-12) start[1728638730572] time[46] tag[omero.saveImportGraph]
2024-10-11 09:25:30,630 INFO  [                 org.perf4j.TimingLogger] (.Server-12) start[1728638730566] time[63] tag[omero.call.success.ome.services.blitz.impl.MetadataStoreI$3.doWork]
2024-10-11 09:25:30,632 INFO  [                 org.perf4j.TimingLogger] (2-thread-9) start[1728638730558] time[74] tag[omero.import.request.metadata]
2024-10-11 09:25:30,633 INFO  [    ome.security.basic.BasicEventContext] (l.Server-9)  cctx:	group=0
2024-10-11 09:25:30,634 INFO  [         ome.security.basic.EventHandler] (l.Server-9)  Auth:	user=0,group=0,event=null(User),sess=83be404c-1957-46d4-a36b-f9feca68dcf3
2024-10-11 09:25:30,635 INFO  [                 org.perf4j.TimingLogger] (l.Server-9) start[1728638730632] time[2] tag[omero.call.success.ome.logic.QueryImpl.get]
2024-10-11 09:25:30,636 INFO  [    ome.security.basic.BasicEventContext] (.Server-15)  cctx:	group=0
2024-10-11 09:25:30,640 INFO  [         ome.security.basic.EventHandler] (.Server-15)  Auth:	user=0,group=0,event=28801(User),sess=83be404c-1957-46d4-a36b-f9feca68dcf3
2024-10-11 09:25:30,641 INFO  [       ome.security.basic.CurrentDetails] (.Server-15) Adding log:UPDATE,class ome.model.core.OriginalFile,3151
2024-10-11 09:25:30,646 INFO  [                 org.perf4j.TimingLogger] (.Server-15) start[1728638730636] time[10] tag[omero.call.success.ome.logic.UpdateImpl.saveObject]
2024-10-11 09:25:30,646 INFO  [                 org.perf4j.TimingLogger] (2-thread-9) start[1728638730558] time[88] tag[omero.import.request.step]
2024-10-11 09:25:30,646 DEBUG [    o.s.blitz.repo.ManagedImportRequestI] (2-thread-9) Step 1
2024-10-11 09:25:30,646 DEBUG [    o.s.blitz.repo.ManagedImportRequestI] (2-thread-9) Plane:0 X:0 Y:0 TileWidth:2048 TileHeight:2048 arrayBuf.length:8388608
2024-10-11 09:25:30,701 DEBUG [    o.s.blitz.repo.ManagedImportRequestI] (2-thread-9) Plane:1 X:0 Y:0 TileWidth:2048 TileHeight:2048 arrayBuf.length:8388608
2024-10-11 09:25:30,749 DEBUG [    o.s.blitz.repo.ManagedImportRequestI] (2-thread-9) Plane:2 X:0 Y:0 TileWidth:2048 TileHeight:2048 arrayBuf.length:8388608
2024-10-11 09:25:30,840 DEBUG [    o.s.blitz.repo.ManagedImportRequestI] (2-thread-9) Plane:3 X:0 Y:0 TileWidth:2048 TileHeight:2048 arrayBuf.length:8388608
2024-10-11 09:25:30,921 DEBUG [    o.s.blitz.repo.ManagedImportRequestI] (2-thread-9) Plane:4 X:0 Y:0 TileWidth:2048 TileHeight:2048 arrayBuf.length:8388608
2024-10-11 09:25:30,974 DEBUG [    o.s.blitz.repo.ManagedImportRequestI] (2-thread-9) Plane:5 X:0 Y:0 TileWidth:2048 TileHeight:2048 arrayBuf.length:8388608
2024-10-11 09:25:31,035 DEBUG [    o.s.blitz.repo.ManagedImportRequestI] (2-thread-9) Plane:6 X:0 Y:0 TileWidth:2048 TileHeight:2048 arrayBuf.length:8388608
2024-10-11 09:25:31,095 DEBUG [    o.s.blitz.repo.ManagedImportRequestI] (2-thread-9) Plane:7 X:0 Y:0 TileWidth:2048 TileHeight:2048 arrayBuf.length:8388608
2024-10-11 09:25:31,164 DEBUG [    o.s.blitz.repo.ManagedImportRequestI] (2-thread-9) Plane:8 X:0 Y:0 TileWidth:2048 TileHeight:2048 arrayBuf.length:8388608
2024-10-11 09:25:31,219 DEBUG [    o.s.blitz.repo.ManagedImportRequestI] (2-thread-9) Plane:9 X:0 Y:0 TileWidth:2048 TileHeight:2048 arrayBuf.length:8388608
2024-10-11 09:25:31,274 DEBUG [    o.s.blitz.repo.ManagedImportRequestI] (2-thread-9) Plane:10 X:0 Y:0 TileWidth:2048 TileHeight:2048 arrayBuf.length:8388608
2024-10-11 09:25:31,328 DEBUG [    o.s.blitz.repo.ManagedImportRequestI] (2-thread-9) Plane:11 X:0 Y:0 TileWidth:2048 TileHeight:2048 arrayBuf.length:8388608
2024-10-11 09:25:31,380 DEBUG [    o.s.blitz.repo.ManagedImportRequestI] (2-thread-9) Plane:12 X:0 Y:0 TileWidth:2048 TileHeight:2048 arrayBuf.length:8388608
2024-10-11 09:25:31,460 DEBUG [    o.s.blitz.repo.ManagedImportRequestI] (2-thread-9) Plane:13 X:0 Y:0 TileWidth:2048 TileHeight:2048 arrayBuf.length:8388608
2024-10-11 09:25:31,516 DEBUG [    o.s.blitz.repo.ManagedImportRequestI] (2-thread-9) Plane:14 X:0 Y:0 TileWidth:2048 TileHeight:2048 arrayBuf.length:8388608
2024-10-11 09:25:31,576 DEBUG [    o.s.blitz.repo.ManagedImportRequestI] (2-thread-9) Plane:15 X:0 Y:0 TileWidth:2048 TileHeight:2048 arrayBuf.length:8388608
2024-10-11 09:25:31,631 DEBUG [    o.s.blitz.repo.ManagedImportRequestI] (2-thread-9) Plane:16 X:0 Y:0 TileWidth:2048 TileHeight:2048 arrayBuf.length:8388608
2024-10-11 09:25:31,694 DEBUG [    o.s.blitz.repo.ManagedImportRequestI] (2-thread-9) Plane:17 X:0 Y:0 TileWidth:2048 TileHeight:2048 arrayBuf.length:8388608
2024-10-11 09:25:31,772 DEBUG [    o.s.blitz.repo.ManagedImportRequestI] (2-thread-9) Plane:18 X:0 Y:0 TileWidth:2048 TileHeight:2048 arrayBuf.length:8388608
2024-10-11 09:25:31,826 DEBUG [    o.s.blitz.repo.ManagedImportRequestI] (2-thread-9) Plane:19 X:0 Y:0 TileWidth:2048 TileHeight:2048 arrayBuf.length:8388608
2024-10-11 09:25:31,896 DEBUG [    o.s.blitz.repo.ManagedImportRequestI] (2-thread-9) Plane:20 X:0 Y:0 TileWidth:2048 TileHeight:2048 arrayBuf.length:8388608
2024-10-11 09:25:31,943 DEBUG [    o.s.blitz.repo.ManagedImportRequestI] (2-thread-9) Plane:21 X:0 Y:0 TileWidth:2048 TileHeight:2048 arrayBuf.length:8388608
2024-10-11 09:25:32,019 DEBUG [    o.s.blitz.repo.ManagedImportRequestI] (2-thread-9) Plane:22 X:0 Y:0 TileWidth:2048 TileHeight:2048 arrayBuf.length:8388608
2024-10-11 09:25:32,070 DEBUG [    o.s.blitz.repo.ManagedImportRequestI] (2-thread-9) Plane:23 X:0 Y:0 TileWidth:2048 TileHeight:2048 arrayBuf.length:8388608
2024-10-11 09:25:32,160 DEBUG [    o.s.blitz.repo.ManagedImportRequestI] (2-thread-9) Plane:24 X:0 Y:0 TileWidth:2048 TileHeight:2048 arrayBuf.length:8388608
2024-10-11 09:25:32,254 DEBUG [    o.s.blitz.repo.ManagedImportRequestI] (2-thread-9) Plane:25 X:0 Y:0 TileWidth:2048 TileHeight:2048 arrayBuf.length:8388608
2024-10-11 09:25:32,338 DEBUG [    o.s.blitz.repo.ManagedImportRequestI] (2-thread-9) Plane:26 X:0 Y:0 TileWidth:2048 TileHeight:2048 arrayBuf.length:8388608
2024-10-11 09:25:32,407 DEBUG [    o.s.blitz.repo.ManagedImportRequestI] (2-thread-9) Plane:27 X:0 Y:0 TileWidth:2048 TileHeight:2048 arrayBuf.length:8388608
2024-10-11 09:25:32,460 DEBUG [    o.s.blitz.repo.ManagedImportRequestI] (2-thread-9) Plane:28 X:0 Y:0 TileWidth:2048 TileHeight:2048 arrayBuf.length:8388608
2024-10-11 09:25:32,532 DEBUG [    o.s.blitz.repo.ManagedImportRequestI] (2-thread-9) Plane:29 X:0 Y:0 TileWidth:2048 TileHeight:2048 arrayBuf.length:8388608
2024-10-11 09:25:32,601 DEBUG [    o.s.blitz.repo.ManagedImportRequestI] (2-thread-9) Plane:30 X:0 Y:0 TileWidth:2048 TileHeight:2048 arrayBuf.length:8388608
2024-10-11 09:25:32,660 DEBUG [    o.s.blitz.repo.ManagedImportRequestI] (2-thread-9) Plane:31 X:0 Y:0 TileWidth:2048 TileHeight:2048 arrayBuf.length:8388608
2024-10-11 09:25:32,718 DEBUG [    o.s.blitz.repo.ManagedImportRequestI] (2-thread-9) Plane:32 X:0 Y:0 TileWidth:2048 TileHeight:2048 arrayBuf.length:8388608
2024-10-11 09:25:32,797 DEBUG [    o.s.blitz.repo.ManagedImportRequestI] (2-thread-9) Plane:33 X:0 Y:0 TileWidth:2048 TileHeight:2048 arrayBuf.length:8388608
2024-10-11 09:25:32,868 DEBUG [    o.s.blitz.repo.ManagedImportRequestI] (2-thread-9) Plane:34 X:0 Y:0 TileWidth:2048 TileHeight:2048 arrayBuf.length:8388608
2024-10-11 09:25:32,943 DEBUG [    o.s.blitz.repo.ManagedImportRequestI] (2-thread-9) Plane:35 X:0 Y:0 TileWidth:2048 TileHeight:2048 arrayBuf.length:8388608
2024-10-11 09:25:33,014 DEBUG [    o.s.blitz.repo.ManagedImportRequestI] (2-thread-9) Plane:36 X:0 Y:0 TileWidth:2048 TileHeight:2048 arrayBuf.length:8388608
2024-10-11 09:25:33,073 DEBUG [    o.s.blitz.repo.ManagedImportRequestI] (2-thread-9) Plane:37 X:0 Y:0 TileWidth:2048 TileHeight:2048 arrayBuf.length:8388608
2024-10-11 09:25:33,154 DEBUG [    o.s.blitz.repo.ManagedImportRequestI] (2-thread-9) Plane:38 X:0 Y:0 TileWidth:2048 TileHeight:2048 arrayBuf.length:8388608
2024-10-11 09:25:33,214 DEBUG [    o.s.blitz.repo.ManagedImportRequestI] (2-thread-9) Plane:39 X:0 Y:0 TileWidth:2048 TileHeight:2048 arrayBuf.length:8388608
2024-10-11 09:25:33,274 DEBUG [    o.s.blitz.repo.ManagedImportRequestI] (2-thread-9) Plane:40 X:0 Y:0 TileWidth:2048 TileHeight:2048 arrayBuf.length:8388608
2024-10-11 09:25:33,353 DEBUG [    o.s.blitz.repo.ManagedImportRequestI] (2-thread-9) Plane:41 X:0 Y:0 TileWidth:2048 TileHeight:2048 arrayBuf.length:8388608
2024-10-11 09:25:33,414 DEBUG [    o.s.blitz.repo.ManagedImportRequestI] (2-thread-9) Plane:42 X:0 Y:0 TileWidth:2048 TileHeight:2048 arrayBuf.length:8388608
2024-10-11 09:25:33,470 DEBUG [    o.s.blitz.repo.ManagedImportRequestI] (2-thread-9) Plane:43 X:0 Y:0 TileWidth:2048 TileHeight:2048 arrayBuf.length:8388608
2024-10-11 09:25:33,550 INFO  [    ome.security.basic.BasicEventContext] (.Server-10)  cctx:	group=0
2024-10-11 09:25:33,562 INFO  [         ome.security.basic.EventHandler] (.Server-10)  Auth:	user=0,group=0,event=28856(User),sess=83be404c-1957-46d4-a36b-f9feca68dcf3
2024-10-11 09:25:33,576 INFO  [                 org.perf4j.TimingLogger] (.Server-10) start[1728638733548] time[27] tag[omero.call.success.ome.services.blitz.impl.MetadataStoreI$7.doWork]
2024-10-11 09:25:33,581 INFO  [    ome.security.basic.BasicEventContext] (.Server-15)  cctx:	group=0
2024-10-11 09:25:33,585 INFO  [         ome.security.basic.EventHandler] (.Server-15)  Auth:	user=0,group=0,event=28857(User),sess=83be404c-1957-46d4-a36b-f9feca68dcf3
2024-10-11 09:25:33,747 INFO  [       ome.security.basic.CurrentDetails] (.Server-15) Adding log:UPDATE,class ome.model.core.Pixels,238
2024-10-11 09:25:33,753 INFO  [                 org.perf4j.TimingLogger] (.Server-15) start[1728638733580] time[173] tag[omero.call.success.ome.logic.UpdateImpl.saveArray]
2024-10-11 09:25:33,757 INFO  [    ome.security.basic.BasicEventContext] (l.Server-4)  cctx:	group=0
2024-10-11 09:25:33,760 INFO  [         ome.security.basic.EventHandler] (l.Server-4)  Auth:	user=0,group=0,event=28858(User),sess=83be404c-1957-46d4-a36b-f9feca68dcf3
2024-10-11 09:25:33,806 INFO  [                 org.perf4j.TimingLogger] (l.Server-4) start[1728638733756] time[50] tag[omero.call.success.ome.services.blitz.impl.MetadataStoreI$2.doWork]
2024-10-11 09:25:33,807 INFO  [                 org.perf4j.TimingLogger] (2-thread-9) start[1728638730646] time[3160] tag[omero.import.request.pixels]
2024-10-11 09:25:33,808 INFO  [    ome.security.basic.BasicEventContext] (.Server-11)  cctx:	group=0
2024-10-11 09:25:33,809 INFO  [         ome.security.basic.EventHandler] (.Server-11)  Auth:	user=0,group=0,event=null(User),sess=83be404c-1957-46d4-a36b-f9feca68dcf3
2024-10-11 09:25:33,810 INFO  [                 org.perf4j.TimingLogger] (.Server-11) start[1728638733808] time[2] tag[omero.call.success.ome.logic.QueryImpl.get]
2024-10-11 09:25:33,812 INFO  [    ome.security.basic.BasicEventContext] (.Server-15)  cctx:	group=0
2024-10-11 09:25:33,815 INFO  [         ome.security.basic.EventHandler] (.Server-15)  Auth:	user=0,group=0,event=28859(User),sess=83be404c-1957-46d4-a36b-f9feca68dcf3
2024-10-11 09:25:33,817 INFO  [       ome.security.basic.CurrentDetails] (.Server-15) Adding log:UPDATE,class ome.model.core.OriginalFile,3151
2024-10-11 09:25:33,823 INFO  [                 org.perf4j.TimingLogger] (.Server-15) start[1728638733811] time[11] tag[omero.call.success.ome.logic.UpdateImpl.saveObject]
2024-10-11 09:25:33,823 INFO  [                 org.perf4j.TimingLogger] (2-thread-9) start[1728638730646] time[3176] tag[omero.import.request.step]
2024-10-11 09:25:33,823 DEBUG [    o.s.blitz.repo.ManagedImportRequestI] (2-thread-9) Step 2
2024-10-11 09:25:33,825 INFO  [    ome.security.basic.BasicEventContext] (.Server-14)  cctx:	group=0
2024-10-11 09:25:33,834 INFO  [         ome.security.basic.EventHandler] (.Server-14)  Auth:	user=0,group=0,event=28860(User),sess=83be404c-1957-46d4-a36b-f9feca68dcf3
2024-10-11 09:25:33,840 INFO  [                 org.perf4j.TimingLogger] (.Server-14) start[1728638733834] time[5] tag[omero.loadPixels]
2024-10-11 09:25:33,848 INFO  [                 org.perf4j.TimingLogger] (.Server-14) start[1728638733843] time[4] tag[omero.loadRenderingSettingsByUser]
2024-10-11 09:25:33,867 DEBUG [                   loci.formats.Memoizer] (.Server-14) start[1728638733852] time[14] tag[loci.formats.Memoizer.loadMemo]
2024-10-11 09:25:33,886 INFO  [                loci.formats.ImageReader] (.Server-14) IonpathMIBITiffReader initializing /OMERO/ManagedRepository/root_0/2024-10/11/09-25-29.084/TA459_multipleCores2_Run-4_Point17.tiff
2024-10-11 09:25:33,887 INFO  [       loci.formats.in.MinimalTiffReader] (.Server-14) Reading IFDs
2024-10-11 09:25:33,888 INFO  [       loci.formats.in.MinimalTiffReader] (.Server-14) Populating metadata
2024-10-11 09:25:33,890 INFO  [          loci.formats.in.BaseTiffReader] (.Server-14) Populating OME metadata
2024-10-11 09:25:33,901 DEBUG [                   loci.formats.Memoizer] (.Server-14) saved to temp file: /OMERO/BioFormatsCache/OMERO/ManagedRepository/root_0/2024-10/11/09-25-29.084/.TA459_multipleCores2_Run-4_Point17.tiff.bfmemo14946153243334185018
2024-10-11 09:25:33,901 DEBUG [                   loci.formats.Memoizer] (.Server-14) start[1728638733897] time[4] tag[loci.formats.Memoizer.saveMemo]
2024-10-11 09:25:33,901 DEBUG [                   loci.formats.Memoizer] (.Server-14) saved memo file: /OMERO/BioFormatsCache/OMERO/ManagedRepository/root_0/2024-10/11/09-25-29.084/.TA459_multipleCores2_Run-4_Point17.tiff.bfmemo (50732 bytes)
2024-10-11 09:25:33,901 DEBUG [                   loci.formats.Memoizer] (.Server-14) start[1728638733852] time[49] tag[loci.formats.Memoizer.setId]
2024-10-11 09:25:33,924 INFO  [       ome.security.basic.CurrentDetails] (.Server-14) Adding log:INSERT,class ome.model.display.QuantumDef,238
2024-10-11 09:25:33,924 INFO  [       ome.security.basic.CurrentDetails] (.Server-14) Adding log:INSERT,class ome.model.display.RenderingDef,238
2024-10-11 09:25:33,925 INFO  [       ome.security.basic.CurrentDetails] (.Server-14) Adding log:INSERT,class ome.model.display.ChannelBinding,2179
2024-10-11 09:25:33,925 INFO  [       ome.security.basic.CurrentDetails] (.Server-14) Adding log:INSERT,class ome.model.display.ChannelBinding,2180
2024-10-11 09:25:33,925 INFO  [       ome.security.basic.CurrentDetails] (.Server-14) Adding log:INSERT,class ome.model.display.ChannelBinding,2181
2024-10-11 09:25:33,925 INFO  [       ome.security.basic.CurrentDetails] (.Server-14) Adding log:INSERT,class ome.model.display.ChannelBinding,2182
2024-10-11 09:25:33,926 INFO  [       ome.security.basic.CurrentDetails] (.Server-14) Adding log:INSERT,class ome.model.display.ChannelBinding,2183
2024-10-11 09:25:33,926 INFO  [       ome.security.basic.CurrentDetails] (.Server-14) Adding log:INSERT,class ome.model.display.ChannelBinding,2184
2024-10-11 09:25:33,926 INFO  [       ome.security.basic.CurrentDetails] (.Server-14) Adding log:INSERT,class ome.model.display.ChannelBinding,2185
2024-10-11 09:25:33,926 INFO  [       ome.security.basic.CurrentDetails] (.Server-14) Adding log:INSERT,class ome.model.display.ChannelBinding,2186
2024-10-11 09:25:33,926 INFO  [       ome.security.basic.CurrentDetails] (.Server-14) Adding log:INSERT,class ome.model.display.ChannelBinding,2187
2024-10-11 09:25:33,927 INFO  [       ome.security.basic.CurrentDetails] (.Server-14) Adding log:INSERT,class ome.model.display.ChannelBinding,2188
2024-10-11 09:25:33,927 INFO  [       ome.security.basic.CurrentDetails] (.Server-14) Adding log:INSERT,class ome.model.display.ChannelBinding,2189
2024-10-11 09:25:33,927 INFO  [       ome.security.basic.CurrentDetails] (.Server-14) Adding log:INSERT,class ome.model.display.ChannelBinding,2190
2024-10-11 09:25:33,927 INFO  [       ome.security.basic.CurrentDetails] (.Server-14) Adding log:INSERT,class ome.model.display.ChannelBinding,2191
2024-10-11 09:25:33,927 INFO  [       ome.security.basic.CurrentDetails] (.Server-14) Adding log:INSERT,class ome.model.display.ChannelBinding,2192
2024-10-11 09:25:33,927 INFO  [       ome.security.basic.CurrentDetails] (.Server-14) Adding log:INSERT,class ome.model.display.ChannelBinding,2193
2024-10-11 09:25:33,928 INFO  [       ome.security.basic.CurrentDetails] (.Server-14) Adding log:INSERT,class ome.model.display.ChannelBinding,2194
2024-10-11 09:25:33,928 INFO  [       ome.security.basic.CurrentDetails] (.Server-14) Adding log:INSERT,class ome.model.display.ChannelBinding,2195
2024-10-11 09:25:33,928 INFO  [       ome.security.basic.CurrentDetails] (.Server-14) Adding log:INSERT,class ome.model.display.ChannelBinding,2196
2024-10-11 09:25:33,928 INFO  [       ome.security.basic.CurrentDetails] (.Server-14) Adding log:INSERT,class ome.model.display.ChannelBinding,2197
2024-10-11 09:25:33,928 INFO  [       ome.security.basic.CurrentDetails] (.Server-14) Adding log:INSERT,class ome.model.display.ChannelBinding,2198
2024-10-11 09:25:33,929 INFO  [       ome.security.basic.CurrentDetails] (.Server-14) Adding log:INSERT,class ome.model.display.ChannelBinding,2199
2024-10-11 09:25:33,929 INFO  [       ome.security.basic.CurrentDetails] (.Server-14) Adding log:INSERT,class ome.model.display.ChannelBinding,2200
2024-10-11 09:25:33,929 INFO  [       ome.security.basic.CurrentDetails] (.Server-14) Adding log:INSERT,class ome.model.display.ChannelBinding,2201
2024-10-11 09:25:33,929 INFO  [       ome.security.basic.CurrentDetails] (.Server-14) Adding log:INSERT,class ome.model.display.ChannelBinding,2202
2024-10-11 09:25:33,929 INFO  [       ome.security.basic.CurrentDetails] (.Server-14) Adding log:INSERT,class ome.model.display.ChannelBinding,2203
2024-10-11 09:25:33,929 INFO  [       ome.security.basic.CurrentDetails] (.Server-14) Adding log:INSERT,class ome.model.display.ChannelBinding,2204
2024-10-11 09:25:33,930 INFO  [       ome.security.basic.CurrentDetails] (.Server-14) Adding log:INSERT,class ome.model.display.ChannelBinding,2205
2024-10-11 09:25:33,930 INFO  [       ome.security.basic.CurrentDetails] (.Server-14) Adding log:INSERT,class ome.model.display.ChannelBinding,2206
2024-10-11 09:25:33,930 INFO  [       ome.security.basic.CurrentDetails] (.Server-14) Adding log:INSERT,class ome.model.display.ChannelBinding,2207
2024-10-11 09:25:33,930 INFO  [       ome.security.basic.CurrentDetails] (.Server-14) Adding log:INSERT,class ome.model.display.ChannelBinding,2208
2024-10-11 09:25:33,931 INFO  [       ome.security.basic.CurrentDetails] (.Server-14) Adding log:INSERT,class ome.model.display.ChannelBinding,2209
2024-10-11 09:25:33,931 INFO  [       ome.security.basic.CurrentDetails] (.Server-14) Adding log:INSERT,class ome.model.display.ChannelBinding,2210
2024-10-11 09:25:33,931 INFO  [       ome.security.basic.CurrentDetails] (.Server-14) Adding log:INSERT,class ome.model.display.ChannelBinding,2211
2024-10-11 09:25:33,931 INFO  [       ome.security.basic.CurrentDetails] (.Server-14) Adding log:INSERT,class ome.model.display.ChannelBinding,2212
2024-10-11 09:25:33,931 INFO  [       ome.security.basic.CurrentDetails] (.Server-14) Adding log:INSERT,class ome.model.display.ChannelBinding,2213
2024-10-11 09:25:33,931 INFO  [       ome.security.basic.CurrentDetails] (.Server-14) Adding log:INSERT,class ome.model.display.ChannelBinding,2214
2024-10-11 09:25:33,932 INFO  [       ome.security.basic.CurrentDetails] (.Server-14) Adding log:INSERT,class ome.model.display.ChannelBinding,2215
2024-10-11 09:25:33,932 INFO  [       ome.security.basic.CurrentDetails] (.Server-14) Adding log:INSERT,class ome.model.display.ChannelBinding,2216
2024-10-11 09:25:33,932 INFO  [       ome.security.basic.CurrentDetails] (.Server-14) Adding log:INSERT,class ome.model.display.ChannelBinding,2217
2024-10-11 09:25:33,932 INFO  [       ome.security.basic.CurrentDetails] (.Server-14) Adding log:INSERT,class ome.model.display.ChannelBinding,2218
2024-10-11 09:25:33,933 INFO  [       ome.security.basic.CurrentDetails] (.Server-14) Adding log:INSERT,class ome.model.display.ChannelBinding,2219
2024-10-11 09:25:33,933 INFO  [       ome.security.basic.CurrentDetails] (.Server-14) Adding log:INSERT,class ome.model.display.ChannelBinding,2220
2024-10-11 09:25:33,933 INFO  [       ome.security.basic.CurrentDetails] (.Server-14) Adding log:INSERT,class ome.model.display.ChannelBinding,2221
2024-10-11 09:25:33,933 INFO  [       ome.security.basic.CurrentDetails] (.Server-14) Adding log:INSERT,class ome.model.display.ChannelBinding,2222
2024-10-11 09:25:33,942 INFO  [                 org.perf4j.TimingLogger] (.Server-14) start[1728638733917] time[24] tag[omero.resetDefaultsInSet.saveAndReturn]
2024-10-11 09:25:33,942 INFO  [                 org.perf4j.TimingLogger] (.Server-14) start[1728638733834] time[107] tag[omero.resetDefaultsInSet]
2024-10-11 09:25:33,951 INFO  [                 org.perf4j.TimingLogger] (.Server-14) start[1728638733824] time[126] tag[omero.call.success.ome.logic.RenderingSettingsImpl.resetDefaultsInSet]
2024-10-11 09:25:33,960 INFO  [    ome.security.basic.BasicEventContext] (.Server-11)  cctx:	group=0
2024-10-11 09:25:33,964 INFO  [         ome.security.basic.EventHandler] (.Server-11)  Auth:	user=0,group=0,event=28861(User),sess=83be404c-1957-46d4-a36b-f9feca68dcf3
2024-10-11 09:25:33,966 INFO  [                 org.perf4j.TimingLogger] (.Server-11) start[1728638733964] time[2] tag[omero.bulkLoadRenderingSettings]
2024-10-11 09:25:33,966 INFO  [                 org.perf4j.TimingLogger] (.Server-11) start[1728638733966] time[0] tag[omero.createAndPrepareMissingRenderingSettings]
2024-10-11 09:25:33,968 INFO  [                 org.perf4j.TimingLogger] (.Server-11) start[1728638733967] time[1] tag[omero.bulkLoadMetadata]
2024-10-11 09:25:33,969 INFO  [                 org.perf4j.TimingLogger] (.Server-11) start[1728638733967] time[2] tag[omero.loadMetadataByDimensionPool]
2024-10-11 09:25:33,972 INFO  [       ome.security.basic.CurrentDetails] (.Server-11) Adding log:INSERT,class ome.model.display.Thumbnail,238
2024-10-11 09:25:33,974 INFO  [                 org.perf4j.TimingLogger] (.Server-11) start[1728638733973] time[0] tag[omero.bulkLoadMetadata]
2024-10-11 09:25:33,974 INFO  [                 org.perf4j.TimingLogger] (.Server-11) start[1728638733973] time[1] tag[omero.loadMetadataByDimensionPool]
2024-10-11 09:25:33,974 INFO  [                 org.perf4j.TimingLogger] (.Server-11) start[1728638733969] time[4] tag[omero.createMissingThumbnailMetadata]
2024-10-11 09:25:33,974 INFO  [    ome.security.basic.BasicEventContext] (.Server-11)  cctx:	group=0
2024-10-11 09:25:33,978 INFO  [         ome.security.basic.EventHandler] (.Server-11)  Auth:	user=0,group=0,event=28862(User),sess=83be404c-1957-46d4-a36b-f9feca68dcf3
2024-10-11 09:25:33,980 INFO  [                 org.perf4j.TimingLogger] (.Server-11) start[1728638733980] time[0] tag[omero._createThumbnail(thumbMetaData)]
2024-10-11 09:25:34,006 DEBUG [                   loci.formats.Memoizer] (.Server-11) loaded memo file: /OMERO/BioFormatsCache/OMERO/ManagedRepository/root_0/2024-10/11/09-25-29.084/.TA459_multipleCores2_Run-4_Point17.tiff.bfmemo (50732 bytes)
2024-10-11 09:25:34,006 DEBUG [                   loci.formats.Memoizer] (.Server-11) start[1728638733994] time[11] tag[loci.formats.Memoizer.loadMemo]
2024-10-11 09:25:34,006 DEBUG [                   loci.formats.Memoizer] (.Server-11) start[1728638733994] time[12] tag[loci.formats.Memoizer.setId]
2024-10-11 09:25:34,064 INFO  [       ome.logic.JavaImageScalingService] (.Server-11) Scaling to: 96x96
2024-10-11 09:25:34,088 INFO  [                 org.perf4j.TimingLogger] (.Server-11) start[1728638734064] time[24] tag[java-image-scaling.resampleOp]
2024-10-11 09:25:34,092 INFO  [                 org.perf4j.TimingLogger] (.Server-11) start[1728638733980] time[111] tag[omero._createThumbnail]
2024-10-11 09:25:34,098 INFO  [                 org.perf4j.TimingLogger] (.Server-11) start[1728638733952] time[145] tag[omero.call.success.ome.services.ThumbnailBean.createThumbnailsByLongestSideSet]
2024-10-11 09:25:34,098 INFO  [                 org.perf4j.TimingLogger] (2-thread-9) start[1728638733823] time[274] tag[omero.import.request.thumbs]
2024-10-11 09:25:34,100 INFO  [    ome.security.basic.BasicEventContext] (.Server-13)  cctx:	group=0
2024-10-11 09:25:34,102 INFO  [         ome.security.basic.EventHandler] (.Server-13)  Auth:	user=0,group=0,event=null(User),sess=83be404c-1957-46d4-a36b-f9feca68dcf3
2024-10-11 09:25:34,104 INFO  [                 org.perf4j.TimingLogger] (.Server-13) start[1728638734099] time[5] tag[omero.call.success.ome.logic.QueryImpl.get]
2024-10-11 09:25:34,106 INFO  [    ome.security.basic.BasicEventContext] (.Server-12)  cctx:	group=0
2024-10-11 09:25:34,110 INFO  [         ome.security.basic.EventHandler] (.Server-12)  Auth:	user=0,group=0,event=28863(User),sess=83be404c-1957-46d4-a36b-f9feca68dcf3
2024-10-11 09:25:34,113 INFO  [       ome.security.basic.CurrentDetails] (.Server-12) Adding log:UPDATE,class ome.model.core.OriginalFile,3151
2024-10-11 09:25:34,464 INFO  [                 org.perf4j.TimingLogger] (.Server-12) start[1728638734104] time[359] tag[omero.call.success.ome.logic.UpdateImpl.saveObject]
2024-10-11 09:25:34,464 INFO  [                 org.perf4j.TimingLogger] (2-thread-9) start[1728638733823] time[640] tag[omero.import.request.step]
2024-10-11 09:25:34,464 DEBUG [    o.s.blitz.repo.ManagedImportRequestI] (2-thread-9) Step 3
2024-10-11 09:25:34,472 INFO  [    ome.security.basic.BasicEventContext] (.Server-14)  cctx:	group=0
2024-10-11 09:25:34,474 INFO  [         ome.security.basic.EventHandler] (.Server-14)  Auth:	user=0,group=0,event=null(User),sess=83be404c-1957-46d4-a36b-f9feca68dcf3
2024-10-11 09:25:34,475 INFO  [                 org.perf4j.TimingLogger] (.Server-14) start[1728638734470] time[4] tag[omero.call.success.ome.services.blitz.impl.MetadataStoreI$6.doWork]
2024-10-11 09:25:34,476 INFO  [    ome.security.basic.BasicEventContext] (l.Server-4)  cctx:	group=0
2024-10-11 09:25:34,477 INFO  [         ome.security.basic.EventHandler] (l.Server-4)  Auth:	user=0,group=0,event=null(User),sess=83be404c-1957-46d4-a36b-f9feca68dcf3
2024-10-11 09:25:34,478 INFO  [                 org.perf4j.TimingLogger] (l.Server-4) start[1728638734475] time[2] tag[omero.call.success.ome.logic.QueryImpl.get]
2024-10-11 09:25:34,480 INFO  [    ome.security.basic.BasicEventContext] (.Server-13)  cctx:	group=0
2024-10-11 09:25:34,485 INFO  [         ome.security.basic.EventHandler] (.Server-13)  Auth:	user=0,group=0,event=28866(User),sess=83be404c-1957-46d4-a36b-f9feca68dcf3
2024-10-11 09:25:34,488 INFO  [       ome.security.basic.CurrentDetails] (.Server-13) Adding log:UPDATE,class ome.model.core.OriginalFile,3151
2024-10-11 09:25:34,492 INFO  [                 org.perf4j.TimingLogger] (.Server-13) start[1728638734479] time[12] tag[omero.call.success.ome.logic.UpdateImpl.saveObject]
2024-10-11 09:25:34,492 INFO  [                 org.perf4j.TimingLogger] (2-thread-9) start[1728638734464] time[28] tag[omero.import.request.step]
2024-10-11 09:25:34,493 DEBUG [    o.s.blitz.repo.ManagedImportRequestI] (2-thread-9) Step 4
2024-10-11 09:25:34,494 INFO  [    ome.security.basic.BasicEventContext] (.Server-15)  cctx:	group=0
2024-10-11 09:25:34,495 INFO  [         ome.security.basic.EventHandler] (.Server-15)  Auth:	user=0,group=0,event=null(User),sess=83be404c-1957-46d4-a36b-f9feca68dcf3
2024-10-11 09:25:34,496 INFO  [                 org.perf4j.TimingLogger] (.Server-15) start[1728638734493] time[3] tag[omero.call.success.ome.logic.QueryImpl.get]
2024-10-11 09:25:34,498 INFO  [    ome.security.basic.BasicEventContext] (.Server-11)  cctx:	group=0
2024-10-11 09:25:34,502 INFO  [         ome.security.basic.EventHandler] (.Server-11)  Auth:	user=0,group=0,event=28867(User),sess=83be404c-1957-46d4-a36b-f9feca68dcf3
2024-10-11 09:25:34,504 INFO  [       ome.security.basic.CurrentDetails] (.Server-11) Adding log:UPDATE,class ome.model.core.OriginalFile,3151
2024-10-11 09:25:34,509 INFO  [                 org.perf4j.TimingLogger] (.Server-11) start[1728638734497] time[11] tag[omero.call.success.ome.logic.UpdateImpl.saveObject]
2024-10-11 09:25:34,509 INFO  [                 org.perf4j.TimingLogger] (2-thread-9) start[1728638734493] time[16] tag[omero.import.request.step]
2024-10-11 09:25:34,515 INFO  [    ome.security.basic.BasicEventContext] (.Server-12)  cctx:	group=0
2024-10-11 09:25:34,532 INFO  [         ome.security.basic.EventHandler] (.Server-12)  Auth:	user=0,group=0,event=28868(User),sess=83be404c-1957-46d4-a36b-f9feca68dcf3
2024-10-11 09:25:34,535 INFO  [                 org.perf4j.TimingLogger] (.Server-12) start[1728638734514] time[20] tag[omero.call.success.ome.services.RawFileBean.close]
2024-10-11 09:25:34,535 DEBUG [                omero.util.ServantHolder] (.Server-12) Removed omero.api._RawFileStoreTie@8aa4c256 from omero.util.ServantHolder@149b3864 as ff831a7e-b70a-4ca1-83c1-0c65a890d9d4omero.api.RawFileStore
2024-10-11 09:25:34,535 INFO  [                      omero.cmd.SessionI] (.Server-12) Unregistered servant:83be404c-1957-46d4-a36b-f9feca68dcf3/ff831a7e-b70a-4ca1-83c1-0c65a890d9d4omero.api.RawFileStore(omero.api._RawFileStoreTie@8aa4c256)
2024-10-11 09:25:34,537 INFO  [    ome.security.basic.BasicEventContext] (l.Server-9)  cctx:	group=0
2024-10-11 09:25:34,541 INFO  [         ome.security.basic.EventHandler] (l.Server-9)  Auth:	user=0,group=0,event=28869(User),sess=83be404c-1957-46d4-a36b-f9feca68dcf3
2024-10-11 09:25:34,545 INFO  [                 org.perf4j.TimingLogger] (l.Server-9) start[1728638734536] time[9] tag[omero.call.success.ome.services.RawPixelsBean.close]
2024-10-11 09:25:34,545 DEBUG [                omero.util.ServantHolder] (l.Server-9) Removed omero.api._RawPixelsStoreTie@6391e45d from omero.util.ServantHolder@149b3864 as c99379ad-0a2e-4bdb-b420-30df4b4556ddomero.api.RawPixelsStore
2024-10-11 09:25:34,545 INFO  [                      omero.cmd.SessionI] (l.Server-9) Unregistered servant:83be404c-1957-46d4-a36b-f9feca68dcf3/c99379ad-0a2e-4bdb-b420-30df4b4556ddomero.api.RawPixelsStore(omero.api._RawPixelsStoreTie@6391e45d)
2024-10-11 09:25:34,546 INFO  [    ome.security.basic.BasicEventContext] (.Server-14)  cctx:	group=0
2024-10-11 09:25:34,547 INFO  [         ome.security.basic.EventHandler] (.Server-14)  Auth:	user=0,group=0,event=null(User),sess=83be404c-1957-46d4-a36b-f9feca68dcf3
2024-10-11 09:25:34,547 INFO  [                 org.perf4j.TimingLogger] (.Server-14) start[1728638734546] time[1] tag[omero.call.success.ome.services.ThumbnailBean.close]
2024-10-11 09:25:34,548 DEBUG [                omero.util.ServantHolder] (.Server-14) Removed omero.api._ThumbnailStoreTie@732c32ef from omero.util.ServantHolder@149b3864 as ffc93411-c4d0-4ad7-b7ed-772a57c5147eomero.api.ThumbnailStore
2024-10-11 09:25:34,548 INFO  [                      omero.cmd.SessionI] (.Server-14) Unregistered servant:83be404c-1957-46d4-a36b-f9feca68dcf3/ffc93411-c4d0-4ad7-b7ed-772a57c5147eomero.api.ThumbnailStore(omero.api._ThumbnailStoreTie@732c32ef)
2024-10-11 09:25:34,548 DEBUG [                omero.util.ServantHolder] (l.Server-4) Removed omero.api._MetadataStoreTie@69d20b99 from omero.util.ServantHolder@149b3864 as 598ec374-347c-47ac-aca5-3907a0d5b26eomero.api.MetadataStore
2024-10-11 09:25:34,548 INFO  [                      omero.cmd.SessionI] (l.Server-4) Unregistered servant:83be404c-1957-46d4-a36b-f9feca68dcf3/598ec374-347c-47ac-aca5-3907a0d5b26eomero.api.MetadataStore(omero.api._MetadataStoreTie@69d20b99)
2024-10-11 09:25:34,548 INFO  [    o.s.blitz.repo.ManagedImportRequestI] (2-thread-9) Cleaning up import.
2024-10-11 09:25:34,554 INFO  [         ome.security.basic.EventHandler] (.Server-15)  Auth:	user=0,group=0,event=null(User),sess=83be404c-1957-46d4-a36b-f9feca68dcf3
2024-10-11 09:25:34,555 INFO  [                 org.perf4j.TimingLogger] (.Server-15) start[1728638734551] time[4] tag[omero.call.success.ome.logic.QueryImpl.get]
2024-10-11 09:25:34,562 INFO  [         ome.security.basic.EventHandler] (.Server-12)  Auth:	user=0,group=0,event=28870(User),sess=83be404c-1957-46d4-a36b-f9feca68dcf3
2024-10-11 09:25:34,563 INFO  [       ome.security.basic.CurrentDetails] (.Server-12) Adding log:UPDATE,class ome.model.core.OriginalFile,3151
2024-10-11 09:25:34,568 INFO  [                 org.perf4j.TimingLogger] (.Server-12) start[1728638734559] time[9] tag[omero.call.success.ome.logic.UpdateImpl.saveObject]
