2024-10-11 09:25:23,915 INFO  [                 org.perf4j.TimingLogger] (l.Server-9) start[1728638723899] time[16] tag[omero.import.process.init]
2024-10-11 09:25:23,924 INFO  [         ome.security.basic.EventHandler] (l.Server-9)  Auth:	user=0,group=0,event=28631(User),sess=83be404c-1957-46d4-a36b-f9feca68dcf3
2024-10-11 09:25:23,926 INFO  [       ome.security.basic.CurrentDetails] (l.Server-9) Adding log:INSERT,class ome.model.jobs.UploadJob,3198
2024-10-11 09:25:23,927 INFO  [       ome.security.basic.CurrentDetails] (l.Server-9) Adding log:INSERT,class ome.model.jobs.JobOriginalFileLink,4907
2024-10-11 09:25:23,934 INFO  [       ome.security.basic.CurrentDetails] (l.Server-9) Adding log:INSERT,class ome.model.jobs.MetadataImportJob,3199
2024-10-11 09:25:23,941 INFO  [       ome.security.basic.CurrentDetails] (l.Server-9) Adding log:INSERT,class ome.model.jobs.PixelDataJob,3200
2024-10-11 09:25:23,944 INFO  [       ome.security.basic.CurrentDetails] (l.Server-9) Adding log:INSERT,class ome.model.jobs.ThumbnailGenerationJob,3201
2024-10-11 09:25:23,947 INFO  [       ome.security.basic.CurrentDetails] (l.Server-9) Adding log:INSERT,class ome.model.jobs.IndexingJob,3202
2024-10-11 09:25:23,950 INFO  [                 org.perf4j.TimingLogger] (l.Server-9) start[1728638723950] time[0] tag[omero.repo.internal_register.find_repo_files]
2024-10-11 09:25:23,954 INFO  [       ome.security.basic.CurrentDetails] (l.Server-9) Adding log:INSERT,class ome.model.core.OriginalFile,3137
2024-10-11 09:25:23,955 INFO  [                 org.perf4j.TimingLogger] (l.Server-9) start[1728638723952] time[2] tag[omero.repo.create_original_file.save]
2024-10-11 09:25:23,955 INFO  [                 org.perf4j.TimingLogger] (l.Server-9) start[1728638723955] time[0] tag[omero.repo.create_original_file.internal_mkdir]
2024-10-11 09:25:23,955 INFO  [                 org.perf4j.TimingLogger] (l.Server-9) start[1728638723955] time[0] tag[omero.repo.internal_register.load]
2024-10-11 09:25:23,955 INFO  [                 org.perf4j.TimingLogger] (l.Server-9) start[1728638723955] time[0] tag[omero.repo.internal_register.sort]
2024-10-11 09:25:23,955 INFO  [                 org.perf4j.TimingLogger] (l.Server-9) start[1728638723950] time[4] tag[omero.repo.save_fileset.register]
2024-10-11 09:25:23,955 INFO  [                 org.perf4j.TimingLogger] (l.Server-9) start[1728638723955] time[0] tag[omero.repo.save_fileset.update_fileset_entries]
2024-10-11 09:25:23,957 INFO  [       ome.security.basic.CurrentDetails] (l.Server-9) Adding log:INSERT,class ome.model.fs.Fileset,233
2024-10-11 09:25:23,958 INFO  [       ome.security.basic.CurrentDetails] (l.Server-9) Adding log:INSERT,class ome.model.fs.FilesetJobLink,361
2024-10-11 09:25:23,958 INFO  [       ome.security.basic.CurrentDetails] (l.Server-9) Adding log:INSERT,class ome.model.fs.FilesetJobLink,362
2024-10-11 09:25:23,958 INFO  [       ome.security.basic.CurrentDetails] (l.Server-9) Adding log:INSERT,class ome.model.fs.FilesetJobLink,363
2024-10-11 09:25:23,958 INFO  [       ome.security.basic.CurrentDetails] (l.Server-9) Adding log:INSERT,class ome.model.fs.FilesetJobLink,364
2024-10-11 09:25:23,959 INFO  [       ome.security.basic.CurrentDetails] (l.Server-9) Adding log:INSERT,class ome.model.fs.FilesetJobLink,365
2024-10-11 09:25:23,960 INFO  [       ome.security.basic.CurrentDetails] (l.Server-9) Adding log:INSERT,class ome.model.fs.FilesetEntry,233
2024-10-11 09:25:23,963 INFO  [                 org.perf4j.TimingLogger] (l.Server-9) start[1728638723955] time[7] tag[omero.repo.save_fileset.save]
2024-10-11 09:25:23,970 INFO  [                 org.perf4j.TimingLogger] (l.Server-9) start[1728638723917] time[52] tag[omero.call.success.ome.services.blitz.repo.RepositoryDaoImpl$8.doWork]
2024-10-11 09:25:23,971 INFO  [                 org.perf4j.TimingLogger] (l.Server-9) start[1728638723917] time[53] tag[omero.repo.save_fileset]
2024-10-11 09:25:23,971 INFO  [                      omero.cmd.SessionI] (l.Server-9) Added servant to adapter: 83be404c-1957-46d4-a36b-f9feca68dcf3/ea73a1d9-de68-4af1-8465-df180acc259a-ManagedImportProcessI(omero.grid._ImportProcessTie@32edea8e)
2024-10-11 09:25:23,971 DEBUG [                omero.util.ServantHolder] (l.Server-9) Added omero.grid._ImportProcessTie@32edea8e to omero.util.ServantHolder@149b3864 as ea73a1d9-de68-4af1-8465-df180acc259a-ManagedImportProcessI
2024-10-11 09:25:23,971 INFO  [                 org.perf4j.TimingLogger] (l.Server-9) start[1728638723916] time[54] tag[omero.import.process.create]
2024-10-11 09:25:23,978 INFO  [         ome.security.basic.EventHandler] (l.Server-4)  Auth:	user=0,group=0,event=null(User),sess=83be404c-1957-46d4-a36b-f9feca68dcf3
2024-10-11 09:25:23,982 INFO  [                 org.perf4j.TimingLogger] (l.Server-4) start[1728638723976] time[5] tag[omero.call.success.ome.services.blitz.repo.RepositoryDaoImpl$2.doWork]
2024-10-11 09:25:23,987 INFO  [         ome.security.basic.EventHandler] (l.Server-4)  Auth:	user=0,group=0,event=null(User),sess=83be404c-1957-46d4-a36b-f9feca68dcf3
2024-10-11 09:25:23,990 INFO  [                 org.perf4j.TimingLogger] (l.Server-4) start[1728638723983] time[6] tag[omero.call.success.ome.services.blitz.repo.RepositoryDaoImpl$4.doWork]
2024-10-11 09:25:23,991 INFO  [         ome.security.basic.EventHandler] (l.Server-4)  Auth:	user=0,group=0,event=null(User),sess=83be404c-1957-46d4-a36b-f9feca68dcf3
2024-10-11 09:25:23,995 INFO  [                 org.perf4j.TimingLogger] (l.Server-4) start[1728638723990] time[5] tag[omero.call.success.ome.services.blitz.repo.RepositoryDaoImpl$6.doWork]
2024-10-11 09:25:23,996 INFO  [    ome.security.basic.BasicEventContext] (l.Server-4)  cctx:	group=0
2024-10-11 09:25:23,997 INFO  [         ome.security.basic.EventHandler] (l.Server-4)  Auth:	user=0,group=0,event=null(User),sess=83be404c-1957-46d4-a36b-f9feca68dcf3
2024-10-11 09:25:23,998 INFO  [                 org.perf4j.TimingLogger] (l.Server-4) start[1728638723995] time[2] tag[omero.call.success.ome.services.blitz.repo.RepositoryDaoImpl$1.doWork]
2024-10-11 09:25:23,998 INFO  [                      omero.cmd.SessionI] (l.Server-4) Added servant to adapter: 83be404c-1957-46d4-a36b-f9feca68dcf3/462c4208-bdc5-447f-a6c9-98d4d55597d4-RepoRawFileStoreI(omero.api._RawFileStoreTie@2cd0af22)
2024-10-11 09:25:23,998 DEBUG [                omero.util.ServantHolder] (l.Server-4) Added omero.api._RawFileStoreTie@2cd0af22 to omero.util.ServantHolder@149b3864 as 462c4208-bdc5-447f-a6c9-98d4d55597d4-RepoRawFileStoreI
2024-10-11 09:25:23,999 INFO  [                 org.perf4j.TimingLogger] (l.Server-4) start[1728638723976] time[22] tag[omero.import.process.opener]
2024-10-11 09:25:23,999 INFO  [                 org.perf4j.TimingLogger] (l.Server-4) start[1728638723976] time[22] tag[omero.import.process.uploader]
2024-10-11 09:25:24,004 INFO  [         ome.security.basic.EventHandler] (.Server-10)  Auth:	user=0,group=0,event=null(User),sess=83be404c-1957-46d4-a36b-f9feca68dcf3
2024-10-11 09:25:24,004 INFO  [                 org.perf4j.TimingLogger] (.Server-10) start[1728638724003] time[1] tag[omero.call.success.ome.services.RawFileBean.write]
2024-10-11 09:25:24,059 INFO  [         ome.security.basic.EventHandler] (.Server-12)  Auth:	user=0,group=0,event=null(User),sess=83be404c-1957-46d4-a36b-f9feca68dcf3
2024-10-11 09:25:24,065 INFO  [                 org.perf4j.TimingLogger] (.Server-12) start[1728638724052] time[12] tag[omero.call.success.ome.services.RawFileBean.write]
2024-10-11 09:25:24,140 INFO  [         ome.security.basic.EventHandler] (.Server-15)  Auth:	user=0,group=0,event=null(User),sess=83be404c-1957-46d4-a36b-f9feca68dcf3
2024-10-11 09:25:24,146 INFO  [                 org.perf4j.TimingLogger] (.Server-15) start[1728638724138] time[8] tag[omero.call.success.ome.services.RawFileBean.write]
2024-10-11 09:25:24,195 INFO  [         ome.security.basic.EventHandler] (l.Server-9)  Auth:	user=0,group=0,event=null(User),sess=83be404c-1957-46d4-a36b-f9feca68dcf3
2024-10-11 09:25:24,202 INFO  [                 org.perf4j.TimingLogger] (l.Server-9) start[1728638724193] time[9] tag[omero.call.success.ome.services.RawFileBean.write]
2024-10-11 09:25:24,247 INFO  [         ome.security.basic.EventHandler] (.Server-13)  Auth:	user=0,group=0,event=null(User),sess=83be404c-1957-46d4-a36b-f9feca68dcf3
2024-10-11 09:25:24,254 INFO  [                 org.perf4j.TimingLogger] (.Server-13) start[1728638724246] time[7] tag[omero.call.success.ome.services.RawFileBean.write]
2024-10-11 09:25:24,298 INFO  [         ome.security.basic.EventHandler] (l.Server-4)  Auth:	user=0,group=0,event=null(User),sess=83be404c-1957-46d4-a36b-f9feca68dcf3
2024-10-11 09:25:24,304 INFO  [                 org.perf4j.TimingLogger] (l.Server-4) start[1728638724296] time[7] tag[omero.call.success.ome.services.RawFileBean.write]
2024-10-11 09:25:24,332 INFO  [         ome.security.basic.EventHandler] (.Server-10)  Auth:	user=0,group=0,event=null(User),sess=83be404c-1957-46d4-a36b-f9feca68dcf3
2024-10-11 09:25:24,334 INFO  [                 org.perf4j.TimingLogger] (.Server-10) start[1728638724330] time[3] tag[omero.call.success.ome.services.RawFileBean.write]
2024-10-11 09:25:24,341 INFO  [         ome.security.basic.EventHandler] (.Server-14)  Auth:	user=0,group=0,event=28636(User),sess=83be404c-1957-46d4-a36b-f9feca68dcf3
2024-10-11 09:25:24,429 INFO  [                 org.perf4j.TimingLogger] (.Server-14) start[1728638724341] time[87] tag[omero.services.file.flush]
2024-10-11 09:25:24,448 INFO  [                 org.perf4j.TimingLogger] (.Server-14) start[1728638724429] time[19] tag[omero.services.file.checksum]
2024-10-11 09:25:24,450 INFO  [       ome.security.basic.CurrentDetails] (.Server-14) Adding log:UPDATE,class ome.model.core.OriginalFile,3137
2024-10-11 09:25:24,451 INFO  [                 org.perf4j.TimingLogger] (.Server-14) start[1728638724448] time[2] tag[omero.services.file.finalize]
2024-10-11 09:25:24,459 INFO  [                 org.perf4j.TimingLogger] (.Server-14) start[1728638724336] time[122] tag[omero.call.success.ome.services.RawFileBean.save]
2024-10-11 09:25:24,467 INFO  [         ome.security.basic.EventHandler] (l.Server-4)  Auth:	user=0,group=0,event=28638(User),sess=83be404c-1957-46d4-a36b-f9feca68dcf3
2024-10-11 09:25:24,470 INFO  [                 org.perf4j.TimingLogger] (l.Server-4) start[1728638724462] time[7] tag[omero.call.success.ome.services.RawFileBean.close]
2024-10-11 09:25:24,470 DEBUG [                omero.util.ServantHolder] (l.Server-4) Removed omero.api._RawFileStoreTie@2cd0af22 from omero.util.ServantHolder@149b3864 as 462c4208-bdc5-447f-a6c9-98d4d55597d4-RepoRawFileStoreI
2024-10-11 09:25:24,470 INFO  [                      omero.cmd.SessionI] (l.Server-4) Unregistered servant:83be404c-1957-46d4-a36b-f9feca68dcf3/462c4208-bdc5-447f-a6c9-98d4d55597d4-RepoRawFileStoreI(omero.api._RawFileStoreTie@2cd0af22)
2024-10-11 09:25:24,474 INFO  [         ome.security.basic.EventHandler] (.Server-11)  Auth:	user=0,group=0,event=null(User),sess=83be404c-1957-46d4-a36b-f9feca68dcf3
2024-10-11 09:25:24,474 INFO  [                 org.perf4j.TimingLogger] (.Server-11) start[1728638724472] time[2] tag[omero.call.success.ome.services.blitz.impl.ServiceFactoryI$3.doWork]
2024-10-11 09:25:24,478 INFO  [                 org.perf4j.TimingLogger] (.Server-11) start[1728638724475] time[3] tag[omero.import.process.checksum]
2024-10-11 09:25:24,484 INFO  [         ome.security.basic.EventHandler] (.Server-11)  Auth:	user=0,group=0,event=28640(User),sess=83be404c-1957-46d4-a36b-f9feca68dcf3
2024-10-11 09:25:24,488 INFO  [       ome.security.basic.CurrentDetails] (.Server-11) Adding log:UPDATE,class ome.model.jobs.UploadJob,3198
2024-10-11 09:25:24,495 INFO  [                 org.perf4j.TimingLogger] (.Server-11) start[1728638724479] time[15] tag[omero.call.success.ome.services.blitz.repo.RepositoryDaoImpl$12.doWork]
2024-10-11 09:25:24,496 INFO  [         ome.security.basic.EventHandler] (.Server-11)  Auth:	user=0,group=0,event=null(User),sess=83be404c-1957-46d4-a36b-f9feca68dcf3
2024-10-11 09:25:24,498 INFO  [                 org.perf4j.TimingLogger] (.Server-11) start[1728638724495] time[2] tag[omero.call.success.ome.services.blitz.repo.RepositoryDaoImpl$2.doWork]
2024-10-11 09:25:24,500 INFO  [         ome.security.basic.EventHandler] (.Server-11)  Auth:	user=0,group=0,event=null(User),sess=83be404c-1957-46d4-a36b-f9feca68dcf3
2024-10-11 09:25:24,501 INFO  [                 org.perf4j.TimingLogger] (.Server-11) start[1728638724498] time[2] tag[omero.call.success.ome.services.blitz.repo.RepositoryDaoImpl$4.doWork]
2024-10-11 09:25:24,501 INFO  [       ome.formats.importer.ImportConfig] (.Server-11) OMERO.blitz Version: 5.7.3
2024-10-11 09:25:24,501 INFO  [       ome.formats.importer.ImportConfig] (.Server-11) Bioformats version: 7.3.0 revision: acc4b6de79e55275b5e6c8200f8458f6d93c9ba0 date: 18 April 2024
2024-10-11 09:25:24,502 INFO  [                      omero.cmd.SessionI] (.Server-11) Added servant to adapter: 83be404c-1957-46d4-a36b-f9feca68dcf3/IHandle3172e515-3aab-442a-a181-613232752b82(omero.cmd._HandleTie@5f8e57d2)
2024-10-11 09:25:24,502 DEBUG [                omero.util.ServantHolder] (.Server-11) Added omero.cmd._HandleTie@5f8e57d2 to omero.util.ServantHolder@149b3864 as IHandle3172e515-3aab-442a-a181-613232752b82
2024-10-11 09:25:24,503 INFO  [                 org.perf4j.TimingLogger] (.Server-11) start[1728638724503] time[0] tag[omero.background.submit]
2024-10-11 09:25:24,503 INFO  [                 org.perf4j.TimingLogger] (.Server-11) start[1728638724478] time[24] tag[omero.import.process.submit]
2024-10-11 09:25:24,506 DEBUG [                omero.util.ServantHolder] (.Server-12) Removed omero.grid._ImportProcessTie@32edea8e from omero.util.ServantHolder@149b3864 as ea73a1d9-de68-4af1-8465-df180acc259a-ManagedImportProcessI
2024-10-11 09:25:24,506 INFO  [                      omero.cmd.SessionI] (.Server-12) Unregistered servant:83be404c-1957-46d4-a36b-f9feca68dcf3/ea73a1d9-de68-4af1-8465-df180acc259a-ManagedImportProcessI(omero.grid._ImportProcessTie@32edea8e)
2024-10-11 09:25:24,514 INFO  [    ome.formats.OMEROMetadataStoreClient] (-thread-10) Call context: {omero.group:0}
2024-10-11 09:25:24,514 INFO  [    ome.formats.OMEROMetadataStoreClient] (-thread-10) Call context: {omero.logfilename:root_0/2024-10/11/09-25-23.803.log}
2024-10-11 09:25:24,518 INFO  [    ome.security.basic.BasicEventContext] (l.Server-9)  cctx:	group=0
2024-10-11 09:25:24,519 INFO  [         ome.security.basic.EventHandler] (l.Server-9)  Auth:	user=0,group=0,event=null(User),sess=83be404c-1957-46d4-a36b-f9feca68dcf3
2024-10-11 09:25:24,523 INFO  [                 org.perf4j.TimingLogger] (l.Server-9) start[1728638724518] time[5] tag[omero.call.success.ome.logic.AdminImpl.getEventContext]
2024-10-11 09:25:24,551 INFO  [    ome.formats.OMEROMetadataStoreClient] (-thread-10) Pinging session every 300s.
2024-10-11 09:25:24,580 INFO  [                loci.formats.ImageReader] (-thread-10) IonpathMIBITiffReader initializing /OMERO/ManagedRepository/root_0/2024-10/11/09-25-23.803/TA459_multipleCores2_Run-4_Point34.tiff
2024-10-11 09:25:24,581 INFO  [       loci.formats.in.MinimalTiffReader] (-thread-10) Reading IFDs
2024-10-11 09:25:24,582 INFO  [       loci.formats.in.MinimalTiffReader] (-thread-10) Populating metadata
2024-10-11 09:25:24,585 INFO  [          loci.formats.in.BaseTiffReader] (-thread-10) Populating OME metadata
2024-10-11 09:25:24,591 INFO  [    ome.security.basic.BasicEventContext] (.Server-15)  cctx:	group=0
2024-10-11 09:25:24,592 INFO  [         ome.security.basic.EventHandler] (.Server-15)  Auth:	user=0,group=0,event=null(User),sess=83be404c-1957-46d4-a36b-f9feca68dcf3
2024-10-11 09:25:24,595 INFO  [                 org.perf4j.TimingLogger] (.Server-15) start[1728638724590] time[4] tag[omero.call.success.ome.logic.QueryImpl.findAll]
2024-10-11 09:25:24,599 INFO  [    ome.security.basic.BasicEventContext] (l.Server-4)  cctx:	group=0
2024-10-11 09:25:24,600 INFO  [         ome.security.basic.EventHandler] (l.Server-4)  Auth:	user=0,group=0,event=null(User),sess=83be404c-1957-46d4-a36b-f9feca68dcf3
2024-10-11 09:25:24,601 INFO  [                 org.perf4j.TimingLogger] (l.Server-4) start[1728638724598] time[2] tag[omero.call.success.ome.logic.QueryImpl.findAll]
2024-10-11 09:25:24,603 INFO  [    ome.security.basic.BasicEventContext] (.Server-12)  cctx:	group=0
2024-10-11 09:25:24,604 INFO  [         ome.security.basic.EventHandler] (.Server-12)  Auth:	user=0,group=0,event=null(User),sess=83be404c-1957-46d4-a36b-f9feca68dcf3
2024-10-11 09:25:24,605 INFO  [                 org.perf4j.TimingLogger] (.Server-12) start[1728638724602] time[3] tag[omero.call.success.ome.logic.QueryImpl.findAll]
2024-10-11 09:25:24,607 INFO  [    ome.security.basic.BasicEventContext] (l.Server-9)  cctx:	group=0
2024-10-11 09:25:24,608 INFO  [         ome.security.basic.EventHandler] (l.Server-9)  Auth:	user=0,group=0,event=null(User),sess=83be404c-1957-46d4-a36b-f9feca68dcf3
2024-10-11 09:25:24,609 INFO  [                 org.perf4j.TimingLogger] (l.Server-9) start[1728638724606] time[3] tag[omero.call.success.ome.logic.QueryImpl.findAll]
2024-10-11 09:25:24,647 DEBUG [                   loci.formats.Memoizer] (-thread-10) saved to temp file: /OMERO/BioFormatsCache/OMERO/ManagedRepository/root_0/2024-10/11/09-25-23.803/.TA459_multipleCores2_Run-4_Point34.tiff.bfmemo3365249964364725477
2024-10-11 09:25:24,647 DEBUG [                   loci.formats.Memoizer] (-thread-10) start[1728638724641] time[6] tag[loci.formats.Memoizer.saveMemo]
2024-10-11 09:25:24,648 DEBUG [                   loci.formats.Memoizer] (-thread-10) saved memo file: /OMERO/BioFormatsCache/OMERO/ManagedRepository/root_0/2024-10/11/09-25-23.803/.TA459_multipleCores2_Run-4_Point34.tiff.bfmemo (50730 bytes)
2024-10-11 09:25:24,648 DEBUG [                   loci.formats.Memoizer] (-thread-10) start[1728638724551] time[96] tag[loci.formats.Memoizer.setId]
2024-10-11 09:25:24,648 DEBUG [    o.s.blitz.repo.ManagedImportRequestI] (-thread-10) Image Count: 44
2024-10-11 09:25:24,648 INFO  [    o.s.blitz.repo.ManagedImportRequestI] (-thread-10) File format: Ionpath MIBI
2024-10-11 09:25:24,648 INFO  [    o.s.blitz.repo.ManagedImportRequestI] (-thread-10) Base reader: loci.formats.in.IonpathMIBITiffReader
2024-10-11 09:25:24,648 INFO  [                 org.perf4j.TimingLogger] (-thread-10) start[1728638724512] time[135] tag[omero.import.request.init]
2024-10-11 09:25:24,648 DEBUG [    o.s.blitz.repo.ManagedImportRequestI] (-thread-10) Step 0
2024-10-11 09:25:24,649 WARN  [    ome.formats.model.ReferenceProcessor] (-thread-10) Unknown target class for LSID: Image:SIMS
2024-10-11 09:25:24,649 INFO  [    ome.formats.OMEROMetadataStoreClient] (-thread-10) Handling # of containers: 91
2024-10-11 09:25:24,652 INFO  [    ome.security.basic.BasicEventContext] (.Server-14)  cctx:	group=0
2024-10-11 09:25:24,654 INFO  [         ome.security.basic.EventHandler] (.Server-14)  Auth:	user=0,group=0,event=null(User),sess=83be404c-1957-46d4-a36b-f9feca68dcf3
2024-10-11 09:25:24,656 INFO  [                 org.perf4j.TimingLogger] (.Server-14) start[1728638724651] time[4] tag[omero.call.success.ome.services.blitz.impl.MetadataStoreI$4.doWork]
2024-10-11 09:25:24,656 INFO  [    ome.formats.OMEROMetadataStoreClient] (-thread-10) Handling # of references: 1
2024-10-11 09:25:24,657 INFO  [    ome.security.basic.BasicEventContext] (.Server-10)  cctx:	group=0
2024-10-11 09:25:24,659 INFO  [         ome.security.basic.EventHandler] (.Server-10)  Auth:	user=0,group=0,event=null(User),sess=83be404c-1957-46d4-a36b-f9feca68dcf3
2024-10-11 09:25:24,659 INFO  [                 org.perf4j.TimingLogger] (.Server-10) start[1728638724656] time[3] tag[omero.call.success.ome.services.blitz.impl.MetadataStoreI$5.doWork]
2024-10-11 09:25:24,661 INFO  [    ome.security.basic.BasicEventContext] (.Server-15)  cctx:	group=0
2024-10-11 09:25:24,664 INFO  [         ome.security.basic.EventHandler] (.Server-15)  Auth:	user=0,group=0,event=28651(User),sess=83be404c-1957-46d4-a36b-f9feca68dcf3
2024-10-11 09:25:24,672 INFO  [       ome.security.basic.CurrentDetails] (.Server-15) Adding log:INSERT,class ome.model.core.Image,233
2024-10-11 09:25:24,673 INFO  [       ome.security.basic.CurrentDetails] (.Server-15) Adding log:INSERT,class ome.model.containers.DatasetImageLink,233
2024-10-11 09:25:24,673 INFO  [       ome.security.basic.CurrentDetails] (.Server-15) Adding log:INSERT,class ome.model.core.Pixels,233
2024-10-11 09:25:24,674 INFO  [       ome.security.basic.CurrentDetails] (.Server-15) Adding log:INSERT,class ome.model.core.LogicalChannel,1959
2024-10-11 09:25:24,674 INFO  [       ome.security.basic.CurrentDetails] (.Server-15) Adding log:INSERT,class ome.model.core.Channel,1959
2024-10-11 09:25:24,674 INFO  [       ome.security.basic.CurrentDetails] (.Server-15) Adding log:INSERT,class ome.model.core.LogicalChannel,1960
2024-10-11 09:25:24,675 INFO  [       ome.security.basic.CurrentDetails] (.Server-15) Adding log:INSERT,class ome.model.core.Channel,1960
2024-10-11 09:25:24,675 INFO  [       ome.security.basic.CurrentDetails] (.Server-15) Adding log:INSERT,class ome.model.core.LogicalChannel,1961
2024-10-11 09:25:24,675 INFO  [       ome.security.basic.CurrentDetails] (.Server-15) Adding log:INSERT,class ome.model.core.Channel,1961
2024-10-11 09:25:24,675 INFO  [       ome.security.basic.CurrentDetails] (.Server-15) Adding log:INSERT,class ome.model.core.LogicalChannel,1962
2024-10-11 09:25:24,676 INFO  [       ome.security.basic.CurrentDetails] (.Server-15) Adding log:INSERT,class ome.model.core.Channel,1962
2024-10-11 09:25:24,676 INFO  [       ome.security.basic.CurrentDetails] (.Server-15) Adding log:INSERT,class ome.model.core.LogicalChannel,1963
2024-10-11 09:25:24,676 INFO  [       ome.security.basic.CurrentDetails] (.Server-15) Adding log:INSERT,class ome.model.core.Channel,1963
2024-10-11 09:25:24,676 INFO  [       ome.security.basic.CurrentDetails] (.Server-15) Adding log:INSERT,class ome.model.core.LogicalChannel,1964
2024-10-11 09:25:24,677 INFO  [       ome.security.basic.CurrentDetails] (.Server-15) Adding log:INSERT,class ome.model.core.Channel,1964
2024-10-11 09:25:24,677 INFO  [       ome.security.basic.CurrentDetails] (.Server-15) Adding log:INSERT,class ome.model.core.LogicalChannel,1965
2024-10-11 09:25:24,677 INFO  [       ome.security.basic.CurrentDetails] (.Server-15) Adding log:INSERT,class ome.model.core.Channel,1965
2024-10-11 09:25:24,677 INFO  [       ome.security.basic.CurrentDetails] (.Server-15) Adding log:INSERT,class ome.model.core.LogicalChannel,1966
2024-10-11 09:25:24,678 INFO  [       ome.security.basic.CurrentDetails] (.Server-15) Adding log:INSERT,class ome.model.core.Channel,1966
2024-10-11 09:25:24,678 INFO  [       ome.security.basic.CurrentDetails] (.Server-15) Adding log:INSERT,class ome.model.core.LogicalChannel,1967
2024-10-11 09:25:24,678 INFO  [       ome.security.basic.CurrentDetails] (.Server-15) Adding log:INSERT,class ome.model.core.Channel,1967
2024-10-11 09:25:24,678 INFO  [       ome.security.basic.CurrentDetails] (.Server-15) Adding log:INSERT,class ome.model.core.LogicalChannel,1968
2024-10-11 09:25:24,679 INFO  [       ome.security.basic.CurrentDetails] (.Server-15) Adding log:INSERT,class ome.model.core.Channel,1968
2024-10-11 09:25:24,679 INFO  [       ome.security.basic.CurrentDetails] (.Server-15) Adding log:INSERT,class ome.model.core.LogicalChannel,1969
2024-10-11 09:25:24,679 INFO  [       ome.security.basic.CurrentDetails] (.Server-15) Adding log:INSERT,class ome.model.core.Channel,1969
2024-10-11 09:25:24,680 INFO  [       ome.security.basic.CurrentDetails] (.Server-15) Adding log:INSERT,class ome.model.core.LogicalChannel,1970
2024-10-11 09:25:24,680 INFO  [       ome.security.basic.CurrentDetails] (.Server-15) Adding log:INSERT,class ome.model.core.Channel,1970
2024-10-11 09:25:24,680 INFO  [       ome.security.basic.CurrentDetails] (.Server-15) Adding log:INSERT,class ome.model.core.LogicalChannel,1971
2024-10-11 09:25:24,680 INFO  [       ome.security.basic.CurrentDetails] (.Server-15) Adding log:INSERT,class ome.model.core.Channel,1971
2024-10-11 09:25:24,680 INFO  [       ome.security.basic.CurrentDetails] (.Server-15) Adding log:INSERT,class ome.model.core.LogicalChannel,1972
2024-10-11 09:25:24,681 INFO  [       ome.security.basic.CurrentDetails] (.Server-15) Adding log:INSERT,class ome.model.core.Channel,1972
2024-10-11 09:25:24,681 INFO  [       ome.security.basic.CurrentDetails] (.Server-15) Adding log:INSERT,class ome.model.core.LogicalChannel,1973
2024-10-11 09:25:24,682 INFO  [       ome.security.basic.CurrentDetails] (.Server-15) Adding log:INSERT,class ome.model.core.Channel,1973
2024-10-11 09:25:24,682 INFO  [       ome.security.basic.CurrentDetails] (.Server-15) Adding log:INSERT,class ome.model.core.LogicalChannel,1974
2024-10-11 09:25:24,682 INFO  [       ome.security.basic.CurrentDetails] (.Server-15) Adding log:INSERT,class ome.model.core.Channel,1974
2024-10-11 09:25:24,683 INFO  [       ome.security.basic.CurrentDetails] (.Server-15) Adding log:INSERT,class ome.model.core.LogicalChannel,1975
2024-10-11 09:25:24,683 INFO  [       ome.security.basic.CurrentDetails] (.Server-15) Adding log:INSERT,class ome.model.core.Channel,1975
2024-10-11 09:25:24,683 INFO  [       ome.security.basic.CurrentDetails] (.Server-15) Adding log:INSERT,class ome.model.core.LogicalChannel,1976
2024-10-11 09:25:24,683 INFO  [       ome.security.basic.CurrentDetails] (.Server-15) Adding log:INSERT,class ome.model.core.Channel,1976
2024-10-11 09:25:24,684 INFO  [       ome.security.basic.CurrentDetails] (.Server-15) Adding log:INSERT,class ome.model.core.LogicalChannel,1977
2024-10-11 09:25:24,684 INFO  [       ome.security.basic.CurrentDetails] (.Server-15) Adding log:INSERT,class ome.model.core.Channel,1977
2024-10-11 09:25:24,684 INFO  [       ome.security.basic.CurrentDetails] (.Server-15) Adding log:INSERT,class ome.model.core.LogicalChannel,1978
2024-10-11 09:25:24,685 INFO  [       ome.security.basic.CurrentDetails] (.Server-15) Adding log:INSERT,class ome.model.core.Channel,1978
2024-10-11 09:25:24,685 INFO  [       ome.security.basic.CurrentDetails] (.Server-15) Adding log:INSERT,class ome.model.core.LogicalChannel,1979
2024-10-11 09:25:24,685 INFO  [       ome.security.basic.CurrentDetails] (.Server-15) Adding log:INSERT,class ome.model.core.Channel,1979
2024-10-11 09:25:24,686 INFO  [       ome.security.basic.CurrentDetails] (.Server-15) Adding log:INSERT,class ome.model.core.LogicalChannel,1980
2024-10-11 09:25:24,686 INFO  [       ome.security.basic.CurrentDetails] (.Server-15) Adding log:INSERT,class ome.model.core.Channel,1980
2024-10-11 09:25:24,687 INFO  [       ome.security.basic.CurrentDetails] (.Server-15) Adding log:INSERT,class ome.model.core.LogicalChannel,1981
2024-10-11 09:25:24,687 INFO  [       ome.security.basic.CurrentDetails] (.Server-15) Adding log:INSERT,class ome.model.core.Channel,1981
2024-10-11 09:25:24,687 INFO  [       ome.security.basic.CurrentDetails] (.Server-15) Adding log:INSERT,class ome.model.core.LogicalChannel,1982
2024-10-11 09:25:24,688 INFO  [       ome.security.basic.CurrentDetails] (.Server-15) Adding log:INSERT,class ome.model.core.Channel,1982
2024-10-11 09:25:24,688 INFO  [       ome.security.basic.CurrentDetails] (.Server-15) Adding log:INSERT,class ome.model.core.LogicalChannel,1983
2024-10-11 09:25:24,688 INFO  [       ome.security.basic.CurrentDetails] (.Server-15) Adding log:INSERT,class ome.model.core.Channel,1983
2024-10-11 09:25:24,688 INFO  [       ome.security.basic.CurrentDetails] (.Server-15) Adding log:INSERT,class ome.model.core.LogicalChannel,1984
2024-10-11 09:25:24,689 INFO  [       ome.security.basic.CurrentDetails] (.Server-15) Adding log:INSERT,class ome.model.core.Channel,1984
2024-10-11 09:25:24,689 INFO  [       ome.security.basic.CurrentDetails] (.Server-15) Adding log:INSERT,class ome.model.core.LogicalChannel,1985
2024-10-11 09:25:24,690 INFO  [       ome.security.basic.CurrentDetails] (.Server-15) Adding log:INSERT,class ome.model.core.Channel,1985
2024-10-11 09:25:24,690 INFO  [       ome.security.basic.CurrentDetails] (.Server-15) Adding log:INSERT,class ome.model.core.LogicalChannel,1986
2024-10-11 09:25:24,690 INFO  [       ome.security.basic.CurrentDetails] (.Server-15) Adding log:INSERT,class ome.model.core.Channel,1986
2024-10-11 09:25:24,690 INFO  [       ome.security.basic.CurrentDetails] (.Server-15) Adding log:INSERT,class ome.model.core.LogicalChannel,1987
2024-10-11 09:25:24,691 INFO  [       ome.security.basic.CurrentDetails] (.Server-15) Adding log:INSERT,class ome.model.core.Channel,1987
2024-10-11 09:25:24,691 INFO  [       ome.security.basic.CurrentDetails] (.Server-15) Adding log:INSERT,class ome.model.core.LogicalChannel,1988
2024-10-11 09:25:24,691 INFO  [       ome.security.basic.CurrentDetails] (.Server-15) Adding log:INSERT,class ome.model.core.Channel,1988
2024-10-11 09:25:24,691 INFO  [       ome.security.basic.CurrentDetails] (.Server-15) Adding log:INSERT,class ome.model.core.LogicalChannel,1989
2024-10-11 09:25:24,692 INFO  [       ome.security.basic.CurrentDetails] (.Server-15) Adding log:INSERT,class ome.model.core.Channel,1989
2024-10-11 09:25:24,692 INFO  [       ome.security.basic.CurrentDetails] (.Server-15) Adding log:INSERT,class ome.model.core.LogicalChannel,1990
2024-10-11 09:25:24,692 INFO  [       ome.security.basic.CurrentDetails] (.Server-15) Adding log:INSERT,class ome.model.core.Channel,1990
2024-10-11 09:25:24,693 INFO  [       ome.security.basic.CurrentDetails] (.Server-15) Adding log:INSERT,class ome.model.core.LogicalChannel,1991
2024-10-11 09:25:24,693 INFO  [       ome.security.basic.CurrentDetails] (.Server-15) Adding log:INSERT,class ome.model.core.Channel,1991
2024-10-11 09:25:24,693 INFO  [       ome.security.basic.CurrentDetails] (.Server-15) Adding log:INSERT,class ome.model.core.LogicalChannel,1992
2024-10-11 09:25:24,693 INFO  [       ome.security.basic.CurrentDetails] (.Server-15) Adding log:INSERT,class ome.model.core.Channel,1992
2024-10-11 09:25:24,694 INFO  [       ome.security.basic.CurrentDetails] (.Server-15) Adding log:INSERT,class ome.model.core.LogicalChannel,1993
2024-10-11 09:25:24,694 INFO  [       ome.security.basic.CurrentDetails] (.Server-15) Adding log:INSERT,class ome.model.core.Channel,1993
2024-10-11 09:25:24,695 INFO  [       ome.security.basic.CurrentDetails] (.Server-15) Adding log:INSERT,class ome.model.core.LogicalChannel,1994
2024-10-11 09:25:24,695 INFO  [       ome.security.basic.CurrentDetails] (.Server-15) Adding log:INSERT,class ome.model.core.Channel,1994
2024-10-11 09:25:24,695 INFO  [       ome.security.basic.CurrentDetails] (.Server-15) Adding log:INSERT,class ome.model.core.LogicalChannel,1995
2024-10-11 09:25:24,695 INFO  [       ome.security.basic.CurrentDetails] (.Server-15) Adding log:INSERT,class ome.model.core.Channel,1995
2024-10-11 09:25:24,696 INFO  [       ome.security.basic.CurrentDetails] (.Server-15) Adding log:INSERT,class ome.model.core.LogicalChannel,1996
2024-10-11 09:25:24,696 INFO  [       ome.security.basic.CurrentDetails] (.Server-15) Adding log:INSERT,class ome.model.core.Channel,1996
2024-10-11 09:25:24,696 INFO  [       ome.security.basic.CurrentDetails] (.Server-15) Adding log:INSERT,class ome.model.core.LogicalChannel,1997
2024-10-11 09:25:24,697 INFO  [       ome.security.basic.CurrentDetails] (.Server-15) Adding log:INSERT,class ome.model.core.Channel,1997
2024-10-11 09:25:24,697 INFO  [       ome.security.basic.CurrentDetails] (.Server-15) Adding log:INSERT,class ome.model.core.LogicalChannel,1998
2024-10-11 09:25:24,697 INFO  [       ome.security.basic.CurrentDetails] (.Server-15) Adding log:INSERT,class ome.model.core.Channel,1998
2024-10-11 09:25:24,698 INFO  [       ome.security.basic.CurrentDetails] (.Server-15) Adding log:INSERT,class ome.model.core.LogicalChannel,1999
2024-10-11 09:25:24,698 INFO  [       ome.security.basic.CurrentDetails] (.Server-15) Adding log:INSERT,class ome.model.core.Channel,1999
2024-10-11 09:25:24,699 INFO  [       ome.security.basic.CurrentDetails] (.Server-15) Adding log:INSERT,class ome.model.core.LogicalChannel,2000
2024-10-11 09:25:24,699 INFO  [       ome.security.basic.CurrentDetails] (.Server-15) Adding log:INSERT,class ome.model.core.Channel,2000
2024-10-11 09:25:24,699 INFO  [       ome.security.basic.CurrentDetails] (.Server-15) Adding log:INSERT,class ome.model.core.LogicalChannel,2001
2024-10-11 09:25:24,700 INFO  [       ome.security.basic.CurrentDetails] (.Server-15) Adding log:INSERT,class ome.model.core.Channel,2001
2024-10-11 09:25:24,700 INFO  [       ome.security.basic.CurrentDetails] (.Server-15) Adding log:INSERT,class ome.model.core.LogicalChannel,2002
2024-10-11 09:25:24,701 INFO  [       ome.security.basic.CurrentDetails] (.Server-15) Adding log:INSERT,class ome.model.core.Channel,2002
2024-10-11 09:25:24,711 INFO  [                 org.perf4j.TimingLogger] (.Server-15) start[1728638724664] time[47] tag[omero.saveImportGraph]
2024-10-11 09:25:24,724 INFO  [                 org.perf4j.TimingLogger] (.Server-15) start[1728638724660] time[63] tag[omero.call.success.ome.services.blitz.impl.MetadataStoreI$3.doWork]
2024-10-11 09:25:24,726 INFO  [                 org.perf4j.TimingLogger] (-thread-10) start[1728638724648] time[77] tag[omero.import.request.metadata]
2024-10-11 09:25:24,727 INFO  [    ome.security.basic.BasicEventContext] (.Server-10)  cctx:	group=0
2024-10-11 09:25:24,728 INFO  [         ome.security.basic.EventHandler] (.Server-10)  Auth:	user=0,group=0,event=null(User),sess=83be404c-1957-46d4-a36b-f9feca68dcf3
2024-10-11 09:25:24,730 INFO  [                 org.perf4j.TimingLogger] (.Server-10) start[1728638724726] time[3] tag[omero.call.success.ome.logic.QueryImpl.get]
2024-10-11 09:25:24,731 INFO  [    ome.security.basic.BasicEventContext] (.Server-13)  cctx:	group=0
2024-10-11 09:25:24,734 INFO  [         ome.security.basic.EventHandler] (.Server-13)  Auth:	user=0,group=0,event=28658(User),sess=83be404c-1957-46d4-a36b-f9feca68dcf3
2024-10-11 09:25:24,735 INFO  [       ome.security.basic.CurrentDetails] (.Server-13) Adding log:UPDATE,class ome.model.core.OriginalFile,3136
2024-10-11 09:25:24,739 INFO  [                 org.perf4j.TimingLogger] (.Server-13) start[1728638724730] time[8] tag[omero.call.success.ome.logic.UpdateImpl.saveObject]
2024-10-11 09:25:24,739 INFO  [                 org.perf4j.TimingLogger] (-thread-10) start[1728638724648] time[91] tag[omero.import.request.step]
2024-10-11 09:25:24,740 DEBUG [    o.s.blitz.repo.ManagedImportRequestI] (-thread-10) Step 1
2024-10-11 09:25:24,740 DEBUG [    o.s.blitz.repo.ManagedImportRequestI] (-thread-10) Plane:0 X:0 Y:0 TileWidth:2048 TileHeight:2048 arrayBuf.length:8388608
2024-10-11 09:25:24,852 DEBUG [    o.s.blitz.repo.ManagedImportRequestI] (-thread-10) Plane:1 X:0 Y:0 TileWidth:2048 TileHeight:2048 arrayBuf.length:8388608
2024-10-11 09:25:24,912 DEBUG [    o.s.blitz.repo.ManagedImportRequestI] (-thread-10) Plane:2 X:0 Y:0 TileWidth:2048 TileHeight:2048 arrayBuf.length:8388608
2024-10-11 09:25:24,997 DEBUG [    o.s.blitz.repo.ManagedImportRequestI] (-thread-10) Plane:3 X:0 Y:0 TileWidth:2048 TileHeight:2048 arrayBuf.length:8388608
2024-10-11 09:25:25,103 DEBUG [    o.s.blitz.repo.ManagedImportRequestI] (-thread-10) Plane:4 X:0 Y:0 TileWidth:2048 TileHeight:2048 arrayBuf.length:8388608
2024-10-11 09:25:25,164 DEBUG [    o.s.blitz.repo.ManagedImportRequestI] (-thread-10) Plane:5 X:0 Y:0 TileWidth:2048 TileHeight:2048 arrayBuf.length:8388608
2024-10-11 09:25:25,224 DEBUG [    o.s.blitz.repo.ManagedImportRequestI] (-thread-10) Plane:6 X:0 Y:0 TileWidth:2048 TileHeight:2048 arrayBuf.length:8388608
2024-10-11 09:25:25,298 DEBUG [    o.s.blitz.repo.ManagedImportRequestI] (-thread-10) Plane:7 X:0 Y:0 TileWidth:2048 TileHeight:2048 arrayBuf.length:8388608
2024-10-11 09:25:25,365 DEBUG [    o.s.blitz.repo.ManagedImportRequestI] (-thread-10) Plane:8 X:0 Y:0 TileWidth:2048 TileHeight:2048 arrayBuf.length:8388608
2024-10-11 09:25:25,438 DEBUG [    o.s.blitz.repo.ManagedImportRequestI] (-thread-10) Plane:9 X:0 Y:0 TileWidth:2048 TileHeight:2048 arrayBuf.length:8388608
2024-10-11 09:25:25,523 DEBUG [    o.s.blitz.repo.ManagedImportRequestI] (-thread-10) Plane:10 X:0 Y:0 TileWidth:2048 TileHeight:2048 arrayBuf.length:8388608
2024-10-11 09:25:25,588 DEBUG [    o.s.blitz.repo.ManagedImportRequestI] (-thread-10) Plane:11 X:0 Y:0 TileWidth:2048 TileHeight:2048 arrayBuf.length:8388608
2024-10-11 09:25:25,647 DEBUG [    o.s.blitz.repo.ManagedImportRequestI] (-thread-10) Plane:12 X:0 Y:0 TileWidth:2048 TileHeight:2048 arrayBuf.length:8388608
2024-10-11 09:25:25,722 DEBUG [    o.s.blitz.repo.ManagedImportRequestI] (-thread-10) Plane:13 X:0 Y:0 TileWidth:2048 TileHeight:2048 arrayBuf.length:8388608
2024-10-11 09:25:25,802 DEBUG [    o.s.blitz.repo.ManagedImportRequestI] (-thread-10) Plane:14 X:0 Y:0 TileWidth:2048 TileHeight:2048 arrayBuf.length:8388608
2024-10-11 09:25:25,874 DEBUG [    o.s.blitz.repo.ManagedImportRequestI] (-thread-10) Plane:15 X:0 Y:0 TileWidth:2048 TileHeight:2048 arrayBuf.length:8388608
2024-10-11 09:25:25,945 DEBUG [    o.s.blitz.repo.ManagedImportRequestI] (-thread-10) Plane:16 X:0 Y:0 TileWidth:2048 TileHeight:2048 arrayBuf.length:8388608
2024-10-11 09:25:26,017 DEBUG [    o.s.blitz.repo.ManagedImportRequestI] (-thread-10) Plane:17 X:0 Y:0 TileWidth:2048 TileHeight:2048 arrayBuf.length:8388608
2024-10-11 09:25:26,088 DEBUG [    o.s.blitz.repo.ManagedImportRequestI] (-thread-10) Plane:18 X:0 Y:0 TileWidth:2048 TileHeight:2048 arrayBuf.length:8388608
2024-10-11 09:25:26,160 DEBUG [    o.s.blitz.repo.ManagedImportRequestI] (-thread-10) Plane:19 X:0 Y:0 TileWidth:2048 TileHeight:2048 arrayBuf.length:8388608
2024-10-11 09:25:26,222 DEBUG [    o.s.blitz.repo.ManagedImportRequestI] (-thread-10) Plane:20 X:0 Y:0 TileWidth:2048 TileHeight:2048 arrayBuf.length:8388608
2024-10-11 09:25:26,292 DEBUG [    o.s.blitz.repo.ManagedImportRequestI] (-thread-10) Plane:21 X:0 Y:0 TileWidth:2048 TileHeight:2048 arrayBuf.length:8388608
2024-10-11 09:25:26,373 DEBUG [    o.s.blitz.repo.ManagedImportRequestI] (-thread-10) Plane:22 X:0 Y:0 TileWidth:2048 TileHeight:2048 arrayBuf.length:8388608
2024-10-11 09:25:26,430 DEBUG [    o.s.blitz.repo.ManagedImportRequestI] (-thread-10) Plane:23 X:0 Y:0 TileWidth:2048 TileHeight:2048 arrayBuf.length:8388608
2024-10-11 09:25:26,507 DEBUG [    o.s.blitz.repo.ManagedImportRequestI] (-thread-10) Plane:24 X:0 Y:0 TileWidth:2048 TileHeight:2048 arrayBuf.length:8388608
2024-10-11 09:25:26,581 DEBUG [    o.s.blitz.repo.ManagedImportRequestI] (-thread-10) Plane:25 X:0 Y:0 TileWidth:2048 TileHeight:2048 arrayBuf.length:8388608
2024-10-11 09:25:26,670 DEBUG [    o.s.blitz.repo.ManagedImportRequestI] (-thread-10) Plane:26 X:0 Y:0 TileWidth:2048 TileHeight:2048 arrayBuf.length:8388608
2024-10-11 09:25:26,763 DEBUG [    o.s.blitz.repo.ManagedImportRequestI] (-thread-10) Plane:27 X:0 Y:0 TileWidth:2048 TileHeight:2048 arrayBuf.length:8388608
2024-10-11 09:25:26,835 DEBUG [    o.s.blitz.repo.ManagedImportRequestI] (-thread-10) Plane:28 X:0 Y:0 TileWidth:2048 TileHeight:2048 arrayBuf.length:8388608
2024-10-11 09:25:26,918 DEBUG [    o.s.blitz.repo.ManagedImportRequestI] (-thread-10) Plane:29 X:0 Y:0 TileWidth:2048 TileHeight:2048 arrayBuf.length:8388608
2024-10-11 09:25:26,976 DEBUG [    o.s.blitz.repo.ManagedImportRequestI] (-thread-10) Plane:30 X:0 Y:0 TileWidth:2048 TileHeight:2048 arrayBuf.length:8388608
2024-10-11 09:25:27,058 DEBUG [    o.s.blitz.repo.ManagedImportRequestI] (-thread-10) Plane:31 X:0 Y:0 TileWidth:2048 TileHeight:2048 arrayBuf.length:8388608
2024-10-11 09:25:27,130 DEBUG [    o.s.blitz.repo.ManagedImportRequestI] (-thread-10) Plane:32 X:0 Y:0 TileWidth:2048 TileHeight:2048 arrayBuf.length:8388608
2024-10-11 09:25:27,200 DEBUG [    o.s.blitz.repo.ManagedImportRequestI] (-thread-10) Plane:33 X:0 Y:0 TileWidth:2048 TileHeight:2048 arrayBuf.length:8388608
2024-10-11 09:25:27,292 DEBUG [    o.s.blitz.repo.ManagedImportRequestI] (-thread-10) Plane:34 X:0 Y:0 TileWidth:2048 TileHeight:2048 arrayBuf.length:8388608
2024-10-11 09:25:27,354 DEBUG [    o.s.blitz.repo.ManagedImportRequestI] (-thread-10) Plane:35 X:0 Y:0 TileWidth:2048 TileHeight:2048 arrayBuf.length:8388608
2024-10-11 09:25:27,432 DEBUG [    o.s.blitz.repo.ManagedImportRequestI] (-thread-10) Plane:36 X:0 Y:0 TileWidth:2048 TileHeight:2048 arrayBuf.length:8388608
2024-10-11 09:25:27,519 DEBUG [    o.s.blitz.repo.ManagedImportRequestI] (-thread-10) Plane:37 X:0 Y:0 TileWidth:2048 TileHeight:2048 arrayBuf.length:8388608
2024-10-11 09:25:27,606 DEBUG [    o.s.blitz.repo.ManagedImportRequestI] (-thread-10) Plane:38 X:0 Y:0 TileWidth:2048 TileHeight:2048 arrayBuf.length:8388608
2024-10-11 09:25:27,698 DEBUG [    o.s.blitz.repo.ManagedImportRequestI] (-thread-10) Plane:39 X:0 Y:0 TileWidth:2048 TileHeight:2048 arrayBuf.length:8388608
2024-10-11 09:25:27,780 DEBUG [    o.s.blitz.repo.ManagedImportRequestI] (-thread-10) Plane:40 X:0 Y:0 TileWidth:2048 TileHeight:2048 arrayBuf.length:8388608
2024-10-11 09:25:27,877 DEBUG [    o.s.blitz.repo.ManagedImportRequestI] (-thread-10) Plane:41 X:0 Y:0 TileWidth:2048 TileHeight:2048 arrayBuf.length:8388608
2024-10-11 09:25:27,941 DEBUG [    o.s.blitz.repo.ManagedImportRequestI] (-thread-10) Plane:42 X:0 Y:0 TileWidth:2048 TileHeight:2048 arrayBuf.length:8388608
2024-10-11 09:25:28,053 DEBUG [    o.s.blitz.repo.ManagedImportRequestI] (-thread-10) Plane:43 X:0 Y:0 TileWidth:2048 TileHeight:2048 arrayBuf.length:8388608
2024-10-11 09:25:28,117 INFO  [    ome.security.basic.BasicEventContext] (.Server-12)  cctx:	group=0
2024-10-11 09:25:28,123 INFO  [         ome.security.basic.EventHandler] (.Server-12)  Auth:	user=0,group=0,event=28737(User),sess=83be404c-1957-46d4-a36b-f9feca68dcf3
2024-10-11 09:25:28,135 INFO  [                 org.perf4j.TimingLogger] (.Server-12) start[1728638728116] time[18] tag[omero.call.success.ome.services.blitz.impl.MetadataStoreI$7.doWork]
2024-10-11 09:25:28,139 INFO  [    ome.security.basic.BasicEventContext] (.Server-10)  cctx:	group=0
2024-10-11 09:25:28,142 INFO  [         ome.security.basic.EventHandler] (.Server-10)  Auth:	user=0,group=0,event=28738(User),sess=83be404c-1957-46d4-a36b-f9feca68dcf3
2024-10-11 09:25:28,307 INFO  [       ome.security.basic.CurrentDetails] (.Server-10) Adding log:UPDATE,class ome.model.core.Pixels,233
2024-10-11 09:25:28,314 INFO  [                 org.perf4j.TimingLogger] (.Server-10) start[1728638728138] time[175] tag[omero.call.success.ome.logic.UpdateImpl.saveArray]
2024-10-11 09:25:28,316 INFO  [    ome.security.basic.BasicEventContext] (.Server-11)  cctx:	group=0
2024-10-11 09:25:28,320 INFO  [         ome.security.basic.EventHandler] (.Server-11)  Auth:	user=0,group=0,event=28741(User),sess=83be404c-1957-46d4-a36b-f9feca68dcf3
2024-10-11 09:25:28,362 INFO  [                 org.perf4j.TimingLogger] (.Server-11) start[1728638728315] time[47] tag[omero.call.success.ome.services.blitz.impl.MetadataStoreI$2.doWork]
2024-10-11 09:25:28,362 INFO  [                 org.perf4j.TimingLogger] (-thread-10) start[1728638724740] time[3622] tag[omero.import.request.pixels]
2024-10-11 09:25:28,364 INFO  [    ome.security.basic.BasicEventContext] (l.Server-9)  cctx:	group=0
2024-10-11 09:25:28,365 INFO  [         ome.security.basic.EventHandler] (l.Server-9)  Auth:	user=0,group=0,event=null(User),sess=83be404c-1957-46d4-a36b-f9feca68dcf3
2024-10-11 09:25:28,366 INFO  [                 org.perf4j.TimingLogger] (l.Server-9) start[1728638728363] time[2] tag[omero.call.success.ome.logic.QueryImpl.get]
2024-10-11 09:25:28,367 INFO  [    ome.security.basic.BasicEventContext] (.Server-15)  cctx:	group=0
2024-10-11 09:25:28,372 INFO  [         ome.security.basic.EventHandler] (.Server-15)  Auth:	user=0,group=0,event=28742(User),sess=83be404c-1957-46d4-a36b-f9feca68dcf3
2024-10-11 09:25:28,374 INFO  [       ome.security.basic.CurrentDetails] (.Server-15) Adding log:UPDATE,class ome.model.core.OriginalFile,3136
2024-10-11 09:25:28,379 INFO  [                 org.perf4j.TimingLogger] (.Server-15) start[1728638728367] time[12] tag[omero.call.success.ome.logic.UpdateImpl.saveObject]
2024-10-11 09:25:28,379 INFO  [                 org.perf4j.TimingLogger] (-thread-10) start[1728638724740] time[3639] tag[omero.import.request.step]
2024-10-11 09:25:28,380 DEBUG [    o.s.blitz.repo.ManagedImportRequestI] (-thread-10) Step 2
2024-10-11 09:25:28,382 INFO  [    ome.security.basic.BasicEventContext] (.Server-13)  cctx:	group=0
2024-10-11 09:25:28,388 INFO  [         ome.security.basic.EventHandler] (.Server-13)  Auth:	user=0,group=0,event=28743(User),sess=83be404c-1957-46d4-a36b-f9feca68dcf3
2024-10-11 09:25:28,393 INFO  [                 org.perf4j.TimingLogger] (.Server-13) start[1728638728388] time[5] tag[omero.loadPixels]
2024-10-11 09:25:28,402 INFO  [                 org.perf4j.TimingLogger] (.Server-13) start[1728638728397] time[4] tag[omero.loadRenderingSettingsByUser]
2024-10-11 09:25:28,433 DEBUG [                   loci.formats.Memoizer] (.Server-13) start[1728638728418] time[14] tag[loci.formats.Memoizer.loadMemo]
2024-10-11 09:25:28,451 INFO  [                loci.formats.ImageReader] (.Server-13) IonpathMIBITiffReader initializing /OMERO/ManagedRepository/root_0/2024-10/11/09-25-23.803/TA459_multipleCores2_Run-4_Point34.tiff
2024-10-11 09:25:28,452 INFO  [       loci.formats.in.MinimalTiffReader] (.Server-13) Reading IFDs
2024-10-11 09:25:28,453 INFO  [       loci.formats.in.MinimalTiffReader] (.Server-13) Populating metadata
2024-10-11 09:25:28,455 INFO  [          loci.formats.in.BaseTiffReader] (.Server-13) Populating OME metadata
2024-10-11 09:25:28,460 DEBUG [                   loci.formats.Memoizer] (.Server-13) saved to temp file: /OMERO/BioFormatsCache/OMERO/ManagedRepository/root_0/2024-10/11/09-25-23.803/.TA459_multipleCores2_Run-4_Point34.tiff.bfmemo5513527339763851525
2024-10-11 09:25:28,460 DEBUG [                   loci.formats.Memoizer] (.Server-13) start[1728638728458] time[1] tag[loci.formats.Memoizer.saveMemo]
2024-10-11 09:25:28,460 DEBUG [                   loci.formats.Memoizer] (.Server-13) saved memo file: /OMERO/BioFormatsCache/OMERO/ManagedRepository/root_0/2024-10/11/09-25-23.803/.TA459_multipleCores2_Run-4_Point34.tiff.bfmemo (50721 bytes)
2024-10-11 09:25:28,460 DEBUG [                   loci.formats.Memoizer] (.Server-13) start[1728638728406] time[54] tag[loci.formats.Memoizer.setId]
2024-10-11 09:25:28,474 INFO  [       ome.security.basic.CurrentDetails] (.Server-13) Adding log:INSERT,class ome.model.display.QuantumDef,233
2024-10-11 09:25:28,475 INFO  [       ome.security.basic.CurrentDetails] (.Server-13) Adding log:INSERT,class ome.model.display.RenderingDef,233
2024-10-11 09:25:28,477 INFO  [       ome.security.basic.CurrentDetails] (.Server-13) Adding log:INSERT,class ome.model.display.ChannelBinding,1959
2024-10-11 09:25:28,477 INFO  [       ome.security.basic.CurrentDetails] (.Server-13) Adding log:INSERT,class ome.model.display.ChannelBinding,1960
2024-10-11 09:25:28,478 INFO  [       ome.security.basic.CurrentDetails] (.Server-13) Adding log:INSERT,class ome.model.display.ChannelBinding,1961
2024-10-11 09:25:28,478 INFO  [       ome.security.basic.CurrentDetails] (.Server-13) Adding log:INSERT,class ome.model.display.ChannelBinding,1962
2024-10-11 09:25:28,479 INFO  [       ome.security.basic.CurrentDetails] (.Server-13) Adding log:INSERT,class ome.model.display.ChannelBinding,1963
2024-10-11 09:25:28,479 INFO  [       ome.security.basic.CurrentDetails] (.Server-13) Adding log:INSERT,class ome.model.display.ChannelBinding,1964
2024-10-11 09:25:28,479 INFO  [       ome.security.basic.CurrentDetails] (.Server-13) Adding log:INSERT,class ome.model.display.ChannelBinding,1965
2024-10-11 09:25:28,479 INFO  [       ome.security.basic.CurrentDetails] (.Server-13) Adding log:INSERT,class ome.model.display.ChannelBinding,1966
2024-10-11 09:25:28,480 INFO  [       ome.security.basic.CurrentDetails] (.Server-13) Adding log:INSERT,class ome.model.display.ChannelBinding,1967
2024-10-11 09:25:28,480 INFO  [       ome.security.basic.CurrentDetails] (.Server-13) Adding log:INSERT,class ome.model.display.ChannelBinding,1968
2024-10-11 09:25:28,480 INFO  [       ome.security.basic.CurrentDetails] (.Server-13) Adding log:INSERT,class ome.model.display.ChannelBinding,1969
2024-10-11 09:25:28,480 INFO  [       ome.security.basic.CurrentDetails] (.Server-13) Adding log:INSERT,class ome.model.display.ChannelBinding,1970
2024-10-11 09:25:28,480 INFO  [       ome.security.basic.CurrentDetails] (.Server-13) Adding log:INSERT,class ome.model.display.ChannelBinding,1971
2024-10-11 09:25:28,480 INFO  [       ome.security.basic.CurrentDetails] (.Server-13) Adding log:INSERT,class ome.model.display.ChannelBinding,1972
2024-10-11 09:25:28,481 INFO  [       ome.security.basic.CurrentDetails] (.Server-13) Adding log:INSERT,class ome.model.display.ChannelBinding,1973
2024-10-11 09:25:28,481 INFO  [       ome.security.basic.CurrentDetails] (.Server-13) Adding log:INSERT,class ome.model.display.ChannelBinding,1974
2024-10-11 09:25:28,481 INFO  [       ome.security.basic.CurrentDetails] (.Server-13) Adding log:INSERT,class ome.model.display.ChannelBinding,1975
2024-10-11 09:25:28,481 INFO  [       ome.security.basic.CurrentDetails] (.Server-13) Adding log:INSERT,class ome.model.display.ChannelBinding,1976
2024-10-11 09:25:28,481 INFO  [       ome.security.basic.CurrentDetails] (.Server-13) Adding log:INSERT,class ome.model.display.ChannelBinding,1977
2024-10-11 09:25:28,482 INFO  [       ome.security.basic.CurrentDetails] (.Server-13) Adding log:INSERT,class ome.model.display.ChannelBinding,1978
2024-10-11 09:25:28,482 INFO  [       ome.security.basic.CurrentDetails] (.Server-13) Adding log:INSERT,class ome.model.display.ChannelBinding,1979
2024-10-11 09:25:28,482 INFO  [       ome.security.basic.CurrentDetails] (.Server-13) Adding log:INSERT,class ome.model.display.ChannelBinding,1980
2024-10-11 09:25:28,482 INFO  [       ome.security.basic.CurrentDetails] (.Server-13) Adding log:INSERT,class ome.model.display.ChannelBinding,1981
2024-10-11 09:25:28,482 INFO  [       ome.security.basic.CurrentDetails] (.Server-13) Adding log:INSERT,class ome.model.display.ChannelBinding,1982
2024-10-11 09:25:28,483 INFO  [       ome.security.basic.CurrentDetails] (.Server-13) Adding log:INSERT,class ome.model.display.ChannelBinding,1983
2024-10-11 09:25:28,483 INFO  [       ome.security.basic.CurrentDetails] (.Server-13) Adding log:INSERT,class ome.model.display.ChannelBinding,1984
2024-10-11 09:25:28,483 INFO  [       ome.security.basic.CurrentDetails] (.Server-13) Adding log:INSERT,class ome.model.display.ChannelBinding,1985
2024-10-11 09:25:28,483 INFO  [       ome.security.basic.CurrentDetails] (.Server-13) Adding log:INSERT,class ome.model.display.ChannelBinding,1986
2024-10-11 09:25:28,483 INFO  [       ome.security.basic.CurrentDetails] (.Server-13) Adding log:INSERT,class ome.model.display.ChannelBinding,1987
2024-10-11 09:25:28,484 INFO  [       ome.security.basic.CurrentDetails] (.Server-13) Adding log:INSERT,class ome.model.display.ChannelBinding,1988
2024-10-11 09:25:28,484 INFO  [       ome.security.basic.CurrentDetails] (.Server-13) Adding log:INSERT,class ome.model.display.ChannelBinding,1989
2024-10-11 09:25:28,484 INFO  [       ome.security.basic.CurrentDetails] (.Server-13) Adding log:INSERT,class ome.model.display.ChannelBinding,1990
2024-10-11 09:25:28,484 INFO  [       ome.security.basic.CurrentDetails] (.Server-13) Adding log:INSERT,class ome.model.display.ChannelBinding,1991
2024-10-11 09:25:28,484 INFO  [       ome.security.basic.CurrentDetails] (.Server-13) Adding log:INSERT,class ome.model.display.ChannelBinding,1992
2024-10-11 09:25:28,485 INFO  [       ome.security.basic.CurrentDetails] (.Server-13) Adding log:INSERT,class ome.model.display.ChannelBinding,1993
2024-10-11 09:25:28,485 INFO  [       ome.security.basic.CurrentDetails] (.Server-13) Adding log:INSERT,class ome.model.display.ChannelBinding,1994
2024-10-11 09:25:28,485 INFO  [       ome.security.basic.CurrentDetails] (.Server-13) Adding log:INSERT,class ome.model.display.ChannelBinding,1995
2024-10-11 09:25:28,485 INFO  [       ome.security.basic.CurrentDetails] (.Server-13) Adding log:INSERT,class ome.model.display.ChannelBinding,1996
2024-10-11 09:25:28,486 INFO  [       ome.security.basic.CurrentDetails] (.Server-13) Adding log:INSERT,class ome.model.display.ChannelBinding,1997
2024-10-11 09:25:28,486 INFO  [       ome.security.basic.CurrentDetails] (.Server-13) Adding log:INSERT,class ome.model.display.ChannelBinding,1998
2024-10-11 09:25:28,486 INFO  [       ome.security.basic.CurrentDetails] (.Server-13) Adding log:INSERT,class ome.model.display.ChannelBinding,1999
2024-10-11 09:25:28,486 INFO  [       ome.security.basic.CurrentDetails] (.Server-13) Adding log:INSERT,class ome.model.display.ChannelBinding,2000
2024-10-11 09:25:28,486 INFO  [       ome.security.basic.CurrentDetails] (.Server-13) Adding log:INSERT,class ome.model.display.ChannelBinding,2001
2024-10-11 09:25:28,486 INFO  [       ome.security.basic.CurrentDetails] (.Server-13) Adding log:INSERT,class ome.model.display.ChannelBinding,2002
2024-10-11 09:25:28,503 INFO  [                 org.perf4j.TimingLogger] (.Server-13) start[1728638728469] time[34] tag[omero.resetDefaultsInSet.saveAndReturn]
2024-10-11 09:25:28,504 INFO  [                 org.perf4j.TimingLogger] (.Server-13) start[1728638728388] time[116] tag[omero.resetDefaultsInSet]
2024-10-11 09:25:28,513 INFO  [                 org.perf4j.TimingLogger] (.Server-13) start[1728638728381] time[132] tag[omero.call.success.ome.logic.RenderingSettingsImpl.resetDefaultsInSet]
2024-10-11 09:25:28,515 INFO  [    ome.security.basic.BasicEventContext] (.Server-12)  cctx:	group=0
2024-10-11 09:25:28,519 INFO  [         ome.security.basic.EventHandler] (.Server-12)  Auth:	user=0,group=0,event=28744(User),sess=83be404c-1957-46d4-a36b-f9feca68dcf3
2024-10-11 09:25:28,521 INFO  [                 org.perf4j.TimingLogger] (.Server-12) start[1728638728519] time[1] tag[omero.bulkLoadRenderingSettings]
2024-10-11 09:25:28,521 INFO  [                 org.perf4j.TimingLogger] (.Server-12) start[1728638728521] time[0] tag[omero.createAndPrepareMissingRenderingSettings]
2024-10-11 09:25:28,523 INFO  [                 org.perf4j.TimingLogger] (.Server-12) start[1728638728521] time[1] tag[omero.bulkLoadMetadata]
2024-10-11 09:25:28,523 INFO  [                 org.perf4j.TimingLogger] (.Server-12) start[1728638728521] time[2] tag[omero.loadMetadataByDimensionPool]
2024-10-11 09:25:28,525 INFO  [       ome.security.basic.CurrentDetails] (.Server-12) Adding log:INSERT,class ome.model.display.Thumbnail,233
2024-10-11 09:25:28,526 INFO  [                 org.perf4j.TimingLogger] (.Server-12) start[1728638728525] time[0] tag[omero.bulkLoadMetadata]
2024-10-11 09:25:28,526 INFO  [                 org.perf4j.TimingLogger] (.Server-12) start[1728638728525] time[0] tag[omero.loadMetadataByDimensionPool]
2024-10-11 09:25:28,526 INFO  [                 org.perf4j.TimingLogger] (.Server-12) start[1728638728523] time[2] tag[omero.createMissingThumbnailMetadata]
2024-10-11 09:25:28,527 INFO  [    ome.security.basic.BasicEventContext] (.Server-12)  cctx:	group=0
2024-10-11 09:25:28,530 INFO  [         ome.security.basic.EventHandler] (.Server-12)  Auth:	user=0,group=0,event=28745(User),sess=83be404c-1957-46d4-a36b-f9feca68dcf3
2024-10-11 09:25:28,532 INFO  [                 org.perf4j.TimingLogger] (.Server-12) start[1728638728532] time[0] tag[omero._createThumbnail(thumbMetaData)]
2024-10-11 09:25:28,569 DEBUG [                   loci.formats.Memoizer] (.Server-12) loaded memo file: /OMERO/BioFormatsCache/OMERO/ManagedRepository/root_0/2024-10/11/09-25-23.803/.TA459_multipleCores2_Run-4_Point34.tiff.bfmemo (50721 bytes)
2024-10-11 09:25:28,569 DEBUG [                   loci.formats.Memoizer] (.Server-12) start[1728638728546] time[22] tag[loci.formats.Memoizer.loadMemo]
2024-10-11 09:25:28,569 DEBUG [                   loci.formats.Memoizer] (.Server-12) start[1728638728546] time[23] tag[loci.formats.Memoizer.setId]
2024-10-11 09:25:28,660 INFO  [       ome.logic.JavaImageScalingService] (.Server-12) Scaling to: 96x96
2024-10-11 09:25:28,686 INFO  [                 org.perf4j.TimingLogger] (.Server-12) start[1728638728660] time[25] tag[java-image-scaling.resampleOp]
2024-10-11 09:25:28,688 INFO  [                 org.perf4j.TimingLogger] (.Server-12) start[1728638728532] time[156] tag[omero._createThumbnail]
2024-10-11 09:25:28,695 INFO  [                 org.perf4j.TimingLogger] (.Server-12) start[1728638728514] time[180] tag[omero.call.success.ome.services.ThumbnailBean.createThumbnailsByLongestSideSet]
2024-10-11 09:25:28,695 INFO  [                 org.perf4j.TimingLogger] (-thread-10) start[1728638728380] time[315] tag[omero.import.request.thumbs]
2024-10-11 09:25:28,696 INFO  [    ome.security.basic.BasicEventContext] (l.Server-4)  cctx:	group=0
2024-10-11 09:25:28,698 INFO  [         ome.security.basic.EventHandler] (l.Server-4)  Auth:	user=0,group=0,event=null(User),sess=83be404c-1957-46d4-a36b-f9feca68dcf3
2024-10-11 09:25:28,699 INFO  [                 org.perf4j.TimingLogger] (l.Server-4) start[1728638728696] time[3] tag[omero.call.success.ome.logic.QueryImpl.get]
2024-10-11 09:25:28,701 INFO  [    ome.security.basic.BasicEventContext] (.Server-14)  cctx:	group=0
2024-10-11 09:25:28,704 INFO  [         ome.security.basic.EventHandler] (.Server-14)  Auth:	user=0,group=0,event=28746(User),sess=83be404c-1957-46d4-a36b-f9feca68dcf3
2024-10-11 09:25:28,706 INFO  [       ome.security.basic.CurrentDetails] (.Server-14) Adding log:UPDATE,class ome.model.core.OriginalFile,3136
2024-10-11 09:25:28,711 INFO  [                 org.perf4j.TimingLogger] (.Server-14) start[1728638728700] time[10] tag[omero.call.success.ome.logic.UpdateImpl.saveObject]
2024-10-11 09:25:28,711 INFO  [                 org.perf4j.TimingLogger] (-thread-10) start[1728638728380] time[331] tag[omero.import.request.step]
2024-10-11 09:25:28,711 DEBUG [    o.s.blitz.repo.ManagedImportRequestI] (-thread-10) Step 3
2024-10-11 09:25:28,713 INFO  [    ome.security.basic.BasicEventContext] (.Server-10)  cctx:	group=0
2024-10-11 09:25:28,714 INFO  [         ome.security.basic.EventHandler] (.Server-10)  Auth:	user=0,group=0,event=null(User),sess=83be404c-1957-46d4-a36b-f9feca68dcf3
2024-10-11 09:25:28,715 INFO  [                 org.perf4j.TimingLogger] (.Server-10) start[1728638728712] time[3] tag[omero.call.success.ome.services.blitz.impl.MetadataStoreI$6.doWork]
2024-10-11 09:25:28,717 INFO  [    ome.security.basic.BasicEventContext] (.Server-11)  cctx:	group=0
2024-10-11 09:25:28,718 INFO  [         ome.security.basic.EventHandler] (.Server-11)  Auth:	user=0,group=0,event=null(User),sess=83be404c-1957-46d4-a36b-f9feca68dcf3
2024-10-11 09:25:28,720 INFO  [                 org.perf4j.TimingLogger] (.Server-11) start[1728638728716] time[4] tag[omero.call.success.ome.logic.QueryImpl.get]
2024-10-11 09:25:28,723 INFO  [    ome.security.basic.BasicEventContext] (l.Server-9)  cctx:	group=0
2024-10-11 09:25:28,726 INFO  [         ome.security.basic.EventHandler] (l.Server-9)  Auth:	user=0,group=0,event=28747(User),sess=83be404c-1957-46d4-a36b-f9feca68dcf3
2024-10-11 09:25:28,729 INFO  [       ome.security.basic.CurrentDetails] (l.Server-9) Adding log:UPDATE,class ome.model.core.OriginalFile,3136
2024-10-11 09:25:28,739 INFO  [                 org.perf4j.TimingLogger] (l.Server-9) start[1728638728722] time[17] tag[omero.call.success.ome.logic.UpdateImpl.saveObject]
2024-10-11 09:25:28,739 INFO  [                 org.perf4j.TimingLogger] (-thread-10) start[1728638728711] time[27] tag[omero.import.request.step]
2024-10-11 09:25:28,739 DEBUG [    o.s.blitz.repo.ManagedImportRequestI] (-thread-10) Step 4
2024-10-11 09:25:28,740 INFO  [    ome.security.basic.BasicEventContext] (.Server-15)  cctx:	group=0
2024-10-11 09:25:28,741 INFO  [         ome.security.basic.EventHandler] (.Server-15)  Auth:	user=0,group=0,event=null(User),sess=83be404c-1957-46d4-a36b-f9feca68dcf3
2024-10-11 09:25:28,743 INFO  [                 org.perf4j.TimingLogger] (.Server-15) start[1728638728740] time[2] tag[omero.call.success.ome.logic.QueryImpl.get]
2024-10-11 09:25:28,744 INFO  [    ome.security.basic.BasicEventContext] (.Server-13)  cctx:	group=0
2024-10-11 09:25:28,747 INFO  [         ome.security.basic.EventHandler] (.Server-13)  Auth:	user=0,group=0,event=28748(User),sess=83be404c-1957-46d4-a36b-f9feca68dcf3
2024-10-11 09:25:28,749 INFO  [       ome.security.basic.CurrentDetails] (.Server-13) Adding log:UPDATE,class ome.model.core.OriginalFile,3136
2024-10-11 09:25:28,754 INFO  [                 org.perf4j.TimingLogger] (.Server-13) start[1728638728743] time[10] tag[omero.call.success.ome.logic.UpdateImpl.saveObject]
2024-10-11 09:25:28,755 INFO  [                 org.perf4j.TimingLogger] (-thread-10) start[1728638728739] time[15] tag[omero.import.request.step]
2024-10-11 09:25:28,760 INFO  [    ome.security.basic.BasicEventContext] (.Server-12)  cctx:	group=0
2024-10-11 09:25:28,768 INFO  [         ome.security.basic.EventHandler] (.Server-12)  Auth:	user=0,group=0,event=28749(User),sess=83be404c-1957-46d4-a36b-f9feca68dcf3
2024-10-11 09:25:28,789 INFO  [                 org.perf4j.TimingLogger] (.Server-12) start[1728638728760] time[29] tag[omero.call.success.ome.services.RawFileBean.close]
2024-10-11 09:25:28,790 DEBUG [                omero.util.ServantHolder] (.Server-12) Removed omero.api._RawFileStoreTie@74df5464 from omero.util.ServantHolder@149b3864 as da1989f9-f658-4bfb-a4b4-21a246ea0528omero.api.RawFileStore
2024-10-11 09:25:28,790 INFO  [                      omero.cmd.SessionI] (.Server-12) Unregistered servant:83be404c-1957-46d4-a36b-f9feca68dcf3/da1989f9-f658-4bfb-a4b4-21a246ea0528omero.api.RawFileStore(omero.api._RawFileStoreTie@74df5464)
2024-10-11 09:25:28,793 INFO  [    ome.security.basic.BasicEventContext] (l.Server-4)  cctx:	group=0
2024-10-11 09:25:28,797 INFO  [         ome.security.basic.EventHandler] (l.Server-4)  Auth:	user=0,group=0,event=28750(User),sess=83be404c-1957-46d4-a36b-f9feca68dcf3
2024-10-11 09:25:28,801 INFO  [                 org.perf4j.TimingLogger] (l.Server-4) start[1728638728790] time[10] tag[omero.call.success.ome.services.RawPixelsBean.close]
2024-10-11 09:25:28,801 DEBUG [                omero.util.ServantHolder] (l.Server-4) Removed omero.api._RawPixelsStoreTie@303e6b8d from omero.util.ServantHolder@149b3864 as 35c86738-23be-4a0e-99be-f8096c9101e7omero.api.RawPixelsStore
2024-10-11 09:25:28,801 INFO  [                      omero.cmd.SessionI] (l.Server-4) Unregistered servant:83be404c-1957-46d4-a36b-f9feca68dcf3/35c86738-23be-4a0e-99be-f8096c9101e7omero.api.RawPixelsStore(omero.api._RawPixelsStoreTie@303e6b8d)
2024-10-11 09:25:28,802 INFO  [    ome.security.basic.BasicEventContext] (.Server-14)  cctx:	group=0
2024-10-11 09:25:28,803 INFO  [         ome.security.basic.EventHandler] (.Server-14)  Auth:	user=0,group=0,event=null(User),sess=83be404c-1957-46d4-a36b-f9feca68dcf3
2024-10-11 09:25:28,804 INFO  [                 org.perf4j.TimingLogger] (.Server-14) start[1728638728802] time[2] tag[omero.call.success.ome.services.ThumbnailBean.close]
2024-10-11 09:25:28,804 DEBUG [                omero.util.ServantHolder] (.Server-14) Removed omero.api._ThumbnailStoreTie@63c692d6 from omero.util.ServantHolder@149b3864 as e7206778-14dd-4583-8843-cd23364c7278omero.api.ThumbnailStore
2024-10-11 09:25:28,804 INFO  [                      omero.cmd.SessionI] (.Server-14) Unregistered servant:83be404c-1957-46d4-a36b-f9feca68dcf3/e7206778-14dd-4583-8843-cd23364c7278omero.api.ThumbnailStore(omero.api._ThumbnailStoreTie@63c692d6)
2024-10-11 09:25:28,804 DEBUG [                omero.util.ServantHolder] (.Server-10) Removed omero.api._MetadataStoreTie@2512f0f3 from omero.util.ServantHolder@149b3864 as 17db2e35-8a1e-4fc1-a6ac-93db4dee0606omero.api.MetadataStore
2024-10-11 09:25:28,804 INFO  [                      omero.cmd.SessionI] (.Server-10) Unregistered servant:83be404c-1957-46d4-a36b-f9feca68dcf3/17db2e35-8a1e-4fc1-a6ac-93db4dee0606omero.api.MetadataStore(omero.api._MetadataStoreTie@2512f0f3)
2024-10-11 09:25:28,804 INFO  [    o.s.blitz.repo.ManagedImportRequestI] (-thread-10) Cleaning up import.
2024-10-11 09:25:28,809 INFO  [         ome.security.basic.EventHandler] (l.Server-9)  Auth:	user=0,group=0,event=null(User),sess=83be404c-1957-46d4-a36b-f9feca68dcf3
2024-10-11 09:25:28,810 INFO  [                 org.perf4j.TimingLogger] (l.Server-9) start[1728638728807] time[2] tag[omero.call.success.ome.logic.QueryImpl.get]
2024-10-11 09:25:28,817 INFO  [         ome.security.basic.EventHandler] (.Server-13)  Auth:	user=0,group=0,event=28751(User),sess=83be404c-1957-46d4-a36b-f9feca68dcf3
2024-10-11 09:25:28,818 INFO  [       ome.security.basic.CurrentDetails] (.Server-13) Adding log:UPDATE,class ome.model.core.OriginalFile,3136
2024-10-11 09:25:28,825 INFO  [                 org.perf4j.TimingLogger] (.Server-13) start[1728638728813] time[11] tag[omero.call.success.ome.logic.UpdateImpl.saveObject]
