2024-10-11 09:25:12,190 INFO  [                 org.perf4j.TimingLogger] (.Server-15) start[1728638712170] time[19] tag[omero.import.process.init]
2024-10-11 09:25:12,197 INFO  [         ome.security.basic.EventHandler] (.Server-15)  Auth:	user=0,group=0,event=28332(User),sess=83be404c-1957-46d4-a36b-f9feca68dcf3
2024-10-11 09:25:12,200 INFO  [       ome.security.basic.CurrentDetails] (.Server-15) Adding log:INSERT,class ome.model.jobs.UploadJob,3143
2024-10-11 09:25:12,201 INFO  [       ome.security.basic.CurrentDetails] (.Server-15) Adding log:INSERT,class ome.model.jobs.JobOriginalFileLink,4896
2024-10-11 09:25:12,209 INFO  [       ome.security.basic.CurrentDetails] (.Server-15) Adding log:INSERT,class ome.model.jobs.MetadataImportJob,3144
2024-10-11 09:25:12,217 INFO  [       ome.security.basic.CurrentDetails] (.Server-15) Adding log:INSERT,class ome.model.jobs.PixelDataJob,3145
2024-10-11 09:25:12,224 INFO  [       ome.security.basic.CurrentDetails] (.Server-15) Adding log:INSERT,class ome.model.jobs.ThumbnailGenerationJob,3146
2024-10-11 09:25:12,229 INFO  [       ome.security.basic.CurrentDetails] (.Server-15) Adding log:INSERT,class ome.model.jobs.IndexingJob,3147
2024-10-11 09:25:12,233 INFO  [                 org.perf4j.TimingLogger] (.Server-15) start[1728638712233] time[0] tag[omero.repo.internal_register.find_repo_files]
2024-10-11 09:25:12,236 INFO  [       ome.security.basic.CurrentDetails] (.Server-15) Adding log:INSERT,class ome.model.core.OriginalFile,3104
2024-10-11 09:25:12,239 INFO  [                 org.perf4j.TimingLogger] (.Server-15) start[1728638712234] time[4] tag[omero.repo.create_original_file.save]
2024-10-11 09:25:12,239 INFO  [                 org.perf4j.TimingLogger] (.Server-15) start[1728638712239] time[0] tag[omero.repo.create_original_file.internal_mkdir]
2024-10-11 09:25:12,239 INFO  [                 org.perf4j.TimingLogger] (.Server-15) start[1728638712239] time[0] tag[omero.repo.internal_register.load]
2024-10-11 09:25:12,239 INFO  [                 org.perf4j.TimingLogger] (.Server-15) start[1728638712239] time[0] tag[omero.repo.internal_register.sort]
2024-10-11 09:25:12,239 INFO  [                 org.perf4j.TimingLogger] (.Server-15) start[1728638712233] time[6] tag[omero.repo.save_fileset.register]
2024-10-11 09:25:12,239 INFO  [                 org.perf4j.TimingLogger] (.Server-15) start[1728638712239] time[0] tag[omero.repo.save_fileset.update_fileset_entries]
2024-10-11 09:25:12,242 INFO  [       ome.security.basic.CurrentDetails] (.Server-15) Adding log:INSERT,class ome.model.fs.Fileset,222
2024-10-11 09:25:12,242 INFO  [       ome.security.basic.CurrentDetails] (.Server-15) Adding log:INSERT,class ome.model.fs.FilesetJobLink,306
2024-10-11 09:25:12,242 INFO  [       ome.security.basic.CurrentDetails] (.Server-15) Adding log:INSERT,class ome.model.fs.FilesetJobLink,307
2024-10-11 09:25:12,243 INFO  [       ome.security.basic.CurrentDetails] (.Server-15) Adding log:INSERT,class ome.model.fs.FilesetJobLink,308
2024-10-11 09:25:12,243 INFO  [       ome.security.basic.CurrentDetails] (.Server-15) Adding log:INSERT,class ome.model.fs.FilesetJobLink,309
2024-10-11 09:25:12,243 INFO  [       ome.security.basic.CurrentDetails] (.Server-15) Adding log:INSERT,class ome.model.fs.FilesetJobLink,310
2024-10-11 09:25:12,244 INFO  [       ome.security.basic.CurrentDetails] (.Server-15) Adding log:INSERT,class ome.model.fs.FilesetEntry,222
2024-10-11 09:25:12,247 INFO  [                 org.perf4j.TimingLogger] (.Server-15) start[1728638712239] time[7] tag[omero.repo.save_fileset.save]
2024-10-11 09:25:12,254 INFO  [                 org.perf4j.TimingLogger] (.Server-15) start[1728638712191] time[62] tag[omero.call.success.ome.services.blitz.repo.RepositoryDaoImpl$8.doWork]
2024-10-11 09:25:12,255 INFO  [                 org.perf4j.TimingLogger] (.Server-15) start[1728638712191] time[64] tag[omero.repo.save_fileset]
2024-10-11 09:25:12,256 INFO  [                      omero.cmd.SessionI] (.Server-15) Added servant to adapter: 83be404c-1957-46d4-a36b-f9feca68dcf3/2ee30a2f-44f1-4312-b670-0299f586ff7c-ManagedImportProcessI(omero.grid._ImportProcessTie@3b2257e7)
2024-10-11 09:25:12,256 DEBUG [                omero.util.ServantHolder] (.Server-15) Added omero.grid._ImportProcessTie@3b2257e7 to omero.util.ServantHolder@149b3864 as 2ee30a2f-44f1-4312-b670-0299f586ff7c-ManagedImportProcessI
2024-10-11 09:25:12,256 INFO  [                 org.perf4j.TimingLogger] (.Server-15) start[1728638712191] time[65] tag[omero.import.process.create]
2024-10-11 09:25:12,265 INFO  [         ome.security.basic.EventHandler] (.Server-13)  Auth:	user=0,group=0,event=null(User),sess=83be404c-1957-46d4-a36b-f9feca68dcf3
2024-10-11 09:25:12,270 INFO  [                 org.perf4j.TimingLogger] (.Server-13) start[1728638712263] time[7] tag[omero.call.success.ome.services.blitz.repo.RepositoryDaoImpl$2.doWork]
2024-10-11 09:25:12,273 INFO  [         ome.security.basic.EventHandler] (.Server-13)  Auth:	user=0,group=0,event=null(User),sess=83be404c-1957-46d4-a36b-f9feca68dcf3
2024-10-11 09:25:12,276 INFO  [                 org.perf4j.TimingLogger] (.Server-13) start[1728638712271] time[5] tag[omero.call.success.ome.services.blitz.repo.RepositoryDaoImpl$4.doWork]
2024-10-11 09:25:12,278 INFO  [         ome.security.basic.EventHandler] (.Server-13)  Auth:	user=0,group=0,event=null(User),sess=83be404c-1957-46d4-a36b-f9feca68dcf3
2024-10-11 09:25:12,282 INFO  [                 org.perf4j.TimingLogger] (.Server-13) start[1728638712276] time[5] tag[omero.call.success.ome.services.blitz.repo.RepositoryDaoImpl$6.doWork]
2024-10-11 09:25:12,283 INFO  [    ome.security.basic.BasicEventContext] (.Server-13)  cctx:	group=0
2024-10-11 09:25:12,284 INFO  [         ome.security.basic.EventHandler] (.Server-13)  Auth:	user=0,group=0,event=null(User),sess=83be404c-1957-46d4-a36b-f9feca68dcf3
2024-10-11 09:25:12,286 INFO  [                 org.perf4j.TimingLogger] (.Server-13) start[1728638712282] time[3] tag[omero.call.success.ome.services.blitz.repo.RepositoryDaoImpl$1.doWork]
2024-10-11 09:25:12,287 INFO  [                      omero.cmd.SessionI] (.Server-13) Added servant to adapter: 83be404c-1957-46d4-a36b-f9feca68dcf3/9f808867-0939-432d-8c27-b2bd0652a2a0-RepoRawFileStoreI(omero.api._RawFileStoreTie@201319c2)
2024-10-11 09:25:12,287 DEBUG [                omero.util.ServantHolder] (.Server-13) Added omero.api._RawFileStoreTie@201319c2 to omero.util.ServantHolder@149b3864 as 9f808867-0939-432d-8c27-b2bd0652a2a0-RepoRawFileStoreI
2024-10-11 09:25:12,287 INFO  [                 org.perf4j.TimingLogger] (.Server-13) start[1728638712262] time[24] tag[omero.import.process.opener]
2024-10-11 09:25:12,287 INFO  [                 org.perf4j.TimingLogger] (.Server-13) start[1728638712262] time[24] tag[omero.import.process.uploader]
2024-10-11 09:25:12,291 INFO  [         ome.security.basic.EventHandler] (l.Server-4)  Auth:	user=0,group=0,event=null(User),sess=83be404c-1957-46d4-a36b-f9feca68dcf3
2024-10-11 09:25:12,291 INFO  [                 org.perf4j.TimingLogger] (l.Server-4) start[1728638712290] time[1] tag[omero.call.success.ome.services.RawFileBean.write]
2024-10-11 09:25:12,359 INFO  [         ome.security.basic.EventHandler] (.Server-12)  Auth:	user=0,group=0,event=null(User),sess=83be404c-1957-46d4-a36b-f9feca68dcf3
2024-10-11 09:25:12,368 INFO  [                 org.perf4j.TimingLogger] (.Server-12) start[1728638712358] time[9] tag[omero.call.success.ome.services.RawFileBean.write]
2024-10-11 09:25:12,415 INFO  [         ome.security.basic.EventHandler] (l.Server-9)  Auth:	user=0,group=0,event=null(User),sess=83be404c-1957-46d4-a36b-f9feca68dcf3
2024-10-11 09:25:12,421 INFO  [                 org.perf4j.TimingLogger] (l.Server-9) start[1728638712414] time[7] tag[omero.call.success.ome.services.RawFileBean.write]
2024-10-11 09:25:12,471 INFO  [         ome.security.basic.EventHandler] (.Server-15)  Auth:	user=0,group=0,event=null(User),sess=83be404c-1957-46d4-a36b-f9feca68dcf3
2024-10-11 09:25:12,477 INFO  [                 org.perf4j.TimingLogger] (.Server-15) start[1728638712470] time[7] tag[omero.call.success.ome.services.RawFileBean.write]
2024-10-11 09:25:12,542 INFO  [         ome.security.basic.EventHandler] (.Server-14)  Auth:	user=0,group=0,event=null(User),sess=83be404c-1957-46d4-a36b-f9feca68dcf3
2024-10-11 09:25:12,549 INFO  [                 org.perf4j.TimingLogger] (.Server-14) start[1728638712541] time[7] tag[omero.call.success.ome.services.RawFileBean.write]
2024-10-11 09:25:12,602 INFO  [         ome.security.basic.EventHandler] (.Server-11)  Auth:	user=0,group=0,event=null(User),sess=83be404c-1957-46d4-a36b-f9feca68dcf3
2024-10-11 09:25:12,609 INFO  [                 org.perf4j.TimingLogger] (.Server-11) start[1728638712600] time[8] tag[omero.call.success.ome.services.RawFileBean.write]
2024-10-11 09:25:12,652 INFO  [         ome.security.basic.EventHandler] (.Server-13)  Auth:	user=0,group=0,event=null(User),sess=83be404c-1957-46d4-a36b-f9feca68dcf3
2024-10-11 09:25:12,659 INFO  [                 org.perf4j.TimingLogger] (.Server-13) start[1728638712651] time[8] tag[omero.call.success.ome.services.RawFileBean.write]
2024-10-11 09:25:12,699 INFO  [         ome.security.basic.EventHandler] (l.Server-9)  Auth:	user=0,group=0,event=null(User),sess=83be404c-1957-46d4-a36b-f9feca68dcf3
2024-10-11 09:25:12,703 INFO  [                 org.perf4j.TimingLogger] (l.Server-9) start[1728638712698] time[5] tag[omero.call.success.ome.services.RawFileBean.write]
2024-10-11 09:25:12,711 INFO  [         ome.security.basic.EventHandler] (.Server-15)  Auth:	user=0,group=0,event=28343(User),sess=83be404c-1957-46d4-a36b-f9feca68dcf3
2024-10-11 09:25:12,725 INFO  [                 org.perf4j.TimingLogger] (.Server-15) start[1728638712711] time[13] tag[omero.services.file.flush]
2024-10-11 09:25:12,765 INFO  [                 org.perf4j.TimingLogger] (.Server-15) start[1728638712725] time[40] tag[omero.services.file.checksum]
2024-10-11 09:25:12,767 INFO  [       ome.security.basic.CurrentDetails] (.Server-15) Adding log:UPDATE,class ome.model.core.OriginalFile,3104
2024-10-11 09:25:12,768 INFO  [                 org.perf4j.TimingLogger] (.Server-15) start[1728638712765] time[3] tag[omero.services.file.finalize]
2024-10-11 09:25:12,775 INFO  [                 org.perf4j.TimingLogger] (.Server-15) start[1728638712707] time[68] tag[omero.call.success.ome.services.RawFileBean.save]
2024-10-11 09:25:12,783 INFO  [         ome.security.basic.EventHandler] (.Server-10)  Auth:	user=0,group=0,event=28344(User),sess=83be404c-1957-46d4-a36b-f9feca68dcf3
2024-10-11 09:25:12,786 INFO  [                 org.perf4j.TimingLogger] (.Server-10) start[1728638712778] time[8] tag[omero.call.success.ome.services.RawFileBean.close]
2024-10-11 09:25:12,787 DEBUG [                omero.util.ServantHolder] (.Server-10) Removed omero.api._RawFileStoreTie@201319c2 from omero.util.ServantHolder@149b3864 as 9f808867-0939-432d-8c27-b2bd0652a2a0-RepoRawFileStoreI
2024-10-11 09:25:12,787 INFO  [                      omero.cmd.SessionI] (.Server-10) Unregistered servant:83be404c-1957-46d4-a36b-f9feca68dcf3/9f808867-0939-432d-8c27-b2bd0652a2a0-RepoRawFileStoreI(omero.api._RawFileStoreTie@201319c2)
2024-10-11 09:25:12,791 INFO  [         ome.security.basic.EventHandler] (.Server-11)  Auth:	user=0,group=0,event=null(User),sess=83be404c-1957-46d4-a36b-f9feca68dcf3
2024-10-11 09:25:12,791 INFO  [                 org.perf4j.TimingLogger] (.Server-11) start[1728638712789] time[2] tag[omero.call.success.ome.services.blitz.impl.ServiceFactoryI$3.doWork]
2024-10-11 09:25:12,797 INFO  [                 org.perf4j.TimingLogger] (.Server-11) start[1728638712791] time[5] tag[omero.import.process.checksum]
2024-10-11 09:25:12,801 INFO  [         ome.security.basic.EventHandler] (.Server-11)  Auth:	user=0,group=0,event=28345(User),sess=83be404c-1957-46d4-a36b-f9feca68dcf3
2024-10-11 09:25:12,808 INFO  [       ome.security.basic.CurrentDetails] (.Server-11) Adding log:UPDATE,class ome.model.jobs.UploadJob,3143
2024-10-11 09:25:12,813 INFO  [                 org.perf4j.TimingLogger] (.Server-11) start[1728638712797] time[15] tag[omero.call.success.ome.services.blitz.repo.RepositoryDaoImpl$12.doWork]
2024-10-11 09:25:12,815 INFO  [         ome.security.basic.EventHandler] (.Server-11)  Auth:	user=0,group=0,event=null(User),sess=83be404c-1957-46d4-a36b-f9feca68dcf3
2024-10-11 09:25:12,817 INFO  [                 org.perf4j.TimingLogger] (.Server-11) start[1728638712813] time[3] tag[omero.call.success.ome.services.blitz.repo.RepositoryDaoImpl$2.doWork]
2024-10-11 09:25:12,825 INFO  [         ome.security.basic.EventHandler] (.Server-11)  Auth:	user=0,group=0,event=null(User),sess=83be404c-1957-46d4-a36b-f9feca68dcf3
2024-10-11 09:25:12,826 INFO  [                 org.perf4j.TimingLogger] (.Server-11) start[1728638712823] time[3] tag[omero.call.success.ome.services.blitz.repo.RepositoryDaoImpl$4.doWork]
2024-10-11 09:25:12,826 INFO  [       ome.formats.importer.ImportConfig] (.Server-11) OMERO.blitz Version: 5.7.3
2024-10-11 09:25:12,827 INFO  [       ome.formats.importer.ImportConfig] (.Server-11) Bioformats version: 7.3.0 revision: acc4b6de79e55275b5e6c8200f8458f6d93c9ba0 date: 18 April 2024
2024-10-11 09:25:12,828 INFO  [                      omero.cmd.SessionI] (.Server-11) Added servant to adapter: 83be404c-1957-46d4-a36b-f9feca68dcf3/IHandle36fc1ad3-5c4c-48d8-bc2b-5dff6995ce3c(omero.cmd._HandleTie@921e8a6f)
2024-10-11 09:25:12,828 DEBUG [                omero.util.ServantHolder] (.Server-11) Added omero.cmd._HandleTie@921e8a6f to omero.util.ServantHolder@149b3864 as IHandle36fc1ad3-5c4c-48d8-bc2b-5dff6995ce3c
2024-10-11 09:25:12,829 INFO  [                 org.perf4j.TimingLogger] (.Server-11) start[1728638712829] time[0] tag[omero.background.submit]
2024-10-11 09:25:12,829 INFO  [                 org.perf4j.TimingLogger] (.Server-11) start[1728638712797] time[32] tag[omero.import.process.submit]
2024-10-11 09:25:12,834 DEBUG [                omero.util.ServantHolder] (.Server-12) Removed omero.grid._ImportProcessTie@3b2257e7 from omero.util.ServantHolder@149b3864 as 2ee30a2f-44f1-4312-b670-0299f586ff7c-ManagedImportProcessI
2024-10-11 09:25:12,834 INFO  [                      omero.cmd.SessionI] (.Server-12) Unregistered servant:83be404c-1957-46d4-a36b-f9feca68dcf3/2ee30a2f-44f1-4312-b670-0299f586ff7c-ManagedImportProcessI(omero.grid._ImportProcessTie@3b2257e7)
2024-10-11 09:25:12,840 INFO  [    ome.formats.OMEROMetadataStoreClient] (2-thread-1) Call context: {omero.group:0}
2024-10-11 09:25:12,840 INFO  [    ome.formats.OMEROMetadataStoreClient] (2-thread-1) Call context: {omero.logfilename:root_0/2024-10/11/09-25-11.985.log}
2024-10-11 09:25:12,846 INFO  [    ome.security.basic.BasicEventContext] (l.Server-4)  cctx:	group=0
2024-10-11 09:25:12,847 INFO  [         ome.security.basic.EventHandler] (l.Server-4)  Auth:	user=0,group=0,event=null(User),sess=83be404c-1957-46d4-a36b-f9feca68dcf3
2024-10-11 09:25:12,852 INFO  [                 org.perf4j.TimingLogger] (l.Server-4) start[1728638712845] time[7] tag[omero.call.success.ome.logic.AdminImpl.getEventContext]
2024-10-11 09:25:12,885 INFO  [    ome.formats.OMEROMetadataStoreClient] (2-thread-1) Pinging session every 300s.
2024-10-11 09:25:12,913 INFO  [                loci.formats.ImageReader] (2-thread-1) IonpathMIBITiffReader initializing /OMERO/ManagedRepository/root_0/2024-10/11/09-25-11.985/TA459_multipleCores2_Run-4_Point40.tiff
2024-10-11 09:25:12,913 INFO  [       loci.formats.in.MinimalTiffReader] (2-thread-1) Reading IFDs
2024-10-11 09:25:12,915 INFO  [       loci.formats.in.MinimalTiffReader] (2-thread-1) Populating metadata
2024-10-11 09:25:12,918 INFO  [          loci.formats.in.BaseTiffReader] (2-thread-1) Populating OME metadata
2024-10-11 09:25:12,923 INFO  [    ome.security.basic.BasicEventContext] (.Server-14)  cctx:	group=0
2024-10-11 09:25:12,924 INFO  [         ome.security.basic.EventHandler] (.Server-14)  Auth:	user=0,group=0,event=null(User),sess=83be404c-1957-46d4-a36b-f9feca68dcf3
2024-10-11 09:25:12,927 INFO  [                 org.perf4j.TimingLogger] (.Server-14) start[1728638712923] time[4] tag[omero.call.success.ome.logic.QueryImpl.findAll]
2024-10-11 09:25:12,931 INFO  [    ome.security.basic.BasicEventContext] (.Server-10)  cctx:	group=0
2024-10-11 09:25:12,933 INFO  [         ome.security.basic.EventHandler] (.Server-10)  Auth:	user=0,group=0,event=null(User),sess=83be404c-1957-46d4-a36b-f9feca68dcf3
2024-10-11 09:25:12,934 INFO  [                 org.perf4j.TimingLogger] (.Server-10) start[1728638712931] time[2] tag[omero.call.success.ome.logic.QueryImpl.findAll]
2024-10-11 09:25:12,935 INFO  [    ome.security.basic.BasicEventContext] (.Server-12)  cctx:	group=0
2024-10-11 09:25:12,937 INFO  [         ome.security.basic.EventHandler] (.Server-12)  Auth:	user=0,group=0,event=null(User),sess=83be404c-1957-46d4-a36b-f9feca68dcf3
2024-10-11 09:25:12,938 INFO  [                 org.perf4j.TimingLogger] (.Server-12) start[1728638712935] time[2] tag[omero.call.success.ome.logic.QueryImpl.findAll]
2024-10-11 09:25:12,939 INFO  [    ome.security.basic.BasicEventContext] (.Server-11)  cctx:	group=0
2024-10-11 09:25:12,940 INFO  [         ome.security.basic.EventHandler] (.Server-11)  Auth:	user=0,group=0,event=null(User),sess=83be404c-1957-46d4-a36b-f9feca68dcf3
2024-10-11 09:25:12,942 INFO  [                 org.perf4j.TimingLogger] (.Server-11) start[1728638712938] time[3] tag[omero.call.success.ome.logic.QueryImpl.findAll]
2024-10-11 09:25:12,976 DEBUG [                   loci.formats.Memoizer] (2-thread-1) saved to temp file: /OMERO/BioFormatsCache/OMERO/ManagedRepository/root_0/2024-10/11/09-25-11.985/.TA459_multipleCores2_Run-4_Point40.tiff.bfmemo14098618994273491790
2024-10-11 09:25:12,977 DEBUG [                   loci.formats.Memoizer] (2-thread-1) start[1728638712967] time[10] tag[loci.formats.Memoizer.saveMemo]
2024-10-11 09:25:12,977 DEBUG [                   loci.formats.Memoizer] (2-thread-1) saved memo file: /OMERO/BioFormatsCache/OMERO/ManagedRepository/root_0/2024-10/11/09-25-11.985/.TA459_multipleCores2_Run-4_Point40.tiff.bfmemo (50743 bytes)
2024-10-11 09:25:12,977 DEBUG [                   loci.formats.Memoizer] (2-thread-1) start[1728638712885] time[91] tag[loci.formats.Memoizer.setId]
2024-10-11 09:25:12,977 DEBUG [    o.s.blitz.repo.ManagedImportRequestI] (2-thread-1) Image Count: 44
2024-10-11 09:25:12,977 INFO  [    o.s.blitz.repo.ManagedImportRequestI] (2-thread-1) File format: Ionpath MIBI
2024-10-11 09:25:12,977 INFO  [    o.s.blitz.repo.ManagedImportRequestI] (2-thread-1) Base reader: loci.formats.in.IonpathMIBITiffReader
2024-10-11 09:25:12,977 INFO  [                 org.perf4j.TimingLogger] (2-thread-1) start[1728638712838] time[138] tag[omero.import.request.init]
2024-10-11 09:25:12,977 DEBUG [    o.s.blitz.repo.ManagedImportRequestI] (2-thread-1) Step 0
2024-10-11 09:25:12,978 WARN  [    ome.formats.model.ReferenceProcessor] (2-thread-1) Unknown target class for LSID: Image:SIMS
2024-10-11 09:25:12,978 INFO  [    ome.formats.OMEROMetadataStoreClient] (2-thread-1) Handling # of containers: 91
2024-10-11 09:25:12,980 INFO  [    ome.security.basic.BasicEventContext] (l.Server-4)  cctx:	group=0
2024-10-11 09:25:12,983 INFO  [         ome.security.basic.EventHandler] (l.Server-4)  Auth:	user=0,group=0,event=null(User),sess=83be404c-1957-46d4-a36b-f9feca68dcf3
2024-10-11 09:25:12,983 INFO  [                 org.perf4j.TimingLogger] (l.Server-4) start[1728638712980] time[3] tag[omero.call.success.ome.services.blitz.impl.MetadataStoreI$4.doWork]
2024-10-11 09:25:12,984 INFO  [    ome.formats.OMEROMetadataStoreClient] (2-thread-1) Handling # of references: 1
2024-10-11 09:25:12,984 INFO  [    ome.security.basic.BasicEventContext] (.Server-13)  cctx:	group=0
2024-10-11 09:25:12,985 INFO  [         ome.security.basic.EventHandler] (.Server-13)  Auth:	user=0,group=0,event=null(User),sess=83be404c-1957-46d4-a36b-f9feca68dcf3
2024-10-11 09:25:12,986 INFO  [                 org.perf4j.TimingLogger] (.Server-13) start[1728638712984] time[1] tag[omero.call.success.ome.services.blitz.impl.MetadataStoreI$5.doWork]
2024-10-11 09:25:12,989 INFO  [    ome.security.basic.BasicEventContext] (.Server-14)  cctx:	group=0
2024-10-11 09:25:12,993 INFO  [         ome.security.basic.EventHandler] (.Server-14)  Auth:	user=0,group=0,event=28352(User),sess=83be404c-1957-46d4-a36b-f9feca68dcf3
2024-10-11 09:25:13,005 INFO  [       ome.security.basic.CurrentDetails] (.Server-14) Adding log:INSERT,class ome.model.core.Image,222
2024-10-11 09:25:13,005 INFO  [       ome.security.basic.CurrentDetails] (.Server-14) Adding log:INSERT,class ome.model.containers.DatasetImageLink,222
2024-10-11 09:25:13,006 INFO  [       ome.security.basic.CurrentDetails] (.Server-14) Adding log:INSERT,class ome.model.core.Pixels,222
2024-10-11 09:25:13,006 INFO  [       ome.security.basic.CurrentDetails] (.Server-14) Adding log:INSERT,class ome.model.core.LogicalChannel,1475
2024-10-11 09:25:13,006 INFO  [       ome.security.basic.CurrentDetails] (.Server-14) Adding log:INSERT,class ome.model.core.Channel,1475
2024-10-11 09:25:13,007 INFO  [       ome.security.basic.CurrentDetails] (.Server-14) Adding log:INSERT,class ome.model.core.LogicalChannel,1476
2024-10-11 09:25:13,007 INFO  [       ome.security.basic.CurrentDetails] (.Server-14) Adding log:INSERT,class ome.model.core.Channel,1476
2024-10-11 09:25:13,007 INFO  [       ome.security.basic.CurrentDetails] (.Server-14) Adding log:INSERT,class ome.model.core.LogicalChannel,1477
2024-10-11 09:25:13,007 INFO  [       ome.security.basic.CurrentDetails] (.Server-14) Adding log:INSERT,class ome.model.core.Channel,1477
2024-10-11 09:25:13,008 INFO  [       ome.security.basic.CurrentDetails] (.Server-14) Adding log:INSERT,class ome.model.core.LogicalChannel,1478
2024-10-11 09:25:13,008 INFO  [       ome.security.basic.CurrentDetails] (.Server-14) Adding log:INSERT,class ome.model.core.Channel,1478
2024-10-11 09:25:13,008 INFO  [       ome.security.basic.CurrentDetails] (.Server-14) Adding log:INSERT,class ome.model.core.LogicalChannel,1479
2024-10-11 09:25:13,008 INFO  [       ome.security.basic.CurrentDetails] (.Server-14) Adding log:INSERT,class ome.model.core.Channel,1479
2024-10-11 09:25:13,009 INFO  [       ome.security.basic.CurrentDetails] (.Server-14) Adding log:INSERT,class ome.model.core.LogicalChannel,1480
2024-10-11 09:25:13,009 INFO  [       ome.security.basic.CurrentDetails] (.Server-14) Adding log:INSERT,class ome.model.core.Channel,1480
2024-10-11 09:25:13,009 INFO  [       ome.security.basic.CurrentDetails] (.Server-14) Adding log:INSERT,class ome.model.core.LogicalChannel,1481
2024-10-11 09:25:13,009 INFO  [       ome.security.basic.CurrentDetails] (.Server-14) Adding log:INSERT,class ome.model.core.Channel,1481
2024-10-11 09:25:13,010 INFO  [       ome.security.basic.CurrentDetails] (.Server-14) Adding log:INSERT,class ome.model.core.LogicalChannel,1482
2024-10-11 09:25:13,010 INFO  [       ome.security.basic.CurrentDetails] (.Server-14) Adding log:INSERT,class ome.model.core.Channel,1482
2024-10-11 09:25:13,010 INFO  [       ome.security.basic.CurrentDetails] (.Server-14) Adding log:INSERT,class ome.model.core.LogicalChannel,1483
2024-10-11 09:25:13,010 INFO  [       ome.security.basic.CurrentDetails] (.Server-14) Adding log:INSERT,class ome.model.core.Channel,1483
2024-10-11 09:25:13,011 INFO  [       ome.security.basic.CurrentDetails] (.Server-14) Adding log:INSERT,class ome.model.core.LogicalChannel,1484
2024-10-11 09:25:13,011 INFO  [       ome.security.basic.CurrentDetails] (.Server-14) Adding log:INSERT,class ome.model.core.Channel,1484
2024-10-11 09:25:13,011 INFO  [       ome.security.basic.CurrentDetails] (.Server-14) Adding log:INSERT,class ome.model.core.LogicalChannel,1485
2024-10-11 09:25:13,011 INFO  [       ome.security.basic.CurrentDetails] (.Server-14) Adding log:INSERT,class ome.model.core.Channel,1485
2024-10-11 09:25:13,012 INFO  [       ome.security.basic.CurrentDetails] (.Server-14) Adding log:INSERT,class ome.model.core.LogicalChannel,1486
2024-10-11 09:25:13,012 INFO  [       ome.security.basic.CurrentDetails] (.Server-14) Adding log:INSERT,class ome.model.core.Channel,1486
2024-10-11 09:25:13,012 INFO  [       ome.security.basic.CurrentDetails] (.Server-14) Adding log:INSERT,class ome.model.core.LogicalChannel,1487
2024-10-11 09:25:13,012 INFO  [       ome.security.basic.CurrentDetails] (.Server-14) Adding log:INSERT,class ome.model.core.Channel,1487
2024-10-11 09:25:13,013 INFO  [       ome.security.basic.CurrentDetails] (.Server-14) Adding log:INSERT,class ome.model.core.LogicalChannel,1488
2024-10-11 09:25:13,013 INFO  [       ome.security.basic.CurrentDetails] (.Server-14) Adding log:INSERT,class ome.model.core.Channel,1488
2024-10-11 09:25:13,013 INFO  [       ome.security.basic.CurrentDetails] (.Server-14) Adding log:INSERT,class ome.model.core.LogicalChannel,1489
2024-10-11 09:25:13,013 INFO  [       ome.security.basic.CurrentDetails] (.Server-14) Adding log:INSERT,class ome.model.core.Channel,1489
2024-10-11 09:25:13,014 INFO  [       ome.security.basic.CurrentDetails] (.Server-14) Adding log:INSERT,class ome.model.core.LogicalChannel,1490
2024-10-11 09:25:13,014 INFO  [       ome.security.basic.CurrentDetails] (.Server-14) Adding log:INSERT,class ome.model.core.Channel,1490
2024-10-11 09:25:13,014 INFO  [       ome.security.basic.CurrentDetails] (.Server-14) Adding log:INSERT,class ome.model.core.LogicalChannel,1491
2024-10-11 09:25:13,014 INFO  [       ome.security.basic.CurrentDetails] (.Server-14) Adding log:INSERT,class ome.model.core.Channel,1491
2024-10-11 09:25:13,015 INFO  [       ome.security.basic.CurrentDetails] (.Server-14) Adding log:INSERT,class ome.model.core.LogicalChannel,1492
2024-10-11 09:25:13,015 INFO  [       ome.security.basic.CurrentDetails] (.Server-14) Adding log:INSERT,class ome.model.core.Channel,1492
2024-10-11 09:25:13,015 INFO  [       ome.security.basic.CurrentDetails] (.Server-14) Adding log:INSERT,class ome.model.core.LogicalChannel,1493
2024-10-11 09:25:13,015 INFO  [       ome.security.basic.CurrentDetails] (.Server-14) Adding log:INSERT,class ome.model.core.Channel,1493
2024-10-11 09:25:13,016 INFO  [       ome.security.basic.CurrentDetails] (.Server-14) Adding log:INSERT,class ome.model.core.LogicalChannel,1494
2024-10-11 09:25:13,016 INFO  [       ome.security.basic.CurrentDetails] (.Server-14) Adding log:INSERT,class ome.model.core.Channel,1494
2024-10-11 09:25:13,016 INFO  [       ome.security.basic.CurrentDetails] (.Server-14) Adding log:INSERT,class ome.model.core.LogicalChannel,1495
2024-10-11 09:25:13,016 INFO  [       ome.security.basic.CurrentDetails] (.Server-14) Adding log:INSERT,class ome.model.core.Channel,1495
2024-10-11 09:25:13,017 INFO  [       ome.security.basic.CurrentDetails] (.Server-14) Adding log:INSERT,class ome.model.core.LogicalChannel,1496
2024-10-11 09:25:13,017 INFO  [       ome.security.basic.CurrentDetails] (.Server-14) Adding log:INSERT,class ome.model.core.Channel,1496
2024-10-11 09:25:13,018 INFO  [       ome.security.basic.CurrentDetails] (.Server-14) Adding log:INSERT,class ome.model.core.LogicalChannel,1497
2024-10-11 09:25:13,018 INFO  [       ome.security.basic.CurrentDetails] (.Server-14) Adding log:INSERT,class ome.model.core.Channel,1497
2024-10-11 09:25:13,019 INFO  [       ome.security.basic.CurrentDetails] (.Server-14) Adding log:INSERT,class ome.model.core.LogicalChannel,1498
2024-10-11 09:25:13,019 INFO  [       ome.security.basic.CurrentDetails] (.Server-14) Adding log:INSERT,class ome.model.core.Channel,1498
2024-10-11 09:25:13,019 INFO  [       ome.security.basic.CurrentDetails] (.Server-14) Adding log:INSERT,class ome.model.core.LogicalChannel,1499
2024-10-11 09:25:13,020 INFO  [       ome.security.basic.CurrentDetails] (.Server-14) Adding log:INSERT,class ome.model.core.Channel,1499
2024-10-11 09:25:13,021 INFO  [       ome.security.basic.CurrentDetails] (.Server-14) Adding log:INSERT,class ome.model.core.LogicalChannel,1500
2024-10-11 09:25:13,021 INFO  [       ome.security.basic.CurrentDetails] (.Server-14) Adding log:INSERT,class ome.model.core.Channel,1500
2024-10-11 09:25:13,022 INFO  [       ome.security.basic.CurrentDetails] (.Server-14) Adding log:INSERT,class ome.model.core.LogicalChannel,1501
2024-10-11 09:25:13,022 INFO  [       ome.security.basic.CurrentDetails] (.Server-14) Adding log:INSERT,class ome.model.core.Channel,1501
2024-10-11 09:25:13,022 INFO  [       ome.security.basic.CurrentDetails] (.Server-14) Adding log:INSERT,class ome.model.core.LogicalChannel,1502
2024-10-11 09:25:13,023 INFO  [       ome.security.basic.CurrentDetails] (.Server-14) Adding log:INSERT,class ome.model.core.Channel,1502
2024-10-11 09:25:13,023 INFO  [       ome.security.basic.CurrentDetails] (.Server-14) Adding log:INSERT,class ome.model.core.LogicalChannel,1503
2024-10-11 09:25:13,023 INFO  [       ome.security.basic.CurrentDetails] (.Server-14) Adding log:INSERT,class ome.model.core.Channel,1503
2024-10-11 09:25:13,024 INFO  [       ome.security.basic.CurrentDetails] (.Server-14) Adding log:INSERT,class ome.model.core.LogicalChannel,1504
2024-10-11 09:25:13,024 INFO  [       ome.security.basic.CurrentDetails] (.Server-14) Adding log:INSERT,class ome.model.core.Channel,1504
2024-10-11 09:25:13,024 INFO  [       ome.security.basic.CurrentDetails] (.Server-14) Adding log:INSERT,class ome.model.core.LogicalChannel,1505
2024-10-11 09:25:13,025 INFO  [       ome.security.basic.CurrentDetails] (.Server-14) Adding log:INSERT,class ome.model.core.Channel,1505
2024-10-11 09:25:13,025 INFO  [       ome.security.basic.CurrentDetails] (.Server-14) Adding log:INSERT,class ome.model.core.LogicalChannel,1506
2024-10-11 09:25:13,025 INFO  [       ome.security.basic.CurrentDetails] (.Server-14) Adding log:INSERT,class ome.model.core.Channel,1506
2024-10-11 09:25:13,026 INFO  [       ome.security.basic.CurrentDetails] (.Server-14) Adding log:INSERT,class ome.model.core.LogicalChannel,1507
2024-10-11 09:25:13,026 INFO  [       ome.security.basic.CurrentDetails] (.Server-14) Adding log:INSERT,class ome.model.core.Channel,1507
2024-10-11 09:25:13,027 INFO  [       ome.security.basic.CurrentDetails] (.Server-14) Adding log:INSERT,class ome.model.core.LogicalChannel,1508
2024-10-11 09:25:13,027 INFO  [       ome.security.basic.CurrentDetails] (.Server-14) Adding log:INSERT,class ome.model.core.Channel,1508
2024-10-11 09:25:13,027 INFO  [       ome.security.basic.CurrentDetails] (.Server-14) Adding log:INSERT,class ome.model.core.LogicalChannel,1509
2024-10-11 09:25:13,028 INFO  [       ome.security.basic.CurrentDetails] (.Server-14) Adding log:INSERT,class ome.model.core.Channel,1509
2024-10-11 09:25:13,028 INFO  [       ome.security.basic.CurrentDetails] (.Server-14) Adding log:INSERT,class ome.model.core.LogicalChannel,1510
2024-10-11 09:25:13,028 INFO  [       ome.security.basic.CurrentDetails] (.Server-14) Adding log:INSERT,class ome.model.core.Channel,1510
2024-10-11 09:25:13,028 INFO  [       ome.security.basic.CurrentDetails] (.Server-14) Adding log:INSERT,class ome.model.core.LogicalChannel,1511
2024-10-11 09:25:13,029 INFO  [       ome.security.basic.CurrentDetails] (.Server-14) Adding log:INSERT,class ome.model.core.Channel,1511
2024-10-11 09:25:13,029 INFO  [       ome.security.basic.CurrentDetails] (.Server-14) Adding log:INSERT,class ome.model.core.LogicalChannel,1512
2024-10-11 09:25:13,030 INFO  [       ome.security.basic.CurrentDetails] (.Server-14) Adding log:INSERT,class ome.model.core.Channel,1512
2024-10-11 09:25:13,030 INFO  [       ome.security.basic.CurrentDetails] (.Server-14) Adding log:INSERT,class ome.model.core.LogicalChannel,1513
2024-10-11 09:25:13,031 INFO  [       ome.security.basic.CurrentDetails] (.Server-14) Adding log:INSERT,class ome.model.core.Channel,1513
2024-10-11 09:25:13,031 INFO  [       ome.security.basic.CurrentDetails] (.Server-14) Adding log:INSERT,class ome.model.core.LogicalChannel,1514
2024-10-11 09:25:13,031 INFO  [       ome.security.basic.CurrentDetails] (.Server-14) Adding log:INSERT,class ome.model.core.Channel,1514
2024-10-11 09:25:13,032 INFO  [       ome.security.basic.CurrentDetails] (.Server-14) Adding log:INSERT,class ome.model.core.LogicalChannel,1515
2024-10-11 09:25:13,032 INFO  [       ome.security.basic.CurrentDetails] (.Server-14) Adding log:INSERT,class ome.model.core.Channel,1515
2024-10-11 09:25:13,032 INFO  [       ome.security.basic.CurrentDetails] (.Server-14) Adding log:INSERT,class ome.model.core.LogicalChannel,1516
2024-10-11 09:25:13,033 INFO  [       ome.security.basic.CurrentDetails] (.Server-14) Adding log:INSERT,class ome.model.core.Channel,1516
2024-10-11 09:25:13,034 INFO  [       ome.security.basic.CurrentDetails] (.Server-14) Adding log:INSERT,class ome.model.core.LogicalChannel,1517
2024-10-11 09:25:13,035 INFO  [       ome.security.basic.CurrentDetails] (.Server-14) Adding log:INSERT,class ome.model.core.Channel,1517
2024-10-11 09:25:13,035 INFO  [       ome.security.basic.CurrentDetails] (.Server-14) Adding log:INSERT,class ome.model.core.LogicalChannel,1518
2024-10-11 09:25:13,035 INFO  [       ome.security.basic.CurrentDetails] (.Server-14) Adding log:INSERT,class ome.model.core.Channel,1518
2024-10-11 09:25:13,049 INFO  [                 org.perf4j.TimingLogger] (.Server-14) start[1728638712993] time[56] tag[omero.saveImportGraph]
2024-10-11 09:25:13,062 INFO  [                 org.perf4j.TimingLogger] (.Server-14) start[1728638712987] time[74] tag[omero.call.success.ome.services.blitz.impl.MetadataStoreI$3.doWork]
2024-10-11 09:25:13,066 INFO  [                 org.perf4j.TimingLogger] (2-thread-1) start[1728638712977] time[88] tag[omero.import.request.metadata]
2024-10-11 09:25:13,067 INFO  [    ome.security.basic.BasicEventContext] (.Server-11)  cctx:	group=0
2024-10-11 09:25:13,068 INFO  [         ome.security.basic.EventHandler] (.Server-11)  Auth:	user=0,group=0,event=null(User),sess=83be404c-1957-46d4-a36b-f9feca68dcf3
2024-10-11 09:25:13,069 INFO  [                 org.perf4j.TimingLogger] (.Server-11) start[1728638713066] time[3] tag[omero.call.success.ome.logic.QueryImpl.get]
2024-10-11 09:25:13,072 INFO  [    ome.security.basic.BasicEventContext] (l.Server-4)  cctx:	group=0
2024-10-11 09:25:13,075 INFO  [         ome.security.basic.EventHandler] (l.Server-4)  Auth:	user=0,group=0,event=28357(User),sess=83be404c-1957-46d4-a36b-f9feca68dcf3
2024-10-11 09:25:13,077 INFO  [       ome.security.basic.CurrentDetails] (l.Server-4) Adding log:UPDATE,class ome.model.core.OriginalFile,3103
2024-10-11 09:25:13,082 INFO  [                 org.perf4j.TimingLogger] (l.Server-4) start[1728638713070] time[12] tag[omero.call.success.ome.logic.UpdateImpl.saveObject]
2024-10-11 09:25:13,083 INFO  [                 org.perf4j.TimingLogger] (2-thread-1) start[1728638712977] time[105] tag[omero.import.request.step]
2024-10-11 09:25:13,083 DEBUG [    o.s.blitz.repo.ManagedImportRequestI] (2-thread-1) Step 1
2024-10-11 09:25:13,083 DEBUG [    o.s.blitz.repo.ManagedImportRequestI] (2-thread-1) Plane:0 X:0 Y:0 TileWidth:2048 TileHeight:2048 arrayBuf.length:8388608
2024-10-11 09:25:13,195 DEBUG [    o.s.blitz.repo.ManagedImportRequestI] (2-thread-1) Plane:1 X:0 Y:0 TileWidth:2048 TileHeight:2048 arrayBuf.length:8388608
2024-10-11 09:25:13,254 DEBUG [    o.s.blitz.repo.ManagedImportRequestI] (2-thread-1) Plane:2 X:0 Y:0 TileWidth:2048 TileHeight:2048 arrayBuf.length:8388608
2024-10-11 09:25:13,335 DEBUG [    o.s.blitz.repo.ManagedImportRequestI] (2-thread-1) Plane:3 X:0 Y:0 TileWidth:2048 TileHeight:2048 arrayBuf.length:8388608
2024-10-11 09:25:13,440 DEBUG [    o.s.blitz.repo.ManagedImportRequestI] (2-thread-1) Plane:4 X:0 Y:0 TileWidth:2048 TileHeight:2048 arrayBuf.length:8388608
2024-10-11 09:25:13,540 DEBUG [    o.s.blitz.repo.ManagedImportRequestI] (2-thread-1) Plane:5 X:0 Y:0 TileWidth:2048 TileHeight:2048 arrayBuf.length:8388608
2024-10-11 09:25:13,611 DEBUG [    o.s.blitz.repo.ManagedImportRequestI] (2-thread-1) Plane:6 X:0 Y:0 TileWidth:2048 TileHeight:2048 arrayBuf.length:8388608
2024-10-11 09:25:13,678 DEBUG [    o.s.blitz.repo.ManagedImportRequestI] (2-thread-1) Plane:7 X:0 Y:0 TileWidth:2048 TileHeight:2048 arrayBuf.length:8388608
2024-10-11 09:25:13,777 DEBUG [    o.s.blitz.repo.ManagedImportRequestI] (2-thread-1) Plane:8 X:0 Y:0 TileWidth:2048 TileHeight:2048 arrayBuf.length:8388608
2024-10-11 09:25:13,845 DEBUG [    o.s.blitz.repo.ManagedImportRequestI] (2-thread-1) Plane:9 X:0 Y:0 TileWidth:2048 TileHeight:2048 arrayBuf.length:8388608
2024-10-11 09:25:13,910 DEBUG [    o.s.blitz.repo.ManagedImportRequestI] (2-thread-1) Plane:10 X:0 Y:0 TileWidth:2048 TileHeight:2048 arrayBuf.length:8388608
2024-10-11 09:25:13,982 DEBUG [    o.s.blitz.repo.ManagedImportRequestI] (2-thread-1) Plane:11 X:0 Y:0 TileWidth:2048 TileHeight:2048 arrayBuf.length:8388608
2024-10-11 09:25:14,029 DEBUG [    o.s.blitz.repo.ManagedImportRequestI] (2-thread-1) Plane:12 X:0 Y:0 TileWidth:2048 TileHeight:2048 arrayBuf.length:8388608
2024-10-11 09:25:14,098 DEBUG [    o.s.blitz.repo.ManagedImportRequestI] (2-thread-1) Plane:13 X:0 Y:0 TileWidth:2048 TileHeight:2048 arrayBuf.length:8388608
2024-10-11 09:25:14,182 DEBUG [    o.s.blitz.repo.ManagedImportRequestI] (2-thread-1) Plane:14 X:0 Y:0 TileWidth:2048 TileHeight:2048 arrayBuf.length:8388608
2024-10-11 09:25:14,244 DEBUG [    o.s.blitz.repo.ManagedImportRequestI] (2-thread-1) Plane:15 X:0 Y:0 TileWidth:2048 TileHeight:2048 arrayBuf.length:8388608
2024-10-11 09:25:14,311 DEBUG [    o.s.blitz.repo.ManagedImportRequestI] (2-thread-1) Plane:16 X:0 Y:0 TileWidth:2048 TileHeight:2048 arrayBuf.length:8388608
2024-10-11 09:25:14,390 DEBUG [    o.s.blitz.repo.ManagedImportRequestI] (2-thread-1) Plane:17 X:0 Y:0 TileWidth:2048 TileHeight:2048 arrayBuf.length:8388608
2024-10-11 09:25:14,467 DEBUG [    o.s.blitz.repo.ManagedImportRequestI] (2-thread-1) Plane:18 X:0 Y:0 TileWidth:2048 TileHeight:2048 arrayBuf.length:8388608
2024-10-11 09:25:14,565 DEBUG [    o.s.blitz.repo.ManagedImportRequestI] (2-thread-1) Plane:19 X:0 Y:0 TileWidth:2048 TileHeight:2048 arrayBuf.length:8388608
2024-10-11 09:25:14,653 DEBUG [    o.s.blitz.repo.ManagedImportRequestI] (2-thread-1) Plane:20 X:0 Y:0 TileWidth:2048 TileHeight:2048 arrayBuf.length:8388608
2024-10-11 09:25:14,729 DEBUG [    o.s.blitz.repo.ManagedImportRequestI] (2-thread-1) Plane:21 X:0 Y:0 TileWidth:2048 TileHeight:2048 arrayBuf.length:8388608
2024-10-11 09:25:14,819 DEBUG [    o.s.blitz.repo.ManagedImportRequestI] (2-thread-1) Plane:22 X:0 Y:0 TileWidth:2048 TileHeight:2048 arrayBuf.length:8388608
2024-10-11 09:25:14,884 DEBUG [    o.s.blitz.repo.ManagedImportRequestI] (2-thread-1) Plane:23 X:0 Y:0 TileWidth:2048 TileHeight:2048 arrayBuf.length:8388608
2024-10-11 09:25:14,978 DEBUG [    o.s.blitz.repo.ManagedImportRequestI] (2-thread-1) Plane:24 X:0 Y:0 TileWidth:2048 TileHeight:2048 arrayBuf.length:8388608
2024-10-11 09:25:15,062 DEBUG [    o.s.blitz.repo.ManagedImportRequestI] (2-thread-1) Plane:25 X:0 Y:0 TileWidth:2048 TileHeight:2048 arrayBuf.length:8388608
2024-10-11 09:25:15,136 DEBUG [    o.s.blitz.repo.ManagedImportRequestI] (2-thread-1) Plane:26 X:0 Y:0 TileWidth:2048 TileHeight:2048 arrayBuf.length:8388608
2024-10-11 09:25:15,210 DEBUG [    o.s.blitz.repo.ManagedImportRequestI] (2-thread-1) Plane:27 X:0 Y:0 TileWidth:2048 TileHeight:2048 arrayBuf.length:8388608
2024-10-11 09:25:15,267 DEBUG [    o.s.blitz.repo.ManagedImportRequestI] (2-thread-1) Plane:28 X:0 Y:0 TileWidth:2048 TileHeight:2048 arrayBuf.length:8388608
2024-10-11 09:25:15,333 DEBUG [    o.s.blitz.repo.ManagedImportRequestI] (2-thread-1) Plane:29 X:0 Y:0 TileWidth:2048 TileHeight:2048 arrayBuf.length:8388608
2024-10-11 09:25:15,411 DEBUG [    o.s.blitz.repo.ManagedImportRequestI] (2-thread-1) Plane:30 X:0 Y:0 TileWidth:2048 TileHeight:2048 arrayBuf.length:8388608
2024-10-11 09:25:15,468 DEBUG [    o.s.blitz.repo.ManagedImportRequestI] (2-thread-1) Plane:31 X:0 Y:0 TileWidth:2048 TileHeight:2048 arrayBuf.length:8388608
2024-10-11 09:25:15,563 DEBUG [    o.s.blitz.repo.ManagedImportRequestI] (2-thread-1) Plane:32 X:0 Y:0 TileWidth:2048 TileHeight:2048 arrayBuf.length:8388608
2024-10-11 09:25:15,617 DEBUG [    o.s.blitz.repo.ManagedImportRequestI] (2-thread-1) Plane:33 X:0 Y:0 TileWidth:2048 TileHeight:2048 arrayBuf.length:8388608
2024-10-11 09:25:15,696 DEBUG [    o.s.blitz.repo.ManagedImportRequestI] (2-thread-1) Plane:34 X:0 Y:0 TileWidth:2048 TileHeight:2048 arrayBuf.length:8388608
2024-10-11 09:25:15,759 DEBUG [    o.s.blitz.repo.ManagedImportRequestI] (2-thread-1) Plane:35 X:0 Y:0 TileWidth:2048 TileHeight:2048 arrayBuf.length:8388608
2024-10-11 09:25:15,835 DEBUG [    o.s.blitz.repo.ManagedImportRequestI] (2-thread-1) Plane:36 X:0 Y:0 TileWidth:2048 TileHeight:2048 arrayBuf.length:8388608
2024-10-11 09:25:15,886 DEBUG [    o.s.blitz.repo.ManagedImportRequestI] (2-thread-1) Plane:37 X:0 Y:0 TileWidth:2048 TileHeight:2048 arrayBuf.length:8388608
2024-10-11 09:25:15,942 DEBUG [    o.s.blitz.repo.ManagedImportRequestI] (2-thread-1) Plane:38 X:0 Y:0 TileWidth:2048 TileHeight:2048 arrayBuf.length:8388608
2024-10-11 09:25:16,028 DEBUG [    o.s.blitz.repo.ManagedImportRequestI] (2-thread-1) Plane:39 X:0 Y:0 TileWidth:2048 TileHeight:2048 arrayBuf.length:8388608
2024-10-11 09:25:16,093 DEBUG [    o.s.blitz.repo.ManagedImportRequestI] (2-thread-1) Plane:40 X:0 Y:0 TileWidth:2048 TileHeight:2048 arrayBuf.length:8388608
2024-10-11 09:25:16,157 DEBUG [    o.s.blitz.repo.ManagedImportRequestI] (2-thread-1) Plane:41 X:0 Y:0 TileWidth:2048 TileHeight:2048 arrayBuf.length:8388608
2024-10-11 09:25:16,218 DEBUG [    o.s.blitz.repo.ManagedImportRequestI] (2-thread-1) Plane:42 X:0 Y:0 TileWidth:2048 TileHeight:2048 arrayBuf.length:8388608
2024-10-11 09:25:16,300 DEBUG [    o.s.blitz.repo.ManagedImportRequestI] (2-thread-1) Plane:43 X:0 Y:0 TileWidth:2048 TileHeight:2048 arrayBuf.length:8388608
2024-10-11 09:25:16,370 INFO  [    ome.security.basic.BasicEventContext] (.Server-10)  cctx:	group=0
2024-10-11 09:25:16,374 INFO  [         ome.security.basic.EventHandler] (.Server-10)  Auth:	user=0,group=0,event=28434(User),sess=83be404c-1957-46d4-a36b-f9feca68dcf3
2024-10-11 09:25:16,380 INFO  [                 org.perf4j.TimingLogger] (.Server-10) start[1728638716369] time[11] tag[omero.call.success.ome.services.blitz.impl.MetadataStoreI$7.doWork]
2024-10-11 09:25:16,386 INFO  [    ome.security.basic.BasicEventContext] (.Server-14)  cctx:	group=0
2024-10-11 09:25:16,391 INFO  [         ome.security.basic.EventHandler] (.Server-14)  Auth:	user=0,group=0,event=28435(User),sess=83be404c-1957-46d4-a36b-f9feca68dcf3
2024-10-11 09:25:16,552 INFO  [       ome.security.basic.CurrentDetails] (.Server-14) Adding log:UPDATE,class ome.model.core.Pixels,222
2024-10-11 09:25:16,560 INFO  [                 org.perf4j.TimingLogger] (.Server-14) start[1728638716385] time[175] tag[omero.call.success.ome.logic.UpdateImpl.saveArray]
2024-10-11 09:25:16,561 INFO  [    ome.security.basic.BasicEventContext] (.Server-15)  cctx:	group=0
2024-10-11 09:25:16,564 INFO  [         ome.security.basic.EventHandler] (.Server-15)  Auth:	user=0,group=0,event=28436(User),sess=83be404c-1957-46d4-a36b-f9feca68dcf3
2024-10-11 09:25:16,608 INFO  [                 org.perf4j.TimingLogger] (.Server-15) start[1728638716560] time[48] tag[omero.call.success.ome.services.blitz.impl.MetadataStoreI$2.doWork]
2024-10-11 09:25:16,609 INFO  [                 org.perf4j.TimingLogger] (2-thread-1) start[1728638713083] time[3525] tag[omero.import.request.pixels]
2024-10-11 09:25:16,610 INFO  [    ome.security.basic.BasicEventContext] (.Server-10)  cctx:	group=0
2024-10-11 09:25:16,611 INFO  [         ome.security.basic.EventHandler] (.Server-10)  Auth:	user=0,group=0,event=null(User),sess=83be404c-1957-46d4-a36b-f9feca68dcf3
2024-10-11 09:25:16,612 INFO  [                 org.perf4j.TimingLogger] (.Server-10) start[1728638716609] time[2] tag[omero.call.success.ome.logic.QueryImpl.get]
2024-10-11 09:25:16,613 INFO  [    ome.security.basic.BasicEventContext] (l.Server-9)  cctx:	group=0
2024-10-11 09:25:16,616 INFO  [         ome.security.basic.EventHandler] (l.Server-9)  Auth:	user=0,group=0,event=28437(User),sess=83be404c-1957-46d4-a36b-f9feca68dcf3
2024-10-11 09:25:16,618 INFO  [       ome.security.basic.CurrentDetails] (l.Server-9) Adding log:UPDATE,class ome.model.core.OriginalFile,3103
2024-10-11 09:25:16,623 INFO  [                 org.perf4j.TimingLogger] (l.Server-9) start[1728638716613] time[9] tag[omero.call.success.ome.logic.UpdateImpl.saveObject]
2024-10-11 09:25:16,623 INFO  [                 org.perf4j.TimingLogger] (2-thread-1) start[1728638713083] time[3539] tag[omero.import.request.step]
2024-10-11 09:25:16,623 DEBUG [    o.s.blitz.repo.ManagedImportRequestI] (2-thread-1) Step 2
2024-10-11 09:25:16,625 INFO  [    ome.security.basic.BasicEventContext] (.Server-13)  cctx:	group=0
2024-10-11 09:25:16,629 INFO  [         ome.security.basic.EventHandler] (.Server-13)  Auth:	user=0,group=0,event=28438(User),sess=83be404c-1957-46d4-a36b-f9feca68dcf3
2024-10-11 09:25:16,637 INFO  [                 org.perf4j.TimingLogger] (.Server-13) start[1728638716629] time[8] tag[omero.loadPixels]
2024-10-11 09:25:16,648 INFO  [                 org.perf4j.TimingLogger] (.Server-13) start[1728638716642] time[6] tag[omero.loadRenderingSettingsByUser]
2024-10-11 09:25:16,665 DEBUG [                   loci.formats.Memoizer] (.Server-13) start[1728638716653] time[12] tag[loci.formats.Memoizer.loadMemo]
2024-10-11 09:25:16,678 INFO  [                loci.formats.ImageReader] (.Server-13) IonpathMIBITiffReader initializing /OMERO/ManagedRepository/root_0/2024-10/11/09-25-11.985/TA459_multipleCores2_Run-4_Point40.tiff
2024-10-11 09:25:16,679 INFO  [       loci.formats.in.MinimalTiffReader] (.Server-13) Reading IFDs
2024-10-11 09:25:16,680 INFO  [       loci.formats.in.MinimalTiffReader] (.Server-13) Populating metadata
2024-10-11 09:25:16,682 INFO  [          loci.formats.in.BaseTiffReader] (.Server-13) Populating OME metadata
2024-10-11 09:25:16,688 DEBUG [                   loci.formats.Memoizer] (.Server-13) saved to temp file: /OMERO/BioFormatsCache/OMERO/ManagedRepository/root_0/2024-10/11/09-25-11.985/.TA459_multipleCores2_Run-4_Point40.tiff.bfmemo3867212918012048535
2024-10-11 09:25:16,688 DEBUG [                   loci.formats.Memoizer] (.Server-13) start[1728638716686] time[2] tag[loci.formats.Memoizer.saveMemo]
2024-10-11 09:25:16,688 DEBUG [                   loci.formats.Memoizer] (.Server-13) saved memo file: /OMERO/BioFormatsCache/OMERO/ManagedRepository/root_0/2024-10/11/09-25-11.985/.TA459_multipleCores2_Run-4_Point40.tiff.bfmemo (50734 bytes)
2024-10-11 09:25:16,688 DEBUG [                   loci.formats.Memoizer] (.Server-13) start[1728638716653] time[35] tag[loci.formats.Memoizer.setId]
2024-10-11 09:25:16,703 INFO  [       ome.security.basic.CurrentDetails] (.Server-13) Adding log:INSERT,class ome.model.display.QuantumDef,222
2024-10-11 09:25:16,704 INFO  [       ome.security.basic.CurrentDetails] (.Server-13) Adding log:INSERT,class ome.model.display.RenderingDef,222
2024-10-11 09:25:16,704 INFO  [       ome.security.basic.CurrentDetails] (.Server-13) Adding log:INSERT,class ome.model.display.ChannelBinding,1475
2024-10-11 09:25:16,705 INFO  [       ome.security.basic.CurrentDetails] (.Server-13) Adding log:INSERT,class ome.model.display.ChannelBinding,1476
2024-10-11 09:25:16,705 INFO  [       ome.security.basic.CurrentDetails] (.Server-13) Adding log:INSERT,class ome.model.display.ChannelBinding,1477
2024-10-11 09:25:16,705 INFO  [       ome.security.basic.CurrentDetails] (.Server-13) Adding log:INSERT,class ome.model.display.ChannelBinding,1478
2024-10-11 09:25:16,705 INFO  [       ome.security.basic.CurrentDetails] (.Server-13) Adding log:INSERT,class ome.model.display.ChannelBinding,1479
2024-10-11 09:25:16,706 INFO  [       ome.security.basic.CurrentDetails] (.Server-13) Adding log:INSERT,class ome.model.display.ChannelBinding,1480
2024-10-11 09:25:16,706 INFO  [       ome.security.basic.CurrentDetails] (.Server-13) Adding log:INSERT,class ome.model.display.ChannelBinding,1481
2024-10-11 09:25:16,706 INFO  [       ome.security.basic.CurrentDetails] (.Server-13) Adding log:INSERT,class ome.model.display.ChannelBinding,1482
2024-10-11 09:25:16,706 INFO  [       ome.security.basic.CurrentDetails] (.Server-13) Adding log:INSERT,class ome.model.display.ChannelBinding,1483
2024-10-11 09:25:16,707 INFO  [       ome.security.basic.CurrentDetails] (.Server-13) Adding log:INSERT,class ome.model.display.ChannelBinding,1484
2024-10-11 09:25:16,707 INFO  [       ome.security.basic.CurrentDetails] (.Server-13) Adding log:INSERT,class ome.model.display.ChannelBinding,1485
2024-10-11 09:25:16,707 INFO  [       ome.security.basic.CurrentDetails] (.Server-13) Adding log:INSERT,class ome.model.display.ChannelBinding,1486
2024-10-11 09:25:16,707 INFO  [       ome.security.basic.CurrentDetails] (.Server-13) Adding log:INSERT,class ome.model.display.ChannelBinding,1487
2024-10-11 09:25:16,708 INFO  [       ome.security.basic.CurrentDetails] (.Server-13) Adding log:INSERT,class ome.model.display.ChannelBinding,1488
2024-10-11 09:25:16,708 INFO  [       ome.security.basic.CurrentDetails] (.Server-13) Adding log:INSERT,class ome.model.display.ChannelBinding,1489
2024-10-11 09:25:16,708 INFO  [       ome.security.basic.CurrentDetails] (.Server-13) Adding log:INSERT,class ome.model.display.ChannelBinding,1490
2024-10-11 09:25:16,708 INFO  [       ome.security.basic.CurrentDetails] (.Server-13) Adding log:INSERT,class ome.model.display.ChannelBinding,1491
2024-10-11 09:25:16,709 INFO  [       ome.security.basic.CurrentDetails] (.Server-13) Adding log:INSERT,class ome.model.display.ChannelBinding,1492
2024-10-11 09:25:16,709 INFO  [       ome.security.basic.CurrentDetails] (.Server-13) Adding log:INSERT,class ome.model.display.ChannelBinding,1493
2024-10-11 09:25:16,709 INFO  [       ome.security.basic.CurrentDetails] (.Server-13) Adding log:INSERT,class ome.model.display.ChannelBinding,1494
2024-10-11 09:25:16,709 INFO  [       ome.security.basic.CurrentDetails] (.Server-13) Adding log:INSERT,class ome.model.display.ChannelBinding,1495
2024-10-11 09:25:16,710 INFO  [       ome.security.basic.CurrentDetails] (.Server-13) Adding log:INSERT,class ome.model.display.ChannelBinding,1496
2024-10-11 09:25:16,710 INFO  [       ome.security.basic.CurrentDetails] (.Server-13) Adding log:INSERT,class ome.model.display.ChannelBinding,1497
2024-10-11 09:25:16,710 INFO  [       ome.security.basic.CurrentDetails] (.Server-13) Adding log:INSERT,class ome.model.display.ChannelBinding,1498
2024-10-11 09:25:16,710 INFO  [       ome.security.basic.CurrentDetails] (.Server-13) Adding log:INSERT,class ome.model.display.ChannelBinding,1499
2024-10-11 09:25:16,711 INFO  [       ome.security.basic.CurrentDetails] (.Server-13) Adding log:INSERT,class ome.model.display.ChannelBinding,1500
2024-10-11 09:25:16,711 INFO  [       ome.security.basic.CurrentDetails] (.Server-13) Adding log:INSERT,class ome.model.display.ChannelBinding,1501
2024-10-11 09:25:16,711 INFO  [       ome.security.basic.CurrentDetails] (.Server-13) Adding log:INSERT,class ome.model.display.ChannelBinding,1502
2024-10-11 09:25:16,712 INFO  [       ome.security.basic.CurrentDetails] (.Server-13) Adding log:INSERT,class ome.model.display.ChannelBinding,1503
2024-10-11 09:25:16,713 INFO  [       ome.security.basic.CurrentDetails] (.Server-13) Adding log:INSERT,class ome.model.display.ChannelBinding,1504
2024-10-11 09:25:16,713 INFO  [       ome.security.basic.CurrentDetails] (.Server-13) Adding log:INSERT,class ome.model.display.ChannelBinding,1505
2024-10-11 09:25:16,714 INFO  [       ome.security.basic.CurrentDetails] (.Server-13) Adding log:INSERT,class ome.model.display.ChannelBinding,1506
2024-10-11 09:25:16,714 INFO  [       ome.security.basic.CurrentDetails] (.Server-13) Adding log:INSERT,class ome.model.display.ChannelBinding,1507
2024-10-11 09:25:16,714 INFO  [       ome.security.basic.CurrentDetails] (.Server-13) Adding log:INSERT,class ome.model.display.ChannelBinding,1508
2024-10-11 09:25:16,714 INFO  [       ome.security.basic.CurrentDetails] (.Server-13) Adding log:INSERT,class ome.model.display.ChannelBinding,1509
2024-10-11 09:25:16,715 INFO  [       ome.security.basic.CurrentDetails] (.Server-13) Adding log:INSERT,class ome.model.display.ChannelBinding,1510
2024-10-11 09:25:16,715 INFO  [       ome.security.basic.CurrentDetails] (.Server-13) Adding log:INSERT,class ome.model.display.ChannelBinding,1511
2024-10-11 09:25:16,715 INFO  [       ome.security.basic.CurrentDetails] (.Server-13) Adding log:INSERT,class ome.model.display.ChannelBinding,1512
2024-10-11 09:25:16,715 INFO  [       ome.security.basic.CurrentDetails] (.Server-13) Adding log:INSERT,class ome.model.display.ChannelBinding,1513
2024-10-11 09:25:16,715 INFO  [       ome.security.basic.CurrentDetails] (.Server-13) Adding log:INSERT,class ome.model.display.ChannelBinding,1514
2024-10-11 09:25:16,715 INFO  [       ome.security.basic.CurrentDetails] (.Server-13) Adding log:INSERT,class ome.model.display.ChannelBinding,1515
2024-10-11 09:25:16,716 INFO  [       ome.security.basic.CurrentDetails] (.Server-13) Adding log:INSERT,class ome.model.display.ChannelBinding,1516
2024-10-11 09:25:16,716 INFO  [       ome.security.basic.CurrentDetails] (.Server-13) Adding log:INSERT,class ome.model.display.ChannelBinding,1517
2024-10-11 09:25:16,716 INFO  [       ome.security.basic.CurrentDetails] (.Server-13) Adding log:INSERT,class ome.model.display.ChannelBinding,1518
2024-10-11 09:25:16,728 INFO  [                 org.perf4j.TimingLogger] (.Server-13) start[1728638716698] time[29] tag[omero.resetDefaultsInSet.saveAndReturn]
2024-10-11 09:25:16,728 INFO  [                 org.perf4j.TimingLogger] (.Server-13) start[1728638716629] time[98] tag[omero.resetDefaultsInSet]
2024-10-11 09:25:16,739 INFO  [                 org.perf4j.TimingLogger] (.Server-13) start[1728638716624] time[115] tag[omero.call.success.ome.logic.RenderingSettingsImpl.resetDefaultsInSet]
2024-10-11 09:25:16,740 INFO  [    ome.security.basic.BasicEventContext] (.Server-10)  cctx:	group=0
2024-10-11 09:25:16,743 INFO  [         ome.security.basic.EventHandler] (.Server-10)  Auth:	user=0,group=0,event=28441(User),sess=83be404c-1957-46d4-a36b-f9feca68dcf3
2024-10-11 09:25:16,745 INFO  [                 org.perf4j.TimingLogger] (.Server-10) start[1728638716743] time[2] tag[omero.bulkLoadRenderingSettings]
2024-10-11 09:25:16,745 INFO  [                 org.perf4j.TimingLogger] (.Server-10) start[1728638716745] time[0] tag[omero.createAndPrepareMissingRenderingSettings]
2024-10-11 09:25:16,747 INFO  [                 org.perf4j.TimingLogger] (.Server-10) start[1728638716745] time[2] tag[omero.bulkLoadMetadata]
2024-10-11 09:25:16,748 INFO  [                 org.perf4j.TimingLogger] (.Server-10) start[1728638716745] time[2] tag[omero.loadMetadataByDimensionPool]
2024-10-11 09:25:16,750 INFO  [       ome.security.basic.CurrentDetails] (.Server-10) Adding log:INSERT,class ome.model.display.Thumbnail,222
2024-10-11 09:25:16,751 INFO  [                 org.perf4j.TimingLogger] (.Server-10) start[1728638716750] time[0] tag[omero.bulkLoadMetadata]
2024-10-11 09:25:16,751 INFO  [                 org.perf4j.TimingLogger] (.Server-10) start[1728638716750] time[0] tag[omero.loadMetadataByDimensionPool]
2024-10-11 09:25:16,751 INFO  [                 org.perf4j.TimingLogger] (.Server-10) start[1728638716748] time[3] tag[omero.createMissingThumbnailMetadata]
2024-10-11 09:25:16,752 INFO  [    ome.security.basic.BasicEventContext] (.Server-10)  cctx:	group=0
2024-10-11 09:25:16,755 INFO  [         ome.security.basic.EventHandler] (.Server-10)  Auth:	user=0,group=0,event=28442(User),sess=83be404c-1957-46d4-a36b-f9feca68dcf3
2024-10-11 09:25:16,755 INFO  [                 org.perf4j.TimingLogger] (.Server-10) start[1728638716755] time[0] tag[omero._createThumbnail(thumbMetaData)]
2024-10-11 09:25:16,780 DEBUG [                   loci.formats.Memoizer] (.Server-10) loaded memo file: /OMERO/BioFormatsCache/OMERO/ManagedRepository/root_0/2024-10/11/09-25-11.985/.TA459_multipleCores2_Run-4_Point40.tiff.bfmemo (50734 bytes)
2024-10-11 09:25:16,780 DEBUG [                   loci.formats.Memoizer] (.Server-10) start[1728638716768] time[11] tag[loci.formats.Memoizer.loadMemo]
2024-10-11 09:25:16,780 DEBUG [                   loci.formats.Memoizer] (.Server-10) start[1728638716768] time[11] tag[loci.formats.Memoizer.setId]
2024-10-11 09:25:16,856 INFO  [       ome.logic.JavaImageScalingService] (.Server-10) Scaling to: 96x96
2024-10-11 09:25:16,874 INFO  [                 org.perf4j.TimingLogger] (.Server-10) start[1728638716856] time[17] tag[java-image-scaling.resampleOp]
2024-10-11 09:25:16,875 INFO  [                 org.perf4j.TimingLogger] (.Server-10) start[1728638716755] time[119] tag[omero._createThumbnail]
2024-10-11 09:25:16,882 INFO  [                 org.perf4j.TimingLogger] (.Server-10) start[1728638716740] time[142] tag[omero.call.success.ome.services.ThumbnailBean.createThumbnailsByLongestSideSet]
2024-10-11 09:25:16,882 INFO  [                 org.perf4j.TimingLogger] (2-thread-1) start[1728638716623] time[259] tag[omero.import.request.thumbs]
2024-10-11 09:25:16,883 INFO  [    ome.security.basic.BasicEventContext] (.Server-12)  cctx:	group=0
2024-10-11 09:25:16,884 INFO  [         ome.security.basic.EventHandler] (.Server-12)  Auth:	user=0,group=0,event=null(User),sess=83be404c-1957-46d4-a36b-f9feca68dcf3
2024-10-11 09:25:16,885 INFO  [                 org.perf4j.TimingLogger] (.Server-12) start[1728638716883] time[2] tag[omero.call.success.ome.logic.QueryImpl.get]
2024-10-11 09:25:16,887 INFO  [    ome.security.basic.BasicEventContext] (l.Server-4)  cctx:	group=0
2024-10-11 09:25:16,891 INFO  [         ome.security.basic.EventHandler] (l.Server-4)  Auth:	user=0,group=0,event=28446(User),sess=83be404c-1957-46d4-a36b-f9feca68dcf3
2024-10-11 09:25:16,892 INFO  [       ome.security.basic.CurrentDetails] (l.Server-4) Adding log:UPDATE,class ome.model.core.OriginalFile,3103
2024-10-11 09:25:16,898 INFO  [                 org.perf4j.TimingLogger] (l.Server-4) start[1728638716887] time[11] tag[omero.call.success.ome.logic.UpdateImpl.saveObject]
2024-10-11 09:25:16,898 INFO  [                 org.perf4j.TimingLogger] (2-thread-1) start[1728638716623] time[275] tag[omero.import.request.step]
2024-10-11 09:25:16,898 DEBUG [    o.s.blitz.repo.ManagedImportRequestI] (2-thread-1) Step 3
2024-10-11 09:25:16,899 INFO  [    ome.security.basic.BasicEventContext] (.Server-14)  cctx:	group=0
2024-10-11 09:25:16,901 INFO  [         ome.security.basic.EventHandler] (.Server-14)  Auth:	user=0,group=0,event=null(User),sess=83be404c-1957-46d4-a36b-f9feca68dcf3
2024-10-11 09:25:16,901 INFO  [                 org.perf4j.TimingLogger] (.Server-14) start[1728638716899] time[2] tag[omero.call.success.ome.services.blitz.impl.MetadataStoreI$6.doWork]
2024-10-11 09:25:16,902 INFO  [    ome.security.basic.BasicEventContext] (.Server-10)  cctx:	group=0
2024-10-11 09:25:16,903 INFO  [         ome.security.basic.EventHandler] (.Server-10)  Auth:	user=0,group=0,event=null(User),sess=83be404c-1957-46d4-a36b-f9feca68dcf3
2024-10-11 09:25:16,904 INFO  [                 org.perf4j.TimingLogger] (.Server-10) start[1728638716902] time[2] tag[omero.call.success.ome.logic.QueryImpl.get]
2024-10-11 09:25:16,905 INFO  [    ome.security.basic.BasicEventContext] (.Server-12)  cctx:	group=0
2024-10-11 09:25:16,908 INFO  [         ome.security.basic.EventHandler] (.Server-12)  Auth:	user=0,group=0,event=28448(User),sess=83be404c-1957-46d4-a36b-f9feca68dcf3
2024-10-11 09:25:16,910 INFO  [       ome.security.basic.CurrentDetails] (.Server-12) Adding log:UPDATE,class ome.model.core.OriginalFile,3103
2024-10-11 09:25:16,914 INFO  [                 org.perf4j.TimingLogger] (.Server-12) start[1728638716905] time[9] tag[omero.call.success.ome.logic.UpdateImpl.saveObject]
2024-10-11 09:25:16,914 INFO  [                 org.perf4j.TimingLogger] (2-thread-1) start[1728638716898] time[16] tag[omero.import.request.step]
2024-10-11 09:25:16,915 DEBUG [    o.s.blitz.repo.ManagedImportRequestI] (2-thread-1) Step 4
2024-10-11 09:25:16,916 INFO  [    ome.security.basic.BasicEventContext] (l.Server-4)  cctx:	group=0
2024-10-11 09:25:16,917 INFO  [         ome.security.basic.EventHandler] (l.Server-4)  Auth:	user=0,group=0,event=null(User),sess=83be404c-1957-46d4-a36b-f9feca68dcf3
2024-10-11 09:25:16,918 INFO  [                 org.perf4j.TimingLogger] (l.Server-4) start[1728638716915] time[2] tag[omero.call.success.ome.logic.QueryImpl.get]
2024-10-11 09:25:16,919 INFO  [    ome.security.basic.BasicEventContext] (.Server-14)  cctx:	group=0
2024-10-11 09:25:16,923 INFO  [         ome.security.basic.EventHandler] (.Server-14)  Auth:	user=0,group=0,event=28451(User),sess=83be404c-1957-46d4-a36b-f9feca68dcf3
2024-10-11 09:25:16,925 INFO  [       ome.security.basic.CurrentDetails] (.Server-14) Adding log:UPDATE,class ome.model.core.OriginalFile,3103
2024-10-11 09:25:16,931 INFO  [                 org.perf4j.TimingLogger] (.Server-14) start[1728638716919] time[12] tag[omero.call.success.ome.logic.UpdateImpl.saveObject]
2024-10-11 09:25:16,931 INFO  [                 org.perf4j.TimingLogger] (2-thread-1) start[1728638716915] time[16] tag[omero.import.request.step]
2024-10-11 09:25:16,937 INFO  [    ome.security.basic.BasicEventContext] (.Server-10)  cctx:	group=0
2024-10-11 09:25:16,940 INFO  [         ome.security.basic.EventHandler] (.Server-10)  Auth:	user=0,group=0,event=28453(User),sess=83be404c-1957-46d4-a36b-f9feca68dcf3
2024-10-11 09:25:16,943 INFO  [                 org.perf4j.TimingLogger] (.Server-10) start[1728638716936] time[6] tag[omero.call.success.ome.services.RawFileBean.close]
2024-10-11 09:25:16,943 DEBUG [                omero.util.ServantHolder] (.Server-10) Removed omero.api._RawFileStoreTie@56e4e788 from omero.util.ServantHolder@149b3864 as 51b404e2-574a-4140-a6bc-6bc15223e505omero.api.RawFileStore
2024-10-11 09:25:16,943 INFO  [                      omero.cmd.SessionI] (.Server-10) Unregistered servant:83be404c-1957-46d4-a36b-f9feca68dcf3/51b404e2-574a-4140-a6bc-6bc15223e505omero.api.RawFileStore(omero.api._RawFileStoreTie@56e4e788)
2024-10-11 09:25:16,944 INFO  [    ome.security.basic.BasicEventContext] (.Server-15)  cctx:	group=0
2024-10-11 09:25:16,947 INFO  [         ome.security.basic.EventHandler] (.Server-15)  Auth:	user=0,group=0,event=28454(User),sess=83be404c-1957-46d4-a36b-f9feca68dcf3
2024-10-11 09:25:16,950 INFO  [                 org.perf4j.TimingLogger] (.Server-15) start[1728638716944] time[6] tag[omero.call.success.ome.services.RawPixelsBean.close]
2024-10-11 09:25:16,951 DEBUG [                omero.util.ServantHolder] (.Server-15) Removed omero.api._RawPixelsStoreTie@76b6c62f from omero.util.ServantHolder@149b3864 as b590a920-a50d-49f9-bb8e-47d1279cf7b4omero.api.RawPixelsStore
2024-10-11 09:25:16,951 INFO  [                      omero.cmd.SessionI] (.Server-15) Unregistered servant:83be404c-1957-46d4-a36b-f9feca68dcf3/b590a920-a50d-49f9-bb8e-47d1279cf7b4omero.api.RawPixelsStore(omero.api._RawPixelsStoreTie@76b6c62f)
2024-10-11 09:25:16,952 INFO  [    ome.security.basic.BasicEventContext] (l.Server-9)  cctx:	group=0
2024-10-11 09:25:16,954 INFO  [         ome.security.basic.EventHandler] (l.Server-9)  Auth:	user=0,group=0,event=null(User),sess=83be404c-1957-46d4-a36b-f9feca68dcf3
2024-10-11 09:25:16,955 INFO  [                 org.perf4j.TimingLogger] (l.Server-9) start[1728638716951] time[3] tag[omero.call.success.ome.services.ThumbnailBean.close]
2024-10-11 09:25:16,955 DEBUG [                omero.util.ServantHolder] (l.Server-9) Removed omero.api._ThumbnailStoreTie@53a365cb from omero.util.ServantHolder@149b3864 as 4be531e2-a136-474a-8dea-d725a1a740e6omero.api.ThumbnailStore
2024-10-11 09:25:16,955 INFO  [                      omero.cmd.SessionI] (l.Server-9) Unregistered servant:83be404c-1957-46d4-a36b-f9feca68dcf3/4be531e2-a136-474a-8dea-d725a1a740e6omero.api.ThumbnailStore(omero.api._ThumbnailStoreTie@53a365cb)
2024-10-11 09:25:16,956 DEBUG [                omero.util.ServantHolder] (.Server-12) Removed omero.api._MetadataStoreTie@35f91936 from omero.util.ServantHolder@149b3864 as 5141a285-2b55-4567-b3d1-003e1ea6b989omero.api.MetadataStore
2024-10-11 09:25:16,956 INFO  [                      omero.cmd.SessionI] (.Server-12) Unregistered servant:83be404c-1957-46d4-a36b-f9feca68dcf3/5141a285-2b55-4567-b3d1-003e1ea6b989omero.api.MetadataStore(omero.api._MetadataStoreTie@35f91936)
2024-10-11 09:25:16,956 INFO  [    o.s.blitz.repo.ManagedImportRequestI] (2-thread-1) Cleaning up import.
2024-10-11 09:25:16,960 INFO  [         ome.security.basic.EventHandler] (.Server-14)  Auth:	user=0,group=0,event=null(User),sess=83be404c-1957-46d4-a36b-f9feca68dcf3
2024-10-11 09:25:16,961 INFO  [                 org.perf4j.TimingLogger] (.Server-14) start[1728638716959] time[2] tag[omero.call.success.ome.logic.QueryImpl.get]
2024-10-11 09:25:16,977 INFO  [         ome.security.basic.EventHandler] (.Server-15)  Auth:	user=0,group=0,event=28456(User),sess=83be404c-1957-46d4-a36b-f9feca68dcf3
2024-10-11 09:25:16,979 INFO  [       ome.security.basic.CurrentDetails] (.Server-15) Adding log:UPDATE,class ome.model.core.OriginalFile,3103
2024-10-11 09:25:16,984 INFO  [                 org.perf4j.TimingLogger] (.Server-15) start[1728638716972] time[11] tag[omero.call.success.ome.logic.UpdateImpl.saveObject]
