2024-10-11 09:25:11,324 INFO  [                 org.perf4j.TimingLogger] (.Server-13) start[1728638711314] time[10] tag[omero.import.process.init]
2024-10-11 09:25:11,330 INFO  [         ome.security.basic.EventHandler] (.Server-13)  Auth:	user=0,group=0,event=28315(User),sess=83be404c-1957-46d4-a36b-f9feca68dcf3
2024-10-11 09:25:11,333 INFO  [       ome.security.basic.CurrentDetails] (.Server-13) Adding log:INSERT,class ome.model.jobs.UploadJob,3138
2024-10-11 09:25:11,333 INFO  [       ome.security.basic.CurrentDetails] (.Server-13) Adding log:INSERT,class ome.model.jobs.JobOriginalFileLink,4895
2024-10-11 09:25:11,340 INFO  [       ome.security.basic.CurrentDetails] (.Server-13) Adding log:INSERT,class ome.model.jobs.MetadataImportJob,3139
2024-10-11 09:25:11,350 INFO  [       ome.security.basic.CurrentDetails] (.Server-13) Adding log:INSERT,class ome.model.jobs.PixelDataJob,3140
2024-10-11 09:25:11,357 INFO  [       ome.security.basic.CurrentDetails] (.Server-13) Adding log:INSERT,class ome.model.jobs.ThumbnailGenerationJob,3141
2024-10-11 09:25:11,362 INFO  [       ome.security.basic.CurrentDetails] (.Server-13) Adding log:INSERT,class ome.model.jobs.IndexingJob,3142
2024-10-11 09:25:11,366 INFO  [                 org.perf4j.TimingLogger] (.Server-13) start[1728638711366] time[0] tag[omero.repo.internal_register.find_repo_files]
2024-10-11 09:25:11,369 INFO  [       ome.security.basic.CurrentDetails] (.Server-13) Adding log:INSERT,class ome.model.core.OriginalFile,3101
2024-10-11 09:25:11,371 INFO  [                 org.perf4j.TimingLogger] (.Server-13) start[1728638711368] time[3] tag[omero.repo.create_original_file.save]
2024-10-11 09:25:11,371 INFO  [                 org.perf4j.TimingLogger] (.Server-13) start[1728638711371] time[0] tag[omero.repo.create_original_file.internal_mkdir]
2024-10-11 09:25:11,371 INFO  [                 org.perf4j.TimingLogger] (.Server-13) start[1728638711371] time[0] tag[omero.repo.internal_register.load]
2024-10-11 09:25:11,371 INFO  [                 org.perf4j.TimingLogger] (.Server-13) start[1728638711371] time[0] tag[omero.repo.internal_register.sort]
2024-10-11 09:25:11,371 INFO  [                 org.perf4j.TimingLogger] (.Server-13) start[1728638711366] time[5] tag[omero.repo.save_fileset.register]
2024-10-11 09:25:11,371 INFO  [                 org.perf4j.TimingLogger] (.Server-13) start[1728638711371] time[0] tag[omero.repo.save_fileset.update_fileset_entries]
2024-10-11 09:25:11,373 INFO  [       ome.security.basic.CurrentDetails] (.Server-13) Adding log:INSERT,class ome.model.fs.Fileset,221
2024-10-11 09:25:11,374 INFO  [       ome.security.basic.CurrentDetails] (.Server-13) Adding log:INSERT,class ome.model.fs.FilesetJobLink,301
2024-10-11 09:25:11,374 INFO  [       ome.security.basic.CurrentDetails] (.Server-13) Adding log:INSERT,class ome.model.fs.FilesetJobLink,302
2024-10-11 09:25:11,374 INFO  [       ome.security.basic.CurrentDetails] (.Server-13) Adding log:INSERT,class ome.model.fs.FilesetJobLink,303
2024-10-11 09:25:11,374 INFO  [       ome.security.basic.CurrentDetails] (.Server-13) Adding log:INSERT,class ome.model.fs.FilesetJobLink,304
2024-10-11 09:25:11,375 INFO  [       ome.security.basic.CurrentDetails] (.Server-13) Adding log:INSERT,class ome.model.fs.FilesetJobLink,305
2024-10-11 09:25:11,375 INFO  [       ome.security.basic.CurrentDetails] (.Server-13) Adding log:INSERT,class ome.model.fs.FilesetEntry,221
2024-10-11 09:25:11,378 INFO  [                 org.perf4j.TimingLogger] (.Server-13) start[1728638711371] time[6] tag[omero.repo.save_fileset.save]
2024-10-11 09:25:11,386 INFO  [                 org.perf4j.TimingLogger] (.Server-13) start[1728638711326] time[59] tag[omero.call.success.ome.services.blitz.repo.RepositoryDaoImpl$8.doWork]
2024-10-11 09:25:11,387 INFO  [                 org.perf4j.TimingLogger] (.Server-13) start[1728638711326] time[60] tag[omero.repo.save_fileset]
2024-10-11 09:25:11,387 INFO  [                      omero.cmd.SessionI] (.Server-13) Added servant to adapter: 83be404c-1957-46d4-a36b-f9feca68dcf3/59211436-1b50-4e1e-9e65-ca15b9f7ffd9-ManagedImportProcessI(omero.grid._ImportProcessTie@281da5dc)
2024-10-11 09:25:11,387 DEBUG [                omero.util.ServantHolder] (.Server-13) Added omero.grid._ImportProcessTie@281da5dc to omero.util.ServantHolder@149b3864 as 59211436-1b50-4e1e-9e65-ca15b9f7ffd9-ManagedImportProcessI
2024-10-11 09:25:11,387 INFO  [                 org.perf4j.TimingLogger] (.Server-13) start[1728638711325] time[61] tag[omero.import.process.create]
2024-10-11 09:25:11,397 INFO  [         ome.security.basic.EventHandler] (.Server-11)  Auth:	user=0,group=0,event=null(User),sess=83be404c-1957-46d4-a36b-f9feca68dcf3
2024-10-11 09:25:11,401 INFO  [                 org.perf4j.TimingLogger] (.Server-11) start[1728638711395] time[6] tag[omero.call.success.ome.services.blitz.repo.RepositoryDaoImpl$2.doWork]
2024-10-11 09:25:11,403 INFO  [         ome.security.basic.EventHandler] (.Server-11)  Auth:	user=0,group=0,event=null(User),sess=83be404c-1957-46d4-a36b-f9feca68dcf3
2024-10-11 09:25:11,406 INFO  [                 org.perf4j.TimingLogger] (.Server-11) start[1728638711402] time[4] tag[omero.call.success.ome.services.blitz.repo.RepositoryDaoImpl$4.doWork]
2024-10-11 09:25:11,408 INFO  [         ome.security.basic.EventHandler] (.Server-11)  Auth:	user=0,group=0,event=null(User),sess=83be404c-1957-46d4-a36b-f9feca68dcf3
2024-10-11 09:25:11,420 INFO  [                 org.perf4j.TimingLogger] (.Server-11) start[1728638711406] time[13] tag[omero.call.success.ome.services.blitz.repo.RepositoryDaoImpl$6.doWork]
2024-10-11 09:25:11,421 INFO  [    ome.security.basic.BasicEventContext] (.Server-11)  cctx:	group=0
2024-10-11 09:25:11,422 INFO  [         ome.security.basic.EventHandler] (.Server-11)  Auth:	user=0,group=0,event=null(User),sess=83be404c-1957-46d4-a36b-f9feca68dcf3
2024-10-11 09:25:11,425 INFO  [                 org.perf4j.TimingLogger] (.Server-11) start[1728638711420] time[4] tag[omero.call.success.ome.services.blitz.repo.RepositoryDaoImpl$1.doWork]
2024-10-11 09:25:11,425 INFO  [                      omero.cmd.SessionI] (.Server-11) Added servant to adapter: 83be404c-1957-46d4-a36b-f9feca68dcf3/1876da47-e844-46b0-b09f-2c10a11f6f0d-RepoRawFileStoreI(omero.api._RawFileStoreTie@46ec7fa4)
2024-10-11 09:25:11,425 DEBUG [                omero.util.ServantHolder] (.Server-11) Added omero.api._RawFileStoreTie@46ec7fa4 to omero.util.ServantHolder@149b3864 as 1876da47-e844-46b0-b09f-2c10a11f6f0d-RepoRawFileStoreI
2024-10-11 09:25:11,425 INFO  [                 org.perf4j.TimingLogger] (.Server-11) start[1728638711394] time[30] tag[omero.import.process.opener]
2024-10-11 09:25:11,425 INFO  [                 org.perf4j.TimingLogger] (.Server-11) start[1728638711394] time[30] tag[omero.import.process.uploader]
2024-10-11 09:25:11,430 INFO  [         ome.security.basic.EventHandler] (l.Server-4)  Auth:	user=0,group=0,event=null(User),sess=83be404c-1957-46d4-a36b-f9feca68dcf3
2024-10-11 09:25:11,431 INFO  [                 org.perf4j.TimingLogger] (l.Server-4) start[1728638711428] time[2] tag[omero.call.success.ome.services.RawFileBean.write]
2024-10-11 09:25:11,491 INFO  [         ome.security.basic.EventHandler] (.Server-10)  Auth:	user=0,group=0,event=null(User),sess=83be404c-1957-46d4-a36b-f9feca68dcf3
2024-10-11 09:25:11,497 INFO  [                 org.perf4j.TimingLogger] (.Server-10) start[1728638711490] time[7] tag[omero.call.success.ome.services.RawFileBean.write]
2024-10-11 09:25:11,554 INFO  [         ome.security.basic.EventHandler] (.Server-15)  Auth:	user=0,group=0,event=null(User),sess=83be404c-1957-46d4-a36b-f9feca68dcf3
2024-10-11 09:25:11,559 INFO  [                 org.perf4j.TimingLogger] (.Server-15) start[1728638711553] time[6] tag[omero.call.success.ome.services.RawFileBean.write]
2024-10-11 09:25:11,609 INFO  [         ome.security.basic.EventHandler] (.Server-12)  Auth:	user=0,group=0,event=null(User),sess=83be404c-1957-46d4-a36b-f9feca68dcf3
2024-10-11 09:25:11,616 INFO  [                 org.perf4j.TimingLogger] (.Server-12) start[1728638711608] time[8] tag[omero.call.success.ome.services.RawFileBean.write]
2024-10-11 09:25:11,671 INFO  [         ome.security.basic.EventHandler] (.Server-14)  Auth:	user=0,group=0,event=null(User),sess=83be404c-1957-46d4-a36b-f9feca68dcf3
2024-10-11 09:25:11,678 INFO  [                 org.perf4j.TimingLogger] (.Server-14) start[1728638711670] time[8] tag[omero.call.success.ome.services.RawFileBean.write]
2024-10-11 09:25:11,723 INFO  [         ome.security.basic.EventHandler] (.Server-13)  Auth:	user=0,group=0,event=null(User),sess=83be404c-1957-46d4-a36b-f9feca68dcf3
2024-10-11 09:25:11,731 INFO  [                 org.perf4j.TimingLogger] (.Server-13) start[1728638711721] time[9] tag[omero.call.success.ome.services.RawFileBean.write]
2024-10-11 09:25:11,761 INFO  [         ome.security.basic.EventHandler] (l.Server-9)  Auth:	user=0,group=0,event=null(User),sess=83be404c-1957-46d4-a36b-f9feca68dcf3
2024-10-11 09:25:11,765 INFO  [                 org.perf4j.TimingLogger] (l.Server-9) start[1728638711759] time[5] tag[omero.call.success.ome.services.RawFileBean.write]
2024-10-11 09:25:11,772 INFO  [         ome.security.basic.EventHandler] (.Server-11)  Auth:	user=0,group=0,event=28317(User),sess=83be404c-1957-46d4-a36b-f9feca68dcf3
2024-10-11 09:25:11,787 INFO  [                 org.perf4j.TimingLogger] (.Server-11) start[1728638711772] time[15] tag[omero.services.file.flush]
2024-10-11 09:25:11,807 INFO  [                 org.perf4j.TimingLogger] (.Server-11) start[1728638711787] time[19] tag[omero.services.file.checksum]
2024-10-11 09:25:11,808 INFO  [       ome.security.basic.CurrentDetails] (.Server-11) Adding log:UPDATE,class ome.model.core.OriginalFile,3101
2024-10-11 09:25:11,809 INFO  [                 org.perf4j.TimingLogger] (.Server-11) start[1728638711807] time[2] tag[omero.services.file.finalize]
2024-10-11 09:25:11,822 INFO  [                 org.perf4j.TimingLogger] (.Server-11) start[1728638711767] time[45] tag[omero.call.success.ome.services.RawFileBean.save]
2024-10-11 09:25:11,831 INFO  [         ome.security.basic.EventHandler] (l.Server-4)  Auth:	user=0,group=0,event=28318(User),sess=83be404c-1957-46d4-a36b-f9feca68dcf3
2024-10-11 09:25:11,835 INFO  [                 org.perf4j.TimingLogger] (l.Server-4) start[1728638711825] time[10] tag[omero.call.success.ome.services.RawFileBean.close]
2024-10-11 09:25:11,835 DEBUG [                omero.util.ServantHolder] (l.Server-4) Removed omero.api._RawFileStoreTie@46ec7fa4 from omero.util.ServantHolder@149b3864 as 1876da47-e844-46b0-b09f-2c10a11f6f0d-RepoRawFileStoreI
2024-10-11 09:25:11,835 INFO  [                      omero.cmd.SessionI] (l.Server-4) Unregistered servant:83be404c-1957-46d4-a36b-f9feca68dcf3/1876da47-e844-46b0-b09f-2c10a11f6f0d-RepoRawFileStoreI(omero.api._RawFileStoreTie@46ec7fa4)
2024-10-11 09:25:11,840 INFO  [         ome.security.basic.EventHandler] (.Server-15)  Auth:	user=0,group=0,event=null(User),sess=83be404c-1957-46d4-a36b-f9feca68dcf3
2024-10-11 09:25:11,840 INFO  [                 org.perf4j.TimingLogger] (.Server-15) start[1728638711838] time[2] tag[omero.call.success.ome.services.blitz.impl.ServiceFactoryI$3.doWork]
2024-10-11 09:25:11,845 INFO  [                 org.perf4j.TimingLogger] (.Server-15) start[1728638711841] time[4] tag[omero.import.process.checksum]
2024-10-11 09:25:11,849 INFO  [         ome.security.basic.EventHandler] (.Server-15)  Auth:	user=0,group=0,event=28320(User),sess=83be404c-1957-46d4-a36b-f9feca68dcf3
2024-10-11 09:25:11,855 INFO  [       ome.security.basic.CurrentDetails] (.Server-15) Adding log:UPDATE,class ome.model.jobs.UploadJob,3138
2024-10-11 09:25:11,860 INFO  [                 org.perf4j.TimingLogger] (.Server-15) start[1728638711845] time[15] tag[omero.call.success.ome.services.blitz.repo.RepositoryDaoImpl$12.doWork]
2024-10-11 09:25:11,863 INFO  [         ome.security.basic.EventHandler] (.Server-15)  Auth:	user=0,group=0,event=null(User),sess=83be404c-1957-46d4-a36b-f9feca68dcf3
2024-10-11 09:25:11,864 INFO  [                 org.perf4j.TimingLogger] (.Server-15) start[1728638711860] time[3] tag[omero.call.success.ome.services.blitz.repo.RepositoryDaoImpl$2.doWork]
2024-10-11 09:25:11,866 INFO  [         ome.security.basic.EventHandler] (.Server-15)  Auth:	user=0,group=0,event=null(User),sess=83be404c-1957-46d4-a36b-f9feca68dcf3
2024-10-11 09:25:11,867 INFO  [                 org.perf4j.TimingLogger] (.Server-15) start[1728638711864] time[2] tag[omero.call.success.ome.services.blitz.repo.RepositoryDaoImpl$4.doWork]
2024-10-11 09:25:11,867 INFO  [       ome.formats.importer.ImportConfig] (.Server-15) OMERO.blitz Version: 5.7.3
2024-10-11 09:25:11,867 INFO  [       ome.formats.importer.ImportConfig] (.Server-15) Bioformats version: 7.3.0 revision: acc4b6de79e55275b5e6c8200f8458f6d93c9ba0 date: 18 April 2024
2024-10-11 09:25:11,869 INFO  [                      omero.cmd.SessionI] (.Server-15) Added servant to adapter: 83be404c-1957-46d4-a36b-f9feca68dcf3/IHandle2dbcf021-9cd5-448a-ad16-e47845a374ef(omero.cmd._HandleTie@50c4c567)
2024-10-11 09:25:11,869 DEBUG [                omero.util.ServantHolder] (.Server-15) Added omero.cmd._HandleTie@50c4c567 to omero.util.ServantHolder@149b3864 as IHandle2dbcf021-9cd5-448a-ad16-e47845a374ef
2024-10-11 09:25:11,876 INFO  [                 org.perf4j.TimingLogger] (.Server-15) start[1728638711876] time[0] tag[omero.background.submit]
2024-10-11 09:25:11,876 INFO  [                 org.perf4j.TimingLogger] (.Server-15) start[1728638711845] time[31] tag[omero.import.process.submit]
2024-10-11 09:25:11,878 DEBUG [                omero.util.ServantHolder] (l.Server-9) Removed omero.grid._ImportProcessTie@281da5dc from omero.util.ServantHolder@149b3864 as 59211436-1b50-4e1e-9e65-ca15b9f7ffd9-ManagedImportProcessI
2024-10-11 09:25:11,878 INFO  [                      omero.cmd.SessionI] (l.Server-9) Unregistered servant:83be404c-1957-46d4-a36b-f9feca68dcf3/59211436-1b50-4e1e-9e65-ca15b9f7ffd9-ManagedImportProcessI(omero.grid._ImportProcessTie@281da5dc)
2024-10-11 09:25:11,887 INFO  [    ome.formats.OMEROMetadataStoreClient] (2-thread-4) Call context: {omero.group:0}
2024-10-11 09:25:11,887 INFO  [    ome.formats.OMEROMetadataStoreClient] (2-thread-4) Call context: {omero.logfilename:root_0/2024-10/11/09-25-11.212.log}
2024-10-11 09:25:11,892 INFO  [    ome.security.basic.BasicEventContext] (.Server-10)  cctx:	group=0
2024-10-11 09:25:11,893 INFO  [         ome.security.basic.EventHandler] (.Server-10)  Auth:	user=0,group=0,event=null(User),sess=83be404c-1957-46d4-a36b-f9feca68dcf3
2024-10-11 09:25:11,898 INFO  [                 org.perf4j.TimingLogger] (.Server-10) start[1728638711891] time[6] tag[omero.call.success.ome.logic.AdminImpl.getEventContext]
2024-10-11 09:25:11,932 INFO  [    ome.formats.OMEROMetadataStoreClient] (2-thread-4) Pinging session every 300s.
2024-10-11 09:25:11,950 INFO  [                loci.formats.ImageReader] (2-thread-4) IonpathMIBITiffReader initializing /OMERO/ManagedRepository/root_0/2024-10/11/09-25-11.212/TA459_multipleCores2_Run-4_Point27.tiff
2024-10-11 09:25:11,950 INFO  [       loci.formats.in.MinimalTiffReader] (2-thread-4) Reading IFDs
2024-10-11 09:25:11,951 INFO  [       loci.formats.in.MinimalTiffReader] (2-thread-4) Populating metadata
2024-10-11 09:25:11,954 INFO  [          loci.formats.in.BaseTiffReader] (2-thread-4) Populating OME metadata
2024-10-11 09:25:11,960 INFO  [    ome.security.basic.BasicEventContext] (.Server-13)  cctx:	group=0
2024-10-11 09:25:11,962 INFO  [         ome.security.basic.EventHandler] (.Server-13)  Auth:	user=0,group=0,event=null(User),sess=83be404c-1957-46d4-a36b-f9feca68dcf3
2024-10-11 09:25:11,964 INFO  [                 org.perf4j.TimingLogger] (.Server-13) start[1728638711959] time[4] tag[omero.call.success.ome.logic.QueryImpl.findAll]
2024-10-11 09:25:11,968 INFO  [    ome.security.basic.BasicEventContext] (.Server-11)  cctx:	group=0
2024-10-11 09:25:11,969 INFO  [         ome.security.basic.EventHandler] (.Server-11)  Auth:	user=0,group=0,event=null(User),sess=83be404c-1957-46d4-a36b-f9feca68dcf3
2024-10-11 09:25:11,970 INFO  [                 org.perf4j.TimingLogger] (.Server-11) start[1728638711967] time[2] tag[omero.call.success.ome.logic.QueryImpl.findAll]
2024-10-11 09:25:11,971 INFO  [    ome.security.basic.BasicEventContext] (l.Server-4)  cctx:	group=0
2024-10-11 09:25:11,972 INFO  [         ome.security.basic.EventHandler] (l.Server-4)  Auth:	user=0,group=0,event=null(User),sess=83be404c-1957-46d4-a36b-f9feca68dcf3
2024-10-11 09:25:11,973 INFO  [                 org.perf4j.TimingLogger] (l.Server-4) start[1728638711971] time[2] tag[omero.call.success.ome.logic.QueryImpl.findAll]
2024-10-11 09:25:11,974 INFO  [    ome.security.basic.BasicEventContext] (.Server-12)  cctx:	group=0
2024-10-11 09:25:11,975 INFO  [         ome.security.basic.EventHandler] (.Server-12)  Auth:	user=0,group=0,event=null(User),sess=83be404c-1957-46d4-a36b-f9feca68dcf3
2024-10-11 09:25:11,976 INFO  [                 org.perf4j.TimingLogger] (.Server-12) start[1728638711973] time[2] tag[omero.call.success.ome.logic.QueryImpl.findAll]
2024-10-11 09:25:11,995 DEBUG [                   loci.formats.Memoizer] (2-thread-4) saved to temp file: /OMERO/BioFormatsCache/OMERO/ManagedRepository/root_0/2024-10/11/09-25-11.212/.TA459_multipleCores2_Run-4_Point27.tiff.bfmemo4391020478627121309
2024-10-11 09:25:11,995 DEBUG [                   loci.formats.Memoizer] (2-thread-4) start[1728638711987] time[8] tag[loci.formats.Memoizer.saveMemo]
2024-10-11 09:25:11,995 DEBUG [                   loci.formats.Memoizer] (2-thread-4) saved memo file: /OMERO/BioFormatsCache/OMERO/ManagedRepository/root_0/2024-10/11/09-25-11.212/.TA459_multipleCores2_Run-4_Point27.tiff.bfmemo (50737 bytes)
2024-10-11 09:25:11,995 DEBUG [                   loci.formats.Memoizer] (2-thread-4) start[1728638711932] time[63] tag[loci.formats.Memoizer.setId]
2024-10-11 09:25:11,995 DEBUG [    o.s.blitz.repo.ManagedImportRequestI] (2-thread-4) Image Count: 44
2024-10-11 09:25:11,996 INFO  [    o.s.blitz.repo.ManagedImportRequestI] (2-thread-4) File format: Ionpath MIBI
2024-10-11 09:25:11,996 INFO  [    o.s.blitz.repo.ManagedImportRequestI] (2-thread-4) Base reader: loci.formats.in.IonpathMIBITiffReader
2024-10-11 09:25:11,996 INFO  [                 org.perf4j.TimingLogger] (2-thread-4) start[1728638711885] time[110] tag[omero.import.request.init]
2024-10-11 09:25:11,996 DEBUG [    o.s.blitz.repo.ManagedImportRequestI] (2-thread-4) Step 0
2024-10-11 09:25:11,997 WARN  [    ome.formats.model.ReferenceProcessor] (2-thread-4) Unknown target class for LSID: Image:SIMS
2024-10-11 09:25:11,997 INFO  [    ome.formats.OMEROMetadataStoreClient] (2-thread-4) Handling # of containers: 91
2024-10-11 09:25:11,999 INFO  [    ome.security.basic.BasicEventContext] (.Server-10)  cctx:	group=0
2024-10-11 09:25:12,001 INFO  [         ome.security.basic.EventHandler] (.Server-10)  Auth:	user=0,group=0,event=null(User),sess=83be404c-1957-46d4-a36b-f9feca68dcf3
2024-10-11 09:25:12,001 INFO  [                 org.perf4j.TimingLogger] (.Server-10) start[1728638711998] time[3] tag[omero.call.success.ome.services.blitz.impl.MetadataStoreI$4.doWork]
2024-10-11 09:25:12,002 INFO  [    ome.formats.OMEROMetadataStoreClient] (2-thread-4) Handling # of references: 1
2024-10-11 09:25:12,003 INFO  [    ome.security.basic.BasicEventContext] (l.Server-9)  cctx:	group=0
2024-10-11 09:25:12,004 INFO  [         ome.security.basic.EventHandler] (l.Server-9)  Auth:	user=0,group=0,event=null(User),sess=83be404c-1957-46d4-a36b-f9feca68dcf3
2024-10-11 09:25:12,005 INFO  [                 org.perf4j.TimingLogger] (l.Server-9) start[1728638712002] time[2] tag[omero.call.success.ome.services.blitz.impl.MetadataStoreI$5.doWork]
2024-10-11 09:25:12,008 INFO  [    ome.security.basic.BasicEventContext] (.Server-13)  cctx:	group=0
2024-10-11 09:25:12,019 INFO  [         ome.security.basic.EventHandler] (.Server-13)  Auth:	user=0,group=0,event=28325(User),sess=83be404c-1957-46d4-a36b-f9feca68dcf3
2024-10-11 09:25:12,032 INFO  [       ome.security.basic.CurrentDetails] (.Server-13) Adding log:INSERT,class ome.model.core.Image,221
2024-10-11 09:25:12,032 INFO  [       ome.security.basic.CurrentDetails] (.Server-13) Adding log:INSERT,class ome.model.containers.DatasetImageLink,221
2024-10-11 09:25:12,033 INFO  [       ome.security.basic.CurrentDetails] (.Server-13) Adding log:INSERT,class ome.model.core.Pixels,221
2024-10-11 09:25:12,034 INFO  [       ome.security.basic.CurrentDetails] (.Server-13) Adding log:INSERT,class ome.model.core.LogicalChannel,1431
2024-10-11 09:25:12,034 INFO  [       ome.security.basic.CurrentDetails] (.Server-13) Adding log:INSERT,class ome.model.core.Channel,1431
2024-10-11 09:25:12,034 INFO  [       ome.security.basic.CurrentDetails] (.Server-13) Adding log:INSERT,class ome.model.core.LogicalChannel,1432
2024-10-11 09:25:12,035 INFO  [       ome.security.basic.CurrentDetails] (.Server-13) Adding log:INSERT,class ome.model.core.Channel,1432
2024-10-11 09:25:12,036 INFO  [       ome.security.basic.CurrentDetails] (.Server-13) Adding log:INSERT,class ome.model.core.LogicalChannel,1433
2024-10-11 09:25:12,036 INFO  [       ome.security.basic.CurrentDetails] (.Server-13) Adding log:INSERT,class ome.model.core.Channel,1433
2024-10-11 09:25:12,037 INFO  [       ome.security.basic.CurrentDetails] (.Server-13) Adding log:INSERT,class ome.model.core.LogicalChannel,1434
2024-10-11 09:25:12,037 INFO  [       ome.security.basic.CurrentDetails] (.Server-13) Adding log:INSERT,class ome.model.core.Channel,1434
2024-10-11 09:25:12,038 INFO  [       ome.security.basic.CurrentDetails] (.Server-13) Adding log:INSERT,class ome.model.core.LogicalChannel,1435
2024-10-11 09:25:12,038 INFO  [       ome.security.basic.CurrentDetails] (.Server-13) Adding log:INSERT,class ome.model.core.Channel,1435
2024-10-11 09:25:12,039 INFO  [       ome.security.basic.CurrentDetails] (.Server-13) Adding log:INSERT,class ome.model.core.LogicalChannel,1436
2024-10-11 09:25:12,039 INFO  [       ome.security.basic.CurrentDetails] (.Server-13) Adding log:INSERT,class ome.model.core.Channel,1436
2024-10-11 09:25:12,040 INFO  [       ome.security.basic.CurrentDetails] (.Server-13) Adding log:INSERT,class ome.model.core.LogicalChannel,1437
2024-10-11 09:25:12,040 INFO  [       ome.security.basic.CurrentDetails] (.Server-13) Adding log:INSERT,class ome.model.core.Channel,1437
2024-10-11 09:25:12,040 INFO  [       ome.security.basic.CurrentDetails] (.Server-13) Adding log:INSERT,class ome.model.core.LogicalChannel,1438
2024-10-11 09:25:12,041 INFO  [       ome.security.basic.CurrentDetails] (.Server-13) Adding log:INSERT,class ome.model.core.Channel,1438
2024-10-11 09:25:12,041 INFO  [       ome.security.basic.CurrentDetails] (.Server-13) Adding log:INSERT,class ome.model.core.LogicalChannel,1439
2024-10-11 09:25:12,042 INFO  [       ome.security.basic.CurrentDetails] (.Server-13) Adding log:INSERT,class ome.model.core.Channel,1439
2024-10-11 09:25:12,042 INFO  [       ome.security.basic.CurrentDetails] (.Server-13) Adding log:INSERT,class ome.model.core.LogicalChannel,1440
2024-10-11 09:25:12,043 INFO  [       ome.security.basic.CurrentDetails] (.Server-13) Adding log:INSERT,class ome.model.core.Channel,1440
2024-10-11 09:25:12,043 INFO  [       ome.security.basic.CurrentDetails] (.Server-13) Adding log:INSERT,class ome.model.core.LogicalChannel,1441
2024-10-11 09:25:12,044 INFO  [       ome.security.basic.CurrentDetails] (.Server-13) Adding log:INSERT,class ome.model.core.Channel,1441
2024-10-11 09:25:12,044 INFO  [       ome.security.basic.CurrentDetails] (.Server-13) Adding log:INSERT,class ome.model.core.LogicalChannel,1442
2024-10-11 09:25:12,045 INFO  [       ome.security.basic.CurrentDetails] (.Server-13) Adding log:INSERT,class ome.model.core.Channel,1442
2024-10-11 09:25:12,045 INFO  [       ome.security.basic.CurrentDetails] (.Server-13) Adding log:INSERT,class ome.model.core.LogicalChannel,1443
2024-10-11 09:25:12,046 INFO  [       ome.security.basic.CurrentDetails] (.Server-13) Adding log:INSERT,class ome.model.core.Channel,1443
2024-10-11 09:25:12,046 INFO  [       ome.security.basic.CurrentDetails] (.Server-13) Adding log:INSERT,class ome.model.core.LogicalChannel,1444
2024-10-11 09:25:12,046 INFO  [       ome.security.basic.CurrentDetails] (.Server-13) Adding log:INSERT,class ome.model.core.Channel,1444
2024-10-11 09:25:12,047 INFO  [       ome.security.basic.CurrentDetails] (.Server-13) Adding log:INSERT,class ome.model.core.LogicalChannel,1445
2024-10-11 09:25:12,047 INFO  [       ome.security.basic.CurrentDetails] (.Server-13) Adding log:INSERT,class ome.model.core.Channel,1445
2024-10-11 09:25:12,048 INFO  [       ome.security.basic.CurrentDetails] (.Server-13) Adding log:INSERT,class ome.model.core.LogicalChannel,1446
2024-10-11 09:25:12,048 INFO  [       ome.security.basic.CurrentDetails] (.Server-13) Adding log:INSERT,class ome.model.core.Channel,1446
2024-10-11 09:25:12,048 INFO  [       ome.security.basic.CurrentDetails] (.Server-13) Adding log:INSERT,class ome.model.core.LogicalChannel,1447
2024-10-11 09:25:12,049 INFO  [       ome.security.basic.CurrentDetails] (.Server-13) Adding log:INSERT,class ome.model.core.Channel,1447
2024-10-11 09:25:12,049 INFO  [       ome.security.basic.CurrentDetails] (.Server-13) Adding log:INSERT,class ome.model.core.LogicalChannel,1448
2024-10-11 09:25:12,049 INFO  [       ome.security.basic.CurrentDetails] (.Server-13) Adding log:INSERT,class ome.model.core.Channel,1448
2024-10-11 09:25:12,050 INFO  [       ome.security.basic.CurrentDetails] (.Server-13) Adding log:INSERT,class ome.model.core.LogicalChannel,1449
2024-10-11 09:25:12,051 INFO  [       ome.security.basic.CurrentDetails] (.Server-13) Adding log:INSERT,class ome.model.core.Channel,1449
2024-10-11 09:25:12,051 INFO  [       ome.security.basic.CurrentDetails] (.Server-13) Adding log:INSERT,class ome.model.core.LogicalChannel,1450
2024-10-11 09:25:12,051 INFO  [       ome.security.basic.CurrentDetails] (.Server-13) Adding log:INSERT,class ome.model.core.Channel,1450
2024-10-11 09:25:12,052 INFO  [       ome.security.basic.CurrentDetails] (.Server-13) Adding log:INSERT,class ome.model.core.LogicalChannel,1451
2024-10-11 09:25:12,052 INFO  [       ome.security.basic.CurrentDetails] (.Server-13) Adding log:INSERT,class ome.model.core.Channel,1451
2024-10-11 09:25:12,053 INFO  [       ome.security.basic.CurrentDetails] (.Server-13) Adding log:INSERT,class ome.model.core.LogicalChannel,1452
2024-10-11 09:25:12,053 INFO  [       ome.security.basic.CurrentDetails] (.Server-13) Adding log:INSERT,class ome.model.core.Channel,1452
2024-10-11 09:25:12,054 INFO  [       ome.security.basic.CurrentDetails] (.Server-13) Adding log:INSERT,class ome.model.core.LogicalChannel,1453
2024-10-11 09:25:12,054 INFO  [       ome.security.basic.CurrentDetails] (.Server-13) Adding log:INSERT,class ome.model.core.Channel,1453
2024-10-11 09:25:12,055 INFO  [       ome.security.basic.CurrentDetails] (.Server-13) Adding log:INSERT,class ome.model.core.LogicalChannel,1454
2024-10-11 09:25:12,055 INFO  [       ome.security.basic.CurrentDetails] (.Server-13) Adding log:INSERT,class ome.model.core.Channel,1454
2024-10-11 09:25:12,056 INFO  [       ome.security.basic.CurrentDetails] (.Server-13) Adding log:INSERT,class ome.model.core.LogicalChannel,1455
2024-10-11 09:25:12,056 INFO  [       ome.security.basic.CurrentDetails] (.Server-13) Adding log:INSERT,class ome.model.core.Channel,1455
2024-10-11 09:25:12,057 INFO  [       ome.security.basic.CurrentDetails] (.Server-13) Adding log:INSERT,class ome.model.core.LogicalChannel,1456
2024-10-11 09:25:12,057 INFO  [       ome.security.basic.CurrentDetails] (.Server-13) Adding log:INSERT,class ome.model.core.Channel,1456
2024-10-11 09:25:12,058 INFO  [       ome.security.basic.CurrentDetails] (.Server-13) Adding log:INSERT,class ome.model.core.LogicalChannel,1457
2024-10-11 09:25:12,059 INFO  [       ome.security.basic.CurrentDetails] (.Server-13) Adding log:INSERT,class ome.model.core.Channel,1457
2024-10-11 09:25:12,060 INFO  [       ome.security.basic.CurrentDetails] (.Server-13) Adding log:INSERT,class ome.model.core.LogicalChannel,1458
2024-10-11 09:25:12,070 INFO  [       ome.security.basic.CurrentDetails] (.Server-13) Adding log:INSERT,class ome.model.core.Channel,1458
2024-10-11 09:25:12,071 INFO  [       ome.security.basic.CurrentDetails] (.Server-13) Adding log:INSERT,class ome.model.core.LogicalChannel,1459
2024-10-11 09:25:12,071 INFO  [       ome.security.basic.CurrentDetails] (.Server-13) Adding log:INSERT,class ome.model.core.Channel,1459
2024-10-11 09:25:12,072 INFO  [       ome.security.basic.CurrentDetails] (.Server-13) Adding log:INSERT,class ome.model.core.LogicalChannel,1460
2024-10-11 09:25:12,073 INFO  [       ome.security.basic.CurrentDetails] (.Server-13) Adding log:INSERT,class ome.model.core.Channel,1460
2024-10-11 09:25:12,073 INFO  [       ome.security.basic.CurrentDetails] (.Server-13) Adding log:INSERT,class ome.model.core.LogicalChannel,1461
2024-10-11 09:25:12,074 INFO  [       ome.security.basic.CurrentDetails] (.Server-13) Adding log:INSERT,class ome.model.core.Channel,1461
2024-10-11 09:25:12,074 INFO  [       ome.security.basic.CurrentDetails] (.Server-13) Adding log:INSERT,class ome.model.core.LogicalChannel,1462
2024-10-11 09:25:12,075 INFO  [       ome.security.basic.CurrentDetails] (.Server-13) Adding log:INSERT,class ome.model.core.Channel,1462
2024-10-11 09:25:12,077 INFO  [       ome.security.basic.CurrentDetails] (.Server-13) Adding log:INSERT,class ome.model.core.LogicalChannel,1463
2024-10-11 09:25:12,078 INFO  [       ome.security.basic.CurrentDetails] (.Server-13) Adding log:INSERT,class ome.model.core.Channel,1463
2024-10-11 09:25:12,099 INFO  [       ome.security.basic.CurrentDetails] (.Server-13) Adding log:INSERT,class ome.model.core.LogicalChannel,1464
2024-10-11 09:25:12,105 INFO  [       ome.security.basic.CurrentDetails] (.Server-13) Adding log:INSERT,class ome.model.core.Channel,1464
2024-10-11 09:25:12,105 INFO  [       ome.security.basic.CurrentDetails] (.Server-13) Adding log:INSERT,class ome.model.core.LogicalChannel,1465
2024-10-11 09:25:12,106 INFO  [       ome.security.basic.CurrentDetails] (.Server-13) Adding log:INSERT,class ome.model.core.Channel,1465
2024-10-11 09:25:12,107 INFO  [       ome.security.basic.CurrentDetails] (.Server-13) Adding log:INSERT,class ome.model.core.LogicalChannel,1466
2024-10-11 09:25:12,112 INFO  [       ome.security.basic.CurrentDetails] (.Server-13) Adding log:INSERT,class ome.model.core.Channel,1466
2024-10-11 09:25:12,116 INFO  [       ome.security.basic.CurrentDetails] (.Server-13) Adding log:INSERT,class ome.model.core.LogicalChannel,1467
2024-10-11 09:25:12,117 INFO  [       ome.security.basic.CurrentDetails] (.Server-13) Adding log:INSERT,class ome.model.core.Channel,1467
2024-10-11 09:25:12,118 INFO  [       ome.security.basic.CurrentDetails] (.Server-13) Adding log:INSERT,class ome.model.core.LogicalChannel,1468
2024-10-11 09:25:12,118 INFO  [       ome.security.basic.CurrentDetails] (.Server-13) Adding log:INSERT,class ome.model.core.Channel,1468
2024-10-11 09:25:12,118 INFO  [       ome.security.basic.CurrentDetails] (.Server-13) Adding log:INSERT,class ome.model.core.LogicalChannel,1469
2024-10-11 09:25:12,119 INFO  [       ome.security.basic.CurrentDetails] (.Server-13) Adding log:INSERT,class ome.model.core.Channel,1469
2024-10-11 09:25:12,119 INFO  [       ome.security.basic.CurrentDetails] (.Server-13) Adding log:INSERT,class ome.model.core.LogicalChannel,1470
2024-10-11 09:25:12,120 INFO  [       ome.security.basic.CurrentDetails] (.Server-13) Adding log:INSERT,class ome.model.core.Channel,1470
2024-10-11 09:25:12,122 INFO  [       ome.security.basic.CurrentDetails] (.Server-13) Adding log:INSERT,class ome.model.core.LogicalChannel,1471
2024-10-11 09:25:12,122 INFO  [       ome.security.basic.CurrentDetails] (.Server-13) Adding log:INSERT,class ome.model.core.Channel,1471
2024-10-11 09:25:12,123 INFO  [       ome.security.basic.CurrentDetails] (.Server-13) Adding log:INSERT,class ome.model.core.LogicalChannel,1472
2024-10-11 09:25:12,124 INFO  [       ome.security.basic.CurrentDetails] (.Server-13) Adding log:INSERT,class ome.model.core.Channel,1472
2024-10-11 09:25:12,125 INFO  [       ome.security.basic.CurrentDetails] (.Server-13) Adding log:INSERT,class ome.model.core.LogicalChannel,1473
2024-10-11 09:25:12,125 INFO  [       ome.security.basic.CurrentDetails] (.Server-13) Adding log:INSERT,class ome.model.core.Channel,1473
2024-10-11 09:25:12,126 INFO  [       ome.security.basic.CurrentDetails] (.Server-13) Adding log:INSERT,class ome.model.core.LogicalChannel,1474
2024-10-11 09:25:12,127 INFO  [       ome.security.basic.CurrentDetails] (.Server-13) Adding log:INSERT,class ome.model.core.Channel,1474
2024-10-11 09:25:12,162 INFO  [                 org.perf4j.TimingLogger] (.Server-13) start[1728638712020] time[142] tag[omero.saveImportGraph]
2024-10-11 09:25:12,183 INFO  [                 org.perf4j.TimingLogger] (.Server-13) start[1728638712006] time[176] tag[omero.call.success.ome.services.blitz.impl.MetadataStoreI$3.doWork]
2024-10-11 09:25:12,186 INFO  [                 org.perf4j.TimingLogger] (2-thread-4) start[1728638711996] time[190] tag[omero.import.request.metadata]
2024-10-11 09:25:12,188 INFO  [    ome.security.basic.BasicEventContext] (.Server-12)  cctx:	group=0
2024-10-11 09:25:12,189 INFO  [         ome.security.basic.EventHandler] (.Server-12)  Auth:	user=0,group=0,event=null(User),sess=83be404c-1957-46d4-a36b-f9feca68dcf3
2024-10-11 09:25:12,190 INFO  [                 org.perf4j.TimingLogger] (.Server-12) start[1728638712187] time[2] tag[omero.call.success.ome.logic.QueryImpl.get]
2024-10-11 09:25:12,192 INFO  [    ome.security.basic.BasicEventContext] (l.Server-9)  cctx:	group=0
2024-10-11 09:25:12,197 INFO  [         ome.security.basic.EventHandler] (l.Server-9)  Auth:	user=0,group=0,event=28331(User),sess=83be404c-1957-46d4-a36b-f9feca68dcf3
2024-10-11 09:25:12,199 INFO  [       ome.security.basic.CurrentDetails] (l.Server-9) Adding log:UPDATE,class ome.model.core.OriginalFile,3100
2024-10-11 09:25:12,204 INFO  [                 org.perf4j.TimingLogger] (l.Server-9) start[1728638712191] time[12] tag[omero.call.success.ome.logic.UpdateImpl.saveObject]
2024-10-11 09:25:12,204 INFO  [                 org.perf4j.TimingLogger] (2-thread-4) start[1728638711996] time[208] tag[omero.import.request.step]
2024-10-11 09:25:12,204 DEBUG [    o.s.blitz.repo.ManagedImportRequestI] (2-thread-4) Step 1
2024-10-11 09:25:12,205 DEBUG [    o.s.blitz.repo.ManagedImportRequestI] (2-thread-4) Plane:0 X:0 Y:0 TileWidth:2048 TileHeight:2048 arrayBuf.length:8388608
2024-10-11 09:25:12,292 DEBUG [    o.s.blitz.repo.ManagedImportRequestI] (2-thread-4) Plane:1 X:0 Y:0 TileWidth:2048 TileHeight:2048 arrayBuf.length:8388608
2024-10-11 09:25:12,378 DEBUG [    o.s.blitz.repo.ManagedImportRequestI] (2-thread-4) Plane:2 X:0 Y:0 TileWidth:2048 TileHeight:2048 arrayBuf.length:8388608
2024-10-11 09:25:12,438 DEBUG [    o.s.blitz.repo.ManagedImportRequestI] (2-thread-4) Plane:3 X:0 Y:0 TileWidth:2048 TileHeight:2048 arrayBuf.length:8388608
2024-10-11 09:25:12,548 DEBUG [    o.s.blitz.repo.ManagedImportRequestI] (2-thread-4) Plane:4 X:0 Y:0 TileWidth:2048 TileHeight:2048 arrayBuf.length:8388608
2024-10-11 09:25:12,622 DEBUG [    o.s.blitz.repo.ManagedImportRequestI] (2-thread-4) Plane:5 X:0 Y:0 TileWidth:2048 TileHeight:2048 arrayBuf.length:8388608
2024-10-11 09:25:12,678 DEBUG [    o.s.blitz.repo.ManagedImportRequestI] (2-thread-4) Plane:6 X:0 Y:0 TileWidth:2048 TileHeight:2048 arrayBuf.length:8388608
2024-10-11 09:25:12,770 DEBUG [    o.s.blitz.repo.ManagedImportRequestI] (2-thread-4) Plane:7 X:0 Y:0 TileWidth:2048 TileHeight:2048 arrayBuf.length:8388608
2024-10-11 09:25:12,823 DEBUG [    o.s.blitz.repo.ManagedImportRequestI] (2-thread-4) Plane:8 X:0 Y:0 TileWidth:2048 TileHeight:2048 arrayBuf.length:8388608
2024-10-11 09:25:12,878 DEBUG [    o.s.blitz.repo.ManagedImportRequestI] (2-thread-4) Plane:9 X:0 Y:0 TileWidth:2048 TileHeight:2048 arrayBuf.length:8388608
2024-10-11 09:25:12,958 DEBUG [    o.s.blitz.repo.ManagedImportRequestI] (2-thread-4) Plane:10 X:0 Y:0 TileWidth:2048 TileHeight:2048 arrayBuf.length:8388608
2024-10-11 09:25:13,016 DEBUG [    o.s.blitz.repo.ManagedImportRequestI] (2-thread-4) Plane:11 X:0 Y:0 TileWidth:2048 TileHeight:2048 arrayBuf.length:8388608
2024-10-11 09:25:13,067 DEBUG [    o.s.blitz.repo.ManagedImportRequestI] (2-thread-4) Plane:12 X:0 Y:0 TileWidth:2048 TileHeight:2048 arrayBuf.length:8388608
2024-10-11 09:25:13,143 DEBUG [    o.s.blitz.repo.ManagedImportRequestI] (2-thread-4) Plane:13 X:0 Y:0 TileWidth:2048 TileHeight:2048 arrayBuf.length:8388608
2024-10-11 09:25:13,206 DEBUG [    o.s.blitz.repo.ManagedImportRequestI] (2-thread-4) Plane:14 X:0 Y:0 TileWidth:2048 TileHeight:2048 arrayBuf.length:8388608
2024-10-11 09:25:13,270 DEBUG [    o.s.blitz.repo.ManagedImportRequestI] (2-thread-4) Plane:15 X:0 Y:0 TileWidth:2048 TileHeight:2048 arrayBuf.length:8388608
2024-10-11 09:25:13,353 DEBUG [    o.s.blitz.repo.ManagedImportRequestI] (2-thread-4) Plane:16 X:0 Y:0 TileWidth:2048 TileHeight:2048 arrayBuf.length:8388608
2024-10-11 09:25:13,423 DEBUG [    o.s.blitz.repo.ManagedImportRequestI] (2-thread-4) Plane:17 X:0 Y:0 TileWidth:2048 TileHeight:2048 arrayBuf.length:8388608
2024-10-11 09:25:13,508 DEBUG [    o.s.blitz.repo.ManagedImportRequestI] (2-thread-4) Plane:18 X:0 Y:0 TileWidth:2048 TileHeight:2048 arrayBuf.length:8388608
2024-10-11 09:25:13,597 DEBUG [    o.s.blitz.repo.ManagedImportRequestI] (2-thread-4) Plane:19 X:0 Y:0 TileWidth:2048 TileHeight:2048 arrayBuf.length:8388608
2024-10-11 09:25:13,682 DEBUG [    o.s.blitz.repo.ManagedImportRequestI] (2-thread-4) Plane:20 X:0 Y:0 TileWidth:2048 TileHeight:2048 arrayBuf.length:8388608
2024-10-11 09:25:13,758 DEBUG [    o.s.blitz.repo.ManagedImportRequestI] (2-thread-4) Plane:21 X:0 Y:0 TileWidth:2048 TileHeight:2048 arrayBuf.length:8388608
2024-10-11 09:25:13,831 DEBUG [    o.s.blitz.repo.ManagedImportRequestI] (2-thread-4) Plane:22 X:0 Y:0 TileWidth:2048 TileHeight:2048 arrayBuf.length:8388608
2024-10-11 09:25:13,896 DEBUG [    o.s.blitz.repo.ManagedImportRequestI] (2-thread-4) Plane:23 X:0 Y:0 TileWidth:2048 TileHeight:2048 arrayBuf.length:8388608
2024-10-11 09:25:13,977 DEBUG [    o.s.blitz.repo.ManagedImportRequestI] (2-thread-4) Plane:24 X:0 Y:0 TileWidth:2048 TileHeight:2048 arrayBuf.length:8388608
2024-10-11 09:25:14,030 DEBUG [    o.s.blitz.repo.ManagedImportRequestI] (2-thread-4) Plane:25 X:0 Y:0 TileWidth:2048 TileHeight:2048 arrayBuf.length:8388608
2024-10-11 09:25:14,091 DEBUG [    o.s.blitz.repo.ManagedImportRequestI] (2-thread-4) Plane:26 X:0 Y:0 TileWidth:2048 TileHeight:2048 arrayBuf.length:8388608
2024-10-11 09:25:14,176 DEBUG [    o.s.blitz.repo.ManagedImportRequestI] (2-thread-4) Plane:27 X:0 Y:0 TileWidth:2048 TileHeight:2048 arrayBuf.length:8388608
2024-10-11 09:25:14,241 DEBUG [    o.s.blitz.repo.ManagedImportRequestI] (2-thread-4) Plane:28 X:0 Y:0 TileWidth:2048 TileHeight:2048 arrayBuf.length:8388608
2024-10-11 09:25:14,309 DEBUG [    o.s.blitz.repo.ManagedImportRequestI] (2-thread-4) Plane:29 X:0 Y:0 TileWidth:2048 TileHeight:2048 arrayBuf.length:8388608
2024-10-11 09:25:14,390 DEBUG [    o.s.blitz.repo.ManagedImportRequestI] (2-thread-4) Plane:30 X:0 Y:0 TileWidth:2048 TileHeight:2048 arrayBuf.length:8388608
2024-10-11 09:25:14,457 DEBUG [    o.s.blitz.repo.ManagedImportRequestI] (2-thread-4) Plane:31 X:0 Y:0 TileWidth:2048 TileHeight:2048 arrayBuf.length:8388608
2024-10-11 09:25:14,538 DEBUG [    o.s.blitz.repo.ManagedImportRequestI] (2-thread-4) Plane:32 X:0 Y:0 TileWidth:2048 TileHeight:2048 arrayBuf.length:8388608
2024-10-11 09:25:14,630 DEBUG [    o.s.blitz.repo.ManagedImportRequestI] (2-thread-4) Plane:33 X:0 Y:0 TileWidth:2048 TileHeight:2048 arrayBuf.length:8388608
2024-10-11 09:25:14,742 DEBUG [    o.s.blitz.repo.ManagedImportRequestI] (2-thread-4) Plane:34 X:0 Y:0 TileWidth:2048 TileHeight:2048 arrayBuf.length:8388608
2024-10-11 09:25:14,835 DEBUG [    o.s.blitz.repo.ManagedImportRequestI] (2-thread-4) Plane:35 X:0 Y:0 TileWidth:2048 TileHeight:2048 arrayBuf.length:8388608
2024-10-11 09:25:14,906 DEBUG [    o.s.blitz.repo.ManagedImportRequestI] (2-thread-4) Plane:36 X:0 Y:0 TileWidth:2048 TileHeight:2048 arrayBuf.length:8388608
2024-10-11 09:25:14,987 DEBUG [    o.s.blitz.repo.ManagedImportRequestI] (2-thread-4) Plane:37 X:0 Y:0 TileWidth:2048 TileHeight:2048 arrayBuf.length:8388608
2024-10-11 09:25:15,063 DEBUG [    o.s.blitz.repo.ManagedImportRequestI] (2-thread-4) Plane:38 X:0 Y:0 TileWidth:2048 TileHeight:2048 arrayBuf.length:8388608
2024-10-11 09:25:15,125 DEBUG [    o.s.blitz.repo.ManagedImportRequestI] (2-thread-4) Plane:39 X:0 Y:0 TileWidth:2048 TileHeight:2048 arrayBuf.length:8388608
2024-10-11 09:25:15,207 DEBUG [    o.s.blitz.repo.ManagedImportRequestI] (2-thread-4) Plane:40 X:0 Y:0 TileWidth:2048 TileHeight:2048 arrayBuf.length:8388608
2024-10-11 09:25:15,275 DEBUG [    o.s.blitz.repo.ManagedImportRequestI] (2-thread-4) Plane:41 X:0 Y:0 TileWidth:2048 TileHeight:2048 arrayBuf.length:8388608
2024-10-11 09:25:15,360 DEBUG [    o.s.blitz.repo.ManagedImportRequestI] (2-thread-4) Plane:42 X:0 Y:0 TileWidth:2048 TileHeight:2048 arrayBuf.length:8388608
2024-10-11 09:25:15,437 DEBUG [    o.s.blitz.repo.ManagedImportRequestI] (2-thread-4) Plane:43 X:0 Y:0 TileWidth:2048 TileHeight:2048 arrayBuf.length:8388608
2024-10-11 09:25:15,498 INFO  [    ome.security.basic.BasicEventContext] (.Server-11)  cctx:	group=0
2024-10-11 09:25:15,503 INFO  [         ome.security.basic.EventHandler] (.Server-11)  Auth:	user=0,group=0,event=28414(User),sess=83be404c-1957-46d4-a36b-f9feca68dcf3
2024-10-11 09:25:15,509 INFO  [                 org.perf4j.TimingLogger] (.Server-11) start[1728638715497] time[11] tag[omero.call.success.ome.services.blitz.impl.MetadataStoreI$7.doWork]
2024-10-11 09:25:15,513 INFO  [    ome.security.basic.BasicEventContext] (.Server-12)  cctx:	group=0
2024-10-11 09:25:15,518 INFO  [         ome.security.basic.EventHandler] (.Server-12)  Auth:	user=0,group=0,event=28415(User),sess=83be404c-1957-46d4-a36b-f9feca68dcf3
2024-10-11 09:25:15,710 INFO  [       ome.security.basic.CurrentDetails] (.Server-12) Adding log:UPDATE,class ome.model.core.Pixels,221
2024-10-11 09:25:15,720 INFO  [                 org.perf4j.TimingLogger] (.Server-12) start[1728638715512] time[208] tag[omero.call.success.ome.logic.UpdateImpl.saveArray]
2024-10-11 09:25:15,722 INFO  [    ome.security.basic.BasicEventContext] (.Server-14)  cctx:	group=0
2024-10-11 09:25:15,726 INFO  [         ome.security.basic.EventHandler] (.Server-14)  Auth:	user=0,group=0,event=28416(User),sess=83be404c-1957-46d4-a36b-f9feca68dcf3
2024-10-11 09:25:15,767 INFO  [                 org.perf4j.TimingLogger] (.Server-14) start[1728638715721] time[46] tag[omero.call.success.ome.services.blitz.impl.MetadataStoreI$2.doWork]
2024-10-11 09:25:15,767 INFO  [                 org.perf4j.TimingLogger] (2-thread-4) start[1728638712204] time[3562] tag[omero.import.request.pixels]
2024-10-11 09:25:15,769 INFO  [    ome.security.basic.BasicEventContext] (.Server-15)  cctx:	group=0
2024-10-11 09:25:15,770 INFO  [         ome.security.basic.EventHandler] (.Server-15)  Auth:	user=0,group=0,event=null(User),sess=83be404c-1957-46d4-a36b-f9feca68dcf3
2024-10-11 09:25:15,771 INFO  [                 org.perf4j.TimingLogger] (.Server-15) start[1728638715768] time[3] tag[omero.call.success.ome.logic.QueryImpl.get]
2024-10-11 09:25:15,773 INFO  [    ome.security.basic.BasicEventContext] (.Server-11)  cctx:	group=0
2024-10-11 09:25:15,777 INFO  [         ome.security.basic.EventHandler] (.Server-11)  Auth:	user=0,group=0,event=28417(User),sess=83be404c-1957-46d4-a36b-f9feca68dcf3
2024-10-11 09:25:15,781 INFO  [       ome.security.basic.CurrentDetails] (.Server-11) Adding log:UPDATE,class ome.model.core.OriginalFile,3100
2024-10-11 09:25:15,785 INFO  [                 org.perf4j.TimingLogger] (.Server-11) start[1728638715773] time[12] tag[omero.call.success.ome.logic.UpdateImpl.saveObject]
2024-10-11 09:25:15,786 INFO  [                 org.perf4j.TimingLogger] (2-thread-4) start[1728638712204] time[3581] tag[omero.import.request.step]
2024-10-11 09:25:15,786 DEBUG [    o.s.blitz.repo.ManagedImportRequestI] (2-thread-4) Step 2
2024-10-11 09:25:15,787 INFO  [    ome.security.basic.BasicEventContext] (.Server-10)  cctx:	group=0
2024-10-11 09:25:15,805 INFO  [         ome.security.basic.EventHandler] (.Server-10)  Auth:	user=0,group=0,event=28418(User),sess=83be404c-1957-46d4-a36b-f9feca68dcf3
2024-10-11 09:25:15,811 INFO  [                 org.perf4j.TimingLogger] (.Server-10) start[1728638715806] time[5] tag[omero.loadPixels]
2024-10-11 09:25:15,819 INFO  [                 org.perf4j.TimingLogger] (.Server-10) start[1728638715814] time[4] tag[omero.loadRenderingSettingsByUser]
2024-10-11 09:25:15,838 DEBUG [                   loci.formats.Memoizer] (.Server-10) start[1728638715823] time[14] tag[loci.formats.Memoizer.loadMemo]
2024-10-11 09:25:15,858 INFO  [                loci.formats.ImageReader] (.Server-10) IonpathMIBITiffReader initializing /OMERO/ManagedRepository/root_0/2024-10/11/09-25-11.212/TA459_multipleCores2_Run-4_Point27.tiff
2024-10-11 09:25:15,858 INFO  [       loci.formats.in.MinimalTiffReader] (.Server-10) Reading IFDs
2024-10-11 09:25:15,859 INFO  [       loci.formats.in.MinimalTiffReader] (.Server-10) Populating metadata
2024-10-11 09:25:15,862 INFO  [          loci.formats.in.BaseTiffReader] (.Server-10) Populating OME metadata
2024-10-11 09:25:15,871 DEBUG [                   loci.formats.Memoizer] (.Server-10) saved to temp file: /OMERO/BioFormatsCache/OMERO/ManagedRepository/root_0/2024-10/11/09-25-11.212/.TA459_multipleCores2_Run-4_Point27.tiff.bfmemo3974632344287236576
2024-10-11 09:25:15,871 DEBUG [                   loci.formats.Memoizer] (.Server-10) start[1728638715867] time[4] tag[loci.formats.Memoizer.saveMemo]
2024-10-11 09:25:15,871 DEBUG [                   loci.formats.Memoizer] (.Server-10) saved memo file: /OMERO/BioFormatsCache/OMERO/ManagedRepository/root_0/2024-10/11/09-25-11.212/.TA459_multipleCores2_Run-4_Point27.tiff.bfmemo (50728 bytes)
2024-10-11 09:25:15,872 DEBUG [                   loci.formats.Memoizer] (.Server-10) start[1728638715823] time[48] tag[loci.formats.Memoizer.setId]
2024-10-11 09:25:15,887 INFO  [       ome.security.basic.CurrentDetails] (.Server-10) Adding log:INSERT,class ome.model.display.QuantumDef,221
2024-10-11 09:25:15,887 INFO  [       ome.security.basic.CurrentDetails] (.Server-10) Adding log:INSERT,class ome.model.display.RenderingDef,221
2024-10-11 09:25:15,888 INFO  [       ome.security.basic.CurrentDetails] (.Server-10) Adding log:INSERT,class ome.model.display.ChannelBinding,1431
2024-10-11 09:25:15,888 INFO  [       ome.security.basic.CurrentDetails] (.Server-10) Adding log:INSERT,class ome.model.display.ChannelBinding,1432
2024-10-11 09:25:15,888 INFO  [       ome.security.basic.CurrentDetails] (.Server-10) Adding log:INSERT,class ome.model.display.ChannelBinding,1433
2024-10-11 09:25:15,888 INFO  [       ome.security.basic.CurrentDetails] (.Server-10) Adding log:INSERT,class ome.model.display.ChannelBinding,1434
2024-10-11 09:25:15,888 INFO  [       ome.security.basic.CurrentDetails] (.Server-10) Adding log:INSERT,class ome.model.display.ChannelBinding,1435
2024-10-11 09:25:15,889 INFO  [       ome.security.basic.CurrentDetails] (.Server-10) Adding log:INSERT,class ome.model.display.ChannelBinding,1436
2024-10-11 09:25:15,889 INFO  [       ome.security.basic.CurrentDetails] (.Server-10) Adding log:INSERT,class ome.model.display.ChannelBinding,1437
2024-10-11 09:25:15,889 INFO  [       ome.security.basic.CurrentDetails] (.Server-10) Adding log:INSERT,class ome.model.display.ChannelBinding,1438
2024-10-11 09:25:15,889 INFO  [       ome.security.basic.CurrentDetails] (.Server-10) Adding log:INSERT,class ome.model.display.ChannelBinding,1439
2024-10-11 09:25:15,890 INFO  [       ome.security.basic.CurrentDetails] (.Server-10) Adding log:INSERT,class ome.model.display.ChannelBinding,1440
2024-10-11 09:25:15,890 INFO  [       ome.security.basic.CurrentDetails] (.Server-10) Adding log:INSERT,class ome.model.display.ChannelBinding,1441
2024-10-11 09:25:15,890 INFO  [       ome.security.basic.CurrentDetails] (.Server-10) Adding log:INSERT,class ome.model.display.ChannelBinding,1442
2024-10-11 09:25:15,890 INFO  [       ome.security.basic.CurrentDetails] (.Server-10) Adding log:INSERT,class ome.model.display.ChannelBinding,1443
2024-10-11 09:25:15,891 INFO  [       ome.security.basic.CurrentDetails] (.Server-10) Adding log:INSERT,class ome.model.display.ChannelBinding,1444
2024-10-11 09:25:15,891 INFO  [       ome.security.basic.CurrentDetails] (.Server-10) Adding log:INSERT,class ome.model.display.ChannelBinding,1445
2024-10-11 09:25:15,891 INFO  [       ome.security.basic.CurrentDetails] (.Server-10) Adding log:INSERT,class ome.model.display.ChannelBinding,1446
2024-10-11 09:25:15,891 INFO  [       ome.security.basic.CurrentDetails] (.Server-10) Adding log:INSERT,class ome.model.display.ChannelBinding,1447
2024-10-11 09:25:15,891 INFO  [       ome.security.basic.CurrentDetails] (.Server-10) Adding log:INSERT,class ome.model.display.ChannelBinding,1448
2024-10-11 09:25:15,892 INFO  [       ome.security.basic.CurrentDetails] (.Server-10) Adding log:INSERT,class ome.model.display.ChannelBinding,1449
2024-10-11 09:25:15,892 INFO  [       ome.security.basic.CurrentDetails] (.Server-10) Adding log:INSERT,class ome.model.display.ChannelBinding,1450
2024-10-11 09:25:15,892 INFO  [       ome.security.basic.CurrentDetails] (.Server-10) Adding log:INSERT,class ome.model.display.ChannelBinding,1451
2024-10-11 09:25:15,893 INFO  [       ome.security.basic.CurrentDetails] (.Server-10) Adding log:INSERT,class ome.model.display.ChannelBinding,1452
2024-10-11 09:25:15,893 INFO  [       ome.security.basic.CurrentDetails] (.Server-10) Adding log:INSERT,class ome.model.display.ChannelBinding,1453
2024-10-11 09:25:15,893 INFO  [       ome.security.basic.CurrentDetails] (.Server-10) Adding log:INSERT,class ome.model.display.ChannelBinding,1454
2024-10-11 09:25:15,893 INFO  [       ome.security.basic.CurrentDetails] (.Server-10) Adding log:INSERT,class ome.model.display.ChannelBinding,1455
2024-10-11 09:25:15,894 INFO  [       ome.security.basic.CurrentDetails] (.Server-10) Adding log:INSERT,class ome.model.display.ChannelBinding,1456
2024-10-11 09:25:15,894 INFO  [       ome.security.basic.CurrentDetails] (.Server-10) Adding log:INSERT,class ome.model.display.ChannelBinding,1457
2024-10-11 09:25:15,894 INFO  [       ome.security.basic.CurrentDetails] (.Server-10) Adding log:INSERT,class ome.model.display.ChannelBinding,1458
2024-10-11 09:25:15,894 INFO  [       ome.security.basic.CurrentDetails] (.Server-10) Adding log:INSERT,class ome.model.display.ChannelBinding,1459
2024-10-11 09:25:15,895 INFO  [       ome.security.basic.CurrentDetails] (.Server-10) Adding log:INSERT,class ome.model.display.ChannelBinding,1460
2024-10-11 09:25:15,895 INFO  [       ome.security.basic.CurrentDetails] (.Server-10) Adding log:INSERT,class ome.model.display.ChannelBinding,1461
2024-10-11 09:25:15,895 INFO  [       ome.security.basic.CurrentDetails] (.Server-10) Adding log:INSERT,class ome.model.display.ChannelBinding,1462
2024-10-11 09:25:15,895 INFO  [       ome.security.basic.CurrentDetails] (.Server-10) Adding log:INSERT,class ome.model.display.ChannelBinding,1463
2024-10-11 09:25:15,896 INFO  [       ome.security.basic.CurrentDetails] (.Server-10) Adding log:INSERT,class ome.model.display.ChannelBinding,1464
2024-10-11 09:25:15,896 INFO  [       ome.security.basic.CurrentDetails] (.Server-10) Adding log:INSERT,class ome.model.display.ChannelBinding,1465
2024-10-11 09:25:15,896 INFO  [       ome.security.basic.CurrentDetails] (.Server-10) Adding log:INSERT,class ome.model.display.ChannelBinding,1466
2024-10-11 09:25:15,897 INFO  [       ome.security.basic.CurrentDetails] (.Server-10) Adding log:INSERT,class ome.model.display.ChannelBinding,1467
2024-10-11 09:25:15,897 INFO  [       ome.security.basic.CurrentDetails] (.Server-10) Adding log:INSERT,class ome.model.display.ChannelBinding,1468
2024-10-11 09:25:15,897 INFO  [       ome.security.basic.CurrentDetails] (.Server-10) Adding log:INSERT,class ome.model.display.ChannelBinding,1469
2024-10-11 09:25:15,898 INFO  [       ome.security.basic.CurrentDetails] (.Server-10) Adding log:INSERT,class ome.model.display.ChannelBinding,1470
2024-10-11 09:25:15,898 INFO  [       ome.security.basic.CurrentDetails] (.Server-10) Adding log:INSERT,class ome.model.display.ChannelBinding,1471
2024-10-11 09:25:15,898 INFO  [       ome.security.basic.CurrentDetails] (.Server-10) Adding log:INSERT,class ome.model.display.ChannelBinding,1472
2024-10-11 09:25:15,898 INFO  [       ome.security.basic.CurrentDetails] (.Server-10) Adding log:INSERT,class ome.model.display.ChannelBinding,1473
2024-10-11 09:25:15,898 INFO  [       ome.security.basic.CurrentDetails] (.Server-10) Adding log:INSERT,class ome.model.display.ChannelBinding,1474
2024-10-11 09:25:15,911 INFO  [                 org.perf4j.TimingLogger] (.Server-10) start[1728638715881] time[29] tag[omero.resetDefaultsInSet.saveAndReturn]
2024-10-11 09:25:15,911 INFO  [                 org.perf4j.TimingLogger] (.Server-10) start[1728638715806] time[105] tag[omero.resetDefaultsInSet]
2024-10-11 09:25:15,922 INFO  [                 org.perf4j.TimingLogger] (.Server-10) start[1728638715787] time[135] tag[omero.call.success.ome.logic.RenderingSettingsImpl.resetDefaultsInSet]
2024-10-11 09:25:15,924 INFO  [    ome.security.basic.BasicEventContext] (l.Server-4)  cctx:	group=0
2024-10-11 09:25:15,928 INFO  [         ome.security.basic.EventHandler] (l.Server-4)  Auth:	user=0,group=0,event=28419(User),sess=83be404c-1957-46d4-a36b-f9feca68dcf3
2024-10-11 09:25:15,931 INFO  [                 org.perf4j.TimingLogger] (l.Server-4) start[1728638715928] time[3] tag[omero.bulkLoadRenderingSettings]
2024-10-11 09:25:15,931 INFO  [                 org.perf4j.TimingLogger] (l.Server-4) start[1728638715931] time[0] tag[omero.createAndPrepareMissingRenderingSettings]
2024-10-11 09:25:15,935 INFO  [                 org.perf4j.TimingLogger] (l.Server-4) start[1728638715931] time[3] tag[omero.bulkLoadMetadata]
2024-10-11 09:25:15,936 INFO  [                 org.perf4j.TimingLogger] (l.Server-4) start[1728638715931] time[4] tag[omero.loadMetadataByDimensionPool]
2024-10-11 09:25:15,938 INFO  [       ome.security.basic.CurrentDetails] (l.Server-4) Adding log:INSERT,class ome.model.display.Thumbnail,221
2024-10-11 09:25:15,940 INFO  [                 org.perf4j.TimingLogger] (l.Server-4) start[1728638715939] time[1] tag[omero.bulkLoadMetadata]
2024-10-11 09:25:15,940 INFO  [                 org.perf4j.TimingLogger] (l.Server-4) start[1728638715939] time[1] tag[omero.loadMetadataByDimensionPool]
2024-10-11 09:25:15,940 INFO  [                 org.perf4j.TimingLogger] (l.Server-4) start[1728638715936] time[3] tag[omero.createMissingThumbnailMetadata]
2024-10-11 09:25:15,941 INFO  [    ome.security.basic.BasicEventContext] (l.Server-4)  cctx:	group=0
2024-10-11 09:25:15,945 INFO  [         ome.security.basic.EventHandler] (l.Server-4)  Auth:	user=0,group=0,event=28420(User),sess=83be404c-1957-46d4-a36b-f9feca68dcf3
2024-10-11 09:25:15,953 INFO  [                 org.perf4j.TimingLogger] (l.Server-4) start[1728638715953] time[0] tag[omero._createThumbnail(thumbMetaData)]
2024-10-11 09:25:15,983 DEBUG [                   loci.formats.Memoizer] (l.Server-4) loaded memo file: /OMERO/BioFormatsCache/OMERO/ManagedRepository/root_0/2024-10/11/09-25-11.212/.TA459_multipleCores2_Run-4_Point27.tiff.bfmemo (50728 bytes)
2024-10-11 09:25:15,983 DEBUG [                   loci.formats.Memoizer] (l.Server-4) start[1728638715969] time[14] tag[loci.formats.Memoizer.loadMemo]
2024-10-11 09:25:15,983 DEBUG [                   loci.formats.Memoizer] (l.Server-4) start[1728638715969] time[14] tag[loci.formats.Memoizer.setId]
2024-10-11 09:25:16,048 INFO  [       ome.logic.JavaImageScalingService] (l.Server-4) Scaling to: 96x96
2024-10-11 09:25:16,065 INFO  [                 org.perf4j.TimingLogger] (l.Server-4) start[1728638716048] time[17] tag[java-image-scaling.resampleOp]
2024-10-11 09:25:16,066 INFO  [                 org.perf4j.TimingLogger] (l.Server-4) start[1728638715953] time[113] tag[omero._createThumbnail]
2024-10-11 09:25:16,073 INFO  [                 org.perf4j.TimingLogger] (l.Server-4) start[1728638715923] time[150] tag[omero.call.success.ome.services.ThumbnailBean.createThumbnailsByLongestSideSet]
2024-10-11 09:25:16,073 INFO  [                 org.perf4j.TimingLogger] (2-thread-4) start[1728638715786] time[287] tag[omero.import.request.thumbs]
2024-10-11 09:25:16,074 INFO  [    ome.security.basic.BasicEventContext] (.Server-13)  cctx:	group=0
2024-10-11 09:25:16,075 INFO  [         ome.security.basic.EventHandler] (.Server-13)  Auth:	user=0,group=0,event=null(User),sess=83be404c-1957-46d4-a36b-f9feca68dcf3
2024-10-11 09:25:16,076 INFO  [                 org.perf4j.TimingLogger] (.Server-13) start[1728638716074] time[2] tag[omero.call.success.ome.logic.QueryImpl.get]
2024-10-11 09:25:16,077 INFO  [    ome.security.basic.BasicEventContext] (.Server-14)  cctx:	group=0
2024-10-11 09:25:16,081 INFO  [         ome.security.basic.EventHandler] (.Server-14)  Auth:	user=0,group=0,event=28421(User),sess=83be404c-1957-46d4-a36b-f9feca68dcf3
2024-10-11 09:25:16,083 INFO  [       ome.security.basic.CurrentDetails] (.Server-14) Adding log:UPDATE,class ome.model.core.OriginalFile,3100
2024-10-11 09:25:16,089 INFO  [                 org.perf4j.TimingLogger] (.Server-14) start[1728638716077] time[12] tag[omero.call.success.ome.logic.UpdateImpl.saveObject]
2024-10-11 09:25:16,089 INFO  [                 org.perf4j.TimingLogger] (2-thread-4) start[1728638715786] time[303] tag[omero.import.request.step]
2024-10-11 09:25:16,089 DEBUG [    o.s.blitz.repo.ManagedImportRequestI] (2-thread-4) Step 3
2024-10-11 09:25:16,090 INFO  [    ome.security.basic.BasicEventContext] (l.Server-9)  cctx:	group=0
2024-10-11 09:25:16,091 INFO  [         ome.security.basic.EventHandler] (l.Server-9)  Auth:	user=0,group=0,event=null(User),sess=83be404c-1957-46d4-a36b-f9feca68dcf3
2024-10-11 09:25:16,092 INFO  [                 org.perf4j.TimingLogger] (l.Server-9) start[1728638716090] time[2] tag[omero.call.success.ome.services.blitz.impl.MetadataStoreI$6.doWork]
2024-10-11 09:25:16,093 INFO  [    ome.security.basic.BasicEventContext] (.Server-13)  cctx:	group=0
2024-10-11 09:25:16,093 INFO  [         ome.security.basic.EventHandler] (.Server-13)  Auth:	user=0,group=0,event=null(User),sess=83be404c-1957-46d4-a36b-f9feca68dcf3
2024-10-11 09:25:16,095 INFO  [                 org.perf4j.TimingLogger] (.Server-13) start[1728638716092] time[2] tag[omero.call.success.ome.logic.QueryImpl.get]
2024-10-11 09:25:16,097 INFO  [    ome.security.basic.BasicEventContext] (.Server-12)  cctx:	group=0
2024-10-11 09:25:16,101 INFO  [         ome.security.basic.EventHandler] (.Server-12)  Auth:	user=0,group=0,event=28423(User),sess=83be404c-1957-46d4-a36b-f9feca68dcf3
2024-10-11 09:25:16,103 INFO  [       ome.security.basic.CurrentDetails] (.Server-12) Adding log:UPDATE,class ome.model.core.OriginalFile,3100
2024-10-11 09:25:16,107 INFO  [                 org.perf4j.TimingLogger] (.Server-12) start[1728638716096] time[11] tag[omero.call.success.ome.logic.UpdateImpl.saveObject]
2024-10-11 09:25:16,108 INFO  [                 org.perf4j.TimingLogger] (2-thread-4) start[1728638716089] time[18] tag[omero.import.request.step]
2024-10-11 09:25:16,108 DEBUG [    o.s.blitz.repo.ManagedImportRequestI] (2-thread-4) Step 4
2024-10-11 09:25:16,110 INFO  [    ome.security.basic.BasicEventContext] (.Server-15)  cctx:	group=0
2024-10-11 09:25:16,111 INFO  [         ome.security.basic.EventHandler] (.Server-15)  Auth:	user=0,group=0,event=null(User),sess=83be404c-1957-46d4-a36b-f9feca68dcf3
2024-10-11 09:25:16,112 INFO  [                 org.perf4j.TimingLogger] (.Server-15) start[1728638716108] time[3] tag[omero.call.success.ome.logic.QueryImpl.get]
2024-10-11 09:25:16,114 INFO  [    ome.security.basic.BasicEventContext] (.Server-11)  cctx:	group=0
2024-10-11 09:25:16,118 INFO  [         ome.security.basic.EventHandler] (.Server-11)  Auth:	user=0,group=0,event=28425(User),sess=83be404c-1957-46d4-a36b-f9feca68dcf3
2024-10-11 09:25:16,120 INFO  [       ome.security.basic.CurrentDetails] (.Server-11) Adding log:UPDATE,class ome.model.core.OriginalFile,3100
2024-10-11 09:25:16,127 INFO  [                 org.perf4j.TimingLogger] (.Server-11) start[1728638716113] time[14] tag[omero.call.success.ome.logic.UpdateImpl.saveObject]
2024-10-11 09:25:16,127 INFO  [                 org.perf4j.TimingLogger] (2-thread-4) start[1728638716108] time[19] tag[omero.import.request.step]
2024-10-11 09:25:16,135 INFO  [    ome.security.basic.BasicEventContext] (.Server-10)  cctx:	group=0
2024-10-11 09:25:16,140 INFO  [         ome.security.basic.EventHandler] (.Server-10)  Auth:	user=0,group=0,event=28427(User),sess=83be404c-1957-46d4-a36b-f9feca68dcf3
2024-10-11 09:25:16,143 INFO  [                 org.perf4j.TimingLogger] (.Server-10) start[1728638716134] time[9] tag[omero.call.success.ome.services.RawFileBean.close]
2024-10-11 09:25:16,144 DEBUG [                omero.util.ServantHolder] (.Server-10) Removed omero.api._RawFileStoreTie@806d4b22 from omero.util.ServantHolder@149b3864 as 07de1354-09ab-4b3e-960f-22531de792e5omero.api.RawFileStore
2024-10-11 09:25:16,144 INFO  [                      omero.cmd.SessionI] (.Server-10) Unregistered servant:83be404c-1957-46d4-a36b-f9feca68dcf3/07de1354-09ab-4b3e-960f-22531de792e5omero.api.RawFileStore(omero.api._RawFileStoreTie@806d4b22)
2024-10-11 09:25:16,145 INFO  [    ome.security.basic.BasicEventContext] (.Server-14)  cctx:	group=0
2024-10-11 09:25:16,148 INFO  [         ome.security.basic.EventHandler] (.Server-14)  Auth:	user=0,group=0,event=28428(User),sess=83be404c-1957-46d4-a36b-f9feca68dcf3
2024-10-11 09:25:16,152 INFO  [                 org.perf4j.TimingLogger] (.Server-14) start[1728638716144] time[8] tag[omero.call.success.ome.services.RawPixelsBean.close]
2024-10-11 09:25:16,153 DEBUG [                omero.util.ServantHolder] (.Server-14) Removed omero.api._RawPixelsStoreTie@8584fae5 from omero.util.ServantHolder@149b3864 as d89283c4-2350-40a9-ab61-d78f094f7ebeomero.api.RawPixelsStore
2024-10-11 09:25:16,153 INFO  [                      omero.cmd.SessionI] (.Server-14) Unregistered servant:83be404c-1957-46d4-a36b-f9feca68dcf3/d89283c4-2350-40a9-ab61-d78f094f7ebeomero.api.RawPixelsStore(omero.api._RawPixelsStoreTie@8584fae5)
2024-10-11 09:25:16,154 INFO  [    ome.security.basic.BasicEventContext] (l.Server-9)  cctx:	group=0
2024-10-11 09:25:16,155 INFO  [         ome.security.basic.EventHandler] (l.Server-9)  Auth:	user=0,group=0,event=null(User),sess=83be404c-1957-46d4-a36b-f9feca68dcf3
2024-10-11 09:25:16,155 INFO  [                 org.perf4j.TimingLogger] (l.Server-9) start[1728638716153] time[1] tag[omero.call.success.ome.services.ThumbnailBean.close]
2024-10-11 09:25:16,155 DEBUG [                omero.util.ServantHolder] (l.Server-9) Removed omero.api._ThumbnailStoreTie@7a1cd1f1 from omero.util.ServantHolder@149b3864 as ab4b0fc7-1e23-4eb4-a246-0b464fa24a77omero.api.ThumbnailStore
2024-10-11 09:25:16,155 INFO  [                      omero.cmd.SessionI] (l.Server-9) Unregistered servant:83be404c-1957-46d4-a36b-f9feca68dcf3/ab4b0fc7-1e23-4eb4-a246-0b464fa24a77omero.api.ThumbnailStore(omero.api._ThumbnailStoreTie@7a1cd1f1)
2024-10-11 09:25:16,155 DEBUG [                omero.util.ServantHolder] (.Server-13) Removed omero.api._MetadataStoreTie@65a7fef2 from omero.util.ServantHolder@149b3864 as c9a5bf1f-15b9-4e33-8003-c266c6353687omero.api.MetadataStore
2024-10-11 09:25:16,155 INFO  [                      omero.cmd.SessionI] (.Server-13) Unregistered servant:83be404c-1957-46d4-a36b-f9feca68dcf3/c9a5bf1f-15b9-4e33-8003-c266c6353687omero.api.MetadataStore(omero.api._MetadataStoreTie@65a7fef2)
2024-10-11 09:25:16,156 INFO  [    o.s.blitz.repo.ManagedImportRequestI] (2-thread-4) Cleaning up import.
2024-10-11 09:25:16,160 INFO  [         ome.security.basic.EventHandler] (.Server-15)  Auth:	user=0,group=0,event=null(User),sess=83be404c-1957-46d4-a36b-f9feca68dcf3
2024-10-11 09:25:16,161 INFO  [                 org.perf4j.TimingLogger] (.Server-15) start[1728638716158] time[2] tag[omero.call.success.ome.logic.QueryImpl.get]
2024-10-11 09:25:16,174 INFO  [         ome.security.basic.EventHandler] (.Server-10)  Auth:	user=0,group=0,event=28430(User),sess=83be404c-1957-46d4-a36b-f9feca68dcf3
2024-10-11 09:25:16,176 INFO  [       ome.security.basic.CurrentDetails] (.Server-10) Adding log:UPDATE,class ome.model.core.OriginalFile,3100
2024-10-11 09:25:16,183 INFO  [                 org.perf4j.TimingLogger] (.Server-10) start[1728638716164] time[19] tag[omero.call.success.ome.logic.UpdateImpl.saveObject]
