2024-10-11 09:25:31,384 INFO  [                 org.perf4j.TimingLogger] (.Server-12) start[1728638731372] time[12] tag[omero.import.process.init]
2024-10-11 09:25:31,396 INFO  [         ome.security.basic.EventHandler] (.Server-12)  Auth:	user=0,group=0,event=28825(User),sess=83be404c-1957-46d4-a36b-f9feca68dcf3
2024-10-11 09:25:31,399 INFO  [       ome.security.basic.CurrentDetails] (.Server-12) Adding log:INSERT,class ome.model.jobs.UploadJob,3233
2024-10-11 09:25:31,400 INFO  [       ome.security.basic.CurrentDetails] (.Server-12) Adding log:INSERT,class ome.model.jobs.JobOriginalFileLink,4914
2024-10-11 09:25:31,409 INFO  [       ome.security.basic.CurrentDetails] (.Server-12) Adding log:INSERT,class ome.model.jobs.MetadataImportJob,3234
2024-10-11 09:25:31,416 INFO  [       ome.security.basic.CurrentDetails] (.Server-12) Adding log:INSERT,class ome.model.jobs.PixelDataJob,3235
2024-10-11 09:25:31,422 INFO  [       ome.security.basic.CurrentDetails] (.Server-12) Adding log:INSERT,class ome.model.jobs.ThumbnailGenerationJob,3236
2024-10-11 09:25:31,427 INFO  [       ome.security.basic.CurrentDetails] (.Server-12) Adding log:INSERT,class ome.model.jobs.IndexingJob,3237
2024-10-11 09:25:31,430 INFO  [                 org.perf4j.TimingLogger] (.Server-12) start[1728638731430] time[0] tag[omero.repo.internal_register.find_repo_files]
2024-10-11 09:25:31,433 INFO  [       ome.security.basic.CurrentDetails] (.Server-12) Adding log:INSERT,class ome.model.core.OriginalFile,3158
2024-10-11 09:25:31,434 INFO  [                 org.perf4j.TimingLogger] (.Server-12) start[1728638731431] time[2] tag[omero.repo.create_original_file.save]
2024-10-11 09:25:31,434 INFO  [                 org.perf4j.TimingLogger] (.Server-12) start[1728638731434] time[0] tag[omero.repo.create_original_file.internal_mkdir]
2024-10-11 09:25:31,434 INFO  [                 org.perf4j.TimingLogger] (.Server-12) start[1728638731434] time[0] tag[omero.repo.internal_register.load]
2024-10-11 09:25:31,434 INFO  [                 org.perf4j.TimingLogger] (.Server-12) start[1728638731434] time[0] tag[omero.repo.internal_register.sort]
2024-10-11 09:25:31,434 INFO  [                 org.perf4j.TimingLogger] (.Server-12) start[1728638731430] time[4] tag[omero.repo.save_fileset.register]
2024-10-11 09:25:31,434 INFO  [                 org.perf4j.TimingLogger] (.Server-12) start[1728638731434] time[0] tag[omero.repo.save_fileset.update_fileset_entries]
2024-10-11 09:25:31,437 INFO  [       ome.security.basic.CurrentDetails] (.Server-12) Adding log:INSERT,class ome.model.fs.Fileset,240
2024-10-11 09:25:31,437 INFO  [       ome.security.basic.CurrentDetails] (.Server-12) Adding log:INSERT,class ome.model.fs.FilesetJobLink,396
2024-10-11 09:25:31,438 INFO  [       ome.security.basic.CurrentDetails] (.Server-12) Adding log:INSERT,class ome.model.fs.FilesetJobLink,397
2024-10-11 09:25:31,438 INFO  [       ome.security.basic.CurrentDetails] (.Server-12) Adding log:INSERT,class ome.model.fs.FilesetJobLink,398
2024-10-11 09:25:31,439 INFO  [       ome.security.basic.CurrentDetails] (.Server-12) Adding log:INSERT,class ome.model.fs.FilesetJobLink,399
2024-10-11 09:25:31,439 INFO  [       ome.security.basic.CurrentDetails] (.Server-12) Adding log:INSERT,class ome.model.fs.FilesetJobLink,400
2024-10-11 09:25:31,439 INFO  [       ome.security.basic.CurrentDetails] (.Server-12) Adding log:INSERT,class ome.model.fs.FilesetEntry,240
2024-10-11 09:25:31,441 INFO  [                 org.perf4j.TimingLogger] (.Server-12) start[1728638731434] time[7] tag[omero.repo.save_fileset.save]
2024-10-11 09:25:31,460 INFO  [                 org.perf4j.TimingLogger] (.Server-12) start[1728638731385] time[74] tag[omero.call.success.ome.services.blitz.repo.RepositoryDaoImpl$8.doWork]
2024-10-11 09:25:31,461 INFO  [                 org.perf4j.TimingLogger] (.Server-12) start[1728638731385] time[75] tag[omero.repo.save_fileset]
2024-10-11 09:25:31,462 INFO  [                      omero.cmd.SessionI] (.Server-12) Added servant to adapter: 83be404c-1957-46d4-a36b-f9feca68dcf3/b58b694f-eb3a-462c-8363-87b56eeb524e-ManagedImportProcessI(omero.grid._ImportProcessTie@57e60cc2)
2024-10-11 09:25:31,462 DEBUG [                omero.util.ServantHolder] (.Server-12) Added omero.grid._ImportProcessTie@57e60cc2 to omero.util.ServantHolder@149b3864 as b58b694f-eb3a-462c-8363-87b56eeb524e-ManagedImportProcessI
2024-10-11 09:25:31,462 INFO  [                 org.perf4j.TimingLogger] (.Server-12) start[1728638731385] time[76] tag[omero.import.process.create]
2024-10-11 09:25:31,469 INFO  [         ome.security.basic.EventHandler] (.Server-15)  Auth:	user=0,group=0,event=null(User),sess=83be404c-1957-46d4-a36b-f9feca68dcf3
2024-10-11 09:25:31,471 INFO  [                 org.perf4j.TimingLogger] (.Server-15) start[1728638731467] time[4] tag[omero.call.success.ome.services.blitz.repo.RepositoryDaoImpl$2.doWork]
2024-10-11 09:25:31,473 INFO  [         ome.security.basic.EventHandler] (.Server-15)  Auth:	user=0,group=0,event=null(User),sess=83be404c-1957-46d4-a36b-f9feca68dcf3
2024-10-11 09:25:31,476 INFO  [                 org.perf4j.TimingLogger] (.Server-15) start[1728638731471] time[4] tag[omero.call.success.ome.services.blitz.repo.RepositoryDaoImpl$4.doWork]
2024-10-11 09:25:31,479 INFO  [         ome.security.basic.EventHandler] (.Server-15)  Auth:	user=0,group=0,event=null(User),sess=83be404c-1957-46d4-a36b-f9feca68dcf3
2024-10-11 09:25:31,485 INFO  [                 org.perf4j.TimingLogger] (.Server-15) start[1728638731477] time[7] tag[omero.call.success.ome.services.blitz.repo.RepositoryDaoImpl$6.doWork]
2024-10-11 09:25:31,486 INFO  [    ome.security.basic.BasicEventContext] (.Server-15)  cctx:	group=0
2024-10-11 09:25:31,488 INFO  [         ome.security.basic.EventHandler] (.Server-15)  Auth:	user=0,group=0,event=null(User),sess=83be404c-1957-46d4-a36b-f9feca68dcf3
2024-10-11 09:25:31,489 INFO  [                 org.perf4j.TimingLogger] (.Server-15) start[1728638731485] time[4] tag[omero.call.success.ome.services.blitz.repo.RepositoryDaoImpl$1.doWork]
2024-10-11 09:25:31,490 INFO  [                      omero.cmd.SessionI] (.Server-15) Added servant to adapter: 83be404c-1957-46d4-a36b-f9feca68dcf3/3098156d-3a44-4a78-843d-283993c2a7f6-RepoRawFileStoreI(omero.api._RawFileStoreTie@72d57319)
2024-10-11 09:25:31,490 DEBUG [                omero.util.ServantHolder] (.Server-15) Added omero.api._RawFileStoreTie@72d57319 to omero.util.ServantHolder@149b3864 as 3098156d-3a44-4a78-843d-283993c2a7f6-RepoRawFileStoreI
2024-10-11 09:25:31,490 INFO  [                 org.perf4j.TimingLogger] (.Server-15) start[1728638731466] time[23] tag[omero.import.process.opener]
2024-10-11 09:25:31,490 INFO  [                 org.perf4j.TimingLogger] (.Server-15) start[1728638731466] time[23] tag[omero.import.process.uploader]
2024-10-11 09:25:31,493 INFO  [         ome.security.basic.EventHandler] (l.Server-4)  Auth:	user=0,group=0,event=null(User),sess=83be404c-1957-46d4-a36b-f9feca68dcf3
2024-10-11 09:25:31,494 INFO  [                 org.perf4j.TimingLogger] (l.Server-4) start[1728638731492] time[1] tag[omero.call.success.ome.services.RawFileBean.write]
2024-10-11 09:25:31,548 INFO  [         ome.security.basic.EventHandler] (.Server-14)  Auth:	user=0,group=0,event=null(User),sess=83be404c-1957-46d4-a36b-f9feca68dcf3
2024-10-11 09:25:31,554 INFO  [                 org.perf4j.TimingLogger] (.Server-14) start[1728638731547] time[7] tag[omero.call.success.ome.services.RawFileBean.write]
2024-10-11 09:25:31,603 INFO  [         ome.security.basic.EventHandler] (.Server-10)  Auth:	user=0,group=0,event=null(User),sess=83be404c-1957-46d4-a36b-f9feca68dcf3
2024-10-11 09:25:31,610 INFO  [                 org.perf4j.TimingLogger] (.Server-10) start[1728638731602] time[7] tag[omero.call.success.ome.services.RawFileBean.write]
2024-10-11 09:25:31,658 INFO  [         ome.security.basic.EventHandler] (.Server-15)  Auth:	user=0,group=0,event=null(User),sess=83be404c-1957-46d4-a36b-f9feca68dcf3
2024-10-11 09:25:31,663 INFO  [                 org.perf4j.TimingLogger] (.Server-15) start[1728638731656] time[6] tag[omero.call.success.ome.services.RawFileBean.write]
2024-10-11 09:25:31,726 INFO  [         ome.security.basic.EventHandler] (l.Server-9)  Auth:	user=0,group=0,event=null(User),sess=83be404c-1957-46d4-a36b-f9feca68dcf3
2024-10-11 09:25:31,734 INFO  [                 org.perf4j.TimingLogger] (l.Server-9) start[1728638731712] time[21] tag[omero.call.success.ome.services.RawFileBean.write]
2024-10-11 09:25:31,792 INFO  [         ome.security.basic.EventHandler] (.Server-11)  Auth:	user=0,group=0,event=null(User),sess=83be404c-1957-46d4-a36b-f9feca68dcf3
2024-10-11 09:25:31,800 INFO  [                 org.perf4j.TimingLogger] (.Server-11) start[1728638731790] time[9] tag[omero.call.success.ome.services.RawFileBean.write]
2024-10-11 09:25:31,810 INFO  [         ome.security.basic.EventHandler] (.Server-13)  Auth:	user=0,group=0,event=null(User),sess=83be404c-1957-46d4-a36b-f9feca68dcf3
2024-10-11 09:25:31,811 INFO  [                 org.perf4j.TimingLogger] (.Server-13) start[1728638731808] time[2] tag[omero.call.success.ome.services.RawFileBean.write]
2024-10-11 09:25:31,817 INFO  [         ome.security.basic.EventHandler] (.Server-14)  Auth:	user=0,group=0,event=28831(User),sess=83be404c-1957-46d4-a36b-f9feca68dcf3
2024-10-11 09:25:31,830 INFO  [                 org.perf4j.TimingLogger] (.Server-14) start[1728638731818] time[12] tag[omero.services.file.flush]
2024-10-11 09:25:31,847 INFO  [                 org.perf4j.TimingLogger] (.Server-14) start[1728638731830] time[17] tag[omero.services.file.checksum]
2024-10-11 09:25:31,848 INFO  [       ome.security.basic.CurrentDetails] (.Server-14) Adding log:UPDATE,class ome.model.core.OriginalFile,3158
2024-10-11 09:25:31,849 INFO  [                 org.perf4j.TimingLogger] (.Server-14) start[1728638731847] time[1] tag[omero.services.file.finalize]
2024-10-11 09:25:31,854 INFO  [                 org.perf4j.TimingLogger] (.Server-14) start[1728638731813] time[41] tag[omero.call.success.ome.services.RawFileBean.save]
2024-10-11 09:25:31,859 INFO  [         ome.security.basic.EventHandler] (l.Server-4)  Auth:	user=0,group=0,event=28834(User),sess=83be404c-1957-46d4-a36b-f9feca68dcf3
2024-10-11 09:25:31,863 INFO  [                 org.perf4j.TimingLogger] (l.Server-4) start[1728638731856] time[6] tag[omero.call.success.ome.services.RawFileBean.close]
2024-10-11 09:25:31,863 DEBUG [                omero.util.ServantHolder] (l.Server-4) Removed omero.api._RawFileStoreTie@72d57319 from omero.util.ServantHolder@149b3864 as 3098156d-3a44-4a78-843d-283993c2a7f6-RepoRawFileStoreI
2024-10-11 09:25:31,863 INFO  [                      omero.cmd.SessionI] (l.Server-4) Unregistered servant:83be404c-1957-46d4-a36b-f9feca68dcf3/3098156d-3a44-4a78-843d-283993c2a7f6-RepoRawFileStoreI(omero.api._RawFileStoreTie@72d57319)
2024-10-11 09:25:31,866 INFO  [         ome.security.basic.EventHandler] (.Server-15)  Auth:	user=0,group=0,event=null(User),sess=83be404c-1957-46d4-a36b-f9feca68dcf3
2024-10-11 09:25:31,867 INFO  [                 org.perf4j.TimingLogger] (.Server-15) start[1728638731865] time[2] tag[omero.call.success.ome.services.blitz.impl.ServiceFactoryI$3.doWork]
2024-10-11 09:25:31,871 INFO  [                 org.perf4j.TimingLogger] (.Server-15) start[1728638731867] time[4] tag[omero.import.process.checksum]
2024-10-11 09:25:31,876 INFO  [         ome.security.basic.EventHandler] (.Server-15)  Auth:	user=0,group=0,event=28837(User),sess=83be404c-1957-46d4-a36b-f9feca68dcf3
2024-10-11 09:25:31,885 INFO  [       ome.security.basic.CurrentDetails] (.Server-15) Adding log:UPDATE,class ome.model.jobs.UploadJob,3233
2024-10-11 09:25:31,892 INFO  [                 org.perf4j.TimingLogger] (.Server-15) start[1728638731872] time[19] tag[omero.call.success.ome.services.blitz.repo.RepositoryDaoImpl$12.doWork]
2024-10-11 09:25:31,894 INFO  [         ome.security.basic.EventHandler] (.Server-15)  Auth:	user=0,group=0,event=null(User),sess=83be404c-1957-46d4-a36b-f9feca68dcf3
2024-10-11 09:25:31,895 INFO  [                 org.perf4j.TimingLogger] (.Server-15) start[1728638731892] time[3] tag[omero.call.success.ome.services.blitz.repo.RepositoryDaoImpl$2.doWork]
2024-10-11 09:25:31,897 INFO  [         ome.security.basic.EventHandler] (.Server-15)  Auth:	user=0,group=0,event=null(User),sess=83be404c-1957-46d4-a36b-f9feca68dcf3
2024-10-11 09:25:31,898 INFO  [                 org.perf4j.TimingLogger] (.Server-15) start[1728638731895] time[2] tag[omero.call.success.ome.services.blitz.repo.RepositoryDaoImpl$4.doWork]
2024-10-11 09:25:31,899 INFO  [       ome.formats.importer.ImportConfig] (.Server-15) OMERO.blitz Version: 5.7.3
2024-10-11 09:25:31,899 INFO  [       ome.formats.importer.ImportConfig] (.Server-15) Bioformats version: 7.3.0 revision: acc4b6de79e55275b5e6c8200f8458f6d93c9ba0 date: 18 April 2024
2024-10-11 09:25:31,900 INFO  [                      omero.cmd.SessionI] (.Server-15) Added servant to adapter: 83be404c-1957-46d4-a36b-f9feca68dcf3/IHandle925305a4-36c7-4e74-8d23-66c268ac9314(omero.cmd._HandleTie@1ff474cf)
2024-10-11 09:25:31,900 DEBUG [                omero.util.ServantHolder] (.Server-15) Added omero.cmd._HandleTie@1ff474cf to omero.util.ServantHolder@149b3864 as IHandle925305a4-36c7-4e74-8d23-66c268ac9314
2024-10-11 09:25:31,900 INFO  [                 org.perf4j.TimingLogger] (.Server-15) start[1728638731900] time[0] tag[omero.background.submit]
2024-10-11 09:25:31,900 INFO  [                 org.perf4j.TimingLogger] (.Server-15) start[1728638731871] time[29] tag[omero.import.process.submit]
2024-10-11 09:25:31,902 DEBUG [                omero.util.ServantHolder] (.Server-11) Removed omero.grid._ImportProcessTie@57e60cc2 from omero.util.ServantHolder@149b3864 as b58b694f-eb3a-462c-8363-87b56eeb524e-ManagedImportProcessI
2024-10-11 09:25:31,902 INFO  [                      omero.cmd.SessionI] (.Server-11) Unregistered servant:83be404c-1957-46d4-a36b-f9feca68dcf3/b58b694f-eb3a-462c-8363-87b56eeb524e-ManagedImportProcessI(omero.grid._ImportProcessTie@57e60cc2)
2024-10-11 09:25:31,906 INFO  [    ome.formats.OMEROMetadataStoreClient] (2-thread-1) Call context: {omero.group:0}
2024-10-11 09:25:31,907 INFO  [    ome.formats.OMEROMetadataStoreClient] (2-thread-1) Call context: {omero.logfilename:root_0/2024-10/11/09-25-31.283.log}
2024-10-11 09:25:31,912 INFO  [    ome.security.basic.BasicEventContext] (.Server-10)  cctx:	group=0
2024-10-11 09:25:31,914 INFO  [         ome.security.basic.EventHandler] (.Server-10)  Auth:	user=0,group=0,event=null(User),sess=83be404c-1957-46d4-a36b-f9feca68dcf3
2024-10-11 09:25:31,918 INFO  [                 org.perf4j.TimingLogger] (.Server-10) start[1728638731912] time[6] tag[omero.call.success.ome.logic.AdminImpl.getEventContext]
2024-10-11 09:25:31,958 INFO  [    ome.formats.OMEROMetadataStoreClient] (2-thread-1) Pinging session every 300s.
2024-10-11 09:25:31,976 INFO  [                loci.formats.ImageReader] (2-thread-1) IonpathMIBITiffReader initializing /OMERO/ManagedRepository/root_0/2024-10/11/09-25-31.283/TA459_multipleCores2_Run-4_Point6.tiff
2024-10-11 09:25:31,976 INFO  [       loci.formats.in.MinimalTiffReader] (2-thread-1) Reading IFDs
2024-10-11 09:25:31,978 INFO  [       loci.formats.in.MinimalTiffReader] (2-thread-1) Populating metadata
2024-10-11 09:25:31,980 INFO  [          loci.formats.in.BaseTiffReader] (2-thread-1) Populating OME metadata
2024-10-11 09:25:31,984 INFO  [    ome.security.basic.BasicEventContext] (.Server-11)  cctx:	group=0
2024-10-11 09:25:31,986 INFO  [         ome.security.basic.EventHandler] (.Server-11)  Auth:	user=0,group=0,event=null(User),sess=83be404c-1957-46d4-a36b-f9feca68dcf3
2024-10-11 09:25:31,988 INFO  [                 org.perf4j.TimingLogger] (.Server-11) start[1728638731984] time[4] tag[omero.call.success.ome.logic.QueryImpl.findAll]
2024-10-11 09:25:31,991 INFO  [    ome.security.basic.BasicEventContext] (.Server-13)  cctx:	group=0
2024-10-11 09:25:31,992 INFO  [         ome.security.basic.EventHandler] (.Server-13)  Auth:	user=0,group=0,event=null(User),sess=83be404c-1957-46d4-a36b-f9feca68dcf3
2024-10-11 09:25:31,993 INFO  [                 org.perf4j.TimingLogger] (.Server-13) start[1728638731991] time[2] tag[omero.call.success.ome.logic.QueryImpl.findAll]
2024-10-11 09:25:31,994 INFO  [    ome.security.basic.BasicEventContext] (.Server-14)  cctx:	group=0
2024-10-11 09:25:31,995 INFO  [         ome.security.basic.EventHandler] (.Server-14)  Auth:	user=0,group=0,event=null(User),sess=83be404c-1957-46d4-a36b-f9feca68dcf3
2024-10-11 09:25:31,996 INFO  [                 org.perf4j.TimingLogger] (.Server-14) start[1728638731994] time[2] tag[omero.call.success.ome.logic.QueryImpl.findAll]
2024-10-11 09:25:31,998 INFO  [    ome.security.basic.BasicEventContext] (.Server-12)  cctx:	group=0
2024-10-11 09:25:31,999 INFO  [         ome.security.basic.EventHandler] (.Server-12)  Auth:	user=0,group=0,event=null(User),sess=83be404c-1957-46d4-a36b-f9feca68dcf3
2024-10-11 09:25:32,000 INFO  [                 org.perf4j.TimingLogger] (.Server-12) start[1728638731997] time[2] tag[omero.call.success.ome.logic.QueryImpl.findAll]
2024-10-11 09:25:32,025 DEBUG [                   loci.formats.Memoizer] (2-thread-1) saved to temp file: /OMERO/BioFormatsCache/OMERO/ManagedRepository/root_0/2024-10/11/09-25-31.283/.TA459_multipleCores2_Run-4_Point6.tiff.bfmemo9861675250086615537
2024-10-11 09:25:32,026 DEBUG [                   loci.formats.Memoizer] (2-thread-1) start[1728638732018] time[7] tag[loci.formats.Memoizer.saveMemo]
2024-10-11 09:25:32,026 DEBUG [                   loci.formats.Memoizer] (2-thread-1) saved memo file: /OMERO/BioFormatsCache/OMERO/ManagedRepository/root_0/2024-10/11/09-25-31.283/.TA459_multipleCores2_Run-4_Point6.tiff.bfmemo (50725 bytes)
2024-10-11 09:25:32,026 DEBUG [                   loci.formats.Memoizer] (2-thread-1) start[1728638731958] time[67] tag[loci.formats.Memoizer.setId]
2024-10-11 09:25:32,026 DEBUG [    o.s.blitz.repo.ManagedImportRequestI] (2-thread-1) Image Count: 44
2024-10-11 09:25:32,026 INFO  [    o.s.blitz.repo.ManagedImportRequestI] (2-thread-1) File format: Ionpath MIBI
2024-10-11 09:25:32,026 INFO  [    o.s.blitz.repo.ManagedImportRequestI] (2-thread-1) Base reader: loci.formats.in.IonpathMIBITiffReader
2024-10-11 09:25:32,026 INFO  [                 org.perf4j.TimingLogger] (2-thread-1) start[1728638731904] time[121] tag[omero.import.request.init]
2024-10-11 09:25:32,026 DEBUG [    o.s.blitz.repo.ManagedImportRequestI] (2-thread-1) Step 0
2024-10-11 09:25:32,027 WARN  [    ome.formats.model.ReferenceProcessor] (2-thread-1) Unknown target class for LSID: Image:SIMS
2024-10-11 09:25:32,027 INFO  [    ome.formats.OMEROMetadataStoreClient] (2-thread-1) Handling # of containers: 91
2024-10-11 09:25:32,028 INFO  [    ome.security.basic.BasicEventContext] (l.Server-9)  cctx:	group=0
2024-10-11 09:25:32,029 INFO  [         ome.security.basic.EventHandler] (l.Server-9)  Auth:	user=0,group=0,event=null(User),sess=83be404c-1957-46d4-a36b-f9feca68dcf3
2024-10-11 09:25:32,030 INFO  [                 org.perf4j.TimingLogger] (l.Server-9) start[1728638732028] time[2] tag[omero.call.success.ome.services.blitz.impl.MetadataStoreI$4.doWork]
2024-10-11 09:25:32,030 INFO  [    ome.formats.OMEROMetadataStoreClient] (2-thread-1) Handling # of references: 1
2024-10-11 09:25:32,031 INFO  [    ome.security.basic.BasicEventContext] (.Server-15)  cctx:	group=0
2024-10-11 09:25:32,032 INFO  [         ome.security.basic.EventHandler] (.Server-15)  Auth:	user=0,group=0,event=null(User),sess=83be404c-1957-46d4-a36b-f9feca68dcf3
2024-10-11 09:25:32,033 INFO  [                 org.perf4j.TimingLogger] (.Server-15) start[1728638732030] time[2] tag[omero.call.success.ome.services.blitz.impl.MetadataStoreI$5.doWork]
2024-10-11 09:25:32,035 INFO  [    ome.security.basic.BasicEventContext] (.Server-10)  cctx:	group=0
2024-10-11 09:25:32,041 INFO  [         ome.security.basic.EventHandler] (.Server-10)  Auth:	user=0,group=0,event=28844(User),sess=83be404c-1957-46d4-a36b-f9feca68dcf3
2024-10-11 09:25:32,049 INFO  [       ome.security.basic.CurrentDetails] (.Server-10) Adding log:INSERT,class ome.model.core.Image,240
2024-10-11 09:25:32,049 INFO  [       ome.security.basic.CurrentDetails] (.Server-10) Adding log:INSERT,class ome.model.containers.DatasetImageLink,240
2024-10-11 09:25:32,049 INFO  [       ome.security.basic.CurrentDetails] (.Server-10) Adding log:INSERT,class ome.model.core.Pixels,240
2024-10-11 09:25:32,050 INFO  [       ome.security.basic.CurrentDetails] (.Server-10) Adding log:INSERT,class ome.model.core.LogicalChannel,2267
2024-10-11 09:25:32,050 INFO  [       ome.security.basic.CurrentDetails] (.Server-10) Adding log:INSERT,class ome.model.core.Channel,2267
2024-10-11 09:25:32,050 INFO  [       ome.security.basic.CurrentDetails] (.Server-10) Adding log:INSERT,class ome.model.core.LogicalChannel,2268
2024-10-11 09:25:32,051 INFO  [       ome.security.basic.CurrentDetails] (.Server-10) Adding log:INSERT,class ome.model.core.Channel,2268
2024-10-11 09:25:32,051 INFO  [       ome.security.basic.CurrentDetails] (.Server-10) Adding log:INSERT,class ome.model.core.LogicalChannel,2269
2024-10-11 09:25:32,051 INFO  [       ome.security.basic.CurrentDetails] (.Server-10) Adding log:INSERT,class ome.model.core.Channel,2269
2024-10-11 09:25:32,051 INFO  [       ome.security.basic.CurrentDetails] (.Server-10) Adding log:INSERT,class ome.model.core.LogicalChannel,2270
2024-10-11 09:25:32,052 INFO  [       ome.security.basic.CurrentDetails] (.Server-10) Adding log:INSERT,class ome.model.core.Channel,2270
2024-10-11 09:25:32,052 INFO  [       ome.security.basic.CurrentDetails] (.Server-10) Adding log:INSERT,class ome.model.core.LogicalChannel,2271
2024-10-11 09:25:32,052 INFO  [       ome.security.basic.CurrentDetails] (.Server-10) Adding log:INSERT,class ome.model.core.Channel,2271
2024-10-11 09:25:32,052 INFO  [       ome.security.basic.CurrentDetails] (.Server-10) Adding log:INSERT,class ome.model.core.LogicalChannel,2272
2024-10-11 09:25:32,052 INFO  [       ome.security.basic.CurrentDetails] (.Server-10) Adding log:INSERT,class ome.model.core.Channel,2272
2024-10-11 09:25:32,053 INFO  [       ome.security.basic.CurrentDetails] (.Server-10) Adding log:INSERT,class ome.model.core.LogicalChannel,2273
2024-10-11 09:25:32,053 INFO  [       ome.security.basic.CurrentDetails] (.Server-10) Adding log:INSERT,class ome.model.core.Channel,2273
2024-10-11 09:25:32,053 INFO  [       ome.security.basic.CurrentDetails] (.Server-10) Adding log:INSERT,class ome.model.core.LogicalChannel,2274
2024-10-11 09:25:32,053 INFO  [       ome.security.basic.CurrentDetails] (.Server-10) Adding log:INSERT,class ome.model.core.Channel,2274
2024-10-11 09:25:32,054 INFO  [       ome.security.basic.CurrentDetails] (.Server-10) Adding log:INSERT,class ome.model.core.LogicalChannel,2275
2024-10-11 09:25:32,054 INFO  [       ome.security.basic.CurrentDetails] (.Server-10) Adding log:INSERT,class ome.model.core.Channel,2275
2024-10-11 09:25:32,054 INFO  [       ome.security.basic.CurrentDetails] (.Server-10) Adding log:INSERT,class ome.model.core.LogicalChannel,2276
2024-10-11 09:25:32,054 INFO  [       ome.security.basic.CurrentDetails] (.Server-10) Adding log:INSERT,class ome.model.core.Channel,2276
2024-10-11 09:25:32,055 INFO  [       ome.security.basic.CurrentDetails] (.Server-10) Adding log:INSERT,class ome.model.core.LogicalChannel,2277
2024-10-11 09:25:32,055 INFO  [       ome.security.basic.CurrentDetails] (.Server-10) Adding log:INSERT,class ome.model.core.Channel,2277
2024-10-11 09:25:32,055 INFO  [       ome.security.basic.CurrentDetails] (.Server-10) Adding log:INSERT,class ome.model.core.LogicalChannel,2278
2024-10-11 09:25:32,055 INFO  [       ome.security.basic.CurrentDetails] (.Server-10) Adding log:INSERT,class ome.model.core.Channel,2278
2024-10-11 09:25:32,056 INFO  [       ome.security.basic.CurrentDetails] (.Server-10) Adding log:INSERT,class ome.model.core.LogicalChannel,2279
2024-10-11 09:25:32,056 INFO  [       ome.security.basic.CurrentDetails] (.Server-10) Adding log:INSERT,class ome.model.core.Channel,2279
2024-10-11 09:25:32,056 INFO  [       ome.security.basic.CurrentDetails] (.Server-10) Adding log:INSERT,class ome.model.core.LogicalChannel,2280
2024-10-11 09:25:32,056 INFO  [       ome.security.basic.CurrentDetails] (.Server-10) Adding log:INSERT,class ome.model.core.Channel,2280
2024-10-11 09:25:32,057 INFO  [       ome.security.basic.CurrentDetails] (.Server-10) Adding log:INSERT,class ome.model.core.LogicalChannel,2281
2024-10-11 09:25:32,057 INFO  [       ome.security.basic.CurrentDetails] (.Server-10) Adding log:INSERT,class ome.model.core.Channel,2281
2024-10-11 09:25:32,057 INFO  [       ome.security.basic.CurrentDetails] (.Server-10) Adding log:INSERT,class ome.model.core.LogicalChannel,2282
2024-10-11 09:25:32,057 INFO  [       ome.security.basic.CurrentDetails] (.Server-10) Adding log:INSERT,class ome.model.core.Channel,2282
2024-10-11 09:25:32,058 INFO  [       ome.security.basic.CurrentDetails] (.Server-10) Adding log:INSERT,class ome.model.core.LogicalChannel,2283
2024-10-11 09:25:32,058 INFO  [       ome.security.basic.CurrentDetails] (.Server-10) Adding log:INSERT,class ome.model.core.Channel,2283
2024-10-11 09:25:32,058 INFO  [       ome.security.basic.CurrentDetails] (.Server-10) Adding log:INSERT,class ome.model.core.LogicalChannel,2284
2024-10-11 09:25:32,058 INFO  [       ome.security.basic.CurrentDetails] (.Server-10) Adding log:INSERT,class ome.model.core.Channel,2284
2024-10-11 09:25:32,059 INFO  [       ome.security.basic.CurrentDetails] (.Server-10) Adding log:INSERT,class ome.model.core.LogicalChannel,2285
2024-10-11 09:25:32,059 INFO  [       ome.security.basic.CurrentDetails] (.Server-10) Adding log:INSERT,class ome.model.core.Channel,2285
2024-10-11 09:25:32,059 INFO  [       ome.security.basic.CurrentDetails] (.Server-10) Adding log:INSERT,class ome.model.core.LogicalChannel,2286
2024-10-11 09:25:32,059 INFO  [       ome.security.basic.CurrentDetails] (.Server-10) Adding log:INSERT,class ome.model.core.Channel,2286
2024-10-11 09:25:32,059 INFO  [       ome.security.basic.CurrentDetails] (.Server-10) Adding log:INSERT,class ome.model.core.LogicalChannel,2287
2024-10-11 09:25:32,060 INFO  [       ome.security.basic.CurrentDetails] (.Server-10) Adding log:INSERT,class ome.model.core.Channel,2287
2024-10-11 09:25:32,060 INFO  [       ome.security.basic.CurrentDetails] (.Server-10) Adding log:INSERT,class ome.model.core.LogicalChannel,2288
2024-10-11 09:25:32,060 INFO  [       ome.security.basic.CurrentDetails] (.Server-10) Adding log:INSERT,class ome.model.core.Channel,2288
2024-10-11 09:25:32,060 INFO  [       ome.security.basic.CurrentDetails] (.Server-10) Adding log:INSERT,class ome.model.core.LogicalChannel,2289
2024-10-11 09:25:32,061 INFO  [       ome.security.basic.CurrentDetails] (.Server-10) Adding log:INSERT,class ome.model.core.Channel,2289
2024-10-11 09:25:32,061 INFO  [       ome.security.basic.CurrentDetails] (.Server-10) Adding log:INSERT,class ome.model.core.LogicalChannel,2290
2024-10-11 09:25:32,061 INFO  [       ome.security.basic.CurrentDetails] (.Server-10) Adding log:INSERT,class ome.model.core.Channel,2290
2024-10-11 09:25:32,061 INFO  [       ome.security.basic.CurrentDetails] (.Server-10) Adding log:INSERT,class ome.model.core.LogicalChannel,2291
2024-10-11 09:25:32,062 INFO  [       ome.security.basic.CurrentDetails] (.Server-10) Adding log:INSERT,class ome.model.core.Channel,2291
2024-10-11 09:25:32,062 INFO  [       ome.security.basic.CurrentDetails] (.Server-10) Adding log:INSERT,class ome.model.core.LogicalChannel,2292
2024-10-11 09:25:32,062 INFO  [       ome.security.basic.CurrentDetails] (.Server-10) Adding log:INSERT,class ome.model.core.Channel,2292
2024-10-11 09:25:32,063 INFO  [       ome.security.basic.CurrentDetails] (.Server-10) Adding log:INSERT,class ome.model.core.LogicalChannel,2293
2024-10-11 09:25:32,063 INFO  [       ome.security.basic.CurrentDetails] (.Server-10) Adding log:INSERT,class ome.model.core.Channel,2293
2024-10-11 09:25:32,063 INFO  [       ome.security.basic.CurrentDetails] (.Server-10) Adding log:INSERT,class ome.model.core.LogicalChannel,2294
2024-10-11 09:25:32,063 INFO  [       ome.security.basic.CurrentDetails] (.Server-10) Adding log:INSERT,class ome.model.core.Channel,2294
2024-10-11 09:25:32,064 INFO  [       ome.security.basic.CurrentDetails] (.Server-10) Adding log:INSERT,class ome.model.core.LogicalChannel,2295
2024-10-11 09:25:32,064 INFO  [       ome.security.basic.CurrentDetails] (.Server-10) Adding log:INSERT,class ome.model.core.Channel,2295
2024-10-11 09:25:32,065 INFO  [       ome.security.basic.CurrentDetails] (.Server-10) Adding log:INSERT,class ome.model.core.LogicalChannel,2296
2024-10-11 09:25:32,065 INFO  [       ome.security.basic.CurrentDetails] (.Server-10) Adding log:INSERT,class ome.model.core.Channel,2296
2024-10-11 09:25:32,065 INFO  [       ome.security.basic.CurrentDetails] (.Server-10) Adding log:INSERT,class ome.model.core.LogicalChannel,2297
2024-10-11 09:25:32,066 INFO  [       ome.security.basic.CurrentDetails] (.Server-10) Adding log:INSERT,class ome.model.core.Channel,2297
2024-10-11 09:25:32,066 INFO  [       ome.security.basic.CurrentDetails] (.Server-10) Adding log:INSERT,class ome.model.core.LogicalChannel,2298
2024-10-11 09:25:32,066 INFO  [       ome.security.basic.CurrentDetails] (.Server-10) Adding log:INSERT,class ome.model.core.Channel,2298
2024-10-11 09:25:32,067 INFO  [       ome.security.basic.CurrentDetails] (.Server-10) Adding log:INSERT,class ome.model.core.LogicalChannel,2299
2024-10-11 09:25:32,067 INFO  [       ome.security.basic.CurrentDetails] (.Server-10) Adding log:INSERT,class ome.model.core.Channel,2299
2024-10-11 09:25:32,067 INFO  [       ome.security.basic.CurrentDetails] (.Server-10) Adding log:INSERT,class ome.model.core.LogicalChannel,2300
2024-10-11 09:25:32,068 INFO  [       ome.security.basic.CurrentDetails] (.Server-10) Adding log:INSERT,class ome.model.core.Channel,2300
2024-10-11 09:25:32,068 INFO  [       ome.security.basic.CurrentDetails] (.Server-10) Adding log:INSERT,class ome.model.core.LogicalChannel,2301
2024-10-11 09:25:32,068 INFO  [       ome.security.basic.CurrentDetails] (.Server-10) Adding log:INSERT,class ome.model.core.Channel,2301
2024-10-11 09:25:32,069 INFO  [       ome.security.basic.CurrentDetails] (.Server-10) Adding log:INSERT,class ome.model.core.LogicalChannel,2302
2024-10-11 09:25:32,069 INFO  [       ome.security.basic.CurrentDetails] (.Server-10) Adding log:INSERT,class ome.model.core.Channel,2302
2024-10-11 09:25:32,069 INFO  [       ome.security.basic.CurrentDetails] (.Server-10) Adding log:INSERT,class ome.model.core.LogicalChannel,2303
2024-10-11 09:25:32,070 INFO  [       ome.security.basic.CurrentDetails] (.Server-10) Adding log:INSERT,class ome.model.core.Channel,2303
2024-10-11 09:25:32,070 INFO  [       ome.security.basic.CurrentDetails] (.Server-10) Adding log:INSERT,class ome.model.core.LogicalChannel,2304
2024-10-11 09:25:32,070 INFO  [       ome.security.basic.CurrentDetails] (.Server-10) Adding log:INSERT,class ome.model.core.Channel,2304
2024-10-11 09:25:32,071 INFO  [       ome.security.basic.CurrentDetails] (.Server-10) Adding log:INSERT,class ome.model.core.LogicalChannel,2305
2024-10-11 09:25:32,071 INFO  [       ome.security.basic.CurrentDetails] (.Server-10) Adding log:INSERT,class ome.model.core.Channel,2305
2024-10-11 09:25:32,072 INFO  [       ome.security.basic.CurrentDetails] (.Server-10) Adding log:INSERT,class ome.model.core.LogicalChannel,2306
2024-10-11 09:25:32,072 INFO  [       ome.security.basic.CurrentDetails] (.Server-10) Adding log:INSERT,class ome.model.core.Channel,2306
2024-10-11 09:25:32,072 INFO  [       ome.security.basic.CurrentDetails] (.Server-10) Adding log:INSERT,class ome.model.core.LogicalChannel,2307
2024-10-11 09:25:32,073 INFO  [       ome.security.basic.CurrentDetails] (.Server-10) Adding log:INSERT,class ome.model.core.Channel,2307
2024-10-11 09:25:32,073 INFO  [       ome.security.basic.CurrentDetails] (.Server-10) Adding log:INSERT,class ome.model.core.LogicalChannel,2308
2024-10-11 09:25:32,073 INFO  [       ome.security.basic.CurrentDetails] (.Server-10) Adding log:INSERT,class ome.model.core.Channel,2308
2024-10-11 09:25:32,074 INFO  [       ome.security.basic.CurrentDetails] (.Server-10) Adding log:INSERT,class ome.model.core.LogicalChannel,2309
2024-10-11 09:25:32,074 INFO  [       ome.security.basic.CurrentDetails] (.Server-10) Adding log:INSERT,class ome.model.core.Channel,2309
2024-10-11 09:25:32,074 INFO  [       ome.security.basic.CurrentDetails] (.Server-10) Adding log:INSERT,class ome.model.core.LogicalChannel,2310
2024-10-11 09:25:32,074 INFO  [       ome.security.basic.CurrentDetails] (.Server-10) Adding log:INSERT,class ome.model.core.Channel,2310
2024-10-11 09:25:32,087 INFO  [                 org.perf4j.TimingLogger] (.Server-10) start[1728638732041] time[46] tag[omero.saveImportGraph]
2024-10-11 09:25:32,103 INFO  [                 org.perf4j.TimingLogger] (.Server-10) start[1728638732034] time[68] tag[omero.call.success.ome.services.blitz.impl.MetadataStoreI$3.doWork]
2024-10-11 09:25:32,106 INFO  [                 org.perf4j.TimingLogger] (2-thread-1) start[1728638732026] time[80] tag[omero.import.request.metadata]
2024-10-11 09:25:32,107 INFO  [    ome.security.basic.BasicEventContext] (.Server-11)  cctx:	group=0
2024-10-11 09:25:32,108 INFO  [         ome.security.basic.EventHandler] (.Server-11)  Auth:	user=0,group=0,event=null(User),sess=83be404c-1957-46d4-a36b-f9feca68dcf3
2024-10-11 09:25:32,109 INFO  [                 org.perf4j.TimingLogger] (.Server-11) start[1728638732107] time[2] tag[omero.call.success.ome.logic.QueryImpl.get]
2024-10-11 09:25:32,111 INFO  [    ome.security.basic.BasicEventContext] (.Server-13)  cctx:	group=0
2024-10-11 09:25:32,116 INFO  [         ome.security.basic.EventHandler] (.Server-13)  Auth:	user=0,group=0,event=28848(User),sess=83be404c-1957-46d4-a36b-f9feca68dcf3
2024-10-11 09:25:32,118 INFO  [       ome.security.basic.CurrentDetails] (.Server-13) Adding log:UPDATE,class ome.model.core.OriginalFile,3157
2024-10-11 09:25:32,123 INFO  [                 org.perf4j.TimingLogger] (.Server-13) start[1728638732110] time[12] tag[omero.call.success.ome.logic.UpdateImpl.saveObject]
2024-10-11 09:25:32,123 INFO  [                 org.perf4j.TimingLogger] (2-thread-1) start[1728638732026] time[97] tag[omero.import.request.step]
2024-10-11 09:25:32,123 DEBUG [    o.s.blitz.repo.ManagedImportRequestI] (2-thread-1) Step 1
2024-10-11 09:25:32,124 DEBUG [    o.s.blitz.repo.ManagedImportRequestI] (2-thread-1) Plane:0 X:0 Y:0 TileWidth:2048 TileHeight:2048 arrayBuf.length:8388608
2024-10-11 09:25:32,199 DEBUG [    o.s.blitz.repo.ManagedImportRequestI] (2-thread-1) Plane:1 X:0 Y:0 TileWidth:2048 TileHeight:2048 arrayBuf.length:8388608
2024-10-11 09:25:32,292 DEBUG [    o.s.blitz.repo.ManagedImportRequestI] (2-thread-1) Plane:2 X:0 Y:0 TileWidth:2048 TileHeight:2048 arrayBuf.length:8388608
2024-10-11 09:25:32,352 DEBUG [    o.s.blitz.repo.ManagedImportRequestI] (2-thread-1) Plane:3 X:0 Y:0 TileWidth:2048 TileHeight:2048 arrayBuf.length:8388608
2024-10-11 09:25:32,429 DEBUG [    o.s.blitz.repo.ManagedImportRequestI] (2-thread-1) Plane:4 X:0 Y:0 TileWidth:2048 TileHeight:2048 arrayBuf.length:8388608
2024-10-11 09:25:32,492 DEBUG [    o.s.blitz.repo.ManagedImportRequestI] (2-thread-1) Plane:5 X:0 Y:0 TileWidth:2048 TileHeight:2048 arrayBuf.length:8388608
2024-10-11 09:25:32,568 DEBUG [    o.s.blitz.repo.ManagedImportRequestI] (2-thread-1) Plane:6 X:0 Y:0 TileWidth:2048 TileHeight:2048 arrayBuf.length:8388608
2024-10-11 09:25:32,624 DEBUG [    o.s.blitz.repo.ManagedImportRequestI] (2-thread-1) Plane:7 X:0 Y:0 TileWidth:2048 TileHeight:2048 arrayBuf.length:8388608
2024-10-11 09:25:32,687 DEBUG [    o.s.blitz.repo.ManagedImportRequestI] (2-thread-1) Plane:8 X:0 Y:0 TileWidth:2048 TileHeight:2048 arrayBuf.length:8388608
2024-10-11 09:25:32,748 DEBUG [    o.s.blitz.repo.ManagedImportRequestI] (2-thread-1) Plane:9 X:0 Y:0 TileWidth:2048 TileHeight:2048 arrayBuf.length:8388608
2024-10-11 09:25:32,824 DEBUG [    o.s.blitz.repo.ManagedImportRequestI] (2-thread-1) Plane:10 X:0 Y:0 TileWidth:2048 TileHeight:2048 arrayBuf.length:8388608
2024-10-11 09:25:32,875 DEBUG [    o.s.blitz.repo.ManagedImportRequestI] (2-thread-1) Plane:11 X:0 Y:0 TileWidth:2048 TileHeight:2048 arrayBuf.length:8388608
2024-10-11 09:25:32,938 DEBUG [    o.s.blitz.repo.ManagedImportRequestI] (2-thread-1) Plane:12 X:0 Y:0 TileWidth:2048 TileHeight:2048 arrayBuf.length:8388608
2024-10-11 09:25:33,023 DEBUG [    o.s.blitz.repo.ManagedImportRequestI] (2-thread-1) Plane:13 X:0 Y:0 TileWidth:2048 TileHeight:2048 arrayBuf.length:8388608
2024-10-11 09:25:33,080 DEBUG [    o.s.blitz.repo.ManagedImportRequestI] (2-thread-1) Plane:14 X:0 Y:0 TileWidth:2048 TileHeight:2048 arrayBuf.length:8388608
2024-10-11 09:25:33,157 DEBUG [    o.s.blitz.repo.ManagedImportRequestI] (2-thread-1) Plane:15 X:0 Y:0 TileWidth:2048 TileHeight:2048 arrayBuf.length:8388608
2024-10-11 09:25:33,227 DEBUG [    o.s.blitz.repo.ManagedImportRequestI] (2-thread-1) Plane:16 X:0 Y:0 TileWidth:2048 TileHeight:2048 arrayBuf.length:8388608
2024-10-11 09:25:33,289 DEBUG [    o.s.blitz.repo.ManagedImportRequestI] (2-thread-1) Plane:17 X:0 Y:0 TileWidth:2048 TileHeight:2048 arrayBuf.length:8388608
2024-10-11 09:25:33,348 DEBUG [    o.s.blitz.repo.ManagedImportRequestI] (2-thread-1) Plane:18 X:0 Y:0 TileWidth:2048 TileHeight:2048 arrayBuf.length:8388608
2024-10-11 09:25:33,407 DEBUG [    o.s.blitz.repo.ManagedImportRequestI] (2-thread-1) Plane:19 X:0 Y:0 TileWidth:2048 TileHeight:2048 arrayBuf.length:8388608
2024-10-11 09:25:33,473 DEBUG [    o.s.blitz.repo.ManagedImportRequestI] (2-thread-1) Plane:20 X:0 Y:0 TileWidth:2048 TileHeight:2048 arrayBuf.length:8388608
2024-10-11 09:25:33,545 DEBUG [    o.s.blitz.repo.ManagedImportRequestI] (2-thread-1) Plane:21 X:0 Y:0 TileWidth:2048 TileHeight:2048 arrayBuf.length:8388608
2024-10-11 09:25:33,625 DEBUG [    o.s.blitz.repo.ManagedImportRequestI] (2-thread-1) Plane:22 X:0 Y:0 TileWidth:2048 TileHeight:2048 arrayBuf.length:8388608
2024-10-11 09:25:33,680 DEBUG [    o.s.blitz.repo.ManagedImportRequestI] (2-thread-1) Plane:23 X:0 Y:0 TileWidth:2048 TileHeight:2048 arrayBuf.length:8388608
2024-10-11 09:25:33,749 DEBUG [    o.s.blitz.repo.ManagedImportRequestI] (2-thread-1) Plane:24 X:0 Y:0 TileWidth:2048 TileHeight:2048 arrayBuf.length:8388608
2024-10-11 09:25:33,816 DEBUG [    o.s.blitz.repo.ManagedImportRequestI] (2-thread-1) Plane:25 X:0 Y:0 TileWidth:2048 TileHeight:2048 arrayBuf.length:8388608
2024-10-11 09:25:33,879 DEBUG [    o.s.blitz.repo.ManagedImportRequestI] (2-thread-1) Plane:26 X:0 Y:0 TileWidth:2048 TileHeight:2048 arrayBuf.length:8388608
2024-10-11 09:25:33,946 DEBUG [    o.s.blitz.repo.ManagedImportRequestI] (2-thread-1) Plane:27 X:0 Y:0 TileWidth:2048 TileHeight:2048 arrayBuf.length:8388608
2024-10-11 09:25:34,031 DEBUG [    o.s.blitz.repo.ManagedImportRequestI] (2-thread-1) Plane:28 X:0 Y:0 TileWidth:2048 TileHeight:2048 arrayBuf.length:8388608
2024-10-11 09:25:34,096 DEBUG [    o.s.blitz.repo.ManagedImportRequestI] (2-thread-1) Plane:29 X:0 Y:0 TileWidth:2048 TileHeight:2048 arrayBuf.length:8388608
2024-10-11 09:25:34,154 DEBUG [    o.s.blitz.repo.ManagedImportRequestI] (2-thread-1) Plane:30 X:0 Y:0 TileWidth:2048 TileHeight:2048 arrayBuf.length:8388608
2024-10-11 09:25:34,219 DEBUG [    o.s.blitz.repo.ManagedImportRequestI] (2-thread-1) Plane:31 X:0 Y:0 TileWidth:2048 TileHeight:2048 arrayBuf.length:8388608
2024-10-11 09:25:34,300 DEBUG [    o.s.blitz.repo.ManagedImportRequestI] (2-thread-1) Plane:32 X:0 Y:0 TileWidth:2048 TileHeight:2048 arrayBuf.length:8388608
2024-10-11 09:25:34,365 DEBUG [    o.s.blitz.repo.ManagedImportRequestI] (2-thread-1) Plane:33 X:0 Y:0 TileWidth:2048 TileHeight:2048 arrayBuf.length:8388608
2024-10-11 09:25:34,438 DEBUG [    o.s.blitz.repo.ManagedImportRequestI] (2-thread-1) Plane:34 X:0 Y:0 TileWidth:2048 TileHeight:2048 arrayBuf.length:8388608
2024-10-11 09:25:34,512 DEBUG [    o.s.blitz.repo.ManagedImportRequestI] (2-thread-1) Plane:35 X:0 Y:0 TileWidth:2048 TileHeight:2048 arrayBuf.length:8388608
2024-10-11 09:25:34,576 DEBUG [    o.s.blitz.repo.ManagedImportRequestI] (2-thread-1) Plane:36 X:0 Y:0 TileWidth:2048 TileHeight:2048 arrayBuf.length:8388608
2024-10-11 09:25:34,632 DEBUG [    o.s.blitz.repo.ManagedImportRequestI] (2-thread-1) Plane:37 X:0 Y:0 TileWidth:2048 TileHeight:2048 arrayBuf.length:8388608
2024-10-11 09:25:34,686 DEBUG [    o.s.blitz.repo.ManagedImportRequestI] (2-thread-1) Plane:38 X:0 Y:0 TileWidth:2048 TileHeight:2048 arrayBuf.length:8388608
2024-10-11 09:25:34,744 DEBUG [    o.s.blitz.repo.ManagedImportRequestI] (2-thread-1) Plane:39 X:0 Y:0 TileWidth:2048 TileHeight:2048 arrayBuf.length:8388608
2024-10-11 09:25:34,819 DEBUG [    o.s.blitz.repo.ManagedImportRequestI] (2-thread-1) Plane:40 X:0 Y:0 TileWidth:2048 TileHeight:2048 arrayBuf.length:8388608
2024-10-11 09:25:34,871 DEBUG [    o.s.blitz.repo.ManagedImportRequestI] (2-thread-1) Plane:41 X:0 Y:0 TileWidth:2048 TileHeight:2048 arrayBuf.length:8388608
2024-10-11 09:25:34,924 DEBUG [    o.s.blitz.repo.ManagedImportRequestI] (2-thread-1) Plane:42 X:0 Y:0 TileWidth:2048 TileHeight:2048 arrayBuf.length:8388608
2024-10-11 09:25:34,978 DEBUG [    o.s.blitz.repo.ManagedImportRequestI] (2-thread-1) Plane:43 X:0 Y:0 TileWidth:2048 TileHeight:2048 arrayBuf.length:8388608
2024-10-11 09:25:35,039 INFO  [    ome.security.basic.BasicEventContext] (l.Server-4)  cctx:	group=0
2024-10-11 09:25:35,043 INFO  [         ome.security.basic.EventHandler] (l.Server-4)  Auth:	user=0,group=0,event=28882(User),sess=83be404c-1957-46d4-a36b-f9feca68dcf3
2024-10-11 09:25:35,050 INFO  [                 org.perf4j.TimingLogger] (l.Server-4) start[1728638735037] time[12] tag[omero.call.success.ome.services.blitz.impl.MetadataStoreI$7.doWork]
2024-10-11 09:25:35,055 INFO  [    ome.security.basic.BasicEventContext] (.Server-13)  cctx:	group=0
2024-10-11 09:25:35,064 INFO  [         ome.security.basic.EventHandler] (.Server-13)  Auth:	user=0,group=0,event=28883(User),sess=83be404c-1957-46d4-a36b-f9feca68dcf3
2024-10-11 09:25:35,220 INFO  [       ome.security.basic.CurrentDetails] (.Server-13) Adding log:UPDATE,class ome.model.core.Pixels,240
2024-10-11 09:25:35,230 INFO  [                 org.perf4j.TimingLogger] (.Server-13) start[1728638735052] time[178] tag[omero.call.success.ome.logic.UpdateImpl.saveArray]
2024-10-11 09:25:35,231 INFO  [    ome.security.basic.BasicEventContext] (.Server-15)  cctx:	group=0
2024-10-11 09:25:35,235 INFO  [         ome.security.basic.EventHandler] (.Server-15)  Auth:	user=0,group=0,event=28884(User),sess=83be404c-1957-46d4-a36b-f9feca68dcf3
2024-10-11 09:25:35,264 INFO  [                 org.perf4j.TimingLogger] (.Server-15) start[1728638735231] time[33] tag[omero.call.success.ome.services.blitz.impl.MetadataStoreI$2.doWork]
2024-10-11 09:25:35,264 INFO  [                 org.perf4j.TimingLogger] (2-thread-1) start[1728638732123] time[3141] tag[omero.import.request.pixels]
2024-10-11 09:25:35,266 INFO  [    ome.security.basic.BasicEventContext] (.Server-11)  cctx:	group=0
2024-10-11 09:25:35,268 INFO  [         ome.security.basic.EventHandler] (.Server-11)  Auth:	user=0,group=0,event=null(User),sess=83be404c-1957-46d4-a36b-f9feca68dcf3
2024-10-11 09:25:35,269 INFO  [                 org.perf4j.TimingLogger] (.Server-11) start[1728638735265] time[3] tag[omero.call.success.ome.logic.QueryImpl.get]
2024-10-11 09:25:35,271 INFO  [    ome.security.basic.BasicEventContext] (.Server-12)  cctx:	group=0
2024-10-11 09:25:35,277 INFO  [         ome.security.basic.EventHandler] (.Server-12)  Auth:	user=0,group=0,event=28885(User),sess=83be404c-1957-46d4-a36b-f9feca68dcf3
2024-10-11 09:25:35,280 INFO  [       ome.security.basic.CurrentDetails] (.Server-12) Adding log:UPDATE,class ome.model.core.OriginalFile,3157
2024-10-11 09:25:35,286 INFO  [                 org.perf4j.TimingLogger] (.Server-12) start[1728638735270] time[16] tag[omero.call.success.ome.logic.UpdateImpl.saveObject]
2024-10-11 09:25:35,287 INFO  [                 org.perf4j.TimingLogger] (2-thread-1) start[1728638732123] time[3163] tag[omero.import.request.step]
2024-10-11 09:25:35,287 DEBUG [    o.s.blitz.repo.ManagedImportRequestI] (2-thread-1) Step 2
2024-10-11 09:25:35,291 INFO  [    ome.security.basic.BasicEventContext] (l.Server-9)  cctx:	group=0
2024-10-11 09:25:35,294 INFO  [         ome.security.basic.EventHandler] (l.Server-9)  Auth:	user=0,group=0,event=28886(User),sess=83be404c-1957-46d4-a36b-f9feca68dcf3
2024-10-11 09:25:35,300 INFO  [                 org.perf4j.TimingLogger] (l.Server-9) start[1728638735295] time[5] tag[omero.loadPixels]
2024-10-11 09:25:35,309 INFO  [                 org.perf4j.TimingLogger] (l.Server-9) start[1728638735304] time[4] tag[omero.loadRenderingSettingsByUser]
2024-10-11 09:25:35,325 DEBUG [                   loci.formats.Memoizer] (l.Server-9) start[1728638735313] time[11] tag[loci.formats.Memoizer.loadMemo]
2024-10-11 09:25:35,342 INFO  [                loci.formats.ImageReader] (l.Server-9) IonpathMIBITiffReader initializing /OMERO/ManagedRepository/root_0/2024-10/11/09-25-31.283/TA459_multipleCores2_Run-4_Point6.tiff
2024-10-11 09:25:35,342 INFO  [       loci.formats.in.MinimalTiffReader] (l.Server-9) Reading IFDs
2024-10-11 09:25:35,343 INFO  [       loci.formats.in.MinimalTiffReader] (l.Server-9) Populating metadata
2024-10-11 09:25:35,344 INFO  [          loci.formats.in.BaseTiffReader] (l.Server-9) Populating OME metadata
2024-10-11 09:25:35,350 DEBUG [                   loci.formats.Memoizer] (l.Server-9) saved to temp file: /OMERO/BioFormatsCache/OMERO/ManagedRepository/root_0/2024-10/11/09-25-31.283/.TA459_multipleCores2_Run-4_Point6.tiff.bfmemo6399044900313774494
2024-10-11 09:25:35,350 DEBUG [                   loci.formats.Memoizer] (l.Server-9) start[1728638735348] time[1] tag[loci.formats.Memoizer.saveMemo]
2024-10-11 09:25:35,350 DEBUG [                   loci.formats.Memoizer] (l.Server-9) saved memo file: /OMERO/BioFormatsCache/OMERO/ManagedRepository/root_0/2024-10/11/09-25-31.283/.TA459_multipleCores2_Run-4_Point6.tiff.bfmemo (50716 bytes)
2024-10-11 09:25:35,350 DEBUG [                   loci.formats.Memoizer] (l.Server-9) start[1728638735313] time[36] tag[loci.formats.Memoizer.setId]
2024-10-11 09:25:35,365 INFO  [       ome.security.basic.CurrentDetails] (l.Server-9) Adding log:INSERT,class ome.model.display.QuantumDef,240
2024-10-11 09:25:35,366 INFO  [       ome.security.basic.CurrentDetails] (l.Server-9) Adding log:INSERT,class ome.model.display.RenderingDef,240
2024-10-11 09:25:35,366 INFO  [       ome.security.basic.CurrentDetails] (l.Server-9) Adding log:INSERT,class ome.model.display.ChannelBinding,2267
2024-10-11 09:25:35,367 INFO  [       ome.security.basic.CurrentDetails] (l.Server-9) Adding log:INSERT,class ome.model.display.ChannelBinding,2268
2024-10-11 09:25:35,367 INFO  [       ome.security.basic.CurrentDetails] (l.Server-9) Adding log:INSERT,class ome.model.display.ChannelBinding,2269
2024-10-11 09:25:35,367 INFO  [       ome.security.basic.CurrentDetails] (l.Server-9) Adding log:INSERT,class ome.model.display.ChannelBinding,2270
2024-10-11 09:25:35,367 INFO  [       ome.security.basic.CurrentDetails] (l.Server-9) Adding log:INSERT,class ome.model.display.ChannelBinding,2271
2024-10-11 09:25:35,367 INFO  [       ome.security.basic.CurrentDetails] (l.Server-9) Adding log:INSERT,class ome.model.display.ChannelBinding,2272
2024-10-11 09:25:35,368 INFO  [       ome.security.basic.CurrentDetails] (l.Server-9) Adding log:INSERT,class ome.model.display.ChannelBinding,2273
2024-10-11 09:25:35,368 INFO  [       ome.security.basic.CurrentDetails] (l.Server-9) Adding log:INSERT,class ome.model.display.ChannelBinding,2274
2024-10-11 09:25:35,368 INFO  [       ome.security.basic.CurrentDetails] (l.Server-9) Adding log:INSERT,class ome.model.display.ChannelBinding,2275
2024-10-11 09:25:35,368 INFO  [       ome.security.basic.CurrentDetails] (l.Server-9) Adding log:INSERT,class ome.model.display.ChannelBinding,2276
2024-10-11 09:25:35,368 INFO  [       ome.security.basic.CurrentDetails] (l.Server-9) Adding log:INSERT,class ome.model.display.ChannelBinding,2277
2024-10-11 09:25:35,368 INFO  [       ome.security.basic.CurrentDetails] (l.Server-9) Adding log:INSERT,class ome.model.display.ChannelBinding,2278
2024-10-11 09:25:35,369 INFO  [       ome.security.basic.CurrentDetails] (l.Server-9) Adding log:INSERT,class ome.model.display.ChannelBinding,2279
2024-10-11 09:25:35,369 INFO  [       ome.security.basic.CurrentDetails] (l.Server-9) Adding log:INSERT,class ome.model.display.ChannelBinding,2280
2024-10-11 09:25:35,369 INFO  [       ome.security.basic.CurrentDetails] (l.Server-9) Adding log:INSERT,class ome.model.display.ChannelBinding,2281
2024-10-11 09:25:35,369 INFO  [       ome.security.basic.CurrentDetails] (l.Server-9) Adding log:INSERT,class ome.model.display.ChannelBinding,2282
2024-10-11 09:25:35,370 INFO  [       ome.security.basic.CurrentDetails] (l.Server-9) Adding log:INSERT,class ome.model.display.ChannelBinding,2283
2024-10-11 09:25:35,370 INFO  [       ome.security.basic.CurrentDetails] (l.Server-9) Adding log:INSERT,class ome.model.display.ChannelBinding,2284
2024-10-11 09:25:35,370 INFO  [       ome.security.basic.CurrentDetails] (l.Server-9) Adding log:INSERT,class ome.model.display.ChannelBinding,2285
2024-10-11 09:25:35,370 INFO  [       ome.security.basic.CurrentDetails] (l.Server-9) Adding log:INSERT,class ome.model.display.ChannelBinding,2286
2024-10-11 09:25:35,370 INFO  [       ome.security.basic.CurrentDetails] (l.Server-9) Adding log:INSERT,class ome.model.display.ChannelBinding,2287
2024-10-11 09:25:35,370 INFO  [       ome.security.basic.CurrentDetails] (l.Server-9) Adding log:INSERT,class ome.model.display.ChannelBinding,2288
2024-10-11 09:25:35,371 INFO  [       ome.security.basic.CurrentDetails] (l.Server-9) Adding log:INSERT,class ome.model.display.ChannelBinding,2289
2024-10-11 09:25:35,371 INFO  [       ome.security.basic.CurrentDetails] (l.Server-9) Adding log:INSERT,class ome.model.display.ChannelBinding,2290
2024-10-11 09:25:35,371 INFO  [       ome.security.basic.CurrentDetails] (l.Server-9) Adding log:INSERT,class ome.model.display.ChannelBinding,2291
2024-10-11 09:25:35,371 INFO  [       ome.security.basic.CurrentDetails] (l.Server-9) Adding log:INSERT,class ome.model.display.ChannelBinding,2292
2024-10-11 09:25:35,372 INFO  [       ome.security.basic.CurrentDetails] (l.Server-9) Adding log:INSERT,class ome.model.display.ChannelBinding,2293
2024-10-11 09:25:35,372 INFO  [       ome.security.basic.CurrentDetails] (l.Server-9) Adding log:INSERT,class ome.model.display.ChannelBinding,2294
2024-10-11 09:25:35,372 INFO  [       ome.security.basic.CurrentDetails] (l.Server-9) Adding log:INSERT,class ome.model.display.ChannelBinding,2295
2024-10-11 09:25:35,372 INFO  [       ome.security.basic.CurrentDetails] (l.Server-9) Adding log:INSERT,class ome.model.display.ChannelBinding,2296
2024-10-11 09:25:35,373 INFO  [       ome.security.basic.CurrentDetails] (l.Server-9) Adding log:INSERT,class ome.model.display.ChannelBinding,2297
2024-10-11 09:25:35,373 INFO  [       ome.security.basic.CurrentDetails] (l.Server-9) Adding log:INSERT,class ome.model.display.ChannelBinding,2298
2024-10-11 09:25:35,373 INFO  [       ome.security.basic.CurrentDetails] (l.Server-9) Adding log:INSERT,class ome.model.display.ChannelBinding,2299
2024-10-11 09:25:35,373 INFO  [       ome.security.basic.CurrentDetails] (l.Server-9) Adding log:INSERT,class ome.model.display.ChannelBinding,2300
2024-10-11 09:25:35,374 INFO  [       ome.security.basic.CurrentDetails] (l.Server-9) Adding log:INSERT,class ome.model.display.ChannelBinding,2301
2024-10-11 09:25:35,374 INFO  [       ome.security.basic.CurrentDetails] (l.Server-9) Adding log:INSERT,class ome.model.display.ChannelBinding,2302
2024-10-11 09:25:35,374 INFO  [       ome.security.basic.CurrentDetails] (l.Server-9) Adding log:INSERT,class ome.model.display.ChannelBinding,2303
2024-10-11 09:25:35,374 INFO  [       ome.security.basic.CurrentDetails] (l.Server-9) Adding log:INSERT,class ome.model.display.ChannelBinding,2304
2024-10-11 09:25:35,374 INFO  [       ome.security.basic.CurrentDetails] (l.Server-9) Adding log:INSERT,class ome.model.display.ChannelBinding,2305
2024-10-11 09:25:35,374 INFO  [       ome.security.basic.CurrentDetails] (l.Server-9) Adding log:INSERT,class ome.model.display.ChannelBinding,2306
2024-10-11 09:25:35,375 INFO  [       ome.security.basic.CurrentDetails] (l.Server-9) Adding log:INSERT,class ome.model.display.ChannelBinding,2307
2024-10-11 09:25:35,375 INFO  [       ome.security.basic.CurrentDetails] (l.Server-9) Adding log:INSERT,class ome.model.display.ChannelBinding,2308
2024-10-11 09:25:35,375 INFO  [       ome.security.basic.CurrentDetails] (l.Server-9) Adding log:INSERT,class ome.model.display.ChannelBinding,2309
2024-10-11 09:25:35,375 INFO  [       ome.security.basic.CurrentDetails] (l.Server-9) Adding log:INSERT,class ome.model.display.ChannelBinding,2310
2024-10-11 09:25:35,383 INFO  [                 org.perf4j.TimingLogger] (l.Server-9) start[1728638735359] time[24] tag[omero.resetDefaultsInSet.saveAndReturn]
2024-10-11 09:25:35,384 INFO  [                 org.perf4j.TimingLogger] (l.Server-9) start[1728638735295] time[89] tag[omero.resetDefaultsInSet]
2024-10-11 09:25:35,393 INFO  [                 org.perf4j.TimingLogger] (l.Server-9) start[1728638735288] time[104] tag[omero.call.success.ome.logic.RenderingSettingsImpl.resetDefaultsInSet]
2024-10-11 09:25:35,395 INFO  [    ome.security.basic.BasicEventContext] (.Server-14)  cctx:	group=0
2024-10-11 09:25:35,401 INFO  [         ome.security.basic.EventHandler] (.Server-14)  Auth:	user=0,group=0,event=28887(User),sess=83be404c-1957-46d4-a36b-f9feca68dcf3
2024-10-11 09:25:35,404 INFO  [                 org.perf4j.TimingLogger] (.Server-14) start[1728638735401] time[3] tag[omero.bulkLoadRenderingSettings]
2024-10-11 09:25:35,404 INFO  [                 org.perf4j.TimingLogger] (.Server-14) start[1728638735404] time[0] tag[omero.createAndPrepareMissingRenderingSettings]
2024-10-11 09:25:35,407 INFO  [                 org.perf4j.TimingLogger] (.Server-14) start[1728638735404] time[2] tag[omero.bulkLoadMetadata]
2024-10-11 09:25:35,407 INFO  [                 org.perf4j.TimingLogger] (.Server-14) start[1728638735404] time[3] tag[omero.loadMetadataByDimensionPool]
2024-10-11 09:25:35,410 INFO  [       ome.security.basic.CurrentDetails] (.Server-14) Adding log:INSERT,class ome.model.display.Thumbnail,240
2024-10-11 09:25:35,411 INFO  [                 org.perf4j.TimingLogger] (.Server-14) start[1728638735410] time[0] tag[omero.bulkLoadMetadata]
2024-10-11 09:25:35,411 INFO  [                 org.perf4j.TimingLogger] (.Server-14) start[1728638735410] time[0] tag[omero.loadMetadataByDimensionPool]
2024-10-11 09:25:35,411 INFO  [                 org.perf4j.TimingLogger] (.Server-14) start[1728638735408] time[3] tag[omero.createMissingThumbnailMetadata]
2024-10-11 09:25:35,412 INFO  [    ome.security.basic.BasicEventContext] (.Server-14)  cctx:	group=0
2024-10-11 09:25:35,418 INFO  [         ome.security.basic.EventHandler] (.Server-14)  Auth:	user=0,group=0,event=28888(User),sess=83be404c-1957-46d4-a36b-f9feca68dcf3
2024-10-11 09:25:35,419 INFO  [                 org.perf4j.TimingLogger] (.Server-14) start[1728638735419] time[0] tag[omero._createThumbnail(thumbMetaData)]
2024-10-11 09:25:35,445 DEBUG [                   loci.formats.Memoizer] (.Server-14) loaded memo file: /OMERO/BioFormatsCache/OMERO/ManagedRepository/root_0/2024-10/11/09-25-31.283/.TA459_multipleCores2_Run-4_Point6.tiff.bfmemo (50716 bytes)
2024-10-11 09:25:35,445 DEBUG [                   loci.formats.Memoizer] (.Server-14) start[1728638735433] time[12] tag[loci.formats.Memoizer.loadMemo]
2024-10-11 09:25:35,446 DEBUG [                   loci.formats.Memoizer] (.Server-14) start[1728638735433] time[12] tag[loci.formats.Memoizer.setId]
2024-10-11 09:25:35,492 INFO  [       ome.logic.JavaImageScalingService] (.Server-14) Scaling to: 96x96
2024-10-11 09:25:35,511 INFO  [                 org.perf4j.TimingLogger] (.Server-14) start[1728638735492] time[19] tag[java-image-scaling.resampleOp]
2024-10-11 09:25:35,512 INFO  [                 org.perf4j.TimingLogger] (.Server-14) start[1728638735419] time[93] tag[omero._createThumbnail]
2024-10-11 09:25:35,518 INFO  [                 org.perf4j.TimingLogger] (.Server-14) start[1728638735394] time[124] tag[omero.call.success.ome.services.ThumbnailBean.createThumbnailsByLongestSideSet]
2024-10-11 09:25:35,519 INFO  [                 org.perf4j.TimingLogger] (2-thread-1) start[1728638735287] time[231] tag[omero.import.request.thumbs]
2024-10-11 09:25:35,520 INFO  [    ome.security.basic.BasicEventContext] (.Server-10)  cctx:	group=0
2024-10-11 09:25:35,521 INFO  [         ome.security.basic.EventHandler] (.Server-10)  Auth:	user=0,group=0,event=null(User),sess=83be404c-1957-46d4-a36b-f9feca68dcf3
2024-10-11 09:25:35,521 INFO  [                 org.perf4j.TimingLogger] (.Server-10) start[1728638735519] time[2] tag[omero.call.success.ome.logic.QueryImpl.get]
2024-10-11 09:25:35,523 INFO  [    ome.security.basic.BasicEventContext] (l.Server-4)  cctx:	group=0
2024-10-11 09:25:35,527 INFO  [         ome.security.basic.EventHandler] (l.Server-4)  Auth:	user=0,group=0,event=28889(User),sess=83be404c-1957-46d4-a36b-f9feca68dcf3
2024-10-11 09:25:35,528 INFO  [       ome.security.basic.CurrentDetails] (l.Server-4) Adding log:UPDATE,class ome.model.core.OriginalFile,3157
2024-10-11 09:25:35,533 INFO  [                 org.perf4j.TimingLogger] (l.Server-4) start[1728638735522] time[11] tag[omero.call.success.ome.logic.UpdateImpl.saveObject]
2024-10-11 09:25:35,533 INFO  [                 org.perf4j.TimingLogger] (2-thread-1) start[1728638735287] time[246] tag[omero.import.request.step]
2024-10-11 09:25:35,534 DEBUG [    o.s.blitz.repo.ManagedImportRequestI] (2-thread-1) Step 3
2024-10-11 09:25:35,535 INFO  [    ome.security.basic.BasicEventContext] (.Server-13)  cctx:	group=0
2024-10-11 09:25:35,536 INFO  [         ome.security.basic.EventHandler] (.Server-13)  Auth:	user=0,group=0,event=null(User),sess=83be404c-1957-46d4-a36b-f9feca68dcf3
2024-10-11 09:25:35,536 INFO  [                 org.perf4j.TimingLogger] (.Server-13) start[1728638735534] time[2] tag[omero.call.success.ome.services.blitz.impl.MetadataStoreI$6.doWork]
2024-10-11 09:25:35,538 INFO  [    ome.security.basic.BasicEventContext] (.Server-15)  cctx:	group=0
2024-10-11 09:25:35,539 INFO  [         ome.security.basic.EventHandler] (.Server-15)  Auth:	user=0,group=0,event=null(User),sess=83be404c-1957-46d4-a36b-f9feca68dcf3
2024-10-11 09:25:35,540 INFO  [                 org.perf4j.TimingLogger] (.Server-15) start[1728638735537] time[3] tag[omero.call.success.ome.logic.QueryImpl.get]
2024-10-11 09:25:35,541 INFO  [    ome.security.basic.BasicEventContext] (.Server-11)  cctx:	group=0
2024-10-11 09:25:35,545 INFO  [         ome.security.basic.EventHandler] (.Server-11)  Auth:	user=0,group=0,event=28890(User),sess=83be404c-1957-46d4-a36b-f9feca68dcf3
2024-10-11 09:25:35,547 INFO  [       ome.security.basic.CurrentDetails] (.Server-11) Adding log:UPDATE,class ome.model.core.OriginalFile,3157
2024-10-11 09:25:35,558 INFO  [                 org.perf4j.TimingLogger] (.Server-11) start[1728638735541] time[17] tag[omero.call.success.ome.logic.UpdateImpl.saveObject]
2024-10-11 09:25:35,558 INFO  [                 org.perf4j.TimingLogger] (2-thread-1) start[1728638735534] time[24] tag[omero.import.request.step]
2024-10-11 09:25:35,558 DEBUG [    o.s.blitz.repo.ManagedImportRequestI] (2-thread-1) Step 4
2024-10-11 09:25:35,559 INFO  [    ome.security.basic.BasicEventContext] (.Server-12)  cctx:	group=0
2024-10-11 09:25:35,560 INFO  [         ome.security.basic.EventHandler] (.Server-12)  Auth:	user=0,group=0,event=null(User),sess=83be404c-1957-46d4-a36b-f9feca68dcf3
2024-10-11 09:25:35,562 INFO  [                 org.perf4j.TimingLogger] (.Server-12) start[1728638735559] time[2] tag[omero.call.success.ome.logic.QueryImpl.get]
2024-10-11 09:25:35,563 INFO  [    ome.security.basic.BasicEventContext] (l.Server-9)  cctx:	group=0
2024-10-11 09:25:35,567 INFO  [         ome.security.basic.EventHandler] (l.Server-9)  Auth:	user=0,group=0,event=28891(User),sess=83be404c-1957-46d4-a36b-f9feca68dcf3
2024-10-11 09:25:35,570 INFO  [       ome.security.basic.CurrentDetails] (l.Server-9) Adding log:UPDATE,class ome.model.core.OriginalFile,3157
2024-10-11 09:25:35,575 INFO  [                 org.perf4j.TimingLogger] (l.Server-9) start[1728638735563] time[12] tag[omero.call.success.ome.logic.UpdateImpl.saveObject]
2024-10-11 09:25:35,575 INFO  [                 org.perf4j.TimingLogger] (2-thread-1) start[1728638735558] time[16] tag[omero.import.request.step]
2024-10-11 09:25:35,582 INFO  [    ome.security.basic.BasicEventContext] (.Server-14)  cctx:	group=0
2024-10-11 09:25:35,586 INFO  [         ome.security.basic.EventHandler] (.Server-14)  Auth:	user=0,group=0,event=28892(User),sess=83be404c-1957-46d4-a36b-f9feca68dcf3
2024-10-11 09:25:35,590 INFO  [                 org.perf4j.TimingLogger] (.Server-14) start[1728638735580] time[10] tag[omero.call.success.ome.services.RawFileBean.close]
2024-10-11 09:25:35,590 DEBUG [                omero.util.ServantHolder] (.Server-14) Removed omero.api._RawFileStoreTie@62870fd7 from omero.util.ServantHolder@149b3864 as 7197cdc2-4fe1-46fe-8122-8958a32ac39eomero.api.RawFileStore
2024-10-11 09:25:35,590 INFO  [                      omero.cmd.SessionI] (.Server-14) Unregistered servant:83be404c-1957-46d4-a36b-f9feca68dcf3/7197cdc2-4fe1-46fe-8122-8958a32ac39eomero.api.RawFileStore(omero.api._RawFileStoreTie@62870fd7)
2024-10-11 09:25:35,592 INFO  [    ome.security.basic.BasicEventContext] (.Server-10)  cctx:	group=0
2024-10-11 09:25:35,594 INFO  [         ome.security.basic.EventHandler] (.Server-10)  Auth:	user=0,group=0,event=28893(User),sess=83be404c-1957-46d4-a36b-f9feca68dcf3
2024-10-11 09:25:35,597 INFO  [                 org.perf4j.TimingLogger] (.Server-10) start[1728638735590] time[6] tag[omero.call.success.ome.services.RawPixelsBean.close]
2024-10-11 09:25:35,597 DEBUG [                omero.util.ServantHolder] (.Server-10) Removed omero.api._RawPixelsStoreTie@3a6b2c54 from omero.util.ServantHolder@149b3864 as f01ce22a-1314-401c-b01e-0682a11c88bbomero.api.RawPixelsStore
2024-10-11 09:25:35,597 INFO  [                      omero.cmd.SessionI] (.Server-10) Unregistered servant:83be404c-1957-46d4-a36b-f9feca68dcf3/f01ce22a-1314-401c-b01e-0682a11c88bbomero.api.RawPixelsStore(omero.api._RawPixelsStoreTie@3a6b2c54)
2024-10-11 09:25:35,598 INFO  [    ome.security.basic.BasicEventContext] (l.Server-4)  cctx:	group=0
2024-10-11 09:25:35,600 INFO  [         ome.security.basic.EventHandler] (l.Server-4)  Auth:	user=0,group=0,event=null(User),sess=83be404c-1957-46d4-a36b-f9feca68dcf3
2024-10-11 09:25:35,601 INFO  [                 org.perf4j.TimingLogger] (l.Server-4) start[1728638735598] time[3] tag[omero.call.success.ome.services.ThumbnailBean.close]
2024-10-11 09:25:35,601 DEBUG [                omero.util.ServantHolder] (l.Server-4) Removed omero.api._ThumbnailStoreTie@77f535c0 from omero.util.ServantHolder@149b3864 as 79fd5093-13b6-4bca-a4b4-d039fab6ded5omero.api.ThumbnailStore
2024-10-11 09:25:35,601 INFO  [                      omero.cmd.SessionI] (l.Server-4) Unregistered servant:83be404c-1957-46d4-a36b-f9feca68dcf3/79fd5093-13b6-4bca-a4b4-d039fab6ded5omero.api.ThumbnailStore(omero.api._ThumbnailStoreTie@77f535c0)
2024-10-11 09:25:35,601 DEBUG [                omero.util.ServantHolder] (.Server-13) Removed omero.api._MetadataStoreTie@8df7cffd from omero.util.ServantHolder@149b3864 as add734a3-709c-410b-9a15-1d18dfd2a397omero.api.MetadataStore
2024-10-11 09:25:35,601 INFO  [                      omero.cmd.SessionI] (.Server-13) Unregistered servant:83be404c-1957-46d4-a36b-f9feca68dcf3/add734a3-709c-410b-9a15-1d18dfd2a397omero.api.MetadataStore(omero.api._MetadataStoreTie@8df7cffd)
2024-10-11 09:25:35,601 INFO  [    o.s.blitz.repo.ManagedImportRequestI] (2-thread-1) Cleaning up import.
2024-10-11 09:25:35,605 INFO  [         ome.security.basic.EventHandler] (.Server-11)  Auth:	user=0,group=0,event=null(User),sess=83be404c-1957-46d4-a36b-f9feca68dcf3
2024-10-11 09:25:35,605 INFO  [                 org.perf4j.TimingLogger] (.Server-11) start[1728638735604] time[1] tag[omero.call.success.ome.logic.QueryImpl.get]
2024-10-11 09:25:35,611 INFO  [         ome.security.basic.EventHandler] (l.Server-9)  Auth:	user=0,group=0,event=28894(User),sess=83be404c-1957-46d4-a36b-f9feca68dcf3
2024-10-11 09:25:35,613 INFO  [       ome.security.basic.CurrentDetails] (l.Server-9) Adding log:UPDATE,class ome.model.core.OriginalFile,3157
2024-10-11 09:25:35,618 INFO  [                 org.perf4j.TimingLogger] (l.Server-9) start[1728638735607] time[10] tag[omero.call.success.ome.logic.UpdateImpl.saveObject]
