2023-10-23 00:38:07,728 INFO  [                 org.perf4j.TimingLogger] (l.Server-2) start[1698021487719] time[9] tag[omero.import.process.init]
2023-10-23 00:38:07,734 INFO  [         ome.security.basic.EventHandler] (l.Server-2)  Auth:	user=0,group=0,event=139016(User),sess=1d451b7e-6b08-4e47-85c5-6edd5995961c
2023-10-23 00:38:07,736 INFO  [       ome.security.basic.CurrentDetails] (l.Server-2) Adding log:INSERT,class ome.model.jobs.UploadJob,6807
2023-10-23 00:38:07,736 INFO  [       ome.security.basic.CurrentDetails] (l.Server-2) Adding log:INSERT,class ome.model.jobs.JobOriginalFileLink,11077
2023-10-23 00:38:07,740 INFO  [       ome.security.basic.CurrentDetails] (l.Server-2) Adding log:INSERT,class ome.model.jobs.MetadataImportJob,6808
2023-10-23 00:38:07,744 INFO  [       ome.security.basic.CurrentDetails] (l.Server-2) Adding log:INSERT,class ome.model.jobs.PixelDataJob,6809
2023-10-23 00:38:07,746 INFO  [       ome.security.basic.CurrentDetails] (l.Server-2) Adding log:INSERT,class ome.model.jobs.ThumbnailGenerationJob,6810
2023-10-23 00:38:07,748 INFO  [       ome.security.basic.CurrentDetails] (l.Server-2) Adding log:INSERT,class ome.model.jobs.IndexingJob,6811
2023-10-23 00:38:07,750 INFO  [                 org.perf4j.TimingLogger] (l.Server-2) start[1698021487750] time[0] tag[omero.repo.internal_register.find_repo_files]
2023-10-23 00:38:07,752 INFO  [       ome.security.basic.CurrentDetails] (l.Server-2) Adding log:INSERT,class ome.model.core.OriginalFile,6752
2023-10-23 00:38:07,752 INFO  [                 org.perf4j.TimingLogger] (l.Server-2) start[1698021487751] time[1] tag[omero.repo.create_original_file.save]
2023-10-23 00:38:07,752 INFO  [                 org.perf4j.TimingLogger] (l.Server-2) start[1698021487752] time[0] tag[omero.repo.create_original_file.internal_mkdir]
2023-10-23 00:38:07,752 INFO  [                 org.perf4j.TimingLogger] (l.Server-2) start[1698021487752] time[0] tag[omero.repo.internal_register.load]
2023-10-23 00:38:07,752 INFO  [                 org.perf4j.TimingLogger] (l.Server-2) start[1698021487750] time[2] tag[omero.repo.save_fileset.register]
2023-10-23 00:38:07,752 INFO  [                 org.perf4j.TimingLogger] (l.Server-2) start[1698021487752] time[0] tag[omero.repo.save_fileset.update_fileset_entries]
2023-10-23 00:38:07,754 INFO  [       ome.security.basic.CurrentDetails] (l.Server-2) Adding log:INSERT,class ome.model.fs.Fileset,355
2023-10-23 00:38:07,754 INFO  [       ome.security.basic.CurrentDetails] (l.Server-2) Adding log:INSERT,class ome.model.fs.FilesetJobLink,571
2023-10-23 00:38:07,754 INFO  [       ome.security.basic.CurrentDetails] (l.Server-2) Adding log:INSERT,class ome.model.fs.FilesetJobLink,572
2023-10-23 00:38:07,754 INFO  [       ome.security.basic.CurrentDetails] (l.Server-2) Adding log:INSERT,class ome.model.fs.FilesetJobLink,573
2023-10-23 00:38:07,754 INFO  [       ome.security.basic.CurrentDetails] (l.Server-2) Adding log:INSERT,class ome.model.fs.FilesetJobLink,574
2023-10-23 00:38:07,754 INFO  [       ome.security.basic.CurrentDetails] (l.Server-2) Adding log:INSERT,class ome.model.fs.FilesetJobLink,575
2023-10-23 00:38:07,754 INFO  [       ome.security.basic.CurrentDetails] (l.Server-2) Adding log:INSERT,class ome.model.fs.FilesetEntry,355
2023-10-23 00:38:07,756 INFO  [                 org.perf4j.TimingLogger] (l.Server-2) start[1698021487752] time[3] tag[omero.repo.save_fileset.save]
2023-10-23 00:38:07,761 INFO  [                 org.perf4j.TimingLogger] (l.Server-2) start[1698021487729] time[31] tag[omero.call.success.ome.services.blitz.repo.RepositoryDaoImpl$8.doWork]
2023-10-23 00:38:07,762 INFO  [                 org.perf4j.TimingLogger] (l.Server-2) start[1698021487729] time[32] tag[omero.repo.save_fileset]
2023-10-23 00:38:07,762 INFO  [                      omero.cmd.SessionI] (l.Server-2) Added servant to adapter: 1d451b7e-6b08-4e47-85c5-6edd5995961c/43f610ae-c046-48eb-be27-e4103191b52c-ManagedImportProcessI(omero.grid._ImportProcessTie@f8fa9a7a)
2023-10-23 00:38:07,762 DEBUG [                omero.util.ServantHolder] (l.Server-2) Added omero.grid._ImportProcessTie@f8fa9a7a to omero.util.ServantHolder@653627b9 as 43f610ae-c046-48eb-be27-e4103191b52c-ManagedImportProcessI
2023-10-23 00:38:07,762 INFO  [                 org.perf4j.TimingLogger] (l.Server-2) start[1698021487729] time[33] tag[omero.import.process.create]
2023-10-23 00:38:07,769 INFO  [         ome.security.basic.EventHandler] (.Server-12)  Auth:	user=0,group=0,event=null(User),sess=1d451b7e-6b08-4e47-85c5-6edd5995961c
2023-10-23 00:38:07,772 INFO  [                 org.perf4j.TimingLogger] (.Server-12) start[1698021487767] time[4] tag[omero.call.success.ome.services.blitz.repo.RepositoryDaoImpl$2.doWork]
2023-10-23 00:38:07,774 INFO  [         ome.security.basic.EventHandler] (.Server-12)  Auth:	user=0,group=0,event=null(User),sess=1d451b7e-6b08-4e47-85c5-6edd5995961c
2023-10-23 00:38:07,775 INFO  [                 org.perf4j.TimingLogger] (.Server-12) start[1698021487772] time[2] tag[omero.call.success.ome.services.blitz.repo.RepositoryDaoImpl$4.doWork]
2023-10-23 00:38:07,777 INFO  [         ome.security.basic.EventHandler] (.Server-12)  Auth:	user=0,group=0,event=null(User),sess=1d451b7e-6b08-4e47-85c5-6edd5995961c
2023-10-23 00:38:07,778 INFO  [                 org.perf4j.TimingLogger] (.Server-12) start[1698021487775] time[2] tag[omero.call.success.ome.services.blitz.repo.RepositoryDaoImpl$6.doWork]
2023-10-23 00:38:07,779 INFO  [    ome.security.basic.BasicEventContext] (.Server-12)  cctx:	group=0
2023-10-23 00:38:07,779 INFO  [         ome.security.basic.EventHandler] (.Server-12)  Auth:	user=0,group=0,event=null(User),sess=1d451b7e-6b08-4e47-85c5-6edd5995961c
2023-10-23 00:38:07,780 INFO  [                 org.perf4j.TimingLogger] (.Server-12) start[1698021487778] time[2] tag[omero.call.success.ome.services.blitz.repo.RepositoryDaoImpl$1.doWork]
2023-10-23 00:38:07,781 INFO  [                      omero.cmd.SessionI] (.Server-12) Added servant to adapter: 1d451b7e-6b08-4e47-85c5-6edd5995961c/6cd3456f-f7d9-4d47-a188-8ee86d31b168-RepoRawFileStoreI(omero.api._RawFileStoreTie@b5328778)
2023-10-23 00:38:07,781 DEBUG [                omero.util.ServantHolder] (.Server-12) Added omero.api._RawFileStoreTie@b5328778 to omero.util.ServantHolder@653627b9 as 6cd3456f-f7d9-4d47-a188-8ee86d31b168-RepoRawFileStoreI
2023-10-23 00:38:07,781 INFO  [                 org.perf4j.TimingLogger] (.Server-12) start[1698021487767] time[13] tag[omero.import.process.opener]
2023-10-23 00:38:07,781 INFO  [                 org.perf4j.TimingLogger] (.Server-12) start[1698021487767] time[13] tag[omero.import.process.uploader]
2023-10-23 00:38:07,786 INFO  [         ome.security.basic.EventHandler] (.Server-11)  Auth:	user=0,group=0,event=null(User),sess=1d451b7e-6b08-4e47-85c5-6edd5995961c
2023-10-23 00:38:07,787 INFO  [                 org.perf4j.TimingLogger] (.Server-11) start[1698021487785] time[1] tag[omero.call.success.ome.services.RawFileBean.write]
2023-10-23 00:38:07,859 INFO  [         ome.security.basic.EventHandler] (.Server-13)  Auth:	user=0,group=0,event=null(User),sess=1d451b7e-6b08-4e47-85c5-6edd5995961c
2023-10-23 00:38:07,862 INFO  [                 org.perf4j.TimingLogger] (.Server-13) start[1698021487857] time[4] tag[omero.call.success.ome.services.RawFileBean.write]
2023-10-23 00:38:07,959 INFO  [         ome.security.basic.EventHandler] (.Server-14)  Auth:	user=0,group=0,event=null(User),sess=1d451b7e-6b08-4e47-85c5-6edd5995961c
2023-10-23 00:38:07,964 INFO  [                 org.perf4j.TimingLogger] (.Server-14) start[1698021487958] time[6] tag[omero.call.success.ome.services.RawFileBean.write]
2023-10-23 00:38:08,040 INFO  [         ome.security.basic.EventHandler] (l.Server-2)  Auth:	user=0,group=0,event=null(User),sess=1d451b7e-6b08-4e47-85c5-6edd5995961c
2023-10-23 00:38:08,044 INFO  [                 org.perf4j.TimingLogger] (l.Server-2) start[1698021488039] time[5] tag[omero.call.success.ome.services.RawFileBean.write]
2023-10-23 00:38:08,124 INFO  [         ome.security.basic.EventHandler] (l.Server-6)  Auth:	user=0,group=0,event=null(User),sess=1d451b7e-6b08-4e47-85c5-6edd5995961c
2023-10-23 00:38:08,128 INFO  [                 org.perf4j.TimingLogger] (l.Server-6) start[1698021488122] time[5] tag[omero.call.success.ome.services.RawFileBean.write]
2023-10-23 00:38:08,199 INFO  [         ome.security.basic.EventHandler] (.Server-11)  Auth:	user=0,group=0,event=null(User),sess=1d451b7e-6b08-4e47-85c5-6edd5995961c
2023-10-23 00:38:08,204 INFO  [                 org.perf4j.TimingLogger] (.Server-11) start[1698021488197] time[6] tag[omero.call.success.ome.services.RawFileBean.write]
2023-10-23 00:38:08,272 INFO  [         ome.security.basic.EventHandler] (.Server-14)  Auth:	user=0,group=0,event=null(User),sess=1d451b7e-6b08-4e47-85c5-6edd5995961c
2023-10-23 00:38:08,276 INFO  [                 org.perf4j.TimingLogger] (.Server-14) start[1698021488271] time[4] tag[omero.call.success.ome.services.RawFileBean.write]
2023-10-23 00:38:08,345 INFO  [         ome.security.basic.EventHandler] (l.Server-6)  Auth:	user=0,group=0,event=null(User),sess=1d451b7e-6b08-4e47-85c5-6edd5995961c
2023-10-23 00:38:08,347 INFO  [                 org.perf4j.TimingLogger] (l.Server-6) start[1698021488344] time[3] tag[omero.call.success.ome.services.RawFileBean.write]
2023-10-23 00:38:08,451 INFO  [         ome.security.basic.EventHandler] (.Server-13)  Auth:	user=0,group=0,event=null(User),sess=1d451b7e-6b08-4e47-85c5-6edd5995961c
2023-10-23 00:38:08,455 INFO  [                 org.perf4j.TimingLogger] (.Server-13) start[1698021488449] time[6] tag[omero.call.success.ome.services.RawFileBean.write]
2023-10-23 00:38:08,543 INFO  [         ome.security.basic.EventHandler] (l.Server-2)  Auth:	user=0,group=0,event=null(User),sess=1d451b7e-6b08-4e47-85c5-6edd5995961c
2023-10-23 00:38:08,546 INFO  [                 org.perf4j.TimingLogger] (l.Server-2) start[1698021488541] time[4] tag[omero.call.success.ome.services.RawFileBean.write]
2023-10-23 00:38:08,634 INFO  [         ome.security.basic.EventHandler] (.Server-13)  Auth:	user=0,group=0,event=null(User),sess=1d451b7e-6b08-4e47-85c5-6edd5995961c
2023-10-23 00:38:08,637 INFO  [                 org.perf4j.TimingLogger] (.Server-13) start[1698021488632] time[4] tag[omero.call.success.ome.services.RawFileBean.write]
2023-10-23 00:38:08,707 INFO  [         ome.security.basic.EventHandler] (l.Server-6)  Auth:	user=0,group=0,event=null(User),sess=1d451b7e-6b08-4e47-85c5-6edd5995961c
2023-10-23 00:38:08,712 INFO  [                 org.perf4j.TimingLogger] (l.Server-6) start[1698021488705] time[7] tag[omero.call.success.ome.services.RawFileBean.write]
2023-10-23 00:38:08,784 INFO  [         ome.security.basic.EventHandler] (.Server-12)  Auth:	user=0,group=0,event=null(User),sess=1d451b7e-6b08-4e47-85c5-6edd5995961c
2023-10-23 00:38:08,789 INFO  [                 org.perf4j.TimingLogger] (.Server-12) start[1698021488783] time[6] tag[omero.call.success.ome.services.RawFileBean.write]
2023-10-23 00:38:08,856 INFO  [         ome.security.basic.EventHandler] (l.Server-6)  Auth:	user=0,group=0,event=null(User),sess=1d451b7e-6b08-4e47-85c5-6edd5995961c
2023-10-23 00:38:08,861 INFO  [                 org.perf4j.TimingLogger] (l.Server-6) start[1698021488855] time[5] tag[omero.call.success.ome.services.RawFileBean.write]
2023-10-23 00:38:08,923 INFO  [         ome.security.basic.EventHandler] (.Server-13)  Auth:	user=0,group=0,event=null(User),sess=1d451b7e-6b08-4e47-85c5-6edd5995961c
2023-10-23 00:38:08,927 INFO  [                 org.perf4j.TimingLogger] (.Server-13) start[1698021488922] time[4] tag[omero.call.success.ome.services.RawFileBean.write]
2023-10-23 00:38:08,995 INFO  [         ome.security.basic.EventHandler] (.Server-14)  Auth:	user=0,group=0,event=null(User),sess=1d451b7e-6b08-4e47-85c5-6edd5995961c
2023-10-23 00:38:09,001 INFO  [                 org.perf4j.TimingLogger] (.Server-14) start[1698021488993] time[7] tag[omero.call.success.ome.services.RawFileBean.write]
2023-10-23 00:38:09,075 INFO  [         ome.security.basic.EventHandler] (l.Server-2)  Auth:	user=0,group=0,event=null(User),sess=1d451b7e-6b08-4e47-85c5-6edd5995961c
2023-10-23 00:38:09,079 INFO  [                 org.perf4j.TimingLogger] (l.Server-2) start[1698021489074] time[5] tag[omero.call.success.ome.services.RawFileBean.write]
2023-10-23 00:38:09,142 INFO  [         ome.security.basic.EventHandler] (.Server-11)  Auth:	user=0,group=0,event=null(User),sess=1d451b7e-6b08-4e47-85c5-6edd5995961c
2023-10-23 00:38:09,145 INFO  [                 org.perf4j.TimingLogger] (.Server-11) start[1698021489140] time[4] tag[omero.call.success.ome.services.RawFileBean.write]
2023-10-23 00:38:09,208 INFO  [         ome.security.basic.EventHandler] (.Server-12)  Auth:	user=0,group=0,event=null(User),sess=1d451b7e-6b08-4e47-85c5-6edd5995961c
2023-10-23 00:38:09,212 INFO  [                 org.perf4j.TimingLogger] (.Server-12) start[1698021489207] time[4] tag[omero.call.success.ome.services.RawFileBean.write]
2023-10-23 00:38:09,275 INFO  [         ome.security.basic.EventHandler] (l.Server-6)  Auth:	user=0,group=0,event=null(User),sess=1d451b7e-6b08-4e47-85c5-6edd5995961c
2023-10-23 00:38:09,279 INFO  [                 org.perf4j.TimingLogger] (l.Server-6) start[1698021489274] time[5] tag[omero.call.success.ome.services.RawFileBean.write]
2023-10-23 00:38:09,349 INFO  [         ome.security.basic.EventHandler] (.Server-13)  Auth:	user=0,group=0,event=null(User),sess=1d451b7e-6b08-4e47-85c5-6edd5995961c
2023-10-23 00:38:09,354 INFO  [                 org.perf4j.TimingLogger] (.Server-13) start[1698021489347] time[6] tag[omero.call.success.ome.services.RawFileBean.write]
2023-10-23 00:38:09,425 INFO  [         ome.security.basic.EventHandler] (.Server-14)  Auth:	user=0,group=0,event=null(User),sess=1d451b7e-6b08-4e47-85c5-6edd5995961c
2023-10-23 00:38:09,430 INFO  [                 org.perf4j.TimingLogger] (.Server-14) start[1698021489422] time[7] tag[omero.call.success.ome.services.RawFileBean.write]
2023-10-23 00:38:09,454 INFO  [         ome.security.basic.EventHandler] (l.Server-2)  Auth:	user=0,group=0,event=null(User),sess=1d451b7e-6b08-4e47-85c5-6edd5995961c
2023-10-23 00:38:09,455 INFO  [                 org.perf4j.TimingLogger] (l.Server-2) start[1698021489452] time[2] tag[omero.call.success.ome.services.RawFileBean.write]
2023-10-23 00:38:09,462 INFO  [         ome.security.basic.EventHandler] (.Server-11)  Auth:	user=0,group=0,event=139032(User),sess=1d451b7e-6b08-4e47-85c5-6edd5995961c
2023-10-23 00:38:09,520 INFO  [                 org.perf4j.TimingLogger] (.Server-11) start[1698021489462] time[58] tag[omero.services.file.flush]
2023-10-23 00:38:09,586 INFO  [                 org.perf4j.TimingLogger] (.Server-11) start[1698021489520] time[65] tag[omero.services.file.checksum]
2023-10-23 00:38:09,587 INFO  [       ome.security.basic.CurrentDetails] (.Server-11) Adding log:UPDATE,class ome.model.core.OriginalFile,6752
2023-10-23 00:38:09,588 INFO  [                 org.perf4j.TimingLogger] (.Server-11) start[1698021489586] time[1] tag[omero.services.file.finalize]
2023-10-23 00:38:09,591 INFO  [                 org.perf4j.TimingLogger] (.Server-11) start[1698021489458] time[133] tag[omero.call.success.ome.services.RawFileBean.save]
2023-10-23 00:38:09,596 INFO  [         ome.security.basic.EventHandler] (.Server-12)  Auth:	user=0,group=0,event=139033(User),sess=1d451b7e-6b08-4e47-85c5-6edd5995961c
2023-10-23 00:38:09,599 INFO  [                 org.perf4j.TimingLogger] (.Server-12) start[1698021489592] time[6] tag[omero.call.success.ome.services.RawFileBean.close]
2023-10-23 00:38:09,599 DEBUG [                omero.util.ServantHolder] (.Server-12) Removed omero.api._RawFileStoreTie@b5328778 from omero.util.ServantHolder@653627b9 as 6cd3456f-f7d9-4d47-a188-8ee86d31b168-RepoRawFileStoreI
2023-10-23 00:38:09,599 INFO  [                      omero.cmd.SessionI] (.Server-12) Unregistered servant:1d451b7e-6b08-4e47-85c5-6edd5995961c/6cd3456f-f7d9-4d47-a188-8ee86d31b168-RepoRawFileStoreI(omero.api._RawFileStoreTie@b5328778)
2023-10-23 00:38:09,602 INFO  [         ome.security.basic.EventHandler] (l.Server-6)  Auth:	user=0,group=0,event=null(User),sess=1d451b7e-6b08-4e47-85c5-6edd5995961c
2023-10-23 00:38:09,602 INFO  [                 org.perf4j.TimingLogger] (l.Server-6) start[1698021489600] time[1] tag[omero.call.success.ome.services.blitz.impl.ServiceFactoryI$3.doWork]
2023-10-23 00:38:09,605 INFO  [                 org.perf4j.TimingLogger] (l.Server-6) start[1698021489602] time[3] tag[omero.import.process.checksum]
2023-10-23 00:38:09,609 INFO  [         ome.security.basic.EventHandler] (l.Server-6)  Auth:	user=0,group=0,event=139034(User),sess=1d451b7e-6b08-4e47-85c5-6edd5995961c
2023-10-23 00:38:09,618 INFO  [       ome.security.basic.CurrentDetails] (l.Server-6) Adding log:UPDATE,class ome.model.jobs.UploadJob,6807
2023-10-23 00:38:09,621 INFO  [                 org.perf4j.TimingLogger] (l.Server-6) start[1698021489605] time[16] tag[omero.call.success.ome.services.blitz.repo.RepositoryDaoImpl$12.doWork]
2023-10-23 00:38:09,623 INFO  [         ome.security.basic.EventHandler] (l.Server-6)  Auth:	user=0,group=0,event=null(User),sess=1d451b7e-6b08-4e47-85c5-6edd5995961c
2023-10-23 00:38:09,623 INFO  [                 org.perf4j.TimingLogger] (l.Server-6) start[1698021489622] time[1] tag[omero.call.success.ome.services.blitz.repo.RepositoryDaoImpl$2.doWork]
2023-10-23 00:38:09,625 INFO  [         ome.security.basic.EventHandler] (l.Server-6)  Auth:	user=0,group=0,event=null(User),sess=1d451b7e-6b08-4e47-85c5-6edd5995961c
2023-10-23 00:38:09,625 INFO  [                 org.perf4j.TimingLogger] (l.Server-6) start[1698021489624] time[1] tag[omero.call.success.ome.services.blitz.repo.RepositoryDaoImpl$4.doWork]
2023-10-23 00:38:09,626 INFO  [       ome.formats.importer.ImportConfig] (l.Server-6) OMERO.blitz Version: 5.6.0
2023-10-23 00:38:09,626 INFO  [       ome.formats.importer.ImportConfig] (l.Server-6) Bioformats version: 6.11.1 revision: 383bac974cd52e83908b54e4769ebb1e0d0673ee date: 1 December 2022
2023-10-23 00:38:09,627 INFO  [                      omero.cmd.SessionI] (l.Server-6) Added servant to adapter: 1d451b7e-6b08-4e47-85c5-6edd5995961c/IHandle9acd00fe-291d-48b9-8c2a-4580e8b3a5c1(omero.cmd._HandleTie@ad19634b)
2023-10-23 00:38:09,627 DEBUG [                omero.util.ServantHolder] (l.Server-6) Added omero.cmd._HandleTie@ad19634b to omero.util.ServantHolder@653627b9 as IHandle9acd00fe-291d-48b9-8c2a-4580e8b3a5c1
2023-10-23 00:38:09,627 INFO  [                 org.perf4j.TimingLogger] (l.Server-6) start[1698021489627] time[0] tag[omero.background.submit]
2023-10-23 00:38:09,627 INFO  [                 org.perf4j.TimingLogger] (l.Server-6) start[1698021489605] time[21] tag[omero.import.process.submit]
2023-10-23 00:38:09,628 DEBUG [                omero.util.ServantHolder] (l.Server-2) Removed omero.grid._ImportProcessTie@f8fa9a7a from omero.util.ServantHolder@653627b9 as 43f610ae-c046-48eb-be27-e4103191b52c-ManagedImportProcessI
2023-10-23 00:38:09,628 INFO  [                      omero.cmd.SessionI] (l.Server-2) Unregistered servant:1d451b7e-6b08-4e47-85c5-6edd5995961c/43f610ae-c046-48eb-be27-e4103191b52c-ManagedImportProcessI(omero.grid._ImportProcessTie@f8fa9a7a)
2023-10-23 00:38:09,633 INFO  [    ome.formats.OMEROMetadataStoreClient] (2-thread-1) Call context: {omero.group:0}
2023-10-23 00:38:09,633 INFO  [    ome.formats.OMEROMetadataStoreClient] (2-thread-1) Call context: {omero.logfilename:root_0/2023-10/23/00-38-07.640.log}
2023-10-23 00:38:09,637 INFO  [    ome.security.basic.BasicEventContext] (l.Server-6)  cctx:	group=0
2023-10-23 00:38:09,638 INFO  [         ome.security.basic.EventHandler] (l.Server-6)  Auth:	user=0,group=0,event=null(User),sess=1d451b7e-6b08-4e47-85c5-6edd5995961c
2023-10-23 00:38:09,642 INFO  [                 org.perf4j.TimingLogger] (l.Server-6) start[1698021489637] time[5] tag[omero.call.success.ome.logic.AdminImpl.getEventContext]
2023-10-23 00:38:09,657 INFO  [    ome.formats.OMEROMetadataStoreClient] (2-thread-1) Pinging session every 300s.
2023-10-23 00:38:09,668 INFO  [                loci.formats.ImageReader] (2-thread-1) OMETiffReader initializing /OMERO/ManagedRepository/root_0/2023-10/23/00-38-07.640/HP-241207_IMC_220725-160200_SSF-SO_ROI_003_16bit.ome.tiff
2023-10-23 00:38:09,669 INFO  [       loci.formats.in.MinimalTiffReader] (2-thread-1) Reading IFDs
2023-10-23 00:38:09,670 INFO  [       loci.formats.in.MinimalTiffReader] (2-thread-1) Populating metadata
2023-10-23 00:38:09,674 INFO  [    ome.security.basic.BasicEventContext] (.Server-14)  cctx:	group=0
2023-10-23 00:38:09,675 INFO  [         ome.security.basic.EventHandler] (.Server-14)  Auth:	user=0,group=0,event=null(User),sess=1d451b7e-6b08-4e47-85c5-6edd5995961c
2023-10-23 00:38:09,676 INFO  [                 org.perf4j.TimingLogger] (.Server-14) start[1698021489674] time[2] tag[omero.call.success.ome.logic.QueryImpl.findAll]
2023-10-23 00:38:09,679 INFO  [    ome.security.basic.BasicEventContext] (l.Server-2)  cctx:	group=0
2023-10-23 00:38:09,680 INFO  [         ome.security.basic.EventHandler] (l.Server-2)  Auth:	user=0,group=0,event=null(User),sess=1d451b7e-6b08-4e47-85c5-6edd5995961c
2023-10-23 00:38:09,680 INFO  [                 org.perf4j.TimingLogger] (l.Server-2) start[1698021489679] time[1] tag[omero.call.success.ome.logic.QueryImpl.findAll]
2023-10-23 00:38:09,681 INFO  [    ome.security.basic.BasicEventContext] (.Server-11)  cctx:	group=0
2023-10-23 00:38:09,682 INFO  [         ome.security.basic.EventHandler] (.Server-11)  Auth:	user=0,group=0,event=null(User),sess=1d451b7e-6b08-4e47-85c5-6edd5995961c
2023-10-23 00:38:09,683 INFO  [                 org.perf4j.TimingLogger] (.Server-11) start[1698021489681] time[2] tag[omero.call.success.ome.logic.QueryImpl.findAll]
2023-10-23 00:38:09,684 INFO  [    ome.security.basic.BasicEventContext] (.Server-12)  cctx:	group=0
2023-10-23 00:38:09,685 INFO  [         ome.security.basic.EventHandler] (.Server-12)  Auth:	user=0,group=0,event=null(User),sess=1d451b7e-6b08-4e47-85c5-6edd5995961c
2023-10-23 00:38:09,685 INFO  [                 org.perf4j.TimingLogger] (.Server-12) start[1698021489684] time[1] tag[omero.call.success.ome.logic.QueryImpl.findAll]
2023-10-23 00:38:09,694 DEBUG [                   loci.formats.Memoizer] (2-thread-1) saved to temp file: /OMERO/BioFormatsCache/OMERO/ManagedRepository/root_0/2023-10/23/00-38-07.640/.HP-241207_IMC_220725-160200_SSF-SO_ROI_003_16bit.ome.tiff.bfmemo3907403484023584927
2023-10-23 00:38:09,694 DEBUG [                   loci.formats.Memoizer] (2-thread-1) start[1698021489691] time[3] tag[loci.formats.Memoizer.saveMemo]
2023-10-23 00:38:09,694 DEBUG [                   loci.formats.Memoizer] (2-thread-1) saved memo file: /OMERO/BioFormatsCache/OMERO/ManagedRepository/root_0/2023-10/23/00-38-07.640/.HP-241207_IMC_220725-160200_SSF-SO_ROI_003_16bit.ome.tiff.bfmemo (42250 bytes)
2023-10-23 00:38:09,694 DEBUG [                   loci.formats.Memoizer] (2-thread-1) start[1698021489657] time[37] tag[loci.formats.Memoizer.setId]
2023-10-23 00:38:09,694 DEBUG [    o.s.blitz.repo.ManagedImportRequestI] (2-thread-1) Image Count: 29
2023-10-23 00:38:09,694 INFO  [    o.s.blitz.repo.ManagedImportRequestI] (2-thread-1) File format: OME-TIFF
2023-10-23 00:38:09,694 INFO  [    o.s.blitz.repo.ManagedImportRequestI] (2-thread-1) Base reader: loci.formats.in.OMETiffReader
2023-10-23 00:38:09,694 INFO  [                 org.perf4j.TimingLogger] (2-thread-1) start[1698021489631] time[62] tag[omero.import.request.init]
2023-10-23 00:38:09,694 DEBUG [    o.s.blitz.repo.ManagedImportRequestI] (2-thread-1) Step 0
2023-10-23 00:38:09,695 WARN  [    ome.formats.model.ReferenceProcessor] (2-thread-1) Unknown target class for LSID: Image:0
2023-10-23 00:38:09,695 INFO  [    ome.formats.OMEROMetadataStoreClient] (2-thread-1) Handling # of containers: 60
2023-10-23 00:38:09,697 INFO  [    ome.security.basic.BasicEventContext] (l.Server-6)  cctx:	group=0
2023-10-23 00:38:09,697 INFO  [         ome.security.basic.EventHandler] (l.Server-6)  Auth:	user=0,group=0,event=null(User),sess=1d451b7e-6b08-4e47-85c5-6edd5995961c
2023-10-23 00:38:09,698 INFO  [                 org.perf4j.TimingLogger] (l.Server-6) start[1698021489696] time[2] tag[omero.call.success.ome.services.blitz.impl.MetadataStoreI$4.doWork]
2023-10-23 00:38:09,699 INFO  [    ome.formats.OMEROMetadataStoreClient] (2-thread-1) Handling # of references: 1
2023-10-23 00:38:09,700 INFO  [    ome.security.basic.BasicEventContext] (.Server-13)  cctx:	group=0
2023-10-23 00:38:09,701 INFO  [         ome.security.basic.EventHandler] (.Server-13)  Auth:	user=0,group=0,event=null(User),sess=1d451b7e-6b08-4e47-85c5-6edd5995961c
2023-10-23 00:38:09,702 INFO  [                 org.perf4j.TimingLogger] (.Server-13) start[1698021489699] time[2] tag[omero.call.success.ome.services.blitz.impl.MetadataStoreI$5.doWork]
2023-10-23 00:38:09,704 INFO  [    ome.security.basic.BasicEventContext] (.Server-14)  cctx:	group=0
2023-10-23 00:38:09,707 INFO  [         ome.security.basic.EventHandler] (.Server-14)  Auth:	user=0,group=0,event=139038(User),sess=1d451b7e-6b08-4e47-85c5-6edd5995961c
2023-10-23 00:38:09,712 INFO  [       ome.security.basic.CurrentDetails] (.Server-14) Adding log:INSERT,class ome.model.core.Image,355
2023-10-23 00:38:09,712 INFO  [       ome.security.basic.CurrentDetails] (.Server-14) Adding log:INSERT,class ome.model.containers.DatasetImageLink,355
2023-10-23 00:38:09,713 INFO  [       ome.security.basic.CurrentDetails] (.Server-14) Adding log:INSERT,class ome.model.core.Pixels,355
2023-10-23 00:38:09,713 INFO  [       ome.security.basic.CurrentDetails] (.Server-14) Adding log:INSERT,class ome.model.core.LogicalChannel,2267
2023-10-23 00:38:09,714 INFO  [       ome.security.basic.CurrentDetails] (.Server-14) Adding log:INSERT,class ome.model.core.Channel,2267
2023-10-23 00:38:09,714 INFO  [       ome.security.basic.CurrentDetails] (.Server-14) Adding log:INSERT,class ome.model.core.LogicalChannel,2268
2023-10-23 00:38:09,714 INFO  [       ome.security.basic.CurrentDetails] (.Server-14) Adding log:INSERT,class ome.model.core.Channel,2268
2023-10-23 00:38:09,714 INFO  [       ome.security.basic.CurrentDetails] (.Server-14) Adding log:INSERT,class ome.model.core.LogicalChannel,2269
2023-10-23 00:38:09,715 INFO  [       ome.security.basic.CurrentDetails] (.Server-14) Adding log:INSERT,class ome.model.core.Channel,2269
2023-10-23 00:38:09,715 INFO  [       ome.security.basic.CurrentDetails] (.Server-14) Adding log:INSERT,class ome.model.core.LogicalChannel,2270
2023-10-23 00:38:09,715 INFO  [       ome.security.basic.CurrentDetails] (.Server-14) Adding log:INSERT,class ome.model.core.Channel,2270
2023-10-23 00:38:09,715 INFO  [       ome.security.basic.CurrentDetails] (.Server-14) Adding log:INSERT,class ome.model.core.LogicalChannel,2271
2023-10-23 00:38:09,716 INFO  [       ome.security.basic.CurrentDetails] (.Server-14) Adding log:INSERT,class ome.model.core.Channel,2271
2023-10-23 00:38:09,716 INFO  [       ome.security.basic.CurrentDetails] (.Server-14) Adding log:INSERT,class ome.model.core.LogicalChannel,2272
2023-10-23 00:38:09,716 INFO  [       ome.security.basic.CurrentDetails] (.Server-14) Adding log:INSERT,class ome.model.core.Channel,2272
2023-10-23 00:38:09,717 INFO  [       ome.security.basic.CurrentDetails] (.Server-14) Adding log:INSERT,class ome.model.core.LogicalChannel,2273
2023-10-23 00:38:09,717 INFO  [       ome.security.basic.CurrentDetails] (.Server-14) Adding log:INSERT,class ome.model.core.Channel,2273
2023-10-23 00:38:09,717 INFO  [       ome.security.basic.CurrentDetails] (.Server-14) Adding log:INSERT,class ome.model.core.LogicalChannel,2274
2023-10-23 00:38:09,717 INFO  [       ome.security.basic.CurrentDetails] (.Server-14) Adding log:INSERT,class ome.model.core.Channel,2274
2023-10-23 00:38:09,718 INFO  [       ome.security.basic.CurrentDetails] (.Server-14) Adding log:INSERT,class ome.model.core.LogicalChannel,2275
2023-10-23 00:38:09,718 INFO  [       ome.security.basic.CurrentDetails] (.Server-14) Adding log:INSERT,class ome.model.core.Channel,2275
2023-10-23 00:38:09,718 INFO  [       ome.security.basic.CurrentDetails] (.Server-14) Adding log:INSERT,class ome.model.core.LogicalChannel,2276
2023-10-23 00:38:09,718 INFO  [       ome.security.basic.CurrentDetails] (.Server-14) Adding log:INSERT,class ome.model.core.Channel,2276
2023-10-23 00:38:09,718 INFO  [       ome.security.basic.CurrentDetails] (.Server-14) Adding log:INSERT,class ome.model.core.LogicalChannel,2277
2023-10-23 00:38:09,719 INFO  [       ome.security.basic.CurrentDetails] (.Server-14) Adding log:INSERT,class ome.model.core.Channel,2277
2023-10-23 00:38:09,719 INFO  [       ome.security.basic.CurrentDetails] (.Server-14) Adding log:INSERT,class ome.model.core.LogicalChannel,2278
2023-10-23 00:38:09,719 INFO  [       ome.security.basic.CurrentDetails] (.Server-14) Adding log:INSERT,class ome.model.core.Channel,2278
2023-10-23 00:38:09,719 INFO  [       ome.security.basic.CurrentDetails] (.Server-14) Adding log:INSERT,class ome.model.core.LogicalChannel,2279
2023-10-23 00:38:09,719 INFO  [       ome.security.basic.CurrentDetails] (.Server-14) Adding log:INSERT,class ome.model.core.Channel,2279
2023-10-23 00:38:09,719 INFO  [       ome.security.basic.CurrentDetails] (.Server-14) Adding log:INSERT,class ome.model.core.LogicalChannel,2280
2023-10-23 00:38:09,720 INFO  [       ome.security.basic.CurrentDetails] (.Server-14) Adding log:INSERT,class ome.model.core.Channel,2280
2023-10-23 00:38:09,720 INFO  [       ome.security.basic.CurrentDetails] (.Server-14) Adding log:INSERT,class ome.model.core.LogicalChannel,2281
2023-10-23 00:38:09,720 INFO  [       ome.security.basic.CurrentDetails] (.Server-14) Adding log:INSERT,class ome.model.core.Channel,2281
2023-10-23 00:38:09,720 INFO  [       ome.security.basic.CurrentDetails] (.Server-14) Adding log:INSERT,class ome.model.core.LogicalChannel,2282
2023-10-23 00:38:09,720 INFO  [       ome.security.basic.CurrentDetails] (.Server-14) Adding log:INSERT,class ome.model.core.Channel,2282
2023-10-23 00:38:09,720 INFO  [       ome.security.basic.CurrentDetails] (.Server-14) Adding log:INSERT,class ome.model.core.LogicalChannel,2283
2023-10-23 00:38:09,721 INFO  [       ome.security.basic.CurrentDetails] (.Server-14) Adding log:INSERT,class ome.model.core.Channel,2283
2023-10-23 00:38:09,721 INFO  [       ome.security.basic.CurrentDetails] (.Server-14) Adding log:INSERT,class ome.model.core.LogicalChannel,2284
2023-10-23 00:38:09,721 INFO  [       ome.security.basic.CurrentDetails] (.Server-14) Adding log:INSERT,class ome.model.core.Channel,2284
2023-10-23 00:38:09,721 INFO  [       ome.security.basic.CurrentDetails] (.Server-14) Adding log:INSERT,class ome.model.core.LogicalChannel,2285
2023-10-23 00:38:09,721 INFO  [       ome.security.basic.CurrentDetails] (.Server-14) Adding log:INSERT,class ome.model.core.Channel,2285
2023-10-23 00:38:09,722 INFO  [       ome.security.basic.CurrentDetails] (.Server-14) Adding log:INSERT,class ome.model.core.LogicalChannel,2286
2023-10-23 00:38:09,722 INFO  [       ome.security.basic.CurrentDetails] (.Server-14) Adding log:INSERT,class ome.model.core.Channel,2286
2023-10-23 00:38:09,722 INFO  [       ome.security.basic.CurrentDetails] (.Server-14) Adding log:INSERT,class ome.model.core.LogicalChannel,2287
2023-10-23 00:38:09,722 INFO  [       ome.security.basic.CurrentDetails] (.Server-14) Adding log:INSERT,class ome.model.core.Channel,2287
2023-10-23 00:38:09,722 INFO  [       ome.security.basic.CurrentDetails] (.Server-14) Adding log:INSERT,class ome.model.core.LogicalChannel,2288
2023-10-23 00:38:09,722 INFO  [       ome.security.basic.CurrentDetails] (.Server-14) Adding log:INSERT,class ome.model.core.Channel,2288
2023-10-23 00:38:09,723 INFO  [       ome.security.basic.CurrentDetails] (.Server-14) Adding log:INSERT,class ome.model.core.LogicalChannel,2289
2023-10-23 00:38:09,723 INFO  [       ome.security.basic.CurrentDetails] (.Server-14) Adding log:INSERT,class ome.model.core.Channel,2289
2023-10-23 00:38:09,723 INFO  [       ome.security.basic.CurrentDetails] (.Server-14) Adding log:INSERT,class ome.model.core.LogicalChannel,2290
2023-10-23 00:38:09,723 INFO  [       ome.security.basic.CurrentDetails] (.Server-14) Adding log:INSERT,class ome.model.core.Channel,2290
2023-10-23 00:38:09,723 INFO  [       ome.security.basic.CurrentDetails] (.Server-14) Adding log:INSERT,class ome.model.core.LogicalChannel,2291
2023-10-23 00:38:09,723 INFO  [       ome.security.basic.CurrentDetails] (.Server-14) Adding log:INSERT,class ome.model.core.Channel,2291
2023-10-23 00:38:09,723 INFO  [       ome.security.basic.CurrentDetails] (.Server-14) Adding log:INSERT,class ome.model.core.LogicalChannel,2292
2023-10-23 00:38:09,724 INFO  [       ome.security.basic.CurrentDetails] (.Server-14) Adding log:INSERT,class ome.model.core.Channel,2292
2023-10-23 00:38:09,724 INFO  [       ome.security.basic.CurrentDetails] (.Server-14) Adding log:INSERT,class ome.model.core.LogicalChannel,2293
2023-10-23 00:38:09,724 INFO  [       ome.security.basic.CurrentDetails] (.Server-14) Adding log:INSERT,class ome.model.core.Channel,2293
2023-10-23 00:38:09,724 INFO  [       ome.security.basic.CurrentDetails] (.Server-14) Adding log:INSERT,class ome.model.core.LogicalChannel,2294
2023-10-23 00:38:09,724 INFO  [       ome.security.basic.CurrentDetails] (.Server-14) Adding log:INSERT,class ome.model.core.Channel,2294
2023-10-23 00:38:09,724 INFO  [       ome.security.basic.CurrentDetails] (.Server-14) Adding log:INSERT,class ome.model.core.LogicalChannel,2295
2023-10-23 00:38:09,724 INFO  [       ome.security.basic.CurrentDetails] (.Server-14) Adding log:INSERT,class ome.model.core.Channel,2295
2023-10-23 00:38:09,728 INFO  [                 org.perf4j.TimingLogger] (.Server-14) start[1698021489707] time[21] tag[omero.saveImportGraph]
2023-10-23 00:38:09,736 INFO  [                 org.perf4j.TimingLogger] (.Server-14) start[1698021489703] time[32] tag[omero.call.success.ome.services.blitz.impl.MetadataStoreI$3.doWork]
2023-10-23 00:38:09,738 INFO  [                 org.perf4j.TimingLogger] (2-thread-1) start[1698021489694] time[43] tag[omero.import.request.metadata]
2023-10-23 00:38:09,739 INFO  [    ome.security.basic.BasicEventContext] (l.Server-2)  cctx:	group=0
2023-10-23 00:38:09,740 INFO  [         ome.security.basic.EventHandler] (l.Server-2)  Auth:	user=0,group=0,event=null(User),sess=1d451b7e-6b08-4e47-85c5-6edd5995961c
2023-10-23 00:38:09,741 INFO  [                 org.perf4j.TimingLogger] (l.Server-2) start[1698021489738] time[2] tag[omero.call.success.ome.logic.QueryImpl.get]
2023-10-23 00:38:09,741 INFO  [    ome.security.basic.BasicEventContext] (.Server-11)  cctx:	group=0
2023-10-23 00:38:09,744 INFO  [         ome.security.basic.EventHandler] (.Server-11)  Auth:	user=0,group=0,event=139039(User),sess=1d451b7e-6b08-4e47-85c5-6edd5995961c
2023-10-23 00:38:09,745 INFO  [       ome.security.basic.CurrentDetails] (.Server-11) Adding log:UPDATE,class ome.model.core.OriginalFile,6751
2023-10-23 00:38:09,748 INFO  [                 org.perf4j.TimingLogger] (.Server-11) start[1698021489741] time[7] tag[omero.call.success.ome.logic.UpdateImpl.saveObject]
2023-10-23 00:38:09,748 INFO  [                 org.perf4j.TimingLogger] (2-thread-1) start[1698021489694] time[54] tag[omero.import.request.step]
2023-10-23 00:38:09,749 DEBUG [    o.s.blitz.repo.ManagedImportRequestI] (2-thread-1) Step 1
2023-10-23 00:38:09,749 DEBUG [    o.s.blitz.repo.ManagedImportRequestI] (2-thread-1) Plane:0 X:0 Y:0 TileWidth:512 TileHeight:512 arrayBuf.length:524288
2023-10-23 00:38:09,753 DEBUG [    o.s.blitz.repo.ManagedImportRequestI] (2-thread-1) Plane:0 X:512 Y:0 TileWidth:488 TileHeight:512 arrayBuf.length:499712
2023-10-23 00:38:09,756 DEBUG [    o.s.blitz.repo.ManagedImportRequestI] (2-thread-1) Plane:0 X:0 Y:512 TileWidth:512 TileHeight:488 arrayBuf.length:499712
2023-10-23 00:38:09,759 DEBUG [    o.s.blitz.repo.ManagedImportRequestI] (2-thread-1) Plane:0 X:512 Y:512 TileWidth:488 TileHeight:488 arrayBuf.length:476288
2023-10-23 00:38:09,762 DEBUG [    o.s.blitz.repo.ManagedImportRequestI] (2-thread-1) Plane:1 X:0 Y:0 TileWidth:512 TileHeight:512 arrayBuf.length:524288
2023-10-23 00:38:09,765 DEBUG [    o.s.blitz.repo.ManagedImportRequestI] (2-thread-1) Plane:1 X:512 Y:0 TileWidth:488 TileHeight:512 arrayBuf.length:499712
2023-10-23 00:38:09,769 DEBUG [    o.s.blitz.repo.ManagedImportRequestI] (2-thread-1) Plane:1 X:0 Y:512 TileWidth:512 TileHeight:488 arrayBuf.length:499712
2023-10-23 00:38:09,772 DEBUG [    o.s.blitz.repo.ManagedImportRequestI] (2-thread-1) Plane:1 X:512 Y:512 TileWidth:488 TileHeight:488 arrayBuf.length:476288
2023-10-23 00:38:09,775 DEBUG [    o.s.blitz.repo.ManagedImportRequestI] (2-thread-1) Plane:2 X:0 Y:0 TileWidth:512 TileHeight:512 arrayBuf.length:524288
2023-10-23 00:38:09,778 DEBUG [    o.s.blitz.repo.ManagedImportRequestI] (2-thread-1) Plane:2 X:512 Y:0 TileWidth:488 TileHeight:512 arrayBuf.length:499712
2023-10-23 00:38:09,782 DEBUG [    o.s.blitz.repo.ManagedImportRequestI] (2-thread-1) Plane:2 X:0 Y:512 TileWidth:512 TileHeight:488 arrayBuf.length:499712
2023-10-23 00:38:09,785 DEBUG [    o.s.blitz.repo.ManagedImportRequestI] (2-thread-1) Plane:2 X:512 Y:512 TileWidth:488 TileHeight:488 arrayBuf.length:476288
2023-10-23 00:38:09,788 DEBUG [    o.s.blitz.repo.ManagedImportRequestI] (2-thread-1) Plane:3 X:0 Y:0 TileWidth:512 TileHeight:512 arrayBuf.length:524288
2023-10-23 00:38:09,792 DEBUG [    o.s.blitz.repo.ManagedImportRequestI] (2-thread-1) Plane:3 X:512 Y:0 TileWidth:488 TileHeight:512 arrayBuf.length:499712
2023-10-23 00:38:09,795 DEBUG [    o.s.blitz.repo.ManagedImportRequestI] (2-thread-1) Plane:3 X:0 Y:512 TileWidth:512 TileHeight:488 arrayBuf.length:499712
2023-10-23 00:38:09,799 DEBUG [    o.s.blitz.repo.ManagedImportRequestI] (2-thread-1) Plane:3 X:512 Y:512 TileWidth:488 TileHeight:488 arrayBuf.length:476288
2023-10-23 00:38:09,803 DEBUG [    o.s.blitz.repo.ManagedImportRequestI] (2-thread-1) Plane:4 X:0 Y:0 TileWidth:512 TileHeight:512 arrayBuf.length:524288
2023-10-23 00:38:09,806 DEBUG [    o.s.blitz.repo.ManagedImportRequestI] (2-thread-1) Plane:4 X:512 Y:0 TileWidth:488 TileHeight:512 arrayBuf.length:499712
2023-10-23 00:38:09,809 DEBUG [    o.s.blitz.repo.ManagedImportRequestI] (2-thread-1) Plane:4 X:0 Y:512 TileWidth:512 TileHeight:488 arrayBuf.length:499712
2023-10-23 00:38:09,812 DEBUG [    o.s.blitz.repo.ManagedImportRequestI] (2-thread-1) Plane:4 X:512 Y:512 TileWidth:488 TileHeight:488 arrayBuf.length:476288
2023-10-23 00:38:09,815 DEBUG [    o.s.blitz.repo.ManagedImportRequestI] (2-thread-1) Plane:5 X:0 Y:0 TileWidth:512 TileHeight:512 arrayBuf.length:524288
2023-10-23 00:38:09,819 DEBUG [    o.s.blitz.repo.ManagedImportRequestI] (2-thread-1) Plane:5 X:512 Y:0 TileWidth:488 TileHeight:512 arrayBuf.length:499712
2023-10-23 00:38:09,822 DEBUG [    o.s.blitz.repo.ManagedImportRequestI] (2-thread-1) Plane:5 X:0 Y:512 TileWidth:512 TileHeight:488 arrayBuf.length:499712
2023-10-23 00:38:09,844 DEBUG [    o.s.blitz.repo.ManagedImportRequestI] (2-thread-1) Plane:5 X:512 Y:512 TileWidth:488 TileHeight:488 arrayBuf.length:476288
2023-10-23 00:38:09,847 DEBUG [    o.s.blitz.repo.ManagedImportRequestI] (2-thread-1) Plane:6 X:0 Y:0 TileWidth:512 TileHeight:512 arrayBuf.length:524288
2023-10-23 00:38:09,851 DEBUG [    o.s.blitz.repo.ManagedImportRequestI] (2-thread-1) Plane:6 X:512 Y:0 TileWidth:488 TileHeight:512 arrayBuf.length:499712
2023-10-23 00:38:09,854 DEBUG [    o.s.blitz.repo.ManagedImportRequestI] (2-thread-1) Plane:6 X:0 Y:512 TileWidth:512 TileHeight:488 arrayBuf.length:499712
2023-10-23 00:38:09,857 DEBUG [    o.s.blitz.repo.ManagedImportRequestI] (2-thread-1) Plane:6 X:512 Y:512 TileWidth:488 TileHeight:488 arrayBuf.length:476288
2023-10-23 00:38:09,861 DEBUG [    o.s.blitz.repo.ManagedImportRequestI] (2-thread-1) Plane:7 X:0 Y:0 TileWidth:512 TileHeight:512 arrayBuf.length:524288
2023-10-23 00:38:09,864 DEBUG [    o.s.blitz.repo.ManagedImportRequestI] (2-thread-1) Plane:7 X:512 Y:0 TileWidth:488 TileHeight:512 arrayBuf.length:499712
2023-10-23 00:38:09,884 DEBUG [    o.s.blitz.repo.ManagedImportRequestI] (2-thread-1) Plane:7 X:0 Y:512 TileWidth:512 TileHeight:488 arrayBuf.length:499712
2023-10-23 00:38:09,887 DEBUG [    o.s.blitz.repo.ManagedImportRequestI] (2-thread-1) Plane:7 X:512 Y:512 TileWidth:488 TileHeight:488 arrayBuf.length:476288
2023-10-23 00:38:09,891 DEBUG [    o.s.blitz.repo.ManagedImportRequestI] (2-thread-1) Plane:8 X:0 Y:0 TileWidth:512 TileHeight:512 arrayBuf.length:524288
2023-10-23 00:38:09,895 DEBUG [    o.s.blitz.repo.ManagedImportRequestI] (2-thread-1) Plane:8 X:512 Y:0 TileWidth:488 TileHeight:512 arrayBuf.length:499712
2023-10-23 00:38:09,898 DEBUG [    o.s.blitz.repo.ManagedImportRequestI] (2-thread-1) Plane:8 X:0 Y:512 TileWidth:512 TileHeight:488 arrayBuf.length:499712
2023-10-23 00:38:09,903 DEBUG [    o.s.blitz.repo.ManagedImportRequestI] (2-thread-1) Plane:8 X:512 Y:512 TileWidth:488 TileHeight:488 arrayBuf.length:476288
2023-10-23 00:38:09,906 DEBUG [    o.s.blitz.repo.ManagedImportRequestI] (2-thread-1) Plane:9 X:0 Y:0 TileWidth:512 TileHeight:512 arrayBuf.length:524288
2023-10-23 00:38:09,910 DEBUG [    o.s.blitz.repo.ManagedImportRequestI] (2-thread-1) Plane:9 X:512 Y:0 TileWidth:488 TileHeight:512 arrayBuf.length:499712
2023-10-23 00:38:09,913 DEBUG [    o.s.blitz.repo.ManagedImportRequestI] (2-thread-1) Plane:9 X:0 Y:512 TileWidth:512 TileHeight:488 arrayBuf.length:499712
2023-10-23 00:38:09,916 DEBUG [    o.s.blitz.repo.ManagedImportRequestI] (2-thread-1) Plane:9 X:512 Y:512 TileWidth:488 TileHeight:488 arrayBuf.length:476288
2023-10-23 00:38:09,920 DEBUG [    o.s.blitz.repo.ManagedImportRequestI] (2-thread-1) Plane:10 X:0 Y:0 TileWidth:512 TileHeight:512 arrayBuf.length:524288
2023-10-23 00:38:09,923 DEBUG [    o.s.blitz.repo.ManagedImportRequestI] (2-thread-1) Plane:10 X:512 Y:0 TileWidth:488 TileHeight:512 arrayBuf.length:499712
2023-10-23 00:38:09,926 DEBUG [    o.s.blitz.repo.ManagedImportRequestI] (2-thread-1) Plane:10 X:0 Y:512 TileWidth:512 TileHeight:488 arrayBuf.length:499712
2023-10-23 00:38:09,930 DEBUG [    o.s.blitz.repo.ManagedImportRequestI] (2-thread-1) Plane:10 X:512 Y:512 TileWidth:488 TileHeight:488 arrayBuf.length:476288
2023-10-23 00:38:09,933 DEBUG [    o.s.blitz.repo.ManagedImportRequestI] (2-thread-1) Plane:11 X:0 Y:0 TileWidth:512 TileHeight:512 arrayBuf.length:524288
2023-10-23 00:38:09,937 DEBUG [    o.s.blitz.repo.ManagedImportRequestI] (2-thread-1) Plane:11 X:512 Y:0 TileWidth:488 TileHeight:512 arrayBuf.length:499712
2023-10-23 00:38:09,940 DEBUG [    o.s.blitz.repo.ManagedImportRequestI] (2-thread-1) Plane:11 X:0 Y:512 TileWidth:512 TileHeight:488 arrayBuf.length:499712
2023-10-23 00:38:09,943 DEBUG [    o.s.blitz.repo.ManagedImportRequestI] (2-thread-1) Plane:11 X:512 Y:512 TileWidth:488 TileHeight:488 arrayBuf.length:476288
2023-10-23 00:38:09,946 DEBUG [    o.s.blitz.repo.ManagedImportRequestI] (2-thread-1) Plane:12 X:0 Y:0 TileWidth:512 TileHeight:512 arrayBuf.length:524288
2023-10-23 00:38:09,950 DEBUG [    o.s.blitz.repo.ManagedImportRequestI] (2-thread-1) Plane:12 X:512 Y:0 TileWidth:488 TileHeight:512 arrayBuf.length:499712
2023-10-23 00:38:09,953 DEBUG [    o.s.blitz.repo.ManagedImportRequestI] (2-thread-1) Plane:12 X:0 Y:512 TileWidth:512 TileHeight:488 arrayBuf.length:499712
2023-10-23 00:38:09,957 DEBUG [    o.s.blitz.repo.ManagedImportRequestI] (2-thread-1) Plane:12 X:512 Y:512 TileWidth:488 TileHeight:488 arrayBuf.length:476288
2023-10-23 00:38:09,960 DEBUG [    o.s.blitz.repo.ManagedImportRequestI] (2-thread-1) Plane:13 X:0 Y:0 TileWidth:512 TileHeight:512 arrayBuf.length:524288
2023-10-23 00:38:09,963 DEBUG [    o.s.blitz.repo.ManagedImportRequestI] (2-thread-1) Plane:13 X:512 Y:0 TileWidth:488 TileHeight:512 arrayBuf.length:499712
2023-10-23 00:38:09,967 DEBUG [    o.s.blitz.repo.ManagedImportRequestI] (2-thread-1) Plane:13 X:0 Y:512 TileWidth:512 TileHeight:488 arrayBuf.length:499712
2023-10-23 00:38:09,970 DEBUG [    o.s.blitz.repo.ManagedImportRequestI] (2-thread-1) Plane:13 X:512 Y:512 TileWidth:488 TileHeight:488 arrayBuf.length:476288
2023-10-23 00:38:09,973 DEBUG [    o.s.blitz.repo.ManagedImportRequestI] (2-thread-1) Plane:14 X:0 Y:0 TileWidth:512 TileHeight:512 arrayBuf.length:524288
2023-10-23 00:38:09,976 DEBUG [    o.s.blitz.repo.ManagedImportRequestI] (2-thread-1) Plane:14 X:512 Y:0 TileWidth:488 TileHeight:512 arrayBuf.length:499712
2023-10-23 00:38:09,979 DEBUG [    o.s.blitz.repo.ManagedImportRequestI] (2-thread-1) Plane:14 X:0 Y:512 TileWidth:512 TileHeight:488 arrayBuf.length:499712
2023-10-23 00:38:09,983 DEBUG [    o.s.blitz.repo.ManagedImportRequestI] (2-thread-1) Plane:14 X:512 Y:512 TileWidth:488 TileHeight:488 arrayBuf.length:476288
2023-10-23 00:38:09,986 DEBUG [    o.s.blitz.repo.ManagedImportRequestI] (2-thread-1) Plane:15 X:0 Y:0 TileWidth:512 TileHeight:512 arrayBuf.length:524288
2023-10-23 00:38:09,990 DEBUG [    o.s.blitz.repo.ManagedImportRequestI] (2-thread-1) Plane:15 X:512 Y:0 TileWidth:488 TileHeight:512 arrayBuf.length:499712
2023-10-23 00:38:09,993 DEBUG [    o.s.blitz.repo.ManagedImportRequestI] (2-thread-1) Plane:15 X:0 Y:512 TileWidth:512 TileHeight:488 arrayBuf.length:499712
2023-10-23 00:38:09,996 DEBUG [    o.s.blitz.repo.ManagedImportRequestI] (2-thread-1) Plane:15 X:512 Y:512 TileWidth:488 TileHeight:488 arrayBuf.length:476288
2023-10-23 00:38:10,000 DEBUG [    o.s.blitz.repo.ManagedImportRequestI] (2-thread-1) Plane:16 X:0 Y:0 TileWidth:512 TileHeight:512 arrayBuf.length:524288
2023-10-23 00:38:10,005 DEBUG [    o.s.blitz.repo.ManagedImportRequestI] (2-thread-1) Plane:16 X:512 Y:0 TileWidth:488 TileHeight:512 arrayBuf.length:499712
2023-10-23 00:38:10,008 DEBUG [    o.s.blitz.repo.ManagedImportRequestI] (2-thread-1) Plane:16 X:0 Y:512 TileWidth:512 TileHeight:488 arrayBuf.length:499712
2023-10-23 00:38:10,011 DEBUG [    o.s.blitz.repo.ManagedImportRequestI] (2-thread-1) Plane:16 X:512 Y:512 TileWidth:488 TileHeight:488 arrayBuf.length:476288
2023-10-23 00:38:10,014 DEBUG [    o.s.blitz.repo.ManagedImportRequestI] (2-thread-1) Plane:17 X:0 Y:0 TileWidth:512 TileHeight:512 arrayBuf.length:524288
2023-10-23 00:38:10,018 DEBUG [    o.s.blitz.repo.ManagedImportRequestI] (2-thread-1) Plane:17 X:512 Y:0 TileWidth:488 TileHeight:512 arrayBuf.length:499712
2023-10-23 00:38:10,021 DEBUG [    o.s.blitz.repo.ManagedImportRequestI] (2-thread-1) Plane:17 X:0 Y:512 TileWidth:512 TileHeight:488 arrayBuf.length:499712
2023-10-23 00:38:10,025 DEBUG [    o.s.blitz.repo.ManagedImportRequestI] (2-thread-1) Plane:17 X:512 Y:512 TileWidth:488 TileHeight:488 arrayBuf.length:476288
2023-10-23 00:38:10,028 DEBUG [    o.s.blitz.repo.ManagedImportRequestI] (2-thread-1) Plane:18 X:0 Y:0 TileWidth:512 TileHeight:512 arrayBuf.length:524288
2023-10-23 00:38:10,031 DEBUG [    o.s.blitz.repo.ManagedImportRequestI] (2-thread-1) Plane:18 X:512 Y:0 TileWidth:488 TileHeight:512 arrayBuf.length:499712
2023-10-23 00:38:10,035 DEBUG [    o.s.blitz.repo.ManagedImportRequestI] (2-thread-1) Plane:18 X:0 Y:512 TileWidth:512 TileHeight:488 arrayBuf.length:499712
2023-10-23 00:38:10,039 DEBUG [    o.s.blitz.repo.ManagedImportRequestI] (2-thread-1) Plane:18 X:512 Y:512 TileWidth:488 TileHeight:488 arrayBuf.length:476288
2023-10-23 00:38:10,042 DEBUG [    o.s.blitz.repo.ManagedImportRequestI] (2-thread-1) Plane:19 X:0 Y:0 TileWidth:512 TileHeight:512 arrayBuf.length:524288
2023-10-23 00:38:10,045 DEBUG [    o.s.blitz.repo.ManagedImportRequestI] (2-thread-1) Plane:19 X:512 Y:0 TileWidth:488 TileHeight:512 arrayBuf.length:499712
2023-10-23 00:38:10,049 DEBUG [    o.s.blitz.repo.ManagedImportRequestI] (2-thread-1) Plane:19 X:0 Y:512 TileWidth:512 TileHeight:488 arrayBuf.length:499712
2023-10-23 00:38:10,052 DEBUG [    o.s.blitz.repo.ManagedImportRequestI] (2-thread-1) Plane:19 X:512 Y:512 TileWidth:488 TileHeight:488 arrayBuf.length:476288
2023-10-23 00:38:10,055 DEBUG [    o.s.blitz.repo.ManagedImportRequestI] (2-thread-1) Plane:20 X:0 Y:0 TileWidth:512 TileHeight:512 arrayBuf.length:524288
2023-10-23 00:38:10,059 DEBUG [    o.s.blitz.repo.ManagedImportRequestI] (2-thread-1) Plane:20 X:512 Y:0 TileWidth:488 TileHeight:512 arrayBuf.length:499712
2023-10-23 00:38:10,062 DEBUG [    o.s.blitz.repo.ManagedImportRequestI] (2-thread-1) Plane:20 X:0 Y:512 TileWidth:512 TileHeight:488 arrayBuf.length:499712
2023-10-23 00:38:10,066 DEBUG [    o.s.blitz.repo.ManagedImportRequestI] (2-thread-1) Plane:20 X:512 Y:512 TileWidth:488 TileHeight:488 arrayBuf.length:476288
2023-10-23 00:38:10,069 DEBUG [    o.s.blitz.repo.ManagedImportRequestI] (2-thread-1) Plane:21 X:0 Y:0 TileWidth:512 TileHeight:512 arrayBuf.length:524288
2023-10-23 00:38:10,072 DEBUG [    o.s.blitz.repo.ManagedImportRequestI] (2-thread-1) Plane:21 X:512 Y:0 TileWidth:488 TileHeight:512 arrayBuf.length:499712
2023-10-23 00:38:10,075 DEBUG [    o.s.blitz.repo.ManagedImportRequestI] (2-thread-1) Plane:21 X:0 Y:512 TileWidth:512 TileHeight:488 arrayBuf.length:499712
2023-10-23 00:38:10,079 DEBUG [    o.s.blitz.repo.ManagedImportRequestI] (2-thread-1) Plane:21 X:512 Y:512 TileWidth:488 TileHeight:488 arrayBuf.length:476288
2023-10-23 00:38:10,082 DEBUG [    o.s.blitz.repo.ManagedImportRequestI] (2-thread-1) Plane:22 X:0 Y:0 TileWidth:512 TileHeight:512 arrayBuf.length:524288
2023-10-23 00:38:10,085 DEBUG [    o.s.blitz.repo.ManagedImportRequestI] (2-thread-1) Plane:22 X:512 Y:0 TileWidth:488 TileHeight:512 arrayBuf.length:499712
2023-10-23 00:38:10,089 DEBUG [    o.s.blitz.repo.ManagedImportRequestI] (2-thread-1) Plane:22 X:0 Y:512 TileWidth:512 TileHeight:488 arrayBuf.length:499712
2023-10-23 00:38:10,092 DEBUG [    o.s.blitz.repo.ManagedImportRequestI] (2-thread-1) Plane:22 X:512 Y:512 TileWidth:488 TileHeight:488 arrayBuf.length:476288
2023-10-23 00:38:10,095 DEBUG [    o.s.blitz.repo.ManagedImportRequestI] (2-thread-1) Plane:23 X:0 Y:0 TileWidth:512 TileHeight:512 arrayBuf.length:524288
2023-10-23 00:38:10,099 DEBUG [    o.s.blitz.repo.ManagedImportRequestI] (2-thread-1) Plane:23 X:512 Y:0 TileWidth:488 TileHeight:512 arrayBuf.length:499712
2023-10-23 00:38:10,102 DEBUG [    o.s.blitz.repo.ManagedImportRequestI] (2-thread-1) Plane:23 X:0 Y:512 TileWidth:512 TileHeight:488 arrayBuf.length:499712
2023-10-23 00:38:10,106 DEBUG [    o.s.blitz.repo.ManagedImportRequestI] (2-thread-1) Plane:23 X:512 Y:512 TileWidth:488 TileHeight:488 arrayBuf.length:476288
2023-10-23 00:38:10,109 DEBUG [    o.s.blitz.repo.ManagedImportRequestI] (2-thread-1) Plane:24 X:0 Y:0 TileWidth:512 TileHeight:512 arrayBuf.length:524288
2023-10-23 00:38:10,113 DEBUG [    o.s.blitz.repo.ManagedImportRequestI] (2-thread-1) Plane:24 X:512 Y:0 TileWidth:488 TileHeight:512 arrayBuf.length:499712
2023-10-23 00:38:10,116 DEBUG [    o.s.blitz.repo.ManagedImportRequestI] (2-thread-1) Plane:24 X:0 Y:512 TileWidth:512 TileHeight:488 arrayBuf.length:499712
2023-10-23 00:38:10,119 DEBUG [    o.s.blitz.repo.ManagedImportRequestI] (2-thread-1) Plane:24 X:512 Y:512 TileWidth:488 TileHeight:488 arrayBuf.length:476288
2023-10-23 00:38:10,122 DEBUG [    o.s.blitz.repo.ManagedImportRequestI] (2-thread-1) Plane:25 X:0 Y:0 TileWidth:512 TileHeight:512 arrayBuf.length:524288
2023-10-23 00:38:10,126 DEBUG [    o.s.blitz.repo.ManagedImportRequestI] (2-thread-1) Plane:25 X:512 Y:0 TileWidth:488 TileHeight:512 arrayBuf.length:499712
2023-10-23 00:38:10,129 DEBUG [    o.s.blitz.repo.ManagedImportRequestI] (2-thread-1) Plane:25 X:0 Y:512 TileWidth:512 TileHeight:488 arrayBuf.length:499712
2023-10-23 00:38:10,133 DEBUG [    o.s.blitz.repo.ManagedImportRequestI] (2-thread-1) Plane:25 X:512 Y:512 TileWidth:488 TileHeight:488 arrayBuf.length:476288
2023-10-23 00:38:10,136 DEBUG [    o.s.blitz.repo.ManagedImportRequestI] (2-thread-1) Plane:26 X:0 Y:0 TileWidth:512 TileHeight:512 arrayBuf.length:524288
2023-10-23 00:38:10,140 DEBUG [    o.s.blitz.repo.ManagedImportRequestI] (2-thread-1) Plane:26 X:512 Y:0 TileWidth:488 TileHeight:512 arrayBuf.length:499712
2023-10-23 00:38:10,143 DEBUG [    o.s.blitz.repo.ManagedImportRequestI] (2-thread-1) Plane:26 X:0 Y:512 TileWidth:512 TileHeight:488 arrayBuf.length:499712
2023-10-23 00:38:10,146 DEBUG [    o.s.blitz.repo.ManagedImportRequestI] (2-thread-1) Plane:26 X:512 Y:512 TileWidth:488 TileHeight:488 arrayBuf.length:476288
2023-10-23 00:38:10,150 DEBUG [    o.s.blitz.repo.ManagedImportRequestI] (2-thread-1) Plane:27 X:0 Y:0 TileWidth:512 TileHeight:512 arrayBuf.length:524288
2023-10-23 00:38:10,153 DEBUG [    o.s.blitz.repo.ManagedImportRequestI] (2-thread-1) Plane:27 X:512 Y:0 TileWidth:488 TileHeight:512 arrayBuf.length:499712
2023-10-23 00:38:10,156 DEBUG [    o.s.blitz.repo.ManagedImportRequestI] (2-thread-1) Plane:27 X:0 Y:512 TileWidth:512 TileHeight:488 arrayBuf.length:499712
2023-10-23 00:38:10,160 DEBUG [    o.s.blitz.repo.ManagedImportRequestI] (2-thread-1) Plane:27 X:512 Y:512 TileWidth:488 TileHeight:488 arrayBuf.length:476288
2023-10-23 00:38:10,163 DEBUG [    o.s.blitz.repo.ManagedImportRequestI] (2-thread-1) Plane:28 X:0 Y:0 TileWidth:512 TileHeight:512 arrayBuf.length:524288
2023-10-23 00:38:10,166 DEBUG [    o.s.blitz.repo.ManagedImportRequestI] (2-thread-1) Plane:28 X:512 Y:0 TileWidth:488 TileHeight:512 arrayBuf.length:499712
2023-10-23 00:38:10,169 DEBUG [    o.s.blitz.repo.ManagedImportRequestI] (2-thread-1) Plane:28 X:0 Y:512 TileWidth:512 TileHeight:488 arrayBuf.length:499712
2023-10-23 00:38:10,173 DEBUG [    o.s.blitz.repo.ManagedImportRequestI] (2-thread-1) Plane:28 X:512 Y:512 TileWidth:488 TileHeight:488 arrayBuf.length:476288
2023-10-23 00:38:10,198 INFO  [    ome.security.basic.BasicEventContext] (.Server-12)  cctx:	group=0
2023-10-23 00:38:10,203 INFO  [         ome.security.basic.EventHandler] (.Server-12)  Auth:	user=0,group=0,event=139040(User),sess=1d451b7e-6b08-4e47-85c5-6edd5995961c
2023-10-23 00:38:10,208 INFO  [                 org.perf4j.TimingLogger] (.Server-12) start[1698021490197] time[10] tag[omero.call.success.ome.services.blitz.impl.MetadataStoreI$7.doWork]
2023-10-23 00:38:10,211 INFO  [    ome.security.basic.BasicEventContext] (l.Server-6)  cctx:	group=0
2023-10-23 00:38:10,215 INFO  [         ome.security.basic.EventHandler] (l.Server-6)  Auth:	user=0,group=0,event=139041(User),sess=1d451b7e-6b08-4e47-85c5-6edd5995961c
2023-10-23 00:38:10,329 INFO  [       ome.security.basic.CurrentDetails] (l.Server-6) Adding log:UPDATE,class ome.model.core.Pixels,355
2023-10-23 00:38:10,335 INFO  [                 org.perf4j.TimingLogger] (l.Server-6) start[1698021490210] time[124] tag[omero.call.success.ome.logic.UpdateImpl.saveArray]
2023-10-23 00:38:10,336 INFO  [    ome.security.basic.BasicEventContext] (.Server-13)  cctx:	group=0
2023-10-23 00:38:10,340 INFO  [         ome.security.basic.EventHandler] (.Server-13)  Auth:	user=0,group=0,event=139042(User),sess=1d451b7e-6b08-4e47-85c5-6edd5995961c
2023-10-23 00:38:10,351 INFO  [                 org.perf4j.TimingLogger] (.Server-13) start[1698021490335] time[16] tag[omero.call.success.ome.services.blitz.impl.MetadataStoreI$2.doWork]
2023-10-23 00:38:10,352 INFO  [                 org.perf4j.TimingLogger] (2-thread-1) start[1698021489749] time[603] tag[omero.import.request.pixels]
2023-10-23 00:38:10,353 INFO  [    ome.security.basic.BasicEventContext] (.Server-14)  cctx:	group=0
2023-10-23 00:38:10,353 INFO  [         ome.security.basic.EventHandler] (.Server-14)  Auth:	user=0,group=0,event=null(User),sess=1d451b7e-6b08-4e47-85c5-6edd5995961c
2023-10-23 00:38:10,354 INFO  [                 org.perf4j.TimingLogger] (.Server-14) start[1698021490352] time[2] tag[omero.call.success.ome.logic.QueryImpl.get]
2023-10-23 00:38:10,356 INFO  [    ome.security.basic.BasicEventContext] (l.Server-2)  cctx:	group=0
2023-10-23 00:38:10,358 INFO  [         ome.security.basic.EventHandler] (l.Server-2)  Auth:	user=0,group=0,event=139043(User),sess=1d451b7e-6b08-4e47-85c5-6edd5995961c
2023-10-23 00:38:10,359 INFO  [       ome.security.basic.CurrentDetails] (l.Server-2) Adding log:UPDATE,class ome.model.core.OriginalFile,6751
2023-10-23 00:38:10,362 INFO  [                 org.perf4j.TimingLogger] (l.Server-2) start[1698021490355] time[7] tag[omero.call.success.ome.logic.UpdateImpl.saveObject]
2023-10-23 00:38:10,363 INFO  [                 org.perf4j.TimingLogger] (2-thread-1) start[1698021489749] time[613] tag[omero.import.request.step]
2023-10-23 00:38:10,363 DEBUG [    o.s.blitz.repo.ManagedImportRequestI] (2-thread-1) Step 2
2023-10-23 00:38:10,364 INFO  [    ome.security.basic.BasicEventContext] (.Server-11)  cctx:	group=0
2023-10-23 00:38:10,368 INFO  [         ome.security.basic.EventHandler] (.Server-11)  Auth:	user=0,group=0,event=139044(User),sess=1d451b7e-6b08-4e47-85c5-6edd5995961c
2023-10-23 00:38:10,371 INFO  [                 org.perf4j.TimingLogger] (.Server-11) start[1698021490368] time[3] tag[omero.loadPixels]
2023-10-23 00:38:10,375 INFO  [                 org.perf4j.TimingLogger] (.Server-11) start[1698021490373] time[2] tag[omero.loadRenderingSettingsByUser]
2023-10-23 00:38:10,385 DEBUG [                   loci.formats.Memoizer] (.Server-11) start[1698021490377] time[8] tag[loci.formats.Memoizer.loadMemo]
2023-10-23 00:38:10,395 INFO  [                loci.formats.ImageReader] (.Server-11) OMETiffReader initializing /OMERO/ManagedRepository/root_0/2023-10/23/00-38-07.640/HP-241207_IMC_220725-160200_SSF-SO_ROI_003_16bit.ome.tiff
2023-10-23 00:38:10,397 INFO  [       loci.formats.in.MinimalTiffReader] (.Server-11) Reading IFDs
2023-10-23 00:38:10,397 INFO  [       loci.formats.in.MinimalTiffReader] (.Server-11) Populating metadata
2023-10-23 00:38:10,402 DEBUG [                   loci.formats.Memoizer] (.Server-11) saved to temp file: /OMERO/BioFormatsCache/OMERO/ManagedRepository/root_0/2023-10/23/00-38-07.640/.HP-241207_IMC_220725-160200_SSF-SO_ROI_003_16bit.ome.tiff.bfmemo3558632459499601348
2023-10-23 00:38:10,402 DEBUG [                   loci.formats.Memoizer] (.Server-11) start[1698021490401] time[1] tag[loci.formats.Memoizer.saveMemo]
2023-10-23 00:38:10,402 DEBUG [                   loci.formats.Memoizer] (.Server-11) saved memo file: /OMERO/BioFormatsCache/OMERO/ManagedRepository/root_0/2023-10/23/00-38-07.640/.HP-241207_IMC_220725-160200_SSF-SO_ROI_003_16bit.ome.tiff.bfmemo (42241 bytes)
2023-10-23 00:38:10,402 DEBUG [                   loci.formats.Memoizer] (.Server-11) start[1698021490377] time[25] tag[loci.formats.Memoizer.setId]
2023-10-23 00:38:10,408 INFO  [       ome.security.basic.CurrentDetails] (.Server-11) Adding log:INSERT,class ome.model.display.QuantumDef,355
2023-10-23 00:38:10,409 INFO  [       ome.security.basic.CurrentDetails] (.Server-11) Adding log:INSERT,class ome.model.display.RenderingDef,355
2023-10-23 00:38:10,409 INFO  [       ome.security.basic.CurrentDetails] (.Server-11) Adding log:INSERT,class ome.model.display.ChannelBinding,2267
2023-10-23 00:38:10,409 INFO  [       ome.security.basic.CurrentDetails] (.Server-11) Adding log:INSERT,class ome.model.display.ChannelBinding,2268
2023-10-23 00:38:10,409 INFO  [       ome.security.basic.CurrentDetails] (.Server-11) Adding log:INSERT,class ome.model.display.ChannelBinding,2269
2023-10-23 00:38:10,409 INFO  [       ome.security.basic.CurrentDetails] (.Server-11) Adding log:INSERT,class ome.model.display.ChannelBinding,2270
2023-10-23 00:38:10,409 INFO  [       ome.security.basic.CurrentDetails] (.Server-11) Adding log:INSERT,class ome.model.display.ChannelBinding,2271
2023-10-23 00:38:10,410 INFO  [       ome.security.basic.CurrentDetails] (.Server-11) Adding log:INSERT,class ome.model.display.ChannelBinding,2272
2023-10-23 00:38:10,410 INFO  [       ome.security.basic.CurrentDetails] (.Server-11) Adding log:INSERT,class ome.model.display.ChannelBinding,2273
2023-10-23 00:38:10,410 INFO  [       ome.security.basic.CurrentDetails] (.Server-11) Adding log:INSERT,class ome.model.display.ChannelBinding,2274
2023-10-23 00:38:10,410 INFO  [       ome.security.basic.CurrentDetails] (.Server-11) Adding log:INSERT,class ome.model.display.ChannelBinding,2275
2023-10-23 00:38:10,410 INFO  [       ome.security.basic.CurrentDetails] (.Server-11) Adding log:INSERT,class ome.model.display.ChannelBinding,2276
2023-10-23 00:38:10,410 INFO  [       ome.security.basic.CurrentDetails] (.Server-11) Adding log:INSERT,class ome.model.display.ChannelBinding,2277
2023-10-23 00:38:10,410 INFO  [       ome.security.basic.CurrentDetails] (.Server-11) Adding log:INSERT,class ome.model.display.ChannelBinding,2278
2023-10-23 00:38:10,410 INFO  [       ome.security.basic.CurrentDetails] (.Server-11) Adding log:INSERT,class ome.model.display.ChannelBinding,2279
2023-10-23 00:38:10,411 INFO  [       ome.security.basic.CurrentDetails] (.Server-11) Adding log:INSERT,class ome.model.display.ChannelBinding,2280
2023-10-23 00:38:10,411 INFO  [       ome.security.basic.CurrentDetails] (.Server-11) Adding log:INSERT,class ome.model.display.ChannelBinding,2281
2023-10-23 00:38:10,411 INFO  [       ome.security.basic.CurrentDetails] (.Server-11) Adding log:INSERT,class ome.model.display.ChannelBinding,2282
2023-10-23 00:38:10,411 INFO  [       ome.security.basic.CurrentDetails] (.Server-11) Adding log:INSERT,class ome.model.display.ChannelBinding,2283
2023-10-23 00:38:10,411 INFO  [       ome.security.basic.CurrentDetails] (.Server-11) Adding log:INSERT,class ome.model.display.ChannelBinding,2284
2023-10-23 00:38:10,411 INFO  [       ome.security.basic.CurrentDetails] (.Server-11) Adding log:INSERT,class ome.model.display.ChannelBinding,2285
2023-10-23 00:38:10,411 INFO  [       ome.security.basic.CurrentDetails] (.Server-11) Adding log:INSERT,class ome.model.display.ChannelBinding,2286
2023-10-23 00:38:10,411 INFO  [       ome.security.basic.CurrentDetails] (.Server-11) Adding log:INSERT,class ome.model.display.ChannelBinding,2287
2023-10-23 00:38:10,412 INFO  [       ome.security.basic.CurrentDetails] (.Server-11) Adding log:INSERT,class ome.model.display.ChannelBinding,2288
2023-10-23 00:38:10,412 INFO  [       ome.security.basic.CurrentDetails] (.Server-11) Adding log:INSERT,class ome.model.display.ChannelBinding,2289
2023-10-23 00:38:10,412 INFO  [       ome.security.basic.CurrentDetails] (.Server-11) Adding log:INSERT,class ome.model.display.ChannelBinding,2290
2023-10-23 00:38:10,412 INFO  [       ome.security.basic.CurrentDetails] (.Server-11) Adding log:INSERT,class ome.model.display.ChannelBinding,2291
2023-10-23 00:38:10,412 INFO  [       ome.security.basic.CurrentDetails] (.Server-11) Adding log:INSERT,class ome.model.display.ChannelBinding,2292
2023-10-23 00:38:10,412 INFO  [       ome.security.basic.CurrentDetails] (.Server-11) Adding log:INSERT,class ome.model.display.ChannelBinding,2293
2023-10-23 00:38:10,412 INFO  [       ome.security.basic.CurrentDetails] (.Server-11) Adding log:INSERT,class ome.model.display.ChannelBinding,2294
2023-10-23 00:38:10,412 INFO  [       ome.security.basic.CurrentDetails] (.Server-11) Adding log:INSERT,class ome.model.display.ChannelBinding,2295
2023-10-23 00:38:10,416 INFO  [                 org.perf4j.TimingLogger] (.Server-11) start[1698021490406] time[9] tag[omero.resetDefaultsInSet.saveAndReturn]
2023-10-23 00:38:10,416 INFO  [                 org.perf4j.TimingLogger] (.Server-11) start[1698021490368] time[47] tag[omero.resetDefaultsInSet]
2023-10-23 00:38:10,421 INFO  [                 org.perf4j.TimingLogger] (.Server-11) start[1698021490363] time[57] tag[omero.call.success.ome.logic.RenderingSettingsImpl.resetDefaultsInSet]
2023-10-23 00:38:10,422 INFO  [    ome.security.basic.BasicEventContext] (.Server-12)  cctx:	group=0
2023-10-23 00:38:10,425 INFO  [         ome.security.basic.EventHandler] (.Server-12)  Auth:	user=0,group=0,event=139045(User),sess=1d451b7e-6b08-4e47-85c5-6edd5995961c
2023-10-23 00:38:10,426 INFO  [                 org.perf4j.TimingLogger] (.Server-12) start[1698021490425] time[1] tag[omero.bulkLoadRenderingSettings]
2023-10-23 00:38:10,426 INFO  [                 org.perf4j.TimingLogger] (.Server-12) start[1698021490426] time[0] tag[omero.createAndPrepareMissingRenderingSettings]
2023-10-23 00:38:10,427 INFO  [                 org.perf4j.TimingLogger] (.Server-12) start[1698021490426] time[1] tag[omero.bulkLoadMetadata]
2023-10-23 00:38:10,428 INFO  [                 org.perf4j.TimingLogger] (.Server-12) start[1698021490426] time[1] tag[omero.loadMetadataByDimensionPool]
2023-10-23 00:38:10,428 INFO  [       ome.security.basic.CurrentDetails] (.Server-12) Adding log:INSERT,class ome.model.display.Thumbnail,355
2023-10-23 00:38:10,429 INFO  [                 org.perf4j.TimingLogger] (.Server-12) start[1698021490429] time[0] tag[omero.bulkLoadMetadata]
2023-10-23 00:38:10,429 INFO  [                 org.perf4j.TimingLogger] (.Server-12) start[1698021490429] time[0] tag[omero.loadMetadataByDimensionPool]
2023-10-23 00:38:10,429 INFO  [                 org.perf4j.TimingLogger] (.Server-12) start[1698021490428] time[1] tag[omero.createMissingThumbnailMetadata]
2023-10-23 00:38:10,429 INFO  [    ome.security.basic.BasicEventContext] (.Server-12)  cctx:	group=0
2023-10-23 00:38:10,432 INFO  [         ome.security.basic.EventHandler] (.Server-12)  Auth:	user=0,group=0,event=139046(User),sess=1d451b7e-6b08-4e47-85c5-6edd5995961c
2023-10-23 00:38:10,432 INFO  [                 org.perf4j.TimingLogger] (.Server-12) start[1698021490432] time[0] tag[omero._createThumbnail(thumbMetaData)]
2023-10-23 00:38:10,447 DEBUG [                   loci.formats.Memoizer] (.Server-12) loaded memo file: /OMERO/BioFormatsCache/OMERO/ManagedRepository/root_0/2023-10/23/00-38-07.640/.HP-241207_IMC_220725-160200_SSF-SO_ROI_003_16bit.ome.tiff.bfmemo (42241 bytes)
2023-10-23 00:38:10,447 DEBUG [                   loci.formats.Memoizer] (.Server-12) start[1698021490440] time[6] tag[loci.formats.Memoizer.loadMemo]
2023-10-23 00:38:10,447 DEBUG [                   loci.formats.Memoizer] (.Server-12) start[1698021490440] time[7] tag[loci.formats.Memoizer.setId]
2023-10-23 00:38:10,449 INFO  [       ome.logic.JavaImageScalingService] (.Server-12) Scaling to: 96x96
2023-10-23 00:38:10,453 INFO  [                 org.perf4j.TimingLogger] (.Server-12) start[1698021490449] time[3] tag[java-image-scaling.resampleOp]
2023-10-23 00:38:10,453 INFO  [                 org.perf4j.TimingLogger] (.Server-12) start[1698021490432] time[21] tag[omero._createThumbnail]
2023-10-23 00:38:10,459 INFO  [                 org.perf4j.TimingLogger] (.Server-12) start[1698021490421] time[37] tag[omero.call.success.ome.services.ThumbnailBean.createThumbnailsByLongestSideSet]
2023-10-23 00:38:10,459 INFO  [                 org.perf4j.TimingLogger] (2-thread-1) start[1698021490363] time[96] tag[omero.import.request.thumbs]
2023-10-23 00:38:10,460 INFO  [    ome.security.basic.BasicEventContext] (l.Server-6)  cctx:	group=0
2023-10-23 00:38:10,461 INFO  [         ome.security.basic.EventHandler] (l.Server-6)  Auth:	user=0,group=0,event=null(User),sess=1d451b7e-6b08-4e47-85c5-6edd5995961c
2023-10-23 00:38:10,461 INFO  [                 org.perf4j.TimingLogger] (l.Server-6) start[1698021490459] time[1] tag[omero.call.success.ome.logic.QueryImpl.get]
2023-10-23 00:38:10,462 INFO  [    ome.security.basic.BasicEventContext] (.Server-13)  cctx:	group=0
2023-10-23 00:38:10,465 INFO  [         ome.security.basic.EventHandler] (.Server-13)  Auth:	user=0,group=0,event=139047(User),sess=1d451b7e-6b08-4e47-85c5-6edd5995961c
2023-10-23 00:38:10,467 INFO  [       ome.security.basic.CurrentDetails] (.Server-13) Adding log:UPDATE,class ome.model.core.OriginalFile,6751
2023-10-23 00:38:10,470 INFO  [                 org.perf4j.TimingLogger] (.Server-13) start[1698021490462] time[8] tag[omero.call.success.ome.logic.UpdateImpl.saveObject]
2023-10-23 00:38:10,470 INFO  [                 org.perf4j.TimingLogger] (2-thread-1) start[1698021490363] time[107] tag[omero.import.request.step]
2023-10-23 00:38:10,470 DEBUG [    o.s.blitz.repo.ManagedImportRequestI] (2-thread-1) Step 3
2023-10-23 00:38:10,471 INFO  [    ome.security.basic.BasicEventContext] (.Server-14)  cctx:	group=0
2023-10-23 00:38:10,472 INFO  [         ome.security.basic.EventHandler] (.Server-14)  Auth:	user=0,group=0,event=null(User),sess=1d451b7e-6b08-4e47-85c5-6edd5995961c
2023-10-23 00:38:10,473 INFO  [                 org.perf4j.TimingLogger] (.Server-14) start[1698021490471] time[1] tag[omero.call.success.ome.services.blitz.impl.MetadataStoreI$6.doWork]
2023-10-23 00:38:10,473 INFO  [    ome.security.basic.BasicEventContext] (l.Server-2)  cctx:	group=0
2023-10-23 00:38:10,474 INFO  [         ome.security.basic.EventHandler] (l.Server-2)  Auth:	user=0,group=0,event=null(User),sess=1d451b7e-6b08-4e47-85c5-6edd5995961c
2023-10-23 00:38:10,475 INFO  [                 org.perf4j.TimingLogger] (l.Server-2) start[1698021490473] time[1] tag[omero.call.success.ome.logic.QueryImpl.get]
2023-10-23 00:38:10,475 INFO  [    ome.security.basic.BasicEventContext] (.Server-11)  cctx:	group=0
2023-10-23 00:38:10,478 INFO  [         ome.security.basic.EventHandler] (.Server-11)  Auth:	user=0,group=0,event=139048(User),sess=1d451b7e-6b08-4e47-85c5-6edd5995961c
2023-10-23 00:38:10,479 INFO  [       ome.security.basic.CurrentDetails] (.Server-11) Adding log:UPDATE,class ome.model.core.OriginalFile,6751
2023-10-23 00:38:10,482 INFO  [                 org.perf4j.TimingLogger] (.Server-11) start[1698021490475] time[7] tag[omero.call.success.ome.logic.UpdateImpl.saveObject]
2023-10-23 00:38:10,482 INFO  [                 org.perf4j.TimingLogger] (2-thread-1) start[1698021490470] time[12] tag[omero.import.request.step]
2023-10-23 00:38:10,483 DEBUG [    o.s.blitz.repo.ManagedImportRequestI] (2-thread-1) Step 4
2023-10-23 00:38:10,484 INFO  [    ome.security.basic.BasicEventContext] (.Server-12)  cctx:	group=0
2023-10-23 00:38:10,485 INFO  [         ome.security.basic.EventHandler] (.Server-12)  Auth:	user=0,group=0,event=null(User),sess=1d451b7e-6b08-4e47-85c5-6edd5995961c
2023-10-23 00:38:10,486 INFO  [                 org.perf4j.TimingLogger] (.Server-12) start[1698021490483] time[2] tag[omero.call.success.ome.logic.QueryImpl.get]
2023-10-23 00:38:10,487 INFO  [    ome.security.basic.BasicEventContext] (l.Server-6)  cctx:	group=0
2023-10-23 00:38:10,490 INFO  [         ome.security.basic.EventHandler] (l.Server-6)  Auth:	user=0,group=0,event=139049(User),sess=1d451b7e-6b08-4e47-85c5-6edd5995961c
2023-10-23 00:38:10,491 INFO  [       ome.security.basic.CurrentDetails] (l.Server-6) Adding log:UPDATE,class ome.model.core.OriginalFile,6751
2023-10-23 00:38:10,494 INFO  [                 org.perf4j.TimingLogger] (l.Server-6) start[1698021490486] time[7] tag[omero.call.success.ome.logic.UpdateImpl.saveObject]
2023-10-23 00:38:10,494 INFO  [                 org.perf4j.TimingLogger] (2-thread-1) start[1698021490483] time[11] tag[omero.import.request.step]
2023-10-23 00:38:10,498 INFO  [    ome.security.basic.BasicEventContext] (.Server-13)  cctx:	group=0
2023-10-23 00:38:10,502 INFO  [         ome.security.basic.EventHandler] (.Server-13)  Auth:	user=0,group=0,event=139050(User),sess=1d451b7e-6b08-4e47-85c5-6edd5995961c
2023-10-23 00:38:10,505 INFO  [                 org.perf4j.TimingLogger] (.Server-13) start[1698021490498] time[6] tag[omero.call.success.ome.services.RawFileBean.close]
2023-10-23 00:38:10,505 DEBUG [                omero.util.ServantHolder] (.Server-13) Removed omero.api._RawFileStoreTie@8181e9e from omero.util.ServantHolder@653627b9 as 3a7bc95a-bb2e-48b4-9d90-c9e1dd18fc4eomero.api.RawFileStore
2023-10-23 00:38:10,505 INFO  [                      omero.cmd.SessionI] (.Server-13) Unregistered servant:1d451b7e-6b08-4e47-85c5-6edd5995961c/3a7bc95a-bb2e-48b4-9d90-c9e1dd18fc4eomero.api.RawFileStore(omero.api._RawFileStoreTie@8181e9e)
2023-10-23 00:38:10,506 INFO  [    ome.security.basic.BasicEventContext] (.Server-14)  cctx:	group=0
2023-10-23 00:38:10,509 INFO  [         ome.security.basic.EventHandler] (.Server-14)  Auth:	user=0,group=0,event=139051(User),sess=1d451b7e-6b08-4e47-85c5-6edd5995961c
2023-10-23 00:38:10,511 INFO  [                 org.perf4j.TimingLogger] (.Server-14) start[1698021490505] time[6] tag[omero.call.success.ome.services.RawPixelsBean.close]
2023-10-23 00:38:10,511 DEBUG [                omero.util.ServantHolder] (.Server-14) Removed omero.api._RawPixelsStoreTie@fc566b6e from omero.util.ServantHolder@653627b9 as e2d6d3bd-70e6-4ba3-b54a-7ac69871eec9omero.api.RawPixelsStore
2023-10-23 00:38:10,511 INFO  [                      omero.cmd.SessionI] (.Server-14) Unregistered servant:1d451b7e-6b08-4e47-85c5-6edd5995961c/e2d6d3bd-70e6-4ba3-b54a-7ac69871eec9omero.api.RawPixelsStore(omero.api._RawPixelsStoreTie@fc566b6e)
2023-10-23 00:38:10,512 INFO  [    ome.security.basic.BasicEventContext] (l.Server-2)  cctx:	group=0
2023-10-23 00:38:10,512 INFO  [         ome.security.basic.EventHandler] (l.Server-2)  Auth:	user=0,group=0,event=null(User),sess=1d451b7e-6b08-4e47-85c5-6edd5995961c
2023-10-23 00:38:10,513 INFO  [                 org.perf4j.TimingLogger] (l.Server-2) start[1698021490511] time[1] tag[omero.call.success.ome.services.ThumbnailBean.close]
2023-10-23 00:38:10,513 DEBUG [                omero.util.ServantHolder] (l.Server-2) Removed omero.api._ThumbnailStoreTie@df949970 from omero.util.ServantHolder@653627b9 as d58e05d4-4898-4179-8f80-427d37aeac76omero.api.ThumbnailStore
2023-10-23 00:38:10,513 INFO  [                      omero.cmd.SessionI] (l.Server-2) Unregistered servant:1d451b7e-6b08-4e47-85c5-6edd5995961c/d58e05d4-4898-4179-8f80-427d37aeac76omero.api.ThumbnailStore(omero.api._ThumbnailStoreTie@df949970)
2023-10-23 00:38:10,513 DEBUG [                omero.util.ServantHolder] (.Server-11) Removed omero.api._MetadataStoreTie@e75be458 from omero.util.ServantHolder@653627b9 as 62e8f5ad-8696-4fc0-aea1-6672f55f8445omero.api.MetadataStore
2023-10-23 00:38:10,513 INFO  [                      omero.cmd.SessionI] (.Server-11) Unregistered servant:1d451b7e-6b08-4e47-85c5-6edd5995961c/62e8f5ad-8696-4fc0-aea1-6672f55f8445omero.api.MetadataStore(omero.api._MetadataStoreTie@e75be458)
2023-10-23 00:38:10,513 INFO  [    o.s.blitz.repo.ManagedImportRequestI] (2-thread-1) Cleaning up import.
2023-10-23 00:38:10,516 INFO  [         ome.security.basic.EventHandler] (l.Server-6)  Auth:	user=0,group=0,event=null(User),sess=1d451b7e-6b08-4e47-85c5-6edd5995961c
2023-10-23 00:38:10,517 INFO  [                 org.perf4j.TimingLogger] (l.Server-6) start[1698021490515] time[2] tag[omero.call.success.ome.logic.QueryImpl.get]
2023-10-23 00:38:10,523 INFO  [         ome.security.basic.EventHandler] (.Server-14)  Auth:	user=0,group=0,event=139052(User),sess=1d451b7e-6b08-4e47-85c5-6edd5995961c
2023-10-23 00:38:10,525 INFO  [       ome.security.basic.CurrentDetails] (.Server-14) Adding log:UPDATE,class ome.model.core.OriginalFile,6751
2023-10-23 00:38:10,529 INFO  [                 org.perf4j.TimingLogger] (.Server-14) start[1698021490519] time[9] tag[omero.call.success.ome.logic.UpdateImpl.saveObject]
