2023-10-23 00:38:05,673 INFO  [                 org.perf4j.TimingLogger] (.Server-13) start[1698021485662] time[10] tag[omero.import.process.init]
2023-10-23 00:38:05,678 INFO  [         ome.security.basic.EventHandler] (.Server-13)  Auth:	user=0,group=0,event=138988(User),sess=1d451b7e-6b08-4e47-85c5-6edd5995961c
2023-10-23 00:38:05,680 INFO  [       ome.security.basic.CurrentDetails] (.Server-13) Adding log:INSERT,class ome.model.jobs.UploadJob,6802
2023-10-23 00:38:05,681 INFO  [       ome.security.basic.CurrentDetails] (.Server-13) Adding log:INSERT,class ome.model.jobs.JobOriginalFileLink,11076
2023-10-23 00:38:05,686 INFO  [       ome.security.basic.CurrentDetails] (.Server-13) Adding log:INSERT,class ome.model.jobs.MetadataImportJob,6803
2023-10-23 00:38:05,689 INFO  [       ome.security.basic.CurrentDetails] (.Server-13) Adding log:INSERT,class ome.model.jobs.PixelDataJob,6804
2023-10-23 00:38:05,691 INFO  [       ome.security.basic.CurrentDetails] (.Server-13) Adding log:INSERT,class ome.model.jobs.ThumbnailGenerationJob,6805
2023-10-23 00:38:05,694 INFO  [       ome.security.basic.CurrentDetails] (.Server-13) Adding log:INSERT,class ome.model.jobs.IndexingJob,6806
2023-10-23 00:38:05,696 INFO  [                 org.perf4j.TimingLogger] (.Server-13) start[1698021485696] time[0] tag[omero.repo.internal_register.find_repo_files]
2023-10-23 00:38:05,697 INFO  [       ome.security.basic.CurrentDetails] (.Server-13) Adding log:INSERT,class ome.model.core.OriginalFile,6749
2023-10-23 00:38:05,698 INFO  [                 org.perf4j.TimingLogger] (.Server-13) start[1698021485696] time[1] tag[omero.repo.create_original_file.save]
2023-10-23 00:38:05,698 INFO  [                 org.perf4j.TimingLogger] (.Server-13) start[1698021485698] time[0] tag[omero.repo.create_original_file.internal_mkdir]
2023-10-23 00:38:05,698 INFO  [                 org.perf4j.TimingLogger] (.Server-13) start[1698021485698] time[0] tag[omero.repo.internal_register.load]
2023-10-23 00:38:05,698 INFO  [                 org.perf4j.TimingLogger] (.Server-13) start[1698021485696] time[2] tag[omero.repo.save_fileset.register]
2023-10-23 00:38:05,698 INFO  [                 org.perf4j.TimingLogger] (.Server-13) start[1698021485698] time[0] tag[omero.repo.save_fileset.update_fileset_entries]
2023-10-23 00:38:05,700 INFO  [       ome.security.basic.CurrentDetails] (.Server-13) Adding log:INSERT,class ome.model.fs.Fileset,354
2023-10-23 00:38:05,700 INFO  [       ome.security.basic.CurrentDetails] (.Server-13) Adding log:INSERT,class ome.model.fs.FilesetJobLink,566
2023-10-23 00:38:05,700 INFO  [       ome.security.basic.CurrentDetails] (.Server-13) Adding log:INSERT,class ome.model.fs.FilesetJobLink,567
2023-10-23 00:38:05,701 INFO  [       ome.security.basic.CurrentDetails] (.Server-13) Adding log:INSERT,class ome.model.fs.FilesetJobLink,568
2023-10-23 00:38:05,701 INFO  [       ome.security.basic.CurrentDetails] (.Server-13) Adding log:INSERT,class ome.model.fs.FilesetJobLink,569
2023-10-23 00:38:05,701 INFO  [       ome.security.basic.CurrentDetails] (.Server-13) Adding log:INSERT,class ome.model.fs.FilesetJobLink,570
2023-10-23 00:38:05,701 INFO  [       ome.security.basic.CurrentDetails] (.Server-13) Adding log:INSERT,class ome.model.fs.FilesetEntry,354
2023-10-23 00:38:05,702 INFO  [                 org.perf4j.TimingLogger] (.Server-13) start[1698021485698] time[4] tag[omero.repo.save_fileset.save]
2023-10-23 00:38:05,706 INFO  [                 org.perf4j.TimingLogger] (.Server-13) start[1698021485674] time[32] tag[omero.call.success.ome.services.blitz.repo.RepositoryDaoImpl$8.doWork]
2023-10-23 00:38:05,707 INFO  [                 org.perf4j.TimingLogger] (.Server-13) start[1698021485674] time[32] tag[omero.repo.save_fileset]
2023-10-23 00:38:05,707 INFO  [                      omero.cmd.SessionI] (.Server-13) Added servant to adapter: 1d451b7e-6b08-4e47-85c5-6edd5995961c/b568e8a6-b928-4f51-9c66-25ca2ff7e0c1-ManagedImportProcessI(omero.grid._ImportProcessTie@d63d6656)
2023-10-23 00:38:05,707 DEBUG [                omero.util.ServantHolder] (.Server-13) Added omero.grid._ImportProcessTie@d63d6656 to omero.util.ServantHolder@653627b9 as b568e8a6-b928-4f51-9c66-25ca2ff7e0c1-ManagedImportProcessI
2023-10-23 00:38:05,707 INFO  [                 org.perf4j.TimingLogger] (.Server-13) start[1698021485674] time[33] tag[omero.import.process.create]
2023-10-23 00:38:05,713 INFO  [         ome.security.basic.EventHandler] (l.Server-6)  Auth:	user=0,group=0,event=null(User),sess=1d451b7e-6b08-4e47-85c5-6edd5995961c
2023-10-23 00:38:05,716 INFO  [                 org.perf4j.TimingLogger] (l.Server-6) start[1698021485712] time[4] tag[omero.call.success.ome.services.blitz.repo.RepositoryDaoImpl$2.doWork]
2023-10-23 00:38:05,718 INFO  [         ome.security.basic.EventHandler] (l.Server-6)  Auth:	user=0,group=0,event=null(User),sess=1d451b7e-6b08-4e47-85c5-6edd5995961c
2023-10-23 00:38:05,719 INFO  [                 org.perf4j.TimingLogger] (l.Server-6) start[1698021485717] time[2] tag[omero.call.success.ome.services.blitz.repo.RepositoryDaoImpl$4.doWork]
2023-10-23 00:38:05,720 INFO  [         ome.security.basic.EventHandler] (l.Server-6)  Auth:	user=0,group=0,event=null(User),sess=1d451b7e-6b08-4e47-85c5-6edd5995961c
2023-10-23 00:38:05,722 INFO  [                 org.perf4j.TimingLogger] (l.Server-6) start[1698021485719] time[2] tag[omero.call.success.ome.services.blitz.repo.RepositoryDaoImpl$6.doWork]
2023-10-23 00:38:05,722 INFO  [    ome.security.basic.BasicEventContext] (l.Server-6)  cctx:	group=0
2023-10-23 00:38:05,723 INFO  [         ome.security.basic.EventHandler] (l.Server-6)  Auth:	user=0,group=0,event=null(User),sess=1d451b7e-6b08-4e47-85c5-6edd5995961c
2023-10-23 00:38:05,725 INFO  [                 org.perf4j.TimingLogger] (l.Server-6) start[1698021485722] time[2] tag[omero.call.success.ome.services.blitz.repo.RepositoryDaoImpl$1.doWork]
2023-10-23 00:38:05,725 INFO  [                      omero.cmd.SessionI] (l.Server-6) Added servant to adapter: 1d451b7e-6b08-4e47-85c5-6edd5995961c/d97d11ca-aba8-41fd-9c92-c5644a35fe08-RepoRawFileStoreI(omero.api._RawFileStoreTie@10552515)
2023-10-23 00:38:05,725 DEBUG [                omero.util.ServantHolder] (l.Server-6) Added omero.api._RawFileStoreTie@10552515 to omero.util.ServantHolder@653627b9 as d97d11ca-aba8-41fd-9c92-c5644a35fe08-RepoRawFileStoreI
2023-10-23 00:38:05,725 INFO  [                 org.perf4j.TimingLogger] (l.Server-6) start[1698021485711] time[14] tag[omero.import.process.opener]
2023-10-23 00:38:05,726 INFO  [                 org.perf4j.TimingLogger] (l.Server-6) start[1698021485711] time[14] tag[omero.import.process.uploader]
2023-10-23 00:38:05,731 INFO  [         ome.security.basic.EventHandler] (.Server-14)  Auth:	user=0,group=0,event=null(User),sess=1d451b7e-6b08-4e47-85c5-6edd5995961c
2023-10-23 00:38:05,731 INFO  [                 org.perf4j.TimingLogger] (.Server-14) start[1698021485730] time[1] tag[omero.call.success.ome.services.RawFileBean.write]
2023-10-23 00:38:05,816 INFO  [         ome.security.basic.EventHandler] (l.Server-2)  Auth:	user=0,group=0,event=null(User),sess=1d451b7e-6b08-4e47-85c5-6edd5995961c
2023-10-23 00:38:05,830 INFO  [                 org.perf4j.TimingLogger] (l.Server-2) start[1698021485813] time[16] tag[omero.call.success.ome.services.RawFileBean.write]
2023-10-23 00:38:05,907 INFO  [         ome.security.basic.EventHandler] (.Server-12)  Auth:	user=0,group=0,event=null(User),sess=1d451b7e-6b08-4e47-85c5-6edd5995961c
2023-10-23 00:38:05,912 INFO  [                 org.perf4j.TimingLogger] (.Server-12) start[1698021485905] time[6] tag[omero.call.success.ome.services.RawFileBean.write]
2023-10-23 00:38:05,978 INFO  [         ome.security.basic.EventHandler] (.Server-13)  Auth:	user=0,group=0,event=null(User),sess=1d451b7e-6b08-4e47-85c5-6edd5995961c
2023-10-23 00:38:05,981 INFO  [                 org.perf4j.TimingLogger] (.Server-13) start[1698021485977] time[4] tag[omero.call.success.ome.services.RawFileBean.write]
2023-10-23 00:38:06,054 INFO  [         ome.security.basic.EventHandler] (.Server-11)  Auth:	user=0,group=0,event=null(User),sess=1d451b7e-6b08-4e47-85c5-6edd5995961c
2023-10-23 00:38:06,058 INFO  [                 org.perf4j.TimingLogger] (.Server-11) start[1698021486053] time[5] tag[omero.call.success.ome.services.RawFileBean.write]
2023-10-23 00:38:06,154 INFO  [         ome.security.basic.EventHandler] (l.Server-6)  Auth:	user=0,group=0,event=null(User),sess=1d451b7e-6b08-4e47-85c5-6edd5995961c
2023-10-23 00:38:06,160 INFO  [                 org.perf4j.TimingLogger] (l.Server-6) start[1698021486150] time[9] tag[omero.call.success.ome.services.RawFileBean.write]
2023-10-23 00:38:06,230 INFO  [         ome.security.basic.EventHandler] (.Server-14)  Auth:	user=0,group=0,event=null(User),sess=1d451b7e-6b08-4e47-85c5-6edd5995961c
2023-10-23 00:38:06,234 INFO  [                 org.perf4j.TimingLogger] (.Server-14) start[1698021486228] time[5] tag[omero.call.success.ome.services.RawFileBean.write]
2023-10-23 00:38:06,308 INFO  [         ome.security.basic.EventHandler] (l.Server-2)  Auth:	user=0,group=0,event=null(User),sess=1d451b7e-6b08-4e47-85c5-6edd5995961c
2023-10-23 00:38:06,311 INFO  [                 org.perf4j.TimingLogger] (l.Server-2) start[1698021486306] time[5] tag[omero.call.success.ome.services.RawFileBean.write]
2023-10-23 00:38:06,379 INFO  [         ome.security.basic.EventHandler] (.Server-12)  Auth:	user=0,group=0,event=null(User),sess=1d451b7e-6b08-4e47-85c5-6edd5995961c
2023-10-23 00:38:06,396 INFO  [                 org.perf4j.TimingLogger] (.Server-12) start[1698021486378] time[17] tag[omero.call.success.ome.services.RawFileBean.write]
2023-10-23 00:38:06,476 INFO  [         ome.security.basic.EventHandler] (.Server-13)  Auth:	user=0,group=0,event=null(User),sess=1d451b7e-6b08-4e47-85c5-6edd5995961c
2023-10-23 00:38:06,480 INFO  [                 org.perf4j.TimingLogger] (.Server-13) start[1698021486475] time[4] tag[omero.call.success.ome.services.RawFileBean.write]
2023-10-23 00:38:06,545 INFO  [         ome.security.basic.EventHandler] (.Server-11)  Auth:	user=0,group=0,event=null(User),sess=1d451b7e-6b08-4e47-85c5-6edd5995961c
2023-10-23 00:38:06,549 INFO  [                 org.perf4j.TimingLogger] (.Server-11) start[1698021486544] time[5] tag[omero.call.success.ome.services.RawFileBean.write]
2023-10-23 00:38:06,618 INFO  [         ome.security.basic.EventHandler] (l.Server-2)  Auth:	user=0,group=0,event=null(User),sess=1d451b7e-6b08-4e47-85c5-6edd5995961c
2023-10-23 00:38:06,621 INFO  [                 org.perf4j.TimingLogger] (l.Server-2) start[1698021486616] time[4] tag[omero.call.success.ome.services.RawFileBean.write]
2023-10-23 00:38:06,687 INFO  [         ome.security.basic.EventHandler] (.Server-12)  Auth:	user=0,group=0,event=null(User),sess=1d451b7e-6b08-4e47-85c5-6edd5995961c
2023-10-23 00:38:06,690 INFO  [                 org.perf4j.TimingLogger] (.Server-12) start[1698021486685] time[4] tag[omero.call.success.ome.services.RawFileBean.write]
2023-10-23 00:38:06,753 INFO  [         ome.security.basic.EventHandler] (l.Server-2)  Auth:	user=0,group=0,event=null(User),sess=1d451b7e-6b08-4e47-85c5-6edd5995961c
2023-10-23 00:38:06,757 INFO  [                 org.perf4j.TimingLogger] (l.Server-2) start[1698021486752] time[4] tag[omero.call.success.ome.services.RawFileBean.write]
2023-10-23 00:38:06,828 INFO  [         ome.security.basic.EventHandler] (.Server-14)  Auth:	user=0,group=0,event=null(User),sess=1d451b7e-6b08-4e47-85c5-6edd5995961c
2023-10-23 00:38:06,831 INFO  [                 org.perf4j.TimingLogger] (.Server-14) start[1698021486827] time[3] tag[omero.call.success.ome.services.RawFileBean.write]
2023-10-23 00:38:06,905 INFO  [         ome.security.basic.EventHandler] (l.Server-2)  Auth:	user=0,group=0,event=null(User),sess=1d451b7e-6b08-4e47-85c5-6edd5995961c
2023-10-23 00:38:06,908 INFO  [                 org.perf4j.TimingLogger] (l.Server-2) start[1698021486903] time[4] tag[omero.call.success.ome.services.RawFileBean.write]
2023-10-23 00:38:06,978 INFO  [         ome.security.basic.EventHandler] (l.Server-6)  Auth:	user=0,group=0,event=null(User),sess=1d451b7e-6b08-4e47-85c5-6edd5995961c
2023-10-23 00:38:06,982 INFO  [                 org.perf4j.TimingLogger] (l.Server-6) start[1698021486977] time[4] tag[omero.call.success.ome.services.RawFileBean.write]
2023-10-23 00:38:07,065 INFO  [         ome.security.basic.EventHandler] (.Server-14)  Auth:	user=0,group=0,event=null(User),sess=1d451b7e-6b08-4e47-85c5-6edd5995961c
2023-10-23 00:38:07,071 INFO  [                 org.perf4j.TimingLogger] (.Server-14) start[1698021487063] time[7] tag[omero.call.success.ome.services.RawFileBean.write]
2023-10-23 00:38:07,156 INFO  [         ome.security.basic.EventHandler] (l.Server-6)  Auth:	user=0,group=0,event=null(User),sess=1d451b7e-6b08-4e47-85c5-6edd5995961c
2023-10-23 00:38:07,160 INFO  [                 org.perf4j.TimingLogger] (l.Server-6) start[1698021487155] time[4] tag[omero.call.success.ome.services.RawFileBean.write]
2023-10-23 00:38:07,226 INFO  [         ome.security.basic.EventHandler] (.Server-12)  Auth:	user=0,group=0,event=null(User),sess=1d451b7e-6b08-4e47-85c5-6edd5995961c
2023-10-23 00:38:07,230 INFO  [                 org.perf4j.TimingLogger] (.Server-12) start[1698021487225] time[4] tag[omero.call.success.ome.services.RawFileBean.write]
2023-10-23 00:38:07,296 INFO  [         ome.security.basic.EventHandler] (.Server-13)  Auth:	user=0,group=0,event=null(User),sess=1d451b7e-6b08-4e47-85c5-6edd5995961c
2023-10-23 00:38:07,300 INFO  [                 org.perf4j.TimingLogger] (.Server-13) start[1698021487295] time[5] tag[omero.call.success.ome.services.RawFileBean.write]
2023-10-23 00:38:07,362 INFO  [         ome.security.basic.EventHandler] (.Server-11)  Auth:	user=0,group=0,event=null(User),sess=1d451b7e-6b08-4e47-85c5-6edd5995961c
2023-10-23 00:38:07,366 INFO  [                 org.perf4j.TimingLogger] (.Server-11) start[1698021487361] time[5] tag[omero.call.success.ome.services.RawFileBean.write]
2023-10-23 00:38:07,389 INFO  [         ome.security.basic.EventHandler] (l.Server-6)  Auth:	user=0,group=0,event=null(User),sess=1d451b7e-6b08-4e47-85c5-6edd5995961c
2023-10-23 00:38:07,390 INFO  [                 org.perf4j.TimingLogger] (l.Server-6) start[1698021487387] time[2] tag[omero.call.success.ome.services.RawFileBean.write]
2023-10-23 00:38:07,396 INFO  [         ome.security.basic.EventHandler] (.Server-13)  Auth:	user=0,group=0,event=139004(User),sess=1d451b7e-6b08-4e47-85c5-6edd5995961c
2023-10-23 00:38:07,451 INFO  [                 org.perf4j.TimingLogger] (.Server-13) start[1698021487396] time[54] tag[omero.services.file.flush]
2023-10-23 00:38:07,513 INFO  [                 org.perf4j.TimingLogger] (.Server-13) start[1698021487451] time[61] tag[omero.services.file.checksum]
2023-10-23 00:38:07,514 INFO  [       ome.security.basic.CurrentDetails] (.Server-13) Adding log:UPDATE,class ome.model.core.OriginalFile,6749
2023-10-23 00:38:07,514 INFO  [                 org.perf4j.TimingLogger] (.Server-13) start[1698021487513] time[1] tag[omero.services.file.finalize]
2023-10-23 00:38:07,517 INFO  [                 org.perf4j.TimingLogger] (.Server-13) start[1698021487393] time[124] tag[omero.call.success.ome.services.RawFileBean.save]
2023-10-23 00:38:07,522 INFO  [         ome.security.basic.EventHandler] (.Server-11)  Auth:	user=0,group=0,event=139005(User),sess=1d451b7e-6b08-4e47-85c5-6edd5995961c
2023-10-23 00:38:07,525 INFO  [                 org.perf4j.TimingLogger] (.Server-11) start[1698021487519] time[6] tag[omero.call.success.ome.services.RawFileBean.close]
2023-10-23 00:38:07,526 DEBUG [                omero.util.ServantHolder] (.Server-11) Removed omero.api._RawFileStoreTie@10552515 from omero.util.ServantHolder@653627b9 as d97d11ca-aba8-41fd-9c92-c5644a35fe08-RepoRawFileStoreI
2023-10-23 00:38:07,526 INFO  [                      omero.cmd.SessionI] (.Server-11) Unregistered servant:1d451b7e-6b08-4e47-85c5-6edd5995961c/d97d11ca-aba8-41fd-9c92-c5644a35fe08-RepoRawFileStoreI(omero.api._RawFileStoreTie@10552515)
2023-10-23 00:38:07,528 INFO  [         ome.security.basic.EventHandler] (.Server-14)  Auth:	user=0,group=0,event=null(User),sess=1d451b7e-6b08-4e47-85c5-6edd5995961c
2023-10-23 00:38:07,529 INFO  [                 org.perf4j.TimingLogger] (.Server-14) start[1698021487527] time[1] tag[omero.call.success.ome.services.blitz.impl.ServiceFactoryI$3.doWork]
2023-10-23 00:38:07,531 INFO  [                 org.perf4j.TimingLogger] (.Server-14) start[1698021487529] time[2] tag[omero.import.process.checksum]
2023-10-23 00:38:07,535 INFO  [         ome.security.basic.EventHandler] (.Server-14)  Auth:	user=0,group=0,event=139006(User),sess=1d451b7e-6b08-4e47-85c5-6edd5995961c
2023-10-23 00:38:07,539 INFO  [       ome.security.basic.CurrentDetails] (.Server-14) Adding log:UPDATE,class ome.model.jobs.UploadJob,6802
2023-10-23 00:38:07,543 INFO  [                 org.perf4j.TimingLogger] (.Server-14) start[1698021487532] time[11] tag[omero.call.success.ome.services.blitz.repo.RepositoryDaoImpl$12.doWork]
2023-10-23 00:38:07,546 INFO  [         ome.security.basic.EventHandler] (.Server-14)  Auth:	user=0,group=0,event=null(User),sess=1d451b7e-6b08-4e47-85c5-6edd5995961c
2023-10-23 00:38:07,547 INFO  [                 org.perf4j.TimingLogger] (.Server-14) start[1698021487543] time[3] tag[omero.call.success.ome.services.blitz.repo.RepositoryDaoImpl$2.doWork]
2023-10-23 00:38:07,548 INFO  [         ome.security.basic.EventHandler] (.Server-14)  Auth:	user=0,group=0,event=null(User),sess=1d451b7e-6b08-4e47-85c5-6edd5995961c
2023-10-23 00:38:07,549 INFO  [                 org.perf4j.TimingLogger] (.Server-14) start[1698021487547] time[2] tag[omero.call.success.ome.services.blitz.repo.RepositoryDaoImpl$4.doWork]
2023-10-23 00:38:07,549 INFO  [       ome.formats.importer.ImportConfig] (.Server-14) OMERO.blitz Version: 5.6.0
2023-10-23 00:38:07,549 INFO  [       ome.formats.importer.ImportConfig] (.Server-14) Bioformats version: 6.11.1 revision: 383bac974cd52e83908b54e4769ebb1e0d0673ee date: 1 December 2022
2023-10-23 00:38:07,551 INFO  [                      omero.cmd.SessionI] (.Server-14) Added servant to adapter: 1d451b7e-6b08-4e47-85c5-6edd5995961c/IHandle9fe6e947-e4d9-460e-a1a1-fdec91ec7451(omero.cmd._HandleTie@edffbfe4)
2023-10-23 00:38:07,551 DEBUG [                omero.util.ServantHolder] (.Server-14) Added omero.cmd._HandleTie@edffbfe4 to omero.util.ServantHolder@653627b9 as IHandle9fe6e947-e4d9-460e-a1a1-fdec91ec7451
2023-10-23 00:38:07,551 INFO  [                 org.perf4j.TimingLogger] (.Server-14) start[1698021487551] time[0] tag[omero.background.submit]
2023-10-23 00:38:07,552 INFO  [                 org.perf4j.TimingLogger] (.Server-14) start[1698021487531] time[20] tag[omero.import.process.submit]
2023-10-23 00:38:07,553 DEBUG [                omero.util.ServantHolder] (l.Server-2) Removed omero.grid._ImportProcessTie@d63d6656 from omero.util.ServantHolder@653627b9 as b568e8a6-b928-4f51-9c66-25ca2ff7e0c1-ManagedImportProcessI
2023-10-23 00:38:07,553 INFO  [                      omero.cmd.SessionI] (l.Server-2) Unregistered servant:1d451b7e-6b08-4e47-85c5-6edd5995961c/b568e8a6-b928-4f51-9c66-25ca2ff7e0c1-ManagedImportProcessI(omero.grid._ImportProcessTie@d63d6656)
2023-10-23 00:38:07,558 INFO  [    ome.formats.OMEROMetadataStoreClient] (2-thread-4) Call context: {omero.group:0}
2023-10-23 00:38:07,558 INFO  [    ome.formats.OMEROMetadataStoreClient] (2-thread-4) Call context: {omero.logfilename:root_0/2023-10/23/00-38-05.581.log}
2023-10-23 00:38:07,561 INFO  [    ome.security.basic.BasicEventContext] (.Server-14)  cctx:	group=0
2023-10-23 00:38:07,562 INFO  [         ome.security.basic.EventHandler] (.Server-14)  Auth:	user=0,group=0,event=null(User),sess=1d451b7e-6b08-4e47-85c5-6edd5995961c
2023-10-23 00:38:07,564 INFO  [                 org.perf4j.TimingLogger] (.Server-14) start[1698021487561] time[3] tag[omero.call.success.ome.logic.AdminImpl.getEventContext]
2023-10-23 00:38:07,586 INFO  [    ome.formats.OMEROMetadataStoreClient] (2-thread-4) Pinging session every 300s.
2023-10-23 00:38:07,598 INFO  [                loci.formats.ImageReader] (2-thread-4) OMETiffReader initializing /OMERO/ManagedRepository/root_0/2023-10/23/00-38-05.581/HP-241207_IMC_220725-160200_SSF-SO_ROI_002_16bit.ome.tiff
2023-10-23 00:38:07,600 INFO  [       loci.formats.in.MinimalTiffReader] (2-thread-4) Reading IFDs
2023-10-23 00:38:07,600 INFO  [       loci.formats.in.MinimalTiffReader] (2-thread-4) Populating metadata
2023-10-23 00:38:07,604 INFO  [    ome.security.basic.BasicEventContext] (.Server-14)  cctx:	group=0
2023-10-23 00:38:07,605 INFO  [         ome.security.basic.EventHandler] (.Server-14)  Auth:	user=0,group=0,event=null(User),sess=1d451b7e-6b08-4e47-85c5-6edd5995961c
2023-10-23 00:38:07,606 INFO  [                 org.perf4j.TimingLogger] (.Server-14) start[1698021487603] time[2] tag[omero.call.success.ome.logic.QueryImpl.findAll]
2023-10-23 00:38:07,609 INFO  [    ome.security.basic.BasicEventContext] (l.Server-2)  cctx:	group=0
2023-10-23 00:38:07,610 INFO  [         ome.security.basic.EventHandler] (l.Server-2)  Auth:	user=0,group=0,event=null(User),sess=1d451b7e-6b08-4e47-85c5-6edd5995961c
2023-10-23 00:38:07,611 INFO  [                 org.perf4j.TimingLogger] (l.Server-2) start[1698021487609] time[2] tag[omero.call.success.ome.logic.QueryImpl.findAll]
2023-10-23 00:38:07,612 INFO  [    ome.security.basic.BasicEventContext] (.Server-11)  cctx:	group=0
2023-10-23 00:38:07,613 INFO  [         ome.security.basic.EventHandler] (.Server-11)  Auth:	user=0,group=0,event=null(User),sess=1d451b7e-6b08-4e47-85c5-6edd5995961c
2023-10-23 00:38:07,613 INFO  [                 org.perf4j.TimingLogger] (.Server-11) start[1698021487612] time[1] tag[omero.call.success.ome.logic.QueryImpl.findAll]
2023-10-23 00:38:07,614 INFO  [    ome.security.basic.BasicEventContext] (.Server-14)  cctx:	group=0
2023-10-23 00:38:07,615 INFO  [         ome.security.basic.EventHandler] (.Server-14)  Auth:	user=0,group=0,event=null(User),sess=1d451b7e-6b08-4e47-85c5-6edd5995961c
2023-10-23 00:38:07,616 INFO  [                 org.perf4j.TimingLogger] (.Server-14) start[1698021487614] time[1] tag[omero.call.success.ome.logic.QueryImpl.findAll]
2023-10-23 00:38:07,624 DEBUG [                   loci.formats.Memoizer] (2-thread-4) saved to temp file: /OMERO/BioFormatsCache/OMERO/ManagedRepository/root_0/2023-10/23/00-38-05.581/.HP-241207_IMC_220725-160200_SSF-SO_ROI_002_16bit.ome.tiff.bfmemo10693835218296707034
2023-10-23 00:38:07,624 DEBUG [                   loci.formats.Memoizer] (2-thread-4) start[1698021487621] time[3] tag[loci.formats.Memoizer.saveMemo]
2023-10-23 00:38:07,624 DEBUG [                   loci.formats.Memoizer] (2-thread-4) saved memo file: /OMERO/BioFormatsCache/OMERO/ManagedRepository/root_0/2023-10/23/00-38-05.581/.HP-241207_IMC_220725-160200_SSF-SO_ROI_002_16bit.ome.tiff.bfmemo (42250 bytes)
2023-10-23 00:38:07,624 DEBUG [                   loci.formats.Memoizer] (2-thread-4) start[1698021487586] time[38] tag[loci.formats.Memoizer.setId]
2023-10-23 00:38:07,624 DEBUG [    o.s.blitz.repo.ManagedImportRequestI] (2-thread-4) Image Count: 29
2023-10-23 00:38:07,624 INFO  [    o.s.blitz.repo.ManagedImportRequestI] (2-thread-4) File format: OME-TIFF
2023-10-23 00:38:07,624 INFO  [    o.s.blitz.repo.ManagedImportRequestI] (2-thread-4) Base reader: loci.formats.in.OMETiffReader
2023-10-23 00:38:07,624 INFO  [                 org.perf4j.TimingLogger] (2-thread-4) start[1698021487557] time[67] tag[omero.import.request.init]
2023-10-23 00:38:07,624 DEBUG [    o.s.blitz.repo.ManagedImportRequestI] (2-thread-4) Step 0
2023-10-23 00:38:07,625 WARN  [    ome.formats.model.ReferenceProcessor] (2-thread-4) Unknown target class for LSID: Image:0
2023-10-23 00:38:07,625 INFO  [    ome.formats.OMEROMetadataStoreClient] (2-thread-4) Handling # of containers: 60
2023-10-23 00:38:07,627 INFO  [    ome.security.basic.BasicEventContext] (l.Server-6)  cctx:	group=0
2023-10-23 00:38:07,627 INFO  [         ome.security.basic.EventHandler] (l.Server-6)  Auth:	user=0,group=0,event=null(User),sess=1d451b7e-6b08-4e47-85c5-6edd5995961c
2023-10-23 00:38:07,628 INFO  [                 org.perf4j.TimingLogger] (l.Server-6) start[1698021487626] time[1] tag[omero.call.success.ome.services.blitz.impl.MetadataStoreI$4.doWork]
2023-10-23 00:38:07,628 INFO  [    ome.formats.OMEROMetadataStoreClient] (2-thread-4) Handling # of references: 1
2023-10-23 00:38:07,629 INFO  [    ome.security.basic.BasicEventContext] (.Server-12)  cctx:	group=0
2023-10-23 00:38:07,629 INFO  [         ome.security.basic.EventHandler] (.Server-12)  Auth:	user=0,group=0,event=null(User),sess=1d451b7e-6b08-4e47-85c5-6edd5995961c
2023-10-23 00:38:07,629 INFO  [                 org.perf4j.TimingLogger] (.Server-12) start[1698021487628] time[1] tag[omero.call.success.ome.services.blitz.impl.MetadataStoreI$5.doWork]
2023-10-23 00:38:07,631 INFO  [    ome.security.basic.BasicEventContext] (.Server-11)  cctx:	group=0
2023-10-23 00:38:07,635 INFO  [         ome.security.basic.EventHandler] (.Server-11)  Auth:	user=0,group=0,event=139009(User),sess=1d451b7e-6b08-4e47-85c5-6edd5995961c
2023-10-23 00:38:07,641 INFO  [       ome.security.basic.CurrentDetails] (.Server-11) Adding log:INSERT,class ome.model.core.Image,354
2023-10-23 00:38:07,642 INFO  [       ome.security.basic.CurrentDetails] (.Server-11) Adding log:INSERT,class ome.model.containers.DatasetImageLink,354
2023-10-23 00:38:07,643 INFO  [       ome.security.basic.CurrentDetails] (.Server-11) Adding log:INSERT,class ome.model.core.Pixels,354
2023-10-23 00:38:07,643 INFO  [       ome.security.basic.CurrentDetails] (.Server-11) Adding log:INSERT,class ome.model.core.LogicalChannel,2238
2023-10-23 00:38:07,644 INFO  [       ome.security.basic.CurrentDetails] (.Server-11) Adding log:INSERT,class ome.model.core.Channel,2238
2023-10-23 00:38:07,644 INFO  [       ome.security.basic.CurrentDetails] (.Server-11) Adding log:INSERT,class ome.model.core.LogicalChannel,2239
2023-10-23 00:38:07,645 INFO  [       ome.security.basic.CurrentDetails] (.Server-11) Adding log:INSERT,class ome.model.core.Channel,2239
2023-10-23 00:38:07,645 INFO  [       ome.security.basic.CurrentDetails] (.Server-11) Adding log:INSERT,class ome.model.core.LogicalChannel,2240
2023-10-23 00:38:07,645 INFO  [       ome.security.basic.CurrentDetails] (.Server-11) Adding log:INSERT,class ome.model.core.Channel,2240
2023-10-23 00:38:07,646 INFO  [       ome.security.basic.CurrentDetails] (.Server-11) Adding log:INSERT,class ome.model.core.LogicalChannel,2241
2023-10-23 00:38:07,646 INFO  [       ome.security.basic.CurrentDetails] (.Server-11) Adding log:INSERT,class ome.model.core.Channel,2241
2023-10-23 00:38:07,647 INFO  [       ome.security.basic.CurrentDetails] (.Server-11) Adding log:INSERT,class ome.model.core.LogicalChannel,2242
2023-10-23 00:38:07,647 INFO  [       ome.security.basic.CurrentDetails] (.Server-11) Adding log:INSERT,class ome.model.core.Channel,2242
2023-10-23 00:38:07,647 INFO  [       ome.security.basic.CurrentDetails] (.Server-11) Adding log:INSERT,class ome.model.core.LogicalChannel,2243
2023-10-23 00:38:07,648 INFO  [       ome.security.basic.CurrentDetails] (.Server-11) Adding log:INSERT,class ome.model.core.Channel,2243
2023-10-23 00:38:07,648 INFO  [       ome.security.basic.CurrentDetails] (.Server-11) Adding log:INSERT,class ome.model.core.LogicalChannel,2244
2023-10-23 00:38:07,648 INFO  [       ome.security.basic.CurrentDetails] (.Server-11) Adding log:INSERT,class ome.model.core.Channel,2244
2023-10-23 00:38:07,649 INFO  [       ome.security.basic.CurrentDetails] (.Server-11) Adding log:INSERT,class ome.model.core.LogicalChannel,2245
2023-10-23 00:38:07,649 INFO  [       ome.security.basic.CurrentDetails] (.Server-11) Adding log:INSERT,class ome.model.core.Channel,2245
2023-10-23 00:38:07,649 INFO  [       ome.security.basic.CurrentDetails] (.Server-11) Adding log:INSERT,class ome.model.core.LogicalChannel,2246
2023-10-23 00:38:07,649 INFO  [       ome.security.basic.CurrentDetails] (.Server-11) Adding log:INSERT,class ome.model.core.Channel,2246
2023-10-23 00:38:07,650 INFO  [       ome.security.basic.CurrentDetails] (.Server-11) Adding log:INSERT,class ome.model.core.LogicalChannel,2247
2023-10-23 00:38:07,650 INFO  [       ome.security.basic.CurrentDetails] (.Server-11) Adding log:INSERT,class ome.model.core.Channel,2247
2023-10-23 00:38:07,650 INFO  [       ome.security.basic.CurrentDetails] (.Server-11) Adding log:INSERT,class ome.model.core.LogicalChannel,2248
2023-10-23 00:38:07,651 INFO  [       ome.security.basic.CurrentDetails] (.Server-11) Adding log:INSERT,class ome.model.core.Channel,2248
2023-10-23 00:38:07,651 INFO  [       ome.security.basic.CurrentDetails] (.Server-11) Adding log:INSERT,class ome.model.core.LogicalChannel,2249
2023-10-23 00:38:07,651 INFO  [       ome.security.basic.CurrentDetails] (.Server-11) Adding log:INSERT,class ome.model.core.Channel,2249
2023-10-23 00:38:07,651 INFO  [       ome.security.basic.CurrentDetails] (.Server-11) Adding log:INSERT,class ome.model.core.LogicalChannel,2250
2023-10-23 00:38:07,652 INFO  [       ome.security.basic.CurrentDetails] (.Server-11) Adding log:INSERT,class ome.model.core.Channel,2250
2023-10-23 00:38:07,652 INFO  [       ome.security.basic.CurrentDetails] (.Server-11) Adding log:INSERT,class ome.model.core.LogicalChannel,2251
2023-10-23 00:38:07,652 INFO  [       ome.security.basic.CurrentDetails] (.Server-11) Adding log:INSERT,class ome.model.core.Channel,2251
2023-10-23 00:38:07,652 INFO  [       ome.security.basic.CurrentDetails] (.Server-11) Adding log:INSERT,class ome.model.core.LogicalChannel,2252
2023-10-23 00:38:07,653 INFO  [       ome.security.basic.CurrentDetails] (.Server-11) Adding log:INSERT,class ome.model.core.Channel,2252
2023-10-23 00:38:07,653 INFO  [       ome.security.basic.CurrentDetails] (.Server-11) Adding log:INSERT,class ome.model.core.LogicalChannel,2253
2023-10-23 00:38:07,653 INFO  [       ome.security.basic.CurrentDetails] (.Server-11) Adding log:INSERT,class ome.model.core.Channel,2253
2023-10-23 00:38:07,653 INFO  [       ome.security.basic.CurrentDetails] (.Server-11) Adding log:INSERT,class ome.model.core.LogicalChannel,2254
2023-10-23 00:38:07,654 INFO  [       ome.security.basic.CurrentDetails] (.Server-11) Adding log:INSERT,class ome.model.core.Channel,2254
2023-10-23 00:38:07,654 INFO  [       ome.security.basic.CurrentDetails] (.Server-11) Adding log:INSERT,class ome.model.core.LogicalChannel,2255
2023-10-23 00:38:07,654 INFO  [       ome.security.basic.CurrentDetails] (.Server-11) Adding log:INSERT,class ome.model.core.Channel,2255
2023-10-23 00:38:07,654 INFO  [       ome.security.basic.CurrentDetails] (.Server-11) Adding log:INSERT,class ome.model.core.LogicalChannel,2256
2023-10-23 00:38:07,654 INFO  [       ome.security.basic.CurrentDetails] (.Server-11) Adding log:INSERT,class ome.model.core.Channel,2256
2023-10-23 00:38:07,655 INFO  [       ome.security.basic.CurrentDetails] (.Server-11) Adding log:INSERT,class ome.model.core.LogicalChannel,2257
2023-10-23 00:38:07,655 INFO  [       ome.security.basic.CurrentDetails] (.Server-11) Adding log:INSERT,class ome.model.core.Channel,2257
2023-10-23 00:38:07,655 INFO  [       ome.security.basic.CurrentDetails] (.Server-11) Adding log:INSERT,class ome.model.core.LogicalChannel,2258
2023-10-23 00:38:07,655 INFO  [       ome.security.basic.CurrentDetails] (.Server-11) Adding log:INSERT,class ome.model.core.Channel,2258
2023-10-23 00:38:07,655 INFO  [       ome.security.basic.CurrentDetails] (.Server-11) Adding log:INSERT,class ome.model.core.LogicalChannel,2259
2023-10-23 00:38:07,655 INFO  [       ome.security.basic.CurrentDetails] (.Server-11) Adding log:INSERT,class ome.model.core.Channel,2259
2023-10-23 00:38:07,655 INFO  [       ome.security.basic.CurrentDetails] (.Server-11) Adding log:INSERT,class ome.model.core.LogicalChannel,2260
2023-10-23 00:38:07,655 INFO  [       ome.security.basic.CurrentDetails] (.Server-11) Adding log:INSERT,class ome.model.core.Channel,2260
2023-10-23 00:38:07,656 INFO  [       ome.security.basic.CurrentDetails] (.Server-11) Adding log:INSERT,class ome.model.core.LogicalChannel,2261
2023-10-23 00:38:07,656 INFO  [       ome.security.basic.CurrentDetails] (.Server-11) Adding log:INSERT,class ome.model.core.Channel,2261
2023-10-23 00:38:07,656 INFO  [       ome.security.basic.CurrentDetails] (.Server-11) Adding log:INSERT,class ome.model.core.LogicalChannel,2262
2023-10-23 00:38:07,656 INFO  [       ome.security.basic.CurrentDetails] (.Server-11) Adding log:INSERT,class ome.model.core.Channel,2262
2023-10-23 00:38:07,656 INFO  [       ome.security.basic.CurrentDetails] (.Server-11) Adding log:INSERT,class ome.model.core.LogicalChannel,2263
2023-10-23 00:38:07,656 INFO  [       ome.security.basic.CurrentDetails] (.Server-11) Adding log:INSERT,class ome.model.core.Channel,2263
2023-10-23 00:38:07,656 INFO  [       ome.security.basic.CurrentDetails] (.Server-11) Adding log:INSERT,class ome.model.core.LogicalChannel,2264
2023-10-23 00:38:07,657 INFO  [       ome.security.basic.CurrentDetails] (.Server-11) Adding log:INSERT,class ome.model.core.Channel,2264
2023-10-23 00:38:07,657 INFO  [       ome.security.basic.CurrentDetails] (.Server-11) Adding log:INSERT,class ome.model.core.LogicalChannel,2265
2023-10-23 00:38:07,657 INFO  [       ome.security.basic.CurrentDetails] (.Server-11) Adding log:INSERT,class ome.model.core.Channel,2265
2023-10-23 00:38:07,657 INFO  [       ome.security.basic.CurrentDetails] (.Server-11) Adding log:INSERT,class ome.model.core.LogicalChannel,2266
2023-10-23 00:38:07,657 INFO  [       ome.security.basic.CurrentDetails] (.Server-11) Adding log:INSERT,class ome.model.core.Channel,2266
2023-10-23 00:38:07,663 INFO  [                 org.perf4j.TimingLogger] (.Server-11) start[1698021487635] time[27] tag[omero.saveImportGraph]
2023-10-23 00:38:07,673 INFO  [                 org.perf4j.TimingLogger] (.Server-11) start[1698021487630] time[42] tag[omero.call.success.ome.services.blitz.impl.MetadataStoreI$3.doWork]
2023-10-23 00:38:07,674 INFO  [                 org.perf4j.TimingLogger] (2-thread-4) start[1698021487624] time[50] tag[omero.import.request.metadata]
2023-10-23 00:38:07,675 INFO  [    ome.security.basic.BasicEventContext] (.Server-13)  cctx:	group=0
2023-10-23 00:38:07,676 INFO  [         ome.security.basic.EventHandler] (.Server-13)  Auth:	user=0,group=0,event=null(User),sess=1d451b7e-6b08-4e47-85c5-6edd5995961c
2023-10-23 00:38:07,677 INFO  [                 org.perf4j.TimingLogger] (.Server-13) start[1698021487675] time[2] tag[omero.call.success.ome.logic.QueryImpl.get]
2023-10-23 00:38:07,679 INFO  [    ome.security.basic.BasicEventContext] (.Server-14)  cctx:	group=0
2023-10-23 00:38:07,685 INFO  [         ome.security.basic.EventHandler] (.Server-14)  Auth:	user=0,group=0,event=139013(User),sess=1d451b7e-6b08-4e47-85c5-6edd5995961c
2023-10-23 00:38:07,688 INFO  [       ome.security.basic.CurrentDetails] (.Server-14) Adding log:UPDATE,class ome.model.core.OriginalFile,6748
2023-10-23 00:38:07,691 INFO  [                 org.perf4j.TimingLogger] (.Server-14) start[1698021487678] time[12] tag[omero.call.success.ome.logic.UpdateImpl.saveObject]
2023-10-23 00:38:07,691 INFO  [                 org.perf4j.TimingLogger] (2-thread-4) start[1698021487624] time[66] tag[omero.import.request.step]
2023-10-23 00:38:07,691 DEBUG [    o.s.blitz.repo.ManagedImportRequestI] (2-thread-4) Step 1
2023-10-23 00:38:07,692 DEBUG [    o.s.blitz.repo.ManagedImportRequestI] (2-thread-4) Plane:0 X:0 Y:0 TileWidth:512 TileHeight:512 arrayBuf.length:524288
2023-10-23 00:38:07,695 DEBUG [    o.s.blitz.repo.ManagedImportRequestI] (2-thread-4) Plane:0 X:512 Y:0 TileWidth:488 TileHeight:512 arrayBuf.length:499712
2023-10-23 00:38:07,699 DEBUG [    o.s.blitz.repo.ManagedImportRequestI] (2-thread-4) Plane:0 X:0 Y:512 TileWidth:512 TileHeight:488 arrayBuf.length:499712
2023-10-23 00:38:07,703 DEBUG [    o.s.blitz.repo.ManagedImportRequestI] (2-thread-4) Plane:0 X:512 Y:512 TileWidth:488 TileHeight:488 arrayBuf.length:476288
2023-10-23 00:38:07,706 DEBUG [    o.s.blitz.repo.ManagedImportRequestI] (2-thread-4) Plane:1 X:0 Y:0 TileWidth:512 TileHeight:512 arrayBuf.length:524288
2023-10-23 00:38:07,710 DEBUG [    o.s.blitz.repo.ManagedImportRequestI] (2-thread-4) Plane:1 X:512 Y:0 TileWidth:488 TileHeight:512 arrayBuf.length:499712
2023-10-23 00:38:07,713 DEBUG [    o.s.blitz.repo.ManagedImportRequestI] (2-thread-4) Plane:1 X:0 Y:512 TileWidth:512 TileHeight:488 arrayBuf.length:499712
2023-10-23 00:38:07,717 DEBUG [    o.s.blitz.repo.ManagedImportRequestI] (2-thread-4) Plane:1 X:512 Y:512 TileWidth:488 TileHeight:488 arrayBuf.length:476288
2023-10-23 00:38:07,720 DEBUG [    o.s.blitz.repo.ManagedImportRequestI] (2-thread-4) Plane:2 X:0 Y:0 TileWidth:512 TileHeight:512 arrayBuf.length:524288
2023-10-23 00:38:07,724 DEBUG [    o.s.blitz.repo.ManagedImportRequestI] (2-thread-4) Plane:2 X:512 Y:0 TileWidth:488 TileHeight:512 arrayBuf.length:499712
2023-10-23 00:38:07,727 DEBUG [    o.s.blitz.repo.ManagedImportRequestI] (2-thread-4) Plane:2 X:0 Y:512 TileWidth:512 TileHeight:488 arrayBuf.length:499712
2023-10-23 00:38:07,731 DEBUG [    o.s.blitz.repo.ManagedImportRequestI] (2-thread-4) Plane:2 X:512 Y:512 TileWidth:488 TileHeight:488 arrayBuf.length:476288
2023-10-23 00:38:07,734 DEBUG [    o.s.blitz.repo.ManagedImportRequestI] (2-thread-4) Plane:3 X:0 Y:0 TileWidth:512 TileHeight:512 arrayBuf.length:524288
2023-10-23 00:38:07,738 DEBUG [    o.s.blitz.repo.ManagedImportRequestI] (2-thread-4) Plane:3 X:512 Y:0 TileWidth:488 TileHeight:512 arrayBuf.length:499712
2023-10-23 00:38:07,742 DEBUG [    o.s.blitz.repo.ManagedImportRequestI] (2-thread-4) Plane:3 X:0 Y:512 TileWidth:512 TileHeight:488 arrayBuf.length:499712
2023-10-23 00:38:07,746 DEBUG [    o.s.blitz.repo.ManagedImportRequestI] (2-thread-4) Plane:3 X:512 Y:512 TileWidth:488 TileHeight:488 arrayBuf.length:476288
2023-10-23 00:38:07,750 DEBUG [    o.s.blitz.repo.ManagedImportRequestI] (2-thread-4) Plane:4 X:0 Y:0 TileWidth:512 TileHeight:512 arrayBuf.length:524288
2023-10-23 00:38:07,753 DEBUG [    o.s.blitz.repo.ManagedImportRequestI] (2-thread-4) Plane:4 X:512 Y:0 TileWidth:488 TileHeight:512 arrayBuf.length:499712
2023-10-23 00:38:07,757 DEBUG [    o.s.blitz.repo.ManagedImportRequestI] (2-thread-4) Plane:4 X:0 Y:512 TileWidth:512 TileHeight:488 arrayBuf.length:499712
2023-10-23 00:38:07,761 DEBUG [    o.s.blitz.repo.ManagedImportRequestI] (2-thread-4) Plane:4 X:512 Y:512 TileWidth:488 TileHeight:488 arrayBuf.length:476288
2023-10-23 00:38:07,765 DEBUG [    o.s.blitz.repo.ManagedImportRequestI] (2-thread-4) Plane:5 X:0 Y:0 TileWidth:512 TileHeight:512 arrayBuf.length:524288
2023-10-23 00:38:07,769 DEBUG [    o.s.blitz.repo.ManagedImportRequestI] (2-thread-4) Plane:5 X:512 Y:0 TileWidth:488 TileHeight:512 arrayBuf.length:499712
2023-10-23 00:38:07,773 DEBUG [    o.s.blitz.repo.ManagedImportRequestI] (2-thread-4) Plane:5 X:0 Y:512 TileWidth:512 TileHeight:488 arrayBuf.length:499712
2023-10-23 00:38:07,776 DEBUG [    o.s.blitz.repo.ManagedImportRequestI] (2-thread-4) Plane:5 X:512 Y:512 TileWidth:488 TileHeight:488 arrayBuf.length:476288
2023-10-23 00:38:07,780 DEBUG [    o.s.blitz.repo.ManagedImportRequestI] (2-thread-4) Plane:6 X:0 Y:0 TileWidth:512 TileHeight:512 arrayBuf.length:524288
2023-10-23 00:38:07,784 DEBUG [    o.s.blitz.repo.ManagedImportRequestI] (2-thread-4) Plane:6 X:512 Y:0 TileWidth:488 TileHeight:512 arrayBuf.length:499712
2023-10-23 00:38:07,788 DEBUG [    o.s.blitz.repo.ManagedImportRequestI] (2-thread-4) Plane:6 X:0 Y:512 TileWidth:512 TileHeight:488 arrayBuf.length:499712
2023-10-23 00:38:07,792 DEBUG [    o.s.blitz.repo.ManagedImportRequestI] (2-thread-4) Plane:6 X:512 Y:512 TileWidth:488 TileHeight:488 arrayBuf.length:476288
2023-10-23 00:38:07,795 DEBUG [    o.s.blitz.repo.ManagedImportRequestI] (2-thread-4) Plane:7 X:0 Y:0 TileWidth:512 TileHeight:512 arrayBuf.length:524288
2023-10-23 00:38:07,798 DEBUG [    o.s.blitz.repo.ManagedImportRequestI] (2-thread-4) Plane:7 X:512 Y:0 TileWidth:488 TileHeight:512 arrayBuf.length:499712
2023-10-23 00:38:07,802 DEBUG [    o.s.blitz.repo.ManagedImportRequestI] (2-thread-4) Plane:7 X:0 Y:512 TileWidth:512 TileHeight:488 arrayBuf.length:499712
2023-10-23 00:38:07,806 DEBUG [    o.s.blitz.repo.ManagedImportRequestI] (2-thread-4) Plane:7 X:512 Y:512 TileWidth:488 TileHeight:488 arrayBuf.length:476288
2023-10-23 00:38:07,810 DEBUG [    o.s.blitz.repo.ManagedImportRequestI] (2-thread-4) Plane:8 X:0 Y:0 TileWidth:512 TileHeight:512 arrayBuf.length:524288
2023-10-23 00:38:07,814 DEBUG [    o.s.blitz.repo.ManagedImportRequestI] (2-thread-4) Plane:8 X:512 Y:0 TileWidth:488 TileHeight:512 arrayBuf.length:499712
2023-10-23 00:38:07,819 DEBUG [    o.s.blitz.repo.ManagedImportRequestI] (2-thread-4) Plane:8 X:0 Y:512 TileWidth:512 TileHeight:488 arrayBuf.length:499712
2023-10-23 00:38:07,823 DEBUG [    o.s.blitz.repo.ManagedImportRequestI] (2-thread-4) Plane:8 X:512 Y:512 TileWidth:488 TileHeight:488 arrayBuf.length:476288
2023-10-23 00:38:07,827 DEBUG [    o.s.blitz.repo.ManagedImportRequestI] (2-thread-4) Plane:9 X:0 Y:0 TileWidth:512 TileHeight:512 arrayBuf.length:524288
2023-10-23 00:38:07,830 DEBUG [    o.s.blitz.repo.ManagedImportRequestI] (2-thread-4) Plane:9 X:512 Y:0 TileWidth:488 TileHeight:512 arrayBuf.length:499712
2023-10-23 00:38:07,834 DEBUG [    o.s.blitz.repo.ManagedImportRequestI] (2-thread-4) Plane:9 X:0 Y:512 TileWidth:512 TileHeight:488 arrayBuf.length:499712
2023-10-23 00:38:07,838 DEBUG [    o.s.blitz.repo.ManagedImportRequestI] (2-thread-4) Plane:9 X:512 Y:512 TileWidth:488 TileHeight:488 arrayBuf.length:476288
2023-10-23 00:38:07,841 DEBUG [    o.s.blitz.repo.ManagedImportRequestI] (2-thread-4) Plane:10 X:0 Y:0 TileWidth:512 TileHeight:512 arrayBuf.length:524288
2023-10-23 00:38:07,845 DEBUG [    o.s.blitz.repo.ManagedImportRequestI] (2-thread-4) Plane:10 X:512 Y:0 TileWidth:488 TileHeight:512 arrayBuf.length:499712
2023-10-23 00:38:07,848 DEBUG [    o.s.blitz.repo.ManagedImportRequestI] (2-thread-4) Plane:10 X:0 Y:512 TileWidth:512 TileHeight:488 arrayBuf.length:499712
2023-10-23 00:38:07,852 DEBUG [    o.s.blitz.repo.ManagedImportRequestI] (2-thread-4) Plane:10 X:512 Y:512 TileWidth:488 TileHeight:488 arrayBuf.length:476288
2023-10-23 00:38:07,856 DEBUG [    o.s.blitz.repo.ManagedImportRequestI] (2-thread-4) Plane:11 X:0 Y:0 TileWidth:512 TileHeight:512 arrayBuf.length:524288
2023-10-23 00:38:07,859 DEBUG [    o.s.blitz.repo.ManagedImportRequestI] (2-thread-4) Plane:11 X:512 Y:0 TileWidth:488 TileHeight:512 arrayBuf.length:499712
2023-10-23 00:38:07,863 DEBUG [    o.s.blitz.repo.ManagedImportRequestI] (2-thread-4) Plane:11 X:0 Y:512 TileWidth:512 TileHeight:488 arrayBuf.length:499712
2023-10-23 00:38:07,867 DEBUG [    o.s.blitz.repo.ManagedImportRequestI] (2-thread-4) Plane:11 X:512 Y:512 TileWidth:488 TileHeight:488 arrayBuf.length:476288
2023-10-23 00:38:07,871 DEBUG [    o.s.blitz.repo.ManagedImportRequestI] (2-thread-4) Plane:12 X:0 Y:0 TileWidth:512 TileHeight:512 arrayBuf.length:524288
2023-10-23 00:38:07,874 DEBUG [    o.s.blitz.repo.ManagedImportRequestI] (2-thread-4) Plane:12 X:512 Y:0 TileWidth:488 TileHeight:512 arrayBuf.length:499712
2023-10-23 00:38:07,877 DEBUG [    o.s.blitz.repo.ManagedImportRequestI] (2-thread-4) Plane:12 X:0 Y:512 TileWidth:512 TileHeight:488 arrayBuf.length:499712
2023-10-23 00:38:07,881 DEBUG [    o.s.blitz.repo.ManagedImportRequestI] (2-thread-4) Plane:12 X:512 Y:512 TileWidth:488 TileHeight:488 arrayBuf.length:476288
2023-10-23 00:38:07,900 DEBUG [    o.s.blitz.repo.ManagedImportRequestI] (2-thread-4) Plane:13 X:0 Y:0 TileWidth:512 TileHeight:512 arrayBuf.length:524288
2023-10-23 00:38:07,905 DEBUG [    o.s.blitz.repo.ManagedImportRequestI] (2-thread-4) Plane:13 X:512 Y:0 TileWidth:488 TileHeight:512 arrayBuf.length:499712
2023-10-23 00:38:07,908 DEBUG [    o.s.blitz.repo.ManagedImportRequestI] (2-thread-4) Plane:13 X:0 Y:512 TileWidth:512 TileHeight:488 arrayBuf.length:499712
2023-10-23 00:38:07,912 DEBUG [    o.s.blitz.repo.ManagedImportRequestI] (2-thread-4) Plane:13 X:512 Y:512 TileWidth:488 TileHeight:488 arrayBuf.length:476288
2023-10-23 00:38:07,916 DEBUG [    o.s.blitz.repo.ManagedImportRequestI] (2-thread-4) Plane:14 X:0 Y:0 TileWidth:512 TileHeight:512 arrayBuf.length:524288
2023-10-23 00:38:07,920 DEBUG [    o.s.blitz.repo.ManagedImportRequestI] (2-thread-4) Plane:14 X:512 Y:0 TileWidth:488 TileHeight:512 arrayBuf.length:499712
2023-10-23 00:38:07,924 DEBUG [    o.s.blitz.repo.ManagedImportRequestI] (2-thread-4) Plane:14 X:0 Y:512 TileWidth:512 TileHeight:488 arrayBuf.length:499712
2023-10-23 00:38:07,947 DEBUG [    o.s.blitz.repo.ManagedImportRequestI] (2-thread-4) Plane:14 X:512 Y:512 TileWidth:488 TileHeight:488 arrayBuf.length:476288
2023-10-23 00:38:07,952 DEBUG [    o.s.blitz.repo.ManagedImportRequestI] (2-thread-4) Plane:15 X:0 Y:0 TileWidth:512 TileHeight:512 arrayBuf.length:524288
2023-10-23 00:38:07,956 DEBUG [    o.s.blitz.repo.ManagedImportRequestI] (2-thread-4) Plane:15 X:512 Y:0 TileWidth:488 TileHeight:512 arrayBuf.length:499712
2023-10-23 00:38:07,960 DEBUG [    o.s.blitz.repo.ManagedImportRequestI] (2-thread-4) Plane:15 X:0 Y:512 TileWidth:512 TileHeight:488 arrayBuf.length:499712
2023-10-23 00:38:07,965 DEBUG [    o.s.blitz.repo.ManagedImportRequestI] (2-thread-4) Plane:15 X:512 Y:512 TileWidth:488 TileHeight:488 arrayBuf.length:476288
2023-10-23 00:38:07,969 DEBUG [    o.s.blitz.repo.ManagedImportRequestI] (2-thread-4) Plane:16 X:0 Y:0 TileWidth:512 TileHeight:512 arrayBuf.length:524288
2023-10-23 00:38:07,973 DEBUG [    o.s.blitz.repo.ManagedImportRequestI] (2-thread-4) Plane:16 X:512 Y:0 TileWidth:488 TileHeight:512 arrayBuf.length:499712
2023-10-23 00:38:07,976 DEBUG [    o.s.blitz.repo.ManagedImportRequestI] (2-thread-4) Plane:16 X:0 Y:512 TileWidth:512 TileHeight:488 arrayBuf.length:499712
2023-10-23 00:38:07,980 DEBUG [    o.s.blitz.repo.ManagedImportRequestI] (2-thread-4) Plane:16 X:512 Y:512 TileWidth:488 TileHeight:488 arrayBuf.length:476288
2023-10-23 00:38:07,984 DEBUG [    o.s.blitz.repo.ManagedImportRequestI] (2-thread-4) Plane:17 X:0 Y:0 TileWidth:512 TileHeight:512 arrayBuf.length:524288
2023-10-23 00:38:07,990 DEBUG [    o.s.blitz.repo.ManagedImportRequestI] (2-thread-4) Plane:17 X:512 Y:0 TileWidth:488 TileHeight:512 arrayBuf.length:499712
2023-10-23 00:38:07,995 DEBUG [    o.s.blitz.repo.ManagedImportRequestI] (2-thread-4) Plane:17 X:0 Y:512 TileWidth:512 TileHeight:488 arrayBuf.length:499712
2023-10-23 00:38:08,000 DEBUG [    o.s.blitz.repo.ManagedImportRequestI] (2-thread-4) Plane:17 X:512 Y:512 TileWidth:488 TileHeight:488 arrayBuf.length:476288
2023-10-23 00:38:08,006 DEBUG [    o.s.blitz.repo.ManagedImportRequestI] (2-thread-4) Plane:18 X:0 Y:0 TileWidth:512 TileHeight:512 arrayBuf.length:524288
2023-10-23 00:38:08,010 DEBUG [    o.s.blitz.repo.ManagedImportRequestI] (2-thread-4) Plane:18 X:512 Y:0 TileWidth:488 TileHeight:512 arrayBuf.length:499712
2023-10-23 00:38:08,013 DEBUG [    o.s.blitz.repo.ManagedImportRequestI] (2-thread-4) Plane:18 X:0 Y:512 TileWidth:512 TileHeight:488 arrayBuf.length:499712
2023-10-23 00:38:08,018 DEBUG [    o.s.blitz.repo.ManagedImportRequestI] (2-thread-4) Plane:18 X:512 Y:512 TileWidth:488 TileHeight:488 arrayBuf.length:476288
2023-10-23 00:38:08,022 DEBUG [    o.s.blitz.repo.ManagedImportRequestI] (2-thread-4) Plane:19 X:0 Y:0 TileWidth:512 TileHeight:512 arrayBuf.length:524288
2023-10-23 00:38:08,026 DEBUG [    o.s.blitz.repo.ManagedImportRequestI] (2-thread-4) Plane:19 X:512 Y:0 TileWidth:488 TileHeight:512 arrayBuf.length:499712
2023-10-23 00:38:08,030 DEBUG [    o.s.blitz.repo.ManagedImportRequestI] (2-thread-4) Plane:19 X:0 Y:512 TileWidth:512 TileHeight:488 arrayBuf.length:499712
2023-10-23 00:38:08,034 DEBUG [    o.s.blitz.repo.ManagedImportRequestI] (2-thread-4) Plane:19 X:512 Y:512 TileWidth:488 TileHeight:488 arrayBuf.length:476288
2023-10-23 00:38:08,038 DEBUG [    o.s.blitz.repo.ManagedImportRequestI] (2-thread-4) Plane:20 X:0 Y:0 TileWidth:512 TileHeight:512 arrayBuf.length:524288
2023-10-23 00:38:08,042 DEBUG [    o.s.blitz.repo.ManagedImportRequestI] (2-thread-4) Plane:20 X:512 Y:0 TileWidth:488 TileHeight:512 arrayBuf.length:499712
2023-10-23 00:38:08,045 DEBUG [    o.s.blitz.repo.ManagedImportRequestI] (2-thread-4) Plane:20 X:0 Y:512 TileWidth:512 TileHeight:488 arrayBuf.length:499712
2023-10-23 00:38:08,050 DEBUG [    o.s.blitz.repo.ManagedImportRequestI] (2-thread-4) Plane:20 X:512 Y:512 TileWidth:488 TileHeight:488 arrayBuf.length:476288
2023-10-23 00:38:08,053 DEBUG [    o.s.blitz.repo.ManagedImportRequestI] (2-thread-4) Plane:21 X:0 Y:0 TileWidth:512 TileHeight:512 arrayBuf.length:524288
2023-10-23 00:38:08,057 DEBUG [    o.s.blitz.repo.ManagedImportRequestI] (2-thread-4) Plane:21 X:512 Y:0 TileWidth:488 TileHeight:512 arrayBuf.length:499712
2023-10-23 00:38:08,060 DEBUG [    o.s.blitz.repo.ManagedImportRequestI] (2-thread-4) Plane:21 X:0 Y:512 TileWidth:512 TileHeight:488 arrayBuf.length:499712
2023-10-23 00:38:08,063 DEBUG [    o.s.blitz.repo.ManagedImportRequestI] (2-thread-4) Plane:21 X:512 Y:512 TileWidth:488 TileHeight:488 arrayBuf.length:476288
2023-10-23 00:38:08,068 DEBUG [    o.s.blitz.repo.ManagedImportRequestI] (2-thread-4) Plane:22 X:0 Y:0 TileWidth:512 TileHeight:512 arrayBuf.length:524288
2023-10-23 00:38:08,072 DEBUG [    o.s.blitz.repo.ManagedImportRequestI] (2-thread-4) Plane:22 X:512 Y:0 TileWidth:488 TileHeight:512 arrayBuf.length:499712
2023-10-23 00:38:08,075 DEBUG [    o.s.blitz.repo.ManagedImportRequestI] (2-thread-4) Plane:22 X:0 Y:512 TileWidth:512 TileHeight:488 arrayBuf.length:499712
2023-10-23 00:38:08,078 DEBUG [    o.s.blitz.repo.ManagedImportRequestI] (2-thread-4) Plane:22 X:512 Y:512 TileWidth:488 TileHeight:488 arrayBuf.length:476288
2023-10-23 00:38:08,089 DEBUG [    o.s.blitz.repo.ManagedImportRequestI] (2-thread-4) Plane:23 X:0 Y:0 TileWidth:512 TileHeight:512 arrayBuf.length:524288
2023-10-23 00:38:08,093 DEBUG [    o.s.blitz.repo.ManagedImportRequestI] (2-thread-4) Plane:23 X:512 Y:0 TileWidth:488 TileHeight:512 arrayBuf.length:499712
2023-10-23 00:38:08,097 DEBUG [    o.s.blitz.repo.ManagedImportRequestI] (2-thread-4) Plane:23 X:0 Y:512 TileWidth:512 TileHeight:488 arrayBuf.length:499712
2023-10-23 00:38:08,101 DEBUG [    o.s.blitz.repo.ManagedImportRequestI] (2-thread-4) Plane:23 X:512 Y:512 TileWidth:488 TileHeight:488 arrayBuf.length:476288
2023-10-23 00:38:08,105 DEBUG [    o.s.blitz.repo.ManagedImportRequestI] (2-thread-4) Plane:24 X:0 Y:0 TileWidth:512 TileHeight:512 arrayBuf.length:524288
2023-10-23 00:38:08,109 DEBUG [    o.s.blitz.repo.ManagedImportRequestI] (2-thread-4) Plane:24 X:512 Y:0 TileWidth:488 TileHeight:512 arrayBuf.length:499712
2023-10-23 00:38:08,113 DEBUG [    o.s.blitz.repo.ManagedImportRequestI] (2-thread-4) Plane:24 X:0 Y:512 TileWidth:512 TileHeight:488 arrayBuf.length:499712
2023-10-23 00:38:08,116 DEBUG [    o.s.blitz.repo.ManagedImportRequestI] (2-thread-4) Plane:24 X:512 Y:512 TileWidth:488 TileHeight:488 arrayBuf.length:476288
2023-10-23 00:38:08,120 DEBUG [    o.s.blitz.repo.ManagedImportRequestI] (2-thread-4) Plane:25 X:0 Y:0 TileWidth:512 TileHeight:512 arrayBuf.length:524288
2023-10-23 00:38:08,124 DEBUG [    o.s.blitz.repo.ManagedImportRequestI] (2-thread-4) Plane:25 X:512 Y:0 TileWidth:488 TileHeight:512 arrayBuf.length:499712
2023-10-23 00:38:08,128 DEBUG [    o.s.blitz.repo.ManagedImportRequestI] (2-thread-4) Plane:25 X:0 Y:512 TileWidth:512 TileHeight:488 arrayBuf.length:499712
2023-10-23 00:38:08,131 DEBUG [    o.s.blitz.repo.ManagedImportRequestI] (2-thread-4) Plane:25 X:512 Y:512 TileWidth:488 TileHeight:488 arrayBuf.length:476288
2023-10-23 00:38:08,135 DEBUG [    o.s.blitz.repo.ManagedImportRequestI] (2-thread-4) Plane:26 X:0 Y:0 TileWidth:512 TileHeight:512 arrayBuf.length:524288
2023-10-23 00:38:08,138 DEBUG [    o.s.blitz.repo.ManagedImportRequestI] (2-thread-4) Plane:26 X:512 Y:0 TileWidth:488 TileHeight:512 arrayBuf.length:499712
2023-10-23 00:38:08,142 DEBUG [    o.s.blitz.repo.ManagedImportRequestI] (2-thread-4) Plane:26 X:0 Y:512 TileWidth:512 TileHeight:488 arrayBuf.length:499712
2023-10-23 00:38:08,145 DEBUG [    o.s.blitz.repo.ManagedImportRequestI] (2-thread-4) Plane:26 X:512 Y:512 TileWidth:488 TileHeight:488 arrayBuf.length:476288
2023-10-23 00:38:08,150 DEBUG [    o.s.blitz.repo.ManagedImportRequestI] (2-thread-4) Plane:27 X:0 Y:0 TileWidth:512 TileHeight:512 arrayBuf.length:524288
2023-10-23 00:38:08,154 DEBUG [    o.s.blitz.repo.ManagedImportRequestI] (2-thread-4) Plane:27 X:512 Y:0 TileWidth:488 TileHeight:512 arrayBuf.length:499712
2023-10-23 00:38:08,158 DEBUG [    o.s.blitz.repo.ManagedImportRequestI] (2-thread-4) Plane:27 X:0 Y:512 TileWidth:512 TileHeight:488 arrayBuf.length:499712
2023-10-23 00:38:08,163 DEBUG [    o.s.blitz.repo.ManagedImportRequestI] (2-thread-4) Plane:27 X:512 Y:512 TileWidth:488 TileHeight:488 arrayBuf.length:476288
2023-10-23 00:38:08,167 DEBUG [    o.s.blitz.repo.ManagedImportRequestI] (2-thread-4) Plane:28 X:0 Y:0 TileWidth:512 TileHeight:512 arrayBuf.length:524288
2023-10-23 00:38:08,171 DEBUG [    o.s.blitz.repo.ManagedImportRequestI] (2-thread-4) Plane:28 X:512 Y:0 TileWidth:488 TileHeight:512 arrayBuf.length:499712
2023-10-23 00:38:08,175 DEBUG [    o.s.blitz.repo.ManagedImportRequestI] (2-thread-4) Plane:28 X:0 Y:512 TileWidth:512 TileHeight:488 arrayBuf.length:499712
2023-10-23 00:38:08,179 DEBUG [    o.s.blitz.repo.ManagedImportRequestI] (2-thread-4) Plane:28 X:512 Y:512 TileWidth:488 TileHeight:488 arrayBuf.length:476288
2023-10-23 00:38:08,184 INFO  [    ome.security.basic.BasicEventContext] (.Server-12)  cctx:	group=0
2023-10-23 00:38:08,190 INFO  [         ome.security.basic.EventHandler] (.Server-12)  Auth:	user=0,group=0,event=139017(User),sess=1d451b7e-6b08-4e47-85c5-6edd5995961c
2023-10-23 00:38:08,196 INFO  [                 org.perf4j.TimingLogger] (.Server-12) start[1698021488183] time[13] tag[omero.call.success.ome.services.blitz.impl.MetadataStoreI$7.doWork]
2023-10-23 00:38:08,199 INFO  [    ome.security.basic.BasicEventContext] (.Server-13)  cctx:	group=0
2023-10-23 00:38:08,205 INFO  [         ome.security.basic.EventHandler] (.Server-13)  Auth:	user=0,group=0,event=139018(User),sess=1d451b7e-6b08-4e47-85c5-6edd5995961c
2023-10-23 00:38:08,328 INFO  [       ome.security.basic.CurrentDetails] (.Server-13) Adding log:UPDATE,class ome.model.core.Pixels,354
2023-10-23 00:38:08,334 INFO  [                 org.perf4j.TimingLogger] (.Server-13) start[1698021488198] time[135] tag[omero.call.success.ome.logic.UpdateImpl.saveArray]
2023-10-23 00:38:08,336 INFO  [    ome.security.basic.BasicEventContext] (l.Server-2)  cctx:	group=0
2023-10-23 00:38:08,340 INFO  [         ome.security.basic.EventHandler] (l.Server-2)  Auth:	user=0,group=0,event=139019(User),sess=1d451b7e-6b08-4e47-85c5-6edd5995961c
2023-10-23 00:38:08,358 INFO  [                 org.perf4j.TimingLogger] (l.Server-2) start[1698021488335] time[22] tag[omero.call.success.ome.services.blitz.impl.MetadataStoreI$2.doWork]
2023-10-23 00:38:08,358 INFO  [                 org.perf4j.TimingLogger] (2-thread-4) start[1698021487691] time[666] tag[omero.import.request.pixels]
2023-10-23 00:38:08,359 INFO  [    ome.security.basic.BasicEventContext] (.Server-12)  cctx:	group=0
2023-10-23 00:38:08,359 INFO  [         ome.security.basic.EventHandler] (.Server-12)  Auth:	user=0,group=0,event=null(User),sess=1d451b7e-6b08-4e47-85c5-6edd5995961c
2023-10-23 00:38:08,360 INFO  [                 org.perf4j.TimingLogger] (.Server-12) start[1698021488358] time[2] tag[omero.call.success.ome.logic.QueryImpl.get]
2023-10-23 00:38:08,361 INFO  [    ome.security.basic.BasicEventContext] (.Server-11)  cctx:	group=0
2023-10-23 00:38:08,365 INFO  [         ome.security.basic.EventHandler] (.Server-11)  Auth:	user=0,group=0,event=139020(User),sess=1d451b7e-6b08-4e47-85c5-6edd5995961c
2023-10-23 00:38:08,368 INFO  [       ome.security.basic.CurrentDetails] (.Server-11) Adding log:UPDATE,class ome.model.core.OriginalFile,6748
2023-10-23 00:38:08,372 INFO  [                 org.perf4j.TimingLogger] (.Server-11) start[1698021488361] time[10] tag[omero.call.success.ome.logic.UpdateImpl.saveObject]
2023-10-23 00:38:08,372 INFO  [                 org.perf4j.TimingLogger] (2-thread-4) start[1698021487691] time[680] tag[omero.import.request.step]
2023-10-23 00:38:08,372 DEBUG [    o.s.blitz.repo.ManagedImportRequestI] (2-thread-4) Step 2
2023-10-23 00:38:08,374 INFO  [    ome.security.basic.BasicEventContext] (.Server-14)  cctx:	group=0
2023-10-23 00:38:08,378 INFO  [         ome.security.basic.EventHandler] (.Server-14)  Auth:	user=0,group=0,event=139021(User),sess=1d451b7e-6b08-4e47-85c5-6edd5995961c
2023-10-23 00:38:08,381 INFO  [                 org.perf4j.TimingLogger] (.Server-14) start[1698021488378] time[3] tag[omero.loadPixels]
2023-10-23 00:38:08,389 INFO  [                 org.perf4j.TimingLogger] (.Server-14) start[1698021488384] time[5] tag[omero.loadRenderingSettingsByUser]
2023-10-23 00:38:08,402 DEBUG [                   loci.formats.Memoizer] (.Server-14) start[1698021488392] time[9] tag[loci.formats.Memoizer.loadMemo]
2023-10-23 00:38:08,437 INFO  [                loci.formats.ImageReader] (.Server-14) OMETiffReader initializing /OMERO/ManagedRepository/root_0/2023-10/23/00-38-05.581/HP-241207_IMC_220725-160200_SSF-SO_ROI_002_16bit.ome.tiff
2023-10-23 00:38:08,440 INFO  [       loci.formats.in.MinimalTiffReader] (.Server-14) Reading IFDs
2023-10-23 00:38:08,441 INFO  [       loci.formats.in.MinimalTiffReader] (.Server-14) Populating metadata
2023-10-23 00:38:08,459 DEBUG [                   loci.formats.Memoizer] (.Server-14) saved to temp file: /OMERO/BioFormatsCache/OMERO/ManagedRepository/root_0/2023-10/23/00-38-05.581/.HP-241207_IMC_220725-160200_SSF-SO_ROI_002_16bit.ome.tiff.bfmemo13849652027209815810
2023-10-23 00:38:08,459 DEBUG [                   loci.formats.Memoizer] (.Server-14) start[1698021488456] time[3] tag[loci.formats.Memoizer.saveMemo]
2023-10-23 00:38:08,459 DEBUG [                   loci.formats.Memoizer] (.Server-14) saved memo file: /OMERO/BioFormatsCache/OMERO/ManagedRepository/root_0/2023-10/23/00-38-05.581/.HP-241207_IMC_220725-160200_SSF-SO_ROI_002_16bit.ome.tiff.bfmemo (42241 bytes)
2023-10-23 00:38:08,459 DEBUG [                   loci.formats.Memoizer] (.Server-14) start[1698021488392] time[67] tag[loci.formats.Memoizer.setId]
2023-10-23 00:38:08,469 INFO  [       ome.security.basic.CurrentDetails] (.Server-14) Adding log:INSERT,class ome.model.display.QuantumDef,354
2023-10-23 00:38:08,480 INFO  [       ome.security.basic.CurrentDetails] (.Server-14) Adding log:INSERT,class ome.model.display.RenderingDef,354
2023-10-23 00:38:08,482 INFO  [       ome.security.basic.CurrentDetails] (.Server-14) Adding log:INSERT,class ome.model.display.ChannelBinding,2238
2023-10-23 00:38:08,483 INFO  [       ome.security.basic.CurrentDetails] (.Server-14) Adding log:INSERT,class ome.model.display.ChannelBinding,2239
2023-10-23 00:38:08,483 INFO  [       ome.security.basic.CurrentDetails] (.Server-14) Adding log:INSERT,class ome.model.display.ChannelBinding,2240
2023-10-23 00:38:08,484 INFO  [       ome.security.basic.CurrentDetails] (.Server-14) Adding log:INSERT,class ome.model.display.ChannelBinding,2241
2023-10-23 00:38:08,485 INFO  [       ome.security.basic.CurrentDetails] (.Server-14) Adding log:INSERT,class ome.model.display.ChannelBinding,2242
2023-10-23 00:38:08,485 INFO  [       ome.security.basic.CurrentDetails] (.Server-14) Adding log:INSERT,class ome.model.display.ChannelBinding,2243
2023-10-23 00:38:08,486 INFO  [       ome.security.basic.CurrentDetails] (.Server-14) Adding log:INSERT,class ome.model.display.ChannelBinding,2244
2023-10-23 00:38:08,486 INFO  [       ome.security.basic.CurrentDetails] (.Server-14) Adding log:INSERT,class ome.model.display.ChannelBinding,2245
2023-10-23 00:38:08,486 INFO  [       ome.security.basic.CurrentDetails] (.Server-14) Adding log:INSERT,class ome.model.display.ChannelBinding,2246
2023-10-23 00:38:08,486 INFO  [       ome.security.basic.CurrentDetails] (.Server-14) Adding log:INSERT,class ome.model.display.ChannelBinding,2247
2023-10-23 00:38:08,487 INFO  [       ome.security.basic.CurrentDetails] (.Server-14) Adding log:INSERT,class ome.model.display.ChannelBinding,2248
2023-10-23 00:38:08,487 INFO  [       ome.security.basic.CurrentDetails] (.Server-14) Adding log:INSERT,class ome.model.display.ChannelBinding,2249
2023-10-23 00:38:08,487 INFO  [       ome.security.basic.CurrentDetails] (.Server-14) Adding log:INSERT,class ome.model.display.ChannelBinding,2250
2023-10-23 00:38:08,489 INFO  [       ome.security.basic.CurrentDetails] (.Server-14) Adding log:INSERT,class ome.model.display.ChannelBinding,2251
2023-10-23 00:38:08,489 INFO  [       ome.security.basic.CurrentDetails] (.Server-14) Adding log:INSERT,class ome.model.display.ChannelBinding,2252
2023-10-23 00:38:08,490 INFO  [       ome.security.basic.CurrentDetails] (.Server-14) Adding log:INSERT,class ome.model.display.ChannelBinding,2253
2023-10-23 00:38:08,490 INFO  [       ome.security.basic.CurrentDetails] (.Server-14) Adding log:INSERT,class ome.model.display.ChannelBinding,2254
2023-10-23 00:38:08,490 INFO  [       ome.security.basic.CurrentDetails] (.Server-14) Adding log:INSERT,class ome.model.display.ChannelBinding,2255
2023-10-23 00:38:08,490 INFO  [       ome.security.basic.CurrentDetails] (.Server-14) Adding log:INSERT,class ome.model.display.ChannelBinding,2256
2023-10-23 00:38:08,491 INFO  [       ome.security.basic.CurrentDetails] (.Server-14) Adding log:INSERT,class ome.model.display.ChannelBinding,2257
2023-10-23 00:38:08,491 INFO  [       ome.security.basic.CurrentDetails] (.Server-14) Adding log:INSERT,class ome.model.display.ChannelBinding,2258
2023-10-23 00:38:08,491 INFO  [       ome.security.basic.CurrentDetails] (.Server-14) Adding log:INSERT,class ome.model.display.ChannelBinding,2259
2023-10-23 00:38:08,492 INFO  [       ome.security.basic.CurrentDetails] (.Server-14) Adding log:INSERT,class ome.model.display.ChannelBinding,2260
2023-10-23 00:38:08,492 INFO  [       ome.security.basic.CurrentDetails] (.Server-14) Adding log:INSERT,class ome.model.display.ChannelBinding,2261
2023-10-23 00:38:08,492 INFO  [       ome.security.basic.CurrentDetails] (.Server-14) Adding log:INSERT,class ome.model.display.ChannelBinding,2262
2023-10-23 00:38:08,492 INFO  [       ome.security.basic.CurrentDetails] (.Server-14) Adding log:INSERT,class ome.model.display.ChannelBinding,2263
2023-10-23 00:38:08,493 INFO  [       ome.security.basic.CurrentDetails] (.Server-14) Adding log:INSERT,class ome.model.display.ChannelBinding,2264
2023-10-23 00:38:08,493 INFO  [       ome.security.basic.CurrentDetails] (.Server-14) Adding log:INSERT,class ome.model.display.ChannelBinding,2265
2023-10-23 00:38:08,493 INFO  [       ome.security.basic.CurrentDetails] (.Server-14) Adding log:INSERT,class ome.model.display.ChannelBinding,2266
2023-10-23 00:38:08,503 INFO  [                 org.perf4j.TimingLogger] (.Server-14) start[1698021488466] time[37] tag[omero.resetDefaultsInSet.saveAndReturn]
2023-10-23 00:38:08,503 INFO  [                 org.perf4j.TimingLogger] (.Server-14) start[1698021488378] time[125] tag[omero.resetDefaultsInSet]
2023-10-23 00:38:08,510 INFO  [                 org.perf4j.TimingLogger] (.Server-14) start[1698021488373] time[136] tag[omero.call.success.ome.logic.RenderingSettingsImpl.resetDefaultsInSet]
2023-10-23 00:38:08,512 INFO  [    ome.security.basic.BasicEventContext] (l.Server-6)  cctx:	group=0
2023-10-23 00:38:08,518 INFO  [         ome.security.basic.EventHandler] (l.Server-6)  Auth:	user=0,group=0,event=139022(User),sess=1d451b7e-6b08-4e47-85c5-6edd5995961c
2023-10-23 00:38:08,520 INFO  [                 org.perf4j.TimingLogger] (l.Server-6) start[1698021488518] time[2] tag[omero.bulkLoadRenderingSettings]
2023-10-23 00:38:08,521 INFO  [                 org.perf4j.TimingLogger] (l.Server-6) start[1698021488521] time[0] tag[omero.createAndPrepareMissingRenderingSettings]
2023-10-23 00:38:08,523 INFO  [                 org.perf4j.TimingLogger] (l.Server-6) start[1698021488521] time[1] tag[omero.bulkLoadMetadata]
2023-10-23 00:38:08,524 INFO  [                 org.perf4j.TimingLogger] (l.Server-6) start[1698021488521] time[2] tag[omero.loadMetadataByDimensionPool]
2023-10-23 00:38:08,525 INFO  [       ome.security.basic.CurrentDetails] (l.Server-6) Adding log:INSERT,class ome.model.display.Thumbnail,354
2023-10-23 00:38:08,527 INFO  [                 org.perf4j.TimingLogger] (l.Server-6) start[1698021488526] time[0] tag[omero.bulkLoadMetadata]
2023-10-23 00:38:08,527 INFO  [                 org.perf4j.TimingLogger] (l.Server-6) start[1698021488526] time[0] tag[omero.loadMetadataByDimensionPool]
2023-10-23 00:38:08,527 INFO  [                 org.perf4j.TimingLogger] (l.Server-6) start[1698021488524] time[3] tag[omero.createMissingThumbnailMetadata]
2023-10-23 00:38:08,528 INFO  [    ome.security.basic.BasicEventContext] (l.Server-6)  cctx:	group=0
2023-10-23 00:38:08,532 INFO  [         ome.security.basic.EventHandler] (l.Server-6)  Auth:	user=0,group=0,event=139023(User),sess=1d451b7e-6b08-4e47-85c5-6edd5995961c
2023-10-23 00:38:08,533 INFO  [                 org.perf4j.TimingLogger] (l.Server-6) start[1698021488533] time[0] tag[omero._createThumbnail(thumbMetaData)]
2023-10-23 00:38:08,556 DEBUG [                   loci.formats.Memoizer] (l.Server-6) loaded memo file: /OMERO/BioFormatsCache/OMERO/ManagedRepository/root_0/2023-10/23/00-38-05.581/.HP-241207_IMC_220725-160200_SSF-SO_ROI_002_16bit.ome.tiff.bfmemo (42241 bytes)
2023-10-23 00:38:08,556 DEBUG [                   loci.formats.Memoizer] (l.Server-6) start[1698021488546] time[10] tag[loci.formats.Memoizer.loadMemo]
2023-10-23 00:38:08,556 DEBUG [                   loci.formats.Memoizer] (l.Server-6) start[1698021488546] time[10] tag[loci.formats.Memoizer.setId]
2023-10-23 00:38:08,559 INFO  [       ome.logic.JavaImageScalingService] (l.Server-6) Scaling to: 96x96
2023-10-23 00:38:08,565 INFO  [                 org.perf4j.TimingLogger] (l.Server-6) start[1698021488559] time[6] tag[java-image-scaling.resampleOp]
2023-10-23 00:38:08,568 INFO  [                 org.perf4j.TimingLogger] (l.Server-6) start[1698021488533] time[34] tag[omero._createThumbnail]
2023-10-23 00:38:08,575 INFO  [                 org.perf4j.TimingLogger] (l.Server-6) start[1698021488511] time[63] tag[omero.call.success.ome.services.ThumbnailBean.createThumbnailsByLongestSideSet]
2023-10-23 00:38:08,575 INFO  [                 org.perf4j.TimingLogger] (2-thread-4) start[1698021488372] time[202] tag[omero.import.request.thumbs]
2023-10-23 00:38:08,576 INFO  [    ome.security.basic.BasicEventContext] (.Server-12)  cctx:	group=0
2023-10-23 00:38:08,576 INFO  [         ome.security.basic.EventHandler] (.Server-12)  Auth:	user=0,group=0,event=null(User),sess=1d451b7e-6b08-4e47-85c5-6edd5995961c
2023-10-23 00:38:08,577 INFO  [                 org.perf4j.TimingLogger] (.Server-12) start[1698021488575] time[1] tag[omero.call.success.ome.logic.QueryImpl.get]
2023-10-23 00:38:08,578 INFO  [    ome.security.basic.BasicEventContext] (.Server-11)  cctx:	group=0
2023-10-23 00:38:08,581 INFO  [         ome.security.basic.EventHandler] (.Server-11)  Auth:	user=0,group=0,event=139024(User),sess=1d451b7e-6b08-4e47-85c5-6edd5995961c
2023-10-23 00:38:08,583 INFO  [       ome.security.basic.CurrentDetails] (.Server-11) Adding log:UPDATE,class ome.model.core.OriginalFile,6748
2023-10-23 00:38:08,586 INFO  [                 org.perf4j.TimingLogger] (.Server-11) start[1698021488578] time[8] tag[omero.call.success.ome.logic.UpdateImpl.saveObject]
2023-10-23 00:38:08,587 INFO  [                 org.perf4j.TimingLogger] (2-thread-4) start[1698021488372] time[214] tag[omero.import.request.step]
2023-10-23 00:38:08,587 DEBUG [    o.s.blitz.repo.ManagedImportRequestI] (2-thread-4) Step 3
2023-10-23 00:38:08,588 INFO  [    ome.security.basic.BasicEventContext] (.Server-13)  cctx:	group=0
2023-10-23 00:38:08,589 INFO  [         ome.security.basic.EventHandler] (.Server-13)  Auth:	user=0,group=0,event=null(User),sess=1d451b7e-6b08-4e47-85c5-6edd5995961c
2023-10-23 00:38:08,589 INFO  [                 org.perf4j.TimingLogger] (.Server-13) start[1698021488587] time[2] tag[omero.call.success.ome.services.blitz.impl.MetadataStoreI$6.doWork]
2023-10-23 00:38:08,590 INFO  [    ome.security.basic.BasicEventContext] (.Server-14)  cctx:	group=0
2023-10-23 00:38:08,591 INFO  [         ome.security.basic.EventHandler] (.Server-14)  Auth:	user=0,group=0,event=null(User),sess=1d451b7e-6b08-4e47-85c5-6edd5995961c
2023-10-23 00:38:08,592 INFO  [                 org.perf4j.TimingLogger] (.Server-14) start[1698021488590] time[2] tag[omero.call.success.ome.logic.QueryImpl.get]
2023-10-23 00:38:08,594 INFO  [    ome.security.basic.BasicEventContext] (l.Server-2)  cctx:	group=0
2023-10-23 00:38:08,598 INFO  [         ome.security.basic.EventHandler] (l.Server-2)  Auth:	user=0,group=0,event=139025(User),sess=1d451b7e-6b08-4e47-85c5-6edd5995961c
2023-10-23 00:38:08,600 INFO  [       ome.security.basic.CurrentDetails] (l.Server-2) Adding log:UPDATE,class ome.model.core.OriginalFile,6748
2023-10-23 00:38:08,605 INFO  [                 org.perf4j.TimingLogger] (l.Server-2) start[1698021488593] time[11] tag[omero.call.success.ome.logic.UpdateImpl.saveObject]
2023-10-23 00:38:08,605 INFO  [                 org.perf4j.TimingLogger] (2-thread-4) start[1698021488587] time[18] tag[omero.import.request.step]
2023-10-23 00:38:08,605 DEBUG [    o.s.blitz.repo.ManagedImportRequestI] (2-thread-4) Step 4
2023-10-23 00:38:08,607 INFO  [    ome.security.basic.BasicEventContext] (l.Server-6)  cctx:	group=0
2023-10-23 00:38:08,608 INFO  [         ome.security.basic.EventHandler] (l.Server-6)  Auth:	user=0,group=0,event=null(User),sess=1d451b7e-6b08-4e47-85c5-6edd5995961c
2023-10-23 00:38:08,610 INFO  [                 org.perf4j.TimingLogger] (l.Server-6) start[1698021488606] time[3] tag[omero.call.success.ome.logic.QueryImpl.get]
2023-10-23 00:38:08,611 INFO  [    ome.security.basic.BasicEventContext] (.Server-12)  cctx:	group=0
2023-10-23 00:38:08,616 INFO  [         ome.security.basic.EventHandler] (.Server-12)  Auth:	user=0,group=0,event=139026(User),sess=1d451b7e-6b08-4e47-85c5-6edd5995961c
2023-10-23 00:38:08,619 INFO  [       ome.security.basic.CurrentDetails] (.Server-12) Adding log:UPDATE,class ome.model.core.OriginalFile,6748
2023-10-23 00:38:08,623 INFO  [                 org.perf4j.TimingLogger] (.Server-12) start[1698021488610] time[13] tag[omero.call.success.ome.logic.UpdateImpl.saveObject]
2023-10-23 00:38:08,623 INFO  [                 org.perf4j.TimingLogger] (2-thread-4) start[1698021488605] time[18] tag[omero.import.request.step]
2023-10-23 00:38:08,628 INFO  [    ome.security.basic.BasicEventContext] (.Server-11)  cctx:	group=0
2023-10-23 00:38:08,635 INFO  [         ome.security.basic.EventHandler] (.Server-11)  Auth:	user=0,group=0,event=139027(User),sess=1d451b7e-6b08-4e47-85c5-6edd5995961c
2023-10-23 00:38:08,638 INFO  [                 org.perf4j.TimingLogger] (.Server-11) start[1698021488627] time[10] tag[omero.call.success.ome.services.RawFileBean.close]
2023-10-23 00:38:08,638 DEBUG [                omero.util.ServantHolder] (.Server-11) Removed omero.api._RawFileStoreTie@a380017d from omero.util.ServantHolder@653627b9 as fe161d3e-f70f-4d61-b8ff-6335b032f614omero.api.RawFileStore
2023-10-23 00:38:08,638 INFO  [                      omero.cmd.SessionI] (.Server-11) Unregistered servant:1d451b7e-6b08-4e47-85c5-6edd5995961c/fe161d3e-f70f-4d61-b8ff-6335b032f614omero.api.RawFileStore(omero.api._RawFileStoreTie@a380017d)
2023-10-23 00:38:08,640 INFO  [    ome.security.basic.BasicEventContext] (.Server-14)  cctx:	group=0
2023-10-23 00:38:08,644 INFO  [         ome.security.basic.EventHandler] (.Server-14)  Auth:	user=0,group=0,event=139028(User),sess=1d451b7e-6b08-4e47-85c5-6edd5995961c
2023-10-23 00:38:08,647 INFO  [                 org.perf4j.TimingLogger] (.Server-14) start[1698021488638] time[8] tag[omero.call.success.ome.services.RawPixelsBean.close]
2023-10-23 00:38:08,647 DEBUG [                omero.util.ServantHolder] (.Server-14) Removed omero.api._RawPixelsStoreTie@f2a42620 from omero.util.ServantHolder@653627b9 as e2847e62-14e6-4603-9036-6b86628f10c1omero.api.RawPixelsStore
2023-10-23 00:38:08,647 INFO  [                      omero.cmd.SessionI] (.Server-14) Unregistered servant:1d451b7e-6b08-4e47-85c5-6edd5995961c/e2847e62-14e6-4603-9036-6b86628f10c1omero.api.RawPixelsStore(omero.api._RawPixelsStoreTie@f2a42620)
2023-10-23 00:38:08,648 INFO  [    ome.security.basic.BasicEventContext] (l.Server-2)  cctx:	group=0
2023-10-23 00:38:08,649 INFO  [         ome.security.basic.EventHandler] (l.Server-2)  Auth:	user=0,group=0,event=null(User),sess=1d451b7e-6b08-4e47-85c5-6edd5995961c
2023-10-23 00:38:08,649 INFO  [                 org.perf4j.TimingLogger] (l.Server-2) start[1698021488647] time[2] tag[omero.call.success.ome.services.ThumbnailBean.close]
2023-10-23 00:38:08,649 DEBUG [                omero.util.ServantHolder] (l.Server-2) Removed omero.api._ThumbnailStoreTie@4fb3dd4 from omero.util.ServantHolder@653627b9 as 33211344-8b77-4e5a-8cf8-86040ba34e25omero.api.ThumbnailStore
2023-10-23 00:38:08,649 INFO  [                      omero.cmd.SessionI] (l.Server-2) Unregistered servant:1d451b7e-6b08-4e47-85c5-6edd5995961c/33211344-8b77-4e5a-8cf8-86040ba34e25omero.api.ThumbnailStore(omero.api._ThumbnailStoreTie@4fb3dd4)
2023-10-23 00:38:08,650 DEBUG [                omero.util.ServantHolder] (l.Server-6) Removed omero.api._MetadataStoreTie@157856f9 from omero.util.ServantHolder@653627b9 as b6362882-9e64-40d0-be89-b33476558411omero.api.MetadataStore
2023-10-23 00:38:08,650 INFO  [                      omero.cmd.SessionI] (l.Server-6) Unregistered servant:1d451b7e-6b08-4e47-85c5-6edd5995961c/b6362882-9e64-40d0-be89-b33476558411omero.api.MetadataStore(omero.api._MetadataStoreTie@157856f9)
2023-10-23 00:38:08,650 INFO  [    o.s.blitz.repo.ManagedImportRequestI] (2-thread-4) Cleaning up import.
2023-10-23 00:38:08,653 INFO  [         ome.security.basic.EventHandler] (.Server-13)  Auth:	user=0,group=0,event=null(User),sess=1d451b7e-6b08-4e47-85c5-6edd5995961c
2023-10-23 00:38:08,654 INFO  [                 org.perf4j.TimingLogger] (.Server-13) start[1698021488652] time[1] tag[omero.call.success.ome.logic.QueryImpl.get]
2023-10-23 00:38:08,664 INFO  [         ome.security.basic.EventHandler] (.Server-14)  Auth:	user=0,group=0,event=139029(User),sess=1d451b7e-6b08-4e47-85c5-6edd5995961c
2023-10-23 00:38:08,666 INFO  [       ome.security.basic.CurrentDetails] (.Server-14) Adding log:UPDATE,class ome.model.core.OriginalFile,6748
2023-10-23 00:38:08,671 INFO  [                 org.perf4j.TimingLogger] (.Server-14) start[1698021488658] time[12] tag[omero.call.success.ome.logic.UpdateImpl.saveObject]
